[2021-11-29 12:37:53,159] {taskinstance.py:876} INFO - Dependencies all met for <TaskInstance: parallel_dag.task_3 2020-03-20T00:00:00+00:00 [queued]>
[2021-11-29 12:37:53,553] {taskinstance.py:876} INFO - Dependencies all met for <TaskInstance: parallel_dag.task_3 2020-03-20T00:00:00+00:00 [queued]>
[2021-11-29 12:37:53,554] {taskinstance.py:1067} INFO - 
--------------------------------------------------------------------------------
[2021-11-29 12:37:53,554] {taskinstance.py:1068} INFO - Starting attempt 1 of 1
[2021-11-29 12:37:53,554] {taskinstance.py:1069} INFO - 
--------------------------------------------------------------------------------
[2021-11-29 12:37:53,730] {taskinstance.py:1087} INFO - Executing <Task(BashOperator): task_3> on 2020-03-20T00:00:00+00:00
[2021-11-29 12:37:53,808] {standard_task_runner.py:52} INFO - Started process 164368 to run task
[2021-11-29 12:37:53,829] {standard_task_runner.py:76} INFO - Running: ['airflow', 'tasks', 'run', 'parallel_dag', 'task_3', '2020-03-20T00:00:00+00:00', '--job-id', '506', '--pool', 'default_pool', '--raw', '--subdir', 'DAGS_FOLDER/parallel_dag.py', '--cfg-path', '/tmp/tmpcu91igzz', '--error-file', '/tmp/tmpdgopdpsy']
[2021-11-29 12:37:54,016] {standard_task_runner.py:77} INFO - Job 506: Subtask task_3
[2021-11-29 12:37:55,197] {logging_mixin.py:104} INFO - Running <TaskInstance: parallel_dag.task_3 2020-03-20T00:00:00+00:00 [running]> on host airflowvm
[2021-11-29 12:37:56,859] {taskinstance.py:1280} INFO - Exporting the following env vars:
AIRFLOW_CTX_DAG_OWNER=airflow
AIRFLOW_CTX_DAG_ID=parallel_dag
AIRFLOW_CTX_TASK_ID=task_3
AIRFLOW_CTX_EXECUTION_DATE=2020-03-20T00:00:00+00:00
AIRFLOW_CTX_DAG_RUN_ID=scheduled__2020-03-20T00:00:00+00:00
[2021-11-29 12:37:56,859] {subprocess.py:52} INFO - Tmp dir root location: 
 /tmp
[2021-11-29 12:37:56,860] {subprocess.py:63} INFO - Running command: ['bash', '-c', 'sleep 3']
[2021-11-29 12:37:57,230] {subprocess.py:75} INFO - Output:
[2021-11-29 12:38:00,398] {subprocess.py:83} INFO - Command exited with return code 0
[2021-11-29 12:38:01,177] {taskinstance.py:1184} INFO - Marking task as SUCCESS. dag_id=parallel_dag, task_id=task_3, execution_date=20200320T000000, start_date=20211129T123753, end_date=20211129T123801
[2021-11-29 12:38:03,554] {taskinstance.py:1245} INFO - 0 downstream tasks scheduled from follow-on schedule check
[2021-11-29 12:38:03,829] {local_task_job.py:151} INFO - Task exited with return code 0
