[2021-11-29 12:23:00,614] {taskinstance.py:876} INFO - Dependencies all met for <TaskInstance: parallel_dag.task_3 2020-01-02T00:00:00+00:00 [queued]>
[2021-11-29 12:23:00,633] {taskinstance.py:876} INFO - Dependencies all met for <TaskInstance: parallel_dag.task_3 2020-01-02T00:00:00+00:00 [queued]>
[2021-11-29 12:23:00,633] {taskinstance.py:1067} INFO - 
--------------------------------------------------------------------------------
[2021-11-29 12:23:00,633] {taskinstance.py:1068} INFO - Starting attempt 2 of 2
[2021-11-29 12:23:00,634] {taskinstance.py:1069} INFO - 
--------------------------------------------------------------------------------
[2021-11-29 12:23:00,644] {taskinstance.py:1087} INFO - Executing <Task(BashOperator): task_3> on 2020-01-02T00:00:00+00:00
[2021-11-29 12:23:00,647] {standard_task_runner.py:52} INFO - Started process 119389 to run task
[2021-11-29 12:23:00,656] {standard_task_runner.py:76} INFO - Running: ['airflow', 'tasks', 'run', 'parallel_dag', 'task_3', '2020-01-02T00:00:00+00:00', '--job-id', '114', '--pool', 'default_pool', '--raw', '--subdir', 'DAGS_FOLDER/parallel_dag.py', '--cfg-path', '/tmp/tmp7f71ah_j', '--error-file', '/tmp/tmphn0jg2ow']
[2021-11-29 12:23:00,657] {standard_task_runner.py:77} INFO - Job 114: Subtask task_3
[2021-11-29 12:23:00,780] {logging_mixin.py:104} INFO - Running <TaskInstance: parallel_dag.task_3 2020-01-02T00:00:00+00:00 [running]> on host airflowvm
[2021-11-29 12:23:00,993] {taskinstance.py:1280} INFO - Exporting the following env vars:
AIRFLOW_CTX_DAG_OWNER=airflow
AIRFLOW_CTX_DAG_ID=parallel_dag
AIRFLOW_CTX_TASK_ID=task_3
AIRFLOW_CTX_EXECUTION_DATE=2020-01-02T00:00:00+00:00
AIRFLOW_CTX_DAG_RUN_ID=scheduled__2020-01-02T00:00:00+00:00
[2021-11-29 12:23:00,996] {subprocess.py:52} INFO - Tmp dir root location: 
 /tmp
[2021-11-29 12:23:00,996] {subprocess.py:63} INFO - Running command: ['bash', '-c', 'sleep 3']
[2021-11-29 12:23:01,011] {subprocess.py:75} INFO - Output:
[2021-11-29 12:23:04,041] {subprocess.py:83} INFO - Command exited with return code 0
[2021-11-29 12:23:04,151] {taskinstance.py:1184} INFO - Marking task as SUCCESS. dag_id=parallel_dag, task_id=task_3, execution_date=20200102T000000, start_date=20211129T122300, end_date=20211129T122304
[2021-11-29 12:23:04,337] {taskinstance.py:1245} INFO - 0 downstream tasks scheduled from follow-on schedule check
[2021-11-29 12:23:04,377] {local_task_job.py:151} INFO - Task exited with return code 0
