[2021-11-29 12:32:21,145] {taskinstance.py:876} INFO - Dependencies all met for <TaskInstance: parallel_dag.task_3 2020-01-02T00:00:00+00:00 [queued]>
[2021-11-29 12:32:21,509] {taskinstance.py:876} INFO - Dependencies all met for <TaskInstance: parallel_dag.task_3 2020-01-02T00:00:00+00:00 [queued]>
[2021-11-29 12:32:21,521] {taskinstance.py:1067} INFO - 
--------------------------------------------------------------------------------
[2021-11-29 12:32:21,559] {taskinstance.py:1068} INFO - Starting attempt 3 of 3
[2021-11-29 12:32:21,560] {taskinstance.py:1069} INFO - 
--------------------------------------------------------------------------------
[2021-11-29 12:32:21,750] {taskinstance.py:1087} INFO - Executing <Task(BashOperator): task_3> on 2020-01-02T00:00:00+00:00
[2021-11-29 12:32:21,878] {standard_task_runner.py:76} INFO - Running: ['airflow', 'tasks', 'run', 'parallel_dag', 'task_3', '2020-01-02T00:00:00+00:00', '--job-id', '268', '--pool', 'default_pool', '--raw', '--subdir', 'DAGS_FOLDER/parallel_dag.py', '--cfg-path', '/tmp/tmp3lfqiqz_', '--error-file', '/tmp/tmpj9awlmhi']
[2021-11-29 12:32:21,879] {standard_task_runner.py:77} INFO - Job 268: Subtask task_3
[2021-11-29 12:32:21,917] {standard_task_runner.py:52} INFO - Started process 143958 to run task
[2021-11-29 12:32:23,294] {logging_mixin.py:104} INFO - Running <TaskInstance: parallel_dag.task_3 2020-01-02T00:00:00+00:00 [running]> on host airflowvm
[2021-11-29 12:32:24,224] {taskinstance.py:1280} INFO - Exporting the following env vars:
AIRFLOW_CTX_DAG_OWNER=airflow
AIRFLOW_CTX_DAG_ID=parallel_dag
AIRFLOW_CTX_TASK_ID=task_3
AIRFLOW_CTX_EXECUTION_DATE=2020-01-02T00:00:00+00:00
AIRFLOW_CTX_DAG_RUN_ID=scheduled__2020-01-02T00:00:00+00:00
[2021-11-29 12:32:24,225] {subprocess.py:52} INFO - Tmp dir root location: 
 /tmp
[2021-11-29 12:32:24,312] {subprocess.py:63} INFO - Running command: ['bash', '-c', 'sleep 3']
[2021-11-29 12:32:24,476] {subprocess.py:75} INFO - Output:
[2021-11-29 12:32:27,687] {subprocess.py:83} INFO - Command exited with return code 0
[2021-11-29 12:32:28,173] {taskinstance.py:1184} INFO - Marking task as SUCCESS. dag_id=parallel_dag, task_id=task_3, execution_date=20200102T000000, start_date=20211129T123221, end_date=20211129T123228
[2021-11-29 12:32:31,187] {taskinstance.py:1245} INFO - 0 downstream tasks scheduled from follow-on schedule check
[2021-11-29 12:32:31,230] {local_task_job.py:151} INFO - Task exited with return code 0
