[2021-12-01 05:55:37,225] {taskinstance.py:876} INFO - Dependencies all met for <TaskInstance: parallel_dag.task_4 2021-11-30T00:00:00+00:00 [queued]>
[2021-12-01 05:55:37,335] {taskinstance.py:876} INFO - Dependencies all met for <TaskInstance: parallel_dag.task_4 2021-11-30T00:00:00+00:00 [queued]>
[2021-12-01 05:55:37,337] {taskinstance.py:1067} INFO - 
--------------------------------------------------------------------------------
[2021-12-01 05:55:37,338] {taskinstance.py:1068} INFO - Starting attempt 1 of 1
[2021-12-01 05:55:37,340] {taskinstance.py:1069} INFO - 
--------------------------------------------------------------------------------
[2021-12-01 05:55:37,377] {taskinstance.py:1087} INFO - Executing <Task(BashOperator): task_4> on 2021-11-30T00:00:00+00:00
[2021-12-01 05:55:37,384] {standard_task_runner.py:52} INFO - Started process 243933 to run task
[2021-12-01 05:55:37,418] {standard_task_runner.py:76} INFO - Running: ['airflow', 'tasks', 'run', 'parallel_dag', 'task_4', '2021-11-30T00:00:00+00:00', '--job-id', '695', '--pool', 'default_pool', '--raw', '--subdir', 'DAGS_FOLDER/parallel_dag.py', '--cfg-path', '/tmp/tmpedtei552', '--error-file', '/tmp/tmpqdedsqu2']
[2021-12-01 05:55:37,421] {standard_task_runner.py:77} INFO - Job 695: Subtask task_4
[2021-12-01 05:55:37,598] {logging_mixin.py:104} INFO - Running <TaskInstance: parallel_dag.task_4 2021-11-30T00:00:00+00:00 [running]> on host airflowvm
[2021-12-01 05:55:37,825] {taskinstance.py:1280} INFO - Exporting the following env vars:
AIRFLOW_CTX_DAG_OWNER=airflow
AIRFLOW_CTX_DAG_ID=parallel_dag
AIRFLOW_CTX_TASK_ID=task_4
AIRFLOW_CTX_EXECUTION_DATE=2021-11-30T00:00:00+00:00
AIRFLOW_CTX_DAG_RUN_ID=scheduled__2021-11-30T00:00:00+00:00
[2021-12-01 05:55:37,827] {subprocess.py:52} INFO - Tmp dir root location: 
 /tmp
[2021-12-01 05:55:37,828] {subprocess.py:63} INFO - Running command: ['bash', '-c', 'sleep 3']
[2021-12-01 05:55:37,841] {subprocess.py:75} INFO - Output:
[2021-12-01 05:55:40,850] {subprocess.py:83} INFO - Command exited with return code 0
[2021-12-01 05:55:40,894] {taskinstance.py:1184} INFO - Marking task as SUCCESS. dag_id=parallel_dag, task_id=task_4, execution_date=20211130T000000, start_date=20211201T055537, end_date=20211201T055540
[2021-12-01 05:55:40,942] {taskinstance.py:1245} INFO - 0 downstream tasks scheduled from follow-on schedule check
[2021-12-01 05:55:40,976] {local_task_job.py:151} INFO - Task exited with return code 0
