[2021-12-02 08:02:08,552] {scheduler_job.py:182} INFO - Started process (PID=272780) to work on /home/airflow/airflow/dags/parallel_dag.py
[2021-12-02 08:02:08,553] {scheduler_job.py:633} INFO - Processing file /home/airflow/airflow/dags/parallel_dag.py for tasks to queue
[2021-12-02 08:02:08,554] {logging_mixin.py:104} INFO - [2021-12-02 08:02:08,554] {dagbag.py:487} INFO - Filling up the DagBag from /home/airflow/airflow/dags/parallel_dag.py
[2021-12-02 08:02:08,571] {scheduler_job.py:643} INFO - DAG(s) dict_keys(['parallel_dag']) retrieved from /home/airflow/airflow/dags/parallel_dag.py
[2021-12-02 08:02:08,734] {logging_mixin.py:104} INFO - [2021-12-02 08:02:08,734] {dag.py:1832} INFO - Sync 1 DAGs
[2021-12-02 08:02:08,828] {logging_mixin.py:104} INFO - [2021-12-02 08:02:08,828] {dag.py:2305} INFO - Setting next_dagrun for parallel_dag to 2021-12-01 00:00:00+00:00
[2021-12-02 08:02:08,950] {scheduler_job.py:190} INFO - Processing /home/airflow/airflow/dags/parallel_dag.py took 0.408 seconds
[2021-12-02 08:02:39,108] {scheduler_job.py:182} INFO - Started process (PID=273115) to work on /home/airflow/airflow/dags/parallel_dag.py
[2021-12-02 08:02:39,109] {scheduler_job.py:633} INFO - Processing file /home/airflow/airflow/dags/parallel_dag.py for tasks to queue
[2021-12-02 08:02:39,109] {logging_mixin.py:104} INFO - [2021-12-02 08:02:39,109] {dagbag.py:487} INFO - Filling up the DagBag from /home/airflow/airflow/dags/parallel_dag.py
[2021-12-02 08:02:39,119] {scheduler_job.py:643} INFO - DAG(s) dict_keys(['parallel_dag']) retrieved from /home/airflow/airflow/dags/parallel_dag.py
[2021-12-02 08:02:39,156] {logging_mixin.py:104} INFO - [2021-12-02 08:02:39,156] {dag.py:1832} INFO - Sync 1 DAGs
[2021-12-02 08:02:39,167] {logging_mixin.py:104} INFO - [2021-12-02 08:02:39,167] {dag.py:2305} INFO - Setting next_dagrun for parallel_dag to 2021-12-01 00:00:00+00:00
[2021-12-02 08:02:39,178] {scheduler_job.py:190} INFO - Processing /home/airflow/airflow/dags/parallel_dag.py took 0.072 seconds
[2021-12-02 08:03:09,354] {scheduler_job.py:182} INFO - Started process (PID=273377) to work on /home/airflow/airflow/dags/parallel_dag.py
[2021-12-02 08:03:09,354] {scheduler_job.py:633} INFO - Processing file /home/airflow/airflow/dags/parallel_dag.py for tasks to queue
[2021-12-02 08:03:09,355] {logging_mixin.py:104} INFO - [2021-12-02 08:03:09,355] {dagbag.py:487} INFO - Filling up the DagBag from /home/airflow/airflow/dags/parallel_dag.py
[2021-12-02 08:03:09,374] {scheduler_job.py:643} INFO - DAG(s) dict_keys(['parallel_dag']) retrieved from /home/airflow/airflow/dags/parallel_dag.py
[2021-12-02 08:03:09,414] {logging_mixin.py:104} INFO - [2021-12-02 08:03:09,414] {dag.py:1832} INFO - Sync 1 DAGs
[2021-12-02 08:03:09,431] {logging_mixin.py:104} INFO - [2021-12-02 08:03:09,431] {dag.py:2305} INFO - Setting next_dagrun for parallel_dag to 2021-12-01 00:00:00+00:00
[2021-12-02 08:03:09,447] {scheduler_job.py:190} INFO - Processing /home/airflow/airflow/dags/parallel_dag.py took 0.108 seconds
[2021-12-02 08:03:39,555] {scheduler_job.py:182} INFO - Started process (PID=273385) to work on /home/airflow/airflow/dags/parallel_dag.py
[2021-12-02 08:03:39,556] {scheduler_job.py:633} INFO - Processing file /home/airflow/airflow/dags/parallel_dag.py for tasks to queue
[2021-12-02 08:03:39,557] {logging_mixin.py:104} INFO - [2021-12-02 08:03:39,557] {dagbag.py:487} INFO - Filling up the DagBag from /home/airflow/airflow/dags/parallel_dag.py
[2021-12-02 08:03:39,589] {scheduler_job.py:643} INFO - DAG(s) dict_keys(['parallel_dag']) retrieved from /home/airflow/airflow/dags/parallel_dag.py
[2021-12-02 08:03:39,624] {logging_mixin.py:104} INFO - [2021-12-02 08:03:39,623] {dag.py:1832} INFO - Sync 1 DAGs
[2021-12-02 08:03:39,634] {logging_mixin.py:104} INFO - [2021-12-02 08:03:39,634] {dag.py:2305} INFO - Setting next_dagrun for parallel_dag to 2021-12-01 00:00:00+00:00
[2021-12-02 08:03:39,646] {scheduler_job.py:190} INFO - Processing /home/airflow/airflow/dags/parallel_dag.py took 0.093 seconds
[2021-12-02 08:04:09,770] {scheduler_job.py:182} INFO - Started process (PID=273393) to work on /home/airflow/airflow/dags/parallel_dag.py
[2021-12-02 08:04:09,771] {scheduler_job.py:633} INFO - Processing file /home/airflow/airflow/dags/parallel_dag.py for tasks to queue
[2021-12-02 08:04:09,771] {logging_mixin.py:104} INFO - [2021-12-02 08:04:09,771] {dagbag.py:487} INFO - Filling up the DagBag from /home/airflow/airflow/dags/parallel_dag.py
[2021-12-02 08:04:09,785] {scheduler_job.py:643} INFO - DAG(s) dict_keys(['parallel_dag']) retrieved from /home/airflow/airflow/dags/parallel_dag.py
[2021-12-02 08:04:09,831] {logging_mixin.py:104} INFO - [2021-12-02 08:04:09,831] {dag.py:1832} INFO - Sync 1 DAGs
[2021-12-02 08:04:09,844] {logging_mixin.py:104} INFO - [2021-12-02 08:04:09,844] {dag.py:2305} INFO - Setting next_dagrun for parallel_dag to 2021-12-01 00:00:00+00:00
[2021-12-02 08:04:09,853] {scheduler_job.py:190} INFO - Processing /home/airflow/airflow/dags/parallel_dag.py took 0.086 seconds
[2021-12-02 08:04:39,998] {scheduler_job.py:182} INFO - Started process (PID=273401) to work on /home/airflow/airflow/dags/parallel_dag.py
[2021-12-02 08:04:40,008] {scheduler_job.py:633} INFO - Processing file /home/airflow/airflow/dags/parallel_dag.py for tasks to queue
[2021-12-02 08:04:40,008] {logging_mixin.py:104} INFO - [2021-12-02 08:04:40,008] {dagbag.py:487} INFO - Filling up the DagBag from /home/airflow/airflow/dags/parallel_dag.py
[2021-12-02 08:04:40,014] {scheduler_job.py:643} INFO - DAG(s) dict_keys(['parallel_dag']) retrieved from /home/airflow/airflow/dags/parallel_dag.py
[2021-12-02 08:04:40,058] {logging_mixin.py:104} INFO - [2021-12-02 08:04:40,058] {dag.py:1832} INFO - Sync 1 DAGs
[2021-12-02 08:04:40,073] {logging_mixin.py:104} INFO - [2021-12-02 08:04:40,073] {dag.py:2305} INFO - Setting next_dagrun for parallel_dag to 2021-12-01 00:00:00+00:00
[2021-12-02 08:04:40,083] {scheduler_job.py:190} INFO - Processing /home/airflow/airflow/dags/parallel_dag.py took 0.095 seconds
[2021-12-02 08:05:10,174] {scheduler_job.py:182} INFO - Started process (PID=273411) to work on /home/airflow/airflow/dags/parallel_dag.py
[2021-12-02 08:05:10,174] {scheduler_job.py:633} INFO - Processing file /home/airflow/airflow/dags/parallel_dag.py for tasks to queue
[2021-12-02 08:05:10,175] {logging_mixin.py:104} INFO - [2021-12-02 08:05:10,175] {dagbag.py:487} INFO - Filling up the DagBag from /home/airflow/airflow/dags/parallel_dag.py
[2021-12-02 08:05:10,194] {scheduler_job.py:643} INFO - DAG(s) dict_keys(['parallel_dag']) retrieved from /home/airflow/airflow/dags/parallel_dag.py
[2021-12-02 08:05:10,244] {logging_mixin.py:104} INFO - [2021-12-02 08:05:10,244] {dag.py:1832} INFO - Sync 1 DAGs
[2021-12-02 08:05:10,255] {logging_mixin.py:104} INFO - [2021-12-02 08:05:10,254] {dag.py:2305} INFO - Setting next_dagrun for parallel_dag to 2021-12-01 00:00:00+00:00
[2021-12-02 08:05:10,263] {scheduler_job.py:190} INFO - Processing /home/airflow/airflow/dags/parallel_dag.py took 0.093 seconds
[2021-12-02 08:05:40,377] {scheduler_job.py:182} INFO - Started process (PID=273418) to work on /home/airflow/airflow/dags/parallel_dag.py
[2021-12-02 08:05:40,377] {scheduler_job.py:633} INFO - Processing file /home/airflow/airflow/dags/parallel_dag.py for tasks to queue
[2021-12-02 08:05:40,378] {logging_mixin.py:104} INFO - [2021-12-02 08:05:40,378] {dagbag.py:487} INFO - Filling up the DagBag from /home/airflow/airflow/dags/parallel_dag.py
[2021-12-02 08:05:40,400] {scheduler_job.py:643} INFO - DAG(s) dict_keys(['parallel_dag']) retrieved from /home/airflow/airflow/dags/parallel_dag.py
[2021-12-02 08:05:40,449] {logging_mixin.py:104} INFO - [2021-12-02 08:05:40,449] {dag.py:1832} INFO - Sync 1 DAGs
[2021-12-02 08:05:40,462] {logging_mixin.py:104} INFO - [2021-12-02 08:05:40,462] {dag.py:2305} INFO - Setting next_dagrun for parallel_dag to 2021-12-01 00:00:00+00:00
[2021-12-02 08:05:40,472] {scheduler_job.py:190} INFO - Processing /home/airflow/airflow/dags/parallel_dag.py took 0.098 seconds
[2021-12-02 08:06:10,576] {scheduler_job.py:182} INFO - Started process (PID=273427) to work on /home/airflow/airflow/dags/parallel_dag.py
[2021-12-02 08:06:10,576] {scheduler_job.py:633} INFO - Processing file /home/airflow/airflow/dags/parallel_dag.py for tasks to queue
[2021-12-02 08:06:10,577] {logging_mixin.py:104} INFO - [2021-12-02 08:06:10,577] {dagbag.py:487} INFO - Filling up the DagBag from /home/airflow/airflow/dags/parallel_dag.py
[2021-12-02 08:06:10,597] {scheduler_job.py:643} INFO - DAG(s) dict_keys(['parallel_dag']) retrieved from /home/airflow/airflow/dags/parallel_dag.py
[2021-12-02 08:06:10,645] {logging_mixin.py:104} INFO - [2021-12-02 08:06:10,645] {dag.py:1832} INFO - Sync 1 DAGs
[2021-12-02 08:06:10,658] {logging_mixin.py:104} INFO - [2021-12-02 08:06:10,658] {dag.py:2305} INFO - Setting next_dagrun for parallel_dag to 2021-12-01 00:00:00+00:00
[2021-12-02 08:06:10,666] {scheduler_job.py:190} INFO - Processing /home/airflow/airflow/dags/parallel_dag.py took 0.093 seconds
[2021-12-02 08:06:40,766] {scheduler_job.py:182} INFO - Started process (PID=273435) to work on /home/airflow/airflow/dags/parallel_dag.py
[2021-12-02 08:06:40,767] {scheduler_job.py:633} INFO - Processing file /home/airflow/airflow/dags/parallel_dag.py for tasks to queue
[2021-12-02 08:06:40,767] {logging_mixin.py:104} INFO - [2021-12-02 08:06:40,767] {dagbag.py:487} INFO - Filling up the DagBag from /home/airflow/airflow/dags/parallel_dag.py
[2021-12-02 08:06:40,789] {scheduler_job.py:643} INFO - DAG(s) dict_keys(['parallel_dag']) retrieved from /home/airflow/airflow/dags/parallel_dag.py
[2021-12-02 08:06:40,827] {logging_mixin.py:104} INFO - [2021-12-02 08:06:40,827] {dag.py:1832} INFO - Sync 1 DAGs
[2021-12-02 08:06:40,839] {logging_mixin.py:104} INFO - [2021-12-02 08:06:40,839] {dag.py:2305} INFO - Setting next_dagrun for parallel_dag to 2021-12-01 00:00:00+00:00
[2021-12-02 08:06:40,846] {scheduler_job.py:190} INFO - Processing /home/airflow/airflow/dags/parallel_dag.py took 0.083 seconds
[2021-12-02 08:07:10,984] {scheduler_job.py:182} INFO - Started process (PID=273444) to work on /home/airflow/airflow/dags/parallel_dag.py
[2021-12-02 08:07:10,999] {scheduler_job.py:633} INFO - Processing file /home/airflow/airflow/dags/parallel_dag.py for tasks to queue
[2021-12-02 08:07:10,999] {logging_mixin.py:104} INFO - [2021-12-02 08:07:10,999] {dagbag.py:487} INFO - Filling up the DagBag from /home/airflow/airflow/dags/parallel_dag.py
[2021-12-02 08:07:11,010] {scheduler_job.py:643} INFO - DAG(s) dict_keys(['parallel_dag']) retrieved from /home/airflow/airflow/dags/parallel_dag.py
[2021-12-02 08:07:11,050] {logging_mixin.py:104} INFO - [2021-12-02 08:07:11,050] {dag.py:1832} INFO - Sync 1 DAGs
[2021-12-02 08:07:11,067] {logging_mixin.py:104} INFO - [2021-12-02 08:07:11,067] {dag.py:2305} INFO - Setting next_dagrun for parallel_dag to 2021-12-01 00:00:00+00:00
[2021-12-02 08:07:11,083] {scheduler_job.py:190} INFO - Processing /home/airflow/airflow/dags/parallel_dag.py took 0.110 seconds
[2021-12-02 08:07:41,211] {scheduler_job.py:182} INFO - Started process (PID=273524) to work on /home/airflow/airflow/dags/parallel_dag.py
[2021-12-02 08:07:41,212] {scheduler_job.py:633} INFO - Processing file /home/airflow/airflow/dags/parallel_dag.py for tasks to queue
[2021-12-02 08:07:41,212] {logging_mixin.py:104} INFO - [2021-12-02 08:07:41,212] {dagbag.py:487} INFO - Filling up the DagBag from /home/airflow/airflow/dags/parallel_dag.py
[2021-12-02 08:07:41,263] {scheduler_job.py:643} INFO - DAG(s) dict_keys(['parallel_dag']) retrieved from /home/airflow/airflow/dags/parallel_dag.py
[2021-12-02 08:07:41,325] {logging_mixin.py:104} INFO - [2021-12-02 08:07:41,324] {dag.py:1832} INFO - Sync 1 DAGs
[2021-12-02 08:07:41,359] {logging_mixin.py:104} INFO - [2021-12-02 08:07:41,359] {dag.py:2305} INFO - Setting next_dagrun for parallel_dag to 2021-12-01 00:00:00+00:00
[2021-12-02 08:07:41,375] {scheduler_job.py:190} INFO - Processing /home/airflow/airflow/dags/parallel_dag.py took 0.167 seconds
[2021-12-02 08:08:11,541] {scheduler_job.py:182} INFO - Started process (PID=273636) to work on /home/airflow/airflow/dags/parallel_dag.py
[2021-12-02 08:08:11,548] {scheduler_job.py:633} INFO - Processing file /home/airflow/airflow/dags/parallel_dag.py for tasks to queue
[2021-12-02 08:08:11,553] {logging_mixin.py:104} INFO - [2021-12-02 08:08:11,552] {dagbag.py:487} INFO - Filling up the DagBag from /home/airflow/airflow/dags/parallel_dag.py
[2021-12-02 08:08:11,611] {scheduler_job.py:643} INFO - DAG(s) dict_keys(['parallel_dag']) retrieved from /home/airflow/airflow/dags/parallel_dag.py
[2021-12-02 08:08:11,742] {logging_mixin.py:104} INFO - [2021-12-02 08:08:11,741] {dag.py:1832} INFO - Sync 1 DAGs
[2021-12-02 08:08:11,787] {logging_mixin.py:104} INFO - [2021-12-02 08:08:11,787] {dag.py:2305} INFO - Setting next_dagrun for parallel_dag to 2021-12-01 00:00:00+00:00
[2021-12-02 08:08:11,812] {scheduler_job.py:190} INFO - Processing /home/airflow/airflow/dags/parallel_dag.py took 0.300 seconds
[2021-12-02 08:08:41,938] {scheduler_job.py:182} INFO - Started process (PID=278923) to work on /home/airflow/airflow/dags/parallel_dag.py
[2021-12-02 08:08:41,939] {scheduler_job.py:633} INFO - Processing file /home/airflow/airflow/dags/parallel_dag.py for tasks to queue
[2021-12-02 08:08:41,967] {logging_mixin.py:104} INFO - [2021-12-02 08:08:41,967] {dagbag.py:487} INFO - Filling up the DagBag from /home/airflow/airflow/dags/parallel_dag.py
[2021-12-02 08:08:41,985] {scheduler_job.py:643} INFO - DAG(s) dict_keys(['parallel_dag']) retrieved from /home/airflow/airflow/dags/parallel_dag.py
[2021-12-02 08:08:42,041] {logging_mixin.py:104} INFO - [2021-12-02 08:08:42,041] {dag.py:1832} INFO - Sync 1 DAGs
[2021-12-02 08:08:42,059] {logging_mixin.py:104} INFO - [2021-12-02 08:08:42,059] {dag.py:2305} INFO - Setting next_dagrun for parallel_dag to 2021-12-01 00:00:00+00:00
[2021-12-02 08:08:42,077] {scheduler_job.py:190} INFO - Processing /home/airflow/airflow/dags/parallel_dag.py took 0.141 seconds
[2021-12-02 08:09:12,326] {scheduler_job.py:182} INFO - Started process (PID=284430) to work on /home/airflow/airflow/dags/parallel_dag.py
[2021-12-02 08:09:12,326] {scheduler_job.py:633} INFO - Processing file /home/airflow/airflow/dags/parallel_dag.py for tasks to queue
[2021-12-02 08:09:12,327] {logging_mixin.py:104} INFO - [2021-12-02 08:09:12,327] {dagbag.py:487} INFO - Filling up the DagBag from /home/airflow/airflow/dags/parallel_dag.py
[2021-12-02 08:09:12,366] {scheduler_job.py:643} INFO - DAG(s) dict_keys(['parallel_dag']) retrieved from /home/airflow/airflow/dags/parallel_dag.py
[2021-12-02 08:09:12,420] {logging_mixin.py:104} INFO - [2021-12-02 08:09:12,420] {dag.py:1832} INFO - Sync 1 DAGs
[2021-12-02 08:09:12,455] {logging_mixin.py:104} INFO - [2021-12-02 08:09:12,455] {dag.py:2305} INFO - Setting next_dagrun for parallel_dag to 2021-12-01 00:00:00+00:00
[2021-12-02 08:09:12,470] {scheduler_job.py:190} INFO - Processing /home/airflow/airflow/dags/parallel_dag.py took 0.181 seconds
[2021-12-02 08:09:42,601] {scheduler_job.py:182} INFO - Started process (PID=284755) to work on /home/airflow/airflow/dags/parallel_dag.py
[2021-12-02 08:09:42,602] {scheduler_job.py:633} INFO - Processing file /home/airflow/airflow/dags/parallel_dag.py for tasks to queue
[2021-12-02 08:09:42,603] {logging_mixin.py:104} INFO - [2021-12-02 08:09:42,603] {dagbag.py:487} INFO - Filling up the DagBag from /home/airflow/airflow/dags/parallel_dag.py
[2021-12-02 08:09:42,608] {scheduler_job.py:643} INFO - DAG(s) dict_keys(['parallel_dag']) retrieved from /home/airflow/airflow/dags/parallel_dag.py
[2021-12-02 08:09:42,655] {logging_mixin.py:104} INFO - [2021-12-02 08:09:42,655] {dag.py:1832} INFO - Sync 1 DAGs
[2021-12-02 08:09:42,669] {logging_mixin.py:104} INFO - [2021-12-02 08:09:42,669] {dag.py:2305} INFO - Setting next_dagrun for parallel_dag to 2021-12-01 00:00:00+00:00
[2021-12-02 08:09:42,676] {scheduler_job.py:190} INFO - Processing /home/airflow/airflow/dags/parallel_dag.py took 0.091 seconds
[2021-12-02 08:10:12,774] {scheduler_job.py:182} INFO - Started process (PID=284763) to work on /home/airflow/airflow/dags/parallel_dag.py
[2021-12-02 08:10:12,774] {scheduler_job.py:633} INFO - Processing file /home/airflow/airflow/dags/parallel_dag.py for tasks to queue
[2021-12-02 08:10:12,775] {logging_mixin.py:104} INFO - [2021-12-02 08:10:12,775] {dagbag.py:487} INFO - Filling up the DagBag from /home/airflow/airflow/dags/parallel_dag.py
[2021-12-02 08:10:12,797] {scheduler_job.py:643} INFO - DAG(s) dict_keys(['parallel_dag']) retrieved from /home/airflow/airflow/dags/parallel_dag.py
[2021-12-02 08:10:12,839] {logging_mixin.py:104} INFO - [2021-12-02 08:10:12,839] {dag.py:1832} INFO - Sync 1 DAGs
[2021-12-02 08:10:12,853] {logging_mixin.py:104} INFO - [2021-12-02 08:10:12,852] {dag.py:2305} INFO - Setting next_dagrun for parallel_dag to 2021-12-01 00:00:00+00:00
[2021-12-02 08:10:12,865] {scheduler_job.py:190} INFO - Processing /home/airflow/airflow/dags/parallel_dag.py took 0.094 seconds
[2021-12-02 08:10:42,958] {scheduler_job.py:182} INFO - Started process (PID=284771) to work on /home/airflow/airflow/dags/parallel_dag.py
[2021-12-02 08:10:42,959] {scheduler_job.py:633} INFO - Processing file /home/airflow/airflow/dags/parallel_dag.py for tasks to queue
[2021-12-02 08:10:42,960] {logging_mixin.py:104} INFO - [2021-12-02 08:10:42,960] {dagbag.py:487} INFO - Filling up the DagBag from /home/airflow/airflow/dags/parallel_dag.py
[2021-12-02 08:10:42,980] {scheduler_job.py:643} INFO - DAG(s) dict_keys(['parallel_dag']) retrieved from /home/airflow/airflow/dags/parallel_dag.py
[2021-12-02 08:10:43,044] {logging_mixin.py:104} INFO - [2021-12-02 08:10:43,044] {dag.py:1832} INFO - Sync 1 DAGs
[2021-12-02 08:10:43,062] {logging_mixin.py:104} INFO - [2021-12-02 08:10:43,062] {dag.py:2305} INFO - Setting next_dagrun for parallel_dag to 2021-12-01 00:00:00+00:00
[2021-12-02 08:10:43,073] {scheduler_job.py:190} INFO - Processing /home/airflow/airflow/dags/parallel_dag.py took 0.119 seconds
[2021-12-02 08:11:13,162] {scheduler_job.py:182} INFO - Started process (PID=284778) to work on /home/airflow/airflow/dags/parallel_dag.py
[2021-12-02 08:11:13,185] {scheduler_job.py:633} INFO - Processing file /home/airflow/airflow/dags/parallel_dag.py for tasks to queue
[2021-12-02 08:11:13,185] {logging_mixin.py:104} INFO - [2021-12-02 08:11:13,185] {dagbag.py:487} INFO - Filling up the DagBag from /home/airflow/airflow/dags/parallel_dag.py
[2021-12-02 08:11:13,192] {scheduler_job.py:643} INFO - DAG(s) dict_keys(['parallel_dag']) retrieved from /home/airflow/airflow/dags/parallel_dag.py
[2021-12-02 08:11:13,234] {logging_mixin.py:104} INFO - [2021-12-02 08:11:13,234] {dag.py:1832} INFO - Sync 1 DAGs
[2021-12-02 08:11:13,247] {logging_mixin.py:104} INFO - [2021-12-02 08:11:13,247] {dag.py:2305} INFO - Setting next_dagrun for parallel_dag to 2021-12-01 00:00:00+00:00
[2021-12-02 08:11:13,263] {scheduler_job.py:190} INFO - Processing /home/airflow/airflow/dags/parallel_dag.py took 0.105 seconds
[2021-12-02 08:11:43,365] {scheduler_job.py:182} INFO - Started process (PID=284785) to work on /home/airflow/airflow/dags/parallel_dag.py
[2021-12-02 08:11:43,377] {scheduler_job.py:633} INFO - Processing file /home/airflow/airflow/dags/parallel_dag.py for tasks to queue
[2021-12-02 08:11:43,377] {logging_mixin.py:104} INFO - [2021-12-02 08:11:43,377] {dagbag.py:487} INFO - Filling up the DagBag from /home/airflow/airflow/dags/parallel_dag.py
[2021-12-02 08:11:43,383] {scheduler_job.py:643} INFO - DAG(s) dict_keys(['parallel_dag']) retrieved from /home/airflow/airflow/dags/parallel_dag.py
[2021-12-02 08:11:43,429] {logging_mixin.py:104} INFO - [2021-12-02 08:11:43,429] {dag.py:1832} INFO - Sync 1 DAGs
[2021-12-02 08:11:43,444] {logging_mixin.py:104} INFO - [2021-12-02 08:11:43,444] {dag.py:2305} INFO - Setting next_dagrun for parallel_dag to 2021-12-01 00:00:00+00:00
[2021-12-02 08:11:43,451] {scheduler_job.py:190} INFO - Processing /home/airflow/airflow/dags/parallel_dag.py took 0.089 seconds
[2021-12-02 08:12:13,557] {scheduler_job.py:182} INFO - Started process (PID=284794) to work on /home/airflow/airflow/dags/parallel_dag.py
[2021-12-02 08:12:13,558] {scheduler_job.py:633} INFO - Processing file /home/airflow/airflow/dags/parallel_dag.py for tasks to queue
[2021-12-02 08:12:13,558] {logging_mixin.py:104} INFO - [2021-12-02 08:12:13,558] {dagbag.py:487} INFO - Filling up the DagBag from /home/airflow/airflow/dags/parallel_dag.py
[2021-12-02 08:12:13,565] {scheduler_job.py:643} INFO - DAG(s) dict_keys(['parallel_dag']) retrieved from /home/airflow/airflow/dags/parallel_dag.py
[2021-12-02 08:12:13,610] {logging_mixin.py:104} INFO - [2021-12-02 08:12:13,610] {dag.py:1832} INFO - Sync 1 DAGs
[2021-12-02 08:12:13,623] {logging_mixin.py:104} INFO - [2021-12-02 08:12:13,623] {dag.py:2305} INFO - Setting next_dagrun for parallel_dag to 2021-12-01 00:00:00+00:00
[2021-12-02 08:12:13,641] {scheduler_job.py:190} INFO - Processing /home/airflow/airflow/dags/parallel_dag.py took 0.087 seconds
[2021-12-02 08:12:43,743] {scheduler_job.py:182} INFO - Started process (PID=284803) to work on /home/airflow/airflow/dags/parallel_dag.py
[2021-12-02 08:12:43,744] {scheduler_job.py:633} INFO - Processing file /home/airflow/airflow/dags/parallel_dag.py for tasks to queue
[2021-12-02 08:12:43,745] {logging_mixin.py:104} INFO - [2021-12-02 08:12:43,745] {dagbag.py:487} INFO - Filling up the DagBag from /home/airflow/airflow/dags/parallel_dag.py
[2021-12-02 08:12:43,764] {scheduler_job.py:643} INFO - DAG(s) dict_keys(['parallel_dag']) retrieved from /home/airflow/airflow/dags/parallel_dag.py
[2021-12-02 08:12:43,812] {logging_mixin.py:104} INFO - [2021-12-02 08:12:43,812] {dag.py:1832} INFO - Sync 1 DAGs
[2021-12-02 08:12:43,829] {logging_mixin.py:104} INFO - [2021-12-02 08:12:43,829] {dag.py:2305} INFO - Setting next_dagrun for parallel_dag to 2021-12-01 00:00:00+00:00
[2021-12-02 08:12:43,839] {scheduler_job.py:190} INFO - Processing /home/airflow/airflow/dags/parallel_dag.py took 0.112 seconds
[2021-12-02 08:13:13,919] {scheduler_job.py:182} INFO - Started process (PID=284811) to work on /home/airflow/airflow/dags/parallel_dag.py
[2021-12-02 08:13:13,932] {scheduler_job.py:633} INFO - Processing file /home/airflow/airflow/dags/parallel_dag.py for tasks to queue
[2021-12-02 08:13:13,933] {logging_mixin.py:104} INFO - [2021-12-02 08:13:13,932] {dagbag.py:487} INFO - Filling up the DagBag from /home/airflow/airflow/dags/parallel_dag.py
[2021-12-02 08:13:13,938] {scheduler_job.py:643} INFO - DAG(s) dict_keys(['parallel_dag']) retrieved from /home/airflow/airflow/dags/parallel_dag.py
[2021-12-02 08:13:13,978] {logging_mixin.py:104} INFO - [2021-12-02 08:13:13,978] {dag.py:1832} INFO - Sync 1 DAGs
[2021-12-02 08:13:13,990] {logging_mixin.py:104} INFO - [2021-12-02 08:13:13,990] {dag.py:2305} INFO - Setting next_dagrun for parallel_dag to 2021-12-01 00:00:00+00:00
[2021-12-02 08:13:13,998] {scheduler_job.py:190} INFO - Processing /home/airflow/airflow/dags/parallel_dag.py took 0.081 seconds
[2021-12-02 08:13:44,091] {scheduler_job.py:182} INFO - Started process (PID=284819) to work on /home/airflow/airflow/dags/parallel_dag.py
[2021-12-02 08:13:44,091] {scheduler_job.py:633} INFO - Processing file /home/airflow/airflow/dags/parallel_dag.py for tasks to queue
[2021-12-02 08:13:44,092] {logging_mixin.py:104} INFO - [2021-12-02 08:13:44,092] {dagbag.py:487} INFO - Filling up the DagBag from /home/airflow/airflow/dags/parallel_dag.py
[2021-12-02 08:13:44,098] {scheduler_job.py:643} INFO - DAG(s) dict_keys(['parallel_dag']) retrieved from /home/airflow/airflow/dags/parallel_dag.py
[2021-12-02 08:13:44,136] {logging_mixin.py:104} INFO - [2021-12-02 08:13:44,128] {dag.py:1832} INFO - Sync 1 DAGs
[2021-12-02 08:13:44,154] {logging_mixin.py:104} INFO - [2021-12-02 08:13:44,153] {dag.py:2305} INFO - Setting next_dagrun for parallel_dag to 2021-12-01 00:00:00+00:00
[2021-12-02 08:13:44,160] {scheduler_job.py:190} INFO - Processing /home/airflow/airflow/dags/parallel_dag.py took 0.072 seconds
[2021-12-02 08:14:14,250] {scheduler_job.py:182} INFO - Started process (PID=284827) to work on /home/airflow/airflow/dags/parallel_dag.py
[2021-12-02 08:14:14,251] {scheduler_job.py:633} INFO - Processing file /home/airflow/airflow/dags/parallel_dag.py for tasks to queue
[2021-12-02 08:14:14,251] {logging_mixin.py:104} INFO - [2021-12-02 08:14:14,251] {dagbag.py:487} INFO - Filling up the DagBag from /home/airflow/airflow/dags/parallel_dag.py
[2021-12-02 08:14:14,277] {scheduler_job.py:643} INFO - DAG(s) dict_keys(['parallel_dag']) retrieved from /home/airflow/airflow/dags/parallel_dag.py
[2021-12-02 08:14:14,316] {logging_mixin.py:104} INFO - [2021-12-02 08:14:14,316] {dag.py:1832} INFO - Sync 1 DAGs
[2021-12-02 08:14:14,328] {logging_mixin.py:104} INFO - [2021-12-02 08:14:14,328] {dag.py:2305} INFO - Setting next_dagrun for parallel_dag to 2021-12-01 00:00:00+00:00
[2021-12-02 08:14:14,338] {scheduler_job.py:190} INFO - Processing /home/airflow/airflow/dags/parallel_dag.py took 0.091 seconds
[2021-12-02 08:14:44,439] {scheduler_job.py:182} INFO - Started process (PID=284853) to work on /home/airflow/airflow/dags/parallel_dag.py
[2021-12-02 08:14:44,440] {scheduler_job.py:633} INFO - Processing file /home/airflow/airflow/dags/parallel_dag.py for tasks to queue
[2021-12-02 08:14:44,441] {logging_mixin.py:104} INFO - [2021-12-02 08:14:44,441] {dagbag.py:487} INFO - Filling up the DagBag from /home/airflow/airflow/dags/parallel_dag.py
[2021-12-02 08:14:44,461] {scheduler_job.py:643} INFO - DAG(s) dict_keys(['parallel_dag']) retrieved from /home/airflow/airflow/dags/parallel_dag.py
[2021-12-02 08:14:44,497] {logging_mixin.py:104} INFO - [2021-12-02 08:14:44,497] {dag.py:1832} INFO - Sync 1 DAGs
[2021-12-02 08:14:44,509] {logging_mixin.py:104} INFO - [2021-12-02 08:14:44,509] {dag.py:2305} INFO - Setting next_dagrun for parallel_dag to 2021-12-01 00:00:00+00:00
[2021-12-02 08:14:44,516] {scheduler_job.py:190} INFO - Processing /home/airflow/airflow/dags/parallel_dag.py took 0.080 seconds
[2021-12-02 08:15:14,590] {scheduler_job.py:182} INFO - Started process (PID=284865) to work on /home/airflow/airflow/dags/parallel_dag.py
[2021-12-02 08:15:14,602] {scheduler_job.py:633} INFO - Processing file /home/airflow/airflow/dags/parallel_dag.py for tasks to queue
[2021-12-02 08:15:14,603] {logging_mixin.py:104} INFO - [2021-12-02 08:15:14,603] {dagbag.py:487} INFO - Filling up the DagBag from /home/airflow/airflow/dags/parallel_dag.py
[2021-12-02 08:15:14,609] {scheduler_job.py:643} INFO - DAG(s) dict_keys(['parallel_dag']) retrieved from /home/airflow/airflow/dags/parallel_dag.py
[2021-12-02 08:15:14,649] {logging_mixin.py:104} INFO - [2021-12-02 08:15:14,649] {dag.py:1832} INFO - Sync 1 DAGs
[2021-12-02 08:15:14,664] {logging_mixin.py:104} INFO - [2021-12-02 08:15:14,664] {dag.py:2305} INFO - Setting next_dagrun for parallel_dag to 2021-12-01 00:00:00+00:00
[2021-12-02 08:15:14,685] {scheduler_job.py:190} INFO - Processing /home/airflow/airflow/dags/parallel_dag.py took 0.098 seconds
[2021-12-02 08:15:44,801] {scheduler_job.py:182} INFO - Started process (PID=284873) to work on /home/airflow/airflow/dags/parallel_dag.py
[2021-12-02 08:15:44,802] {scheduler_job.py:633} INFO - Processing file /home/airflow/airflow/dags/parallel_dag.py for tasks to queue
[2021-12-02 08:15:44,802] {logging_mixin.py:104} INFO - [2021-12-02 08:15:44,802] {dagbag.py:487} INFO - Filling up the DagBag from /home/airflow/airflow/dags/parallel_dag.py
[2021-12-02 08:15:44,816] {scheduler_job.py:643} INFO - DAG(s) dict_keys(['parallel_dag']) retrieved from /home/airflow/airflow/dags/parallel_dag.py
[2021-12-02 08:15:44,855] {logging_mixin.py:104} INFO - [2021-12-02 08:15:44,855] {dag.py:1832} INFO - Sync 1 DAGs
[2021-12-02 08:15:44,866] {logging_mixin.py:104} INFO - [2021-12-02 08:15:44,866] {dag.py:2305} INFO - Setting next_dagrun for parallel_dag to 2021-12-01 00:00:00+00:00
[2021-12-02 08:15:44,880] {scheduler_job.py:190} INFO - Processing /home/airflow/airflow/dags/parallel_dag.py took 0.081 seconds
[2021-12-02 08:16:14,970] {scheduler_job.py:182} INFO - Started process (PID=284881) to work on /home/airflow/airflow/dags/parallel_dag.py
[2021-12-02 08:16:14,972] {scheduler_job.py:633} INFO - Processing file /home/airflow/airflow/dags/parallel_dag.py for tasks to queue
[2021-12-02 08:16:14,972] {logging_mixin.py:104} INFO - [2021-12-02 08:16:14,972] {dagbag.py:487} INFO - Filling up the DagBag from /home/airflow/airflow/dags/parallel_dag.py
[2021-12-02 08:16:14,986] {scheduler_job.py:643} INFO - DAG(s) dict_keys(['parallel_dag']) retrieved from /home/airflow/airflow/dags/parallel_dag.py
[2021-12-02 08:16:15,028] {logging_mixin.py:104} INFO - [2021-12-02 08:16:15,028] {dag.py:1832} INFO - Sync 1 DAGs
[2021-12-02 08:16:15,042] {logging_mixin.py:104} INFO - [2021-12-02 08:16:15,042] {dag.py:2305} INFO - Setting next_dagrun for parallel_dag to 2021-12-01 00:00:00+00:00
[2021-12-02 08:16:15,056] {scheduler_job.py:190} INFO - Processing /home/airflow/airflow/dags/parallel_dag.py took 0.104 seconds
[2021-12-02 08:16:45,128] {scheduler_job.py:182} INFO - Started process (PID=284889) to work on /home/airflow/airflow/dags/parallel_dag.py
[2021-12-02 08:16:45,129] {scheduler_job.py:633} INFO - Processing file /home/airflow/airflow/dags/parallel_dag.py for tasks to queue
[2021-12-02 08:16:45,130] {logging_mixin.py:104} INFO - [2021-12-02 08:16:45,130] {dagbag.py:487} INFO - Filling up the DagBag from /home/airflow/airflow/dags/parallel_dag.py
[2021-12-02 08:16:45,148] {scheduler_job.py:643} INFO - DAG(s) dict_keys(['parallel_dag']) retrieved from /home/airflow/airflow/dags/parallel_dag.py
[2021-12-02 08:16:45,193] {logging_mixin.py:104} INFO - [2021-12-02 08:16:45,193] {dag.py:1832} INFO - Sync 1 DAGs
[2021-12-02 08:16:45,203] {logging_mixin.py:104} INFO - [2021-12-02 08:16:45,203] {dag.py:2305} INFO - Setting next_dagrun for parallel_dag to 2021-12-01 00:00:00+00:00
[2021-12-02 08:16:45,219] {scheduler_job.py:190} INFO - Processing /home/airflow/airflow/dags/parallel_dag.py took 0.093 seconds
[2021-12-02 08:17:15,301] {scheduler_job.py:182} INFO - Started process (PID=284897) to work on /home/airflow/airflow/dags/parallel_dag.py
[2021-12-02 08:17:15,302] {scheduler_job.py:633} INFO - Processing file /home/airflow/airflow/dags/parallel_dag.py for tasks to queue
[2021-12-02 08:17:15,302] {logging_mixin.py:104} INFO - [2021-12-02 08:17:15,302] {dagbag.py:487} INFO - Filling up the DagBag from /home/airflow/airflow/dags/parallel_dag.py
[2021-12-02 08:17:15,330] {scheduler_job.py:643} INFO - DAG(s) dict_keys(['parallel_dag']) retrieved from /home/airflow/airflow/dags/parallel_dag.py
[2021-12-02 08:17:15,372] {logging_mixin.py:104} INFO - [2021-12-02 08:17:15,372] {dag.py:1832} INFO - Sync 1 DAGs
[2021-12-02 08:17:15,395] {logging_mixin.py:104} INFO - [2021-12-02 08:17:15,394] {dag.py:2305} INFO - Setting next_dagrun for parallel_dag to 2021-12-01 00:00:00+00:00
[2021-12-02 08:17:15,415] {scheduler_job.py:190} INFO - Processing /home/airflow/airflow/dags/parallel_dag.py took 0.117 seconds
[2021-12-02 08:17:45,516] {scheduler_job.py:182} INFO - Started process (PID=284904) to work on /home/airflow/airflow/dags/parallel_dag.py
[2021-12-02 08:17:45,517] {scheduler_job.py:633} INFO - Processing file /home/airflow/airflow/dags/parallel_dag.py for tasks to queue
[2021-12-02 08:17:45,518] {logging_mixin.py:104} INFO - [2021-12-02 08:17:45,518] {dagbag.py:487} INFO - Filling up the DagBag from /home/airflow/airflow/dags/parallel_dag.py
[2021-12-02 08:17:45,524] {scheduler_job.py:643} INFO - DAG(s) dict_keys(['parallel_dag']) retrieved from /home/airflow/airflow/dags/parallel_dag.py
[2021-12-02 08:17:45,568] {logging_mixin.py:104} INFO - [2021-12-02 08:17:45,568] {dag.py:1832} INFO - Sync 1 DAGs
[2021-12-02 08:17:45,584] {logging_mixin.py:104} INFO - [2021-12-02 08:17:45,584] {dag.py:2305} INFO - Setting next_dagrun for parallel_dag to 2021-12-01 00:00:00+00:00
[2021-12-02 08:17:45,598] {scheduler_job.py:190} INFO - Processing /home/airflow/airflow/dags/parallel_dag.py took 0.096 seconds
[2021-12-02 08:18:15,735] {scheduler_job.py:182} INFO - Started process (PID=284913) to work on /home/airflow/airflow/dags/parallel_dag.py
[2021-12-02 08:18:15,736] {scheduler_job.py:633} INFO - Processing file /home/airflow/airflow/dags/parallel_dag.py for tasks to queue
[2021-12-02 08:18:15,737] {logging_mixin.py:104} INFO - [2021-12-02 08:18:15,737] {dagbag.py:487} INFO - Filling up the DagBag from /home/airflow/airflow/dags/parallel_dag.py
[2021-12-02 08:18:15,775] {scheduler_job.py:643} INFO - DAG(s) dict_keys(['parallel_dag']) retrieved from /home/airflow/airflow/dags/parallel_dag.py
[2021-12-02 08:18:15,854] {logging_mixin.py:104} INFO - [2021-12-02 08:18:15,854] {dag.py:1832} INFO - Sync 1 DAGs
[2021-12-02 08:18:15,876] {logging_mixin.py:104} INFO - [2021-12-02 08:18:15,876] {dag.py:2305} INFO - Setting next_dagrun for parallel_dag to 2021-12-01 00:00:00+00:00
[2021-12-02 08:18:15,893] {scheduler_job.py:190} INFO - Processing /home/airflow/airflow/dags/parallel_dag.py took 0.162 seconds
[2021-12-02 08:18:46,010] {scheduler_job.py:182} INFO - Started process (PID=284921) to work on /home/airflow/airflow/dags/parallel_dag.py
[2021-12-02 08:18:46,027] {scheduler_job.py:633} INFO - Processing file /home/airflow/airflow/dags/parallel_dag.py for tasks to queue
[2021-12-02 08:18:46,028] {logging_mixin.py:104} INFO - [2021-12-02 08:18:46,028] {dagbag.py:487} INFO - Filling up the DagBag from /home/airflow/airflow/dags/parallel_dag.py
[2021-12-02 08:18:46,062] {scheduler_job.py:643} INFO - DAG(s) dict_keys(['parallel_dag']) retrieved from /home/airflow/airflow/dags/parallel_dag.py
[2021-12-02 08:18:46,146] {logging_mixin.py:104} INFO - [2021-12-02 08:18:46,146] {dag.py:1832} INFO - Sync 1 DAGs
[2021-12-02 08:18:46,176] {logging_mixin.py:104} INFO - [2021-12-02 08:18:46,176] {dag.py:2305} INFO - Setting next_dagrun for parallel_dag to 2021-12-01 00:00:00+00:00
[2021-12-02 08:18:46,195] {scheduler_job.py:190} INFO - Processing /home/airflow/airflow/dags/parallel_dag.py took 0.190 seconds
[2021-12-02 08:19:16,327] {scheduler_job.py:182} INFO - Started process (PID=284929) to work on /home/airflow/airflow/dags/parallel_dag.py
[2021-12-02 08:19:16,329] {scheduler_job.py:633} INFO - Processing file /home/airflow/airflow/dags/parallel_dag.py for tasks to queue
[2021-12-02 08:19:16,330] {logging_mixin.py:104} INFO - [2021-12-02 08:19:16,329] {dagbag.py:487} INFO - Filling up the DagBag from /home/airflow/airflow/dags/parallel_dag.py
[2021-12-02 08:19:16,355] {scheduler_job.py:643} INFO - DAG(s) dict_keys(['parallel_dag']) retrieved from /home/airflow/airflow/dags/parallel_dag.py
[2021-12-02 08:19:16,443] {logging_mixin.py:104} INFO - [2021-12-02 08:19:16,443] {dag.py:1832} INFO - Sync 1 DAGs
[2021-12-02 08:19:16,469] {logging_mixin.py:104} INFO - [2021-12-02 08:19:16,468] {dag.py:2305} INFO - Setting next_dagrun for parallel_dag to 2021-12-01 00:00:00+00:00
[2021-12-02 08:19:16,487] {scheduler_job.py:190} INFO - Processing /home/airflow/airflow/dags/parallel_dag.py took 0.165 seconds
[2021-12-02 08:19:46,616] {scheduler_job.py:182} INFO - Started process (PID=284938) to work on /home/airflow/airflow/dags/parallel_dag.py
[2021-12-02 08:19:46,618] {scheduler_job.py:633} INFO - Processing file /home/airflow/airflow/dags/parallel_dag.py for tasks to queue
[2021-12-02 08:19:46,618] {logging_mixin.py:104} INFO - [2021-12-02 08:19:46,618] {dagbag.py:487} INFO - Filling up the DagBag from /home/airflow/airflow/dags/parallel_dag.py
[2021-12-02 08:19:46,646] {scheduler_job.py:643} INFO - DAG(s) dict_keys(['parallel_dag']) retrieved from /home/airflow/airflow/dags/parallel_dag.py
[2021-12-02 08:19:46,707] {logging_mixin.py:104} INFO - [2021-12-02 08:19:46,707] {dag.py:1832} INFO - Sync 1 DAGs
[2021-12-02 08:19:46,729] {logging_mixin.py:104} INFO - [2021-12-02 08:19:46,729] {dag.py:2305} INFO - Setting next_dagrun for parallel_dag to 2021-12-01 00:00:00+00:00
[2021-12-02 08:19:46,740] {scheduler_job.py:190} INFO - Processing /home/airflow/airflow/dags/parallel_dag.py took 0.128 seconds
[2021-12-02 08:20:16,848] {scheduler_job.py:182} INFO - Started process (PID=284945) to work on /home/airflow/airflow/dags/parallel_dag.py
[2021-12-02 08:20:16,849] {scheduler_job.py:633} INFO - Processing file /home/airflow/airflow/dags/parallel_dag.py for tasks to queue
[2021-12-02 08:20:16,872] {logging_mixin.py:104} INFO - [2021-12-02 08:20:16,872] {dagbag.py:487} INFO - Filling up the DagBag from /home/airflow/airflow/dags/parallel_dag.py
[2021-12-02 08:20:16,893] {scheduler_job.py:643} INFO - DAG(s) dict_keys(['parallel_dag']) retrieved from /home/airflow/airflow/dags/parallel_dag.py
[2021-12-02 08:20:16,965] {logging_mixin.py:104} INFO - [2021-12-02 08:20:16,965] {dag.py:1832} INFO - Sync 1 DAGs
[2021-12-02 08:20:16,994] {logging_mixin.py:104} INFO - [2021-12-02 08:20:16,994] {dag.py:2305} INFO - Setting next_dagrun for parallel_dag to 2021-12-01 00:00:00+00:00
[2021-12-02 08:20:17,005] {scheduler_job.py:190} INFO - Processing /home/airflow/airflow/dags/parallel_dag.py took 0.161 seconds
[2021-12-02 08:20:47,120] {scheduler_job.py:182} INFO - Started process (PID=284953) to work on /home/airflow/airflow/dags/parallel_dag.py
[2021-12-02 08:20:47,121] {scheduler_job.py:633} INFO - Processing file /home/airflow/airflow/dags/parallel_dag.py for tasks to queue
[2021-12-02 08:20:47,122] {logging_mixin.py:104} INFO - [2021-12-02 08:20:47,122] {dagbag.py:487} INFO - Filling up the DagBag from /home/airflow/airflow/dags/parallel_dag.py
[2021-12-02 08:20:47,141] {scheduler_job.py:643} INFO - DAG(s) dict_keys(['parallel_dag']) retrieved from /home/airflow/airflow/dags/parallel_dag.py
[2021-12-02 08:20:47,192] {logging_mixin.py:104} INFO - [2021-12-02 08:20:47,192] {dag.py:1832} INFO - Sync 1 DAGs
[2021-12-02 08:20:47,208] {logging_mixin.py:104} INFO - [2021-12-02 08:20:47,208] {dag.py:2305} INFO - Setting next_dagrun for parallel_dag to 2021-12-01 00:00:00+00:00
[2021-12-02 08:20:47,217] {scheduler_job.py:190} INFO - Processing /home/airflow/airflow/dags/parallel_dag.py took 0.099 seconds
[2021-12-02 08:21:17,344] {scheduler_job.py:182} INFO - Started process (PID=284962) to work on /home/airflow/airflow/dags/parallel_dag.py
[2021-12-02 08:21:17,345] {scheduler_job.py:633} INFO - Processing file /home/airflow/airflow/dags/parallel_dag.py for tasks to queue
[2021-12-02 08:21:17,360] {logging_mixin.py:104} INFO - [2021-12-02 08:21:17,360] {dagbag.py:487} INFO - Filling up the DagBag from /home/airflow/airflow/dags/parallel_dag.py
[2021-12-02 08:21:17,382] {scheduler_job.py:643} INFO - DAG(s) dict_keys(['parallel_dag']) retrieved from /home/airflow/airflow/dags/parallel_dag.py
[2021-12-02 08:21:17,491] {logging_mixin.py:104} INFO - [2021-12-02 08:21:17,490] {dag.py:1832} INFO - Sync 1 DAGs
[2021-12-02 08:21:17,548] {logging_mixin.py:104} INFO - [2021-12-02 08:21:17,548] {dag.py:2305} INFO - Setting next_dagrun for parallel_dag to 2021-12-01 00:00:00+00:00
[2021-12-02 08:21:17,580] {scheduler_job.py:190} INFO - Processing /home/airflow/airflow/dags/parallel_dag.py took 0.253 seconds
[2021-12-02 08:21:47,975] {scheduler_job.py:182} INFO - Started process (PID=284971) to work on /home/airflow/airflow/dags/parallel_dag.py
[2021-12-02 08:21:48,004] {scheduler_job.py:633} INFO - Processing file /home/airflow/airflow/dags/parallel_dag.py for tasks to queue
[2021-12-02 08:21:48,006] {logging_mixin.py:104} INFO - [2021-12-02 08:21:48,006] {dagbag.py:487} INFO - Filling up the DagBag from /home/airflow/airflow/dags/parallel_dag.py
[2021-12-02 08:21:48,211] {scheduler_job.py:643} INFO - DAG(s) dict_keys(['parallel_dag']) retrieved from /home/airflow/airflow/dags/parallel_dag.py
[2021-12-02 08:21:48,772] {logging_mixin.py:104} INFO - [2021-12-02 08:21:48,771] {dag.py:1832} INFO - Sync 1 DAGs
[2021-12-02 08:21:48,983] {logging_mixin.py:104} INFO - [2021-12-02 08:21:48,982] {dag.py:2305} INFO - Setting next_dagrun for parallel_dag to 2021-12-01 00:00:00+00:00
[2021-12-02 08:21:49,077] {scheduler_job.py:190} INFO - Processing /home/airflow/airflow/dags/parallel_dag.py took 1.181 seconds
[2021-12-02 08:22:19,763] {scheduler_job.py:182} INFO - Started process (PID=284981) to work on /home/airflow/airflow/dags/parallel_dag.py
[2021-12-02 08:22:19,764] {scheduler_job.py:633} INFO - Processing file /home/airflow/airflow/dags/parallel_dag.py for tasks to queue
[2021-12-02 08:22:19,765] {logging_mixin.py:104} INFO - [2021-12-02 08:22:19,765] {dagbag.py:487} INFO - Filling up the DagBag from /home/airflow/airflow/dags/parallel_dag.py
[2021-12-02 08:22:19,783] {scheduler_job.py:643} INFO - DAG(s) dict_keys(['parallel_dag']) retrieved from /home/airflow/airflow/dags/parallel_dag.py
[2021-12-02 08:22:19,826] {logging_mixin.py:104} INFO - [2021-12-02 08:22:19,825] {dag.py:1832} INFO - Sync 1 DAGs
[2021-12-02 08:22:19,855] {logging_mixin.py:104} INFO - [2021-12-02 08:22:19,855] {dag.py:2305} INFO - Setting next_dagrun for parallel_dag to 2021-12-01 00:00:00+00:00
[2021-12-02 08:22:19,871] {scheduler_job.py:190} INFO - Processing /home/airflow/airflow/dags/parallel_dag.py took 0.113 seconds
[2021-12-02 08:22:49,997] {scheduler_job.py:182} INFO - Started process (PID=284989) to work on /home/airflow/airflow/dags/parallel_dag.py
[2021-12-02 08:22:50,002] {scheduler_job.py:633} INFO - Processing file /home/airflow/airflow/dags/parallel_dag.py for tasks to queue
[2021-12-02 08:22:50,005] {logging_mixin.py:104} INFO - [2021-12-02 08:22:50,005] {dagbag.py:487} INFO - Filling up the DagBag from /home/airflow/airflow/dags/parallel_dag.py
[2021-12-02 08:22:50,027] {scheduler_job.py:643} INFO - DAG(s) dict_keys(['parallel_dag']) retrieved from /home/airflow/airflow/dags/parallel_dag.py
[2021-12-02 08:22:50,085] {logging_mixin.py:104} INFO - [2021-12-02 08:22:50,085] {dag.py:1832} INFO - Sync 1 DAGs
[2021-12-02 08:22:50,131] {logging_mixin.py:104} INFO - [2021-12-02 08:22:50,131] {dag.py:2305} INFO - Setting next_dagrun for parallel_dag to 2021-12-01 00:00:00+00:00
[2021-12-02 08:22:50,152] {scheduler_job.py:190} INFO - Processing /home/airflow/airflow/dags/parallel_dag.py took 0.161 seconds
[2021-12-02 08:23:20,513] {scheduler_job.py:182} INFO - Started process (PID=284996) to work on /home/airflow/airflow/dags/parallel_dag.py
[2021-12-02 08:23:20,538] {scheduler_job.py:633} INFO - Processing file /home/airflow/airflow/dags/parallel_dag.py for tasks to queue
[2021-12-02 08:23:20,541] {logging_mixin.py:104} INFO - [2021-12-02 08:23:20,541] {dagbag.py:487} INFO - Filling up the DagBag from /home/airflow/airflow/dags/parallel_dag.py
[2021-12-02 08:23:20,616] {scheduler_job.py:643} INFO - DAG(s) dict_keys(['parallel_dag']) retrieved from /home/airflow/airflow/dags/parallel_dag.py
[2021-12-02 08:23:20,913] {logging_mixin.py:104} INFO - [2021-12-02 08:23:20,913] {dag.py:1832} INFO - Sync 1 DAGs
[2021-12-02 08:23:20,958] {logging_mixin.py:104} INFO - [2021-12-02 08:23:20,958] {dag.py:2305} INFO - Setting next_dagrun for parallel_dag to 2021-12-01 00:00:00+00:00
[2021-12-02 08:23:20,984] {scheduler_job.py:190} INFO - Processing /home/airflow/airflow/dags/parallel_dag.py took 0.503 seconds
[2021-12-02 08:23:51,152] {scheduler_job.py:182} INFO - Started process (PID=285004) to work on /home/airflow/airflow/dags/parallel_dag.py
[2021-12-02 08:23:51,162] {scheduler_job.py:633} INFO - Processing file /home/airflow/airflow/dags/parallel_dag.py for tasks to queue
[2021-12-02 08:23:51,164] {logging_mixin.py:104} INFO - [2021-12-02 08:23:51,164] {dagbag.py:487} INFO - Filling up the DagBag from /home/airflow/airflow/dags/parallel_dag.py
[2021-12-02 08:23:51,214] {scheduler_job.py:643} INFO - DAG(s) dict_keys(['parallel_dag']) retrieved from /home/airflow/airflow/dags/parallel_dag.py
[2021-12-02 08:23:51,380] {logging_mixin.py:104} INFO - [2021-12-02 08:23:51,379] {dag.py:1832} INFO - Sync 1 DAGs
[2021-12-02 08:23:51,482] {logging_mixin.py:104} INFO - [2021-12-02 08:23:51,482] {dag.py:2305} INFO - Setting next_dagrun for parallel_dag to 2021-12-01 00:00:00+00:00
[2021-12-02 08:23:51,529] {scheduler_job.py:190} INFO - Processing /home/airflow/airflow/dags/parallel_dag.py took 0.407 seconds
[2021-12-02 08:24:22,330] {scheduler_job.py:182} INFO - Started process (PID=285012) to work on /home/airflow/airflow/dags/parallel_dag.py
[2021-12-02 08:24:22,333] {scheduler_job.py:633} INFO - Processing file /home/airflow/airflow/dags/parallel_dag.py for tasks to queue
[2021-12-02 08:24:22,335] {logging_mixin.py:104} INFO - [2021-12-02 08:24:22,335] {dagbag.py:487} INFO - Filling up the DagBag from /home/airflow/airflow/dags/parallel_dag.py
[2021-12-02 08:24:22,381] {scheduler_job.py:643} INFO - DAG(s) dict_keys(['parallel_dag']) retrieved from /home/airflow/airflow/dags/parallel_dag.py
[2021-12-02 08:24:22,525] {logging_mixin.py:104} INFO - [2021-12-02 08:24:22,525] {dag.py:1832} INFO - Sync 1 DAGs
[2021-12-02 08:24:22,623] {logging_mixin.py:104} INFO - [2021-12-02 08:24:22,623] {dag.py:2305} INFO - Setting next_dagrun for parallel_dag to 2021-12-01 00:00:00+00:00
[2021-12-02 08:24:22,672] {scheduler_job.py:190} INFO - Processing /home/airflow/airflow/dags/parallel_dag.py took 0.379 seconds
[2021-12-02 08:24:53,348] {scheduler_job.py:182} INFO - Started process (PID=285020) to work on /home/airflow/airflow/dags/parallel_dag.py
[2021-12-02 08:24:53,350] {scheduler_job.py:633} INFO - Processing file /home/airflow/airflow/dags/parallel_dag.py for tasks to queue
[2021-12-02 08:24:53,351] {logging_mixin.py:104} INFO - [2021-12-02 08:24:53,351] {dagbag.py:487} INFO - Filling up the DagBag from /home/airflow/airflow/dags/parallel_dag.py
[2021-12-02 08:24:53,369] {scheduler_job.py:643} INFO - DAG(s) dict_keys(['parallel_dag']) retrieved from /home/airflow/airflow/dags/parallel_dag.py
[2021-12-02 08:24:53,425] {logging_mixin.py:104} INFO - [2021-12-02 08:24:53,425] {dag.py:1832} INFO - Sync 1 DAGs
[2021-12-02 08:24:53,472] {logging_mixin.py:104} INFO - [2021-12-02 08:24:53,472] {dag.py:2305} INFO - Setting next_dagrun for parallel_dag to 2021-12-01 00:00:00+00:00
[2021-12-02 08:24:53,496] {scheduler_job.py:190} INFO - Processing /home/airflow/airflow/dags/parallel_dag.py took 0.154 seconds
[2021-12-02 08:25:23,808] {scheduler_job.py:182} INFO - Started process (PID=285031) to work on /home/airflow/airflow/dags/parallel_dag.py
[2021-12-02 08:25:23,814] {scheduler_job.py:633} INFO - Processing file /home/airflow/airflow/dags/parallel_dag.py for tasks to queue
[2021-12-02 08:25:23,817] {logging_mixin.py:104} INFO - [2021-12-02 08:25:23,817] {dagbag.py:487} INFO - Filling up the DagBag from /home/airflow/airflow/dags/parallel_dag.py
[2021-12-02 08:25:23,872] {scheduler_job.py:643} INFO - DAG(s) dict_keys(['parallel_dag']) retrieved from /home/airflow/airflow/dags/parallel_dag.py
[2021-12-02 08:25:23,988] {logging_mixin.py:104} INFO - [2021-12-02 08:25:23,988] {dag.py:1832} INFO - Sync 1 DAGs
[2021-12-02 08:25:24,048] {logging_mixin.py:104} INFO - [2021-12-02 08:25:24,047] {dag.py:2305} INFO - Setting next_dagrun for parallel_dag to 2021-12-01 00:00:00+00:00
[2021-12-02 08:25:24,084] {scheduler_job.py:190} INFO - Processing /home/airflow/airflow/dags/parallel_dag.py took 0.317 seconds
[2021-12-02 08:25:54,314] {scheduler_job.py:182} INFO - Started process (PID=285039) to work on /home/airflow/airflow/dags/parallel_dag.py
[2021-12-02 08:25:54,320] {scheduler_job.py:633} INFO - Processing file /home/airflow/airflow/dags/parallel_dag.py for tasks to queue
[2021-12-02 08:25:54,324] {logging_mixin.py:104} INFO - [2021-12-02 08:25:54,323] {dagbag.py:487} INFO - Filling up the DagBag from /home/airflow/airflow/dags/parallel_dag.py
[2021-12-02 08:25:54,386] {scheduler_job.py:643} INFO - DAG(s) dict_keys(['parallel_dag']) retrieved from /home/airflow/airflow/dags/parallel_dag.py
[2021-12-02 08:25:54,501] {logging_mixin.py:104} INFO - [2021-12-02 08:25:54,501] {dag.py:1832} INFO - Sync 1 DAGs
[2021-12-02 08:25:54,598] {logging_mixin.py:104} INFO - [2021-12-02 08:25:54,598] {dag.py:2305} INFO - Setting next_dagrun for parallel_dag to 2021-12-01 00:00:00+00:00
[2021-12-02 08:25:54,625] {scheduler_job.py:190} INFO - Processing /home/airflow/airflow/dags/parallel_dag.py took 0.341 seconds
[2021-12-02 08:26:25,518] {scheduler_job.py:182} INFO - Started process (PID=285047) to work on /home/airflow/airflow/dags/parallel_dag.py
[2021-12-02 08:26:25,520] {scheduler_job.py:633} INFO - Processing file /home/airflow/airflow/dags/parallel_dag.py for tasks to queue
[2021-12-02 08:26:25,522] {logging_mixin.py:104} INFO - [2021-12-02 08:26:25,521] {dagbag.py:487} INFO - Filling up the DagBag from /home/airflow/airflow/dags/parallel_dag.py
[2021-12-02 08:26:25,542] {scheduler_job.py:643} INFO - DAG(s) dict_keys(['parallel_dag']) retrieved from /home/airflow/airflow/dags/parallel_dag.py
[2021-12-02 08:26:25,599] {logging_mixin.py:104} INFO - [2021-12-02 08:26:25,599] {dag.py:1832} INFO - Sync 1 DAGs
[2021-12-02 08:26:25,641] {logging_mixin.py:104} INFO - [2021-12-02 08:26:25,641] {dag.py:2305} INFO - Setting next_dagrun for parallel_dag to 2021-12-01 00:00:00+00:00
[2021-12-02 08:26:25,663] {scheduler_job.py:190} INFO - Processing /home/airflow/airflow/dags/parallel_dag.py took 0.151 seconds
[2021-12-02 08:26:55,839] {scheduler_job.py:182} INFO - Started process (PID=285055) to work on /home/airflow/airflow/dags/parallel_dag.py
[2021-12-02 08:26:55,855] {scheduler_job.py:633} INFO - Processing file /home/airflow/airflow/dags/parallel_dag.py for tasks to queue
[2021-12-02 08:26:55,858] {logging_mixin.py:104} INFO - [2021-12-02 08:26:55,858] {dagbag.py:487} INFO - Filling up the DagBag from /home/airflow/airflow/dags/parallel_dag.py
[2021-12-02 08:26:55,887] {scheduler_job.py:643} INFO - DAG(s) dict_keys(['parallel_dag']) retrieved from /home/airflow/airflow/dags/parallel_dag.py
[2021-12-02 08:26:55,969] {logging_mixin.py:104} INFO - [2021-12-02 08:26:55,969] {dag.py:1832} INFO - Sync 1 DAGs
[2021-12-02 08:26:56,019] {logging_mixin.py:104} INFO - [2021-12-02 08:26:56,018] {dag.py:2305} INFO - Setting next_dagrun for parallel_dag to 2021-12-01 00:00:00+00:00
[2021-12-02 08:26:56,040] {scheduler_job.py:190} INFO - Processing /home/airflow/airflow/dags/parallel_dag.py took 0.227 seconds
[2021-12-02 08:27:26,184] {scheduler_job.py:182} INFO - Started process (PID=285064) to work on /home/airflow/airflow/dags/parallel_dag.py
[2021-12-02 08:27:26,190] {scheduler_job.py:633} INFO - Processing file /home/airflow/airflow/dags/parallel_dag.py for tasks to queue
[2021-12-02 08:27:26,192] {logging_mixin.py:104} INFO - [2021-12-02 08:27:26,192] {dagbag.py:487} INFO - Filling up the DagBag from /home/airflow/airflow/dags/parallel_dag.py
[2021-12-02 08:27:26,220] {scheduler_job.py:643} INFO - DAG(s) dict_keys(['parallel_dag']) retrieved from /home/airflow/airflow/dags/parallel_dag.py
[2021-12-02 08:27:26,274] {logging_mixin.py:104} INFO - [2021-12-02 08:27:26,274] {dag.py:1832} INFO - Sync 1 DAGs
[2021-12-02 08:27:26,318] {logging_mixin.py:104} INFO - [2021-12-02 08:27:26,318] {dag.py:2305} INFO - Setting next_dagrun for parallel_dag to 2021-12-01 00:00:00+00:00
[2021-12-02 08:27:26,342] {scheduler_job.py:190} INFO - Processing /home/airflow/airflow/dags/parallel_dag.py took 0.190 seconds
[2021-12-02 08:27:56,720] {scheduler_job.py:182} INFO - Started process (PID=285072) to work on /home/airflow/airflow/dags/parallel_dag.py
[2021-12-02 08:27:56,757] {scheduler_job.py:633} INFO - Processing file /home/airflow/airflow/dags/parallel_dag.py for tasks to queue
[2021-12-02 08:27:56,760] {logging_mixin.py:104} INFO - [2021-12-02 08:27:56,759] {dagbag.py:487} INFO - Filling up the DagBag from /home/airflow/airflow/dags/parallel_dag.py
[2021-12-02 08:27:56,816] {scheduler_job.py:643} INFO - DAG(s) dict_keys(['parallel_dag']) retrieved from /home/airflow/airflow/dags/parallel_dag.py
[2021-12-02 08:27:56,939] {logging_mixin.py:104} INFO - [2021-12-02 08:27:56,939] {dag.py:1832} INFO - Sync 1 DAGs
[2021-12-02 08:27:57,039] {logging_mixin.py:104} INFO - [2021-12-02 08:27:57,038] {dag.py:2305} INFO - Setting next_dagrun for parallel_dag to 2021-12-01 00:00:00+00:00
[2021-12-02 08:27:57,090] {scheduler_job.py:190} INFO - Processing /home/airflow/airflow/dags/parallel_dag.py took 0.388 seconds
[2021-12-02 08:28:27,455] {scheduler_job.py:182} INFO - Started process (PID=285079) to work on /home/airflow/airflow/dags/parallel_dag.py
[2021-12-02 08:28:27,462] {scheduler_job.py:633} INFO - Processing file /home/airflow/airflow/dags/parallel_dag.py for tasks to queue
[2021-12-02 08:28:27,464] {logging_mixin.py:104} INFO - [2021-12-02 08:28:27,464] {dagbag.py:487} INFO - Filling up the DagBag from /home/airflow/airflow/dags/parallel_dag.py
[2021-12-02 08:28:27,515] {scheduler_job.py:643} INFO - DAG(s) dict_keys(['parallel_dag']) retrieved from /home/airflow/airflow/dags/parallel_dag.py
[2021-12-02 08:28:27,667] {logging_mixin.py:104} INFO - [2021-12-02 08:28:27,666] {dag.py:1832} INFO - Sync 1 DAGs
[2021-12-02 08:28:27,744] {logging_mixin.py:104} INFO - [2021-12-02 08:28:27,744] {dag.py:2305} INFO - Setting next_dagrun for parallel_dag to 2021-12-01 00:00:00+00:00
[2021-12-02 08:28:27,793] {scheduler_job.py:190} INFO - Processing /home/airflow/airflow/dags/parallel_dag.py took 0.360 seconds
[2021-12-02 08:28:57,921] {scheduler_job.py:182} INFO - Started process (PID=285088) to work on /home/airflow/airflow/dags/parallel_dag.py
[2021-12-02 08:28:57,925] {scheduler_job.py:633} INFO - Processing file /home/airflow/airflow/dags/parallel_dag.py for tasks to queue
[2021-12-02 08:28:57,932] {logging_mixin.py:104} INFO - [2021-12-02 08:28:57,932] {dagbag.py:487} INFO - Filling up the DagBag from /home/airflow/airflow/dags/parallel_dag.py
[2021-12-02 08:28:57,974] {scheduler_job.py:643} INFO - DAG(s) dict_keys(['parallel_dag']) retrieved from /home/airflow/airflow/dags/parallel_dag.py
[2021-12-02 08:28:58,089] {logging_mixin.py:104} INFO - [2021-12-02 08:28:58,085] {dag.py:1832} INFO - Sync 1 DAGs
[2021-12-02 08:28:58,169] {logging_mixin.py:104} INFO - [2021-12-02 08:28:58,169] {dag.py:2305} INFO - Setting next_dagrun for parallel_dag to 2021-12-01 00:00:00+00:00
[2021-12-02 08:28:58,200] {scheduler_job.py:190} INFO - Processing /home/airflow/airflow/dags/parallel_dag.py took 0.293 seconds
[2021-12-02 08:29:28,480] {scheduler_job.py:182} INFO - Started process (PID=285095) to work on /home/airflow/airflow/dags/parallel_dag.py
[2021-12-02 08:29:28,486] {scheduler_job.py:633} INFO - Processing file /home/airflow/airflow/dags/parallel_dag.py for tasks to queue
[2021-12-02 08:29:28,488] {logging_mixin.py:104} INFO - [2021-12-02 08:29:28,488] {dagbag.py:487} INFO - Filling up the DagBag from /home/airflow/airflow/dags/parallel_dag.py
[2021-12-02 08:29:28,534] {scheduler_job.py:643} INFO - DAG(s) dict_keys(['parallel_dag']) retrieved from /home/airflow/airflow/dags/parallel_dag.py
[2021-12-02 08:29:28,656] {logging_mixin.py:104} INFO - [2021-12-02 08:29:28,652] {dag.py:1832} INFO - Sync 1 DAGs
[2021-12-02 08:29:28,743] {logging_mixin.py:104} INFO - [2021-12-02 08:29:28,742] {dag.py:2305} INFO - Setting next_dagrun for parallel_dag to 2021-12-01 00:00:00+00:00
[2021-12-02 08:29:28,786] {scheduler_job.py:190} INFO - Processing /home/airflow/airflow/dags/parallel_dag.py took 0.329 seconds
[2021-12-02 08:29:59,075] {scheduler_job.py:182} INFO - Started process (PID=285103) to work on /home/airflow/airflow/dags/parallel_dag.py
[2021-12-02 08:29:59,082] {scheduler_job.py:633} INFO - Processing file /home/airflow/airflow/dags/parallel_dag.py for tasks to queue
[2021-12-02 08:29:59,084] {logging_mixin.py:104} INFO - [2021-12-02 08:29:59,083] {dagbag.py:487} INFO - Filling up the DagBag from /home/airflow/airflow/dags/parallel_dag.py
[2021-12-02 08:29:59,136] {scheduler_job.py:643} INFO - DAG(s) dict_keys(['parallel_dag']) retrieved from /home/airflow/airflow/dags/parallel_dag.py
[2021-12-02 08:29:59,230] {logging_mixin.py:104} INFO - [2021-12-02 08:29:59,230] {dag.py:1832} INFO - Sync 1 DAGs
[2021-12-02 08:29:59,252] {logging_mixin.py:104} INFO - [2021-12-02 08:29:59,252] {dag.py:2305} INFO - Setting next_dagrun for parallel_dag to 2021-12-01 00:00:00+00:00
[2021-12-02 08:29:59,265] {scheduler_job.py:190} INFO - Processing /home/airflow/airflow/dags/parallel_dag.py took 0.214 seconds
[2021-12-02 08:30:29,585] {scheduler_job.py:182} INFO - Started process (PID=285113) to work on /home/airflow/airflow/dags/parallel_dag.py
[2021-12-02 08:30:29,587] {scheduler_job.py:633} INFO - Processing file /home/airflow/airflow/dags/parallel_dag.py for tasks to queue
[2021-12-02 08:30:29,591] {logging_mixin.py:104} INFO - [2021-12-02 08:30:29,591] {dagbag.py:487} INFO - Filling up the DagBag from /home/airflow/airflow/dags/parallel_dag.py
[2021-12-02 08:30:29,608] {scheduler_job.py:643} INFO - DAG(s) dict_keys(['parallel_dag']) retrieved from /home/airflow/airflow/dags/parallel_dag.py
[2021-12-02 08:30:29,667] {logging_mixin.py:104} INFO - [2021-12-02 08:30:29,667] {dag.py:1832} INFO - Sync 1 DAGs
[2021-12-02 08:30:29,722] {logging_mixin.py:104} INFO - [2021-12-02 08:30:29,722] {dag.py:2305} INFO - Setting next_dagrun for parallel_dag to 2021-12-01 00:00:00+00:00
[2021-12-02 08:30:29,748] {scheduler_job.py:190} INFO - Processing /home/airflow/airflow/dags/parallel_dag.py took 0.176 seconds
[2021-12-02 08:30:59,848] {scheduler_job.py:182} INFO - Started process (PID=285121) to work on /home/airflow/airflow/dags/parallel_dag.py
[2021-12-02 08:30:59,853] {scheduler_job.py:633} INFO - Processing file /home/airflow/airflow/dags/parallel_dag.py for tasks to queue
[2021-12-02 08:30:59,862] {logging_mixin.py:104} INFO - [2021-12-02 08:30:59,862] {dagbag.py:487} INFO - Filling up the DagBag from /home/airflow/airflow/dags/parallel_dag.py
[2021-12-02 08:30:59,904] {scheduler_job.py:643} INFO - DAG(s) dict_keys(['parallel_dag']) retrieved from /home/airflow/airflow/dags/parallel_dag.py
[2021-12-02 08:31:00,041] {logging_mixin.py:104} INFO - [2021-12-02 08:31:00,040] {dag.py:1832} INFO - Sync 1 DAGs
[2021-12-02 08:31:00,128] {logging_mixin.py:104} INFO - [2021-12-02 08:31:00,128] {dag.py:2305} INFO - Setting next_dagrun for parallel_dag to 2021-12-01 00:00:00+00:00
[2021-12-02 08:31:00,181] {scheduler_job.py:190} INFO - Processing /home/airflow/airflow/dags/parallel_dag.py took 0.352 seconds
[2021-12-02 08:31:30,328] {scheduler_job.py:182} INFO - Started process (PID=285128) to work on /home/airflow/airflow/dags/parallel_dag.py
[2021-12-02 08:31:30,332] {scheduler_job.py:633} INFO - Processing file /home/airflow/airflow/dags/parallel_dag.py for tasks to queue
[2021-12-02 08:31:30,337] {logging_mixin.py:104} INFO - [2021-12-02 08:31:30,337] {dagbag.py:487} INFO - Filling up the DagBag from /home/airflow/airflow/dags/parallel_dag.py
[2021-12-02 08:31:30,361] {scheduler_job.py:643} INFO - DAG(s) dict_keys(['parallel_dag']) retrieved from /home/airflow/airflow/dags/parallel_dag.py
[2021-12-02 08:31:30,425] {logging_mixin.py:104} INFO - [2021-12-02 08:31:30,425] {dag.py:1832} INFO - Sync 1 DAGs
[2021-12-02 08:31:30,469] {logging_mixin.py:104} INFO - [2021-12-02 08:31:30,469] {dag.py:2305} INFO - Setting next_dagrun for parallel_dag to 2021-12-01 00:00:00+00:00
[2021-12-02 08:31:30,487] {scheduler_job.py:190} INFO - Processing /home/airflow/airflow/dags/parallel_dag.py took 0.175 seconds
[2021-12-02 08:32:00,824] {scheduler_job.py:182} INFO - Started process (PID=285135) to work on /home/airflow/airflow/dags/parallel_dag.py
[2021-12-02 08:32:00,827] {scheduler_job.py:633} INFO - Processing file /home/airflow/airflow/dags/parallel_dag.py for tasks to queue
[2021-12-02 08:32:00,830] {logging_mixin.py:104} INFO - [2021-12-02 08:32:00,829] {dagbag.py:487} INFO - Filling up the DagBag from /home/airflow/airflow/dags/parallel_dag.py
[2021-12-02 08:32:00,881] {scheduler_job.py:643} INFO - DAG(s) dict_keys(['parallel_dag']) retrieved from /home/airflow/airflow/dags/parallel_dag.py
[2021-12-02 08:32:00,961] {logging_mixin.py:104} INFO - [2021-12-02 08:32:00,961] {dag.py:1832} INFO - Sync 1 DAGs
[2021-12-02 08:32:01,014] {logging_mixin.py:104} INFO - [2021-12-02 08:32:01,014] {dag.py:2305} INFO - Setting next_dagrun for parallel_dag to 2021-12-01 00:00:00+00:00
[2021-12-02 08:32:01,040] {scheduler_job.py:190} INFO - Processing /home/airflow/airflow/dags/parallel_dag.py took 0.262 seconds
[2021-12-02 08:32:31,140] {scheduler_job.py:182} INFO - Started process (PID=285143) to work on /home/airflow/airflow/dags/parallel_dag.py
[2021-12-02 08:32:31,142] {scheduler_job.py:633} INFO - Processing file /home/airflow/airflow/dags/parallel_dag.py for tasks to queue
[2021-12-02 08:32:31,143] {logging_mixin.py:104} INFO - [2021-12-02 08:32:31,143] {dagbag.py:487} INFO - Filling up the DagBag from /home/airflow/airflow/dags/parallel_dag.py
[2021-12-02 08:32:31,164] {scheduler_job.py:643} INFO - DAG(s) dict_keys(['parallel_dag']) retrieved from /home/airflow/airflow/dags/parallel_dag.py
[2021-12-02 08:32:31,228] {logging_mixin.py:104} INFO - [2021-12-02 08:32:31,228] {dag.py:1832} INFO - Sync 1 DAGs
[2021-12-02 08:32:31,261] {logging_mixin.py:104} INFO - [2021-12-02 08:32:31,261] {dag.py:2305} INFO - Setting next_dagrun for parallel_dag to 2021-12-01 00:00:00+00:00
[2021-12-02 08:32:31,279] {scheduler_job.py:190} INFO - Processing /home/airflow/airflow/dags/parallel_dag.py took 0.146 seconds
[2021-12-02 08:33:01,359] {scheduler_job.py:182} INFO - Started process (PID=285151) to work on /home/airflow/airflow/dags/parallel_dag.py
[2021-12-02 08:33:01,361] {scheduler_job.py:633} INFO - Processing file /home/airflow/airflow/dags/parallel_dag.py for tasks to queue
[2021-12-02 08:33:01,362] {logging_mixin.py:104} INFO - [2021-12-02 08:33:01,362] {dagbag.py:487} INFO - Filling up the DagBag from /home/airflow/airflow/dags/parallel_dag.py
[2021-12-02 08:33:01,382] {scheduler_job.py:643} INFO - DAG(s) dict_keys(['parallel_dag']) retrieved from /home/airflow/airflow/dags/parallel_dag.py
[2021-12-02 08:33:01,445] {logging_mixin.py:104} INFO - [2021-12-02 08:33:01,445] {dag.py:1832} INFO - Sync 1 DAGs
[2021-12-02 08:33:01,487] {logging_mixin.py:104} INFO - [2021-12-02 08:33:01,487] {dag.py:2305} INFO - Setting next_dagrun for parallel_dag to 2021-12-01 00:00:00+00:00
[2021-12-02 08:33:01,510] {scheduler_job.py:190} INFO - Processing /home/airflow/airflow/dags/parallel_dag.py took 0.163 seconds
[2021-12-02 08:33:31,585] {scheduler_job.py:182} INFO - Started process (PID=285160) to work on /home/airflow/airflow/dags/parallel_dag.py
[2021-12-02 08:33:31,590] {scheduler_job.py:633} INFO - Processing file /home/airflow/airflow/dags/parallel_dag.py for tasks to queue
[2021-12-02 08:33:31,591] {logging_mixin.py:104} INFO - [2021-12-02 08:33:31,591] {dagbag.py:487} INFO - Filling up the DagBag from /home/airflow/airflow/dags/parallel_dag.py
[2021-12-02 08:33:31,602] {scheduler_job.py:643} INFO - DAG(s) dict_keys(['parallel_dag']) retrieved from /home/airflow/airflow/dags/parallel_dag.py
[2021-12-02 08:33:31,641] {logging_mixin.py:104} INFO - [2021-12-02 08:33:31,641] {dag.py:1832} INFO - Sync 1 DAGs
[2021-12-02 08:33:31,665] {logging_mixin.py:104} INFO - [2021-12-02 08:33:31,665] {dag.py:2305} INFO - Setting next_dagrun for parallel_dag to 2021-12-01 00:00:00+00:00
[2021-12-02 08:33:31,680] {scheduler_job.py:190} INFO - Processing /home/airflow/airflow/dags/parallel_dag.py took 0.100 seconds
[2021-12-02 08:34:02,009] {scheduler_job.py:182} INFO - Started process (PID=285168) to work on /home/airflow/airflow/dags/parallel_dag.py
[2021-12-02 08:34:02,015] {scheduler_job.py:633} INFO - Processing file /home/airflow/airflow/dags/parallel_dag.py for tasks to queue
[2021-12-02 08:34:02,017] {logging_mixin.py:104} INFO - [2021-12-02 08:34:02,016] {dagbag.py:487} INFO - Filling up the DagBag from /home/airflow/airflow/dags/parallel_dag.py
[2021-12-02 08:34:02,068] {scheduler_job.py:643} INFO - DAG(s) dict_keys(['parallel_dag']) retrieved from /home/airflow/airflow/dags/parallel_dag.py
[2021-12-02 08:34:02,123] {logging_mixin.py:104} INFO - [2021-12-02 08:34:02,123] {dag.py:1832} INFO - Sync 1 DAGs
[2021-12-02 08:34:02,162] {logging_mixin.py:104} INFO - [2021-12-02 08:34:02,162] {dag.py:2305} INFO - Setting next_dagrun for parallel_dag to 2021-12-01 00:00:00+00:00
[2021-12-02 08:34:02,182] {scheduler_job.py:190} INFO - Processing /home/airflow/airflow/dags/parallel_dag.py took 0.190 seconds
[2021-12-02 08:34:32,409] {scheduler_job.py:182} INFO - Started process (PID=285175) to work on /home/airflow/airflow/dags/parallel_dag.py
[2021-12-02 08:34:32,420] {scheduler_job.py:633} INFO - Processing file /home/airflow/airflow/dags/parallel_dag.py for tasks to queue
[2021-12-02 08:34:32,422] {logging_mixin.py:104} INFO - [2021-12-02 08:34:32,422] {dagbag.py:487} INFO - Filling up the DagBag from /home/airflow/airflow/dags/parallel_dag.py
[2021-12-02 08:34:32,484] {scheduler_job.py:643} INFO - DAG(s) dict_keys(['parallel_dag']) retrieved from /home/airflow/airflow/dags/parallel_dag.py
[2021-12-02 08:34:32,591] {logging_mixin.py:104} INFO - [2021-12-02 08:34:32,591] {dag.py:1832} INFO - Sync 1 DAGs
[2021-12-02 08:34:32,648] {logging_mixin.py:104} INFO - [2021-12-02 08:34:32,648] {dag.py:2305} INFO - Setting next_dagrun for parallel_dag to 2021-12-01 00:00:00+00:00
[2021-12-02 08:34:32,685] {scheduler_job.py:190} INFO - Processing /home/airflow/airflow/dags/parallel_dag.py took 0.296 seconds
[2021-12-02 08:35:03,250] {scheduler_job.py:182} INFO - Started process (PID=285186) to work on /home/airflow/airflow/dags/parallel_dag.py
[2021-12-02 08:35:03,272] {scheduler_job.py:633} INFO - Processing file /home/airflow/airflow/dags/parallel_dag.py for tasks to queue
[2021-12-02 08:35:03,282] {logging_mixin.py:104} INFO - [2021-12-02 08:35:03,281] {dagbag.py:487} INFO - Filling up the DagBag from /home/airflow/airflow/dags/parallel_dag.py
[2021-12-02 08:35:03,326] {scheduler_job.py:643} INFO - DAG(s) dict_keys(['parallel_dag']) retrieved from /home/airflow/airflow/dags/parallel_dag.py
[2021-12-02 08:35:03,450] {logging_mixin.py:104} INFO - [2021-12-02 08:35:03,450] {dag.py:1832} INFO - Sync 1 DAGs
[2021-12-02 08:35:03,550] {logging_mixin.py:104} INFO - [2021-12-02 08:35:03,549] {dag.py:2305} INFO - Setting next_dagrun for parallel_dag to 2021-12-01 00:00:00+00:00
[2021-12-02 08:35:03,602] {scheduler_job.py:190} INFO - Processing /home/airflow/airflow/dags/parallel_dag.py took 0.368 seconds
[2021-12-02 08:35:33,957] {scheduler_job.py:182} INFO - Started process (PID=285193) to work on /home/airflow/airflow/dags/parallel_dag.py
[2021-12-02 08:35:33,961] {scheduler_job.py:633} INFO - Processing file /home/airflow/airflow/dags/parallel_dag.py for tasks to queue
[2021-12-02 08:35:33,963] {logging_mixin.py:104} INFO - [2021-12-02 08:35:33,962] {dagbag.py:487} INFO - Filling up the DagBag from /home/airflow/airflow/dags/parallel_dag.py
[2021-12-02 08:35:34,016] {scheduler_job.py:643} INFO - DAG(s) dict_keys(['parallel_dag']) retrieved from /home/airflow/airflow/dags/parallel_dag.py
[2021-12-02 08:35:34,177] {logging_mixin.py:104} INFO - [2021-12-02 08:35:34,177] {dag.py:1832} INFO - Sync 1 DAGs
[2021-12-02 08:35:34,281] {logging_mixin.py:104} INFO - [2021-12-02 08:35:34,281] {dag.py:2305} INFO - Setting next_dagrun for parallel_dag to 2021-12-01 00:00:00+00:00
[2021-12-02 08:35:34,319] {scheduler_job.py:190} INFO - Processing /home/airflow/airflow/dags/parallel_dag.py took 0.380 seconds
[2021-12-02 15:03:30,003] {scheduler_job.py:182} INFO - Started process (PID=285198) to work on /home/airflow/airflow/dags/parallel_dag.py
[2021-12-02 15:03:30,007] {scheduler_job.py:633} INFO - Processing file /home/airflow/airflow/dags/parallel_dag.py for tasks to queue
[2021-12-02 15:03:30,023] {logging_mixin.py:104} INFO - [2021-12-02 15:03:30,022] {dagbag.py:487} INFO - Filling up the DagBag from /home/airflow/airflow/dags/parallel_dag.py
[2021-12-02 15:03:30,131] {scheduler_job.py:643} INFO - DAG(s) dict_keys(['parallel_dag']) retrieved from /home/airflow/airflow/dags/parallel_dag.py
[2021-12-02 15:03:30,499] {logging_mixin.py:104} INFO - [2021-12-02 15:03:30,498] {dag.py:1832} INFO - Sync 1 DAGs
[2021-12-02 15:03:30,716] {logging_mixin.py:104} INFO - [2021-12-02 15:03:30,715] {dag.py:2305} INFO - Setting next_dagrun for parallel_dag to 2021-12-01 00:00:00+00:00
[2021-12-02 15:03:30,793] {scheduler_job.py:190} INFO - Processing /home/airflow/airflow/dags/parallel_dag.py took 0.832 seconds
[2021-12-02 15:04:01,208] {scheduler_job.py:182} INFO - Started process (PID=285207) to work on /home/airflow/airflow/dags/parallel_dag.py
[2021-12-02 15:04:01,214] {scheduler_job.py:633} INFO - Processing file /home/airflow/airflow/dags/parallel_dag.py for tasks to queue
[2021-12-02 15:04:01,217] {logging_mixin.py:104} INFO - [2021-12-02 15:04:01,217] {dagbag.py:487} INFO - Filling up the DagBag from /home/airflow/airflow/dags/parallel_dag.py
[2021-12-02 15:04:01,293] {scheduler_job.py:643} INFO - DAG(s) dict_keys(['parallel_dag']) retrieved from /home/airflow/airflow/dags/parallel_dag.py
[2021-12-02 15:04:01,505] {logging_mixin.py:104} INFO - [2021-12-02 15:04:01,505] {dag.py:1832} INFO - Sync 1 DAGs
[2021-12-02 15:04:01,556] {logging_mixin.py:104} INFO - [2021-12-02 15:04:01,556] {dag.py:2305} INFO - Setting next_dagrun for parallel_dag to 2021-12-01 00:00:00+00:00
[2021-12-02 15:04:01,587] {scheduler_job.py:190} INFO - Processing /home/airflow/airflow/dags/parallel_dag.py took 0.455 seconds
[2021-12-02 15:04:31,979] {scheduler_job.py:182} INFO - Started process (PID=285215) to work on /home/airflow/airflow/dags/parallel_dag.py
[2021-12-02 15:04:32,004] {scheduler_job.py:633} INFO - Processing file /home/airflow/airflow/dags/parallel_dag.py for tasks to queue
[2021-12-02 15:04:32,022] {logging_mixin.py:104} INFO - [2021-12-02 15:04:32,006] {dagbag.py:487} INFO - Filling up the DagBag from /home/airflow/airflow/dags/parallel_dag.py
[2021-12-02 15:04:32,090] {scheduler_job.py:643} INFO - DAG(s) dict_keys(['parallel_dag']) retrieved from /home/airflow/airflow/dags/parallel_dag.py
[2021-12-02 15:04:32,208] {logging_mixin.py:104} INFO - [2021-12-02 15:04:32,208] {dag.py:1832} INFO - Sync 1 DAGs
[2021-12-02 15:04:32,247] {logging_mixin.py:104} INFO - [2021-12-02 15:04:32,246] {dag.py:2305} INFO - Setting next_dagrun for parallel_dag to 2021-12-01 00:00:00+00:00
[2021-12-02 15:04:32,267] {scheduler_job.py:190} INFO - Processing /home/airflow/airflow/dags/parallel_dag.py took 0.360 seconds
[2021-12-02 15:05:02,545] {scheduler_job.py:182} INFO - Started process (PID=285226) to work on /home/airflow/airflow/dags/parallel_dag.py
[2021-12-02 15:05:02,578] {scheduler_job.py:633} INFO - Processing file /home/airflow/airflow/dags/parallel_dag.py for tasks to queue
[2021-12-02 15:05:02,596] {logging_mixin.py:104} INFO - [2021-12-02 15:05:02,595] {dagbag.py:487} INFO - Filling up the DagBag from /home/airflow/airflow/dags/parallel_dag.py
[2021-12-02 15:05:02,717] {scheduler_job.py:643} INFO - DAG(s) dict_keys(['parallel_dag']) retrieved from /home/airflow/airflow/dags/parallel_dag.py
[2021-12-02 15:05:02,943] {logging_mixin.py:104} INFO - [2021-12-02 15:05:02,943] {dag.py:1832} INFO - Sync 1 DAGs
[2021-12-02 15:05:03,038] {logging_mixin.py:104} INFO - [2021-12-02 15:05:03,038] {dag.py:2305} INFO - Setting next_dagrun for parallel_dag to 2021-12-01 00:00:00+00:00
[2021-12-02 15:05:03,091] {scheduler_job.py:190} INFO - Processing /home/airflow/airflow/dags/parallel_dag.py took 0.609 seconds
[2021-12-02 15:05:33,340] {scheduler_job.py:182} INFO - Started process (PID=285236) to work on /home/airflow/airflow/dags/parallel_dag.py
[2021-12-02 15:05:33,363] {scheduler_job.py:633} INFO - Processing file /home/airflow/airflow/dags/parallel_dag.py for tasks to queue
[2021-12-02 15:05:33,365] {logging_mixin.py:104} INFO - [2021-12-02 15:05:33,365] {dagbag.py:487} INFO - Filling up the DagBag from /home/airflow/airflow/dags/parallel_dag.py
[2021-12-02 15:05:33,447] {scheduler_job.py:643} INFO - DAG(s) dict_keys(['parallel_dag']) retrieved from /home/airflow/airflow/dags/parallel_dag.py
[2021-12-02 15:05:33,544] {logging_mixin.py:104} INFO - [2021-12-02 15:05:33,543] {dag.py:1832} INFO - Sync 1 DAGs
[2021-12-02 15:05:33,603] {logging_mixin.py:104} INFO - [2021-12-02 15:05:33,603] {dag.py:2305} INFO - Setting next_dagrun for parallel_dag to 2021-12-01 00:00:00+00:00
[2021-12-02 15:05:33,628] {scheduler_job.py:190} INFO - Processing /home/airflow/airflow/dags/parallel_dag.py took 0.321 seconds
[2021-12-02 15:06:03,884] {scheduler_job.py:182} INFO - Started process (PID=285243) to work on /home/airflow/airflow/dags/parallel_dag.py
[2021-12-02 15:06:03,886] {scheduler_job.py:633} INFO - Processing file /home/airflow/airflow/dags/parallel_dag.py for tasks to queue
[2021-12-02 15:06:03,910] {logging_mixin.py:104} INFO - [2021-12-02 15:06:03,910] {dagbag.py:487} INFO - Filling up the DagBag from /home/airflow/airflow/dags/parallel_dag.py
[2021-12-02 15:06:03,935] {scheduler_job.py:643} INFO - DAG(s) dict_keys(['parallel_dag']) retrieved from /home/airflow/airflow/dags/parallel_dag.py
[2021-12-02 15:06:04,007] {logging_mixin.py:104} INFO - [2021-12-02 15:06:04,007] {dag.py:1832} INFO - Sync 1 DAGs
[2021-12-02 15:06:04,046] {logging_mixin.py:104} INFO - [2021-12-02 15:06:04,046] {dag.py:2305} INFO - Setting next_dagrun for parallel_dag to 2021-12-01 00:00:00+00:00
[2021-12-02 15:06:04,076] {scheduler_job.py:190} INFO - Processing /home/airflow/airflow/dags/parallel_dag.py took 0.211 seconds
[2021-12-02 15:06:34,368] {scheduler_job.py:182} INFO - Started process (PID=285251) to work on /home/airflow/airflow/dags/parallel_dag.py
[2021-12-02 15:06:34,383] {scheduler_job.py:633} INFO - Processing file /home/airflow/airflow/dags/parallel_dag.py for tasks to queue
[2021-12-02 15:06:34,386] {logging_mixin.py:104} INFO - [2021-12-02 15:06:34,385] {dagbag.py:487} INFO - Filling up the DagBag from /home/airflow/airflow/dags/parallel_dag.py
[2021-12-02 15:06:34,452] {scheduler_job.py:643} INFO - DAG(s) dict_keys(['parallel_dag']) retrieved from /home/airflow/airflow/dags/parallel_dag.py
[2021-12-02 15:06:34,590] {logging_mixin.py:104} INFO - [2021-12-02 15:06:34,590] {dag.py:1832} INFO - Sync 1 DAGs
[2021-12-02 15:06:34,625] {logging_mixin.py:104} INFO - [2021-12-02 15:06:34,625] {dag.py:2305} INFO - Setting next_dagrun for parallel_dag to 2021-12-01 00:00:00+00:00
[2021-12-02 15:06:34,658] {scheduler_job.py:190} INFO - Processing /home/airflow/airflow/dags/parallel_dag.py took 0.327 seconds
[2021-12-02 15:07:04,888] {scheduler_job.py:182} INFO - Started process (PID=285259) to work on /home/airflow/airflow/dags/parallel_dag.py
[2021-12-02 15:07:04,890] {scheduler_job.py:633} INFO - Processing file /home/airflow/airflow/dags/parallel_dag.py for tasks to queue
[2021-12-02 15:07:04,892] {logging_mixin.py:104} INFO - [2021-12-02 15:07:04,891] {dagbag.py:487} INFO - Filling up the DagBag from /home/airflow/airflow/dags/parallel_dag.py
[2021-12-02 15:07:04,933] {scheduler_job.py:643} INFO - DAG(s) dict_keys(['parallel_dag']) retrieved from /home/airflow/airflow/dags/parallel_dag.py
[2021-12-02 15:07:05,034] {logging_mixin.py:104} INFO - [2021-12-02 15:07:05,034] {dag.py:1832} INFO - Sync 1 DAGs
[2021-12-02 15:07:05,067] {logging_mixin.py:104} INFO - [2021-12-02 15:07:05,067] {dag.py:2305} INFO - Setting next_dagrun for parallel_dag to 2021-12-01 00:00:00+00:00
[2021-12-02 15:07:05,083] {scheduler_job.py:190} INFO - Processing /home/airflow/airflow/dags/parallel_dag.py took 0.233 seconds
[2021-12-02 15:07:35,398] {scheduler_job.py:182} INFO - Started process (PID=285267) to work on /home/airflow/airflow/dags/parallel_dag.py
[2021-12-02 15:07:35,416] {scheduler_job.py:633} INFO - Processing file /home/airflow/airflow/dags/parallel_dag.py for tasks to queue
[2021-12-02 15:07:35,418] {logging_mixin.py:104} INFO - [2021-12-02 15:07:35,417] {dagbag.py:487} INFO - Filling up the DagBag from /home/airflow/airflow/dags/parallel_dag.py
[2021-12-02 15:07:35,472] {scheduler_job.py:643} INFO - DAG(s) dict_keys(['parallel_dag']) retrieved from /home/airflow/airflow/dags/parallel_dag.py
[2021-12-02 15:07:35,610] {logging_mixin.py:104} INFO - [2021-12-02 15:07:35,610] {dag.py:1832} INFO - Sync 1 DAGs
[2021-12-02 15:07:35,660] {logging_mixin.py:104} INFO - [2021-12-02 15:07:35,660] {dag.py:2305} INFO - Setting next_dagrun for parallel_dag to 2021-12-01 00:00:00+00:00
[2021-12-02 15:07:35,693] {scheduler_job.py:190} INFO - Processing /home/airflow/airflow/dags/parallel_dag.py took 0.348 seconds
[2021-12-02 15:08:06,015] {scheduler_job.py:182} INFO - Started process (PID=285276) to work on /home/airflow/airflow/dags/parallel_dag.py
[2021-12-02 15:08:06,031] {scheduler_job.py:633} INFO - Processing file /home/airflow/airflow/dags/parallel_dag.py for tasks to queue
[2021-12-02 15:08:06,033] {logging_mixin.py:104} INFO - [2021-12-02 15:08:06,032] {dagbag.py:487} INFO - Filling up the DagBag from /home/airflow/airflow/dags/parallel_dag.py
[2021-12-02 15:08:06,113] {scheduler_job.py:643} INFO - DAG(s) dict_keys(['parallel_dag']) retrieved from /home/airflow/airflow/dags/parallel_dag.py
[2021-12-02 15:08:06,358] {logging_mixin.py:104} INFO - [2021-12-02 15:08:06,358] {dag.py:1832} INFO - Sync 1 DAGs
[2021-12-02 15:08:06,456] {logging_mixin.py:104} INFO - [2021-12-02 15:08:06,455] {dag.py:2305} INFO - Setting next_dagrun for parallel_dag to 2021-12-01 00:00:00+00:00
[2021-12-02 15:08:06,509] {scheduler_job.py:190} INFO - Processing /home/airflow/airflow/dags/parallel_dag.py took 0.555 seconds
[2021-12-02 15:08:36,782] {scheduler_job.py:182} INFO - Started process (PID=285284) to work on /home/airflow/airflow/dags/parallel_dag.py
[2021-12-02 15:08:36,786] {scheduler_job.py:633} INFO - Processing file /home/airflow/airflow/dags/parallel_dag.py for tasks to queue
[2021-12-02 15:08:36,788] {logging_mixin.py:104} INFO - [2021-12-02 15:08:36,788] {dagbag.py:487} INFO - Filling up the DagBag from /home/airflow/airflow/dags/parallel_dag.py
[2021-12-02 15:08:36,861] {scheduler_job.py:643} INFO - DAG(s) dict_keys(['parallel_dag']) retrieved from /home/airflow/airflow/dags/parallel_dag.py
[2021-12-02 15:08:37,031] {logging_mixin.py:104} INFO - [2021-12-02 15:08:37,031] {dag.py:1832} INFO - Sync 1 DAGs
[2021-12-02 15:08:37,137] {logging_mixin.py:104} INFO - [2021-12-02 15:08:37,131] {dag.py:2305} INFO - Setting next_dagrun for parallel_dag to 2021-12-01 00:00:00+00:00
[2021-12-02 15:08:37,187] {scheduler_job.py:190} INFO - Processing /home/airflow/airflow/dags/parallel_dag.py took 0.443 seconds
[2021-12-02 15:09:07,438] {scheduler_job.py:182} INFO - Started process (PID=285296) to work on /home/airflow/airflow/dags/parallel_dag.py
[2021-12-02 15:09:07,441] {scheduler_job.py:633} INFO - Processing file /home/airflow/airflow/dags/parallel_dag.py for tasks to queue
[2021-12-02 15:09:07,442] {logging_mixin.py:104} INFO - [2021-12-02 15:09:07,442] {dagbag.py:487} INFO - Filling up the DagBag from /home/airflow/airflow/dags/parallel_dag.py
[2021-12-02 15:09:07,608] {scheduler_job.py:643} INFO - DAG(s) dict_keys(['parallel_dag']) retrieved from /home/airflow/airflow/dags/parallel_dag.py
[2021-12-02 15:09:08,118] {logging_mixin.py:104} INFO - [2021-12-02 15:09:08,118] {dag.py:1832} INFO - Sync 1 DAGs
[2021-12-02 15:09:08,283] {logging_mixin.py:104} INFO - [2021-12-02 15:09:08,283] {dag.py:2305} INFO - Setting next_dagrun for parallel_dag to 2021-12-01 00:00:00+00:00
[2021-12-02 15:09:08,419] {scheduler_job.py:190} INFO - Processing /home/airflow/airflow/dags/parallel_dag.py took 1.025 seconds
[2021-12-02 15:09:38,689] {scheduler_job.py:182} INFO - Started process (PID=285303) to work on /home/airflow/airflow/dags/parallel_dag.py
[2021-12-02 15:09:38,691] {scheduler_job.py:633} INFO - Processing file /home/airflow/airflow/dags/parallel_dag.py for tasks to queue
[2021-12-02 15:09:38,692] {logging_mixin.py:104} INFO - [2021-12-02 15:09:38,692] {dagbag.py:487} INFO - Filling up the DagBag from /home/airflow/airflow/dags/parallel_dag.py
[2021-12-02 15:09:38,737] {scheduler_job.py:643} INFO - DAG(s) dict_keys(['parallel_dag']) retrieved from /home/airflow/airflow/dags/parallel_dag.py
[2021-12-02 15:09:38,837] {logging_mixin.py:104} INFO - [2021-12-02 15:09:38,837] {dag.py:1832} INFO - Sync 1 DAGs
[2021-12-02 15:09:38,865] {logging_mixin.py:104} INFO - [2021-12-02 15:09:38,865] {dag.py:2305} INFO - Setting next_dagrun for parallel_dag to 2021-12-01 00:00:00+00:00
[2021-12-02 15:09:38,880] {scheduler_job.py:190} INFO - Processing /home/airflow/airflow/dags/parallel_dag.py took 0.197 seconds
[2021-12-02 15:10:08,989] {scheduler_job.py:182} INFO - Started process (PID=285312) to work on /home/airflow/airflow/dags/parallel_dag.py
[2021-12-02 15:10:09,003] {scheduler_job.py:633} INFO - Processing file /home/airflow/airflow/dags/parallel_dag.py for tasks to queue
[2021-12-02 15:10:09,004] {logging_mixin.py:104} INFO - [2021-12-02 15:10:09,004] {dagbag.py:487} INFO - Filling up the DagBag from /home/airflow/airflow/dags/parallel_dag.py
[2021-12-02 15:10:09,025] {scheduler_job.py:643} INFO - DAG(s) dict_keys(['parallel_dag']) retrieved from /home/airflow/airflow/dags/parallel_dag.py
[2021-12-02 15:10:09,093] {logging_mixin.py:104} INFO - [2021-12-02 15:10:09,093] {dag.py:1832} INFO - Sync 1 DAGs
[2021-12-02 15:10:09,117] {logging_mixin.py:104} INFO - [2021-12-02 15:10:09,116] {dag.py:2305} INFO - Setting next_dagrun for parallel_dag to 2021-12-01 00:00:00+00:00
[2021-12-02 15:10:09,133] {scheduler_job.py:190} INFO - Processing /home/airflow/airflow/dags/parallel_dag.py took 0.148 seconds
                                                                                                              