[2021-11-28 06:27:15,358] {taskinstance.py:876} INFO - Dependencies all met for <TaskInstance: parallel_dag.task_1 2021-11-27T00:00:00+00:00 [queued]>
[2021-11-28 06:27:15,641] {taskinstance.py:876} INFO - Dependencies all met for <TaskInstance: parallel_dag.task_1 2021-11-27T00:00:00+00:00 [queued]>
[2021-11-28 06:27:15,688] {taskinstance.py:1067} INFO - 
--------------------------------------------------------------------------------
[2021-11-28 06:27:15,688] {taskinstance.py:1068} INFO - Starting attempt 1 of 1
[2021-11-28 06:27:15,689] {taskinstance.py:1069} INFO - 
--------------------------------------------------------------------------------
[2021-11-28 06:27:16,234] {taskinstance.py:1087} INFO - Executing <Task(BashOperator): task_1> on 2021-11-27T00:00:00+00:00
[2021-11-28 06:27:16,266] {standard_task_runner.py:52} INFO - Started process 33184 to run task
[2021-11-28 06:27:16,348] {standard_task_runner.py:76} INFO - Running: ['airflow', 'tasks', 'run', 'parallel_dag', 'task_1', '2021-11-27T00:00:00+00:00', '--job-id', '2', '--pool', 'default_pool', '--raw', '--subdir', 'DAGS_FOLDER/parallel_dag.py', '--cfg-path', '/tmp/tmpdhbax55o', '--error-file', '/tmp/tmpadi3txxz']
[2021-11-28 06:27:16,365] {standard_task_runner.py:77} INFO - Job 2: Subtask task_1
[2021-11-28 06:27:17,240] {logging_mixin.py:104} INFO - Running <TaskInstance: parallel_dag.task_1 2021-11-27T00:00:00+00:00 [running]> on host airflowvm
[2021-11-28 06:27:18,138] {taskinstance.py:1280} INFO - Exporting the following env vars:
AIRFLOW_CTX_DAG_OWNER=airflow
AIRFLOW_CTX_DAG_ID=parallel_dag
AIRFLOW_CTX_TASK_ID=task_1
AIRFLOW_CTX_EXECUTION_DATE=2021-11-27T00:00:00+00:00
AIRFLOW_CTX_DAG_RUN_ID=scheduled__2021-11-27T00:00:00+00:00
[2021-11-28 06:27:18,139] {subprocess.py:52} INFO - Tmp dir root location: 
 /tmp
[2021-11-28 06:27:18,140] {subprocess.py:63} INFO - Running command: ['bash', '-c', 'sleep 3']
[2021-11-28 06:27:18,269] {subprocess.py:75} INFO - Output:
[2021-11-28 06:27:21,298] {subprocess.py:83} INFO - Command exited with return code 0
[2021-11-28 06:27:21,843] {taskinstance.py:1184} INFO - Marking task as SUCCESS. dag_id=parallel_dag, task_id=task_1, execution_date=20211127T000000, start_date=20211128T062715, end_date=20211128T062721
[2021-11-28 06:27:22,409] {taskinstance.py:1245} INFO - 2 downstream tasks scheduled from follow-on schedule check
[2021-11-28 06:27:22,538] {local_task_job.py:151} INFO - Task exited with return code 0
