[2021-11-27 14:14:26,310] {taskinstance.py:876} INFO - Dependencies all met for <TaskInstance: parallel_dag.task_1 2021-11-26T00:00:00+00:00 [queued]>
[2021-11-27 14:14:26,314] {taskinstance.py:876} INFO - Dependencies all met for <TaskInstance: parallel_dag.task_1 2021-11-26T00:00:00+00:00 [queued]>
[2021-11-27 14:14:26,315] {taskinstance.py:1067} INFO - 
--------------------------------------------------------------------------------
[2021-11-27 14:14:26,315] {taskinstance.py:1068} INFO - Starting attempt 1 of 1
[2021-11-27 14:14:26,315] {taskinstance.py:1069} INFO - 
--------------------------------------------------------------------------------
[2021-11-27 14:14:26,340] {taskinstance.py:1087} INFO - Executing <Task(BashOperator): task_1> on 2021-11-26T00:00:00+00:00
[2021-11-27 14:14:26,341] {standard_task_runner.py:52} INFO - Started process 13666 to run task
[2021-11-27 14:14:26,348] {standard_task_runner.py:76} INFO - Running: ['airflow', 'tasks', 'run', 'parallel_dag', 'task_1', '2021-11-26T00:00:00+00:00', '--job-id', '98', '--pool', 'default_pool', '--raw', '--subdir', 'DAGS_FOLDER/parallel_dag.py', '--cfg-path', '/tmp/tmpge7juv4j', '--error-file', '/tmp/tmpwlza5y1x']
[2021-11-27 14:14:26,349] {standard_task_runner.py:77} INFO - Job 98: Subtask task_1
[2021-11-27 14:14:26,408] {logging_mixin.py:104} INFO - Running <TaskInstance: parallel_dag.task_1 2021-11-26T00:00:00+00:00 [running]> on host airflowvm
[2021-11-27 14:14:26,534] {taskinstance.py:1280} INFO - Exporting the following env vars:
AIRFLOW_CTX_DAG_OWNER=airflow
AIRFLOW_CTX_DAG_ID=parallel_dag
AIRFLOW_CTX_TASK_ID=task_1
AIRFLOW_CTX_EXECUTION_DATE=2021-11-26T00:00:00+00:00
AIRFLOW_CTX_DAG_RUN_ID=scheduled__2021-11-26T00:00:00+00:00
[2021-11-27 14:14:26,535] {subprocess.py:52} INFO - Tmp dir root location: 
 /tmp
[2021-11-27 14:14:26,536] {subprocess.py:63} INFO - Running command: ['bash', '-c', 'sleep 3']
[2021-11-27 14:14:26,539] {subprocess.py:75} INFO - Output:
[2021-11-27 14:14:29,544] {subprocess.py:83} INFO - Command exited with return code 0
[2021-11-27 14:14:29,576] {taskinstance.py:1184} INFO - Marking task as SUCCESS. dag_id=parallel_dag, task_id=task_1, execution_date=20211126T000000, start_date=20211127T141426, end_date=20211127T141429
[2021-11-27 14:14:29,619] {taskinstance.py:1245} INFO - 2 downstream tasks scheduled from follow-on schedule check
[2021-11-27 14:14:29,648] {local_task_job.py:151} INFO - Task exited with return code 0
