[2021-11-29 12:34:06,755] {taskinstance.py:876} INFO - Dependencies all met for <TaskInstance: parallel_dag.task_4 2020-02-07T00:00:00+00:00 [queued]>
[2021-11-29 12:34:06,943] {taskinstance.py:876} INFO - Dependencies all met for <TaskInstance: parallel_dag.task_4 2020-02-07T00:00:00+00:00 [queued]>
[2021-11-29 12:34:06,944] {taskinstance.py:1067} INFO - 
--------------------------------------------------------------------------------
[2021-11-29 12:34:06,944] {taskinstance.py:1068} INFO - Starting attempt 1 of 1
[2021-11-29 12:34:06,945] {taskinstance.py:1069} INFO - 
--------------------------------------------------------------------------------
[2021-11-29 12:34:07,049] {taskinstance.py:1087} INFO - Executing <Task(BashOperator): task_4> on 2020-02-07T00:00:00+00:00
[2021-11-29 12:34:07,141] {standard_task_runner.py:52} INFO - Started process 150588 to run task
[2021-11-29 12:34:07,211] {standard_task_runner.py:76} INFO - Running: ['airflow', 'tasks', 'run', 'parallel_dag', 'task_4', '2020-02-07T00:00:00+00:00', '--job-id', '346', '--pool', 'default_pool', '--raw', '--subdir', 'DAGS_FOLDER/parallel_dag.py', '--cfg-path', '/tmp/tmp86do9yov', '--error-file', '/tmp/tmp06hzcc15']
[2021-11-29 12:34:07,278] {standard_task_runner.py:77} INFO - Job 346: Subtask task_4
[2021-11-29 12:34:07,870] {logging_mixin.py:104} INFO - Running <TaskInstance: parallel_dag.task_4 2020-02-07T00:00:00+00:00 [running]> on host airflowvm
[2021-11-29 12:34:08,393] {taskinstance.py:1280} INFO - Exporting the following env vars:
AIRFLOW_CTX_DAG_OWNER=airflow
AIRFLOW_CTX_DAG_ID=parallel_dag
AIRFLOW_CTX_TASK_ID=task_4
AIRFLOW_CTX_EXECUTION_DATE=2020-02-07T00:00:00+00:00
AIRFLOW_CTX_DAG_RUN_ID=scheduled__2020-02-07T00:00:00+00:00
[2021-11-29 12:34:08,405] {subprocess.py:52} INFO - Tmp dir root location: 
 /tmp
[2021-11-29 12:34:08,406] {subprocess.py:63} INFO - Running command: ['bash', '-c', 'sleep 3']
[2021-11-29 12:34:08,463] {subprocess.py:75} INFO - Output:
[2021-11-29 12:34:11,533] {subprocess.py:83} INFO - Command exited with return code 0
[2021-11-29 12:34:11,930] {taskinstance.py:1184} INFO - Marking task as SUCCESS. dag_id=parallel_dag, task_id=task_4, execution_date=20200207T000000, start_date=20211129T123406, end_date=20211129T123411
[2021-11-29 12:34:12,380] {taskinstance.py:1245} INFO - 0 downstream tasks scheduled from follow-on schedule check
[2021-11-29 12:34:12,580] {local_task_job.py:151} INFO - Task exited with return code 0
