[2021-12-06 10:19:56,717] {taskinstance.py:876} INFO - Dependencies all met for <TaskInstance: parallel_dag.processing_tasks.task_2 2021-12-01T00:00:00+00:00 [queued]>
[2021-12-06 10:19:56,834] {taskinstance.py:876} INFO - Dependencies all met for <TaskInstance: parallel_dag.processing_tasks.task_2 2021-12-01T00:00:00+00:00 [queued]>
[2021-12-06 10:19:56,848] {taskinstance.py:1067} INFO - 
--------------------------------------------------------------------------------
[2021-12-06 10:19:56,849] {taskinstance.py:1068} INFO - Starting attempt 1 of 1
[2021-12-06 10:19:56,850] {taskinstance.py:1069} INFO - 
--------------------------------------------------------------------------------
[2021-12-06 10:19:56,920] {taskinstance.py:1087} INFO - Executing <Task(BashOperator): processing_tasks.task_2> on 2021-12-01T00:00:00+00:00
[2021-12-06 10:19:56,945] {standard_task_runner.py:76} INFO - Running: ['airflow', 'tasks', 'run', 'parallel_dag', 'processing_tasks.task_2', '2021-12-01T00:00:00+00:00', '--job-id', '699', '--pool', 'default_pool', '--raw', '--subdir', 'DAGS_FOLDER/parallel_dag.py', '--cfg-path', '/tmp/tmp3h74s68v', '--error-file', '/tmp/tmpr3ig5gda']
[2021-12-06 10:19:56,953] {standard_task_runner.py:52} INFO - Started process 6287 to run task
[2021-12-06 10:19:56,988] {standard_task_runner.py:77} INFO - Job 699: Subtask processing_tasks.task_2
[2021-12-06 10:19:57,798] {logging_mixin.py:104} INFO - Running <TaskInstance: parallel_dag.processing_tasks.task_2 2021-12-01T00:00:00+00:00 [running]> on host airflowvm
[2021-12-06 10:19:58,740] {taskinstance.py:1280} INFO - Exporting the following env vars:
AIRFLOW_CTX_DAG_OWNER=airflow
AIRFLOW_CTX_DAG_ID=parallel_dag
AIRFLOW_CTX_TASK_ID=processing_tasks.task_2
AIRFLOW_CTX_EXECUTION_DATE=2021-12-01T00:00:00+00:00
AIRFLOW_CTX_DAG_RUN_ID=scheduled__2021-12-01T00:00:00+00:00
[2021-12-06 10:19:58,743] {subprocess.py:52} INFO - Tmp dir root location: 
 /tmp
[2021-12-06 10:19:58,744] {subprocess.py:63} INFO - Running command: ['bash', '-c', 'sleep 3']
[2021-12-06 10:19:58,770] {subprocess.py:75} INFO - Output:
[2021-12-06 10:20:01,823] {subprocess.py:83} INFO - Command exited with return code 0
[2021-12-06 10:20:02,270] {taskinstance.py:1184} INFO - Marking task as SUCCESS. dag_id=parallel_dag, task_id=processing_tasks.task_2, execution_date=20211201T000000, start_date=20211206T101956, end_date=20211206T102002
[2021-12-06 10:20:02,858] {taskinstance.py:1245} INFO - 1 downstream tasks scheduled from follow-on schedule check
[2021-12-06 10:20:02,897] {local_task_job.py:151} INFO - Task exited with return code 0
