[2021-12-06 10:47:17,494] {taskinstance.py:876} INFO - Dependencies all met for <TaskInstance: xcom_dag.task_4 2021-12-06T10:47:08.202390+00:00 [queued]>
[2021-12-06 10:47:17,589] {taskinstance.py:876} INFO - Dependencies all met for <TaskInstance: xcom_dag.task_4 2021-12-06T10:47:08.202390+00:00 [queued]>
[2021-12-06 10:47:17,590] {taskinstance.py:1067} INFO - 
--------------------------------------------------------------------------------
[2021-12-06 10:47:17,590] {taskinstance.py:1068} INFO - Starting attempt 1 of 1
[2021-12-06 10:47:17,591] {taskinstance.py:1069} INFO - 
--------------------------------------------------------------------------------
[2021-12-06 10:47:17,632] {taskinstance.py:1087} INFO - Executing <Task(PythonOperator): task_4> on 2021-12-06T10:47:08.202390+00:00
[2021-12-06 10:47:17,635] {standard_task_runner.py:52} INFO - Started process 14160 to run task
[2021-12-06 10:47:17,641] {standard_task_runner.py:76} INFO - Running: ['airflow', 'tasks', 'run', 'xcom_dag', 'task_4', '2021-12-06T10:47:08.202390+00:00', '--job-id', '716', '--pool', 'default_pool', '--raw', '--subdir', 'DAGS_FOLDER/xcom_dag.py', '--cfg-path', '/tmp/tmp8bg6_rff', '--error-file', '/tmp/tmphpz6a5gq']
[2021-12-06 10:47:17,665] {standard_task_runner.py:77} INFO - Job 716: Subtask task_4
[2021-12-06 10:47:17,838] {logging_mixin.py:104} INFO - Running <TaskInstance: xcom_dag.task_4 2021-12-06T10:47:08.202390+00:00 [running]> on host airflowvm
[2021-12-06 10:47:18,095] {taskinstance.py:1280} INFO - Exporting the following env vars:
AIRFLOW_CTX_DAG_OWNER=airflow
AIRFLOW_CTX_DAG_ID=xcom_dag
AIRFLOW_CTX_TASK_ID=task_4
AIRFLOW_CTX_EXECUTION_DATE=2021-12-06T10:47:08.202390+00:00
AIRFLOW_CTX_DAG_RUN_ID=manual__2021-12-06T10:47:08.202390+00:00
[2021-12-06 10:47:18,101] {logging_mixin.py:104} INFO - choose best model
[2021-12-06 10:47:18,105] {python.py:151} INFO - Done. Returned value was: None
[2021-12-06 10:47:18,132] {taskinstance.py:1184} INFO - Marking task as SUCCESS. dag_id=xcom_dag, task_id=task_4, execution_date=20211206T104708, start_date=20211206T104717, end_date=20211206T104718
[2021-12-06 10:47:18,220] {taskinstance.py:1245} INFO - 0 downstream tasks scheduled from follow-on schedule check
[2021-12-06 10:47:18,238] {local_task_job.py:151} INFO - Task exited with return code 0
