[2021-12-06 10:47:14,759] {taskinstance.py:876} INFO - Dependencies all met for <TaskInstance: xcom_dag.processing_tasks.training_model_b 2021-12-06T10:47:08.202390+00:00 [queued]>
[2021-12-06 10:47:14,800] {taskinstance.py:876} INFO - Dependencies all met for <TaskInstance: xcom_dag.processing_tasks.training_model_b 2021-12-06T10:47:08.202390+00:00 [queued]>
[2021-12-06 10:47:14,802] {taskinstance.py:1067} INFO - 
--------------------------------------------------------------------------------
[2021-12-06 10:47:14,806] {taskinstance.py:1068} INFO - Starting attempt 1 of 1
[2021-12-06 10:47:14,814] {taskinstance.py:1069} INFO - 
--------------------------------------------------------------------------------
[2021-12-06 10:47:14,846] {taskinstance.py:1087} INFO - Executing <Task(PythonOperator): processing_tasks.training_model_b> on 2021-12-06T10:47:08.202390+00:00
[2021-12-06 10:47:14,849] {standard_task_runner.py:52} INFO - Started process 14029 to run task
[2021-12-06 10:47:14,866] {standard_task_runner.py:76} INFO - Running: ['airflow', 'tasks', 'run', 'xcom_dag', 'processing_tasks.training_model_b', '2021-12-06T10:47:08.202390+00:00', '--job-id', '713', '--pool', 'default_pool', '--raw', '--subdir', 'DAGS_FOLDER/xcom_dag.py', '--cfg-path', '/tmp/tmpchf7bw7z', '--error-file', '/tmp/tmpg_zxfua3']
[2021-12-06 10:47:14,903] {standard_task_runner.py:77} INFO - Job 713: Subtask processing_tasks.training_model_b
[2021-12-06 10:47:15,207] {logging_mixin.py:104} INFO - Running <TaskInstance: xcom_dag.processing_tasks.training_model_b 2021-12-06T10:47:08.202390+00:00 [running]> on host airflowvm
[2021-12-06 10:47:15,527] {taskinstance.py:1280} INFO - Exporting the following env vars:
AIRFLOW_CTX_DAG_OWNER=airflow
AIRFLOW_CTX_DAG_ID=xcom_dag
AIRFLOW_CTX_TASK_ID=processing_tasks.training_model_b
AIRFLOW_CTX_EXECUTION_DATE=2021-12-06T10:47:08.202390+00:00
AIRFLOW_CTX_DAG_RUN_ID=manual__2021-12-06T10:47:08.202390+00:00
[2021-12-06 10:47:15,528] {logging_mixin.py:104} INFO - model's accuracy: 1.9521590126748305
[2021-12-06 10:47:15,638] {python.py:151} INFO - Done. Returned value was: None
[2021-12-06 10:47:15,698] {taskinstance.py:1184} INFO - Marking task as SUCCESS. dag_id=xcom_dag, task_id=processing_tasks.training_model_b, execution_date=20211206T104708, start_date=20211206T104714, end_date=20211206T104715
[2021-12-06 10:47:15,859] {taskinstance.py:1245} INFO - 0 downstream tasks scheduled from follow-on schedule check
[2021-12-06 10:47:15,873] {local_task_job.py:151} INFO - Task exited with return code 0
