[2021-11-29 12:36:16,565] {taskinstance.py:876} INFO - Dependencies all met for <TaskInstance: parallel_dag.task_2 2020-03-04T00:00:00+00:00 [queued]>
[2021-11-29 12:36:16,902] {taskinstance.py:876} INFO - Dependencies all met for <TaskInstance: parallel_dag.task_2 2020-03-04T00:00:00+00:00 [queued]>
[2021-11-29 12:36:16,933] {taskinstance.py:1067} INFO - 
--------------------------------------------------------------------------------
[2021-11-29 12:36:16,933] {taskinstance.py:1068} INFO - Starting attempt 1 of 1
[2021-11-29 12:36:16,933] {taskinstance.py:1069} INFO - 
--------------------------------------------------------------------------------
[2021-11-29 12:36:17,134] {taskinstance.py:1087} INFO - Executing <Task(BashOperator): task_2> on 2020-03-04T00:00:00+00:00
[2021-11-29 12:36:17,248] {standard_task_runner.py:76} INFO - Running: ['airflow', 'tasks', 'run', 'parallel_dag', 'task_2', '2020-03-04T00:00:00+00:00', '--job-id', '438', '--pool', 'default_pool', '--raw', '--subdir', 'DAGS_FOLDER/parallel_dag.py', '--cfg-path', '/tmp/tmpl8m_rb8v', '--error-file', '/tmp/tmp77ma0p80']
[2021-11-29 12:36:17,332] {standard_task_runner.py:52} INFO - Started process 158440 to run task
[2021-11-29 12:36:17,499] {standard_task_runner.py:77} INFO - Job 438: Subtask task_2
[2021-11-29 12:36:19,143] {logging_mixin.py:104} INFO - Running <TaskInstance: parallel_dag.task_2 2020-03-04T00:00:00+00:00 [running]> on host airflowvm
[2021-11-29 12:36:20,288] {taskinstance.py:1280} INFO - Exporting the following env vars:
AIRFLOW_CTX_DAG_OWNER=airflow
AIRFLOW_CTX_DAG_ID=parallel_dag
AIRFLOW_CTX_TASK_ID=task_2
AIRFLOW_CTX_EXECUTION_DATE=2020-03-04T00:00:00+00:00
AIRFLOW_CTX_DAG_RUN_ID=scheduled__2020-03-04T00:00:00+00:00
[2021-11-29 12:36:20,289] {subprocess.py:52} INFO - Tmp dir root location: 
 /tmp
[2021-11-29 12:36:20,289] {subprocess.py:63} INFO - Running command: ['bash', '-c', 'sleep 3']
[2021-11-29 12:36:20,432] {subprocess.py:75} INFO - Output:
[2021-11-29 12:36:23,524] {subprocess.py:83} INFO - Command exited with return code 0
[2021-11-29 12:36:24,277] {taskinstance.py:1184} INFO - Marking task as SUCCESS. dag_id=parallel_dag, task_id=task_2, execution_date=20200304T000000, start_date=20211129T123616, end_date=20211129T123624
[2021-11-29 12:36:25,663] {taskinstance.py:1245} INFO - 0 downstream tasks scheduled from follow-on schedule check
[2021-11-29 12:36:25,699] {local_task_job.py:151} INFO - Task exited with return code 0
