[2021-11-29 12:35:41,577] {taskinstance.py:876} INFO - Dependencies all met for <TaskInstance: parallel_dag.task_2 2020-03-01T00:00:00+00:00 [queued]>
[2021-11-29 12:35:41,769] {taskinstance.py:876} INFO - Dependencies all met for <TaskInstance: parallel_dag.task_2 2020-03-01T00:00:00+00:00 [queued]>
[2021-11-29 12:35:41,770] {taskinstance.py:1067} INFO - 
--------------------------------------------------------------------------------
[2021-11-29 12:35:41,770] {taskinstance.py:1068} INFO - Starting attempt 1 of 1
[2021-11-29 12:35:41,771] {taskinstance.py:1069} INFO - 
--------------------------------------------------------------------------------
[2021-11-29 12:35:41,896] {taskinstance.py:1087} INFO - Executing <Task(BashOperator): task_2> on 2020-03-01T00:00:00+00:00
[2021-11-29 12:35:41,983] {standard_task_runner.py:52} INFO - Started process 156485 to run task
[2021-11-29 12:35:42,036] {standard_task_runner.py:76} INFO - Running: ['airflow', 'tasks', 'run', 'parallel_dag', 'task_2', '2020-03-01T00:00:00+00:00', '--job-id', '417', '--pool', 'default_pool', '--raw', '--subdir', 'DAGS_FOLDER/parallel_dag.py', '--cfg-path', '/tmp/tmp4vl22ki1', '--error-file', '/tmp/tmpra958ng0']
[2021-11-29 12:35:42,185] {standard_task_runner.py:77} INFO - Job 417: Subtask task_2
[2021-11-29 12:35:43,398] {logging_mixin.py:104} INFO - Running <TaskInstance: parallel_dag.task_2 2020-03-01T00:00:00+00:00 [running]> on host airflowvm
[2021-11-29 12:35:44,469] {taskinstance.py:1280} INFO - Exporting the following env vars:
AIRFLOW_CTX_DAG_OWNER=airflow
AIRFLOW_CTX_DAG_ID=parallel_dag
AIRFLOW_CTX_TASK_ID=task_2
AIRFLOW_CTX_EXECUTION_DATE=2020-03-01T00:00:00+00:00
AIRFLOW_CTX_DAG_RUN_ID=scheduled__2020-03-01T00:00:00+00:00
[2021-11-29 12:35:44,478] {subprocess.py:52} INFO - Tmp dir root location: 
 /tmp
[2021-11-29 12:35:44,488] {subprocess.py:63} INFO - Running command: ['bash', '-c', 'sleep 3']
[2021-11-29 12:35:44,537] {subprocess.py:75} INFO - Output:
[2021-11-29 12:35:47,607] {subprocess.py:83} INFO - Command exited with return code 0
[2021-11-29 12:35:48,015] {taskinstance.py:1184} INFO - Marking task as SUCCESS. dag_id=parallel_dag, task_id=task_2, execution_date=20200301T000000, start_date=20211129T123541, end_date=20211129T123548
[2021-11-29 12:35:48,375] {taskinstance.py:1245} INFO - 0 downstream tasks scheduled from follow-on schedule check
[2021-11-29 12:35:48,407] {local_task_job.py:151} INFO - Task exited with return code 0
