[2021-11-29 12:38:12,558] {taskinstance.py:876} INFO - Dependencies all met for <TaskInstance: parallel_dag.task_2 2020-03-27T00:00:00+00:00 [queued]>
[2021-11-29 12:38:12,845] {taskinstance.py:876} INFO - Dependencies all met for <TaskInstance: parallel_dag.task_2 2020-03-27T00:00:00+00:00 [queued]>
[2021-11-29 12:38:12,868] {taskinstance.py:1067} INFO - 
--------------------------------------------------------------------------------
[2021-11-29 12:38:12,868] {taskinstance.py:1068} INFO - Starting attempt 1 of 1
[2021-11-29 12:38:12,868] {taskinstance.py:1069} INFO - 
--------------------------------------------------------------------------------
[2021-11-29 12:38:13,034] {taskinstance.py:1087} INFO - Executing <Task(BashOperator): task_2> on 2020-03-27T00:00:00+00:00
[2021-11-29 12:38:13,119] {standard_task_runner.py:76} INFO - Running: ['airflow', 'tasks', 'run', 'parallel_dag', 'task_2', '2020-03-27T00:00:00+00:00', '--job-id', '524', '--pool', 'default_pool', '--raw', '--subdir', 'DAGS_FOLDER/parallel_dag.py', '--cfg-path', '/tmp/tmpbqj8c3t8', '--error-file', '/tmp/tmplcgdj_zd']
[2021-11-29 12:38:13,189] {standard_task_runner.py:52} INFO - Started process 165476 to run task
[2021-11-29 12:38:13,305] {standard_task_runner.py:77} INFO - Job 524: Subtask task_2
[2021-11-29 12:38:14,716] {logging_mixin.py:104} INFO - Running <TaskInstance: parallel_dag.task_2 2020-03-27T00:00:00+00:00 [running]> on host airflowvm
[2021-11-29 12:38:16,020] {taskinstance.py:1280} INFO - Exporting the following env vars:
AIRFLOW_CTX_DAG_OWNER=airflow
AIRFLOW_CTX_DAG_ID=parallel_dag
AIRFLOW_CTX_TASK_ID=task_2
AIRFLOW_CTX_EXECUTION_DATE=2020-03-27T00:00:00+00:00
AIRFLOW_CTX_DAG_RUN_ID=scheduled__2020-03-27T00:00:00+00:00
[2021-11-29 12:38:16,021] {subprocess.py:52} INFO - Tmp dir root location: 
 /tmp
[2021-11-29 12:38:16,022] {subprocess.py:63} INFO - Running command: ['bash', '-c', 'sleep 3']
[2021-11-29 12:38:16,187] {subprocess.py:75} INFO - Output:
[2021-11-29 12:38:19,337] {subprocess.py:83} INFO - Command exited with return code 0
[2021-11-29 12:38:19,894] {taskinstance.py:1184} INFO - Marking task as SUCCESS. dag_id=parallel_dag, task_id=task_2, execution_date=20200327T000000, start_date=20211129T123812, end_date=20211129T123819
[2021-11-29 12:38:21,608] {taskinstance.py:1245} INFO - 0 downstream tasks scheduled from follow-on schedule check
[2021-11-29 12:38:21,659] {local_task_job.py:151} INFO - Task exited with return code 0
