[2021-11-30 13:54:50,347] {taskinstance.py:876} INFO - Dependencies all met for <TaskInstance: parallel_dag.task_1 2021-11-30T13:54:45.747606+00:00 [queued]>
[2021-11-30 13:54:50,581] {taskinstance.py:876} INFO - Dependencies all met for <TaskInstance: parallel_dag.task_1 2021-11-30T13:54:45.747606+00:00 [queued]>
[2021-11-30 13:54:50,592] {taskinstance.py:1067} INFO - 
--------------------------------------------------------------------------------
[2021-11-30 13:54:50,617] {taskinstance.py:1068} INFO - Starting attempt 1 of 1
[2021-11-30 13:54:50,619] {taskinstance.py:1069} INFO - 
--------------------------------------------------------------------------------
[2021-11-30 13:54:51,001] {taskinstance.py:1087} INFO - Executing <Task(BashOperator): task_1> on 2021-11-30T13:54:45.747606+00:00
[2021-11-30 13:54:51,151] {standard_task_runner.py:52} INFO - Started process 227943 to run task
[2021-11-30 13:54:51,251] {standard_task_runner.py:76} INFO - Running: ['airflow', 'tasks', 'run', 'parallel_dag', 'task_1', '2021-11-30T13:54:45.747606+00:00', '--job-id', '682', '--pool', 'default_pool', '--raw', '--subdir', 'DAGS_FOLDER/parallel_dag.py', '--cfg-path', '/tmp/tmphrkpl_06', '--error-file', '/tmp/tmpxn_vyvaj']
[2021-11-30 13:54:51,274] {standard_task_runner.py:77} INFO - Job 682: Subtask task_1
[2021-11-30 13:54:52,029] {logging_mixin.py:104} INFO - Running <TaskInstance: parallel_dag.task_1 2021-11-30T13:54:45.747606+00:00 [running]> on host airflowvm
[2021-11-30 13:54:53,411] {taskinstance.py:1280} INFO - Exporting the following env vars:
AIRFLOW_CTX_DAG_OWNER=airflow
AIRFLOW_CTX_DAG_ID=parallel_dag
AIRFLOW_CTX_TASK_ID=task_1
AIRFLOW_CTX_EXECUTION_DATE=2021-11-30T13:54:45.747606+00:00
AIRFLOW_CTX_DAG_RUN_ID=manual__2021-11-30T13:54:45.747606+00:00
[2021-11-30 13:54:53,473] {subprocess.py:52} INFO - Tmp dir root location: 
 /tmp
[2021-11-30 13:54:53,498] {subprocess.py:63} INFO - Running command: ['bash', '-c', 'sleep 3']
[2021-11-30 13:54:53,835] {subprocess.py:75} INFO - Output:
[2021-11-30 13:54:57,061] {subprocess.py:83} INFO - Command exited with return code 0
[2021-11-30 13:54:57,607] {taskinstance.py:1184} INFO - Marking task as SUCCESS. dag_id=parallel_dag, task_id=task_1, execution_date=20211130T135445, start_date=20211130T135450, end_date=20211130T135457
[2021-11-30 13:54:58,328] {taskinstance.py:1245} INFO - 1 downstream tasks scheduled from follow-on schedule check
[2021-11-30 13:54:58,510] {local_task_job.py:151} INFO - Task exited with return code 0
