[2021-11-29 12:30:56,282] {taskinstance.py:876} INFO - Dependencies all met for <TaskInstance: parallel_dag.task_2 2020-01-31T00:00:00+00:00 [queued]>
[2021-11-29 12:30:56,753] {taskinstance.py:876} INFO - Dependencies all met for <TaskInstance: parallel_dag.task_2 2020-01-31T00:00:00+00:00 [queued]>
[2021-11-29 12:30:56,797] {taskinstance.py:1067} INFO - 
--------------------------------------------------------------------------------
[2021-11-29 12:30:56,797] {taskinstance.py:1068} INFO - Starting attempt 1 of 1
[2021-11-29 12:30:56,797] {taskinstance.py:1069} INFO - 
--------------------------------------------------------------------------------
[2021-11-29 12:30:57,040] {taskinstance.py:1087} INFO - Executing <Task(BashOperator): task_2> on 2020-01-31T00:00:00+00:00
[2021-11-29 12:30:57,063] {standard_task_runner.py:52} INFO - Started process 139721 to run task
[2021-11-29 12:30:57,243] {standard_task_runner.py:76} INFO - Running: ['airflow', 'tasks', 'run', 'parallel_dag', 'task_2', '2020-01-31T00:00:00+00:00', '--job-id', '224', '--pool', 'default_pool', '--raw', '--subdir', 'DAGS_FOLDER/parallel_dag.py', '--cfg-path', '/tmp/tmpuq1aun8e', '--error-file', '/tmp/tmpvk7fwfnh']
[2021-11-29 12:30:57,318] {standard_task_runner.py:77} INFO - Job 224: Subtask task_2
[2021-11-29 12:30:58,808] {logging_mixin.py:104} INFO - Running <TaskInstance: parallel_dag.task_2 2020-01-31T00:00:00+00:00 [running]> on host airflowvm
[2021-11-29 12:31:00,762] {taskinstance.py:1280} INFO - Exporting the following env vars:
AIRFLOW_CTX_DAG_OWNER=airflow
AIRFLOW_CTX_DAG_ID=parallel_dag
AIRFLOW_CTX_TASK_ID=task_2
AIRFLOW_CTX_EXECUTION_DATE=2020-01-31T00:00:00+00:00
AIRFLOW_CTX_DAG_RUN_ID=scheduled__2020-01-31T00:00:00+00:00
[2021-11-29 12:31:00,762] {subprocess.py:52} INFO - Tmp dir root location: 
 /tmp
[2021-11-29 12:31:00,763] {subprocess.py:63} INFO - Running command: ['bash', '-c', 'sleep 3']
[2021-11-29 12:31:01,104] {subprocess.py:75} INFO - Output:
[2021-11-29 12:31:04,386] {subprocess.py:83} INFO - Command exited with return code 0
[2021-11-29 12:31:05,474] {taskinstance.py:1184} INFO - Marking task as SUCCESS. dag_id=parallel_dag, task_id=task_2, execution_date=20200131T000000, start_date=20211129T123056, end_date=20211129T123105
[2021-11-29 12:31:08,226] {taskinstance.py:1245} INFO - 0 downstream tasks scheduled from follow-on schedule check
[2021-11-29 12:31:08,398] {local_task_job.py:196} WARNING - State of this instance has been externally set to success. Terminating instance.
[2021-11-29 12:31:08,771] {process_utils.py:100} INFO - Sending Signals.SIGTERM to GPID 139721
[2021-11-29 12:31:08,852] {process_utils.py:66} INFO - Process psutil.Process(pid=139721, status='terminated', exitcode=0, started='12:30:56') (139721) terminated with exit code 0
