[2021-11-29 12:21:26,642] {taskinstance.py:876} INFO - Dependencies all met for <TaskInstance: parallel_dag.task_1 2020-01-02T00:00:00+00:00 [queued]>
[2021-11-29 12:21:26,687] {taskinstance.py:876} INFO - Dependencies all met for <TaskInstance: parallel_dag.task_1 2020-01-02T00:00:00+00:00 [queued]>
[2021-11-29 12:21:26,689] {taskinstance.py:1067} INFO - 
--------------------------------------------------------------------------------
[2021-11-29 12:21:26,695] {taskinstance.py:1068} INFO - Starting attempt 2 of 2
[2021-11-29 12:21:26,701] {taskinstance.py:1069} INFO - 
--------------------------------------------------------------------------------
[2021-11-29 12:21:26,743] {taskinstance.py:1087} INFO - Executing <Task(BashOperator): task_1> on 2020-01-02T00:00:00+00:00
[2021-11-29 12:21:26,768] {standard_task_runner.py:52} INFO - Started process 115486 to run task
[2021-11-29 12:21:26,785] {standard_task_runner.py:76} INFO - Running: ['airflow', 'tasks', 'run', 'parallel_dag', 'task_1', '2020-01-02T00:00:00+00:00', '--job-id', '96', '--pool', 'default_pool', '--raw', '--subdir', 'DAGS_FOLDER/parallel_dag.py', '--cfg-path', '/tmp/tmp6kisqvn_', '--error-file', '/tmp/tmp9_xs1b_i']
[2021-11-29 12:21:26,827] {standard_task_runner.py:77} INFO - Job 96: Subtask task_1
[2021-11-29 12:21:27,117] {logging_mixin.py:104} INFO - Running <TaskInstance: parallel_dag.task_1 2020-01-02T00:00:00+00:00 [running]> on host airflowvm
[2021-11-29 12:21:27,334] {taskinstance.py:1280} INFO - Exporting the following env vars:
AIRFLOW_CTX_DAG_OWNER=airflow
AIRFLOW_CTX_DAG_ID=parallel_dag
AIRFLOW_CTX_TASK_ID=task_1
AIRFLOW_CTX_EXECUTION_DATE=2020-01-02T00:00:00+00:00
AIRFLOW_CTX_DAG_RUN_ID=scheduled__2020-01-02T00:00:00+00:00
[2021-11-29 12:21:27,334] {subprocess.py:52} INFO - Tmp dir root location: 
 /tmp
[2021-11-29 12:21:27,335] {subprocess.py:63} INFO - Running command: ['bash', '-c', 'sleep 3']
[2021-11-29 12:21:27,358] {subprocess.py:75} INFO - Output:
[2021-11-29 12:21:30,382] {subprocess.py:83} INFO - Command exited with return code 0
[2021-11-29 12:21:30,428] {taskinstance.py:1184} INFO - Marking task as SUCCESS. dag_id=parallel_dag, task_id=task_1, execution_date=20200102T000000, start_date=20211129T122126, end_date=20211129T122130
[2021-11-29 12:21:30,479] {taskinstance.py:1245} INFO - 2 downstream tasks scheduled from follow-on schedule check
[2021-11-29 12:21:30,491] {local_task_job.py:151} INFO - Task exited with return code 0
