[2021-11-29 12:32:06,946] {taskinstance.py:876} INFO - Dependencies all met for <TaskInstance: parallel_dag.task_1 2020-01-02T00:00:00+00:00 [queued]>
[2021-11-29 12:32:07,071] {taskinstance.py:876} INFO - Dependencies all met for <TaskInstance: parallel_dag.task_1 2020-01-02T00:00:00+00:00 [queued]>
[2021-11-29 12:32:07,071] {taskinstance.py:1067} INFO - 
--------------------------------------------------------------------------------
[2021-11-29 12:32:07,072] {taskinstance.py:1068} INFO - Starting attempt 3 of 3
[2021-11-29 12:32:07,072] {taskinstance.py:1069} INFO - 
--------------------------------------------------------------------------------
[2021-11-29 12:32:07,157] {taskinstance.py:1087} INFO - Executing <Task(BashOperator): task_1> on 2020-01-02T00:00:00+00:00
[2021-11-29 12:32:07,164] {standard_task_runner.py:76} INFO - Running: ['airflow', 'tasks', 'run', 'parallel_dag', 'task_1', '2020-01-02T00:00:00+00:00', '--job-id', '256', '--pool', 'default_pool', '--raw', '--subdir', 'DAGS_FOLDER/parallel_dag.py', '--cfg-path', '/tmp/tmpwh6iczen', '--error-file', '/tmp/tmpip9j3uys']
[2021-11-29 12:32:07,192] {standard_task_runner.py:52} INFO - Started process 143232 to run task
[2021-11-29 12:32:07,216] {standard_task_runner.py:77} INFO - Job 256: Subtask task_1
[2021-11-29 12:32:07,721] {logging_mixin.py:104} INFO - Running <TaskInstance: parallel_dag.task_1 2020-01-02T00:00:00+00:00 [running]> on host airflowvm
[2021-11-29 12:32:08,304] {taskinstance.py:1280} INFO - Exporting the following env vars:
AIRFLOW_CTX_DAG_OWNER=airflow
AIRFLOW_CTX_DAG_ID=parallel_dag
AIRFLOW_CTX_TASK_ID=task_1
AIRFLOW_CTX_EXECUTION_DATE=2020-01-02T00:00:00+00:00
AIRFLOW_CTX_DAG_RUN_ID=scheduled__2020-01-02T00:00:00+00:00
[2021-11-29 12:32:08,305] {subprocess.py:52} INFO - Tmp dir root location: 
 /tmp
[2021-11-29 12:32:08,310] {subprocess.py:63} INFO - Running command: ['bash', '-c', 'sleep 3']
[2021-11-29 12:32:08,399] {subprocess.py:75} INFO - Output:
[2021-11-29 12:32:11,505] {subprocess.py:83} INFO - Command exited with return code 0
[2021-11-29 12:32:11,755] {taskinstance.py:1184} INFO - Marking task as SUCCESS. dag_id=parallel_dag, task_id=task_1, execution_date=20200102T000000, start_date=20211129T123206, end_date=20211129T123211
[2021-11-29 12:32:12,560] {local_task_job.py:196} WARNING - State of this instance has been externally set to success. Terminating instance.
[2021-11-29 12:32:12,612] {process_utils.py:100} INFO - Sending Signals.SIGTERM to GPID 143232
[2021-11-29 12:32:13,064] {taskinstance.py:1264} ERROR - Received SIGTERM. Terminating subprocesses.
[2021-11-29 12:32:13,064] {subprocess.py:89} INFO - Sending SIGTERM signal to process group
[2021-11-29 12:32:13,261] {process_utils.py:66} INFO - Process psutil.Process(pid=143232, status='terminated', exitcode=1, started='12:32:06') (143232) terminated with exit code 1
