[2021-11-29 12:49:52,469] {taskinstance.py:876} INFO - Dependencies all met for <TaskInstance: parallel_dag.task_1 2020-01-02T00:00:00+00:00 [queued]>
[2021-11-29 12:49:52,493] {taskinstance.py:876} INFO - Dependencies all met for <TaskInstance: parallel_dag.task_1 2020-01-02T00:00:00+00:00 [queued]>
[2021-11-29 12:49:52,493] {taskinstance.py:1067} INFO - 
--------------------------------------------------------------------------------
[2021-11-29 12:49:52,495] {taskinstance.py:1068} INFO - Starting attempt 4 of 4
[2021-11-29 12:49:52,495] {taskinstance.py:1069} INFO - 
--------------------------------------------------------------------------------
[2021-11-29 12:49:52,510] {taskinstance.py:1087} INFO - Executing <Task(BashOperator): task_1> on 2020-01-02T00:00:00+00:00
[2021-11-29 12:49:52,519] {standard_task_runner.py:52} INFO - Started process 179392 to run task
[2021-11-29 12:49:52,533] {standard_task_runner.py:76} INFO - Running: ['airflow', 'tasks', 'run', 'parallel_dag', 'task_1', '2020-01-02T00:00:00+00:00', '--job-id', '615', '--pool', 'default_pool', '--raw', '--subdir', 'DAGS_FOLDER/parallel_dag.py', '--cfg-path', '/tmp/tmp_lr7d2qr', '--error-file', '/tmp/tmpn4w9q74y']
[2021-11-29 12:49:52,543] {standard_task_runner.py:77} INFO - Job 615: Subtask task_1
[2021-11-29 12:49:52,685] {logging_mixin.py:104} INFO - Running <TaskInstance: parallel_dag.task_1 2020-01-02T00:00:00+00:00 [running]> on host airflowvm
[2021-11-29 12:49:53,011] {taskinstance.py:1280} INFO - Exporting the following env vars:
AIRFLOW_CTX_DAG_OWNER=airflow
AIRFLOW_CTX_DAG_ID=parallel_dag
AIRFLOW_CTX_TASK_ID=task_1
AIRFLOW_CTX_EXECUTION_DATE=2020-01-02T00:00:00+00:00
AIRFLOW_CTX_DAG_RUN_ID=scheduled__2020-01-02T00:00:00+00:00
[2021-11-29 12:49:53,013] {subprocess.py:52} INFO - Tmp dir root location: 
 /tmp
[2021-11-29 12:49:53,013] {subprocess.py:63} INFO - Running command: ['bash', '-c', 'sleep 3']
[2021-11-29 12:49:53,091] {subprocess.py:75} INFO - Output:
[2021-11-29 12:49:56,109] {subprocess.py:83} INFO - Command exited with return code 0
[2021-11-29 12:49:56,278] {taskinstance.py:1184} INFO - Marking task as SUCCESS. dag_id=parallel_dag, task_id=task_1, execution_date=20200102T000000, start_date=20211129T124952, end_date=20211129T124956
[2021-11-29 12:49:56,385] {taskinstance.py:1245} INFO - 0 downstream tasks scheduled from follow-on schedule check
[2021-11-29 12:49:56,417] {local_task_job.py:151} INFO - Task exited with return code 0
