[2021-11-24 09:11:28,788] {taskinstance.py:876} INFO - Dependencies all met for <TaskInstance: user_processing.processing_user 2021-11-24T09:11:19.603434+00:00 [queued]>
[2021-11-24 09:11:28,796] {taskinstance.py:876} INFO - Dependencies all met for <TaskInstance: user_processing.processing_user 2021-11-24T09:11:19.603434+00:00 [queued]>
[2021-11-24 09:11:28,797] {taskinstance.py:1067} INFO - 
--------------------------------------------------------------------------------
[2021-11-24 09:11:28,797] {taskinstance.py:1068} INFO - Starting attempt 1 of 1
[2021-11-24 09:11:28,797] {taskinstance.py:1069} INFO - 
--------------------------------------------------------------------------------
[2021-11-24 09:11:28,817] {taskinstance.py:1087} INFO - Executing <Task(PythonOperator): processing_user> on 2021-11-24T09:11:19.603434+00:00
[2021-11-24 09:11:28,819] {standard_task_runner.py:52} INFO - Started process 133088 to run task
[2021-11-24 09:11:28,826] {standard_task_runner.py:76} INFO - Running: ['airflow', 'tasks', 'run', 'user_processing', 'processing_user', '2021-11-24T09:11:19.603434+00:00', '--job-id', '53', '--pool', 'default_pool', '--raw', '--subdir', 'DAGS_FOLDER/user_processing.py', '--cfg-path', '/tmp/tmppbden7f_', '--error-file', '/tmp/tmpvsjlr10p']
[2021-11-24 09:11:28,827] {standard_task_runner.py:77} INFO - Job 53: Subtask processing_user
[2021-11-24 09:11:28,890] {logging_mixin.py:104} INFO - Running <TaskInstance: user_processing.processing_user 2021-11-24T09:11:19.603434+00:00 [running]> on host airflowvm
[2021-11-24 09:11:28,956] {taskinstance.py:1280} INFO - Exporting the following env vars:
AIRFLOW_CTX_DAG_OWNER=airflow
AIRFLOW_CTX_DAG_ID=user_processing
AIRFLOW_CTX_TASK_ID=processing_user
AIRFLOW_CTX_EXECUTION_DATE=2021-11-24T09:11:19.603434+00:00
AIRFLOW_CTX_DAG_RUN_ID=manual__2021-11-24T09:11:19.603434+00:00
[2021-11-24 09:11:28,965] {python.py:151} INFO - Done. Returned value was: None
[2021-11-24 09:11:28,968] {taskinstance.py:1184} INFO - Marking task as SUCCESS. dag_id=user_processing, task_id=processing_user, execution_date=20211124T091119, start_date=20211124T091128, end_date=20211124T091128
[2021-11-24 09:11:29,001] {taskinstance.py:1245} INFO - 1 downstream tasks scheduled from follow-on schedule check
[2021-11-24 09:11:29,022] {local_task_job.py:151} INFO - Task exited with return code 0
