[2021-11-29 12:31:23,376] {taskinstance.py:876} INFO - Dependencies all met for <TaskInstance: parallel_dag.task_2 2020-02-09T00:00:00+00:00 [queued]>
[2021-11-29 12:31:23,926] {taskinstance.py:876} INFO - Dependencies all met for <TaskInstance: parallel_dag.task_2 2020-02-09T00:00:00+00:00 [queued]>
[2021-11-29 12:31:23,926] {taskinstance.py:1067} INFO - 
--------------------------------------------------------------------------------
[2021-11-29 12:31:23,927] {taskinstance.py:1068} INFO - Starting attempt 1 of 1
[2021-11-29 12:31:23,927] {taskinstance.py:1069} INFO - 
--------------------------------------------------------------------------------
[2021-11-29 12:31:24,240] {taskinstance.py:1087} INFO - Executing <Task(BashOperator): task_2> on 2020-02-09T00:00:00+00:00
[2021-11-29 12:31:24,374] {standard_task_runner.py:52} INFO - Started process 141421 to run task
[2021-11-29 12:31:24,568] {standard_task_runner.py:76} INFO - Running: ['airflow', 'tasks', 'run', 'parallel_dag', 'task_2', '2020-02-09T00:00:00+00:00', '--job-id', '247', '--pool', 'default_pool', '--raw', '--subdir', 'DAGS_FOLDER/parallel_dag.py', '--cfg-path', '/tmp/tmpr9n5_3w6', '--error-file', '/tmp/tmp5nwt1trz']
[2021-11-29 12:31:24,569] {standard_task_runner.py:77} INFO - Job 247: Subtask task_2
[2021-11-29 12:31:26,961] {logging_mixin.py:104} INFO - Running <TaskInstance: parallel_dag.task_2 2020-02-09T00:00:00+00:00 [running]> on host airflowvm
[2021-11-29 12:31:28,805] {taskinstance.py:1280} INFO - Exporting the following env vars:
AIRFLOW_CTX_DAG_OWNER=airflow
AIRFLOW_CTX_DAG_ID=parallel_dag
AIRFLOW_CTX_TASK_ID=task_2
AIRFLOW_CTX_EXECUTION_DATE=2020-02-09T00:00:00+00:00
AIRFLOW_CTX_DAG_RUN_ID=scheduled__2020-02-09T00:00:00+00:00
[2021-11-29 12:31:28,806] {subprocess.py:52} INFO - Tmp dir root location: 
 /tmp
[2021-11-29 12:31:28,807] {subprocess.py:63} INFO - Running command: ['bash', '-c', 'sleep 3']
[2021-11-29 12:31:28,876] {subprocess.py:75} INFO - Output:
[2021-11-29 12:31:31,960] {subprocess.py:83} INFO - Command exited with return code 0
[2021-11-29 12:31:32,484] {taskinstance.py:1184} INFO - Marking task as SUCCESS. dag_id=parallel_dag, task_id=task_2, execution_date=20200209T000000, start_date=20211129T123123, end_date=20211129T123132
[2021-11-29 12:31:33,154] {taskinstance.py:1245} INFO - 1 downstream tasks scheduled from follow-on schedule check
[2021-11-29 12:31:33,255] {local_task_job.py:151} INFO - Task exited with return code 0
