[2021-11-28 06:23:01,241] {scheduler_job.py:182} INFO - Started process (PID=31125) to work on /home/airflow/sandbox/lib/python3.8/site-packages/airflow/example_dags/subdags/subdag.py
[2021-11-28 06:23:01,267] {scheduler_job.py:633} INFO - Processing file /home/airflow/sandbox/lib/python3.8/site-packages/airflow/example_dags/subdags/subdag.py for tasks to queue
[2021-11-28 06:23:01,271] {logging_mixin.py:104} INFO - [2021-11-28 06:23:01,270] {dagbag.py:487} INFO - Filling up the DagBag from /home/airflow/sandbox/lib/python3.8/site-packages/airflow/example_dags/subdags/subdag.py
[2021-11-28 06:23:01,331] {scheduler_job.py:645} WARNING - No viable dags retrieved from /home/airflow/sandbox/lib/python3.8/site-packages/airflow/example_dags/subdags/subdag.py
[2021-11-28 06:23:01,480] {scheduler_job.py:190} INFO - Processing /home/airflow/sandbox/lib/python3.8/site-packages/airflow/example_dags/subdags/subdag.py took 0.299 seconds
[2021-11-28 06:23:58,978] {scheduler_job.py:182} INFO - Started process (PID=31451) to work on /home/airflow/sandbox/lib/python3.8/site-packages/airflow/example_dags/subdags/subdag.py
[2021-11-28 06:23:59,071] {scheduler_job.py:633} INFO - Processing file /home/airflow/sandbox/lib/python3.8/site-packages/airflow/example_dags/subdags/subdag.py for tasks to queue
[2021-11-28 06:23:59,099] {logging_mixin.py:104} INFO - [2021-11-28 06:23:59,098] {dagbag.py:487} INFO - Filling up the DagBag from /home/airflow/sandbox/lib/python3.8/site-packages/airflow/example_dags/subdags/subdag.py
[2021-11-28 06:23:59,146] {scheduler_job.py:645} WARNING - No viable dags retrieved from /home/airflow/sandbox/lib/python3.8/site-packages/airflow/example_dags/subdags/subdag.py
[2021-11-28 06:23:59,453] {scheduler_job.py:190} INFO - Processing /home/airflow/sandbox/lib/python3.8/site-packages/airflow/example_dags/subdags/subdag.py took 0.529 seconds
[2021-11-28 06:24:41,944] {scheduler_job.py:182} INFO - Started process (PID=31695) to work on /home/airflow/sandbox/lib/python3.8/site-packages/airflow/example_dags/subdags/subdag.py
[2021-11-28 06:24:41,947] {scheduler_job.py:633} INFO - Processing file /home/airflow/sandbox/lib/python3.8/site-packages/airflow/example_dags/subdags/subdag.py for tasks to queue
[2021-11-28 06:24:41,951] {logging_mixin.py:104} INFO - [2021-11-28 06:24:41,950] {dagbag.py:487} INFO - Filling up the DagBag from /home/airflow/sandbox/lib/python3.8/site-packages/airflow/example_dags/subdags/subdag.py
[2021-11-28 06:24:41,958] {scheduler_job.py:645} WARNING - No viable dags retrieved from /home/airflow/sandbox/lib/python3.8/site-packages/airflow/example_dags/subdags/subdag.py
[2021-11-28 06:24:42,010] {scheduler_job.py:190} INFO - Processing /home/airflow/sandbox/lib/python3.8/site-packages/airflow/example_dags/subdags/subdag.py took 0.087 seconds
[2021-11-28 06:25:18,031] {scheduler_job.py:182} INFO - Started process (PID=32131) to work on /home/airflow/sandbox/lib/python3.8/site-packages/airflow/example_dags/subdags/subdag.py
[2021-11-28 06:25:18,122] {scheduler_job.py:633} INFO - Processing file /home/airflow/sandbox/lib/python3.8/site-packages/airflow/example_dags/subdags/subdag.py for tasks to queue
[2021-11-28 06:25:18,145] {logging_mixin.py:104} INFO - [2021-11-28 06:25:18,145] {dagbag.py:487} INFO - Filling up the DagBag from /home/airflow/sandbox/lib/python3.8/site-packages/airflow/example_dags/subdags/subdag.py
[2021-11-28 06:25:18,183] {scheduler_job.py:645} WARNING - No viable dags retrieved from /home/airflow/sandbox/lib/python3.8/site-packages/airflow/example_dags/subdags/subdag.py
[2021-11-28 06:25:18,472] {scheduler_job.py:190} INFO - Processing /home/airflow/sandbox/lib/python3.8/site-packages/airflow/example_dags/subdags/subdag.py took 0.475 seconds
[2021-11-28 06:25:49,056] {scheduler_job.py:182} INFO - Started process (PID=32373) to work on /home/airflow/sandbox/lib/python3.8/site-packages/airflow/example_dags/subdags/subdag.py
[2021-11-28 06:25:49,059] {scheduler_job.py:633} INFO - Processing file /home/airflow/sandbox/lib/python3.8/site-packages/airflow/example_dags/subdags/subdag.py for tasks to queue
[2021-11-28 06:25:49,109] {logging_mixin.py:104} INFO - [2021-11-28 06:25:49,108] {dagbag.py:487} INFO - Filling up the DagBag from /home/airflow/sandbox/lib/python3.8/site-packages/airflow/example_dags/subdags/subdag.py
[2021-11-28 06:25:49,124] {scheduler_job.py:645} WARNING - No viable dags retrieved from /home/airflow/sandbox/lib/python3.8/site-packages/airflow/example_dags/subdags/subdag.py
[2021-11-28 06:25:49,229] {scheduler_job.py:190} INFO - Processing /home/airflow/sandbox/lib/python3.8/site-packages/airflow/example_dags/subdags/subdag.py took 0.215 seconds
[2021-11-28 06:26:32,529] {scheduler_job.py:182} INFO - Started process (PID=32628) to work on /home/airflow/sandbox/lib/python3.8/site-packages/airflow/example_dags/subdags/subdag.py
[2021-11-28 06:26:32,550] {scheduler_job.py:633} INFO - Processing file /home/airflow/sandbox/lib/python3.8/site-packages/airflow/example_dags/subdags/subdag.py for tasks to queue
[2021-11-28 06:26:32,576] {logging_mixin.py:104} INFO - [2021-11-28 06:26:32,576] {dagbag.py:487} INFO - Filling up the DagBag from /home/airflow/sandbox/lib/python3.8/site-packages/airflow/example_dags/subdags/subdag.py
[2021-11-28 06:26:32,601] {scheduler_job.py:645} WARNING - No viable dags retrieved from /home/airflow/sandbox/lib/python3.8/site-packages/airflow/example_dags/subdags/subdag.py
[2021-11-28 06:26:32,706] {scheduler_job.py:190} INFO - Processing /home/airflow/sandbox/lib/python3.8/site-packages/airflow/example_dags/subdags/subdag.py took 0.281 seconds
[2021-11-28 06:27:04,398] {scheduler_job.py:182} INFO - Started process (PID=32998) to work on /home/airflow/sandbox/lib/python3.8/site-packages/airflow/example_dags/subdags/subdag.py
[2021-11-28 06:27:04,431] {scheduler_job.py:633} INFO - Processing file /home/airflow/sandbox/lib/python3.8/site-packages/airflow/example_dags/subdags/subdag.py for tasks to queue
[2021-11-28 06:27:04,493] {logging_mixin.py:104} INFO - [2021-11-28 06:27:04,492] {dagbag.py:487} INFO - Filling up the DagBag from /home/airflow/sandbox/lib/python3.8/site-packages/airflow/example_dags/subdags/subdag.py
[2021-11-28 06:27:04,536] {scheduler_job.py:645} WARNING - No viable dags retrieved from /home/airflow/sandbox/lib/python3.8/site-packages/airflow/example_dags/subdags/subdag.py
[2021-11-28 06:27:05,029] {scheduler_job.py:190} INFO - Processing /home/airflow/sandbox/lib/python3.8/site-packages/airflow/example_dags/subdags/subdag.py took 0.747 seconds
[2021-11-28 06:28:23,591] {scheduler_job.py:182} INFO - Started process (PID=35716) to work on /home/airflow/sandbox/lib/python3.8/site-packages/airflow/example_dags/subdags/subdag.py
[2021-11-28 06:28:23,617] {scheduler_job.py:633} INFO - Processing file /home/airflow/sandbox/lib/python3.8/site-packages/airflow/example_dags/subdags/subdag.py for tasks to queue
[2021-11-28 06:28:23,619] {logging_mixin.py:104} INFO - [2021-11-28 06:28:23,619] {dagbag.py:487} INFO - Filling up the DagBag from /home/airflow/sandbox/lib/python3.8/site-packages/airflow/example_dags/subdags/subdag.py
[2021-11-28 06:28:23,637] {scheduler_job.py:645} WARNING - No viable dags retrieved from /home/airflow/sandbox/lib/python3.8/site-packages/airflow/example_dags/subdags/subdag.py
[2021-11-28 06:28:23,745] {scheduler_job.py:190} INFO - Processing /home/airflow/sandbox/lib/python3.8/site-packages/airflow/example_dags/subdags/subdag.py took 0.161 seconds
[2021-11-28 06:28:54,818] {scheduler_job.py:182} INFO - Started process (PID=36114) to work on /home/airflow/sandbox/lib/python3.8/site-packages/airflow/example_dags/subdags/subdag.py
[2021-11-28 06:28:54,822] {scheduler_job.py:633} INFO - Processing file /home/airflow/sandbox/lib/python3.8/site-packages/airflow/example_dags/subdags/subdag.py for tasks to queue
[2021-11-28 06:28:54,824] {logging_mixin.py:104} INFO - [2021-11-28 06:28:54,823] {dagbag.py:487} INFO - Filling up the DagBag from /home/airflow/sandbox/lib/python3.8/site-packages/airflow/example_dags/subdags/subdag.py
[2021-11-28 06:28:54,833] {scheduler_job.py:645} WARNING - No viable dags retrieved from /home/airflow/sandbox/lib/python3.8/site-packages/airflow/example_dags/subdags/subdag.py
[2021-11-28 06:28:54,984] {scheduler_job.py:190} INFO - Processing /home/airflow/sandbox/lib/python3.8/site-packages/airflow/example_dags/subdags/subdag.py took 0.192 seconds
[2021-11-28 06:29:27,057] {scheduler_job.py:182} INFO - Started process (PID=36427) to work on /home/airflow/sandbox/lib/python3.8/site-packages/airflow/example_dags/subdags/subdag.py
[2021-11-28 06:29:27,074] {scheduler_job.py:633} INFO - Processing file /home/airflow/sandbox/lib/python3.8/site-packages/airflow/example_dags/subdags/subdag.py for tasks to queue
[2021-11-28 06:29:27,076] {logging_mixin.py:104} INFO - [2021-11-28 06:29:27,076] {dagbag.py:487} INFO - Filling up the DagBag from /home/airflow/sandbox/lib/python3.8/site-packages/airflow/example_dags/subdags/subdag.py
[2021-11-28 06:29:27,090] {scheduler_job.py:645} WARNING - No viable dags retrieved from /home/airflow/sandbox/lib/python3.8/site-packages/airflow/example_dags/subdags/subdag.py
[2021-11-28 06:29:27,178] {scheduler_job.py:190} INFO - Processing /home/airflow/sandbox/lib/python3.8/site-packages/airflow/example_dags/subdags/subdag.py took 0.166 seconds
[2021-11-28 06:29:58,586] {scheduler_job.py:182} INFO - Started process (PID=36716) to work on /home/airflow/sandbox/lib/python3.8/site-packages/airflow/example_dags/subdags/subdag.py
[2021-11-28 06:29:58,599] {scheduler_job.py:633} INFO - Processing file /home/airflow/sandbox/lib/python3.8/site-packages/airflow/example_dags/subdags/subdag.py for tasks to queue
[2021-11-28 06:29:58,602] {logging_mixin.py:104} INFO - [2021-11-28 06:29:58,602] {dagbag.py:487} INFO - Filling up the DagBag from /home/airflow/sandbox/lib/python3.8/site-packages/airflow/example_dags/subdags/subdag.py
[2021-11-28 06:29:58,642] {scheduler_job.py:645} WARNING - No viable dags retrieved from /home/airflow/sandbox/lib/python3.8/site-packages/airflow/example_dags/subdags/subdag.py
[2021-11-28 06:29:58,827] {scheduler_job.py:190} INFO - Processing /home/airflow/sandbox/lib/python3.8/site-packages/airflow/example_dags/subdags/subdag.py took 0.262 seconds
[2021-11-28 06:30:29,284] {scheduler_job.py:182} INFO - Started process (PID=36912) to work on /home/airflow/sandbox/lib/python3.8/site-packages/airflow/example_dags/subdags/subdag.py
[2021-11-28 06:30:29,289] {scheduler_job.py:633} INFO - Processing file /home/airflow/sandbox/lib/python3.8/site-packages/airflow/example_dags/subdags/subdag.py for tasks to queue
[2021-11-28 06:30:29,298] {logging_mixin.py:104} INFO - [2021-11-28 06:30:29,291] {dagbag.py:487} INFO - Filling up the DagBag from /home/airflow/sandbox/lib/python3.8/site-packages/airflow/example_dags/subdags/subdag.py
[2021-11-28 06:30:29,305] {scheduler_job.py:645} WARNING - No viable dags retrieved from /home/airflow/sandbox/lib/python3.8/site-packages/airflow/example_dags/subdags/subdag.py
[2021-11-28 06:30:29,367] {scheduler_job.py:190} INFO - Processing /home/airflow/sandbox/lib/python3.8/site-packages/airflow/example_dags/subdags/subdag.py took 0.092 seconds
[2021-11-28 06:31:06,286] {scheduler_job.py:182} INFO - Started process (PID=37121) to work on /home/airflow/sandbox/lib/python3.8/site-packages/airflow/example_dags/subdags/subdag.py
[2021-11-28 06:31:06,289] {scheduler_job.py:633} INFO - Processing file /home/airflow/sandbox/lib/python3.8/site-packages/airflow/example_dags/subdags/subdag.py for tasks to queue
[2021-11-28 06:31:06,304] {logging_mixin.py:104} INFO - [2021-11-28 06:31:06,304] {dagbag.py:487} INFO - Filling up the DagBag from /home/airflow/sandbox/lib/python3.8/site-packages/airflow/example_dags/subdags/subdag.py
[2021-11-28 06:31:06,331] {scheduler_job.py:645} WARNING - No viable dags retrieved from /home/airflow/sandbox/lib/python3.8/site-packages/airflow/example_dags/subdags/subdag.py
[2021-11-28 06:31:06,463] {scheduler_job.py:190} INFO - Processing /home/airflow/sandbox/lib/python3.8/site-packages/airflow/example_dags/subdags/subdag.py took 0.198 seconds
[2021-11-28 06:31:37,290] {scheduler_job.py:182} INFO - Started process (PID=37320) to work on /home/airflow/sandbox/lib/python3.8/site-packages/airflow/example_dags/subdags/subdag.py
[2021-11-28 06:31:37,295] {scheduler_job.py:633} INFO - Processing file /home/airflow/sandbox/lib/python3.8/site-packages/airflow/example_dags/subdags/subdag.py for tasks to queue
[2021-11-28 06:31:37,297] {logging_mixin.py:104} INFO - [2021-11-28 06:31:37,297] {dagbag.py:487} INFO - Filling up the DagBag from /home/airflow/sandbox/lib/python3.8/site-packages/airflow/example_dags/subdags/subdag.py
[2021-11-28 06:31:37,302] {scheduler_job.py:645} WARNING - No viable dags retrieved from /home/airflow/sandbox/lib/python3.8/site-packages/airflow/example_dags/subdags/subdag.py
[2021-11-28 06:31:37,435] {scheduler_job.py:190} INFO - Processing /home/airflow/sandbox/lib/python3.8/site-packages/airflow/example_dags/subdags/subdag.py took 0.181 seconds
[2021-11-28 06:32:24,535] {scheduler_job.py:182} INFO - Started process (PID=37533) to work on /home/airflow/sandbox/lib/python3.8/site-packages/airflow/example_dags/subdags/subdag.py
[2021-11-28 06:32:24,545] {scheduler_job.py:633} INFO - Processing file /home/airflow/sandbox/lib/python3.8/site-packages/airflow/example_dags/subdags/subdag.py for tasks to queue
[2021-11-28 06:32:24,551] {logging_mixin.py:104} INFO - [2021-11-28 06:32:24,551] {dagbag.py:487} INFO - Filling up the DagBag from /home/airflow/sandbox/lib/python3.8/site-packages/airflow/example_dags/subdags/subdag.py
[2021-11-28 06:32:24,573] {scheduler_job.py:645} WARNING - No viable dags retrieved from /home/airflow/sandbox/lib/python3.8/site-packages/airflow/example_dags/subdags/subdag.py
[2021-11-28 06:32:24,747] {scheduler_job.py:190} INFO - Processing /home/airflow/sandbox/lib/python3.8/site-packages/airflow/example_dags/subdags/subdag.py took 0.233 seconds
[2021-11-28 06:32:55,237] {scheduler_job.py:182} INFO - Started process (PID=37974) to work on /home/airflow/sandbox/lib/python3.8/site-packages/airflow/example_dags/subdags/subdag.py
[2021-11-28 06:32:55,246] {scheduler_job.py:633} INFO - Processing file /home/airflow/sandbox/lib/python3.8/site-packages/airflow/example_dags/subdags/subdag.py for tasks to queue
[2021-11-28 06:32:55,255] {logging_mixin.py:104} INFO - [2021-11-28 06:32:55,255] {dagbag.py:487} INFO - Filling up the DagBag from /home/airflow/sandbox/lib/python3.8/site-packages/airflow/example_dags/subdags/subdag.py
[2021-11-28 06:32:55,276] {scheduler_job.py:645} WARNING - No viable dags retrieved from /home/airflow/sandbox/lib/python3.8/site-packages/airflow/example_dags/subdags/subdag.py
[2021-11-28 06:32:55,417] {scheduler_job.py:190} INFO - Processing /home/airflow/sandbox/lib/python3.8/site-packages/airflow/example_dags/subdags/subdag.py took 0.206 seconds
[2021-11-28 06:33:26,495] {scheduler_job.py:182} INFO - Started process (PID=38169) to work on /home/airflow/sandbox/lib/python3.8/site-packages/airflow/example_dags/subdags/subdag.py
[2021-11-28 06:33:26,499] {scheduler_job.py:633} INFO - Processing file /home/airflow/sandbox/lib/python3.8/site-packages/airflow/example_dags/subdags/subdag.py for tasks to queue
[2021-11-28 06:33:26,502] {logging_mixin.py:104} INFO - [2021-11-28 06:33:26,501] {dagbag.py:487} INFO - Filling up the DagBag from /home/airflow/sandbox/lib/python3.8/site-packages/airflow/example_dags/subdags/subdag.py
[2021-11-28 06:33:26,516] {scheduler_job.py:645} WARNING - No viable dags retrieved from /home/airflow/sandbox/lib/python3.8/site-packages/airflow/example_dags/subdags/subdag.py
[2021-11-28 06:33:26,612] {scheduler_job.py:190} INFO - Processing /home/airflow/sandbox/lib/python3.8/site-packages/airflow/example_dags/subdags/subdag.py took 0.154 seconds
[2021-11-28 06:33:58,428] {scheduler_job.py:182} INFO - Started process (PID=38369) to work on /home/airflow/sandbox/lib/python3.8/site-packages/airflow/example_dags/subdags/subdag.py
[2021-11-28 06:33:58,446] {scheduler_job.py:633} INFO - Processing file /home/airflow/sandbox/lib/python3.8/site-packages/airflow/example_dags/subdags/subdag.py for tasks to queue
[2021-11-28 06:33:58,450] {logging_mixin.py:104} INFO - [2021-11-28 06:33:58,449] {dagbag.py:487} INFO - Filling up the DagBag from /home/airflow/sandbox/lib/python3.8/site-packages/airflow/example_dags/subdags/subdag.py
[2021-11-28 06:33:58,461] {scheduler_job.py:645} WARNING - No viable dags retrieved from /home/airflow/sandbox/lib/python3.8/site-packages/airflow/example_dags/subdags/subdag.py
[2021-11-28 06:33:58,574] {scheduler_job.py:190} INFO - Processing /home/airflow/sandbox/lib/python3.8/site-packages/airflow/example_dags/subdags/subdag.py took 0.171 seconds
[2021-11-28 06:34:28,921] {scheduler_job.py:182} INFO - Started process (PID=38565) to work on /home/airflow/sandbox/lib/python3.8/site-packages/airflow/example_dags/subdags/subdag.py
[2021-11-28 06:34:28,925] {scheduler_job.py:633} INFO - Processing file /home/airflow/sandbox/lib/python3.8/site-packages/airflow/example_dags/subdags/subdag.py for tasks to queue
[2021-11-28 06:34:28,930] {logging_mixin.py:104} INFO - [2021-11-28 06:34:28,929] {dagbag.py:487} INFO - Filling up the DagBag from /home/airflow/sandbox/lib/python3.8/site-packages/airflow/example_dags/subdags/subdag.py
[2021-11-28 06:34:28,936] {scheduler_job.py:645} WARNING - No viable dags retrieved from /home/airflow/sandbox/lib/python3.8/site-packages/airflow/example_dags/subdags/subdag.py
[2021-11-28 06:34:29,035] {scheduler_job.py:190} INFO - Processing /home/airflow/sandbox/lib/python3.8/site-packages/airflow/example_dags/subdags/subdag.py took 0.125 seconds
[2021-11-28 06:34:59,573] {scheduler_job.py:182} INFO - Started process (PID=38764) to work on /home/airflow/sandbox/lib/python3.8/site-packages/airflow/example_dags/subdags/subdag.py
[2021-11-28 06:34:59,576] {scheduler_job.py:633} INFO - Processing file /home/airflow/sandbox/lib/python3.8/site-packages/airflow/example_dags/subdags/subdag.py for tasks to queue
[2021-11-28 06:34:59,582] {logging_mixin.py:104} INFO - [2021-11-28 06:34:59,582] {dagbag.py:487} INFO - Filling up the DagBag from /home/airflow/sandbox/lib/python3.8/site-packages/airflow/example_dags/subdags/subdag.py
[2021-11-28 06:34:59,592] {scheduler_job.py:645} WARNING - No viable dags retrieved from /home/airflow/sandbox/lib/python3.8/site-packages/airflow/example_dags/subdags/subdag.py
[2021-11-28 06:34:59,661] {scheduler_job.py:190} INFO - Processing /home/airflow/sandbox/lib/python3.8/site-packages/airflow/example_dags/subdags/subdag.py took 0.100 seconds
[2021-11-28 06:35:53,732] {scheduler_job.py:182} INFO - Started process (PID=39013) to work on /home/airflow/sandbox/lib/python3.8/site-packages/airflow/example_dags/subdags/subdag.py
[2021-11-28 06:35:53,738] {scheduler_job.py:633} INFO - Processing file /home/airflow/sandbox/lib/python3.8/site-packages/airflow/example_dags/subdags/subdag.py for tasks to queue
[2021-11-28 06:35:53,739] {logging_mixin.py:104} INFO - [2021-11-28 06:35:53,739] {dagbag.py:487} INFO - Filling up the DagBag from /home/airflow/sandbox/lib/python3.8/site-packages/airflow/example_dags/subdags/subdag.py
[2021-11-28 06:35:53,759] {scheduler_job.py:645} WARNING - No viable dags retrieved from /home/airflow/sandbox/lib/python3.8/site-packages/airflow/example_dags/subdags/subdag.py
[2021-11-28 06:35:53,819] {scheduler_job.py:190} INFO - Processing /home/airflow/sandbox/lib/python3.8/site-packages/airflow/example_dags/subdags/subdag.py took 0.114 seconds
[2021-11-28 06:36:24,519] {scheduler_job.py:182} INFO - Started process (PID=39225) to work on /home/airflow/sandbox/lib/python3.8/site-packages/airflow/example_dags/subdags/subdag.py
[2021-11-28 06:36:24,524] {scheduler_job.py:633} INFO - Processing file /home/airflow/sandbox/lib/python3.8/site-packages/airflow/example_dags/subdags/subdag.py for tasks to queue
[2021-11-28 06:36:24,526] {logging_mixin.py:104} INFO - [2021-11-28 06:36:24,525] {dagbag.py:487} INFO - Filling up the DagBag from /home/airflow/sandbox/lib/python3.8/site-packages/airflow/example_dags/subdags/subdag.py
[2021-11-28 06:36:24,531] {scheduler_job.py:645} WARNING - No viable dags retrieved from /home/airflow/sandbox/lib/python3.8/site-packages/airflow/example_dags/subdags/subdag.py
[2021-11-28 06:36:24,660] {scheduler_job.py:190} INFO - Processing /home/airflow/sandbox/lib/python3.8/site-packages/airflow/example_dags/subdags/subdag.py took 0.183 seconds
[2021-11-28 06:36:55,527] {scheduler_job.py:182} INFO - Started process (PID=39420) to work on /home/airflow/sandbox/lib/python3.8/site-packages/airflow/example_dags/subdags/subdag.py
[2021-11-28 06:36:55,537] {scheduler_job.py:633} INFO - Processing file /home/airflow/sandbox/lib/python3.8/site-packages/airflow/example_dags/subdags/subdag.py for tasks to queue
[2021-11-28 06:36:55,540] {logging_mixin.py:104} INFO - [2021-11-28 06:36:55,540] {dagbag.py:487} INFO - Filling up the DagBag from /home/airflow/sandbox/lib/python3.8/site-packages/airflow/example_dags/subdags/subdag.py
[2021-11-28 06:36:55,549] {scheduler_job.py:645} WARNING - No viable dags retrieved from /home/airflow/sandbox/lib/python3.8/site-packages/airflow/example_dags/subdags/subdag.py
[2021-11-28 06:36:55,607] {scheduler_job.py:190} INFO - Processing /home/airflow/sandbox/lib/python3.8/site-packages/airflow/example_dags/subdags/subdag.py took 0.101 seconds
[2021-11-28 06:37:28,154] {scheduler_job.py:182} INFO - Started process (PID=39620) to work on /home/airflow/sandbox/lib/python3.8/site-packages/airflow/example_dags/subdags/subdag.py
[2021-11-28 06:37:28,183] {scheduler_job.py:633} INFO - Processing file /home/airflow/sandbox/lib/python3.8/site-packages/airflow/example_dags/subdags/subdag.py for tasks to queue
[2021-11-28 06:37:28,193] {logging_mixin.py:104} INFO - [2021-11-28 06:37:28,192] {dagbag.py:487} INFO - Filling up the DagBag from /home/airflow/sandbox/lib/python3.8/site-packages/airflow/example_dags/subdags/subdag.py
[2021-11-28 06:37:28,269] {scheduler_job.py:645} WARNING - No viable dags retrieved from /home/airflow/sandbox/lib/python3.8/site-packages/airflow/example_dags/subdags/subdag.py
[2021-11-28 06:37:28,537] {scheduler_job.py:190} INFO - Processing /home/airflow/sandbox/lib/python3.8/site-packages/airflow/example_dags/subdags/subdag.py took 0.410 seconds
[2021-11-28 06:38:01,939] {scheduler_job.py:182} INFO - Started process (PID=40072) to work on /home/airflow/sandbox/lib/python3.8/site-packages/airflow/example_dags/subdags/subdag.py
[2021-11-28 06:38:01,942] {scheduler_job.py:633} INFO - Processing file /home/airflow/sandbox/lib/python3.8/site-packages/airflow/example_dags/subdags/subdag.py for tasks to queue
[2021-11-28 06:38:01,949] {logging_mixin.py:104} INFO - [2021-11-28 06:38:01,948] {dagbag.py:487} INFO - Filling up the DagBag from /home/airflow/sandbox/lib/python3.8/site-packages/airflow/example_dags/subdags/subdag.py
[2021-11-28 06:38:01,971] {scheduler_job.py:645} WARNING - No viable dags retrieved from /home/airflow/sandbox/lib/python3.8/site-packages/airflow/example_dags/subdags/subdag.py
[2021-11-28 06:38:02,072] {scheduler_job.py:190} INFO - Processing /home/airflow/sandbox/lib/python3.8/site-packages/airflow/example_dags/subdags/subdag.py took 0.161 seconds
[2021-11-28 06:38:40,480] {scheduler_job.py:182} INFO - Started process (PID=40296) to work on /home/airflow/sandbox/lib/python3.8/site-packages/airflow/example_dags/subdags/subdag.py
[2021-11-28 06:38:40,494] {scheduler_job.py:633} INFO - Processing file /home/airflow/sandbox/lib/python3.8/site-packages/airflow/example_dags/subdags/subdag.py for tasks to queue
[2021-11-28 06:38:40,505] {logging_mixin.py:104} INFO - [2021-11-28 06:38:40,504] {dagbag.py:487} INFO - Filling up the DagBag from /home/airflow/sandbox/lib/python3.8/site-packages/airflow/example_dags/subdags/subdag.py
[2021-11-28 06:38:40,568] {scheduler_job.py:645} WARNING - No viable dags retrieved from /home/airflow/sandbox/lib/python3.8/site-packages/airflow/example_dags/subdags/subdag.py
[2021-11-28 06:38:41,490] {scheduler_job.py:190} INFO - Processing /home/airflow/sandbox/lib/python3.8/site-packages/airflow/example_dags/subdags/subdag.py took 1.074 seconds
[2021-11-28 06:39:12,187] {scheduler_job.py:182} INFO - Started process (PID=40496) to work on /home/airflow/sandbox/lib/python3.8/site-packages/airflow/example_dags/subdags/subdag.py
[2021-11-28 06:39:12,208] {scheduler_job.py:633} INFO - Processing file /home/airflow/sandbox/lib/python3.8/site-packages/airflow/example_dags/subdags/subdag.py for tasks to queue
[2021-11-28 06:39:12,248] {logging_mixin.py:104} INFO - [2021-11-28 06:39:12,210] {dagbag.py:487} INFO - Filling up the DagBag from /home/airflow/sandbox/lib/python3.8/site-packages/airflow/example_dags/subdags/subdag.py
[2021-11-28 06:39:12,345] {scheduler_job.py:645} WARNING - No viable dags retrieved from /home/airflow/sandbox/lib/python3.8/site-packages/airflow/example_dags/subdags/subdag.py
[2021-11-28 06:39:13,399] {scheduler_job.py:190} INFO - Processing /home/airflow/sandbox/lib/python3.8/site-packages/airflow/example_dags/subdags/subdag.py took 1.284 seconds
[2021-11-28 06:39:54,381] {scheduler_job.py:182} INFO - Started process (PID=40713) to work on /home/airflow/sandbox/lib/python3.8/site-packages/airflow/example_dags/subdags/subdag.py
[2021-11-28 06:39:54,812] {scheduler_job.py:633} INFO - Processing file /home/airflow/sandbox/lib/python3.8/site-packages/airflow/example_dags/subdags/subdag.py for tasks to queue
[2021-11-28 06:39:54,823] {logging_mixin.py:104} INFO - [2021-11-28 06:39:54,823] {dagbag.py:487} INFO - Filling up the DagBag from /home/airflow/sandbox/lib/python3.8/site-packages/airflow/example_dags/subdags/subdag.py
[2021-11-28 06:39:54,828] {scheduler_job.py:645} WARNING - No viable dags retrieved from /home/airflow/sandbox/lib/python3.8/site-packages/airflow/example_dags/subdags/subdag.py
[2021-11-28 06:39:54,897] {scheduler_job.py:190} INFO - Processing /home/airflow/sandbox/lib/python3.8/site-packages/airflow/example_dags/subdags/subdag.py took 0.526 seconds
[2021-11-28 06:40:28,527] {scheduler_job.py:182} INFO - Started process (PID=40933) to work on /home/airflow/sandbox/lib/python3.8/site-packages/airflow/example_dags/subdags/subdag.py
[2021-11-28 06:40:28,560] {scheduler_job.py:633} INFO - Processing file /home/airflow/sandbox/lib/python3.8/site-packages/airflow/example_dags/subdags/subdag.py for tasks to queue
[2021-11-28 06:40:28,567] {logging_mixin.py:104} INFO - [2021-11-28 06:40:28,567] {dagbag.py:487} INFO - Filling up the DagBag from /home/airflow/sandbox/lib/python3.8/site-packages/airflow/example_dags/subdags/subdag.py
[2021-11-28 06:40:28,574] {scheduler_job.py:645} WARNING - No viable dags retrieved from /home/airflow/sandbox/lib/python3.8/site-packages/airflow/example_dags/subdags/subdag.py
[2021-11-28 06:40:28,695] {scheduler_job.py:190} INFO - Processing /home/airflow/sandbox/lib/python3.8/site-packages/airflow/example_dags/subdags/subdag.py took 0.207 seconds
[2021-11-28 06:41:06,593] {scheduler_job.py:182} INFO - Started process (PID=41145) to work on /home/airflow/sandbox/lib/python3.8/site-packages/airflow/example_dags/subdags/subdag.py
[2021-11-28 06:41:06,618] {scheduler_job.py:633} INFO - Processing file /home/airflow/sandbox/lib/python3.8/site-packages/airflow/example_dags/subdags/subdag.py for tasks to queue
[2021-11-28 06:41:06,645] {logging_mixin.py:104} INFO - [2021-11-28 06:41:06,645] {dagbag.py:487} INFO - Filling up the DagBag from /home/airflow/sandbox/lib/python3.8/site-packages/airflow/example_dags/subdags/subdag.py
[2021-11-28 06:41:06,711] {scheduler_job.py:645} WARNING - No viable dags retrieved from /home/airflow/sandbox/lib/python3.8/site-packages/airflow/example_dags/subdags/subdag.py
[2021-11-28 06:41:06,795] {scheduler_job.py:190} INFO - Processing /home/airflow/sandbox/lib/python3.8/site-packages/airflow/example_dags/subdags/subdag.py took 0.262 seconds
[2021-11-28 06:41:38,513] {scheduler_job.py:182} INFO - Started process (PID=41338) to work on /home/airflow/sandbox/lib/python3.8/site-packages/airflow/example_dags/subdags/subdag.py
[2021-11-28 06:41:38,545] {scheduler_job.py:633} INFO - Processing file /home/airflow/sandbox/lib/python3.8/site-packages/airflow/example_dags/subdags/subdag.py for tasks to queue
[2021-11-28 06:41:38,549] {logging_mixin.py:104} INFO - [2021-11-28 06:41:38,549] {dagbag.py:487} INFO - Filling up the DagBag from /home/airflow/sandbox/lib/python3.8/site-packages/airflow/example_dags/subdags/subdag.py
[2021-11-28 06:41:38,606] {scheduler_job.py:645} WARNING - No viable dags retrieved from /home/airflow/sandbox/lib/python3.8/site-packages/airflow/example_dags/subdags/subdag.py
[2021-11-28 06:41:39,032] {scheduler_job.py:190} INFO - Processing /home/airflow/sandbox/lib/python3.8/site-packages/airflow/example_dags/subdags/subdag.py took 0.574 seconds
[2021-11-28 06:42:10,652] {scheduler_job.py:182} INFO - Started process (PID=41535) to work on /home/airflow/sandbox/lib/python3.8/site-packages/airflow/example_dags/subdags/subdag.py
[2021-11-28 06:42:10,674] {scheduler_job.py:633} INFO - Processing file /home/airflow/sandbox/lib/python3.8/site-packages/airflow/example_dags/subdags/subdag.py for tasks to queue
[2021-11-28 06:42:10,677] {logging_mixin.py:104} INFO - [2021-11-28 06:42:10,676] {dagbag.py:487} INFO - Filling up the DagBag from /home/airflow/sandbox/lib/python3.8/site-packages/airflow/example_dags/subdags/subdag.py
[2021-11-28 06:42:10,813] {scheduler_job.py:645} WARNING - No viable dags retrieved from /home/airflow/sandbox/lib/python3.8/site-packages/airflow/example_dags/subdags/subdag.py
[2021-11-28 06:42:11,081] {scheduler_job.py:190} INFO - Processing /home/airflow/sandbox/lib/python3.8/site-packages/airflow/example_dags/subdags/subdag.py took 0.609 seconds
[2021-11-28 06:42:58,256] {scheduler_job.py:182} INFO - Started process (PID=42019) to work on /home/airflow/sandbox/lib/python3.8/site-packages/airflow/example_dags/subdags/subdag.py
[2021-11-28 06:42:58,268] {scheduler_job.py:633} INFO - Processing file /home/airflow/sandbox/lib/python3.8/site-packages/airflow/example_dags/subdags/subdag.py for tasks to queue
[2021-11-28 06:42:58,287] {logging_mixin.py:104} INFO - [2021-11-28 06:42:58,287] {dagbag.py:487} INFO - Filling up the DagBag from /home/airflow/sandbox/lib/python3.8/site-packages/airflow/example_dags/subdags/subdag.py
[2021-11-28 06:42:58,300] {scheduler_job.py:645} WARNING - No viable dags retrieved from /home/airflow/sandbox/lib/python3.8/site-packages/airflow/example_dags/subdags/subdag.py
[2021-11-28 06:42:58,419] {scheduler_job.py:190} INFO - Processing /home/airflow/sandbox/lib/python3.8/site-packages/airflow/example_dags/subdags/subdag.py took 0.214 seconds
[2021-11-28 06:43:31,766] {scheduler_job.py:182} INFO - Started process (PID=42231) to work on /home/airflow/sandbox/lib/python3.8/site-packages/airflow/example_dags/subdags/subdag.py
[2021-11-28 06:43:31,788] {scheduler_job.py:633} INFO - Processing file /home/airflow/sandbox/lib/python3.8/site-packages/airflow/example_dags/subdags/subdag.py for tasks to queue
[2021-11-28 06:43:31,796] {logging_mixin.py:104} INFO - [2021-11-28 06:43:31,795] {dagbag.py:487} INFO - Filling up the DagBag from /home/airflow/sandbox/lib/python3.8/site-packages/airflow/example_dags/subdags/subdag.py
[2021-11-28 06:43:31,811] {scheduler_job.py:645} WARNING - No viable dags retrieved from /home/airflow/sandbox/lib/python3.8/site-packages/airflow/example_dags/subdags/subdag.py
[2021-11-28 06:43:31,967] {scheduler_job.py:190} INFO - Processing /home/airflow/sandbox/lib/python3.8/site-packages/airflow/example_dags/subdags/subdag.py took 0.237 seconds
[2021-11-28 06:44:16,862] {scheduler_job.py:182} INFO - Started process (PID=42503) to work on /home/airflow/sandbox/lib/python3.8/site-packages/airflow/example_dags/subdags/subdag.py
[2021-11-28 06:44:16,867] {scheduler_job.py:633} INFO - Processing file /home/airflow/sandbox/lib/python3.8/site-packages/airflow/example_dags/subdags/subdag.py for tasks to queue
[2021-11-28 06:44:16,868] {logging_mixin.py:104} INFO - [2021-11-28 06:44:16,868] {dagbag.py:487} INFO - Filling up the DagBag from /home/airflow/sandbox/lib/python3.8/site-packages/airflow/example_dags/subdags/subdag.py
[2021-11-28 06:44:16,873] {scheduler_job.py:645} WARNING - No viable dags retrieved from /home/airflow/sandbox/lib/python3.8/site-packages/airflow/example_dags/subdags/subdag.py
[2021-11-28 06:44:17,002] {scheduler_job.py:190} INFO - Processing /home/airflow/sandbox/lib/python3.8/site-packages/airflow/example_dags/subdags/subdag.py took 0.166 seconds
[2021-11-28 06:44:49,306] {scheduler_job.py:182} INFO - Started process (PID=42702) to work on /home/airflow/sandbox/lib/python3.8/site-packages/airflow/example_dags/subdags/subdag.py
[2021-11-28 06:44:49,321] {scheduler_job.py:633} INFO - Processing file /home/airflow/sandbox/lib/python3.8/site-packages/airflow/example_dags/subdags/subdag.py for tasks to queue
[2021-11-28 06:44:49,331] {logging_mixin.py:104} INFO - [2021-11-28 06:44:49,330] {dagbag.py:487} INFO - Filling up the DagBag from /home/airflow/sandbox/lib/python3.8/site-packages/airflow/example_dags/subdags/subdag.py
[2021-11-28 06:44:49,337] {scheduler_job.py:645} WARNING - No viable dags retrieved from /home/airflow/sandbox/lib/python3.8/site-packages/airflow/example_dags/subdags/subdag.py
[2021-11-28 06:44:49,440] {scheduler_job.py:190} INFO - Processing /home/airflow/sandbox/lib/python3.8/site-packages/airflow/example_dags/subdags/subdag.py took 0.142 seconds
[2021-11-28 06:45:34,289] {scheduler_job.py:182} INFO - Started process (PID=42917) to work on /home/airflow/sandbox/lib/python3.8/site-packages/airflow/example_dags/subdags/subdag.py
[2021-11-28 06:45:34,301] {scheduler_job.py:633} INFO - Processing file /home/airflow/sandbox/lib/python3.8/site-packages/airflow/example_dags/subdags/subdag.py for tasks to queue
[2021-11-28 06:45:34,308] {logging_mixin.py:104} INFO - [2021-11-28 06:45:34,308] {dagbag.py:487} INFO - Filling up the DagBag from /home/airflow/sandbox/lib/python3.8/site-packages/airflow/example_dags/subdags/subdag.py
[2021-11-28 06:45:34,352] {scheduler_job.py:645} WARNING - No viable dags retrieved from /home/airflow/sandbox/lib/python3.8/site-packages/airflow/example_dags/subdags/subdag.py
[2021-11-28 06:45:34,705] {scheduler_job.py:190} INFO - Processing /home/airflow/sandbox/lib/python3.8/site-packages/airflow/example_dags/subdags/subdag.py took 0.531 seconds
[2021-11-28 06:46:06,466] {scheduler_job.py:182} INFO - Started process (PID=43116) to work on /home/airflow/sandbox/lib/python3.8/site-packages/airflow/example_dags/subdags/subdag.py
[2021-11-28 06:46:06,501] {scheduler_job.py:633} INFO - Processing file /home/airflow/sandbox/lib/python3.8/site-packages/airflow/example_dags/subdags/subdag.py for tasks to queue
[2021-11-28 06:46:06,549] {logging_mixin.py:104} INFO - [2021-11-28 06:46:06,549] {dagbag.py:487} INFO - Filling up the DagBag from /home/airflow/sandbox/lib/python3.8/site-packages/airflow/example_dags/subdags/subdag.py
[2021-11-28 06:46:06,586] {scheduler_job.py:645} WARNING - No viable dags retrieved from /home/airflow/sandbox/lib/python3.8/site-packages/airflow/example_dags/subdags/subdag.py
[2021-11-28 06:46:06,836] {scheduler_job.py:190} INFO - Processing /home/airflow/sandbox/lib/python3.8/site-packages/airflow/example_dags/subdags/subdag.py took 0.484 seconds
[2021-11-28 06:46:37,043] {scheduler_job.py:182} INFO - Started process (PID=43312) to work on /home/airflow/sandbox/lib/python3.8/site-packages/airflow/example_dags/subdags/subdag.py
[2021-11-28 06:46:37,052] {scheduler_job.py:633} INFO - Processing file /home/airflow/sandbox/lib/python3.8/site-packages/airflow/example_dags/subdags/subdag.py for tasks to queue
[2021-11-28 06:46:37,058] {logging_mixin.py:104} INFO - [2021-11-28 06:46:37,055] {dagbag.py:487} INFO - Filling up the DagBag from /home/airflow/sandbox/lib/python3.8/site-packages/airflow/example_dags/subdags/subdag.py
[2021-11-28 06:46:37,065] {scheduler_job.py:645} WARNING - No viable dags retrieved from /home/airflow/sandbox/lib/python3.8/site-packages/airflow/example_dags/subdags/subdag.py
[2021-11-28 06:46:37,130] {scheduler_job.py:190} INFO - Processing /home/airflow/sandbox/lib/python3.8/site-packages/airflow/example_dags/subdags/subdag.py took 0.102 seconds
[2021-11-28 06:47:08,039] {scheduler_job.py:182} INFO - Started process (PID=43518) to work on /home/airflow/sandbox/lib/python3.8/site-packages/airflow/example_dags/subdags/subdag.py
[2021-11-28 06:47:08,046] {scheduler_job.py:633} INFO - Processing file /home/airflow/sandbox/lib/python3.8/site-packages/airflow/example_dags/subdags/subdag.py for tasks to queue
[2021-11-28 06:47:08,047] {logging_mixin.py:104} INFO - [2021-11-28 06:47:08,047] {dagbag.py:487} INFO - Filling up the DagBag from /home/airflow/sandbox/lib/python3.8/site-packages/airflow/example_dags/subdags/subdag.py
[2021-11-28 06:47:08,072] {scheduler_job.py:645} WARNING - No viable dags retrieved from /home/airflow/sandbox/lib/python3.8/site-packages/airflow/example_dags/subdags/subdag.py
[2021-11-28 06:47:08,173] {scheduler_job.py:190} INFO - Processing /home/airflow/sandbox/lib/python3.8/site-packages/airflow/example_dags/subdags/subdag.py took 0.156 seconds
[2021-11-28 06:47:41,754] {scheduler_job.py:182} INFO - Started process (PID=43717) to work on /home/airflow/sandbox/lib/python3.8/site-packages/airflow/example_dags/subdags/subdag.py
[2021-11-28 06:47:41,768] {scheduler_job.py:633} INFO - Processing file /home/airflow/sandbox/lib/python3.8/site-packages/airflow/example_dags/subdags/subdag.py for tasks to queue
[2021-11-28 06:47:41,778] {logging_mixin.py:104} INFO - [2021-11-28 06:47:41,777] {dagbag.py:487} INFO - Filling up the DagBag from /home/airflow/sandbox/lib/python3.8/site-packages/airflow/example_dags/subdags/subdag.py
[2021-11-28 06:47:41,807] {scheduler_job.py:645} WARNING - No viable dags retrieved from /home/airflow/sandbox/lib/python3.8/site-packages/airflow/example_dags/subdags/subdag.py
[2021-11-28 06:47:42,078] {scheduler_job.py:190} INFO - Processing /home/airflow/sandbox/lib/python3.8/site-packages/airflow/example_dags/subdags/subdag.py took 0.391 seconds
[2021-11-28 06:48:16,033] {scheduler_job.py:182} INFO - Started process (PID=44157) to work on /home/airflow/sandbox/lib/python3.8/site-packages/airflow/example_dags/subdags/subdag.py
[2021-11-28 06:48:16,045] {scheduler_job.py:633} INFO - Processing file /home/airflow/sandbox/lib/python3.8/site-packages/airflow/example_dags/subdags/subdag.py for tasks to queue
[2021-11-28 06:48:16,052] {logging_mixin.py:104} INFO - [2021-11-28 06:48:16,052] {dagbag.py:487} INFO - Filling up the DagBag from /home/airflow/sandbox/lib/python3.8/site-packages/airflow/example_dags/subdags/subdag.py
[2021-11-28 06:48:16,066] {scheduler_job.py:645} WARNING - No viable dags retrieved from /home/airflow/sandbox/lib/python3.8/site-packages/airflow/example_dags/subdags/subdag.py
[2021-11-28 06:48:16,167] {scheduler_job.py:190} INFO - Processing /home/airflow/sandbox/lib/python3.8/site-packages/airflow/example_dags/subdags/subdag.py took 0.155 seconds
[2021-11-28 06:48:49,320] {scheduler_job.py:182} INFO - Started process (PID=44363) to work on /home/airflow/sandbox/lib/python3.8/site-packages/airflow/example_dags/subdags/subdag.py
[2021-11-28 06:48:49,324] {scheduler_job.py:633} INFO - Processing file /home/airflow/sandbox/lib/python3.8/site-packages/airflow/example_dags/subdags/subdag.py for tasks to queue
[2021-11-28 06:48:49,328] {logging_mixin.py:104} INFO - [2021-11-28 06:48:49,328] {dagbag.py:487} INFO - Filling up the DagBag from /home/airflow/sandbox/lib/python3.8/site-packages/airflow/example_dags/subdags/subdag.py
[2021-11-28 06:48:49,333] {scheduler_job.py:645} WARNING - No viable dags retrieved from /home/airflow/sandbox/lib/python3.8/site-packages/airflow/example_dags/subdags/subdag.py
[2021-11-28 06:48:49,581] {scheduler_job.py:190} INFO - Processing /home/airflow/sandbox/lib/python3.8/site-packages/airflow/example_dags/subdags/subdag.py took 0.292 seconds
[2021-11-28 06:49:20,736] {scheduler_job.py:182} INFO - Started process (PID=44563) to work on /home/airflow/sandbox/lib/python3.8/site-packages/airflow/example_dags/subdags/subdag.py
[2021-11-28 06:49:20,749] {scheduler_job.py:633} INFO - Processing file /home/airflow/sandbox/lib/python3.8/site-packages/airflow/example_dags/subdags/subdag.py for tasks to queue
[2021-11-28 06:49:20,763] {logging_mixin.py:104} INFO - [2021-11-28 06:49:20,763] {dagbag.py:487} INFO - Filling up the DagBag from /home/airflow/sandbox/lib/python3.8/site-packages/airflow/example_dags/subdags/subdag.py
[2021-11-28 06:49:20,791] {scheduler_job.py:645} WARNING - No viable dags retrieved from /home/airflow/sandbox/lib/python3.8/site-packages/airflow/example_dags/subdags/subdag.py
[2021-11-28 06:49:20,870] {scheduler_job.py:190} INFO - Processing /home/airflow/sandbox/lib/python3.8/site-packages/airflow/example_dags/subdags/subdag.py took 0.142 seconds
[2021-11-28 06:49:51,469] {scheduler_job.py:182} INFO - Started process (PID=44762) to work on /home/airflow/sandbox/lib/python3.8/site-packages/airflow/example_dags/subdags/subdag.py
[2021-11-28 06:49:51,500] {scheduler_job.py:633} INFO - Processing file /home/airflow/sandbox/lib/python3.8/site-packages/airflow/example_dags/subdags/subdag.py for tasks to queue
[2021-11-28 06:49:51,507] {logging_mixin.py:104} INFO - [2021-11-28 06:49:51,507] {dagbag.py:487} INFO - Filling up the DagBag from /home/airflow/sandbox/lib/python3.8/site-packages/airflow/example_dags/subdags/subdag.py
[2021-11-28 06:49:51,526] {scheduler_job.py:645} WARNING - No viable dags retrieved from /home/airflow/sandbox/lib/python3.8/site-packages/airflow/example_dags/subdags/subdag.py
[2021-11-28 06:49:51,626] {scheduler_job.py:190} INFO - Processing /home/airflow/sandbox/lib/python3.8/site-packages/airflow/example_dags/subdags/subdag.py took 0.163 seconds
[2021-11-28 06:50:23,795] {scheduler_job.py:182} INFO - Started process (PID=44963) to work on /home/airflow/sandbox/lib/python3.8/site-packages/airflow/example_dags/subdags/subdag.py
[2021-11-28 06:50:23,820] {scheduler_job.py:633} INFO - Processing file /home/airflow/sandbox/lib/python3.8/site-packages/airflow/example_dags/subdags/subdag.py for tasks to queue
[2021-11-28 06:50:23,823] {logging_mixin.py:104} INFO - [2021-11-28 06:50:23,823] {dagbag.py:487} INFO - Filling up the DagBag from /home/airflow/sandbox/lib/python3.8/site-packages/airflow/example_dags/subdags/subdag.py
[2021-11-28 06:50:23,835] {scheduler_job.py:645} WARNING - No viable dags retrieved from /home/airflow/sandbox/lib/python3.8/site-packages/airflow/example_dags/subdags/subdag.py
[2021-11-28 06:50:23,935] {scheduler_job.py:190} INFO - Processing /home/airflow/sandbox/lib/python3.8/site-packages/airflow/example_dags/subdags/subdag.py took 0.151 seconds
[2021-11-28 06:50:57,200] {scheduler_job.py:182} INFO - Started process (PID=45175) to work on /home/airflow/sandbox/lib/python3.8/site-packages/airflow/example_dags/subdags/subdag.py
[2021-11-28 06:50:57,229] {scheduler_job.py:633} INFO - Processing file /home/airflow/sandbox/lib/python3.8/site-packages/airflow/example_dags/subdags/subdag.py for tasks to queue
[2021-11-28 06:50:57,230] {logging_mixin.py:104} INFO - [2021-11-28 06:50:57,230] {dagbag.py:487} INFO - Filling up the DagBag from /home/airflow/sandbox/lib/python3.8/site-packages/airflow/example_dags/subdags/subdag.py
[2021-11-28 06:50:57,289] {scheduler_job.py:645} WARNING - No viable dags retrieved from /home/airflow/sandbox/lib/python3.8/site-packages/airflow/example_dags/subdags/subdag.py
[2021-11-28 06:50:57,419] {scheduler_job.py:190} INFO - Processing /home/airflow/sandbox/lib/python3.8/site-packages/airflow/example_dags/subdags/subdag.py took 0.240 seconds
[2021-11-28 06:51:28,372] {scheduler_job.py:182} INFO - Started process (PID=45374) to work on /home/airflow/sandbox/lib/python3.8/site-packages/airflow/example_dags/subdags/subdag.py
[2021-11-28 06:51:28,380] {scheduler_job.py:633} INFO - Processing file /home/airflow/sandbox/lib/python3.8/site-packages/airflow/example_dags/subdags/subdag.py for tasks to queue
[2021-11-28 06:51:28,396] {logging_mixin.py:104} INFO - [2021-11-28 06:51:28,395] {dagbag.py:487} INFO - Filling up the DagBag from /home/airflow/sandbox/lib/python3.8/site-packages/airflow/example_dags/subdags/subdag.py
[2021-11-28 06:51:28,404] {scheduler_job.py:645} WARNING - No viable dags retrieved from /home/airflow/sandbox/lib/python3.8/site-packages/airflow/example_dags/subdags/subdag.py
[2021-11-28 06:51:28,506] {scheduler_job.py:190} INFO - Processing /home/airflow/sandbox/lib/python3.8/site-packages/airflow/example_dags/subdags/subdag.py took 0.167 seconds
[2021-11-28 06:52:02,122] {scheduler_job.py:182} INFO - Started process (PID=45579) to work on /home/airflow/sandbox/lib/python3.8/site-packages/airflow/example_dags/subdags/subdag.py
[2021-11-28 06:52:02,132] {scheduler_job.py:633} INFO - Processing file /home/airflow/sandbox/lib/python3.8/site-packages/airflow/example_dags/subdags/subdag.py for tasks to queue
[2021-11-28 06:52:02,135] {logging_mixin.py:104} INFO - [2021-11-28 06:52:02,135] {dagbag.py:487} INFO - Filling up the DagBag from /home/airflow/sandbox/lib/python3.8/site-packages/airflow/example_dags/subdags/subdag.py
[2021-11-28 06:52:02,155] {scheduler_job.py:645} WARNING - No viable dags retrieved from /home/airflow/sandbox/lib/python3.8/site-packages/airflow/example_dags/subdags/subdag.py
[2021-11-28 06:52:02,252] {scheduler_job.py:190} INFO - Processing /home/airflow/sandbox/lib/python3.8/site-packages/airflow/example_dags/subdags/subdag.py took 0.174 seconds
[2021-11-28 06:52:43,937] {scheduler_job.py:182} INFO - Started process (PID=45851) to work on /home/airflow/sandbox/lib/python3.8/site-packages/airflow/example_dags/subdags/subdag.py
[2021-11-28 06:52:43,971] {scheduler_job.py:633} INFO - Processing file /home/airflow/sandbox/lib/python3.8/site-packages/airflow/example_dags/subdags/subdag.py for tasks to queue
[2021-11-28 06:52:43,976] {logging_mixin.py:104} INFO - [2021-11-28 06:52:43,975] {dagbag.py:487} INFO - Filling up the DagBag from /home/airflow/sandbox/lib/python3.8/site-packages/airflow/example_dags/subdags/subdag.py
[2021-11-28 06:52:44,022] {scheduler_job.py:645} WARNING - No viable dags retrieved from /home/airflow/sandbox/lib/python3.8/site-packages/airflow/example_dags/subdags/subdag.py
[2021-11-28 06:52:44,134] {scheduler_job.py:190} INFO - Processing /home/airflow/sandbox/lib/python3.8/site-packages/airflow/example_dags/subdags/subdag.py took 0.204 seconds
[2021-11-28 06:53:15,990] {scheduler_job.py:182} INFO - Started process (PID=46266) to work on /home/airflow/sandbox/lib/python3.8/site-packages/airflow/example_dags/subdags/subdag.py
[2021-11-28 06:53:15,993] {scheduler_job.py:633} INFO - Processing file /home/airflow/sandbox/lib/python3.8/site-packages/airflow/example_dags/subdags/subdag.py for tasks to queue
[2021-11-28 06:53:15,995] {logging_mixin.py:104} INFO - [2021-11-28 06:53:15,995] {dagbag.py:487} INFO - Filling up the DagBag from /home/airflow/sandbox/lib/python3.8/site-packages/airflow/example_dags/subdags/subdag.py
[2021-11-28 06:53:16,027] {scheduler_job.py:645} WARNING - No viable dags retrieved from /home/airflow/sandbox/lib/python3.8/site-packages/airflow/example_dags/subdags/subdag.py
[2021-11-28 06:53:16,225] {scheduler_job.py:190} INFO - Processing /home/airflow/sandbox/lib/python3.8/site-packages/airflow/example_dags/subdags/subdag.py took 0.273 seconds
[2021-11-28 06:53:47,259] {scheduler_job.py:182} INFO - Started process (PID=46465) to work on /home/airflow/sandbox/lib/python3.8/site-packages/airflow/example_dags/subdags/subdag.py
[2021-11-28 06:53:47,279] {scheduler_job.py:633} INFO - Processing file /home/airflow/sandbox/lib/python3.8/site-packages/airflow/example_dags/subdags/subdag.py for tasks to queue
[2021-11-28 06:53:47,281] {logging_mixin.py:104} INFO - [2021-11-28 06:53:47,281] {dagbag.py:487} INFO - Filling up the DagBag from /home/airflow/sandbox/lib/python3.8/site-packages/airflow/example_dags/subdags/subdag.py
[2021-11-28 06:53:47,312] {scheduler_job.py:645} WARNING - No viable dags retrieved from /home/airflow/sandbox/lib/python3.8/site-packages/airflow/example_dags/subdags/subdag.py
[2021-11-28 06:53:47,371] {scheduler_job.py:190} INFO - Processing /home/airflow/sandbox/lib/python3.8/site-packages/airflow/example_dags/subdags/subdag.py took 0.132 seconds
[2021-11-28 06:54:19,590] {scheduler_job.py:182} INFO - Started process (PID=46663) to work on /home/airflow/sandbox/lib/python3.8/site-packages/airflow/example_dags/subdags/subdag.py
[2021-11-28 06:54:19,598] {scheduler_job.py:633} INFO - Processing file /home/airflow/sandbox/lib/python3.8/site-packages/airflow/example_dags/subdags/subdag.py for tasks to queue
[2021-11-28 06:54:19,601] {logging_mixin.py:104} INFO - [2021-11-28 06:54:19,600] {dagbag.py:487} INFO - Filling up the DagBag from /home/airflow/sandbox/lib/python3.8/site-packages/airflow/example_dags/subdags/subdag.py
[2021-11-28 06:54:19,613] {scheduler_job.py:645} WARNING - No viable dags retrieved from /home/airflow/sandbox/lib/python3.8/site-packages/airflow/example_dags/subdags/subdag.py
[2021-11-28 06:54:19,712] {scheduler_job.py:190} INFO - Processing /home/airflow/sandbox/lib/python3.8/site-packages/airflow/example_dags/subdags/subdag.py took 0.143 seconds
[2021-11-28 06:55:00,360] {scheduler_job.py:182} INFO - Started process (PID=46875) to work on /home/airflow/sandbox/lib/python3.8/site-packages/airflow/example_dags/subdags/subdag.py
[2021-11-28 06:55:00,366] {scheduler_job.py:633} INFO - Processing file /home/airflow/sandbox/lib/python3.8/site-packages/airflow/example_dags/subdags/subdag.py for tasks to queue
[2021-11-28 06:55:00,370] {logging_mixin.py:104} INFO - [2021-11-28 06:55:00,370] {dagbag.py:487} INFO - Filling up the DagBag from /home/airflow/sandbox/lib/python3.8/site-packages/airflow/example_dags/subdags/subdag.py
[2021-11-28 06:55:00,391] {scheduler_job.py:645} WARNING - No viable dags retrieved from /home/airflow/sandbox/lib/python3.8/site-packages/airflow/example_dags/subdags/subdag.py
[2021-11-28 06:55:00,476] {scheduler_job.py:190} INFO - Processing /home/airflow/sandbox/lib/python3.8/site-packages/airflow/example_dags/subdags/subdag.py took 0.141 seconds
[2021-11-28 06:55:31,726] {scheduler_job.py:182} INFO - Started process (PID=47084) to work on /home/airflow/sandbox/lib/python3.8/site-packages/airflow/example_dags/subdags/subdag.py
[2021-11-28 06:55:31,737] {scheduler_job.py:633} INFO - Processing file /home/airflow/sandbox/lib/python3.8/site-packages/airflow/example_dags/subdags/subdag.py for tasks to queue
[2021-11-28 06:55:31,740] {logging_mixin.py:104} INFO - [2021-11-28 06:55:31,740] {dagbag.py:487} INFO - Filling up the DagBag from /home/airflow/sandbox/lib/python3.8/site-packages/airflow/example_dags/subdags/subdag.py
[2021-11-28 06:55:31,767] {scheduler_job.py:645} WARNING - No viable dags retrieved from /home/airflow/sandbox/lib/python3.8/site-packages/airflow/example_dags/subdags/subdag.py
[2021-11-28 06:55:31,871] {scheduler_job.py:190} INFO - Processing /home/airflow/sandbox/lib/python3.8/site-packages/airflow/example_dags/subdags/subdag.py took 0.164 seconds
[2021-11-28 06:56:03,995] {scheduler_job.py:182} INFO - Started process (PID=47290) to work on /home/airflow/sandbox/lib/python3.8/site-packages/airflow/example_dags/subdags/subdag.py
[2021-11-28 06:56:03,999] {scheduler_job.py:633} INFO - Processing file /home/airflow/sandbox/lib/python3.8/site-packages/airflow/example_dags/subdags/subdag.py for tasks to queue
[2021-11-28 06:56:04,002] {logging_mixin.py:104} INFO - [2021-11-28 06:56:04,001] {dagbag.py:487} INFO - Filling up the DagBag from /home/airflow/sandbox/lib/python3.8/site-packages/airflow/example_dags/subdags/subdag.py
[2021-11-28 06:56:04,008] {scheduler_job.py:645} WARNING - No viable dags retrieved from /home/airflow/sandbox/lib/python3.8/site-packages/airflow/example_dags/subdags/subdag.py
[2021-11-28 06:56:04,099] {scheduler_job.py:190} INFO - Processing /home/airflow/sandbox/lib/python3.8/site-packages/airflow/example_dags/subdags/subdag.py took 0.124 seconds
[2021-11-28 06:56:34,518] {scheduler_job.py:182} INFO - Started process (PID=47485) to work on /home/airflow/sandbox/lib/python3.8/site-packages/airflow/example_dags/subdags/subdag.py
[2021-11-28 06:56:34,535] {scheduler_job.py:633} INFO - Processing file /home/airflow/sandbox/lib/python3.8/site-packages/airflow/example_dags/subdags/subdag.py for tasks to queue
[2021-11-28 06:56:34,538] {logging_mixin.py:104} INFO - [2021-11-28 06:56:34,538] {dagbag.py:487} INFO - Filling up the DagBag from /home/airflow/sandbox/lib/python3.8/site-packages/airflow/example_dags/subdags/subdag.py
[2021-11-28 06:56:34,549] {scheduler_job.py:645} WARNING - No viable dags retrieved from /home/airflow/sandbox/lib/python3.8/site-packages/airflow/example_dags/subdags/subdag.py
[2021-11-28 06:56:34,601] {scheduler_job.py:190} INFO - Processing /home/airflow/sandbox/lib/python3.8/site-packages/airflow/example_dags/subdags/subdag.py took 0.106 seconds
[2021-11-28 06:57:06,708] {scheduler_job.py:182} INFO - Started process (PID=47688) to work on /home/airflow/sandbox/lib/python3.8/site-packages/airflow/example_dags/subdags/subdag.py
[2021-11-28 06:57:06,717] {scheduler_job.py:633} INFO - Processing file /home/airflow/sandbox/lib/python3.8/site-packages/airflow/example_dags/subdags/subdag.py for tasks to queue
[2021-11-28 06:57:06,731] {logging_mixin.py:104} INFO - [2021-11-28 06:57:06,731] {dagbag.py:487} INFO - Filling up the DagBag from /home/airflow/sandbox/lib/python3.8/site-packages/airflow/example_dags/subdags/subdag.py
[2021-11-28 06:57:06,736] {scheduler_job.py:645} WARNING - No viable dags retrieved from /home/airflow/sandbox/lib/python3.8/site-packages/airflow/example_dags/subdags/subdag.py
[2021-11-28 06:57:06,947] {scheduler_job.py:190} INFO - Processing /home/airflow/sandbox/lib/python3.8/site-packages/airflow/example_dags/subdags/subdag.py took 0.260 seconds
[2021-11-28 06:57:37,851] {scheduler_job.py:182} INFO - Started process (PID=47887) to work on /home/airflow/sandbox/lib/python3.8/site-packages/airflow/example_dags/subdags/subdag.py
[2021-11-28 06:57:37,887] {scheduler_job.py:633} INFO - Processing file /home/airflow/sandbox/lib/python3.8/site-packages/airflow/example_dags/subdags/subdag.py for tasks to queue
[2021-11-28 06:57:37,901] {logging_mixin.py:104} INFO - [2021-11-28 06:57:37,901] {dagbag.py:487} INFO - Filling up the DagBag from /home/airflow/sandbox/lib/python3.8/site-packages/airflow/example_dags/subdags/subdag.py
[2021-11-28 06:57:37,906] {scheduler_job.py:645} WARNING - No viable dags retrieved from /home/airflow/sandbox/lib/python3.8/site-packages/airflow/example_dags/subdags/subdag.py
[2021-11-28 06:57:38,075] {scheduler_job.py:190} INFO - Processing /home/airflow/sandbox/lib/python3.8/site-packages/airflow/example_dags/subdags/subdag.py took 0.252 seconds
[2021-11-28 06:58:09,226] {scheduler_job.py:182} INFO - Started process (PID=48331) to work on /home/airflow/sandbox/lib/python3.8/site-packages/airflow/example_dags/subdags/subdag.py
[2021-11-28 06:58:09,251] {scheduler_job.py:633} INFO - Processing file /home/airflow/sandbox/lib/python3.8/site-packages/airflow/example_dags/subdags/subdag.py for tasks to queue
[2021-11-28 06:58:09,261] {logging_mixin.py:104} INFO - [2021-11-28 06:58:09,260] {dagbag.py:487} INFO - Filling up the DagBag from /home/airflow/sandbox/lib/python3.8/site-packages/airflow/example_dags/subdags/subdag.py
[2021-11-28 06:58:09,346] {scheduler_job.py:645} WARNING - No viable dags retrieved from /home/airflow/sandbox/lib/python3.8/site-packages/airflow/example_dags/subdags/subdag.py
[2021-11-28 06:58:09,581] {scheduler_job.py:190} INFO - Processing /home/airflow/sandbox/lib/python3.8/site-packages/airflow/example_dags/subdags/subdag.py took 0.428 seconds
[2021-11-28 06:58:40,768] {scheduler_job.py:182} INFO - Started process (PID=48529) to work on /home/airflow/sandbox/lib/python3.8/site-packages/airflow/example_dags/subdags/subdag.py
[2021-11-28 06:58:40,771] {scheduler_job.py:633} INFO - Processing file /home/airflow/sandbox/lib/python3.8/site-packages/airflow/example_dags/subdags/subdag.py for tasks to queue
[2021-11-28 06:58:40,773] {logging_mixin.py:104} INFO - [2021-11-28 06:58:40,773] {dagbag.py:487} INFO - Filling up the DagBag from /home/airflow/sandbox/lib/python3.8/site-packages/airflow/example_dags/subdags/subdag.py
[2021-11-28 06:58:40,779] {scheduler_job.py:645} WARNING - No viable dags retrieved from /home/airflow/sandbox/lib/python3.8/site-packages/airflow/example_dags/subdags/subdag.py
[2021-11-28 06:58:40,871] {scheduler_job.py:190} INFO - Processing /home/airflow/sandbox/lib/python3.8/site-packages/airflow/example_dags/subdags/subdag.py took 0.130 seconds
[2021-11-28 06:59:11,518] {scheduler_job.py:182} INFO - Started process (PID=48722) to work on /home/airflow/sandbox/lib/python3.8/site-packages/airflow/example_dags/subdags/subdag.py
[2021-11-28 06:59:11,521] {scheduler_job.py:633} INFO - Processing file /home/airflow/sandbox/lib/python3.8/site-packages/airflow/example_dags/subdags/subdag.py for tasks to queue
[2021-11-28 06:59:11,523] {logging_mixin.py:104} INFO - [2021-11-28 06:59:11,523] {dagbag.py:487} INFO - Filling up the DagBag from /home/airflow/sandbox/lib/python3.8/site-packages/airflow/example_dags/subdags/subdag.py
[2021-11-28 06:59:11,596] {scheduler_job.py:645} WARNING - No viable dags retrieved from /home/airflow/sandbox/lib/python3.8/site-packages/airflow/example_dags/subdags/subdag.py
[2021-11-28 06:59:11,682] {scheduler_job.py:190} INFO - Processing /home/airflow/sandbox/lib/python3.8/site-packages/airflow/example_dags/subdags/subdag.py took 0.306 seconds
[2021-11-28 06:59:43,087] {scheduler_job.py:182} INFO - Started process (PID=48918) to work on /home/airflow/sandbox/lib/python3.8/site-packages/airflow/example_dags/subdags/subdag.py
[2021-11-28 06:59:43,136] {scheduler_job.py:633} INFO - Processing file /home/airflow/sandbox/lib/python3.8/site-packages/airflow/example_dags/subdags/subdag.py for tasks to queue
[2021-11-28 06:59:43,202] {logging_mixin.py:104} INFO - [2021-11-28 06:59:43,201] {dagbag.py:487} INFO - Filling up the DagBag from /home/airflow/sandbox/lib/python3.8/site-packages/airflow/example_dags/subdags/subdag.py
[2021-11-28 06:59:43,267] {scheduler_job.py:645} WARNING - No viable dags retrieved from /home/airflow/sandbox/lib/python3.8/site-packages/airflow/example_dags/subdags/subdag.py
[2021-11-28 06:59:43,840] {scheduler_job.py:190} INFO - Processing /home/airflow/sandbox/lib/python3.8/site-packages/airflow/example_dags/subdags/subdag.py took 0.835 seconds
[2021-11-28 07:00:15,838] {scheduler_job.py:182} INFO - Started process (PID=49124) to work on /home/airflow/sandbox/lib/python3.8/site-packages/airflow/example_dags/subdags/subdag.py
[2021-11-28 07:00:15,863] {scheduler_job.py:633} INFO - Processing file /home/airflow/sandbox/lib/python3.8/site-packages/airflow/example_dags/subdags/subdag.py for tasks to queue
[2021-11-28 07:00:15,866] {logging_mixin.py:104} INFO - [2021-11-28 07:00:15,866] {dagbag.py:487} INFO - Filling up the DagBag from /home/airflow/sandbox/lib/python3.8/site-packages/airflow/example_dags/subdags/subdag.py
[2021-11-28 07:00:15,882] {scheduler_job.py:645} WARNING - No viable dags retrieved from /home/airflow/sandbox/lib/python3.8/site-packages/airflow/example_dags/subdags/subdag.py
[2021-11-28 07:00:16,085] {scheduler_job.py:190} INFO - Processing /home/airflow/sandbox/lib/python3.8/site-packages/airflow/example_dags/subdags/subdag.py took 0.251 seconds
[2021-11-28 07:00:52,769] {scheduler_job.py:182} INFO - Started process (PID=49350) to work on /home/airflow/sandbox/lib/python3.8/site-packages/airflow/example_dags/subdags/subdag.py
[2021-11-28 07:00:52,796] {scheduler_job.py:633} INFO - Processing file /home/airflow/sandbox/lib/python3.8/site-packages/airflow/example_dags/subdags/subdag.py for tasks to queue
[2021-11-28 07:00:52,801] {logging_mixin.py:104} INFO - [2021-11-28 07:00:52,801] {dagbag.py:487} INFO - Filling up the DagBag from /home/airflow/sandbox/lib/python3.8/site-packages/airflow/example_dags/subdags/subdag.py
[2021-11-28 07:00:52,822] {scheduler_job.py:645} WARNING - No viable dags retrieved from /home/airflow/sandbox/lib/python3.8/site-packages/airflow/example_dags/subdags/subdag.py
[2021-11-28 07:00:53,014] {scheduler_job.py:190} INFO - Processing /home/airflow/sandbox/lib/python3.8/site-packages/airflow/example_dags/subdags/subdag.py took 0.272 seconds
