[2021-12-08 06:10:54,042] {taskinstance.py:876} INFO - Dependencies all met for <TaskInstance: elasticsearch_dag.connections_to_es 2021-12-08T06:10:47.599601+00:00 [queued]>
[2021-12-08 06:10:54,110] {taskinstance.py:876} INFO - Dependencies all met for <TaskInstance: elasticsearch_dag.connections_to_es 2021-12-08T06:10:47.599601+00:00 [queued]>
[2021-12-08 06:10:54,110] {taskinstance.py:1067} INFO - 
--------------------------------------------------------------------------------
[2021-12-08 06:10:54,110] {taskinstance.py:1068} INFO - Starting attempt 1 of 1
[2021-12-08 06:10:54,119] {taskinstance.py:1069} INFO - 
--------------------------------------------------------------------------------
[2021-12-08 06:10:54,147] {taskinstance.py:1087} INFO - Executing <Task(PostgresToElasticOperator): connections_to_es> on 2021-12-08T06:10:47.599601+00:00
[2021-12-08 06:10:54,168] {standard_task_runner.py:52} INFO - Started process 150120 to run task
[2021-12-08 06:10:54,177] {standard_task_runner.py:76} INFO - Running: ['airflow', 'tasks', 'run', 'elasticsearch_dag', 'connections_to_es', '2021-12-08T06:10:47.599601+00:00', '--job-id', '811', '--pool', 'default_pool', '--raw', '--subdir', 'DAGS_FOLDER/elasticsearch_dag.py', '--cfg-path', '/tmp/tmp_z8nkl95', '--error-file', '/tmp/tmp4gauv4of']
[2021-12-08 06:10:54,207] {standard_task_runner.py:77} INFO - Job 811: Subtask connections_to_es
[2021-12-08 06:10:54,347] {logging_mixin.py:104} INFO - Running <TaskInstance: elasticsearch_dag.connections_to_es 2021-12-08T06:10:47.599601+00:00 [running]> on host airflowvm
[2021-12-08 06:10:54,664] {taskinstance.py:1280} INFO - Exporting the following env vars:
AIRFLOW_CTX_DAG_OWNER=airflow
AIRFLOW_CTX_DAG_ID=elasticsearch_dag
AIRFLOW_CTX_TASK_ID=connections_to_es
AIRFLOW_CTX_EXECUTION_DATE=2021-12-08T06:10:47.599601+00:00
AIRFLOW_CTX_DAG_RUN_ID=manual__2021-12-08T06:10:47.599601+00:00
[2021-12-08 06:10:54,739] {base.py:69} INFO - Using connection to: id: elasticsearch_default. Host: localhost, Port: 9200, Schema: http, Login: None, Password: None, extra: {}
[2021-12-08 06:10:54,828] {connection.py:360} ERROR - Failed parsing the json for conn_id ***_default
Traceback (most recent call last):
  File "/home/airflow/sandbox/lib/python3.8/site-packages/airflow/models/connection.py", line 357, in extra_dejson
    obj = json.loads(self.extra)
  File "/usr/lib/python3.8/json/__init__.py", line 357, in loads
    return _default_decoder.decode(s)
  File "/usr/lib/python3.8/json/decoder.py", line 337, in decode
    obj, end = self.raw_decode(s, idx=_w(s, 0).end())
  File "/usr/lib/python3.8/json/decoder.py", line 353, in raw_decode
    obj, end = self.scan_once(s, idx)
json.decoder.JSONDecodeError: Unterminated string starting at: line 1 column 11 (char 10)
[2021-12-08 06:10:54,829] {base.py:69} INFO - Using connection to: id: ***_default. Host: localhost, Port: 5432, Schema: , Login: ***, Password: ***, extra: {}
[2021-12-08 06:10:54,832] {connection.py:360} ERROR - Failed parsing the json for conn_id ***_default
Traceback (most recent call last):
  File "/home/airflow/sandbox/lib/python3.8/site-packages/airflow/models/connection.py", line 357, in extra_dejson
    obj = json.loads(self.extra)
  File "/usr/lib/python3.8/json/__init__.py", line 357, in loads
    return _default_decoder.decode(s)
  File "/usr/lib/python3.8/json/decoder.py", line 337, in decode
    obj, end = self.raw_decode(s, idx=_w(s, 0).end())
  File "/usr/lib/python3.8/json/decoder.py", line 353, in raw_decode
    obj, end = self.scan_once(s, idx)
json.decoder.JSONDecodeError: Unterminated string starting at: line 1 column 11 (char 10)
[2021-12-08 06:10:54,844] {connection.py:360} ERROR - Failed parsing the json for conn_id ***_default
Traceback (most recent call last):
  File "/home/airflow/sandbox/lib/python3.8/site-packages/airflow/models/connection.py", line 357, in extra_dejson
    obj = json.loads(self.extra)
  File "/usr/lib/python3.8/json/__init__.py", line 357, in loads
    return _default_decoder.decode(s)
  File "/usr/lib/python3.8/json/decoder.py", line 337, in decode
    obj, end = self.raw_decode(s, idx=_w(s, 0).end())
  File "/usr/lib/python3.8/json/decoder.py", line 353, in raw_decode
    obj, end = self.scan_once(s, idx)
json.decoder.JSONDecodeError: Unterminated string starting at: line 1 column 11 (char 10)
[2021-12-08 06:10:54,856] {connection.py:360} ERROR - Failed parsing the json for conn_id ***_default
Traceback (most recent call last):
  File "/home/airflow/sandbox/lib/python3.8/site-packages/airflow/models/connection.py", line 357, in extra_dejson
    obj = json.loads(self.extra)
  File "/usr/lib/python3.8/json/__init__.py", line 357, in loads
    return _default_decoder.decode(s)
  File "/usr/lib/python3.8/json/decoder.py", line 337, in decode
    obj, end = self.raw_decode(s, idx=_w(s, 0).end())
  File "/usr/lib/python3.8/json/decoder.py", line 353, in raw_decode
    obj, end = self.scan_once(s, idx)
json.decoder.JSONDecodeError: Unterminated string starting at: line 1 column 11 (char 10)
[2021-12-08 06:10:54,987] {logging_mixin.py:104} WARNING - /home/airflow/sandbox/lib/python3.8/site-packages/elasticsearch/connection/base.py:193 ElasticsearchDeprecationWarning: Elasticsearch built-in security features are not enabled. Without authentication, your cluster could be accessible to anyone. See https://www.elastic.co/guide/en/elasticsearch/reference/7.15/security-minimal-setup.html to enable security.
[2021-12-08 06:10:54,989] {logging_mixin.py:104} WARNING - /home/airflow/sandbox/lib/python3.8/site-packages/elasticsearch/connection/base.py:193 ElasticsearchDeprecationWarning: [types removal] Specifying types in document index requests is deprecated, use the typeless endpoints instead (/{index}/_doc/{id}, /{index}/_doc, or /{index}/_create/{id}).
[2021-12-08 06:10:55,006] {base.py:278} WARNING - POST http://localhost:9200/connections/external [status:400 request:0.039s]
[2021-12-08 06:10:55,011] {taskinstance.py:1481} ERROR - Task failed with exception
Traceback (most recent call last):
  File "/home/airflow/sandbox/lib/python3.8/site-packages/airflow/models/taskinstance.py", line 1137, in _run_raw_task
    self._prepare_and_execute_task_with_callbacks(context, task)
  File "/home/airflow/sandbox/lib/python3.8/site-packages/airflow/models/taskinstance.py", line 1311, in _prepare_and_execute_task_with_callbacks
    result = self._execute_task(context, task_copy)
  File "/home/airflow/sandbox/lib/python3.8/site-packages/airflow/models/taskinstance.py", line 1341, in _execute_task
    result = task_copy.execute(context=context)
  File "/home/airflow/airflow/dags/elasticsearch_plugin/operators/postgres_to_elastic.py", line 35, in execute
    es.add_doc(index = self.index, doc_type = 'external', doc = doc)
  File "/home/airflow/airflow/dags/elasticsearch_plugin/hooks/elastic_hook.py", line 34, in add_doc
    res = self.es.index(index = index, doc_type = doc_type, body = doc)
  File "/home/airflow/sandbox/lib/python3.8/site-packages/elasticsearch/client/utils.py", line 152, in _wrapped
    return func(*args, params=params, headers=headers, **kwargs)
  File "/home/airflow/sandbox/lib/python3.8/site-packages/elasticsearch/client/__init__.py", line 398, in index
    return self.transport.perform_request(
  File "/home/airflow/sandbox/lib/python3.8/site-packages/elasticsearch/transport.py", line 392, in perform_request
    raise e
  File "/home/airflow/sandbox/lib/python3.8/site-packages/elasticsearch/transport.py", line 358, in perform_request
    status, headers_response, data = connection.perform_request(
  File "/home/airflow/sandbox/lib/python3.8/site-packages/elasticsearch/connection/http_urllib3.py", line 269, in perform_request
    self._raise_error(response.status, raw_data)
  File "/home/airflow/sandbox/lib/python3.8/site-packages/elasticsearch/connection/base.py", line 315, in _raise_error
    raise HTTP_EXCEPTIONS.get(status_code, TransportError)(
elasticsearch.exceptions.RequestError: RequestError(400, 'mapper_parsing_exception', 'failed to parse')
[2021-12-08 06:10:55,036] {taskinstance.py:1524} INFO - Marking task as FAILED. dag_id=elasticsearch_dag, task_id=connections_to_es, execution_date=20211208T061047, start_date=20211208T061054, end_date=20211208T061055
[2021-12-08 06:10:55,216] {local_task_job.py:151} INFO - Task exited with return code 1
