[2021-11-29 12:39:05,013] {taskinstance.py:876} INFO - Dependencies all met for <TaskInstance: parallel_dag.task_1 2020-04-09T00:00:00+00:00 [queued]>
[2021-11-29 12:39:05,143] {taskinstance.py:876} INFO - Dependencies all met for <TaskInstance: parallel_dag.task_1 2020-04-09T00:00:00+00:00 [queued]>
[2021-11-29 12:39:05,154] {taskinstance.py:1067} INFO - 
--------------------------------------------------------------------------------
[2021-11-29 12:39:05,154] {taskinstance.py:1068} INFO - Starting attempt 1 of 1
[2021-11-29 12:39:05,155] {taskinstance.py:1069} INFO - 
--------------------------------------------------------------------------------
[2021-11-29 12:39:05,246] {taskinstance.py:1087} INFO - Executing <Task(BashOperator): task_1> on 2020-04-09T00:00:00+00:00
[2021-11-29 12:39:05,253] {standard_task_runner.py:76} INFO - Running: ['airflow', 'tasks', 'run', 'parallel_dag', 'task_1', '2020-04-09T00:00:00+00:00', '--job-id', '564', '--pool', 'default_pool', '--raw', '--subdir', 'DAGS_FOLDER/parallel_dag.py', '--cfg-path', '/tmp/tmpamb0xxkc', '--error-file', '/tmp/tmp6dso6p10']
[2021-11-29 12:39:05,254] {standard_task_runner.py:77} INFO - Job 564: Subtask task_1
[2021-11-29 12:39:05,312] {standard_task_runner.py:52} INFO - Started process 168751 to run task
[2021-11-29 12:39:05,693] {logging_mixin.py:104} INFO - Running <TaskInstance: parallel_dag.task_1 2020-04-09T00:00:00+00:00 [running]> on host airflowvm
[2021-11-29 12:39:06,198] {taskinstance.py:1280} INFO - Exporting the following env vars:
AIRFLOW_CTX_DAG_OWNER=airflow
AIRFLOW_CTX_DAG_ID=parallel_dag
AIRFLOW_CTX_TASK_ID=task_1
AIRFLOW_CTX_EXECUTION_DATE=2020-04-09T00:00:00+00:00
AIRFLOW_CTX_DAG_RUN_ID=scheduled__2020-04-09T00:00:00+00:00
[2021-11-29 12:39:06,205] {subprocess.py:52} INFO - Tmp dir root location: 
 /tmp
[2021-11-29 12:39:06,224] {subprocess.py:63} INFO - Running command: ['bash', '-c', 'sleep 3']
[2021-11-29 12:39:06,308] {subprocess.py:75} INFO - Output:
[2021-11-29 12:39:09,351] {subprocess.py:83} INFO - Command exited with return code 0
[2021-11-29 12:39:09,610] {taskinstance.py:1184} INFO - Marking task as SUCCESS. dag_id=parallel_dag, task_id=task_1, execution_date=20200409T000000, start_date=20211129T123905, end_date=20211129T123909
[2021-11-29 12:39:10,530] {taskinstance.py:1245} INFO - 0 downstream tasks scheduled from follow-on schedule check
[2021-11-29 12:39:10,581] {local_task_job.py:151} INFO - Task exited with return code 0
