[2021-12-06 13:47:41,001] {taskinstance.py:876} INFO - Dependencies all met for <TaskInstance: trigger_rule.task_1 2021-12-06T13:47:23.616328+00:00 [queued]>
[2021-12-06 13:47:41,843] {taskinstance.py:876} INFO - Dependencies all met for <TaskInstance: trigger_rule.task_1 2021-12-06T13:47:23.616328+00:00 [queued]>
[2021-12-06 13:47:41,930] {taskinstance.py:1067} INFO - 
--------------------------------------------------------------------------------
[2021-12-06 13:47:41,957] {taskinstance.py:1068} INFO - Starting attempt 1 of 1
[2021-12-06 13:47:42,022] {taskinstance.py:1069} INFO - 
--------------------------------------------------------------------------------
[2021-12-06 13:47:42,420] {taskinstance.py:1087} INFO - Executing <Task(BashOperator): task_1> on 2021-12-06T13:47:23.616328+00:00
[2021-12-06 13:47:42,490] {standard_task_runner.py:52} INFO - Started process 55390 to run task
[2021-12-06 13:47:42,542] {standard_task_runner.py:76} INFO - Running: ['airflow', 'tasks', 'run', 'trigger_rule', 'task_1', '2021-12-06T13:47:23.616328+00:00', '--job-id', '752', '--pool', 'default_pool', '--raw', '--subdir', 'DAGS_FOLDER/trigger_rule.py', '--cfg-path', '/tmp/tmp76evwqgz', '--error-file', '/tmp/tmp8hb1ozxy']
[2021-12-06 13:47:42,711] {standard_task_runner.py:77} INFO - Job 752: Subtask task_1
[2021-12-06 13:47:44,435] {logging_mixin.py:104} INFO - Running <TaskInstance: trigger_rule.task_1 2021-12-06T13:47:23.616328+00:00 [running]> on host airflowvm
[2021-12-06 13:47:47,457] {taskinstance.py:1280} INFO - Exporting the following env vars:
AIRFLOW_CTX_DAG_OWNER=airflow
AIRFLOW_CTX_DAG_ID=trigger_rule
AIRFLOW_CTX_TASK_ID=task_1
AIRFLOW_CTX_EXECUTION_DATE=2021-12-06T13:47:23.616328+00:00
AIRFLOW_CTX_DAG_RUN_ID=manual__2021-12-06T13:47:23.616328+00:00
[2021-12-06 13:47:47,560] {subprocess.py:52} INFO - Tmp dir root location: 
 /tmp
[2021-12-06 13:47:47,561] {subprocess.py:63} INFO - Running command: ['bash', '-c', 'exit 0']
[2021-12-06 13:47:48,242] {subprocess.py:75} INFO - Output:
[2021-12-06 13:47:49,239] {subprocess.py:83} INFO - Command exited with return code 0
[2021-12-06 13:47:50,041] {taskinstance.py:1184} INFO - Marking task as SUCCESS. dag_id=trigger_rule, task_id=task_1, execution_date=20211206T134723, start_date=20211206T134741, end_date=20211206T134749
[2021-12-06 13:47:51,650] {taskinstance.py:1245} INFO - 0 downstream tasks scheduled from follow-on schedule check
[2021-12-06 13:47:55,064] {local_task_job.py:151} INFO - Task exited with return code 0
