[2021-11-29 12:17:56,481] {taskinstance.py:876} INFO - Dependencies all met for <TaskInstance: parallel_dag.task_1 2020-01-09T00:00:00+00:00 [queued]>
[2021-11-29 12:17:56,861] {taskinstance.py:876} INFO - Dependencies all met for <TaskInstance: parallel_dag.task_1 2020-01-09T00:00:00+00:00 [queued]>
[2021-11-29 12:17:56,862] {taskinstance.py:1067} INFO - 
--------------------------------------------------------------------------------
[2021-11-29 12:17:56,882] {taskinstance.py:1068} INFO - Starting attempt 1 of 1
[2021-11-29 12:17:56,899] {taskinstance.py:1069} INFO - 
--------------------------------------------------------------------------------
[2021-11-29 12:17:57,119] {taskinstance.py:1087} INFO - Executing <Task(BashOperator): task_1> on 2020-01-09T00:00:00+00:00
[2021-11-29 12:17:57,197] {standard_task_runner.py:76} INFO - Running: ['airflow', 'tasks', 'run', 'parallel_dag', 'task_1', '2020-01-09T00:00:00+00:00', '--job-id', '36', '--pool', 'default_pool', '--raw', '--subdir', 'DAGS_FOLDER/parallel_dag.py', '--cfg-path', '/tmp/tmp5j6crfe6', '--error-file', '/tmp/tmpoy7v6qck']
[2021-11-29 12:17:57,198] {standard_task_runner.py:77} INFO - Job 36: Subtask task_1
[2021-11-29 12:17:57,296] {standard_task_runner.py:52} INFO - Started process 107010 to run task
[2021-11-29 12:17:58,841] {logging_mixin.py:104} INFO - Running <TaskInstance: parallel_dag.task_1 2020-01-09T00:00:00+00:00 [running]> on host airflowvm
[2021-11-29 12:18:00,694] {taskinstance.py:1280} INFO - Exporting the following env vars:
AIRFLOW_CTX_DAG_OWNER=airflow
AIRFLOW_CTX_DAG_ID=parallel_dag
AIRFLOW_CTX_TASK_ID=task_1
AIRFLOW_CTX_EXECUTION_DATE=2020-01-09T00:00:00+00:00
AIRFLOW_CTX_DAG_RUN_ID=scheduled__2020-01-09T00:00:00+00:00
[2021-11-29 12:18:00,694] {subprocess.py:52} INFO - Tmp dir root location: 
 /tmp
[2021-11-29 12:18:00,695] {subprocess.py:63} INFO - Running command: ['bash', '-c', 'sleep 3']
[2021-11-29 12:18:00,988] {subprocess.py:75} INFO - Output:
[2021-11-29 12:18:04,334] {subprocess.py:83} INFO - Command exited with return code 0
[2021-11-29 12:18:05,140] {taskinstance.py:1184} INFO - Marking task as SUCCESS. dag_id=parallel_dag, task_id=task_1, execution_date=20200109T000000, start_date=20211129T121756, end_date=20211129T121805
[2021-11-29 12:18:07,322] {taskinstance.py:1245} INFO - 0 downstream tasks scheduled from follow-on schedule check
[2021-11-29 12:18:07,637] {local_task_job.py:151} INFO - Task exited with return code 0
