[2021-11-29 12:50:29,206] {taskinstance.py:876} INFO - Dependencies all met for <TaskInstance: parallel_dag.task_1 2020-01-09T00:00:00+00:00 [queued]>
[2021-11-29 12:50:29,246] {taskinstance.py:876} INFO - Dependencies all met for <TaskInstance: parallel_dag.task_1 2020-01-09T00:00:00+00:00 [queued]>
[2021-11-29 12:50:29,248] {taskinstance.py:1067} INFO - 
--------------------------------------------------------------------------------
[2021-11-29 12:50:29,249] {taskinstance.py:1068} INFO - Starting attempt 4 of 4
[2021-11-29 12:50:29,249] {taskinstance.py:1069} INFO - 
--------------------------------------------------------------------------------
[2021-11-29 12:50:29,269] {taskinstance.py:1087} INFO - Executing <Task(BashOperator): task_1> on 2020-01-09T00:00:00+00:00
[2021-11-29 12:50:29,272] {standard_task_runner.py:52} INFO - Started process 180877 to run task
[2021-11-29 12:50:29,283] {standard_task_runner.py:76} INFO - Running: ['airflow', 'tasks', 'run', 'parallel_dag', 'task_1', '2020-01-09T00:00:00+00:00', '--job-id', '622', '--pool', 'default_pool', '--raw', '--subdir', 'DAGS_FOLDER/parallel_dag.py', '--cfg-path', '/tmp/tmp6hfhat0k', '--error-file', '/tmp/tmpx2o61qk0']
[2021-11-29 12:50:29,291] {standard_task_runner.py:77} INFO - Job 622: Subtask task_1
[2021-11-29 12:50:29,405] {logging_mixin.py:104} INFO - Running <TaskInstance: parallel_dag.task_1 2020-01-09T00:00:00+00:00 [running]> on host airflowvm
[2021-11-29 12:50:29,543] {taskinstance.py:1280} INFO - Exporting the following env vars:
AIRFLOW_CTX_DAG_OWNER=airflow
AIRFLOW_CTX_DAG_ID=parallel_dag
AIRFLOW_CTX_TASK_ID=task_1
AIRFLOW_CTX_EXECUTION_DATE=2020-01-09T00:00:00+00:00
AIRFLOW_CTX_DAG_RUN_ID=scheduled__2020-01-09T00:00:00+00:00
[2021-11-29 12:50:29,544] {subprocess.py:52} INFO - Tmp dir root location: 
 /tmp
[2021-11-29 12:50:29,544] {subprocess.py:63} INFO - Running command: ['bash', '-c', 'sleep 3']
[2021-11-29 12:50:29,563] {subprocess.py:75} INFO - Output:
[2021-11-29 12:50:32,570] {subprocess.py:83} INFO - Command exited with return code 0
[2021-11-29 12:50:32,610] {taskinstance.py:1184} INFO - Marking task as SUCCESS. dag_id=parallel_dag, task_id=task_1, execution_date=20200109T000000, start_date=20211129T125029, end_date=20211129T125032
[2021-11-29 12:50:32,646] {taskinstance.py:1245} INFO - 0 downstream tasks scheduled from follow-on schedule check
[2021-11-29 12:50:32,692] {local_task_job.py:151} INFO - Task exited with return code 0
