[2021-12-07 06:05:46,733] {taskinstance.py:876} INFO - Dependencies all met for <TaskInstance: xcom_dag.processing_tasks.training_model_b 2021-12-06T00:00:00+00:00 [queued]>
[2021-12-07 06:05:47,094] {taskinstance.py:876} INFO - Dependencies all met for <TaskInstance: xcom_dag.processing_tasks.training_model_b 2021-12-06T00:00:00+00:00 [queued]>
[2021-12-07 06:05:47,095] {taskinstance.py:1067} INFO - 
--------------------------------------------------------------------------------
[2021-12-07 06:05:47,096] {taskinstance.py:1068} INFO - Starting attempt 1 of 1
[2021-12-07 06:05:47,125] {taskinstance.py:1069} INFO - 
--------------------------------------------------------------------------------
[2021-12-07 06:05:47,310] {taskinstance.py:1087} INFO - Executing <Task(PythonOperator): processing_tasks.training_model_b> on 2021-12-06T00:00:00+00:00
[2021-12-07 06:05:47,329] {standard_task_runner.py:52} INFO - Started process 79479 to run task
[2021-12-07 06:05:47,354] {standard_task_runner.py:76} INFO - Running: ['airflow', 'tasks', 'run', 'xcom_dag', 'processing_tasks.training_model_b', '2021-12-06T00:00:00+00:00', '--job-id', '786', '--pool', 'default_pool', '--raw', '--subdir', 'DAGS_FOLDER/xcom_dag.py', '--cfg-path', '/tmp/tmpdl502pvz', '--error-file', '/tmp/tmp1f3caajx']
[2021-12-07 06:05:47,508] {standard_task_runner.py:77} INFO - Job 786: Subtask processing_tasks.training_model_b
[2021-12-07 06:05:48,271] {logging_mixin.py:104} INFO - Running <TaskInstance: xcom_dag.processing_tasks.training_model_b 2021-12-06T00:00:00+00:00 [running]> on host airflowvm
[2021-12-07 06:05:49,294] {taskinstance.py:1280} INFO - Exporting the following env vars:
AIRFLOW_CTX_DAG_OWNER=airflow
AIRFLOW_CTX_DAG_ID=xcom_dag
AIRFLOW_CTX_TASK_ID=processing_tasks.training_model_b
AIRFLOW_CTX_EXECUTION_DATE=2021-12-06T00:00:00+00:00
AIRFLOW_CTX_DAG_RUN_ID=scheduled__2021-12-06T00:00:00+00:00
[2021-12-07 06:05:49,295] {logging_mixin.py:104} INFO - model's accuracy: 6.151280127240723
[2021-12-07 06:05:49,577] {python.py:151} INFO - Done. Returned value was: None
[2021-12-07 06:05:49,739] {taskinstance.py:1184} INFO - Marking task as SUCCESS. dag_id=xcom_dag, task_id=processing_tasks.training_model_b, execution_date=20211206T000000, start_date=20211207T060546, end_date=20211207T060549
[2021-12-07 06:05:50,231] {taskinstance.py:1245} INFO - 0 downstream tasks scheduled from follow-on schedule check
[2021-12-07 06:05:50,353] {local_task_job.py:151} INFO - Task exited with return code 0
