[2021-11-29 12:34:15,530] {taskinstance.py:876} INFO - Dependencies all met for <TaskInstance: parallel_dag.task_3 2020-02-12T00:00:00+00:00 [queued]>
[2021-11-29 12:34:15,782] {taskinstance.py:876} INFO - Dependencies all met for <TaskInstance: parallel_dag.task_3 2020-02-12T00:00:00+00:00 [queued]>
[2021-11-29 12:34:15,783] {taskinstance.py:1067} INFO - 
--------------------------------------------------------------------------------
[2021-11-29 12:34:15,783] {taskinstance.py:1068} INFO - Starting attempt 1 of 1
[2021-11-29 12:34:15,827] {taskinstance.py:1069} INFO - 
--------------------------------------------------------------------------------
[2021-11-29 12:34:15,932] {taskinstance.py:1087} INFO - Executing <Task(BashOperator): task_3> on 2020-02-12T00:00:00+00:00
[2021-11-29 12:34:16,001] {standard_task_runner.py:52} INFO - Started process 151101 to run task
[2021-11-29 12:34:16,138] {standard_task_runner.py:76} INFO - Running: ['airflow', 'tasks', 'run', 'parallel_dag', 'task_3', '2020-02-12T00:00:00+00:00', '--job-id', '352', '--pool', 'default_pool', '--raw', '--subdir', 'DAGS_FOLDER/parallel_dag.py', '--cfg-path', '/tmp/tmpsi27tm6k', '--error-file', '/tmp/tmp2t1wmoaf']
[2021-11-29 12:34:16,182] {standard_task_runner.py:77} INFO - Job 352: Subtask task_3
[2021-11-29 12:34:16,849] {logging_mixin.py:104} INFO - Running <TaskInstance: parallel_dag.task_3 2020-02-12T00:00:00+00:00 [running]> on host airflowvm
[2021-11-29 12:34:17,881] {taskinstance.py:1280} INFO - Exporting the following env vars:
AIRFLOW_CTX_DAG_OWNER=airflow
AIRFLOW_CTX_DAG_ID=parallel_dag
AIRFLOW_CTX_TASK_ID=task_3
AIRFLOW_CTX_EXECUTION_DATE=2020-02-12T00:00:00+00:00
AIRFLOW_CTX_DAG_RUN_ID=scheduled__2020-02-12T00:00:00+00:00
[2021-11-29 12:34:17,895] {subprocess.py:52} INFO - Tmp dir root location: 
 /tmp
[2021-11-29 12:34:17,896] {subprocess.py:63} INFO - Running command: ['bash', '-c', 'sleep 3']
[2021-11-29 12:34:18,015] {subprocess.py:75} INFO - Output:
[2021-11-29 12:34:21,228] {subprocess.py:83} INFO - Command exited with return code 0
[2021-11-29 12:34:21,634] {taskinstance.py:1184} INFO - Marking task as SUCCESS. dag_id=parallel_dag, task_id=task_3, execution_date=20200212T000000, start_date=20211129T123415, end_date=20211129T123421
[2021-11-29 12:34:22,071] {taskinstance.py:1245} INFO - 0 downstream tasks scheduled from follow-on schedule check
[2021-11-29 12:34:22,117] {local_task_job.py:151} INFO - Task exited with return code 0
