[2021-11-29 12:35:41,796] {taskinstance.py:876} INFO - Dependencies all met for <TaskInstance: parallel_dag.task_4 2020-02-26T00:00:00+00:00 [queued]>
[2021-11-29 12:35:42,037] {taskinstance.py:876} INFO - Dependencies all met for <TaskInstance: parallel_dag.task_4 2020-02-26T00:00:00+00:00 [queued]>
[2021-11-29 12:35:42,038] {taskinstance.py:1067} INFO - 
--------------------------------------------------------------------------------
[2021-11-29 12:35:42,038] {taskinstance.py:1068} INFO - Starting attempt 1 of 1
[2021-11-29 12:35:42,055] {taskinstance.py:1069} INFO - 
--------------------------------------------------------------------------------
[2021-11-29 12:35:42,205] {taskinstance.py:1087} INFO - Executing <Task(BashOperator): task_4> on 2020-02-26T00:00:00+00:00
[2021-11-29 12:35:42,254] {standard_task_runner.py:76} INFO - Running: ['airflow', 'tasks', 'run', 'parallel_dag', 'task_4', '2020-02-26T00:00:00+00:00', '--job-id', '419', '--pool', 'default_pool', '--raw', '--subdir', 'DAGS_FOLDER/parallel_dag.py', '--cfg-path', '/tmp/tmppu9ye6kh', '--error-file', '/tmp/tmp5l25jgj3']
[2021-11-29 12:35:42,296] {standard_task_runner.py:52} INFO - Started process 156503 to run task
[2021-11-29 12:35:42,499] {standard_task_runner.py:77} INFO - Job 419: Subtask task_4
[2021-11-29 12:35:43,775] {logging_mixin.py:104} INFO - Running <TaskInstance: parallel_dag.task_4 2020-02-26T00:00:00+00:00 [running]> on host airflowvm
[2021-11-29 12:35:44,544] {taskinstance.py:1280} INFO - Exporting the following env vars:
AIRFLOW_CTX_DAG_OWNER=airflow
AIRFLOW_CTX_DAG_ID=parallel_dag
AIRFLOW_CTX_TASK_ID=task_4
AIRFLOW_CTX_EXECUTION_DATE=2020-02-26T00:00:00+00:00
AIRFLOW_CTX_DAG_RUN_ID=scheduled__2020-02-26T00:00:00+00:00
[2021-11-29 12:35:44,545] {subprocess.py:52} INFO - Tmp dir root location: 
 /tmp
[2021-11-29 12:35:44,565] {subprocess.py:63} INFO - Running command: ['bash', '-c', 'sleep 3']
[2021-11-29 12:35:44,624] {subprocess.py:75} INFO - Output:
[2021-11-29 12:35:47,655] {subprocess.py:83} INFO - Command exited with return code 0
[2021-11-29 12:35:47,971] {taskinstance.py:1184} INFO - Marking task as SUCCESS. dag_id=parallel_dag, task_id=task_4, execution_date=20200226T000000, start_date=20211129T123541, end_date=20211129T123547
[2021-11-29 12:35:48,316] {taskinstance.py:1245} INFO - 0 downstream tasks scheduled from follow-on schedule check
[2021-11-29 12:35:48,406] {local_task_job.py:151} INFO - Task exited with return code 0
