[2021-11-29 12:25:28,039] {taskinstance.py:876} INFO - Dependencies all met for <TaskInstance: parallel_dag.task_4 2020-01-02T00:00:00+00:00 [queued]>
[2021-11-29 12:25:28,076] {taskinstance.py:876} INFO - Dependencies all met for <TaskInstance: parallel_dag.task_4 2020-01-02T00:00:00+00:00 [queued]>
[2021-11-29 12:25:28,079] {taskinstance.py:1067} INFO - 
--------------------------------------------------------------------------------
[2021-11-29 12:25:28,080] {taskinstance.py:1068} INFO - Starting attempt 2 of 2
[2021-11-29 12:25:28,080] {taskinstance.py:1069} INFO - 
--------------------------------------------------------------------------------
[2021-11-29 12:25:28,118] {taskinstance.py:1087} INFO - Executing <Task(BashOperator): task_4> on 2020-01-02T00:00:00+00:00
[2021-11-29 12:25:28,124] {standard_task_runner.py:52} INFO - Started process 125827 to run task
[2021-11-29 12:25:28,136] {standard_task_runner.py:76} INFO - Running: ['airflow', 'tasks', 'run', 'parallel_dag', 'task_4', '2020-01-02T00:00:00+00:00', '--job-id', '144', '--pool', 'default_pool', '--raw', '--subdir', 'DAGS_FOLDER/parallel_dag.py', '--cfg-path', '/tmp/tmpot1wrk7g', '--error-file', '/tmp/tmpuuwjjrra']
[2021-11-29 12:25:28,171] {standard_task_runner.py:77} INFO - Job 144: Subtask task_4
[2021-11-29 12:25:28,325] {logging_mixin.py:104} INFO - Running <TaskInstance: parallel_dag.task_4 2020-01-02T00:00:00+00:00 [running]> on host airflowvm
[2021-11-29 12:25:28,493] {taskinstance.py:1280} INFO - Exporting the following env vars:
AIRFLOW_CTX_DAG_OWNER=airflow
AIRFLOW_CTX_DAG_ID=parallel_dag
AIRFLOW_CTX_TASK_ID=task_4
AIRFLOW_CTX_EXECUTION_DATE=2020-01-02T00:00:00+00:00
AIRFLOW_CTX_DAG_RUN_ID=scheduled__2020-01-02T00:00:00+00:00
[2021-11-29 12:25:28,494] {subprocess.py:52} INFO - Tmp dir root location: 
 /tmp
[2021-11-29 12:25:28,494] {subprocess.py:63} INFO - Running command: ['bash', '-c', 'sleep 3']
[2021-11-29 12:25:28,503] {subprocess.py:75} INFO - Output:
[2021-11-29 12:25:31,510] {subprocess.py:83} INFO - Command exited with return code 0
[2021-11-29 12:25:31,553] {taskinstance.py:1184} INFO - Marking task as SUCCESS. dag_id=parallel_dag, task_id=task_4, execution_date=20200102T000000, start_date=20211129T122528, end_date=20211129T122531
[2021-11-29 12:25:31,587] {taskinstance.py:1245} INFO - 0 downstream tasks scheduled from follow-on schedule check
[2021-11-29 12:25:31,630] {local_task_job.py:151} INFO - Task exited with return code 0
