[2021-11-29 12:32:59,636] {taskinstance.py:876} INFO - Dependencies all met for <TaskInstance: parallel_dag.task_4 2020-01-02T00:00:00+00:00 [queued]>
[2021-11-29 12:32:59,953] {taskinstance.py:876} INFO - Dependencies all met for <TaskInstance: parallel_dag.task_4 2020-01-02T00:00:00+00:00 [queued]>
[2021-11-29 12:33:00,057] {taskinstance.py:1067} INFO - 
--------------------------------------------------------------------------------
[2021-11-29 12:33:00,058] {taskinstance.py:1068} INFO - Starting attempt 3 of 3
[2021-11-29 12:33:00,094] {taskinstance.py:1069} INFO - 
--------------------------------------------------------------------------------
[2021-11-29 12:33:00,357] {taskinstance.py:1087} INFO - Executing <Task(BashOperator): task_4> on 2020-01-02T00:00:00+00:00
[2021-11-29 12:33:00,454] {standard_task_runner.py:52} INFO - Started process 146353 to run task
[2021-11-29 12:33:00,365] {standard_task_runner.py:76} INFO - Running: ['airflow', 'tasks', 'run', 'parallel_dag', 'task_4', '2020-01-02T00:00:00+00:00', '--job-id', '297', '--pool', 'default_pool', '--raw', '--subdir', 'DAGS_FOLDER/parallel_dag.py', '--cfg-path', '/tmp/tmp1_2i7cb_', '--error-file', '/tmp/tmpw3e7k4ve']
[2021-11-29 12:33:00,638] {standard_task_runner.py:77} INFO - Job 297: Subtask task_4
[2021-11-29 12:33:01,882] {logging_mixin.py:104} INFO - Running <TaskInstance: parallel_dag.task_4 2020-01-02T00:00:00+00:00 [running]> on host airflowvm
[2021-11-29 12:33:03,265] {taskinstance.py:1280} INFO - Exporting the following env vars:
AIRFLOW_CTX_DAG_OWNER=airflow
AIRFLOW_CTX_DAG_ID=parallel_dag
AIRFLOW_CTX_TASK_ID=task_4
AIRFLOW_CTX_EXECUTION_DATE=2020-01-02T00:00:00+00:00
AIRFLOW_CTX_DAG_RUN_ID=scheduled__2020-01-02T00:00:00+00:00
[2021-11-29 12:33:03,266] {subprocess.py:52} INFO - Tmp dir root location: 
 /tmp
[2021-11-29 12:33:03,330] {subprocess.py:63} INFO - Running command: ['bash', '-c', 'sleep 3']
[2021-11-29 12:33:03,592] {subprocess.py:75} INFO - Output:
[2021-11-29 12:33:06,893] {subprocess.py:83} INFO - Command exited with return code 0
[2021-11-29 12:33:07,484] {taskinstance.py:1184} INFO - Marking task as SUCCESS. dag_id=parallel_dag, task_id=task_4, execution_date=20200102T000000, start_date=20211129T123259, end_date=20211129T123307
[2021-11-29 12:33:10,116] {taskinstance.py:1245} INFO - 0 downstream tasks scheduled from follow-on schedule check
[2021-11-29 12:33:10,154] {local_task_job.py:151} INFO - Task exited with return code 0
