[2021-11-29 12:37:07,464] {taskinstance.py:876} INFO - Dependencies all met for <TaskInstance: parallel_dag.task_4 2020-03-08T00:00:00+00:00 [queued]>
[2021-11-29 12:37:07,718] {taskinstance.py:876} INFO - Dependencies all met for <TaskInstance: parallel_dag.task_4 2020-03-08T00:00:00+00:00 [queued]>
[2021-11-29 12:37:07,735] {taskinstance.py:1067} INFO - 
--------------------------------------------------------------------------------
[2021-11-29 12:37:07,741] {taskinstance.py:1068} INFO - Starting attempt 1 of 1
[2021-11-29 12:37:07,742] {taskinstance.py:1069} INFO - 
--------------------------------------------------------------------------------
[2021-11-29 12:37:08,054] {taskinstance.py:1087} INFO - Executing <Task(BashOperator): task_4> on 2020-03-08T00:00:00+00:00
[2021-11-29 12:37:08,279] {standard_task_runner.py:52} INFO - Started process 161678 to run task
[2021-11-29 12:37:08,358] {standard_task_runner.py:76} INFO - Running: ['airflow', 'tasks', 'run', 'parallel_dag', 'task_4', '2020-03-08T00:00:00+00:00', '--job-id', '478', '--pool', 'default_pool', '--raw', '--subdir', 'DAGS_FOLDER/parallel_dag.py', '--cfg-path', '/tmp/tmpa5k9_kta', '--error-file', '/tmp/tmpq6kfndf7']
[2021-11-29 12:37:08,727] {standard_task_runner.py:77} INFO - Job 478: Subtask task_4
[2021-11-29 12:37:10,473] {logging_mixin.py:104} INFO - Running <TaskInstance: parallel_dag.task_4 2020-03-08T00:00:00+00:00 [running]> on host airflowvm
[2021-11-29 12:37:11,969] {taskinstance.py:1280} INFO - Exporting the following env vars:
AIRFLOW_CTX_DAG_OWNER=airflow
AIRFLOW_CTX_DAG_ID=parallel_dag
AIRFLOW_CTX_TASK_ID=task_4
AIRFLOW_CTX_EXECUTION_DATE=2020-03-08T00:00:00+00:00
AIRFLOW_CTX_DAG_RUN_ID=scheduled__2020-03-08T00:00:00+00:00
[2021-11-29 12:37:12,002] {subprocess.py:52} INFO - Tmp dir root location: 
 /tmp
[2021-11-29 12:37:12,042] {subprocess.py:63} INFO - Running command: ['bash', '-c', 'sleep 3']
[2021-11-29 12:37:12,251] {subprocess.py:75} INFO - Output:
[2021-11-29 12:37:15,649] {subprocess.py:83} INFO - Command exited with return code 0
[2021-11-29 12:37:16,164] {taskinstance.py:1184} INFO - Marking task as SUCCESS. dag_id=parallel_dag, task_id=task_4, execution_date=20200308T000000, start_date=20211129T123707, end_date=20211129T123716
[2021-11-29 12:37:16,773] {taskinstance.py:1245} INFO - 0 downstream tasks scheduled from follow-on schedule check
[2021-11-29 12:37:16,837] {local_task_job.py:151} INFO - Task exited with return code 0
