[2021-12-07 06:05:30,085] {taskinstance.py:876} INFO - Dependencies all met for <TaskInstance: xcom_dag.downloading_data 2021-12-06T00:00:00+00:00 [queued]>
[2021-12-07 06:05:30,469] {taskinstance.py:876} INFO - Dependencies all met for <TaskInstance: xcom_dag.downloading_data 2021-12-06T00:00:00+00:00 [queued]>
[2021-12-07 06:05:30,471] {taskinstance.py:1067} INFO - 
--------------------------------------------------------------------------------
[2021-12-07 06:05:30,500] {taskinstance.py:1068} INFO - Starting attempt 1 of 1
[2021-12-07 06:05:30,503] {taskinstance.py:1069} INFO - 
--------------------------------------------------------------------------------
[2021-12-07 06:05:30,729] {taskinstance.py:1087} INFO - Executing <Task(BashOperator): downloading_data> on 2021-12-06T00:00:00+00:00
[2021-12-07 06:05:30,856] {standard_task_runner.py:52} INFO - Started process 78976 to run task
[2021-12-07 06:05:31,097] {standard_task_runner.py:76} INFO - Running: ['airflow', 'tasks', 'run', 'xcom_dag', 'downloading_data', '2021-12-06T00:00:00+00:00', '--job-id', '783', '--pool', 'default_pool', '--raw', '--subdir', 'DAGS_FOLDER/xcom_dag.py', '--cfg-path', '/tmp/tmpv7a9mj8a', '--error-file', '/tmp/tmpcnbxomy3']
[2021-12-07 06:05:31,205] {standard_task_runner.py:77} INFO - Job 783: Subtask downloading_data
[2021-12-07 06:05:32,833] {logging_mixin.py:104} INFO - Running <TaskInstance: xcom_dag.downloading_data 2021-12-06T00:00:00+00:00 [running]> on host airflowvm
[2021-12-07 06:05:35,012] {taskinstance.py:1280} INFO - Exporting the following env vars:
AIRFLOW_CTX_DAG_OWNER=airflow
AIRFLOW_CTX_DAG_ID=xcom_dag
AIRFLOW_CTX_TASK_ID=downloading_data
AIRFLOW_CTX_EXECUTION_DATE=2021-12-06T00:00:00+00:00
AIRFLOW_CTX_DAG_RUN_ID=scheduled__2021-12-06T00:00:00+00:00
[2021-12-07 06:05:35,014] {subprocess.py:52} INFO - Tmp dir root location: 
 /tmp
[2021-12-07 06:05:35,022] {subprocess.py:63} INFO - Running command: ['bash', '-c', 'sleep 3']
[2021-12-07 06:05:35,416] {subprocess.py:75} INFO - Output:
[2021-12-07 06:05:38,679] {subprocess.py:83} INFO - Command exited with return code 0
[2021-12-07 06:05:39,343] {taskinstance.py:1184} INFO - Marking task as SUCCESS. dag_id=xcom_dag, task_id=downloading_data, execution_date=20211206T000000, start_date=20211207T060530, end_date=20211207T060539
[2021-12-07 06:05:40,378] {taskinstance.py:1245} INFO - 0 downstream tasks scheduled from follow-on schedule check
[2021-12-07 06:05:40,592] {local_task_job.py:151} INFO - Task exited with return code 0
