[2021-12-06 13:58:53,055] {taskinstance.py:876} INFO - Dependencies all met for <TaskInstance: xcom_dag.processing_tasks.training_model_c 2021-12-06T13:58:27.214034+00:00 [queued]>
[2021-12-06 13:58:53,411] {taskinstance.py:876} INFO - Dependencies all met for <TaskInstance: xcom_dag.processing_tasks.training_model_c 2021-12-06T13:58:27.214034+00:00 [queued]>
[2021-12-06 13:58:53,415] {taskinstance.py:1067} INFO - 
--------------------------------------------------------------------------------
[2021-12-06 13:58:53,416] {taskinstance.py:1068} INFO - Starting attempt 1 of 1
[2021-12-06 13:58:53,416] {taskinstance.py:1069} INFO - 
--------------------------------------------------------------------------------
[2021-12-06 13:58:53,618] {taskinstance.py:1087} INFO - Executing <Task(PythonOperator): processing_tasks.training_model_c> on 2021-12-06T13:58:27.214034+00:00
[2021-12-06 13:58:53,695] {standard_task_runner.py:52} INFO - Started process 66388 to run task
[2021-12-06 13:58:53,779] {standard_task_runner.py:76} INFO - Running: ['airflow', 'tasks', 'run', 'xcom_dag', 'processing_tasks.training_model_c', '2021-12-06T13:58:27.214034+00:00', '--job-id', '779', '--pool', 'default_pool', '--raw', '--subdir', 'DAGS_FOLDER/xcom_dag.py', '--cfg-path', '/tmp/tmphjfcyz8s', '--error-file', '/tmp/tmpixmdpoao']
[2021-12-06 13:58:53,824] {standard_task_runner.py:77} INFO - Job 779: Subtask processing_tasks.training_model_c
[2021-12-06 13:58:55,210] {logging_mixin.py:104} INFO - Running <TaskInstance: xcom_dag.processing_tasks.training_model_c 2021-12-06T13:58:27.214034+00:00 [running]> on host airflowvm
[2021-12-06 13:58:58,114] {taskinstance.py:1280} INFO - Exporting the following env vars:
AIRFLOW_CTX_DAG_OWNER=airflow
AIRFLOW_CTX_DAG_ID=xcom_dag
AIRFLOW_CTX_TASK_ID=processing_tasks.training_model_c
AIRFLOW_CTX_EXECUTION_DATE=2021-12-06T13:58:27.214034+00:00
AIRFLOW_CTX_DAG_RUN_ID=manual__2021-12-06T13:58:27.214034+00:00
[2021-12-06 13:58:58,116] {logging_mixin.py:104} INFO - model's accuracy: 0.48470873324607033
[2021-12-06 13:58:58,382] {python.py:151} INFO - Done. Returned value was: None
[2021-12-06 13:58:58,889] {taskinstance.py:1184} INFO - Marking task as SUCCESS. dag_id=xcom_dag, task_id=processing_tasks.training_model_c, execution_date=20211206T135827, start_date=20211206T135853, end_date=20211206T135858
[2021-12-06 13:59:00,145] {taskinstance.py:1245} INFO - 1 downstream tasks scheduled from follow-on schedule check
[2021-12-06 13:59:00,263] {local_task_job.py:151} INFO - Task exited with return code 0
