[2021-11-29 12:18:17,631] {taskinstance.py:876} INFO - Dependencies all met for <TaskInstance: parallel_dag.task_2 2020-01-08T00:00:00+00:00 [queued]>
[2021-11-29 12:18:18,142] {taskinstance.py:876} INFO - Dependencies all met for <TaskInstance: parallel_dag.task_2 2020-01-08T00:00:00+00:00 [queued]>
[2021-11-29 12:18:18,142] {taskinstance.py:1067} INFO - 
--------------------------------------------------------------------------------
[2021-11-29 12:18:18,142] {taskinstance.py:1068} INFO - Starting attempt 1 of 1
[2021-11-29 12:18:18,142] {taskinstance.py:1069} INFO - 
--------------------------------------------------------------------------------
[2021-11-29 12:18:18,564] {taskinstance.py:1087} INFO - Executing <Task(BashOperator): task_2> on 2020-01-08T00:00:00+00:00
[2021-11-29 12:18:18,663] {standard_task_runner.py:52} INFO - Started process 108313 to run task
[2021-11-29 12:18:18,862] {standard_task_runner.py:76} INFO - Running: ['airflow', 'tasks', 'run', 'parallel_dag', 'task_2', '2020-01-08T00:00:00+00:00', '--job-id', '51', '--pool', 'default_pool', '--raw', '--subdir', 'DAGS_FOLDER/parallel_dag.py', '--cfg-path', '/tmp/tmp2t7pj6te', '--error-file', '/tmp/tmpohmep2de']
[2021-11-29 12:18:18,958] {standard_task_runner.py:77} INFO - Job 51: Subtask task_2
[2021-11-29 12:18:20,980] {logging_mixin.py:104} INFO - Running <TaskInstance: parallel_dag.task_2 2020-01-08T00:00:00+00:00 [running]> on host airflowvm
[2021-11-29 12:18:23,189] {taskinstance.py:1280} INFO - Exporting the following env vars:
AIRFLOW_CTX_DAG_OWNER=airflow
AIRFLOW_CTX_DAG_ID=parallel_dag
AIRFLOW_CTX_TASK_ID=task_2
AIRFLOW_CTX_EXECUTION_DATE=2020-01-08T00:00:00+00:00
AIRFLOW_CTX_DAG_RUN_ID=scheduled__2020-01-08T00:00:00+00:00
[2021-11-29 12:18:23,190] {subprocess.py:52} INFO - Tmp dir root location: 
 /tmp
[2021-11-29 12:18:23,190] {subprocess.py:63} INFO - Running command: ['bash', '-c', 'sleep 3']
[2021-11-29 12:18:23,413] {subprocess.py:75} INFO - Output:
[2021-11-29 12:18:26,583] {subprocess.py:83} INFO - Command exited with return code 0
[2021-11-29 12:18:27,573] {taskinstance.py:1184} INFO - Marking task as SUCCESS. dag_id=parallel_dag, task_id=task_2, execution_date=20200108T000000, start_date=20211129T121817, end_date=20211129T121827
[2021-11-29 12:18:29,894] {local_task_job.py:196} WARNING - State of this instance has been externally set to success. Terminating instance.
[2021-11-29 12:18:29,968] {process_utils.py:100} INFO - Sending Signals.SIGTERM to GPID 108313
[2021-11-29 12:18:30,992] {taskinstance.py:1264} ERROR - Received SIGTERM. Terminating subprocesses.
[2021-11-29 12:18:30,992] {subprocess.py:89} INFO - Sending SIGTERM signal to process group
[2021-11-29 12:18:31,014] {process_utils.py:66} INFO - Process psutil.Process(pid=108313, status='terminated', exitcode=1, started='12:18:18') (108313) terminated with exit code 1
