[2021-11-29 12:32:39,672] {taskinstance.py:876} INFO - Dependencies all met for <TaskInstance: parallel_dag.task_2 2020-01-08T00:00:00+00:00 [queued]>
[2021-11-29 12:32:39,969] {taskinstance.py:876} INFO - Dependencies all met for <TaskInstance: parallel_dag.task_2 2020-01-08T00:00:00+00:00 [queued]>
[2021-11-29 12:32:39,969] {taskinstance.py:1067} INFO - 
--------------------------------------------------------------------------------
[2021-11-29 12:32:39,969] {taskinstance.py:1068} INFO - Starting attempt 3 of 3
[2021-11-29 12:32:39,970] {taskinstance.py:1069} INFO - 
--------------------------------------------------------------------------------
[2021-11-29 12:32:40,125] {taskinstance.py:1087} INFO - Executing <Task(BashOperator): task_2> on 2020-01-08T00:00:00+00:00
[2021-11-29 12:32:40,195] {standard_task_runner.py:52} INFO - Started process 145064 to run task
[2021-11-29 12:32:40,133] {standard_task_runner.py:76} INFO - Running: ['airflow', 'tasks', 'run', 'parallel_dag', 'task_2', '2020-01-08T00:00:00+00:00', '--job-id', '283', '--pool', 'default_pool', '--raw', '--subdir', 'DAGS_FOLDER/parallel_dag.py', '--cfg-path', '/tmp/tmp37r7inmo', '--error-file', '/tmp/tmp3dwozpju']
[2021-11-29 12:32:40,353] {standard_task_runner.py:77} INFO - Job 283: Subtask task_2
[2021-11-29 12:32:41,488] {logging_mixin.py:104} INFO - Running <TaskInstance: parallel_dag.task_2 2020-01-08T00:00:00+00:00 [running]> on host airflowvm
[2021-11-29 12:32:42,799] {taskinstance.py:1280} INFO - Exporting the following env vars:
AIRFLOW_CTX_DAG_OWNER=airflow
AIRFLOW_CTX_DAG_ID=parallel_dag
AIRFLOW_CTX_TASK_ID=task_2
AIRFLOW_CTX_EXECUTION_DATE=2020-01-08T00:00:00+00:00
AIRFLOW_CTX_DAG_RUN_ID=scheduled__2020-01-08T00:00:00+00:00
[2021-11-29 12:32:42,802] {subprocess.py:52} INFO - Tmp dir root location: 
 /tmp
[2021-11-29 12:32:42,857] {subprocess.py:63} INFO - Running command: ['bash', '-c', 'sleep 3']
[2021-11-29 12:32:42,952] {subprocess.py:75} INFO - Output:
[2021-11-29 12:32:46,001] {subprocess.py:83} INFO - Command exited with return code 0
[2021-11-29 12:32:46,662] {taskinstance.py:1184} INFO - Marking task as SUCCESS. dag_id=parallel_dag, task_id=task_2, execution_date=20200108T000000, start_date=20211129T123239, end_date=20211129T123246
[2021-11-29 12:32:48,762] {taskinstance.py:1245} INFO - 0 downstream tasks scheduled from follow-on schedule check
[2021-11-29 12:32:48,773] {local_task_job.py:151} INFO - Task exited with return code 0
