[2021-12-06 13:58:53,351] {taskinstance.py:876} INFO - Dependencies all met for <TaskInstance: xcom_dag.processing_tasks.training_model_a 2021-12-06T13:58:28.139947+00:00 [queued]>
[2021-12-06 13:58:53,650] {taskinstance.py:876} INFO - Dependencies all met for <TaskInstance: xcom_dag.processing_tasks.training_model_a 2021-12-06T13:58:28.139947+00:00 [queued]>
[2021-12-06 13:58:53,687] {taskinstance.py:1067} INFO - 
--------------------------------------------------------------------------------
[2021-12-06 13:58:53,688] {taskinstance.py:1068} INFO - Starting attempt 1 of 1
[2021-12-06 13:58:53,689] {taskinstance.py:1069} INFO - 
--------------------------------------------------------------------------------
[2021-12-06 13:58:53,855] {taskinstance.py:1087} INFO - Executing <Task(PythonOperator): processing_tasks.training_model_a> on 2021-12-06T13:58:28.139947+00:00
[2021-12-06 13:58:53,964] {standard_task_runner.py:52} INFO - Started process 66400 to run task
[2021-12-06 13:58:54,048] {standard_task_runner.py:76} INFO - Running: ['airflow', 'tasks', 'run', 'xcom_dag', 'processing_tasks.training_model_a', '2021-12-06T13:58:28.139947+00:00', '--job-id', '780', '--pool', 'default_pool', '--raw', '--subdir', 'DAGS_FOLDER/xcom_dag.py', '--cfg-path', '/tmp/tmpdtrv65um', '--error-file', '/tmp/tmp278dnmig']
[2021-12-06 13:58:54,171] {standard_task_runner.py:77} INFO - Job 780: Subtask processing_tasks.training_model_a
[2021-12-06 13:58:55,353] {logging_mixin.py:104} INFO - Running <TaskInstance: xcom_dag.processing_tasks.training_model_a 2021-12-06T13:58:28.139947+00:00 [running]> on host airflowvm
[2021-12-06 13:58:58,238] {taskinstance.py:1280} INFO - Exporting the following env vars:
AIRFLOW_CTX_DAG_OWNER=airflow
AIRFLOW_CTX_DAG_ID=xcom_dag
AIRFLOW_CTX_TASK_ID=processing_tasks.training_model_a
AIRFLOW_CTX_EXECUTION_DATE=2021-12-06T13:58:28.139947+00:00
AIRFLOW_CTX_DAG_RUN_ID=manual__2021-12-06T13:58:28.139947+00:00
[2021-12-06 13:58:58,266] {logging_mixin.py:104} INFO - model's accuracy: 8.591552920249729
[2021-12-06 13:58:58,718] {python.py:151} INFO - Done. Returned value was: None
[2021-12-06 13:58:59,360] {taskinstance.py:1184} INFO - Marking task as SUCCESS. dag_id=xcom_dag, task_id=processing_tasks.training_model_a, execution_date=20211206T135828, start_date=20211206T135853, end_date=20211206T135859
[2021-12-06 13:59:00,217] {taskinstance.py:1245} INFO - 0 downstream tasks scheduled from follow-on schedule check
[2021-12-06 13:59:00,241] {local_task_job.py:196} WARNING - State of this instance has been externally set to success. Terminating instance.
[2021-12-06 13:59:00,443] {process_utils.py:100} INFO - Sending Signals.SIGTERM to GPID 66400
[2021-12-06 13:59:00,579] {process_utils.py:66} INFO - Process psutil.Process(pid=66400, status='terminated', exitcode=0, started='13:58:53') (66400) terminated with exit code 0
