[2021-11-29 12:36:49,532] {taskinstance.py:876} INFO - Dependencies all met for <TaskInstance: parallel_dag.task_4 2020-03-04T00:00:00+00:00 [queued]>
[2021-11-29 12:36:50,114] {taskinstance.py:876} INFO - Dependencies all met for <TaskInstance: parallel_dag.task_4 2020-03-04T00:00:00+00:00 [queued]>
[2021-11-29 12:36:50,115] {taskinstance.py:1067} INFO - 
--------------------------------------------------------------------------------
[2021-11-29 12:36:50,115] {taskinstance.py:1068} INFO - Starting attempt 1 of 1
[2021-11-29 12:36:50,115] {taskinstance.py:1069} INFO - 
--------------------------------------------------------------------------------
[2021-11-29 12:36:50,352] {taskinstance.py:1087} INFO - Executing <Task(BashOperator): task_4> on 2020-03-04T00:00:00+00:00
[2021-11-29 12:36:50,364] {standard_task_runner.py:76} INFO - Running: ['airflow', 'tasks', 'run', 'parallel_dag', 'task_4', '2020-03-04T00:00:00+00:00', '--job-id', '464', '--pool', 'default_pool', '--raw', '--subdir', 'DAGS_FOLDER/parallel_dag.py', '--cfg-path', '/tmp/tmpdhsd9w3q', '--error-file', '/tmp/tmp0xfqt6d3']
[2021-11-29 12:36:50,365] {standard_task_runner.py:77} INFO - Job 464: Subtask task_4
[2021-11-29 12:36:50,484] {standard_task_runner.py:52} INFO - Started process 160469 to run task
[2021-11-29 12:36:52,442] {logging_mixin.py:104} INFO - Running <TaskInstance: parallel_dag.task_4 2020-03-04T00:00:00+00:00 [running]> on host airflowvm
[2021-11-29 12:36:53,673] {taskinstance.py:1280} INFO - Exporting the following env vars:
AIRFLOW_CTX_DAG_OWNER=airflow
AIRFLOW_CTX_DAG_ID=parallel_dag
AIRFLOW_CTX_TASK_ID=task_4
AIRFLOW_CTX_EXECUTION_DATE=2020-03-04T00:00:00+00:00
AIRFLOW_CTX_DAG_RUN_ID=scheduled__2020-03-04T00:00:00+00:00
[2021-11-29 12:36:53,683] {subprocess.py:52} INFO - Tmp dir root location: 
 /tmp
[2021-11-29 12:36:53,703] {subprocess.py:63} INFO - Running command: ['bash', '-c', 'sleep 3']
[2021-11-29 12:36:53,745] {subprocess.py:75} INFO - Output:
[2021-11-29 12:36:56,905] {subprocess.py:83} INFO - Command exited with return code 0
[2021-11-29 12:36:57,324] {taskinstance.py:1184} INFO - Marking task as SUCCESS. dag_id=parallel_dag, task_id=task_4, execution_date=20200304T000000, start_date=20211129T123649, end_date=20211129T123657
[2021-11-29 12:36:59,022] {taskinstance.py:1245} INFO - 0 downstream tasks scheduled from follow-on schedule check
[2021-11-29 12:36:59,054] {local_task_job.py:151} INFO - Task exited with return code 0
