[2021-12-06 13:58:52,658] {taskinstance.py:876} INFO - Dependencies all met for <TaskInstance: xcom_dag.processing_tasks.training_model_c 2021-12-06T13:58:28.139947+00:00 [queued]>
[2021-12-06 13:58:53,071] {taskinstance.py:876} INFO - Dependencies all met for <TaskInstance: xcom_dag.processing_tasks.training_model_c 2021-12-06T13:58:28.139947+00:00 [queued]>
[2021-12-06 13:58:53,072] {taskinstance.py:1067} INFO - 
--------------------------------------------------------------------------------
[2021-12-06 13:58:53,076] {taskinstance.py:1068} INFO - Starting attempt 1 of 1
[2021-12-06 13:58:53,097] {taskinstance.py:1069} INFO - 
--------------------------------------------------------------------------------
[2021-12-06 13:58:53,343] {taskinstance.py:1087} INFO - Executing <Task(PythonOperator): processing_tasks.training_model_c> on 2021-12-06T13:58:28.139947+00:00
[2021-12-06 13:58:53,394] {standard_task_runner.py:52} INFO - Started process 66374 to run task
[2021-12-06 13:58:53,596] {standard_task_runner.py:76} INFO - Running: ['airflow', 'tasks', 'run', 'xcom_dag', 'processing_tasks.training_model_c', '2021-12-06T13:58:28.139947+00:00', '--job-id', '775', '--pool', 'default_pool', '--raw', '--subdir', 'DAGS_FOLDER/xcom_dag.py', '--cfg-path', '/tmp/tmppludbcnb', '--error-file', '/tmp/tmpv_64jjbv']
[2021-12-06 13:58:53,639] {standard_task_runner.py:77} INFO - Job 775: Subtask processing_tasks.training_model_c
[2021-12-06 13:58:54,770] {logging_mixin.py:104} INFO - Running <TaskInstance: xcom_dag.processing_tasks.training_model_c 2021-12-06T13:58:28.139947+00:00 [running]> on host airflowvm
[2021-12-06 13:58:57,594] {taskinstance.py:1280} INFO - Exporting the following env vars:
AIRFLOW_CTX_DAG_OWNER=airflow
AIRFLOW_CTX_DAG_ID=xcom_dag
AIRFLOW_CTX_TASK_ID=processing_tasks.training_model_c
AIRFLOW_CTX_EXECUTION_DATE=2021-12-06T13:58:28.139947+00:00
AIRFLOW_CTX_DAG_RUN_ID=manual__2021-12-06T13:58:28.139947+00:00
[2021-12-06 13:58:57,672] {logging_mixin.py:104} INFO - model's accuracy: 6.485080048455004
[2021-12-06 13:58:58,134] {python.py:151} INFO - Done. Returned value was: None
[2021-12-06 13:58:58,370] {taskinstance.py:1184} INFO - Marking task as SUCCESS. dag_id=xcom_dag, task_id=processing_tasks.training_model_c, execution_date=20211206T135828, start_date=20211206T135852, end_date=20211206T135858
[2021-12-06 13:58:59,769] {taskinstance.py:1245} INFO - 0 downstream tasks scheduled from follow-on schedule check
[2021-12-06 13:58:59,782] {local_task_job.py:196} WARNING - State of this instance has been externally set to success. Terminating instance.
[2021-12-06 13:58:59,814] {process_utils.py:100} INFO - Sending Signals.SIGTERM to GPID 66374
[2021-12-06 13:59:00,093] {process_utils.py:66} INFO - Process psutil.Process(pid=66374, status='terminated', exitcode=0, started='13:58:52') (66374) terminated with exit code 0
