[2021-11-24 09:11:21,788] {taskinstance.py:876} INFO - Dependencies all met for <TaskInstance: user_processing.creating_table 2021-11-24T09:11:19.603434+00:00 [queued]>
[2021-11-24 09:11:21,793] {taskinstance.py:876} INFO - Dependencies all met for <TaskInstance: user_processing.creating_table 2021-11-24T09:11:19.603434+00:00 [queued]>
[2021-11-24 09:11:21,793] {taskinstance.py:1067} INFO - 
--------------------------------------------------------------------------------
[2021-11-24 09:11:21,793] {taskinstance.py:1068} INFO - Starting attempt 1 of 1
[2021-11-24 09:11:21,793] {taskinstance.py:1069} INFO - 
--------------------------------------------------------------------------------
[2021-11-24 09:11:21,812] {taskinstance.py:1087} INFO - Executing <Task(SqliteOperator): creating_table> on 2021-11-24T09:11:19.603434+00:00
[2021-11-24 09:11:21,814] {standard_task_runner.py:52} INFO - Started process 133013 to run task
[2021-11-24 09:11:21,821] {standard_task_runner.py:76} INFO - Running: ['airflow', 'tasks', 'run', 'user_processing', 'creating_table', '2021-11-24T09:11:19.603434+00:00', '--job-id', '50', '--pool', 'default_pool', '--raw', '--subdir', 'DAGS_FOLDER/user_processing.py', '--cfg-path', '/tmp/tmpt738koo0', '--error-file', '/tmp/tmp6nyum9_q']
[2021-11-24 09:11:21,822] {standard_task_runner.py:77} INFO - Job 50: Subtask creating_table
[2021-11-24 09:11:21,874] {logging_mixin.py:104} INFO - Running <TaskInstance: user_processing.creating_table 2021-11-24T09:11:19.603434+00:00 [running]> on host airflowvm
[2021-11-24 09:11:21,942] {taskinstance.py:1280} INFO - Exporting the following env vars:
AIRFLOW_CTX_DAG_OWNER=airflow
AIRFLOW_CTX_DAG_ID=user_processing
AIRFLOW_CTX_TASK_ID=creating_table
AIRFLOW_CTX_EXECUTION_DATE=2021-11-24T09:11:19.603434+00:00
AIRFLOW_CTX_DAG_RUN_ID=manual__2021-11-24T09:11:19.603434+00:00
[2021-11-24 09:11:21,942] {sqlite.py:63} INFO - Executing: 
              CREATE TABLE if not exists users (
                  firstname TEXT NOT NULL,
                  lastname TEXT NOT NULL,
                  country TEXT NOT NULL,
                  username TEXT NOT NULL,
                  password TEXT NOT NULL,
                  email TEXT NOT NULL PRIMARY KEY
              );
              
[2021-11-24 09:11:21,945] {base.py:69} INFO - Using connection to: id: db_sqlite. Host: /home/airflow/airflow/airflow.db, Port: None, Schema: , Login: , Password: None, extra: {}
[2021-11-24 09:11:21,946] {dbapi.py:204} INFO - Running statement: 
              CREATE TABLE if not exists users (
                  firstname TEXT NOT NULL,
                  lastname TEXT NOT NULL,
                  country TEXT NOT NULL,
                  username TEXT NOT NULL,
                  password TEXT NOT NULL,
                  email TEXT NOT NULL PRIMARY KEY
              );
              , parameters: []
[2021-11-24 09:11:21,949] {taskinstance.py:1184} INFO - Marking task as SUCCESS. dag_id=user_processing, task_id=creating_table, execution_date=20211124T091119, start_date=20211124T091121, end_date=20211124T091121
[2021-11-24 09:11:21,989] {taskinstance.py:1245} INFO - 1 downstream tasks scheduled from follow-on schedule check
[2021-11-24 09:11:22,019] {local_task_job.py:151} INFO - Task exited with return code 0
