[2021-11-29 12:39:02,044] {taskinstance.py:876} INFO - Dependencies all met for <TaskInstance: parallel_dag.task_1 2020-04-06T00:00:00+00:00 [queued]>
[2021-11-29 12:39:02,173] {taskinstance.py:876} INFO - Dependencies all met for <TaskInstance: parallel_dag.task_1 2020-04-06T00:00:00+00:00 [queued]>
[2021-11-29 12:39:02,174] {taskinstance.py:1067} INFO - 
--------------------------------------------------------------------------------
[2021-11-29 12:39:02,174] {taskinstance.py:1068} INFO - Starting attempt 1 of 1
[2021-11-29 12:39:02,174] {taskinstance.py:1069} INFO - 
--------------------------------------------------------------------------------
[2021-11-29 12:39:02,302] {taskinstance.py:1087} INFO - Executing <Task(BashOperator): task_1> on 2020-04-06T00:00:00+00:00
[2021-11-29 12:39:02,386] {standard_task_runner.py:52} INFO - Started process 168633 to run task
[2021-11-29 12:39:02,415] {standard_task_runner.py:76} INFO - Running: ['airflow', 'tasks', 'run', 'parallel_dag', 'task_1', '2020-04-06T00:00:00+00:00', '--job-id', '561', '--pool', 'default_pool', '--raw', '--subdir', 'DAGS_FOLDER/parallel_dag.py', '--cfg-path', '/tmp/tmpqza3csjc', '--error-file', '/tmp/tmpdhtymfc9']
[2021-11-29 12:39:02,445] {standard_task_runner.py:77} INFO - Job 561: Subtask task_1
[2021-11-29 12:39:03,026] {logging_mixin.py:104} INFO - Running <TaskInstance: parallel_dag.task_1 2020-04-06T00:00:00+00:00 [running]> on host airflowvm
[2021-11-29 12:39:03,468] {taskinstance.py:1280} INFO - Exporting the following env vars:
AIRFLOW_CTX_DAG_OWNER=airflow
AIRFLOW_CTX_DAG_ID=parallel_dag
AIRFLOW_CTX_TASK_ID=task_1
AIRFLOW_CTX_EXECUTION_DATE=2020-04-06T00:00:00+00:00
AIRFLOW_CTX_DAG_RUN_ID=scheduled__2020-04-06T00:00:00+00:00
[2021-11-29 12:39:03,469] {subprocess.py:52} INFO - Tmp dir root location: 
 /tmp
[2021-11-29 12:39:03,470] {subprocess.py:63} INFO - Running command: ['bash', '-c', 'sleep 3']
[2021-11-29 12:39:03,519] {subprocess.py:75} INFO - Output:
[2021-11-29 12:39:06,637] {subprocess.py:83} INFO - Command exited with return code 0
[2021-11-29 12:39:06,884] {taskinstance.py:1184} INFO - Marking task as SUCCESS. dag_id=parallel_dag, task_id=task_1, execution_date=20200406T000000, start_date=20211129T123902, end_date=20211129T123906
[2021-11-29 12:39:07,730] {local_task_job.py:196} WARNING - State of this instance has been externally set to success. Terminating instance.
[2021-11-29 12:39:07,854] {process_utils.py:100} INFO - Sending Signals.SIGTERM to GPID 168633
[2021-11-29 12:39:08,065] {taskinstance.py:1264} ERROR - Received SIGTERM. Terminating subprocesses.
[2021-11-29 12:39:08,065] {subprocess.py:89} INFO - Sending SIGTERM signal to process group
[2021-11-29 12:39:08,085] {process_utils.py:66} INFO - Process psutil.Process(pid=168633, status='terminated', exitcode=1, started='12:39:01') (168633) terminated with exit code 1
