[2021-11-29 12:30:56,237] {taskinstance.py:876} INFO - Dependencies all met for <TaskInstance: parallel_dag.task_1 2020-02-08T00:00:00+00:00 [queued]>
[2021-11-29 12:30:56,610] {taskinstance.py:876} INFO - Dependencies all met for <TaskInstance: parallel_dag.task_1 2020-02-08T00:00:00+00:00 [queued]>
[2021-11-29 12:30:56,610] {taskinstance.py:1067} INFO - 
--------------------------------------------------------------------------------
[2021-11-29 12:30:56,610] {taskinstance.py:1068} INFO - Starting attempt 1 of 1
[2021-11-29 12:30:56,610] {taskinstance.py:1069} INFO - 
--------------------------------------------------------------------------------
[2021-11-29 12:30:56,934] {taskinstance.py:1087} INFO - Executing <Task(BashOperator): task_1> on 2020-02-08T00:00:00+00:00
[2021-11-29 12:30:57,188] {standard_task_runner.py:52} INFO - Started process 139718 to run task
[2021-11-29 12:30:57,285] {standard_task_runner.py:76} INFO - Running: ['airflow', 'tasks', 'run', 'parallel_dag', 'task_1', '2020-02-08T00:00:00+00:00', '--job-id', '223', '--pool', 'default_pool', '--raw', '--subdir', 'DAGS_FOLDER/parallel_dag.py', '--cfg-path', '/tmp/tmp82nshber', '--error-file', '/tmp/tmpabsgj84r']
[2021-11-29 12:30:57,380] {standard_task_runner.py:77} INFO - Job 223: Subtask task_1
[2021-11-29 12:30:58,967] {logging_mixin.py:104} INFO - Running <TaskInstance: parallel_dag.task_1 2020-02-08T00:00:00+00:00 [running]> on host airflowvm
[2021-11-29 12:31:00,958] {taskinstance.py:1280} INFO - Exporting the following env vars:
AIRFLOW_CTX_DAG_OWNER=airflow
AIRFLOW_CTX_DAG_ID=parallel_dag
AIRFLOW_CTX_TASK_ID=task_1
AIRFLOW_CTX_EXECUTION_DATE=2020-02-08T00:00:00+00:00
AIRFLOW_CTX_DAG_RUN_ID=scheduled__2020-02-08T00:00:00+00:00
[2021-11-29 12:31:00,959] {subprocess.py:52} INFO - Tmp dir root location: 
 /tmp
[2021-11-29 12:31:00,959] {subprocess.py:63} INFO - Running command: ['bash', '-c', 'sleep 3']
[2021-11-29 12:31:01,204] {subprocess.py:75} INFO - Output:
[2021-11-29 12:31:04,463] {subprocess.py:83} INFO - Command exited with return code 0
[2021-11-29 12:31:05,728] {taskinstance.py:1184} INFO - Marking task as SUCCESS. dag_id=parallel_dag, task_id=task_1, execution_date=20200208T000000, start_date=20211129T123056, end_date=20211129T123105
[2021-11-29 12:31:08,258] {taskinstance.py:1245} INFO - 0 downstream tasks scheduled from follow-on schedule check
[2021-11-29 12:31:08,776] {local_task_job.py:151} INFO - Task exited with return code 0
