[2021-11-20 12:20:00,671] {taskinstance.py:896} INFO - Dependencies all met for <TaskInstance: example_bash_operator.runme_2 2021-11-19T00:00:00+00:00 [queued]>
[2021-11-20 12:20:00,676] {taskinstance.py:896} INFO - Dependencies all met for <TaskInstance: example_bash_operator.runme_2 2021-11-19T00:00:00+00:00 [queued]>
[2021-11-20 12:20:00,676] {taskinstance.py:1087} INFO - 
--------------------------------------------------------------------------------
[2021-11-20 12:20:00,676] {taskinstance.py:1088} INFO - Starting attempt 1 of 1
[2021-11-20 12:20:00,676] {taskinstance.py:1089} INFO - 
--------------------------------------------------------------------------------
[2021-11-20 12:20:00,691] {taskinstance.py:1107} INFO - Executing <Task(BashOperator): runme_2> on 2021-11-19T00:00:00+00:00
[2021-11-20 12:20:00,693] {standard_task_runner.py:52} INFO - Started process 6761 to run task
[2021-11-20 12:20:00,703] {standard_task_runner.py:76} INFO - Running: ['airflow', 'tasks', 'run', 'example_bash_operator', 'runme_2', '2021-11-19T00:00:00+00:00', '--job-id', '9', '--pool', 'default_pool', '--raw', '--subdir', '/home/airflow/sandbox/lib/python3.8/site-packages/airflow/example_dags/example_bash_operator.py', '--cfg-path', '/tmp/tmp1gtga_0w', '--error-file', '/tmp/tmpi_x50iqe']
[2021-11-20 12:20:00,704] {standard_task_runner.py:77} INFO - Job 9: Subtask runme_2
[2021-11-20 12:20:00,759] {logging_mixin.py:104} INFO - Running <TaskInstance: example_bash_operator.runme_2 2021-11-19T00:00:00+00:00 [running]> on host airflowvm
[2021-11-20 12:20:00,869] {taskinstance.py:1300} INFO - Exporting the following env vars:
AIRFLOW_CTX_DAG_OWNER=airflow
AIRFLOW_CTX_DAG_ID=example_bash_operator
AIRFLOW_CTX_TASK_ID=runme_2
AIRFLOW_CTX_EXECUTION_DATE=2021-11-19T00:00:00+00:00
AIRFLOW_CTX_DAG_RUN_ID=scheduled__2021-11-19T00:00:00+00:00
[2021-11-20 12:20:00,869] {subprocess.py:52} INFO - Tmp dir root location: 
 /tmp
[2021-11-20 12:20:00,869] {subprocess.py:63} INFO - Running command: ['bash', '-c', 'echo "example_bash_operator__runme_2__20211119" && sleep 1']
[2021-11-20 12:20:00,873] {subprocess.py:75} INFO - Output:
[2021-11-20 12:20:00,875] {subprocess.py:79} INFO - example_bash_operator__runme_2__20211119
[2021-11-20 12:20:01,877] {subprocess.py:83} INFO - Command exited with return code 0
[2021-11-20 12:20:01,897] {taskinstance.py:1204} INFO - Marking task as SUCCESS. dag_id=example_bash_operator, task_id=runme_2, execution_date=20211119T000000, start_date=20211120T122000, end_date=20211120T122001
[2021-11-20 12:20:01,923] {taskinstance.py:1265} INFO - 1 downstream tasks scheduled from follow-on schedule check
[2021-11-20 12:20:01,955] {local_task_job.py:151} INFO - Task exited with return code 0
