[2021-11-29 12:30:02,739] {taskinstance.py:876} INFO - Dependencies all met for <TaskInstance: parallel_dag.task_4 2020-01-16T00:00:00+00:00 [queued]>
[2021-11-29 12:30:03,293] {taskinstance.py:876} INFO - Dependencies all met for <TaskInstance: parallel_dag.task_4 2020-01-16T00:00:00+00:00 [queued]>
[2021-11-29 12:30:03,293] {taskinstance.py:1067} INFO - 
--------------------------------------------------------------------------------
[2021-11-29 12:30:03,293] {taskinstance.py:1068} INFO - Starting attempt 2 of 2
[2021-11-29 12:30:03,293] {taskinstance.py:1069} INFO - 
--------------------------------------------------------------------------------
[2021-11-29 12:30:03,628] {taskinstance.py:1087} INFO - Executing <Task(BashOperator): task_4> on 2020-01-16T00:00:00+00:00
[2021-11-29 12:30:03,723] {standard_task_runner.py:52} INFO - Started process 137209 to run task
[2021-11-29 12:30:04,875] {standard_task_runner.py:76} INFO - Running: ['airflow', 'tasks', 'run', 'parallel_dag', 'task_4', '2020-01-16T00:00:00+00:00', '--job-id', '204', '--pool', 'default_pool', '--raw', '--subdir', 'DAGS_FOLDER/parallel_dag.py', '--cfg-path', '/tmp/tmpter5ysx9', '--error-file', '/tmp/tmptanfnmam']
[2021-11-29 12:30:04,875] {standard_task_runner.py:77} INFO - Job 204: Subtask task_4
[2021-11-29 12:30:08,661] {logging_mixin.py:104} INFO - Running <TaskInstance: parallel_dag.task_4 2020-01-16T00:00:00+00:00 [running]> on host airflowvm
[2021-11-29 12:30:10,849] {taskinstance.py:1280} INFO - Exporting the following env vars:
AIRFLOW_CTX_DAG_OWNER=airflow
AIRFLOW_CTX_DAG_ID=parallel_dag
AIRFLOW_CTX_TASK_ID=task_4
AIRFLOW_CTX_EXECUTION_DATE=2020-01-16T00:00:00+00:00
AIRFLOW_CTX_DAG_RUN_ID=scheduled__2020-01-16T00:00:00+00:00
[2021-11-29 12:30:10,863] {subprocess.py:52} INFO - Tmp dir root location: 
 /tmp
[2021-11-29 12:30:10,888] {subprocess.py:63} INFO - Running command: ['bash', '-c', 'sleep 3']
[2021-11-29 12:30:11,278] {subprocess.py:75} INFO - Output:
[2021-11-29 12:30:14,333] {subprocess.py:83} INFO - Command exited with return code 0
[2021-11-29 12:30:14,797] {taskinstance.py:1184} INFO - Marking task as SUCCESS. dag_id=parallel_dag, task_id=task_4, execution_date=20200116T000000, start_date=20211129T123002, end_date=20211129T123014
[2021-11-29 12:30:15,556] {local_task_job.py:196} WARNING - State of this instance has been externally set to success. Terminating instance.
[2021-11-29 12:30:15,652] {process_utils.py:100} INFO - Sending Signals.SIGTERM to GPID 137209
[2021-11-29 12:30:15,762] {taskinstance.py:1264} ERROR - Received SIGTERM. Terminating subprocesses.
[2021-11-29 12:30:15,762] {subprocess.py:89} INFO - Sending SIGTERM signal to process group
[2021-11-29 12:30:15,829] {process_utils.py:66} INFO - Process psutil.Process(pid=137209, status='terminated', exitcode=1, started='12:30:03') (137209) terminated with exit code 1
