[2021-11-29 12:39:51,992] {taskinstance.py:876} INFO - Dependencies all met for <TaskInstance: parallel_dag.task_3 2020-04-18T00:00:00+00:00 [queued]>
[2021-11-29 12:39:52,517] {taskinstance.py:876} INFO - Dependencies all met for <TaskInstance: parallel_dag.task_3 2020-04-18T00:00:00+00:00 [queued]>
[2021-11-29 12:39:52,518] {taskinstance.py:1067} INFO - 
--------------------------------------------------------------------------------
[2021-11-29 12:39:52,566] {taskinstance.py:1068} INFO - Starting attempt 1 of 1
[2021-11-29 12:39:52,585] {taskinstance.py:1069} INFO - 
--------------------------------------------------------------------------------
[2021-11-29 12:39:52,871] {taskinstance.py:1087} INFO - Executing <Task(BashOperator): task_3> on 2020-04-18T00:00:00+00:00
[2021-11-29 12:39:52,950] {standard_task_runner.py:52} INFO - Started process 171428 to run task
[2021-11-29 12:39:53,040] {standard_task_runner.py:76} INFO - Running: ['airflow', 'tasks', 'run', 'parallel_dag', 'task_3', '2020-04-18T00:00:00+00:00', '--job-id', '604', '--pool', 'default_pool', '--raw', '--subdir', 'DAGS_FOLDER/parallel_dag.py', '--cfg-path', '/tmp/tmpymhlj78_', '--error-file', '/tmp/tmp4jp_vvow']
[2021-11-29 12:39:53,091] {standard_task_runner.py:77} INFO - Job 604: Subtask task_3
[2021-11-29 12:39:54,326] {logging_mixin.py:104} INFO - Running <TaskInstance: parallel_dag.task_3 2020-04-18T00:00:00+00:00 [running]> on host airflowvm
[2021-11-29 12:39:55,663] {taskinstance.py:1280} INFO - Exporting the following env vars:
AIRFLOW_CTX_DAG_OWNER=airflow
AIRFLOW_CTX_DAG_ID=parallel_dag
AIRFLOW_CTX_TASK_ID=task_3
AIRFLOW_CTX_EXECUTION_DATE=2020-04-18T00:00:00+00:00
AIRFLOW_CTX_DAG_RUN_ID=scheduled__2020-04-18T00:00:00+00:00
[2021-11-29 12:39:55,715] {subprocess.py:52} INFO - Tmp dir root location: 
 /tmp
[2021-11-29 12:39:55,738] {subprocess.py:63} INFO - Running command: ['bash', '-c', 'sleep 3']
[2021-11-29 12:39:55,996] {subprocess.py:75} INFO - Output:
[2021-11-29 12:39:59,345] {subprocess.py:83} INFO - Command exited with return code 0
[2021-11-29 12:40:00,443] {taskinstance.py:1184} INFO - Marking task as SUCCESS. dag_id=parallel_dag, task_id=task_3, execution_date=20200418T000000, start_date=20211129T123951, end_date=20211129T124000
[2021-11-29 12:40:01,605] {taskinstance.py:1245} INFO - 1 downstream tasks scheduled from follow-on schedule check
