[2021-11-29 12:30:49,405] {taskinstance.py:876} INFO - Dependencies all met for <TaskInstance: parallel_dag.task_1 2020-02-06T00:00:00+00:00 [queued]>
[2021-11-29 12:30:49,661] {taskinstance.py:876} INFO - Dependencies all met for <TaskInstance: parallel_dag.task_1 2020-02-06T00:00:00+00:00 [queued]>
[2021-11-29 12:30:49,662] {taskinstance.py:1067} INFO - 
--------------------------------------------------------------------------------
[2021-11-29 12:30:49,662] {taskinstance.py:1068} INFO - Starting attempt 1 of 1
[2021-11-29 12:30:49,662] {taskinstance.py:1069} INFO - 
--------------------------------------------------------------------------------
[2021-11-29 12:30:49,784] {taskinstance.py:1087} INFO - Executing <Task(BashOperator): task_1> on 2020-02-06T00:00:00+00:00
[2021-11-29 12:30:49,793] {standard_task_runner.py:76} INFO - Running: ['airflow', 'tasks', 'run', 'parallel_dag', 'task_1', '2020-02-06T00:00:00+00:00', '--job-id', '219', '--pool', 'default_pool', '--raw', '--subdir', 'DAGS_FOLDER/parallel_dag.py', '--cfg-path', '/tmp/tmpe4z7j5wa', '--error-file', '/tmp/tmpaiitmt_w']
[2021-11-29 12:30:49,865] {standard_task_runner.py:52} INFO - Started process 139403 to run task
[2021-11-29 12:30:49,962] {standard_task_runner.py:77} INFO - Job 219: Subtask task_1
[2021-11-29 12:30:50,898] {logging_mixin.py:104} INFO - Running <TaskInstance: parallel_dag.task_1 2020-02-06T00:00:00+00:00 [running]> on host airflowvm
[2021-11-29 12:30:51,985] {taskinstance.py:1280} INFO - Exporting the following env vars:
AIRFLOW_CTX_DAG_OWNER=airflow
AIRFLOW_CTX_DAG_ID=parallel_dag
AIRFLOW_CTX_TASK_ID=task_1
AIRFLOW_CTX_EXECUTION_DATE=2020-02-06T00:00:00+00:00
AIRFLOW_CTX_DAG_RUN_ID=scheduled__2020-02-06T00:00:00+00:00
[2021-11-29 12:30:52,011] {subprocess.py:52} INFO - Tmp dir root location: 
 /tmp
[2021-11-29 12:30:52,011] {subprocess.py:63} INFO - Running command: ['bash', '-c', 'sleep 3']
[2021-11-29 12:30:52,115] {subprocess.py:75} INFO - Output:
[2021-11-29 12:30:55,457] {subprocess.py:83} INFO - Command exited with return code 0
[2021-11-29 12:30:55,998] {taskinstance.py:1184} INFO - Marking task as SUCCESS. dag_id=parallel_dag, task_id=task_1, execution_date=20200206T000000, start_date=20211129T123049, end_date=20211129T123055
[2021-11-29 12:30:56,716] {taskinstance.py:1245} INFO - 2 downstream tasks scheduled from follow-on schedule check
[2021-11-29 12:30:56,769] {local_task_job.py:151} INFO - Task exited with return code 0
