[2021-11-24 08:05:54,534] {taskinstance.py:876} INFO - Dependencies all met for <TaskInstance: user_processing.storing_user 2021-11-23T00:00:00+00:00 [queued]>
[2021-11-24 08:05:54,543] {taskinstance.py:876} INFO - Dependencies all met for <TaskInstance: user_processing.storing_user 2021-11-23T00:00:00+00:00 [queued]>
[2021-11-24 08:05:54,543] {taskinstance.py:1067} INFO - 
--------------------------------------------------------------------------------
[2021-11-24 08:05:54,544] {taskinstance.py:1068} INFO - Starting attempt 1 of 1
[2021-11-24 08:05:54,544] {taskinstance.py:1069} INFO - 
--------------------------------------------------------------------------------
[2021-11-24 08:05:54,566] {taskinstance.py:1087} INFO - Executing <Task(BashOperator): storing_user> on 2021-11-23T00:00:00+00:00
[2021-11-24 08:05:54,569] {standard_task_runner.py:52} INFO - Started process 126770 to run task
[2021-11-24 08:05:54,579] {standard_task_runner.py:76} INFO - Running: ['airflow', 'tasks', 'run', 'user_processing', 'storing_user', '2021-11-23T00:00:00+00:00', '--job-id', '48', '--pool', 'default_pool', '--raw', '--subdir', 'DAGS_FOLDER/user_processing.py', '--cfg-path', '/tmp/tmpw_e_6qjc', '--error-file', '/tmp/tmpadvzjtdh']
[2021-11-24 08:05:54,580] {standard_task_runner.py:77} INFO - Job 48: Subtask storing_user
[2021-11-24 08:05:54,671] {logging_mixin.py:104} INFO - Running <TaskInstance: user_processing.storing_user 2021-11-23T00:00:00+00:00 [running]> on host airflowvm
[2021-11-24 08:05:54,804] {taskinstance.py:1280} INFO - Exporting the following env vars:
AIRFLOW_CTX_DAG_OWNER=airflow
AIRFLOW_CTX_DAG_ID=user_processing
AIRFLOW_CTX_TASK_ID=storing_user
AIRFLOW_CTX_EXECUTION_DATE=2021-11-23T00:00:00+00:00
AIRFLOW_CTX_DAG_RUN_ID=scheduled__2021-11-23T00:00:00+00:00
[2021-11-24 08:05:54,805] {subprocess.py:52} INFO - Tmp dir root location: 
 /tmp
[2021-11-24 08:05:54,806] {subprocess.py:63} INFO - Running command: ['bash', '-c', 'echo -e ".separator ","\n.import /tmp/processed_user.csv users" | sqlite3 /home/airflow/airflow/airflow.db']
[2021-11-24 08:05:54,814] {subprocess.py:75} INFO - Output:
[2021-11-24 08:05:54,843] {subprocess.py:83} INFO - Command exited with return code 0
[2021-11-24 08:05:54,886] {taskinstance.py:1184} INFO - Marking task as SUCCESS. dag_id=user_processing, task_id=storing_user, execution_date=20211123T000000, start_date=20211124T080554, end_date=20211124T080554
[2021-11-24 08:05:54,918] {taskinstance.py:1245} INFO - 0 downstream tasks scheduled from follow-on schedule check
[2021-11-24 08:05:54,955] {local_task_job.py:151} INFO - Task exited with return code 0
