[2021-12-06 12:13:41,897] {taskinstance.py:876} INFO - Dependencies all met for <TaskInstance: xcom_dag.is_accurate 2021-12-06T12:13:08.289177+00:00 [queued]>
[2021-12-06 12:13:42,082] {taskinstance.py:876} INFO - Dependencies all met for <TaskInstance: xcom_dag.is_accurate 2021-12-06T12:13:08.289177+00:00 [queued]>
[2021-12-06 12:13:42,090] {taskinstance.py:1067} INFO - 
--------------------------------------------------------------------------------
[2021-12-06 12:13:42,091] {taskinstance.py:1068} INFO - Starting attempt 1 of 1
[2021-12-06 12:13:42,092] {taskinstance.py:1069} INFO - 
--------------------------------------------------------------------------------
[2021-12-06 12:13:42,170] {taskinstance.py:1087} INFO - Executing <Task(BranchPythonOperator): is_accurate> on 2021-12-06T12:13:08.289177+00:00
[2021-12-06 12:13:42,202] {standard_task_runner.py:52} INFO - Started process 30265 to run task
[2021-12-06 12:13:42,247] {standard_task_runner.py:76} INFO - Running: ['airflow', 'tasks', 'run', 'xcom_dag', 'is_accurate', '2021-12-06T12:13:08.289177+00:00', '--job-id', '732', '--pool', 'default_pool', '--raw', '--subdir', 'DAGS_FOLDER/xcom_dag.py', '--cfg-path', '/tmp/tmps_0ydlth', '--error-file', '/tmp/tmpnym77qh6']
[2021-12-06 12:13:42,268] {standard_task_runner.py:77} INFO - Job 732: Subtask is_accurate
[2021-12-06 12:13:43,206] {logging_mixin.py:104} INFO - Running <TaskInstance: xcom_dag.is_accurate 2021-12-06T12:13:08.289177+00:00 [running]> on host airflowvm
[2021-12-06 12:13:43,703] {taskinstance.py:1280} INFO - Exporting the following env vars:
AIRFLOW_CTX_DAG_OWNER=airflow
AIRFLOW_CTX_DAG_ID=xcom_dag
AIRFLOW_CTX_TASK_ID=is_accurate
AIRFLOW_CTX_EXECUTION_DATE=2021-12-06T12:13:08.289177+00:00
AIRFLOW_CTX_DAG_RUN_ID=manual__2021-12-06T12:13:08.289177+00:00
[2021-12-06 12:13:43,706] {python.py:151} INFO - Done. Returned value was: accurate
[2021-12-06 12:13:43,709] {skipmixin.py:124} INFO - Following branch accurate
[2021-12-06 12:13:43,753] {skipmixin.py:155} INFO - Skipping tasks ['inaccurate']
[2021-12-06 12:13:44,533] {taskinstance.py:1184} INFO - Marking task as SUCCESS. dag_id=xcom_dag, task_id=is_accurate, execution_date=20211206T121308, start_date=20211206T121341, end_date=20211206T121344
[2021-12-06 12:13:44,704] {taskinstance.py:1245} INFO - 1 downstream tasks scheduled from follow-on schedule check
[2021-12-06 12:13:44,717] {local_task_job.py:151} INFO - Task exited with return code 0
