[2021-11-29 12:31:08,591] {taskinstance.py:876} INFO - Dependencies all met for <TaskInstance: parallel_dag.task_1 2020-02-10T00:00:00+00:00 [queued]>
[2021-11-29 12:31:08,931] {taskinstance.py:876} INFO - Dependencies all met for <TaskInstance: parallel_dag.task_1 2020-02-10T00:00:00+00:00 [queued]>
[2021-11-29 12:31:08,932] {taskinstance.py:1067} INFO - 
--------------------------------------------------------------------------------
[2021-11-29 12:31:08,932] {taskinstance.py:1068} INFO - Starting attempt 1 of 1
[2021-11-29 12:31:08,933] {taskinstance.py:1069} INFO - 
--------------------------------------------------------------------------------
[2021-11-29 12:31:09,316] {taskinstance.py:1087} INFO - Executing <Task(BashOperator): task_1> on 2020-02-10T00:00:00+00:00
[2021-11-29 12:31:09,329] {standard_task_runner.py:52} INFO - Started process 140414 to run task
[2021-11-29 12:31:09,605] {standard_task_runner.py:76} INFO - Running: ['airflow', 'tasks', 'run', 'parallel_dag', 'task_1', '2020-02-10T00:00:00+00:00', '--job-id', '235', '--pool', 'default_pool', '--raw', '--subdir', 'DAGS_FOLDER/parallel_dag.py', '--cfg-path', '/tmp/tmpahk0drw4', '--error-file', '/tmp/tmp8i53p71_']
[2021-11-29 12:31:09,663] {standard_task_runner.py:77} INFO - Job 235: Subtask task_1
[2021-11-29 12:31:11,118] {logging_mixin.py:104} INFO - Running <TaskInstance: parallel_dag.task_1 2020-02-10T00:00:00+00:00 [running]> on host airflowvm
[2021-11-29 12:31:12,030] {taskinstance.py:1280} INFO - Exporting the following env vars:
AIRFLOW_CTX_DAG_OWNER=airflow
AIRFLOW_CTX_DAG_ID=parallel_dag
AIRFLOW_CTX_TASK_ID=task_1
AIRFLOW_CTX_EXECUTION_DATE=2020-02-10T00:00:00+00:00
AIRFLOW_CTX_DAG_RUN_ID=scheduled__2020-02-10T00:00:00+00:00
[2021-11-29 12:31:12,030] {subprocess.py:52} INFO - Tmp dir root location: 
 /tmp
[2021-11-29 12:31:12,030] {subprocess.py:63} INFO - Running command: ['bash', '-c', 'sleep 3']
[2021-11-29 12:31:12,153] {subprocess.py:75} INFO - Output:
[2021-11-29 12:31:15,257] {subprocess.py:83} INFO - Command exited with return code 0
[2021-11-29 12:31:15,683] {taskinstance.py:1184} INFO - Marking task as SUCCESS. dag_id=parallel_dag, task_id=task_1, execution_date=20200210T000000, start_date=20211129T123108, end_date=20211129T123115
[2021-11-29 12:31:18,727] {taskinstance.py:1245} INFO - 0 downstream tasks scheduled from follow-on schedule check
[2021-11-29 12:31:18,991] {local_task_job.py:151} INFO - Task exited with return code 0
