[2021-11-29 12:32:25,141] {taskinstance.py:876} INFO - Dependencies all met for <TaskInstance: parallel_dag.task_2 2020-01-04T00:00:00+00:00 [queued]>
[2021-11-29 12:32:25,473] {taskinstance.py:876} INFO - Dependencies all met for <TaskInstance: parallel_dag.task_2 2020-01-04T00:00:00+00:00 [queued]>
[2021-11-29 12:32:25,490] {taskinstance.py:1067} INFO - 
--------------------------------------------------------------------------------
[2021-11-29 12:32:25,495] {taskinstance.py:1068} INFO - Starting attempt 3 of 3
[2021-11-29 12:32:25,515] {taskinstance.py:1069} INFO - 
--------------------------------------------------------------------------------
[2021-11-29 12:32:25,863] {taskinstance.py:1087} INFO - Executing <Task(BashOperator): task_2> on 2020-01-04T00:00:00+00:00
[2021-11-29 12:32:25,901] {standard_task_runner.py:52} INFO - Started process 144180 to run task
[2021-11-29 12:32:25,929] {standard_task_runner.py:76} INFO - Running: ['airflow', 'tasks', 'run', 'parallel_dag', 'task_2', '2020-01-04T00:00:00+00:00', '--job-id', '270', '--pool', 'default_pool', '--raw', '--subdir', 'DAGS_FOLDER/parallel_dag.py', '--cfg-path', '/tmp/tmp6b6qev9d', '--error-file', '/tmp/tmp0ikys0y4']
[2021-11-29 12:32:26,123] {standard_task_runner.py:77} INFO - Job 270: Subtask task_2
[2021-11-29 12:32:27,681] {logging_mixin.py:104} INFO - Running <TaskInstance: parallel_dag.task_2 2020-01-04T00:00:00+00:00 [running]> on host airflowvm
[2021-11-29 12:32:29,133] {taskinstance.py:1280} INFO - Exporting the following env vars:
AIRFLOW_CTX_DAG_OWNER=airflow
AIRFLOW_CTX_DAG_ID=parallel_dag
AIRFLOW_CTX_TASK_ID=task_2
AIRFLOW_CTX_EXECUTION_DATE=2020-01-04T00:00:00+00:00
AIRFLOW_CTX_DAG_RUN_ID=scheduled__2020-01-04T00:00:00+00:00
[2021-11-29 12:32:29,135] {subprocess.py:52} INFO - Tmp dir root location: 
 /tmp
[2021-11-29 12:32:29,142] {subprocess.py:63} INFO - Running command: ['bash', '-c', 'sleep 3']
[2021-11-29 12:32:29,333] {subprocess.py:75} INFO - Output:
[2021-11-29 12:32:32,622] {subprocess.py:83} INFO - Command exited with return code 0
[2021-11-29 12:32:33,203] {taskinstance.py:1184} INFO - Marking task as SUCCESS. dag_id=parallel_dag, task_id=task_2, execution_date=20200104T000000, start_date=20211129T123225, end_date=20211129T123233
[2021-11-29 12:32:35,618] {taskinstance.py:1245} INFO - 0 downstream tasks scheduled from follow-on schedule check
[2021-11-29 12:32:35,643] {local_task_job.py:151} INFO - Task exited with return code 0
