[2021-11-29 12:18:17,478] {taskinstance.py:876} INFO - Dependencies all met for <TaskInstance: parallel_dag.task_2 2020-01-09T00:00:00+00:00 [queued]>
[2021-11-29 12:18:17,928] {taskinstance.py:876} INFO - Dependencies all met for <TaskInstance: parallel_dag.task_2 2020-01-09T00:00:00+00:00 [queued]>
[2021-11-29 12:18:17,928] {taskinstance.py:1067} INFO - 
--------------------------------------------------------------------------------
[2021-11-29 12:18:17,928] {taskinstance.py:1068} INFO - Starting attempt 1 of 1
[2021-11-29 12:18:17,928] {taskinstance.py:1069} INFO - 
--------------------------------------------------------------------------------
[2021-11-29 12:18:18,171] {taskinstance.py:1087} INFO - Executing <Task(BashOperator): task_2> on 2020-01-09T00:00:00+00:00
[2021-11-29 12:18:18,333] {standard_task_runner.py:76} INFO - Running: ['airflow', 'tasks', 'run', 'parallel_dag', 'task_2', '2020-01-09T00:00:00+00:00', '--job-id', '54', '--pool', 'default_pool', '--raw', '--subdir', 'DAGS_FOLDER/parallel_dag.py', '--cfg-path', '/tmp/tmpbugpi27y', '--error-file', '/tmp/tmp91c9cqv2']
[2021-11-29 12:18:18,334] {standard_task_runner.py:77} INFO - Job 54: Subtask task_2
[2021-11-29 12:18:18,393] {standard_task_runner.py:52} INFO - Started process 108284 to run task
[2021-11-29 12:18:20,874] {logging_mixin.py:104} INFO - Running <TaskInstance: parallel_dag.task_2 2020-01-09T00:00:00+00:00 [running]> on host airflowvm
[2021-11-29 12:18:22,911] {taskinstance.py:1280} INFO - Exporting the following env vars:
AIRFLOW_CTX_DAG_OWNER=airflow
AIRFLOW_CTX_DAG_ID=parallel_dag
AIRFLOW_CTX_TASK_ID=task_2
AIRFLOW_CTX_EXECUTION_DATE=2020-01-09T00:00:00+00:00
AIRFLOW_CTX_DAG_RUN_ID=scheduled__2020-01-09T00:00:00+00:00
[2021-11-29 12:18:22,912] {subprocess.py:52} INFO - Tmp dir root location: 
 /tmp
[2021-11-29 12:18:22,912] {subprocess.py:63} INFO - Running command: ['bash', '-c', 'sleep 3']
[2021-11-29 12:18:23,155] {subprocess.py:75} INFO - Output:
[2021-11-29 12:18:26,651] {subprocess.py:83} INFO - Command exited with return code 0
[2021-11-29 12:18:27,926] {taskinstance.py:1184} INFO - Marking task as SUCCESS. dag_id=parallel_dag, task_id=task_2, execution_date=20200109T000000, start_date=20211129T121817, end_date=20211129T121827
[2021-11-29 12:18:29,490] {local_task_job.py:196} WARNING - State of this instance has been externally set to success. Terminating instance.
[2021-11-29 12:18:29,796] {process_utils.py:100} INFO - Sending Signals.SIGTERM to GPID 108284
[2021-11-29 12:18:30,992] {taskinstance.py:1264} ERROR - Received SIGTERM. Terminating subprocesses.
[2021-11-29 12:18:30,992] {subprocess.py:89} INFO - Sending SIGTERM signal to process group
[2021-11-29 12:18:31,043] {process_utils.py:66} INFO - Process psutil.Process(pid=108284, status='terminated', exitcode=1, started='12:18:17') (108284) terminated with exit code 1
