[2021-11-30 13:56:10,802] {taskinstance.py:876} INFO - Dependencies all met for <TaskInstance: parallel_dag.task_4 2021-11-30T13:54:45.747606+00:00 [queued]>
[2021-11-30 13:56:10,926] {taskinstance.py:876} INFO - Dependencies all met for <TaskInstance: parallel_dag.task_4 2021-11-30T13:54:45.747606+00:00 [queued]>
[2021-11-30 13:56:10,942] {taskinstance.py:1067} INFO - 
--------------------------------------------------------------------------------
[2021-11-30 13:56:10,943] {taskinstance.py:1068} INFO - Starting attempt 1 of 1
[2021-11-30 13:56:10,947] {taskinstance.py:1069} INFO - 
--------------------------------------------------------------------------------
[2021-11-30 13:56:11,006] {taskinstance.py:1087} INFO - Executing <Task(BashOperator): task_4> on 2021-11-30T13:54:45.747606+00:00
[2021-11-30 13:56:11,050] {standard_task_runner.py:52} INFO - Started process 229627 to run task
[2021-11-30 13:56:11,123] {standard_task_runner.py:76} INFO - Running: ['airflow', 'tasks', 'run', 'parallel_dag', 'task_4', '2021-11-30T13:54:45.747606+00:00', '--job-id', '686', '--pool', 'default_pool', '--raw', '--subdir', 'DAGS_FOLDER/parallel_dag.py', '--cfg-path', '/tmp/tmp8fjk4ycw', '--error-file', '/tmp/tmpo7zliait']
[2021-11-30 13:56:11,145] {standard_task_runner.py:77} INFO - Job 686: Subtask task_4
[2021-11-30 13:56:11,608] {logging_mixin.py:104} INFO - Running <TaskInstance: parallel_dag.task_4 2021-11-30T13:54:45.747606+00:00 [running]> on host airflowvm
[2021-11-30 13:56:12,350] {taskinstance.py:1280} INFO - Exporting the following env vars:
AIRFLOW_CTX_DAG_OWNER=airflow
AIRFLOW_CTX_DAG_ID=parallel_dag
AIRFLOW_CTX_TASK_ID=task_4
AIRFLOW_CTX_EXECUTION_DATE=2021-11-30T13:54:45.747606+00:00
AIRFLOW_CTX_DAG_RUN_ID=manual__2021-11-30T13:54:45.747606+00:00
[2021-11-30 13:56:12,353] {subprocess.py:52} INFO - Tmp dir root location: 
 /tmp
[2021-11-30 13:56:12,355] {subprocess.py:63} INFO - Running command: ['bash', '-c', 'sleep 3']
[2021-11-30 13:56:12,489] {subprocess.py:75} INFO - Output:
[2021-11-30 13:56:15,618] {subprocess.py:83} INFO - Command exited with return code 0
[2021-11-30 13:56:17,317] {taskinstance.py:1184} INFO - Marking task as SUCCESS. dag_id=parallel_dag, task_id=task_4, execution_date=20211130T135445, start_date=20211130T135610, end_date=20211130T135617
[2021-11-30 13:56:18,466] {taskinstance.py:1245} INFO - 0 downstream tasks scheduled from follow-on schedule check
[2021-11-30 13:56:18,717] {local_task_job.py:151} INFO - Task exited with return code 0
