[2021-11-29 12:36:50,427] {taskinstance.py:876} INFO - Dependencies all met for <TaskInstance: parallel_dag.task_3 2020-03-13T00:00:00+00:00 [queued]>
[2021-11-29 12:36:50,901] {taskinstance.py:876} INFO - Dependencies all met for <TaskInstance: parallel_dag.task_3 2020-03-13T00:00:00+00:00 [queued]>
[2021-11-29 12:36:50,902] {taskinstance.py:1067} INFO - 
--------------------------------------------------------------------------------
[2021-11-29 12:36:50,902] {taskinstance.py:1068} INFO - Starting attempt 1 of 1
[2021-11-29 12:36:50,902] {taskinstance.py:1069} INFO - 
--------------------------------------------------------------------------------
[2021-11-29 12:36:51,200] {taskinstance.py:1087} INFO - Executing <Task(BashOperator): task_3> on 2020-03-13T00:00:00+00:00
[2021-11-29 12:36:51,329] {standard_task_runner.py:52} INFO - Started process 160516 to run task
[2021-11-29 12:36:51,485] {standard_task_runner.py:76} INFO - Running: ['airflow', 'tasks', 'run', 'parallel_dag', 'task_3', '2020-03-13T00:00:00+00:00', '--job-id', '466', '--pool', 'default_pool', '--raw', '--subdir', 'DAGS_FOLDER/parallel_dag.py', '--cfg-path', '/tmp/tmpguqx1475', '--error-file', '/tmp/tmpx2eym34n']
[2021-11-29 12:36:51,570] {standard_task_runner.py:77} INFO - Job 466: Subtask task_3
[2021-11-29 12:36:53,251] {logging_mixin.py:104} INFO - Running <TaskInstance: parallel_dag.task_3 2020-03-13T00:00:00+00:00 [running]> on host airflowvm
[2021-11-29 12:36:54,137] {taskinstance.py:1280} INFO - Exporting the following env vars:
AIRFLOW_CTX_DAG_OWNER=airflow
AIRFLOW_CTX_DAG_ID=parallel_dag
AIRFLOW_CTX_TASK_ID=task_3
AIRFLOW_CTX_EXECUTION_DATE=2020-03-13T00:00:00+00:00
AIRFLOW_CTX_DAG_RUN_ID=scheduled__2020-03-13T00:00:00+00:00
[2021-11-29 12:36:54,138] {subprocess.py:52} INFO - Tmp dir root location: 
 /tmp
[2021-11-29 12:36:54,154] {subprocess.py:63} INFO - Running command: ['bash', '-c', 'sleep 3']
[2021-11-29 12:36:54,199] {subprocess.py:75} INFO - Output:
[2021-11-29 12:36:57,237] {subprocess.py:83} INFO - Command exited with return code 0
[2021-11-29 12:36:57,697] {taskinstance.py:1184} INFO - Marking task as SUCCESS. dag_id=parallel_dag, task_id=task_3, execution_date=20200313T000000, start_date=20211129T123650, end_date=20211129T123657
[2021-11-29 12:36:59,157] {taskinstance.py:1245} INFO - 0 downstream tasks scheduled from follow-on schedule check
[2021-11-29 12:36:59,174] {local_task_job.py:151} INFO - Task exited with return code 0
