[2021-11-29 12:51:29,806] {taskinstance.py:876} INFO - Dependencies all met for <TaskInstance: parallel_dag.task_3 2020-01-26T00:00:00+00:00 [queued]>
[2021-11-29 12:51:29,860] {taskinstance.py:876} INFO - Dependencies all met for <TaskInstance: parallel_dag.task_3 2020-01-26T00:00:00+00:00 [queued]>
[2021-11-29 12:51:29,860] {taskinstance.py:1067} INFO - 
--------------------------------------------------------------------------------
[2021-11-29 12:51:29,861] {taskinstance.py:1068} INFO - Starting attempt 2 of 2
[2021-11-29 12:51:29,861] {taskinstance.py:1069} INFO - 
--------------------------------------------------------------------------------
[2021-11-29 12:51:29,879] {taskinstance.py:1087} INFO - Executing <Task(BashOperator): task_3> on 2020-01-26T00:00:00+00:00
[2021-11-29 12:51:29,883] {standard_task_runner.py:52} INFO - Started process 183053 to run task
[2021-11-29 12:51:29,892] {standard_task_runner.py:76} INFO - Running: ['airflow', 'tasks', 'run', 'parallel_dag', 'task_3', '2020-01-26T00:00:00+00:00', '--job-id', '634', '--pool', 'default_pool', '--raw', '--subdir', 'DAGS_FOLDER/parallel_dag.py', '--cfg-path', '/tmp/tmpve_nkbt9', '--error-file', '/tmp/tmp3cz098ah']
[2021-11-29 12:51:29,926] {standard_task_runner.py:77} INFO - Job 634: Subtask task_3
[2021-11-29 12:51:30,141] {logging_mixin.py:104} INFO - Running <TaskInstance: parallel_dag.task_3 2020-01-26T00:00:00+00:00 [running]> on host airflowvm
[2021-11-29 12:51:30,243] {taskinstance.py:1280} INFO - Exporting the following env vars:
AIRFLOW_CTX_DAG_OWNER=airflow
AIRFLOW_CTX_DAG_ID=parallel_dag
AIRFLOW_CTX_TASK_ID=task_3
AIRFLOW_CTX_EXECUTION_DATE=2020-01-26T00:00:00+00:00
AIRFLOW_CTX_DAG_RUN_ID=scheduled__2020-01-26T00:00:00+00:00
[2021-11-29 12:51:30,244] {subprocess.py:52} INFO - Tmp dir root location: 
 /tmp
[2021-11-29 12:51:30,245] {subprocess.py:63} INFO - Running command: ['bash', '-c', 'sleep 3']
[2021-11-29 12:51:30,257] {subprocess.py:75} INFO - Output:
[2021-11-29 12:51:33,263] {subprocess.py:83} INFO - Command exited with return code 0
[2021-11-29 12:51:33,308] {taskinstance.py:1184} INFO - Marking task as SUCCESS. dag_id=parallel_dag, task_id=task_3, execution_date=20200126T000000, start_date=20211129T125129, end_date=20211129T125133
[2021-11-29 12:51:33,353] {taskinstance.py:1245} INFO - 1 downstream tasks scheduled from follow-on schedule check
[2021-11-29 12:51:33,397] {local_task_job.py:151} INFO - Task exited with return code 0
