[2021-12-06 13:52:53,012] {taskinstance.py:876} INFO - Dependencies all met for <TaskInstance: trigger_rule.task_3 2021-12-06T13:52:32.561672+00:00 [queued]>
[2021-12-06 13:52:53,201] {taskinstance.py:876} INFO - Dependencies all met for <TaskInstance: trigger_rule.task_3 2021-12-06T13:52:32.561672+00:00 [queued]>
[2021-12-06 13:52:53,212] {taskinstance.py:1067} INFO - 
--------------------------------------------------------------------------------
[2021-12-06 13:52:53,213] {taskinstance.py:1068} INFO - Starting attempt 1 of 1
[2021-12-06 13:52:53,214] {taskinstance.py:1069} INFO - 
--------------------------------------------------------------------------------
[2021-12-06 13:52:53,459] {taskinstance.py:1087} INFO - Executing <Task(BashOperator): task_3> on 2021-12-06T13:52:32.561672+00:00
[2021-12-06 13:52:53,523] {standard_task_runner.py:52} INFO - Started process 61298 to run task
[2021-12-06 13:52:53,744] {standard_task_runner.py:76} INFO - Running: ['airflow', 'tasks', 'run', 'trigger_rule', 'task_3', '2021-12-06T13:52:32.561672+00:00', '--job-id', '767', '--pool', 'default_pool', '--raw', '--subdir', 'DAGS_FOLDER/trigger_rule.py', '--cfg-path', '/tmp/tmppge12wrm', '--error-file', '/tmp/tmptp8wxquk']
[2021-12-06 13:52:53,774] {standard_task_runner.py:77} INFO - Job 767: Subtask task_3
[2021-12-06 13:52:54,630] {logging_mixin.py:104} INFO - Running <TaskInstance: trigger_rule.task_3 2021-12-06T13:52:32.561672+00:00 [running]> on host airflowvm
[2021-12-06 13:52:55,114] {taskinstance.py:1280} INFO - Exporting the following env vars:
AIRFLOW_CTX_DAG_OWNER=airflow
AIRFLOW_CTX_DAG_ID=trigger_rule
AIRFLOW_CTX_TASK_ID=task_3
AIRFLOW_CTX_EXECUTION_DATE=2021-12-06T13:52:32.561672+00:00
AIRFLOW_CTX_DAG_RUN_ID=manual__2021-12-06T13:52:32.561672+00:00
[2021-12-06 13:52:55,115] {subprocess.py:52} INFO - Tmp dir root location: 
 /tmp
[2021-12-06 13:52:55,136] {subprocess.py:63} INFO - Running command: ['bash', '-c', 'exit 0']
[2021-12-06 13:52:55,227] {subprocess.py:75} INFO - Output:
[2021-12-06 13:52:55,311] {subprocess.py:83} INFO - Command exited with return code 0
[2021-12-06 13:52:55,448] {taskinstance.py:1184} INFO - Marking task as SUCCESS. dag_id=trigger_rule, task_id=task_3, execution_date=20211206T135232, start_date=20211206T135253, end_date=20211206T135255
[2021-12-06 13:52:55,741] {taskinstance.py:1245} INFO - 0 downstream tasks scheduled from follow-on schedule check
[2021-12-06 13:52:55,753] {local_task_job.py:151} INFO - Task exited with return code 0
