[2021-11-28 06:27:32,850] {taskinstance.py:876} INFO - Dependencies all met for <TaskInstance: parallel_dag.task_3 2021-11-27T00:00:00+00:00 [queued]>
[2021-11-28 06:27:33,136] {taskinstance.py:876} INFO - Dependencies all met for <TaskInstance: parallel_dag.task_3 2021-11-27T00:00:00+00:00 [queued]>
[2021-11-28 06:27:33,137] {taskinstance.py:1067} INFO - 
--------------------------------------------------------------------------------
[2021-11-28 06:27:33,149] {taskinstance.py:1068} INFO - Starting attempt 1 of 1
[2021-11-28 06:27:33,150] {taskinstance.py:1069} INFO - 
--------------------------------------------------------------------------------
[2021-11-28 06:27:33,450] {taskinstance.py:1087} INFO - Executing <Task(BashOperator): task_3> on 2021-11-27T00:00:00+00:00
[2021-11-28 06:27:33,560] {standard_task_runner.py:52} INFO - Started process 33819 to run task
[2021-11-28 06:27:33,696] {standard_task_runner.py:76} INFO - Running: ['airflow', 'tasks', 'run', 'parallel_dag', 'task_3', '2021-11-27T00:00:00+00:00', '--job-id', '5', '--pool', 'default_pool', '--raw', '--subdir', 'DAGS_FOLDER/parallel_dag.py', '--cfg-path', '/tmp/tmpd4yhzh4e', '--error-file', '/tmp/tmpwqqo1wxq']
[2021-11-28 06:27:33,794] {standard_task_runner.py:77} INFO - Job 5: Subtask task_3
[2021-11-28 06:27:35,717] {logging_mixin.py:104} INFO - Running <TaskInstance: parallel_dag.task_3 2021-11-27T00:00:00+00:00 [running]> on host airflowvm
[2021-11-28 06:27:40,374] {taskinstance.py:1280} INFO - Exporting the following env vars:
AIRFLOW_CTX_DAG_OWNER=airflow
AIRFLOW_CTX_DAG_ID=parallel_dag
AIRFLOW_CTX_TASK_ID=task_3
AIRFLOW_CTX_EXECUTION_DATE=2021-11-27T00:00:00+00:00
AIRFLOW_CTX_DAG_RUN_ID=scheduled__2021-11-27T00:00:00+00:00
[2021-11-28 06:27:40,392] {subprocess.py:52} INFO - Tmp dir root location: 
 /tmp
[2021-11-28 06:27:40,393] {subprocess.py:63} INFO - Running command: ['bash', '-c', 'sleep 3']
[2021-11-28 06:27:41,273] {subprocess.py:75} INFO - Output:
[2021-11-28 06:27:45,179] {subprocess.py:83} INFO - Command exited with return code 0
[2021-11-28 06:27:47,184] {taskinstance.py:1184} INFO - Marking task as SUCCESS. dag_id=parallel_dag, task_id=task_3, execution_date=20211127T000000, start_date=20211128T062732, end_date=20211128T062747
[2021-11-28 06:27:48,170] {taskinstance.py:1245} INFO - 1 downstream tasks scheduled from follow-on schedule check
[2021-11-28 06:27:48,334] {local_task_job.py:151} INFO - Task exited with return code 0
