[2021-11-24 11:04:41,766] {taskinstance.py:876} INFO - Dependencies all met for <TaskInstance: user_processing.processing_user 2020-01-03T00:00:00+00:00 [queued]>
[2021-11-24 11:04:41,779] {taskinstance.py:876} INFO - Dependencies all met for <TaskInstance: user_processing.processing_user 2020-01-03T00:00:00+00:00 [queued]>
[2021-11-24 11:04:41,780] {taskinstance.py:1067} INFO - 
--------------------------------------------------------------------------------
[2021-11-24 11:04:41,781] {taskinstance.py:1068} INFO - Starting attempt 1 of 1
[2021-11-24 11:04:41,781] {taskinstance.py:1069} INFO - 
--------------------------------------------------------------------------------
[2021-11-24 11:04:41,833] {taskinstance.py:1087} INFO - Executing <Task(PythonOperator): processing_user> on 2020-01-03T00:00:00+00:00
[2021-11-24 11:04:41,840] {standard_task_runner.py:52} INFO - Started process 152093 to run task
[2021-11-24 11:04:41,865] {standard_task_runner.py:76} INFO - Running: ['airflow', 'tasks', 'run', 'user_processing', 'processing_user', '2020-01-03T00:00:00+00:00', '--job-id', '76', '--pool', 'default_pool', '--raw', '--subdir', 'DAGS_FOLDER/user_processing.py', '--cfg-path', '/tmp/tmpjrcjh1jc', '--error-file', '/tmp/tmpyoha8fgv']
[2021-11-24 11:04:41,869] {standard_task_runner.py:77} INFO - Job 76: Subtask processing_user
[2021-11-24 11:04:42,022] {logging_mixin.py:104} INFO - Running <TaskInstance: user_processing.processing_user 2020-01-03T00:00:00+00:00 [running]> on host airflowvm
[2021-11-24 11:04:42,140] {taskinstance.py:1280} INFO - Exporting the following env vars:
AIRFLOW_CTX_DAG_OWNER=airflow
AIRFLOW_CTX_DAG_ID=user_processing
AIRFLOW_CTX_TASK_ID=processing_user
AIRFLOW_CTX_EXECUTION_DATE=2020-01-03T00:00:00+00:00
AIRFLOW_CTX_DAG_RUN_ID=scheduled__2020-01-03T00:00:00+00:00
[2021-11-24 11:04:42,162] {python.py:151} INFO - Done. Returned value was: None
[2021-11-24 11:04:42,166] {taskinstance.py:1184} INFO - Marking task as SUCCESS. dag_id=user_processing, task_id=processing_user, execution_date=20200103T000000, start_date=20211124T110441, end_date=20211124T110442
[2021-11-24 11:04:42,236] {taskinstance.py:1245} INFO - 1 downstream tasks scheduled from follow-on schedule check
[2021-11-24 11:04:42,243] {local_task_job.py:151} INFO - Task exited with return code 0
