[2021-11-29 12:35:46,008] {taskinstance.py:876} INFO - Dependencies all met for <TaskInstance: parallel_dag.task_4 2020-02-28T00:00:00+00:00 [queued]>
[2021-11-29 12:35:46,157] {taskinstance.py:876} INFO - Dependencies all met for <TaskInstance: parallel_dag.task_4 2020-02-28T00:00:00+00:00 [queued]>
[2021-11-29 12:35:46,158] {taskinstance.py:1067} INFO - 
--------------------------------------------------------------------------------
[2021-11-29 12:35:46,159] {taskinstance.py:1068} INFO - Starting attempt 1 of 1
[2021-11-29 12:35:46,169] {taskinstance.py:1069} INFO - 
--------------------------------------------------------------------------------
[2021-11-29 12:35:46,259] {taskinstance.py:1087} INFO - Executing <Task(BashOperator): task_4> on 2020-02-28T00:00:00+00:00
[2021-11-29 12:35:46,301] {standard_task_runner.py:52} INFO - Started process 156801 to run task
[2021-11-29 12:35:46,361] {standard_task_runner.py:76} INFO - Running: ['airflow', 'tasks', 'run', 'parallel_dag', 'task_4', '2020-02-28T00:00:00+00:00', '--job-id', '420', '--pool', 'default_pool', '--raw', '--subdir', 'DAGS_FOLDER/parallel_dag.py', '--cfg-path', '/tmp/tmp2c1bsgdq', '--error-file', '/tmp/tmpxjzm12m3']
[2021-11-29 12:35:46,373] {standard_task_runner.py:77} INFO - Job 420: Subtask task_4
[2021-11-29 12:35:46,906] {logging_mixin.py:104} INFO - Running <TaskInstance: parallel_dag.task_4 2020-02-28T00:00:00+00:00 [running]> on host airflowvm
[2021-11-29 12:35:47,492] {taskinstance.py:1280} INFO - Exporting the following env vars:
AIRFLOW_CTX_DAG_OWNER=airflow
AIRFLOW_CTX_DAG_ID=parallel_dag
AIRFLOW_CTX_TASK_ID=task_4
AIRFLOW_CTX_EXECUTION_DATE=2020-02-28T00:00:00+00:00
AIRFLOW_CTX_DAG_RUN_ID=scheduled__2020-02-28T00:00:00+00:00
[2021-11-29 12:35:47,495] {subprocess.py:52} INFO - Tmp dir root location: 
 /tmp
[2021-11-29 12:35:47,496] {subprocess.py:63} INFO - Running command: ['bash', '-c', 'sleep 3']
[2021-11-29 12:35:47,566] {subprocess.py:75} INFO - Output:
[2021-11-29 12:35:50,744] {subprocess.py:83} INFO - Command exited with return code 0
[2021-11-29 12:35:50,930] {taskinstance.py:1184} INFO - Marking task as SUCCESS. dag_id=parallel_dag, task_id=task_4, execution_date=20200228T000000, start_date=20211129T123546, end_date=20211129T123550
[2021-11-29 12:35:51,133] {taskinstance.py:1245} INFO - 0 downstream tasks scheduled from follow-on schedule check
[2021-11-29 12:35:51,149] {local_task_job.py:151} INFO - Task exited with return code 0
