[2021-11-29 12:17:41,466] {taskinstance.py:876} INFO - Dependencies all met for <TaskInstance: parallel_dag.task_1 2020-01-04T00:00:00+00:00 [queued]>
[2021-11-29 12:17:41,691] {taskinstance.py:876} INFO - Dependencies all met for <TaskInstance: parallel_dag.task_1 2020-01-04T00:00:00+00:00 [queued]>
[2021-11-29 12:17:41,710] {taskinstance.py:1067} INFO - 
--------------------------------------------------------------------------------
[2021-11-29 12:17:41,710] {taskinstance.py:1068} INFO - Starting attempt 1 of 1
[2021-11-29 12:17:41,710] {taskinstance.py:1069} INFO - 
--------------------------------------------------------------------------------
[2021-11-29 12:17:41,822] {taskinstance.py:1087} INFO - Executing <Task(BashOperator): task_1> on 2020-01-04T00:00:00+00:00
[2021-11-29 12:17:41,864] {standard_task_runner.py:52} INFO - Started process 106201 to run task
[2021-11-29 12:17:41,899] {standard_task_runner.py:76} INFO - Running: ['airflow', 'tasks', 'run', 'parallel_dag', 'task_1', '2020-01-04T00:00:00+00:00', '--job-id', '25', '--pool', 'default_pool', '--raw', '--subdir', 'DAGS_FOLDER/parallel_dag.py', '--cfg-path', '/tmp/tmpr2eca6sl', '--error-file', '/tmp/tmpn7ifszff']
[2021-11-29 12:17:41,993] {standard_task_runner.py:77} INFO - Job 25: Subtask task_1
[2021-11-29 12:17:42,708] {logging_mixin.py:104} INFO - Running <TaskInstance: parallel_dag.task_1 2020-01-04T00:00:00+00:00 [running]> on host airflowvm
[2021-11-29 12:17:43,502] {taskinstance.py:1280} INFO - Exporting the following env vars:
AIRFLOW_CTX_DAG_OWNER=airflow
AIRFLOW_CTX_DAG_ID=parallel_dag
AIRFLOW_CTX_TASK_ID=task_1
AIRFLOW_CTX_EXECUTION_DATE=2020-01-04T00:00:00+00:00
AIRFLOW_CTX_DAG_RUN_ID=scheduled__2020-01-04T00:00:00+00:00
[2021-11-29 12:17:43,509] {subprocess.py:52} INFO - Tmp dir root location: 
 /tmp
[2021-11-29 12:17:43,516] {subprocess.py:63} INFO - Running command: ['bash', '-c', 'sleep 3']
[2021-11-29 12:17:43,567] {subprocess.py:75} INFO - Output:
[2021-11-29 12:17:46,641] {subprocess.py:83} INFO - Command exited with return code 0
[2021-11-29 12:17:47,067] {taskinstance.py:1184} INFO - Marking task as SUCCESS. dag_id=parallel_dag, task_id=task_1, execution_date=20200104T000000, start_date=20211129T121741, end_date=20211129T121747
[2021-11-29 12:17:47,528] {local_task_job.py:196} WARNING - State of this instance has been externally set to success. Terminating instance.
[2021-11-29 12:17:47,662] {process_utils.py:100} INFO - Sending Signals.SIGTERM to GPID 106201
[2021-11-29 12:17:49,348] {taskinstance.py:1264} ERROR - Received SIGTERM. Terminating subprocesses.
[2021-11-29 12:17:49,348] {subprocess.py:89} INFO - Sending SIGTERM signal to process group
[2021-11-29 12:17:49,393] {process_utils.py:66} INFO - Process psutil.Process(pid=106201, status='terminated', exitcode=1, started='12:17:41') (106201) terminated with exit code 1
