[2021-11-29 12:50:04,075] {taskinstance.py:876} INFO - Dependencies all met for <TaskInstance: parallel_dag.task_1 2020-01-04T00:00:00+00:00 [queued]>
[2021-11-29 12:50:04,105] {taskinstance.py:876} INFO - Dependencies all met for <TaskInstance: parallel_dag.task_1 2020-01-04T00:00:00+00:00 [queued]>
[2021-11-29 12:50:04,106] {taskinstance.py:1067} INFO - 
--------------------------------------------------------------------------------
[2021-11-29 12:50:04,106] {taskinstance.py:1068} INFO - Starting attempt 4 of 4
[2021-11-29 12:50:04,106] {taskinstance.py:1069} INFO - 
--------------------------------------------------------------------------------
[2021-11-29 12:50:04,120] {taskinstance.py:1087} INFO - Executing <Task(BashOperator): task_1> on 2020-01-04T00:00:00+00:00
[2021-11-29 12:50:04,125] {standard_task_runner.py:52} INFO - Started process 179983 to run task
[2021-11-29 12:50:04,138] {standard_task_runner.py:76} INFO - Running: ['airflow', 'tasks', 'run', 'parallel_dag', 'task_1', '2020-01-04T00:00:00+00:00', '--job-id', '617', '--pool', 'default_pool', '--raw', '--subdir', 'DAGS_FOLDER/parallel_dag.py', '--cfg-path', '/tmp/tmp8h_6h6se', '--error-file', '/tmp/tmpfj4v0tv6']
[2021-11-29 12:50:04,143] {standard_task_runner.py:77} INFO - Job 617: Subtask task_1
[2021-11-29 12:50:04,246] {logging_mixin.py:104} INFO - Running <TaskInstance: parallel_dag.task_1 2020-01-04T00:00:00+00:00 [running]> on host airflowvm
[2021-11-29 12:50:04,383] {taskinstance.py:1280} INFO - Exporting the following env vars:
AIRFLOW_CTX_DAG_OWNER=airflow
AIRFLOW_CTX_DAG_ID=parallel_dag
AIRFLOW_CTX_TASK_ID=task_1
AIRFLOW_CTX_EXECUTION_DATE=2020-01-04T00:00:00+00:00
AIRFLOW_CTX_DAG_RUN_ID=scheduled__2020-01-04T00:00:00+00:00
[2021-11-29 12:50:04,384] {subprocess.py:52} INFO - Tmp dir root location: 
 /tmp
[2021-11-29 12:50:04,385] {subprocess.py:63} INFO - Running command: ['bash', '-c', 'sleep 3']
[2021-11-29 12:50:04,393] {subprocess.py:75} INFO - Output:
[2021-11-29 12:50:07,402] {subprocess.py:83} INFO - Command exited with return code 0
[2021-11-29 12:50:07,512] {taskinstance.py:1184} INFO - Marking task as SUCCESS. dag_id=parallel_dag, task_id=task_1, execution_date=20200104T000000, start_date=20211129T125004, end_date=20211129T125007
[2021-11-29 12:50:07,620] {taskinstance.py:1245} INFO - 0 downstream tasks scheduled from follow-on schedule check
[2021-11-29 12:50:07,646] {local_task_job.py:151} INFO - Task exited with return code 0
