[2021-11-29 12:34:17,385] {taskinstance.py:876} INFO - Dependencies all met for <TaskInstance: parallel_dag.task_2 2020-02-13T00:00:00+00:00 [queued]>
[2021-11-29 12:34:17,776] {taskinstance.py:876} INFO - Dependencies all met for <TaskInstance: parallel_dag.task_2 2020-02-13T00:00:00+00:00 [queued]>
[2021-11-29 12:34:17,776] {taskinstance.py:1067} INFO - 
--------------------------------------------------------------------------------
[2021-11-29 12:34:17,777] {taskinstance.py:1068} INFO - Starting attempt 1 of 1
[2021-11-29 12:34:17,777] {taskinstance.py:1069} INFO - 
--------------------------------------------------------------------------------
[2021-11-29 12:34:17,966] {taskinstance.py:1087} INFO - Executing <Task(BashOperator): task_2> on 2020-02-13T00:00:00+00:00
[2021-11-29 12:34:18,042] {standard_task_runner.py:52} INFO - Started process 151220 to run task
[2021-11-29 12:34:18,156] {standard_task_runner.py:76} INFO - Running: ['airflow', 'tasks', 'run', 'parallel_dag', 'task_2', '2020-02-13T00:00:00+00:00', '--job-id', '353', '--pool', 'default_pool', '--raw', '--subdir', 'DAGS_FOLDER/parallel_dag.py', '--cfg-path', '/tmp/tmpf0gbbap8', '--error-file', '/tmp/tmpwz7287n2']
[2021-11-29 12:34:18,283] {standard_task_runner.py:77} INFO - Job 353: Subtask task_2
[2021-11-29 12:34:18,942] {logging_mixin.py:104} INFO - Running <TaskInstance: parallel_dag.task_2 2020-02-13T00:00:00+00:00 [running]> on host airflowvm
[2021-11-29 12:34:19,761] {taskinstance.py:1280} INFO - Exporting the following env vars:
AIRFLOW_CTX_DAG_OWNER=airflow
AIRFLOW_CTX_DAG_ID=parallel_dag
AIRFLOW_CTX_TASK_ID=task_2
AIRFLOW_CTX_EXECUTION_DATE=2020-02-13T00:00:00+00:00
AIRFLOW_CTX_DAG_RUN_ID=scheduled__2020-02-13T00:00:00+00:00
[2021-11-29 12:34:19,763] {subprocess.py:52} INFO - Tmp dir root location: 
 /tmp
[2021-11-29 12:34:19,786] {subprocess.py:63} INFO - Running command: ['bash', '-c', 'sleep 3']
[2021-11-29 12:34:19,874] {subprocess.py:75} INFO - Output:
[2021-11-29 12:34:22,960] {subprocess.py:83} INFO - Command exited with return code 0
[2021-11-29 12:34:23,262] {taskinstance.py:1184} INFO - Marking task as SUCCESS. dag_id=parallel_dag, task_id=task_2, execution_date=20200213T000000, start_date=20211129T123417, end_date=20211129T123423
[2021-11-29 12:34:23,549] {local_task_job.py:196} WARNING - State of this instance has been externally set to success. Terminating instance.
[2021-11-29 12:34:23,555] {process_utils.py:100} INFO - Sending Signals.SIGTERM to GPID 151220
[2021-11-29 12:34:23,928] {taskinstance.py:1264} ERROR - Received SIGTERM. Terminating subprocesses.
[2021-11-29 12:34:23,928] {subprocess.py:89} INFO - Sending SIGTERM signal to process group
[2021-11-29 12:34:23,975] {process_utils.py:66} INFO - Process psutil.Process(pid=151220, status='terminated', exitcode=1, started='12:34:17') (151220) terminated with exit code 1
