[2021-11-28 06:27:56,760] {taskinstance.py:876} INFO - Dependencies all met for <TaskInstance: parallel_dag.task_3 2021-11-28T06:27:19.516989+00:00 [queued]>
[2021-11-28 06:27:57,155] {taskinstance.py:876} INFO - Dependencies all met for <TaskInstance: parallel_dag.task_3 2021-11-28T06:27:19.516989+00:00 [queued]>
[2021-11-28 06:27:57,155] {taskinstance.py:1067} INFO - 
--------------------------------------------------------------------------------
[2021-11-28 06:27:57,156] {taskinstance.py:1068} INFO - Starting attempt 1 of 1
[2021-11-28 06:27:57,170] {taskinstance.py:1069} INFO - 
--------------------------------------------------------------------------------
[2021-11-28 06:27:57,355] {taskinstance.py:1087} INFO - Executing <Task(BashOperator): task_3> on 2021-11-28T06:27:19.516989+00:00
[2021-11-28 06:27:57,441] {standard_task_runner.py:52} INFO - Started process 34669 to run task
[2021-11-28 06:27:57,728] {standard_task_runner.py:76} INFO - Running: ['airflow', 'tasks', 'run', 'parallel_dag', 'task_3', '2021-11-28T06:27:19.516989+00:00', '--job-id', '7', '--pool', 'default_pool', '--raw', '--subdir', 'DAGS_FOLDER/parallel_dag.py', '--cfg-path', '/tmp/tmpx7zrw7qv', '--error-file', '/tmp/tmpgc5ybv1q']
[2021-11-28 06:27:57,767] {standard_task_runner.py:77} INFO - Job 7: Subtask task_3
[2021-11-28 06:27:59,633] {logging_mixin.py:104} INFO - Running <TaskInstance: parallel_dag.task_3 2021-11-28T06:27:19.516989+00:00 [running]> on host airflowvm
[2021-11-28 06:28:01,078] {taskinstance.py:1280} INFO - Exporting the following env vars:
AIRFLOW_CTX_DAG_OWNER=airflow
AIRFLOW_CTX_DAG_ID=parallel_dag
AIRFLOW_CTX_TASK_ID=task_3
AIRFLOW_CTX_EXECUTION_DATE=2021-11-28T06:27:19.516989+00:00
AIRFLOW_CTX_DAG_RUN_ID=manual__2021-11-28T06:27:19.516989+00:00
[2021-11-28 06:28:01,081] {subprocess.py:52} INFO - Tmp dir root location: 
 /tmp
[2021-11-28 06:28:01,107] {subprocess.py:63} INFO - Running command: ['bash', '-c', 'sleep 3']
[2021-11-28 06:28:01,209] {subprocess.py:75} INFO - Output:
[2021-11-28 06:28:04,368] {subprocess.py:83} INFO - Command exited with return code 0
[2021-11-28 06:28:04,987] {taskinstance.py:1184} INFO - Marking task as SUCCESS. dag_id=parallel_dag, task_id=task_3, execution_date=20211128T062719, start_date=20211128T062756, end_date=20211128T062804
[2021-11-28 06:28:06,282] {taskinstance.py:1245} INFO - 0 downstream tasks scheduled from follow-on schedule check
[2021-11-28 06:28:06,434] {local_task_job.py:151} INFO - Task exited with return code 0
