[2021-11-29 12:37:50,297] {taskinstance.py:876} INFO - Dependencies all met for <TaskInstance: parallel_dag.task_1 2020-03-27T00:00:00+00:00 [queued]>
[2021-11-29 12:37:50,501] {taskinstance.py:876} INFO - Dependencies all met for <TaskInstance: parallel_dag.task_1 2020-03-27T00:00:00+00:00 [queued]>
[2021-11-29 12:37:50,502] {taskinstance.py:1067} INFO - 
--------------------------------------------------------------------------------
[2021-11-29 12:37:50,502] {taskinstance.py:1068} INFO - Starting attempt 1 of 1
[2021-11-29 12:37:50,502] {taskinstance.py:1069} INFO - 
--------------------------------------------------------------------------------
[2021-11-29 12:37:50,663] {taskinstance.py:1087} INFO - Executing <Task(BashOperator): task_1> on 2020-03-27T00:00:00+00:00
[2021-11-29 12:37:50,741] {standard_task_runner.py:76} INFO - Running: ['airflow', 'tasks', 'run', 'parallel_dag', 'task_1', '2020-03-27T00:00:00+00:00', '--job-id', '503', '--pool', 'default_pool', '--raw', '--subdir', 'DAGS_FOLDER/parallel_dag.py', '--cfg-path', '/tmp/tmpqhi5d8b4', '--error-file', '/tmp/tmp3afu_zq4']
[2021-11-29 12:37:50,742] {standard_task_runner.py:52} INFO - Started process 164227 to run task
[2021-11-29 12:37:50,868] {standard_task_runner.py:77} INFO - Job 503: Subtask task_1
[2021-11-29 12:37:51,613] {logging_mixin.py:104} INFO - Running <TaskInstance: parallel_dag.task_1 2020-03-27T00:00:00+00:00 [running]> on host airflowvm
[2021-11-29 12:37:52,615] {taskinstance.py:1280} INFO - Exporting the following env vars:
AIRFLOW_CTX_DAG_OWNER=airflow
AIRFLOW_CTX_DAG_ID=parallel_dag
AIRFLOW_CTX_TASK_ID=task_1
AIRFLOW_CTX_EXECUTION_DATE=2020-03-27T00:00:00+00:00
AIRFLOW_CTX_DAG_RUN_ID=scheduled__2020-03-27T00:00:00+00:00
[2021-11-29 12:37:52,616] {subprocess.py:52} INFO - Tmp dir root location: 
 /tmp
[2021-11-29 12:37:52,617] {subprocess.py:63} INFO - Running command: ['bash', '-c', 'sleep 3']
[2021-11-29 12:37:52,854] {subprocess.py:75} INFO - Output:
[2021-11-29 12:37:56,093] {subprocess.py:83} INFO - Command exited with return code 0
[2021-11-29 12:37:56,655] {taskinstance.py:1184} INFO - Marking task as SUCCESS. dag_id=parallel_dag, task_id=task_1, execution_date=20200327T000000, start_date=20211129T123750, end_date=20211129T123756
[2021-11-29 12:37:58,338] {taskinstance.py:1245} INFO - 2 downstream tasks scheduled from follow-on schedule check
[2021-11-29 12:37:58,357] {local_task_job.py:151} INFO - Task exited with return code 0
