[2021-11-29 12:22:46,268] {taskinstance.py:876} INFO - Dependencies all met for <TaskInstance: parallel_dag.task_2 2020-01-01T00:00:00+00:00 [queued]>
[2021-11-29 12:22:46,288] {taskinstance.py:876} INFO - Dependencies all met for <TaskInstance: parallel_dag.task_2 2020-01-01T00:00:00+00:00 [queued]>
[2021-11-29 12:22:46,289] {taskinstance.py:1067} INFO - 
--------------------------------------------------------------------------------
[2021-11-29 12:22:46,289] {taskinstance.py:1068} INFO - Starting attempt 2 of 2
[2021-11-29 12:22:46,289] {taskinstance.py:1069} INFO - 
--------------------------------------------------------------------------------
[2021-11-29 12:22:46,300] {taskinstance.py:1087} INFO - Executing <Task(BashOperator): task_2> on 2020-01-01T00:00:00+00:00
[2021-11-29 12:22:46,303] {standard_task_runner.py:52} INFO - Started process 118847 to run task
[2021-11-29 12:22:46,311] {standard_task_runner.py:76} INFO - Running: ['airflow', 'tasks', 'run', 'parallel_dag', 'task_2', '2020-01-01T00:00:00+00:00', '--job-id', '111', '--pool', 'default_pool', '--raw', '--subdir', 'DAGS_FOLDER/parallel_dag.py', '--cfg-path', '/tmp/tmp4k9rmx39', '--error-file', '/tmp/tmp2gr564u5']
[2021-11-29 12:22:46,312] {standard_task_runner.py:77} INFO - Job 111: Subtask task_2
[2021-11-29 12:22:46,400] {logging_mixin.py:104} INFO - Running <TaskInstance: parallel_dag.task_2 2020-01-01T00:00:00+00:00 [running]> on host airflowvm
[2021-11-29 12:22:46,493] {taskinstance.py:1280} INFO - Exporting the following env vars:
AIRFLOW_CTX_DAG_OWNER=airflow
AIRFLOW_CTX_DAG_ID=parallel_dag
AIRFLOW_CTX_TASK_ID=task_2
AIRFLOW_CTX_EXECUTION_DATE=2020-01-01T00:00:00+00:00
AIRFLOW_CTX_DAG_RUN_ID=scheduled__2020-01-01T00:00:00+00:00
[2021-11-29 12:22:46,494] {subprocess.py:52} INFO - Tmp dir root location: 
 /tmp
[2021-11-29 12:22:46,494] {subprocess.py:63} INFO - Running command: ['bash', '-c', 'sleep 3']
[2021-11-29 12:22:46,503] {subprocess.py:75} INFO - Output:
[2021-11-29 12:22:49,511] {subprocess.py:83} INFO - Command exited with return code 0
[2021-11-29 12:22:49,566] {taskinstance.py:1184} INFO - Marking task as SUCCESS. dag_id=parallel_dag, task_id=task_2, execution_date=20200101T000000, start_date=20211129T122246, end_date=20211129T122249
[2021-11-29 12:22:49,602] {taskinstance.py:1245} INFO - 0 downstream tasks scheduled from follow-on schedule check
[2021-11-29 12:22:49,624] {local_task_job.py:151} INFO - Task exited with return code 0
