[2021-11-29 12:32:18,177] {taskinstance.py:876} INFO - Dependencies all met for <TaskInstance: parallel_dag.task_2 2020-01-01T00:00:00+00:00 [queued]>
[2021-11-29 12:32:18,743] {taskinstance.py:876} INFO - Dependencies all met for <TaskInstance: parallel_dag.task_2 2020-01-01T00:00:00+00:00 [queued]>
[2021-11-29 12:32:18,744] {taskinstance.py:1067} INFO - 
--------------------------------------------------------------------------------
[2021-11-29 12:32:18,744] {taskinstance.py:1068} INFO - Starting attempt 3 of 3
[2021-11-29 12:32:18,775] {taskinstance.py:1069} INFO - 
--------------------------------------------------------------------------------
[2021-11-29 12:32:19,105] {taskinstance.py:1087} INFO - Executing <Task(BashOperator): task_2> on 2020-01-01T00:00:00+00:00
[2021-11-29 12:32:19,197] {standard_task_runner.py:52} INFO - Started process 143789 to run task
[2021-11-29 12:32:19,290] {standard_task_runner.py:76} INFO - Running: ['airflow', 'tasks', 'run', 'parallel_dag', 'task_2', '2020-01-01T00:00:00+00:00', '--job-id', '265', '--pool', 'default_pool', '--raw', '--subdir', 'DAGS_FOLDER/parallel_dag.py', '--cfg-path', '/tmp/tmp07d778x1', '--error-file', '/tmp/tmpxq09lxuy']
[2021-11-29 12:32:19,406] {standard_task_runner.py:77} INFO - Job 265: Subtask task_2
[2021-11-29 12:32:20,246] {logging_mixin.py:104} INFO - Running <TaskInstance: parallel_dag.task_2 2020-01-01T00:00:00+00:00 [running]> on host airflowvm
[2021-11-29 12:32:21,346] {taskinstance.py:1280} INFO - Exporting the following env vars:
AIRFLOW_CTX_DAG_OWNER=airflow
AIRFLOW_CTX_DAG_ID=parallel_dag
AIRFLOW_CTX_TASK_ID=task_2
AIRFLOW_CTX_EXECUTION_DATE=2020-01-01T00:00:00+00:00
AIRFLOW_CTX_DAG_RUN_ID=scheduled__2020-01-01T00:00:00+00:00
[2021-11-29 12:32:21,370] {subprocess.py:52} INFO - Tmp dir root location: 
 /tmp
[2021-11-29 12:32:21,371] {subprocess.py:63} INFO - Running command: ['bash', '-c', 'sleep 3']
[2021-11-29 12:32:21,498] {subprocess.py:75} INFO - Output:
[2021-11-29 12:32:24,701] {subprocess.py:83} INFO - Command exited with return code 0
[2021-11-29 12:32:25,161] {taskinstance.py:1184} INFO - Marking task as SUCCESS. dag_id=parallel_dag, task_id=task_2, execution_date=20200101T000000, start_date=20211129T123218, end_date=20211129T123225
[2021-11-29 12:32:25,938] {taskinstance.py:1245} INFO - 1 downstream tasks scheduled from follow-on schedule check
[2021-11-29 12:32:26,078] {local_task_job.py:151} INFO - Task exited with return code 0
