[2021-11-29 12:36:59,040] {taskinstance.py:876} INFO - Dependencies all met for <TaskInstance: parallel_dag.task_3 2020-03-14T00:00:00+00:00 [queued]>
[2021-11-29 12:36:59,575] {taskinstance.py:876} INFO - Dependencies all met for <TaskInstance: parallel_dag.task_3 2020-03-14T00:00:00+00:00 [queued]>
[2021-11-29 12:36:59,594] {taskinstance.py:1067} INFO - 
--------------------------------------------------------------------------------
[2021-11-29 12:36:59,594] {taskinstance.py:1068} INFO - Starting attempt 1 of 1
[2021-11-29 12:36:59,594] {taskinstance.py:1069} INFO - 
--------------------------------------------------------------------------------
[2021-11-29 12:36:59,787] {taskinstance.py:1087} INFO - Executing <Task(BashOperator): task_3> on 2020-03-14T00:00:00+00:00
[2021-11-29 12:36:59,832] {standard_task_runner.py:52} INFO - Started process 161103 to run task
[2021-11-29 12:36:59,946] {standard_task_runner.py:76} INFO - Running: ['airflow', 'tasks', 'run', 'parallel_dag', 'task_3', '2020-03-14T00:00:00+00:00', '--job-id', '473', '--pool', 'default_pool', '--raw', '--subdir', 'DAGS_FOLDER/parallel_dag.py', '--cfg-path', '/tmp/tmpvq6cbvvy', '--error-file', '/tmp/tmpmsjff_jy']
[2021-11-29 12:37:00,025] {standard_task_runner.py:77} INFO - Job 473: Subtask task_3
[2021-11-29 12:37:01,296] {logging_mixin.py:104} INFO - Running <TaskInstance: parallel_dag.task_3 2020-03-14T00:00:00+00:00 [running]> on host airflowvm
[2021-11-29 12:37:02,556] {taskinstance.py:1280} INFO - Exporting the following env vars:
AIRFLOW_CTX_DAG_OWNER=airflow
AIRFLOW_CTX_DAG_ID=parallel_dag
AIRFLOW_CTX_TASK_ID=task_3
AIRFLOW_CTX_EXECUTION_DATE=2020-03-14T00:00:00+00:00
AIRFLOW_CTX_DAG_RUN_ID=scheduled__2020-03-14T00:00:00+00:00
[2021-11-29 12:37:02,556] {subprocess.py:52} INFO - Tmp dir root location: 
 /tmp
[2021-11-29 12:37:02,557] {subprocess.py:63} INFO - Running command: ['bash', '-c', 'sleep 3']
[2021-11-29 12:37:02,662] {subprocess.py:75} INFO - Output:
[2021-11-29 12:37:05,781] {subprocess.py:83} INFO - Command exited with return code 0
[2021-11-29 12:37:06,299] {taskinstance.py:1184} INFO - Marking task as SUCCESS. dag_id=parallel_dag, task_id=task_3, execution_date=20200314T000000, start_date=20211129T123659, end_date=20211129T123706
[2021-11-29 12:37:07,793] {taskinstance.py:1245} INFO - 0 downstream tasks scheduled from follow-on schedule check
[2021-11-29 12:37:07,836] {local_task_job.py:151} INFO - Task exited with return code 0
