[2021-11-20 12:19:49,939] {taskinstance.py:896} INFO - Dependencies all met for <TaskInstance: example_bash_operator.runme_2 2021-11-18T00:00:00+00:00 [queued]>
[2021-11-20 12:19:49,947] {taskinstance.py:896} INFO - Dependencies all met for <TaskInstance: example_bash_operator.runme_2 2021-11-18T00:00:00+00:00 [queued]>
[2021-11-20 12:19:49,947] {taskinstance.py:1087} INFO - 
--------------------------------------------------------------------------------
[2021-11-20 12:19:49,947] {taskinstance.py:1088} INFO - Starting attempt 1 of 1
[2021-11-20 12:19:49,947] {taskinstance.py:1089} INFO - 
--------------------------------------------------------------------------------
[2021-11-20 12:19:49,965] {taskinstance.py:1107} INFO - Executing <Task(BashOperator): runme_2> on 2021-11-18T00:00:00+00:00
[2021-11-20 12:19:49,967] {standard_task_runner.py:52} INFO - Started process 6689 to run task
[2021-11-20 12:19:49,975] {standard_task_runner.py:76} INFO - Running: ['airflow', 'tasks', 'run', 'example_bash_operator', 'runme_2', '2021-11-18T00:00:00+00:00', '--job-id', '4', '--pool', 'default_pool', '--raw', '--subdir', '/home/airflow/sandbox/lib/python3.8/site-packages/airflow/example_dags/example_bash_operator.py', '--cfg-path', '/tmp/tmp445av5ra', '--error-file', '/tmp/tmpu_10ob90']
[2021-11-20 12:19:49,976] {standard_task_runner.py:77} INFO - Job 4: Subtask runme_2
[2021-11-20 12:19:50,042] {logging_mixin.py:104} INFO - Running <TaskInstance: example_bash_operator.runme_2 2021-11-18T00:00:00+00:00 [running]> on host airflowvm
[2021-11-20 12:19:50,181] {taskinstance.py:1300} INFO - Exporting the following env vars:
AIRFLOW_CTX_DAG_OWNER=airflow
AIRFLOW_CTX_DAG_ID=example_bash_operator
AIRFLOW_CTX_TASK_ID=runme_2
AIRFLOW_CTX_EXECUTION_DATE=2021-11-18T00:00:00+00:00
AIRFLOW_CTX_DAG_RUN_ID=scheduled__2021-11-18T00:00:00+00:00
[2021-11-20 12:19:50,181] {subprocess.py:52} INFO - Tmp dir root location: 
 /tmp
[2021-11-20 12:19:50,181] {subprocess.py:63} INFO - Running command: ['bash', '-c', 'echo "example_bash_operator__runme_2__20211118" && sleep 1']
[2021-11-20 12:19:50,186] {subprocess.py:75} INFO - Output:
[2021-11-20 12:19:50,188] {subprocess.py:79} INFO - example_bash_operator__runme_2__20211118
[2021-11-20 12:19:51,190] {subprocess.py:83} INFO - Command exited with return code 0
[2021-11-20 12:19:51,209] {taskinstance.py:1204} INFO - Marking task as SUCCESS. dag_id=example_bash_operator, task_id=runme_2, execution_date=20211118T000000, start_date=20211120T121949, end_date=20211120T121951
[2021-11-20 12:19:51,237] {taskinstance.py:1265} INFO - 1 downstream tasks scheduled from follow-on schedule check
[2021-11-20 12:19:51,271] {local_task_job.py:151} INFO - Task exited with return code 0
