[2021-11-29 12:38:46,359] {taskinstance.py:876} INFO - Dependencies all met for <TaskInstance: parallel_dag.task_3 2020-04-04T00:00:00+00:00 [queued]>
[2021-11-29 12:38:46,621] {taskinstance.py:876} INFO - Dependencies all met for <TaskInstance: parallel_dag.task_3 2020-04-04T00:00:00+00:00 [queued]>
[2021-11-29 12:38:46,636] {taskinstance.py:1067} INFO - 
--------------------------------------------------------------------------------
[2021-11-29 12:38:46,638] {taskinstance.py:1068} INFO - Starting attempt 1 of 1
[2021-11-29 12:38:46,638] {taskinstance.py:1069} INFO - 
--------------------------------------------------------------------------------
[2021-11-29 12:38:46,845] {taskinstance.py:1087} INFO - Executing <Task(BashOperator): task_3> on 2020-04-04T00:00:00+00:00
[2021-11-29 12:38:46,937] {standard_task_runner.py:52} INFO - Started process 167625 to run task
[2021-11-29 12:38:47,028] {standard_task_runner.py:76} INFO - Running: ['airflow', 'tasks', 'run', 'parallel_dag', 'task_3', '2020-04-04T00:00:00+00:00', '--job-id', '553', '--pool', 'default_pool', '--raw', '--subdir', 'DAGS_FOLDER/parallel_dag.py', '--cfg-path', '/tmp/tmpw7f9xhi4', '--error-file', '/tmp/tmpbmg24obt']
[2021-11-29 12:38:47,029] {standard_task_runner.py:77} INFO - Job 553: Subtask task_3
[2021-11-29 12:38:47,898] {logging_mixin.py:104} INFO - Running <TaskInstance: parallel_dag.task_3 2020-04-04T00:00:00+00:00 [running]> on host airflowvm
[2021-11-29 12:38:48,724] {taskinstance.py:1280} INFO - Exporting the following env vars:
AIRFLOW_CTX_DAG_OWNER=airflow
AIRFLOW_CTX_DAG_ID=parallel_dag
AIRFLOW_CTX_TASK_ID=task_3
AIRFLOW_CTX_EXECUTION_DATE=2020-04-04T00:00:00+00:00
AIRFLOW_CTX_DAG_RUN_ID=scheduled__2020-04-04T00:00:00+00:00
[2021-11-29 12:38:48,745] {subprocess.py:52} INFO - Tmp dir root location: 
 /tmp
[2021-11-29 12:38:48,764] {subprocess.py:63} INFO - Running command: ['bash', '-c', 'sleep 3']
[2021-11-29 12:38:48,823] {subprocess.py:75} INFO - Output:
[2021-11-29 12:38:51,925] {subprocess.py:83} INFO - Command exited with return code 0
[2021-11-29 12:38:52,273] {taskinstance.py:1184} INFO - Marking task as SUCCESS. dag_id=parallel_dag, task_id=task_3, execution_date=20200404T000000, start_date=20211129T123846, end_date=20211129T123852
[2021-11-29 12:38:52,602] {taskinstance.py:1245} INFO - 1 downstream tasks scheduled from follow-on schedule check
[2021-11-29 12:38:52,621] {local_task_job.py:151} INFO - Task exited with return code 0
