[2021-11-29 12:24:19,963] {taskinstance.py:876} INFO - Dependencies all met for <TaskInstance: parallel_dag.task_3 2020-01-10T00:00:00+00:00 [queued]>
[2021-11-29 12:24:19,979] {taskinstance.py:876} INFO - Dependencies all met for <TaskInstance: parallel_dag.task_3 2020-01-10T00:00:00+00:00 [queued]>
[2021-11-29 12:24:19,980] {taskinstance.py:1067} INFO - 
--------------------------------------------------------------------------------
[2021-11-29 12:24:19,980] {taskinstance.py:1068} INFO - Starting attempt 2 of 2
[2021-11-29 12:24:19,981] {taskinstance.py:1069} INFO - 
--------------------------------------------------------------------------------
[2021-11-29 12:24:19,989] {taskinstance.py:1087} INFO - Executing <Task(BashOperator): task_3> on 2020-01-10T00:00:00+00:00
[2021-11-29 12:24:19,995] {standard_task_runner.py:52} INFO - Started process 122858 to run task
[2021-11-29 12:24:20,005] {standard_task_runner.py:76} INFO - Running: ['airflow', 'tasks', 'run', 'parallel_dag', 'task_3', '2020-01-10T00:00:00+00:00', '--job-id', '130', '--pool', 'default_pool', '--raw', '--subdir', 'DAGS_FOLDER/parallel_dag.py', '--cfg-path', '/tmp/tmp9r9i6vfl', '--error-file', '/tmp/tmpi1dquvey']
[2021-11-29 12:24:20,006] {standard_task_runner.py:77} INFO - Job 130: Subtask task_3
[2021-11-29 12:24:20,091] {logging_mixin.py:104} INFO - Running <TaskInstance: parallel_dag.task_3 2020-01-10T00:00:00+00:00 [running]> on host airflowvm
[2021-11-29 12:24:20,185] {taskinstance.py:1280} INFO - Exporting the following env vars:
AIRFLOW_CTX_DAG_OWNER=airflow
AIRFLOW_CTX_DAG_ID=parallel_dag
AIRFLOW_CTX_TASK_ID=task_3
AIRFLOW_CTX_EXECUTION_DATE=2020-01-10T00:00:00+00:00
AIRFLOW_CTX_DAG_RUN_ID=scheduled__2020-01-10T00:00:00+00:00
[2021-11-29 12:24:20,186] {subprocess.py:52} INFO - Tmp dir root location: 
 /tmp
[2021-11-29 12:24:20,187] {subprocess.py:63} INFO - Running command: ['bash', '-c', 'sleep 3']
[2021-11-29 12:24:20,195] {subprocess.py:75} INFO - Output:
[2021-11-29 12:24:23,199] {subprocess.py:83} INFO - Command exited with return code 0
[2021-11-29 12:24:23,291] {taskinstance.py:1184} INFO - Marking task as SUCCESS. dag_id=parallel_dag, task_id=task_3, execution_date=20200110T000000, start_date=20211129T122419, end_date=20211129T122423
[2021-11-29 12:24:23,360] {taskinstance.py:1245} INFO - 1 downstream tasks scheduled from follow-on schedule check
[2021-11-29 12:24:23,382] {local_task_job.py:151} INFO - Task exited with return code 0
