[2021-11-29 12:37:53,468] {taskinstance.py:876} INFO - Dependencies all met for <TaskInstance: parallel_dag.task_2 2020-03-21T00:00:00+00:00 [queued]>
[2021-11-29 12:37:53,731] {taskinstance.py:876} INFO - Dependencies all met for <TaskInstance: parallel_dag.task_2 2020-03-21T00:00:00+00:00 [queued]>
[2021-11-29 12:37:53,745] {taskinstance.py:1067} INFO - 
--------------------------------------------------------------------------------
[2021-11-29 12:37:53,746] {taskinstance.py:1068} INFO - Starting attempt 1 of 1
[2021-11-29 12:37:53,746] {taskinstance.py:1069} INFO - 
--------------------------------------------------------------------------------
[2021-11-29 12:37:53,952] {taskinstance.py:1087} INFO - Executing <Task(BashOperator): task_2> on 2020-03-21T00:00:00+00:00
[2021-11-29 12:37:54,077] {standard_task_runner.py:52} INFO - Started process 164379 to run task
[2021-11-29 12:37:54,105] {standard_task_runner.py:76} INFO - Running: ['airflow', 'tasks', 'run', 'parallel_dag', 'task_2', '2020-03-21T00:00:00+00:00', '--job-id', '507', '--pool', 'default_pool', '--raw', '--subdir', 'DAGS_FOLDER/parallel_dag.py', '--cfg-path', '/tmp/tmp9x5o9szu', '--error-file', '/tmp/tmppnmli170']
[2021-11-29 12:37:54,263] {standard_task_runner.py:77} INFO - Job 507: Subtask task_2
[2021-11-29 12:37:55,370] {logging_mixin.py:104} INFO - Running <TaskInstance: parallel_dag.task_2 2020-03-21T00:00:00+00:00 [running]> on host airflowvm
[2021-11-29 12:37:56,784] {taskinstance.py:1280} INFO - Exporting the following env vars:
AIRFLOW_CTX_DAG_OWNER=airflow
AIRFLOW_CTX_DAG_ID=parallel_dag
AIRFLOW_CTX_TASK_ID=task_2
AIRFLOW_CTX_EXECUTION_DATE=2020-03-21T00:00:00+00:00
AIRFLOW_CTX_DAG_RUN_ID=scheduled__2020-03-21T00:00:00+00:00
[2021-11-29 12:37:56,786] {subprocess.py:52} INFO - Tmp dir root location: 
 /tmp
[2021-11-29 12:37:56,849] {subprocess.py:63} INFO - Running command: ['bash', '-c', 'sleep 3']
[2021-11-29 12:37:57,126] {subprocess.py:75} INFO - Output:
[2021-11-29 12:38:00,526] {subprocess.py:83} INFO - Command exited with return code 0
[2021-11-29 12:38:01,322] {taskinstance.py:1184} INFO - Marking task as SUCCESS. dag_id=parallel_dag, task_id=task_2, execution_date=20200321T000000, start_date=20211129T123753, end_date=20211129T123801
[2021-11-29 12:38:03,561] {taskinstance.py:1245} INFO - 0 downstream tasks scheduled from follow-on schedule check
[2021-11-29 12:38:03,604] {local_task_job.py:151} INFO - Task exited with return code 0
