[2021-12-06 12:22:24,588] {taskinstance.py:876} INFO - Dependencies all met for <TaskInstance: xcom_dag.choose_best_model 2021-12-06T12:21:49.694572+00:00 [queued]>
[2021-12-06 12:22:24,914] {taskinstance.py:876} INFO - Dependencies all met for <TaskInstance: xcom_dag.choose_best_model 2021-12-06T12:21:49.694572+00:00 [queued]>
[2021-12-06 12:22:24,917] {taskinstance.py:1067} INFO - 
--------------------------------------------------------------------------------
[2021-12-06 12:22:24,922] {taskinstance.py:1068} INFO - Starting attempt 1 of 1
[2021-12-06 12:22:24,942] {taskinstance.py:1069} INFO - 
--------------------------------------------------------------------------------
[2021-12-06 12:22:25,097] {taskinstance.py:1087} INFO - Executing <Task(BranchPythonOperator): choose_best_model> on 2021-12-06T12:21:49.694572+00:00
[2021-12-06 12:22:25,137] {standard_task_runner.py:52} INFO - Started process 34536 to run task
[2021-12-06 12:22:25,209] {standard_task_runner.py:76} INFO - Running: ['airflow', 'tasks', 'run', 'xcom_dag', 'choose_best_model', '2021-12-06T12:21:49.694572+00:00', '--job-id', '742', '--pool', 'default_pool', '--raw', '--subdir', 'DAGS_FOLDER/xcom_dag.py', '--cfg-path', '/tmp/tmpi16q4bmp', '--error-file', '/tmp/tmpu3a1e7rb']
[2021-12-06 12:22:25,211] {standard_task_runner.py:77} INFO - Job 742: Subtask choose_best_model
[2021-12-06 12:22:25,697] {logging_mixin.py:104} INFO - Running <TaskInstance: xcom_dag.choose_best_model 2021-12-06T12:21:49.694572+00:00 [running]> on host airflowvm
[2021-12-06 12:22:26,692] {taskinstance.py:1280} INFO - Exporting the following env vars:
AIRFLOW_CTX_DAG_OWNER=airflow
AIRFLOW_CTX_DAG_ID=xcom_dag
AIRFLOW_CTX_TASK_ID=choose_best_model
AIRFLOW_CTX_EXECUTION_DATE=2021-12-06T12:21:49.694572+00:00
AIRFLOW_CTX_DAG_RUN_ID=manual__2021-12-06T12:21:49.694572+00:00
[2021-12-06 12:22:26,694] {logging_mixin.py:104} INFO - choose best model
[2021-12-06 12:22:26,969] {python.py:151} INFO - Done. Returned value was: accurate
[2021-12-06 12:22:27,005] {skipmixin.py:124} INFO - Following branch accurate
[2021-12-06 12:22:27,205] {skipmixin.py:155} INFO - Skipping tasks ['inaccurate']
[2021-12-06 12:22:27,923] {taskinstance.py:1184} INFO - Marking task as SUCCESS. dag_id=xcom_dag, task_id=choose_best_model, execution_date=20211206T122149, start_date=20211206T122224, end_date=20211206T122227
[2021-12-06 12:22:28,244] {taskinstance.py:1245} INFO - 1 downstream tasks scheduled from follow-on schedule check
[2021-12-06 12:22:28,253] {local_task_job.py:151} INFO - Task exited with return code 0
