[2021-12-06 13:51:50,315] {taskinstance.py:876} INFO - Dependencies all met for <TaskInstance: trigger_rule.task_3 2021-12-06T13:51:41.111099+00:00 [queued]>
[2021-12-06 13:51:50,522] {taskinstance.py:876} INFO - Dependencies all met for <TaskInstance: trigger_rule.task_3 2021-12-06T13:51:41.111099+00:00 [queued]>
[2021-12-06 13:51:50,526] {taskinstance.py:1067} INFO - 
--------------------------------------------------------------------------------
[2021-12-06 13:51:50,531] {taskinstance.py:1068} INFO - Starting attempt 1 of 1
[2021-12-06 13:51:50,541] {taskinstance.py:1069} INFO - 
--------------------------------------------------------------------------------
[2021-12-06 13:51:50,637] {taskinstance.py:1087} INFO - Executing <Task(BashOperator): task_3> on 2021-12-06T13:51:41.111099+00:00
[2021-12-06 13:51:50,682] {standard_task_runner.py:52} INFO - Started process 60159 to run task
[2021-12-06 13:51:50,719] {standard_task_runner.py:76} INFO - Running: ['airflow', 'tasks', 'run', 'trigger_rule', 'task_3', '2021-12-06T13:51:41.111099+00:00', '--job-id', '764', '--pool', 'default_pool', '--raw', '--subdir', 'DAGS_FOLDER/trigger_rule.py', '--cfg-path', '/tmp/tmpfk4t0_1v', '--error-file', '/tmp/tmpagzltx0g']
[2021-12-06 13:51:50,738] {standard_task_runner.py:77} INFO - Job 764: Subtask task_3
[2021-12-06 13:51:51,098] {logging_mixin.py:104} INFO - Running <TaskInstance: trigger_rule.task_3 2021-12-06T13:51:41.111099+00:00 [running]> on host airflowvm
[2021-12-06 13:51:51,551] {taskinstance.py:1280} INFO - Exporting the following env vars:
AIRFLOW_CTX_DAG_OWNER=airflow
AIRFLOW_CTX_DAG_ID=trigger_rule
AIRFLOW_CTX_TASK_ID=task_3
AIRFLOW_CTX_EXECUTION_DATE=2021-12-06T13:51:41.111099+00:00
AIRFLOW_CTX_DAG_RUN_ID=manual__2021-12-06T13:51:41.111099+00:00
[2021-12-06 13:51:51,556] {subprocess.py:52} INFO - Tmp dir root location: 
 /tmp
[2021-12-06 13:51:51,559] {subprocess.py:63} INFO - Running command: ['bash', '-c', 'exit 0']
[2021-12-06 13:51:51,601] {subprocess.py:75} INFO - Output:
[2021-12-06 13:51:51,641] {subprocess.py:83} INFO - Command exited with return code 0
[2021-12-06 13:51:51,728] {taskinstance.py:1184} INFO - Marking task as SUCCESS. dag_id=trigger_rule, task_id=task_3, execution_date=20211206T135141, start_date=20211206T135150, end_date=20211206T135151
[2021-12-06 13:51:51,882] {taskinstance.py:1245} INFO - 0 downstream tasks scheduled from follow-on schedule check
[2021-12-06 13:51:51,929] {local_task_job.py:151} INFO - Task exited with return code 0
