[2021-11-29 12:54:37,885] {taskinstance.py:876} INFO - Dependencies all met for <TaskInstance: parallel_dag.task_2 2021-11-29T12:54:28.713220+00:00 [queued]>
[2021-11-29 12:54:38,033] {taskinstance.py:876} INFO - Dependencies all met for <TaskInstance: parallel_dag.task_2 2021-11-29T12:54:28.713220+00:00 [queued]>
[2021-11-29 12:54:38,033] {taskinstance.py:1067} INFO - 
--------------------------------------------------------------------------------
[2021-11-29 12:54:38,034] {taskinstance.py:1068} INFO - Starting attempt 1 of 1
[2021-11-29 12:54:38,044] {taskinstance.py:1069} INFO - 
--------------------------------------------------------------------------------
[2021-11-29 12:54:38,101] {taskinstance.py:1087} INFO - Executing <Task(BashOperator): task_2> on 2021-11-29T12:54:28.713220+00:00
[2021-11-29 12:54:38,103] {standard_task_runner.py:52} INFO - Started process 188992 to run task
[2021-11-29 12:54:38,127] {standard_task_runner.py:76} INFO - Running: ['airflow', 'tasks', 'run', 'parallel_dag', 'task_2', '2021-11-29T12:54:28.713220+00:00', '--job-id', '671', '--pool', 'default_pool', '--raw', '--subdir', 'DAGS_FOLDER/parallel_dag.py', '--cfg-path', '/tmp/tmp9edl8xpy', '--error-file', '/tmp/tmpfunfonfe']
[2021-11-29 12:54:38,175] {standard_task_runner.py:77} INFO - Job 671: Subtask task_2
[2021-11-29 12:54:38,470] {logging_mixin.py:104} INFO - Running <TaskInstance: parallel_dag.task_2 2021-11-29T12:54:28.713220+00:00 [running]> on host airflowvm
[2021-11-29 12:54:38,807] {taskinstance.py:1280} INFO - Exporting the following env vars:
AIRFLOW_CTX_DAG_OWNER=airflow
AIRFLOW_CTX_DAG_ID=parallel_dag
AIRFLOW_CTX_TASK_ID=task_2
AIRFLOW_CTX_EXECUTION_DATE=2021-11-29T12:54:28.713220+00:00
AIRFLOW_CTX_DAG_RUN_ID=manual__2021-11-29T12:54:28.713220+00:00
[2021-11-29 12:54:38,808] {subprocess.py:52} INFO - Tmp dir root location: 
 /tmp
[2021-11-29 12:54:38,809] {subprocess.py:63} INFO - Running command: ['bash', '-c', 'sleep 3']
[2021-11-29 12:54:38,865] {subprocess.py:75} INFO - Output:
[2021-11-29 12:54:41,901] {subprocess.py:83} INFO - Command exited with return code 0
[2021-11-29 12:54:42,050] {taskinstance.py:1184} INFO - Marking task as SUCCESS. dag_id=parallel_dag, task_id=task_2, execution_date=20211129T125428, start_date=20211129T125437, end_date=20211129T125442
[2021-11-29 12:54:42,212] {taskinstance.py:1245} INFO - 1 downstream tasks scheduled from follow-on schedule check
[2021-11-29 12:54:42,254] {local_task_job.py:151} INFO - Task exited with return code 0
