[2021-11-29 12:33:14,116] {taskinstance.py:876} INFO - Dependencies all met for <TaskInstance: parallel_dag.task_3 2020-01-16T00:00:00+00:00 [queued]>
[2021-11-29 12:33:14,370] {taskinstance.py:876} INFO - Dependencies all met for <TaskInstance: parallel_dag.task_3 2020-01-16T00:00:00+00:00 [queued]>
[2021-11-29 12:33:14,371] {taskinstance.py:1067} INFO - 
--------------------------------------------------------------------------------
[2021-11-29 12:33:14,378] {taskinstance.py:1068} INFO - Starting attempt 3 of 3
[2021-11-29 12:33:14,378] {taskinstance.py:1069} INFO - 
--------------------------------------------------------------------------------
[2021-11-29 12:33:14,485] {taskinstance.py:1087} INFO - Executing <Task(BashOperator): task_3> on 2020-01-16T00:00:00+00:00
[2021-11-29 12:33:14,527] {standard_task_runner.py:76} INFO - Running: ['airflow', 'tasks', 'run', 'parallel_dag', 'task_3', '2020-01-16T00:00:00+00:00', '--job-id', '310', '--pool', 'default_pool', '--raw', '--subdir', 'DAGS_FOLDER/parallel_dag.py', '--cfg-path', '/tmp/tmpkssnzf8_', '--error-file', '/tmp/tmpldpcfugy']
[2021-11-29 12:33:14,541] {standard_task_runner.py:52} INFO - Started process 147315 to run task
[2021-11-29 12:33:14,603] {standard_task_runner.py:77} INFO - Job 310: Subtask task_3
[2021-11-29 12:33:15,457] {logging_mixin.py:104} INFO - Running <TaskInstance: parallel_dag.task_3 2020-01-16T00:00:00+00:00 [running]> on host airflowvm
[2021-11-29 12:33:16,140] {taskinstance.py:1280} INFO - Exporting the following env vars:
AIRFLOW_CTX_DAG_OWNER=airflow
AIRFLOW_CTX_DAG_ID=parallel_dag
AIRFLOW_CTX_TASK_ID=task_3
AIRFLOW_CTX_EXECUTION_DATE=2020-01-16T00:00:00+00:00
AIRFLOW_CTX_DAG_RUN_ID=scheduled__2020-01-16T00:00:00+00:00
[2021-11-29 12:33:16,141] {subprocess.py:52} INFO - Tmp dir root location: 
 /tmp
[2021-11-29 12:33:16,148] {subprocess.py:63} INFO - Running command: ['bash', '-c', 'sleep 3']
[2021-11-29 12:33:16,262] {subprocess.py:75} INFO - Output:
[2021-11-29 12:33:19,482] {subprocess.py:83} INFO - Command exited with return code 0
[2021-11-29 12:33:19,777] {taskinstance.py:1184} INFO - Marking task as SUCCESS. dag_id=parallel_dag, task_id=task_3, execution_date=20200116T000000, start_date=20211129T123314, end_date=20211129T123319
[2021-11-29 12:33:20,106] {taskinstance.py:1245} INFO - 0 downstream tasks scheduled from follow-on schedule check
[2021-11-29 12:33:20,193] {local_task_job.py:151} INFO - Task exited with return code 0
