[2021-11-29 12:18:41,926] {taskinstance.py:876} INFO - Dependencies all met for <TaskInstance: parallel_dag.task_4 2020-01-04T00:00:00+00:00 [queued]>
[2021-11-29 12:18:43,001] {taskinstance.py:876} INFO - Dependencies all met for <TaskInstance: parallel_dag.task_4 2020-01-04T00:00:00+00:00 [queued]>
[2021-11-29 12:18:43,001] {taskinstance.py:1067} INFO - 
--------------------------------------------------------------------------------
[2021-11-29 12:18:43,001] {taskinstance.py:1068} INFO - Starting attempt 1 of 1
[2021-11-29 12:18:43,001] {taskinstance.py:1069} INFO - 
--------------------------------------------------------------------------------
[2021-11-29 12:18:43,749] {taskinstance.py:1087} INFO - Executing <Task(BashOperator): task_4> on 2020-01-04T00:00:00+00:00
[2021-11-29 12:18:43,915] {standard_task_runner.py:52} INFO - Started process 109776 to run task
[2021-11-29 12:18:44,001] {standard_task_runner.py:76} INFO - Running: ['airflow', 'tasks', 'run', 'parallel_dag', 'task_4', '2020-01-04T00:00:00+00:00', '--job-id', '63', '--pool', 'default_pool', '--raw', '--subdir', 'DAGS_FOLDER/parallel_dag.py', '--cfg-path', '/tmp/tmp7u1jh3hd', '--error-file', '/tmp/tmpmpk9o48e']
[2021-11-29 12:18:44,002] {standard_task_runner.py:77} INFO - Job 63: Subtask task_4
[2021-11-29 12:18:46,636] {logging_mixin.py:104} INFO - Running <TaskInstance: parallel_dag.task_4 2020-01-04T00:00:00+00:00 [running]> on host airflowvm
[2021-11-29 12:18:48,614] {taskinstance.py:1280} INFO - Exporting the following env vars:
AIRFLOW_CTX_DAG_OWNER=airflow
AIRFLOW_CTX_DAG_ID=parallel_dag
AIRFLOW_CTX_TASK_ID=task_4
AIRFLOW_CTX_EXECUTION_DATE=2020-01-04T00:00:00+00:00
AIRFLOW_CTX_DAG_RUN_ID=scheduled__2020-01-04T00:00:00+00:00
[2021-11-29 12:18:48,615] {subprocess.py:52} INFO - Tmp dir root location: 
 /tmp
[2021-11-29 12:18:48,615] {subprocess.py:63} INFO - Running command: ['bash', '-c', 'sleep 3']
[2021-11-29 12:18:48,794] {subprocess.py:75} INFO - Output:
[2021-11-29 12:18:51,902] {subprocess.py:83} INFO - Command exited with return code 0
[2021-11-29 12:18:52,522] {taskinstance.py:1184} INFO - Marking task as SUCCESS. dag_id=parallel_dag, task_id=task_4, execution_date=20200104T000000, start_date=20211129T121841, end_date=20211129T121852
[2021-11-29 12:18:54,233] {taskinstance.py:1245} INFO - 0 downstream tasks scheduled from follow-on schedule check
[2021-11-29 12:18:54,288] {local_task_job.py:151} INFO - Task exited with return code 0
