[2021-11-29 12:32:59,849] {taskinstance.py:876} INFO - Dependencies all met for <TaskInstance: parallel_dag.task_4 2020-01-04T00:00:00+00:00 [queued]>
[2021-11-29 12:33:00,375] {taskinstance.py:876} INFO - Dependencies all met for <TaskInstance: parallel_dag.task_4 2020-01-04T00:00:00+00:00 [queued]>
[2021-11-29 12:33:00,376] {taskinstance.py:1067} INFO - 
--------------------------------------------------------------------------------
[2021-11-29 12:33:00,376] {taskinstance.py:1068} INFO - Starting attempt 3 of 3
[2021-11-29 12:33:00,377] {taskinstance.py:1069} INFO - 
--------------------------------------------------------------------------------
[2021-11-29 12:33:00,695] {taskinstance.py:1087} INFO - Executing <Task(BashOperator): task_4> on 2020-01-04T00:00:00+00:00
[2021-11-29 12:33:00,739] {standard_task_runner.py:76} INFO - Running: ['airflow', 'tasks', 'run', 'parallel_dag', 'task_4', '2020-01-04T00:00:00+00:00', '--job-id', '298', '--pool', 'default_pool', '--raw', '--subdir', 'DAGS_FOLDER/parallel_dag.py', '--cfg-path', '/tmp/tmpm3za33ni', '--error-file', '/tmp/tmpv0cix606']
[2021-11-29 12:33:00,750] {standard_task_runner.py:52} INFO - Started process 146374 to run task
[2021-11-29 12:33:00,923] {standard_task_runner.py:77} INFO - Job 298: Subtask task_4
[2021-11-29 12:33:02,395] {logging_mixin.py:104} INFO - Running <TaskInstance: parallel_dag.task_4 2020-01-04T00:00:00+00:00 [running]> on host airflowvm
[2021-11-29 12:33:03,782] {taskinstance.py:1280} INFO - Exporting the following env vars:
AIRFLOW_CTX_DAG_OWNER=airflow
AIRFLOW_CTX_DAG_ID=parallel_dag
AIRFLOW_CTX_TASK_ID=task_4
AIRFLOW_CTX_EXECUTION_DATE=2020-01-04T00:00:00+00:00
AIRFLOW_CTX_DAG_RUN_ID=scheduled__2020-01-04T00:00:00+00:00
[2021-11-29 12:33:03,783] {subprocess.py:52} INFO - Tmp dir root location: 
 /tmp
[2021-11-29 12:33:03,784] {subprocess.py:63} INFO - Running command: ['bash', '-c', 'sleep 3']
[2021-11-29 12:33:03,930] {subprocess.py:75} INFO - Output:
[2021-11-29 12:33:07,053] {subprocess.py:83} INFO - Command exited with return code 0
[2021-11-29 12:33:07,745] {taskinstance.py:1184} INFO - Marking task as SUCCESS. dag_id=parallel_dag, task_id=task_4, execution_date=20200104T000000, start_date=20211129T123259, end_date=20211129T123307
[2021-11-29 12:33:10,217] {taskinstance.py:1245} INFO - 0 downstream tasks scheduled from follow-on schedule check
[2021-11-29 12:33:10,239] {local_task_job.py:151} INFO - Task exited with return code 0
