[2021-12-06 10:20:27,446] {taskinstance.py:876} INFO - Dependencies all met for <TaskInstance: parallel_dag.processing_tasks.task_2 2021-12-05T00:00:00+00:00 [queued]>
[2021-12-06 10:20:27,518] {taskinstance.py:876} INFO - Dependencies all met for <TaskInstance: parallel_dag.processing_tasks.task_2 2021-12-05T00:00:00+00:00 [queued]>
[2021-12-06 10:20:27,521] {taskinstance.py:1067} INFO - 
--------------------------------------------------------------------------------
[2021-12-06 10:20:27,522] {taskinstance.py:1068} INFO - Starting attempt 1 of 1
[2021-12-06 10:20:27,524] {taskinstance.py:1069} INFO - 
--------------------------------------------------------------------------------
[2021-12-06 10:20:27,566] {taskinstance.py:1087} INFO - Executing <Task(BashOperator): processing_tasks.task_2> on 2021-12-05T00:00:00+00:00
[2021-12-06 10:20:27,576] {standard_task_runner.py:52} INFO - Started process 7327 to run task
[2021-12-06 10:20:27,661] {standard_task_runner.py:76} INFO - Running: ['airflow', 'tasks', 'run', 'parallel_dag', 'processing_tasks.task_2', '2021-12-05T00:00:00+00:00', '--job-id', '703', '--pool', 'default_pool', '--raw', '--subdir', 'DAGS_FOLDER/parallel_dag.py', '--cfg-path', '/tmp/tmpabh3iase', '--error-file', '/tmp/tmpu2q1vx7f']
[2021-12-06 10:20:27,670] {standard_task_runner.py:77} INFO - Job 703: Subtask processing_tasks.task_2
[2021-12-06 10:20:28,290] {logging_mixin.py:104} INFO - Running <TaskInstance: parallel_dag.processing_tasks.task_2 2021-12-05T00:00:00+00:00 [running]> on host airflowvm
[2021-12-06 10:20:28,889] {taskinstance.py:1280} INFO - Exporting the following env vars:
AIRFLOW_CTX_DAG_OWNER=airflow
AIRFLOW_CTX_DAG_ID=parallel_dag
AIRFLOW_CTX_TASK_ID=processing_tasks.task_2
AIRFLOW_CTX_EXECUTION_DATE=2021-12-05T00:00:00+00:00
AIRFLOW_CTX_DAG_RUN_ID=scheduled__2021-12-05T00:00:00+00:00
[2021-12-06 10:20:28,891] {subprocess.py:52} INFO - Tmp dir root location: 
 /tmp
[2021-12-06 10:20:28,897] {subprocess.py:63} INFO - Running command: ['bash', '-c', 'sleep 3']
[2021-12-06 10:20:28,919] {subprocess.py:75} INFO - Output:
[2021-12-06 10:20:31,953] {subprocess.py:83} INFO - Command exited with return code 0
[2021-12-06 10:20:32,072] {taskinstance.py:1184} INFO - Marking task as SUCCESS. dag_id=parallel_dag, task_id=processing_tasks.task_2, execution_date=20211205T000000, start_date=20211206T102027, end_date=20211206T102032
[2021-12-06 10:20:32,156] {taskinstance.py:1245} INFO - 1 downstream tasks scheduled from follow-on schedule check
[2021-12-06 10:20:32,179] {local_task_job.py:151} INFO - Task exited with return code 0
