[2021-11-29 12:35:16,612] {taskinstance.py:876} INFO - Dependencies all met for <TaskInstance: parallel_dag.task_3 2020-02-25T00:00:00+00:00 [queued]>
[2021-11-29 12:35:16,943] {taskinstance.py:876} INFO - Dependencies all met for <TaskInstance: parallel_dag.task_3 2020-02-25T00:00:00+00:00 [queued]>
[2021-11-29 12:35:17,010] {taskinstance.py:1067} INFO - 
--------------------------------------------------------------------------------
[2021-11-29 12:35:17,051] {taskinstance.py:1068} INFO - Starting attempt 1 of 1
[2021-11-29 12:35:17,051] {taskinstance.py:1069} INFO - 
--------------------------------------------------------------------------------
[2021-11-29 12:35:17,238] {taskinstance.py:1087} INFO - Executing <Task(BashOperator): task_3> on 2020-02-25T00:00:00+00:00
[2021-11-29 12:35:17,363] {standard_task_runner.py:52} INFO - Started process 154846 to run task
[2021-11-29 12:35:17,413] {standard_task_runner.py:76} INFO - Running: ['airflow', 'tasks', 'run', 'parallel_dag', 'task_3', '2020-02-25T00:00:00+00:00', '--job-id', '400', '--pool', 'default_pool', '--raw', '--subdir', 'DAGS_FOLDER/parallel_dag.py', '--cfg-path', '/tmp/tmp5q991lkg', '--error-file', '/tmp/tmp27j19e0i']
[2021-11-29 12:35:17,565] {standard_task_runner.py:77} INFO - Job 400: Subtask task_3
[2021-11-29 12:35:18,769] {logging_mixin.py:104} INFO - Running <TaskInstance: parallel_dag.task_3 2020-02-25T00:00:00+00:00 [running]> on host airflowvm
[2021-11-29 12:35:19,803] {taskinstance.py:1280} INFO - Exporting the following env vars:
AIRFLOW_CTX_DAG_OWNER=airflow
AIRFLOW_CTX_DAG_ID=parallel_dag
AIRFLOW_CTX_TASK_ID=task_3
AIRFLOW_CTX_EXECUTION_DATE=2020-02-25T00:00:00+00:00
AIRFLOW_CTX_DAG_RUN_ID=scheduled__2020-02-25T00:00:00+00:00
[2021-11-29 12:35:19,804] {subprocess.py:52} INFO - Tmp dir root location: 
 /tmp
[2021-11-29 12:35:19,805] {subprocess.py:63} INFO - Running command: ['bash', '-c', 'sleep 3']
[2021-11-29 12:35:19,904] {subprocess.py:75} INFO - Output:
[2021-11-29 12:35:23,084] {subprocess.py:83} INFO - Command exited with return code 0
[2021-11-29 12:35:23,858] {taskinstance.py:1184} INFO - Marking task as SUCCESS. dag_id=parallel_dag, task_id=task_3, execution_date=20200225T000000, start_date=20211129T123516, end_date=20211129T123523
[2021-11-29 12:35:26,510] {taskinstance.py:1245} INFO - 0 downstream tasks scheduled from follow-on schedule check
[2021-11-29 12:35:26,542] {local_task_job.py:151} INFO - Task exited with return code 0
