[2021-11-21 15:39:03,479] {scheduler_job.py:182} INFO - Started process (PID=2900) to work on /home/airflow/sandbox/lib/python3.8/site-packages/airflow/example_dags/example_task_group.py
[2021-11-21 15:39:03,490] {scheduler_job.py:633} INFO - Processing file /home/airflow/sandbox/lib/python3.8/site-packages/airflow/example_dags/example_task_group.py for tasks to queue
[2021-11-21 15:39:03,499] {logging_mixin.py:104} INFO - [2021-11-21 15:39:03,499] {dagbag.py:487} INFO - Filling up the DagBag from /home/airflow/sandbox/lib/python3.8/site-packages/airflow/example_dags/example_task_group.py
[2021-11-21 15:39:03,526] {scheduler_job.py:643} INFO - DAG(s) dict_keys(['example_task_group']) retrieved from /home/airflow/sandbox/lib/python3.8/site-packages/airflow/example_dags/example_task_group.py
[2021-11-21 15:39:04,278] {logging_mixin.py:104} INFO - [2021-11-21 15:39:04,277] {dag.py:1832} INFO - Sync 1 DAGs
[2021-11-21 15:39:04,309] {logging_mixin.py:104} INFO - [2021-11-21 15:39:04,309] {dag.py:2305} INFO - Setting next_dagrun for example_task_group to 2021-11-19 00:00:00+00:00
[2021-11-21 15:39:04,380] {scheduler_job.py:190} INFO - Processing /home/airflow/sandbox/lib/python3.8/site-packages/airflow/example_dags/example_task_group.py took 0.905 seconds
[2021-11-21 15:44:12,717] {scheduler_job.py:182} INFO - Started process (PID=3775) to work on /home/airflow/sandbox/lib/python3.8/site-packages/airflow/example_dags/example_task_group.py
[2021-11-21 15:44:12,768] {scheduler_job.py:633} INFO - Processing file /home/airflow/sandbox/lib/python3.8/site-packages/airflow/example_dags/example_task_group.py for tasks to queue
[2021-11-21 15:44:12,769] {logging_mixin.py:104} INFO - [2021-11-21 15:44:12,769] {dagbag.py:487} INFO - Filling up the DagBag from /home/airflow/sandbox/lib/python3.8/site-packages/airflow/example_dags/example_task_group.py
[2021-11-21 15:44:13,302] {scheduler_job.py:643} INFO - DAG(s) dict_keys(['example_task_group']) retrieved from /home/airflow/sandbox/lib/python3.8/site-packages/airflow/example_dags/example_task_group.py
[2021-11-21 15:44:14,750] {logging_mixin.py:104} INFO - [2021-11-21 15:44:14,750] {dag.py:1832} INFO - Sync 1 DAGs
[2021-11-21 15:44:14,779] {logging_mixin.py:104} INFO - [2021-11-21 15:44:14,779] {dag.py:2305} INFO - Setting next_dagrun for example_task_group to 2021-11-19 00:00:00+00:00
[2021-11-21 15:44:14,846] {scheduler_job.py:190} INFO - Processing /home/airflow/sandbox/lib/python3.8/site-packages/airflow/example_dags/example_task_group.py took 2.189 seconds
[2021-11-21 15:45:08,439] {scheduler_job.py:182} INFO - Started process (PID=3867) to work on /home/airflow/sandbox/lib/python3.8/site-packages/airflow/example_dags/example_task_group.py
[2021-11-21 15:45:08,446] {scheduler_job.py:633} INFO - Processing file /home/airflow/sandbox/lib/python3.8/site-packages/airflow/example_dags/example_task_group.py for tasks to queue
[2021-11-21 15:45:08,447] {logging_mixin.py:104} INFO - [2021-11-21 15:45:08,447] {dagbag.py:487} INFO - Filling up the DagBag from /home/airflow/sandbox/lib/python3.8/site-packages/airflow/example_dags/example_task_group.py
[2021-11-21 15:45:08,485] {scheduler_job.py:643} INFO - DAG(s) dict_keys(['example_task_group']) retrieved from /home/airflow/sandbox/lib/python3.8/site-packages/airflow/example_dags/example_task_group.py
[2021-11-21 15:45:08,527] {logging_mixin.py:104} INFO - [2021-11-21 15:45:08,527] {dag.py:1832} INFO - Sync 1 DAGs
[2021-11-21 15:45:08,557] {logging_mixin.py:104} INFO - [2021-11-21 15:45:08,557] {dag.py:2305} INFO - Setting next_dagrun for example_task_group to 2021-11-19 00:00:00+00:00
[2021-11-21 15:45:08,634] {scheduler_job.py:190} INFO - Processing /home/airflow/sandbox/lib/python3.8/site-packages/airflow/example_dags/example_task_group.py took 0.204 seconds
[2021-11-21 15:45:57,666] {scheduler_job.py:182} INFO - Started process (PID=3900) to work on /home/airflow/sandbox/lib/python3.8/site-packages/airflow/example_dags/example_task_group.py
[2021-11-21 15:45:57,700] {scheduler_job.py:633} INFO - Processing file /home/airflow/sandbox/lib/python3.8/site-packages/airflow/example_dags/example_task_group.py for tasks to queue
[2021-11-21 15:45:57,711] {logging_mixin.py:104} INFO - [2021-11-21 15:45:57,702] {dagbag.py:487} INFO - Filling up the DagBag from /home/airflow/sandbox/lib/python3.8/site-packages/airflow/example_dags/example_task_group.py
[2021-11-21 15:45:57,889] {scheduler_job.py:643} INFO - DAG(s) dict_keys(['example_task_group']) retrieved from /home/airflow/sandbox/lib/python3.8/site-packages/airflow/example_dags/example_task_group.py
[2021-11-21 15:45:58,014] {logging_mixin.py:104} INFO - [2021-11-21 15:45:58,013] {dag.py:1832} INFO - Sync 1 DAGs
[2021-11-21 15:45:58,145] {logging_mixin.py:104} INFO - [2021-11-21 15:45:58,145] {dag.py:2305} INFO - Setting next_dagrun for example_task_group to 2021-11-19 00:00:00+00:00
[2021-11-21 15:45:58,291] {scheduler_job.py:190} INFO - Processing /home/airflow/sandbox/lib/python3.8/site-packages/airflow/example_dags/example_task_group.py took 0.644 seconds
[2021-11-21 15:46:50,788] {scheduler_job.py:182} INFO - Started process (PID=3990) to work on /home/airflow/sandbox/lib/python3.8/site-packages/airflow/example_dags/example_task_group.py
[2021-11-21 15:46:50,796] {scheduler_job.py:633} INFO - Processing file /home/airflow/sandbox/lib/python3.8/site-packages/airflow/example_dags/example_task_group.py for tasks to queue
[2021-11-21 15:46:50,797] {logging_mixin.py:104} INFO - [2021-11-21 15:46:50,797] {dagbag.py:487} INFO - Filling up the DagBag from /home/airflow/sandbox/lib/python3.8/site-packages/airflow/example_dags/example_task_group.py
[2021-11-21 15:46:50,919] {scheduler_job.py:643} INFO - DAG(s) dict_keys(['example_task_group']) retrieved from /home/airflow/sandbox/lib/python3.8/site-packages/airflow/example_dags/example_task_group.py
[2021-11-21 15:46:51,008] {logging_mixin.py:104} INFO - [2021-11-21 15:46:51,007] {dag.py:1832} INFO - Sync 1 DAGs
[2021-11-21 15:46:51,106] {logging_mixin.py:104} INFO - [2021-11-21 15:46:51,105] {dag.py:2305} INFO - Setting next_dagrun for example_task_group to 2021-11-19 00:00:00+00:00
[2021-11-21 15:46:51,174] {scheduler_job.py:190} INFO - Processing /home/airflow/sandbox/lib/python3.8/site-packages/airflow/example_dags/example_task_group.py took 0.400 seconds
[2021-11-21 15:47:47,152] {scheduler_job.py:182} INFO - Started process (PID=4020) to work on /home/airflow/sandbox/lib/python3.8/site-packages/airflow/example_dags/example_task_group.py
[2021-11-21 15:47:47,159] {scheduler_job.py:633} INFO - Processing file /home/airflow/sandbox/lib/python3.8/site-packages/airflow/example_dags/example_task_group.py for tasks to queue
[2021-11-21 15:47:47,161] {logging_mixin.py:104} INFO - [2021-11-21 15:47:47,161] {dagbag.py:487} INFO - Filling up the DagBag from /home/airflow/sandbox/lib/python3.8/site-packages/airflow/example_dags/example_task_group.py
[2021-11-21 15:47:47,313] {scheduler_job.py:643} INFO - DAG(s) dict_keys(['example_task_group']) retrieved from /home/airflow/sandbox/lib/python3.8/site-packages/airflow/example_dags/example_task_group.py
[2021-11-21 15:47:47,414] {logging_mixin.py:104} INFO - [2021-11-21 15:47:47,413] {dag.py:1832} INFO - Sync 1 DAGs
[2021-11-21 15:47:47,513] {logging_mixin.py:104} INFO - [2021-11-21 15:47:47,513] {dag.py:2305} INFO - Setting next_dagrun for example_task_group to 2021-11-19 00:00:00+00:00
[2021-11-21 15:47:47,651] {scheduler_job.py:190} INFO - Processing /home/airflow/sandbox/lib/python3.8/site-packages/airflow/example_dags/example_task_group.py took 0.514 seconds
[2021-11-21 15:48:50,742] {scheduler_job.py:182} INFO - Started process (PID=4097) to work on /home/airflow/sandbox/lib/python3.8/site-packages/airflow/example_dags/example_task_group.py
[2021-11-21 15:48:50,766] {scheduler_job.py:633} INFO - Processing file /home/airflow/sandbox/lib/python3.8/site-packages/airflow/example_dags/example_task_group.py for tasks to queue
[2021-11-21 15:48:50,770] {logging_mixin.py:104} INFO - [2021-11-21 15:48:50,769] {dagbag.py:487} INFO - Filling up the DagBag from /home/airflow/sandbox/lib/python3.8/site-packages/airflow/example_dags/example_task_group.py
[2021-11-21 15:48:50,929] {scheduler_job.py:643} INFO - DAG(s) dict_keys(['example_task_group']) retrieved from /home/airflow/sandbox/lib/python3.8/site-packages/airflow/example_dags/example_task_group.py
[2021-11-21 15:48:51,059] {logging_mixin.py:104} INFO - [2021-11-21 15:48:51,059] {dag.py:1832} INFO - Sync 1 DAGs
[2021-11-21 15:48:51,186] {logging_mixin.py:104} INFO - [2021-11-21 15:48:51,186] {dag.py:2305} INFO - Setting next_dagrun for example_task_group to 2021-11-19 00:00:00+00:00
[2021-11-21 15:48:51,357] {scheduler_job.py:190} INFO - Processing /home/airflow/sandbox/lib/python3.8/site-packages/airflow/example_dags/example_task_group.py took 0.635 seconds
[2021-11-21 15:49:54,148] {scheduler_job.py:182} INFO - Started process (PID=4240) to work on /home/airflow/sandbox/lib/python3.8/site-packages/airflow/example_dags/example_task_group.py
[2021-11-21 15:49:54,169] {scheduler_job.py:633} INFO - Processing file /home/airflow/sandbox/lib/python3.8/site-packages/airflow/example_dags/example_task_group.py for tasks to queue
[2021-11-21 15:49:54,170] {logging_mixin.py:104} INFO - [2021-11-21 15:49:54,170] {dagbag.py:487} INFO - Filling up the DagBag from /home/airflow/sandbox/lib/python3.8/site-packages/airflow/example_dags/example_task_group.py
[2021-11-21 15:49:54,338] {scheduler_job.py:643} INFO - DAG(s) dict_keys(['example_task_group']) retrieved from /home/airflow/sandbox/lib/python3.8/site-packages/airflow/example_dags/example_task_group.py
[2021-11-21 15:49:54,438] {logging_mixin.py:104} INFO - [2021-11-21 15:49:54,438] {dag.py:1832} INFO - Sync 1 DAGs
[2021-11-21 15:49:54,540] {logging_mixin.py:104} INFO - [2021-11-21 15:49:54,540] {dag.py:2305} INFO - Setting next_dagrun for example_task_group to 2021-11-19 00:00:00+00:00
[2021-11-21 15:49:54,635] {scheduler_job.py:190} INFO - Processing /home/airflow/sandbox/lib/python3.8/site-packages/airflow/example_dags/example_task_group.py took 0.507 seconds
[2021-11-21 15:50:58,819] {scheduler_job.py:182} INFO - Started process (PID=4433) to work on /home/airflow/sandbox/lib/python3.8/site-packages/airflow/example_dags/example_task_group.py
[2021-11-21 15:50:58,825] {scheduler_job.py:633} INFO - Processing file /home/airflow/sandbox/lib/python3.8/site-packages/airflow/example_dags/example_task_group.py for tasks to queue
[2021-11-21 15:50:58,826] {logging_mixin.py:104} INFO - [2021-11-21 15:50:58,826] {dagbag.py:487} INFO - Filling up the DagBag from /home/airflow/sandbox/lib/python3.8/site-packages/airflow/example_dags/example_task_group.py
[2021-11-21 15:50:58,865] {scheduler_job.py:643} INFO - DAG(s) dict_keys(['example_task_group']) retrieved from /home/airflow/sandbox/lib/python3.8/site-packages/airflow/example_dags/example_task_group.py
[2021-11-21 15:50:58,925] {logging_mixin.py:104} INFO - [2021-11-21 15:50:58,925] {dag.py:1832} INFO - Sync 1 DAGs
[2021-11-21 15:50:59,020] {logging_mixin.py:104} INFO - [2021-11-21 15:50:59,019] {dag.py:2305} INFO - Setting next_dagrun for example_task_group to 2021-11-19 00:00:00+00:00
[2021-11-21 15:50:59,146] {scheduler_job.py:190} INFO - Processing /home/airflow/sandbox/lib/python3.8/site-packages/airflow/example_dags/example_task_group.py took 0.331 seconds
[2021-11-21 15:52:02,330] {scheduler_job.py:182} INFO - Started process (PID=4527) to work on /home/airflow/sandbox/lib/python3.8/site-packages/airflow/example_dags/example_task_group.py
[2021-11-21 15:52:02,338] {scheduler_job.py:633} INFO - Processing file /home/airflow/sandbox/lib/python3.8/site-packages/airflow/example_dags/example_task_group.py for tasks to queue
[2021-11-21 15:52:02,341] {logging_mixin.py:104} INFO - [2021-11-21 15:52:02,340] {dagbag.py:487} INFO - Filling up the DagBag from /home/airflow/sandbox/lib/python3.8/site-packages/airflow/example_dags/example_task_group.py
[2021-11-21 15:52:02,529] {scheduler_job.py:643} INFO - DAG(s) dict_keys(['example_task_group']) retrieved from /home/airflow/sandbox/lib/python3.8/site-packages/airflow/example_dags/example_task_group.py
[2021-11-21 15:52:02,666] {logging_mixin.py:104} INFO - [2021-11-21 15:52:02,666] {dag.py:1832} INFO - Sync 1 DAGs
[2021-11-21 15:52:02,783] {logging_mixin.py:104} INFO - [2021-11-21 15:52:02,782] {dag.py:2305} INFO - Setting next_dagrun for example_task_group to 2021-11-19 00:00:00+00:00
[2021-11-21 15:52:02,978] {scheduler_job.py:190} INFO - Processing /home/airflow/sandbox/lib/python3.8/site-packages/airflow/example_dags/example_task_group.py took 0.662 seconds
[2021-11-21 15:53:01,322] {scheduler_job.py:182} INFO - Started process (PID=4655) to work on /home/airflow/sandbox/lib/python3.8/site-packages/airflow/example_dags/example_task_group.py
[2021-11-21 15:53:01,343] {scheduler_job.py:633} INFO - Processing file /home/airflow/sandbox/lib/python3.8/site-packages/airflow/example_dags/example_task_group.py for tasks to queue
[2021-11-21 15:53:01,345] {logging_mixin.py:104} INFO - [2021-11-21 15:53:01,345] {dagbag.py:487} INFO - Filling up the DagBag from /home/airflow/sandbox/lib/python3.8/site-packages/airflow/example_dags/example_task_group.py
[2021-11-21 15:53:01,465] {scheduler_job.py:643} INFO - DAG(s) dict_keys(['example_task_group']) retrieved from /home/airflow/sandbox/lib/python3.8/site-packages/airflow/example_dags/example_task_group.py
[2021-11-21 15:53:01,504] {logging_mixin.py:104} INFO - [2021-11-21 15:53:01,504] {dag.py:1832} INFO - Sync 1 DAGs
[2021-11-21 15:53:01,535] {logging_mixin.py:104} INFO - [2021-11-21 15:53:01,535] {dag.py:2305} INFO - Setting next_dagrun for example_task_group to 2021-11-19 00:00:00+00:00
[2021-11-21 15:53:01,586] {scheduler_job.py:190} INFO - Processing /home/airflow/sandbox/lib/python3.8/site-packages/airflow/example_dags/example_task_group.py took 0.277 seconds
[2021-11-21 15:54:11,548] {scheduler_job.py:182} INFO - Started process (PID=4884) to work on /home/airflow/sandbox/lib/python3.8/site-packages/airflow/example_dags/example_task_group.py
[2021-11-21 15:54:11,554] {scheduler_job.py:633} INFO - Processing file /home/airflow/sandbox/lib/python3.8/site-packages/airflow/example_dags/example_task_group.py for tasks to queue
[2021-11-21 15:54:11,555] {logging_mixin.py:104} INFO - [2021-11-21 15:54:11,555] {dagbag.py:487} INFO - Filling up the DagBag from /home/airflow/sandbox/lib/python3.8/site-packages/airflow/example_dags/example_task_group.py
[2021-11-21 15:54:11,602] {scheduler_job.py:643} INFO - DAG(s) dict_keys(['example_task_group']) retrieved from /home/airflow/sandbox/lib/python3.8/site-packages/airflow/example_dags/example_task_group.py
[2021-11-21 15:54:11,650] {logging_mixin.py:104} INFO - [2021-11-21 15:54:11,650] {dag.py:1832} INFO - Sync 1 DAGs
[2021-11-21 15:54:11,675] {logging_mixin.py:104} INFO - [2021-11-21 15:54:11,675] {dag.py:2305} INFO - Setting next_dagrun for example_task_group to 2021-11-19 00:00:00+00:00
[2021-11-21 15:54:11,737] {scheduler_job.py:190} INFO - Processing /home/airflow/sandbox/lib/python3.8/site-packages/airflow/example_dags/example_task_group.py took 0.195 seconds
[2021-11-21 15:55:02,663] {scheduler_job.py:182} INFO - Started process (PID=4977) to work on /home/airflow/sandbox/lib/python3.8/site-packages/airflow/example_dags/example_task_group.py
[2021-11-21 15:55:02,671] {scheduler_job.py:633} INFO - Processing file /home/airflow/sandbox/lib/python3.8/site-packages/airflow/example_dags/example_task_group.py for tasks to queue
[2021-11-21 15:55:02,673] {logging_mixin.py:104} INFO - [2021-11-21 15:55:02,673] {dagbag.py:487} INFO - Filling up the DagBag from /home/airflow/sandbox/lib/python3.8/site-packages/airflow/example_dags/example_task_group.py
[2021-11-21 15:55:02,802] {scheduler_job.py:643} INFO - DAG(s) dict_keys(['example_task_group']) retrieved from /home/airflow/sandbox/lib/python3.8/site-packages/airflow/example_dags/example_task_group.py
[2021-11-21 15:55:02,900] {logging_mixin.py:104} INFO - [2021-11-21 15:55:02,899] {dag.py:1832} INFO - Sync 1 DAGs
[2021-11-21 15:55:02,984] {logging_mixin.py:104} INFO - [2021-11-21 15:55:02,984] {dag.py:2305} INFO - Setting next_dagrun for example_task_group to 2021-11-19 00:00:00+00:00
[2021-11-21 15:55:03,088] {scheduler_job.py:190} INFO - Processing /home/airflow/sandbox/lib/python3.8/site-packages/airflow/example_dags/example_task_group.py took 0.451 seconds
[2021-11-21 15:55:56,536] {scheduler_job.py:182} INFO - Started process (PID=5015) to work on /home/airflow/sandbox/lib/python3.8/site-packages/airflow/example_dags/example_task_group.py
[2021-11-21 15:55:56,550] {scheduler_job.py:633} INFO - Processing file /home/airflow/sandbox/lib/python3.8/site-packages/airflow/example_dags/example_task_group.py for tasks to queue
[2021-11-21 15:55:56,567] {logging_mixin.py:104} INFO - [2021-11-21 15:55:56,567] {dagbag.py:487} INFO - Filling up the DagBag from /home/airflow/sandbox/lib/python3.8/site-packages/airflow/example_dags/example_task_group.py
[2021-11-21 15:55:56,699] {scheduler_job.py:643} INFO - DAG(s) dict_keys(['example_task_group']) retrieved from /home/airflow/sandbox/lib/python3.8/site-packages/airflow/example_dags/example_task_group.py
[2021-11-21 15:55:56,772] {logging_mixin.py:104} INFO - [2021-11-21 15:55:56,772] {dag.py:1832} INFO - Sync 1 DAGs
[2021-11-21 15:55:56,813] {logging_mixin.py:104} INFO - [2021-11-21 15:55:56,812] {dag.py:2305} INFO - Setting next_dagrun for example_task_group to 2021-11-19 00:00:00+00:00
[2021-11-21 15:55:56,862] {scheduler_job.py:190} INFO - Processing /home/airflow/sandbox/lib/python3.8/site-packages/airflow/example_dags/example_task_group.py took 0.343 seconds
[2021-11-21 15:57:00,910] {scheduler_job.py:182} INFO - Started process (PID=5136) to work on /home/airflow/sandbox/lib/python3.8/site-packages/airflow/example_dags/example_task_group.py
[2021-11-21 15:57:00,917] {scheduler_job.py:633} INFO - Processing file /home/airflow/sandbox/lib/python3.8/site-packages/airflow/example_dags/example_task_group.py for tasks to queue
[2021-11-21 15:57:00,919] {logging_mixin.py:104} INFO - [2021-11-21 15:57:00,919] {dagbag.py:487} INFO - Filling up the DagBag from /home/airflow/sandbox/lib/python3.8/site-packages/airflow/example_dags/example_task_group.py
[2021-11-21 15:57:00,971] {scheduler_job.py:643} INFO - DAG(s) dict_keys(['example_task_group']) retrieved from /home/airflow/sandbox/lib/python3.8/site-packages/airflow/example_dags/example_task_group.py
[2021-11-21 15:57:01,001] {logging_mixin.py:104} INFO - [2021-11-21 15:57:01,001] {dag.py:1832} INFO - Sync 1 DAGs
[2021-11-21 15:57:01,034] {logging_mixin.py:104} INFO - [2021-11-21 15:57:01,033] {dag.py:2305} INFO - Setting next_dagrun for example_task_group to 2021-11-19 00:00:00+00:00
[2021-11-21 15:57:01,098] {scheduler_job.py:190} INFO - Processing /home/airflow/sandbox/lib/python3.8/site-packages/airflow/example_dags/example_task_group.py took 0.201 seconds
[2021-11-21 15:58:10,727] {scheduler_job.py:182} INFO - Started process (PID=5331) to work on /home/airflow/sandbox/lib/python3.8/site-packages/airflow/example_dags/example_task_group.py
[2021-11-21 15:58:10,757] {scheduler_job.py:633} INFO - Processing file /home/airflow/sandbox/lib/python3.8/site-packages/airflow/example_dags/example_task_group.py for tasks to queue
[2021-11-21 15:58:10,760] {logging_mixin.py:104} INFO - [2021-11-21 15:58:10,759] {dagbag.py:487} INFO - Filling up the DagBag from /home/airflow/sandbox/lib/python3.8/site-packages/airflow/example_dags/example_task_group.py
[2021-11-21 15:58:10,951] {scheduler_job.py:643} INFO - DAG(s) dict_keys(['example_task_group']) retrieved from /home/airflow/sandbox/lib/python3.8/site-packages/airflow/example_dags/example_task_group.py
[2021-11-21 15:58:11,092] {logging_mixin.py:104} INFO - [2021-11-21 15:58:11,091] {dag.py:1832} INFO - Sync 1 DAGs
[2021-11-21 15:58:11,181] {logging_mixin.py:104} INFO - [2021-11-21 15:58:11,179] {dag.py:2305} INFO - Setting next_dagrun for example_task_group to 2021-11-19 00:00:00+00:00
[2021-11-21 15:58:11,316] {scheduler_job.py:190} INFO - Processing /home/airflow/sandbox/lib/python3.8/site-packages/airflow/example_dags/example_task_group.py took 0.602 seconds
[2021-11-21 15:59:08,989] {scheduler_job.py:182} INFO - Started process (PID=5430) to work on /home/airflow/sandbox/lib/python3.8/site-packages/airflow/example_dags/example_task_group.py
[2021-11-21 15:59:09,011] {scheduler_job.py:633} INFO - Processing file /home/airflow/sandbox/lib/python3.8/site-packages/airflow/example_dags/example_task_group.py for tasks to queue
[2021-11-21 15:59:09,014] {logging_mixin.py:104} INFO - [2021-11-21 15:59:09,013] {dagbag.py:487} INFO - Filling up the DagBag from /home/airflow/sandbox/lib/python3.8/site-packages/airflow/example_dags/example_task_group.py
[2021-11-21 15:59:09,189] {scheduler_job.py:643} INFO - DAG(s) dict_keys(['example_task_group']) retrieved from /home/airflow/sandbox/lib/python3.8/site-packages/airflow/example_dags/example_task_group.py
[2021-11-21 15:59:09,352] {logging_mixin.py:104} INFO - [2021-11-21 15:59:09,352] {dag.py:1832} INFO - Sync 1 DAGs
[2021-11-21 15:59:09,409] {logging_mixin.py:104} INFO - [2021-11-21 15:59:09,409] {dag.py:2305} INFO - Setting next_dagrun for example_task_group to 2021-11-19 00:00:00+00:00
[2021-11-21 15:59:09,490] {scheduler_job.py:190} INFO - Processing /home/airflow/sandbox/lib/python3.8/site-packages/airflow/example_dags/example_task_group.py took 0.520 seconds
[2021-11-21 16:00:03,871] {scheduler_job.py:182} INFO - Started process (PID=5504) to work on /home/airflow/sandbox/lib/python3.8/site-packages/airflow/example_dags/example_task_group.py
[2021-11-21 16:00:03,894] {scheduler_job.py:633} INFO - Processing file /home/airflow/sandbox/lib/python3.8/site-packages/airflow/example_dags/example_task_group.py for tasks to queue
[2021-11-21 16:00:03,937] {logging_mixin.py:104} INFO - [2021-11-21 16:00:03,897] {dagbag.py:487} INFO - Filling up the DagBag from /home/airflow/sandbox/lib/python3.8/site-packages/airflow/example_dags/example_task_group.py
[2021-11-21 16:00:04,112] {scheduler_job.py:643} INFO - DAG(s) dict_keys(['example_task_group']) retrieved from /home/airflow/sandbox/lib/python3.8/site-packages/airflow/example_dags/example_task_group.py
[2021-11-21 16:00:04,150] {logging_mixin.py:104} INFO - [2021-11-21 16:00:04,150] {dag.py:1832} INFO - Sync 1 DAGs
[2021-11-21 16:00:04,197] {logging_mixin.py:104} INFO - [2021-11-21 16:00:04,197] {dag.py:2305} INFO - Setting next_dagrun for example_task_group to 2021-11-19 00:00:00+00:00
[2021-11-21 16:00:04,272] {scheduler_job.py:190} INFO - Processing /home/airflow/sandbox/lib/python3.8/site-packages/airflow/example_dags/example_task_group.py took 0.428 seconds
[2021-11-21 16:00:51,272] {scheduler_job.py:182} INFO - Started process (PID=5623) to work on /home/airflow/sandbox/lib/python3.8/site-packages/airflow/example_dags/example_task_group.py
[2021-11-21 16:00:51,289] {scheduler_job.py:633} INFO - Processing file /home/airflow/sandbox/lib/python3.8/site-packages/airflow/example_dags/example_task_group.py for tasks to queue
[2021-11-21 16:00:51,298] {logging_mixin.py:104} INFO - [2021-11-21 16:00:51,298] {dagbag.py:487} INFO - Filling up the DagBag from /home/airflow/sandbox/lib/python3.8/site-packages/airflow/example_dags/example_task_group.py
[2021-11-21 16:00:51,429] {scheduler_job.py:643} INFO - DAG(s) dict_keys(['example_task_group']) retrieved from /home/airflow/sandbox/lib/python3.8/site-packages/airflow/example_dags/example_task_group.py
[2021-11-21 16:00:51,497] {logging_mixin.py:104} INFO - [2021-11-21 16:00:51,497] {dag.py:1832} INFO - Sync 1 DAGs
[2021-11-21 16:00:51,562] {logging_mixin.py:104} INFO - [2021-11-21 16:00:51,562] {dag.py:2305} INFO - Setting next_dagrun for example_task_group to 2021-11-19 00:00:00+00:00
[2021-11-21 16:00:51,665] {scheduler_job.py:190} INFO - Processing /home/airflow/sandbox/lib/python3.8/site-packages/airflow/example_dags/example_task_group.py took 0.412 seconds
[2021-11-21 16:01:36,217] {scheduler_job.py:182} INFO - Started process (PID=5658) to work on /home/airflow/sandbox/lib/python3.8/site-packages/airflow/example_dags/example_task_group.py
[2021-11-21 16:01:36,249] {scheduler_job.py:633} INFO - Processing file /home/airflow/sandbox/lib/python3.8/site-packages/airflow/example_dags/example_task_group.py for tasks to queue
[2021-11-21 16:01:36,252] {logging_mixin.py:104} INFO - [2021-11-21 16:01:36,251] {dagbag.py:487} INFO - Filling up the DagBag from /home/airflow/sandbox/lib/python3.8/site-packages/airflow/example_dags/example_task_group.py
[2021-11-21 16:01:36,425] {scheduler_job.py:643} INFO - DAG(s) dict_keys(['example_task_group']) retrieved from /home/airflow/sandbox/lib/python3.8/site-packages/airflow/example_dags/example_task_group.py
[2021-11-21 16:01:36,540] {logging_mixin.py:104} INFO - [2021-11-21 16:01:36,539] {dag.py:1832} INFO - Sync 1 DAGs
[2021-11-21 16:01:36,637] {logging_mixin.py:104} INFO - [2021-11-21 16:01:36,637] {dag.py:2305} INFO - Setting next_dagrun for example_task_group to 2021-11-19 00:00:00+00:00
[2021-11-21 16:01:36,710] {scheduler_job.py:190} INFO - Processing /home/airflow/sandbox/lib/python3.8/site-packages/airflow/example_dags/example_task_group.py took 0.508 seconds
[2021-11-21 16:02:34,224] {scheduler_job.py:182} INFO - Started process (PID=5761) to work on /home/airflow/sandbox/lib/python3.8/site-packages/airflow/example_dags/example_task_group.py
[2021-11-21 16:02:34,251] {scheduler_job.py:633} INFO - Processing file /home/airflow/sandbox/lib/python3.8/site-packages/airflow/example_dags/example_task_group.py for tasks to queue
[2021-11-21 16:02:34,254] {logging_mixin.py:104} INFO - [2021-11-21 16:02:34,254] {dagbag.py:487} INFO - Filling up the DagBag from /home/airflow/sandbox/lib/python3.8/site-packages/airflow/example_dags/example_task_group.py
[2021-11-21 16:02:34,319] {scheduler_job.py:643} INFO - DAG(s) dict_keys(['example_task_group']) retrieved from /home/airflow/sandbox/lib/python3.8/site-packages/airflow/example_dags/example_task_group.py
[2021-11-21 16:02:34,364] {logging_mixin.py:104} INFO - [2021-11-21 16:02:34,364] {dag.py:1832} INFO - Sync 1 DAGs
[2021-11-21 16:02:34,415] {logging_mixin.py:104} INFO - [2021-11-21 16:02:34,415] {dag.py:2305} INFO - Setting next_dagrun for example_task_group to 2021-11-19 00:00:00+00:00
[2021-11-21 16:02:34,465] {scheduler_job.py:190} INFO - Processing /home/airflow/sandbox/lib/python3.8/site-packages/airflow/example_dags/example_task_group.py took 0.254 seconds
[2021-11-21 16:03:26,593] {scheduler_job.py:182} INFO - Started process (PID=5818) to work on /home/airflow/sandbox/lib/python3.8/site-packages/airflow/example_dags/example_task_group.py
[2021-11-21 16:03:26,602] {scheduler_job.py:633} INFO - Processing file /home/airflow/sandbox/lib/python3.8/site-packages/airflow/example_dags/example_task_group.py for tasks to queue
[2021-11-21 16:03:26,603] {logging_mixin.py:104} INFO - [2021-11-21 16:03:26,603] {dagbag.py:487} INFO - Filling up the DagBag from /home/airflow/sandbox/lib/python3.8/site-packages/airflow/example_dags/example_task_group.py
[2021-11-21 16:03:26,706] {scheduler_job.py:643} INFO - DAG(s) dict_keys(['example_task_group']) retrieved from /home/airflow/sandbox/lib/python3.8/site-packages/airflow/example_dags/example_task_group.py
[2021-11-21 16:03:26,793] {logging_mixin.py:104} INFO - [2021-11-21 16:03:26,793] {dag.py:1832} INFO - Sync 1 DAGs
[2021-11-21 16:03:26,832] {logging_mixin.py:104} INFO - [2021-11-21 16:03:26,832] {dag.py:2305} INFO - Setting next_dagrun for example_task_group to 2021-11-19 00:00:00+00:00
[2021-11-21 16:03:26,911] {scheduler_job.py:190} INFO - Processing /home/airflow/sandbox/lib/python3.8/site-packages/airflow/example_dags/example_task_group.py took 0.331 seconds
[2021-11-21 16:04:18,621] {scheduler_job.py:182} INFO - Started process (PID=5875) to work on /home/airflow/sandbox/lib/python3.8/site-packages/airflow/example_dags/example_task_group.py
[2021-11-21 16:04:18,643] {scheduler_job.py:633} INFO - Processing file /home/airflow/sandbox/lib/python3.8/site-packages/airflow/example_dags/example_task_group.py for tasks to queue
[2021-11-21 16:04:18,650] {logging_mixin.py:104} INFO - [2021-11-21 16:04:18,649] {dagbag.py:487} INFO - Filling up the DagBag from /home/airflow/sandbox/lib/python3.8/site-packages/airflow/example_dags/example_task_group.py
[2021-11-21 16:04:18,754] {scheduler_job.py:643} INFO - DAG(s) dict_keys(['example_task_group']) retrieved from /home/airflow/sandbox/lib/python3.8/site-packages/airflow/example_dags/example_task_group.py
[2021-11-21 16:04:18,861] {logging_mixin.py:104} INFO - [2021-11-21 16:04:18,860] {dag.py:1832} INFO - Sync 1 DAGs
[2021-11-21 16:04:18,906] {logging_mixin.py:104} INFO - [2021-11-21 16:04:18,906] {dag.py:2305} INFO - Setting next_dagrun for example_task_group to 2021-11-19 00:00:00+00:00
[2021-11-21 16:04:18,967] {scheduler_job.py:190} INFO - Processing /home/airflow/sandbox/lib/python3.8/site-packages/airflow/example_dags/example_task_group.py took 0.357 seconds
[2021-11-21 16:05:07,615] {scheduler_job.py:182} INFO - Started process (PID=5909) to work on /home/airflow/sandbox/lib/python3.8/site-packages/airflow/example_dags/example_task_group.py
[2021-11-21 16:05:07,624] {scheduler_job.py:633} INFO - Processing file /home/airflow/sandbox/lib/python3.8/site-packages/airflow/example_dags/example_task_group.py for tasks to queue
[2021-11-21 16:05:07,627] {logging_mixin.py:104} INFO - [2021-11-21 16:05:07,626] {dagbag.py:487} INFO - Filling up the DagBag from /home/airflow/sandbox/lib/python3.8/site-packages/airflow/example_dags/example_task_group.py
[2021-11-21 16:05:07,749] {scheduler_job.py:643} INFO - DAG(s) dict_keys(['example_task_group']) retrieved from /home/airflow/sandbox/lib/python3.8/site-packages/airflow/example_dags/example_task_group.py
[2021-11-21 16:05:07,790] {logging_mixin.py:104} INFO - [2021-11-21 16:05:07,790] {dag.py:1832} INFO - Sync 1 DAGs
[2021-11-21 16:05:07,842] {logging_mixin.py:104} INFO - [2021-11-21 16:05:07,841] {dag.py:2305} INFO - Setting next_dagrun for example_task_group to 2021-11-19 00:00:00+00:00
[2021-11-21 16:05:07,892] {scheduler_job.py:190} INFO - Processing /home/airflow/sandbox/lib/python3.8/site-packages/airflow/example_dags/example_task_group.py took 0.291 seconds
[2021-11-21 16:06:04,466] {scheduler_job.py:182} INFO - Started process (PID=5950) to work on /home/airflow/sandbox/lib/python3.8/site-packages/airflow/example_dags/example_task_group.py
[2021-11-21 16:06:04,524] {scheduler_job.py:633} INFO - Processing file /home/airflow/sandbox/lib/python3.8/site-packages/airflow/example_dags/example_task_group.py for tasks to queue
[2021-11-21 16:06:04,525] {logging_mixin.py:104} INFO - [2021-11-21 16:06:04,525] {dagbag.py:487} INFO - Filling up the DagBag from /home/airflow/sandbox/lib/python3.8/site-packages/airflow/example_dags/example_task_group.py
[2021-11-21 16:06:04,559] {scheduler_job.py:643} INFO - DAG(s) dict_keys(['example_task_group']) retrieved from /home/airflow/sandbox/lib/python3.8/site-packages/airflow/example_dags/example_task_group.py
[2021-11-21 16:06:04,780] {logging_mixin.py:104} INFO - [2021-11-21 16:06:04,779] {dag.py:1832} INFO - Sync 1 DAGs
[2021-11-21 16:06:04,910] {logging_mixin.py:104} INFO - [2021-11-21 16:06:04,910] {dag.py:2305} INFO - Setting next_dagrun for example_task_group to 2021-11-19 00:00:00+00:00
[2021-11-21 16:06:05,133] {scheduler_job.py:190} INFO - Processing /home/airflow/sandbox/lib/python3.8/site-packages/airflow/example_dags/example_task_group.py took 0.730 seconds
