[2021-11-21 15:44:37,738] {scheduler_job.py:182} INFO - Started process (PID=3848) to work on /home/airflow/sandbox/lib/python3.8/site-packages/airflow/example_dags/example_complex.py
[2021-11-21 15:44:37,749] {scheduler_job.py:633} INFO - Processing file /home/airflow/sandbox/lib/python3.8/site-packages/airflow/example_dags/example_complex.py for tasks to queue
[2021-11-21 15:44:37,751] {logging_mixin.py:104} INFO - [2021-11-21 15:44:37,750] {dagbag.py:487} INFO - Filling up the DagBag from /home/airflow/sandbox/lib/python3.8/site-packages/airflow/example_dags/example_complex.py
[2021-11-21 15:44:37,925] {scheduler_job.py:643} INFO - DAG(s) dict_keys(['example_complex']) retrieved from /home/airflow/sandbox/lib/python3.8/site-packages/airflow/example_dags/example_complex.py
[2021-11-21 15:44:39,871] {logging_mixin.py:104} INFO - [2021-11-21 15:44:39,870] {dag.py:1832} INFO - Sync 1 DAGs
[2021-11-21 15:44:39,964] {logging_mixin.py:104} INFO - [2021-11-21 15:44:39,964] {dag.py:2305} INFO - Setting next_dagrun for example_complex to None
[2021-11-21 15:44:40,160] {scheduler_job.py:190} INFO - Processing /home/airflow/sandbox/lib/python3.8/site-packages/airflow/example_dags/example_complex.py took 2.462 seconds
[2021-11-21 15:45:45,179] {scheduler_job.py:182} INFO - Started process (PID=3891) to work on /home/airflow/sandbox/lib/python3.8/site-packages/airflow/example_dags/example_complex.py
[2021-11-21 15:45:45,205] {scheduler_job.py:633} INFO - Processing file /home/airflow/sandbox/lib/python3.8/site-packages/airflow/example_dags/example_complex.py for tasks to queue
[2021-11-21 15:45:45,216] {logging_mixin.py:104} INFO - [2021-11-21 15:45:45,216] {dagbag.py:487} INFO - Filling up the DagBag from /home/airflow/sandbox/lib/python3.8/site-packages/airflow/example_dags/example_complex.py
[2021-11-21 15:45:45,341] {scheduler_job.py:643} INFO - DAG(s) dict_keys(['example_complex']) retrieved from /home/airflow/sandbox/lib/python3.8/site-packages/airflow/example_dags/example_complex.py
[2021-11-21 15:45:45,412] {logging_mixin.py:104} INFO - [2021-11-21 15:45:45,410] {dag.py:1832} INFO - Sync 1 DAGs
[2021-11-21 15:45:45,442] {logging_mixin.py:104} INFO - [2021-11-21 15:45:45,442] {dag.py:2305} INFO - Setting next_dagrun for example_complex to None
[2021-11-21 15:45:45,526] {scheduler_job.py:190} INFO - Processing /home/airflow/sandbox/lib/python3.8/site-packages/airflow/example_dags/example_complex.py took 0.362 seconds
[2021-11-21 15:46:56,364] {scheduler_job.py:182} INFO - Started process (PID=3994) to work on /home/airflow/sandbox/lib/python3.8/site-packages/airflow/example_dags/example_complex.py
[2021-11-21 15:46:56,390] {scheduler_job.py:633} INFO - Processing file /home/airflow/sandbox/lib/python3.8/site-packages/airflow/example_dags/example_complex.py for tasks to queue
[2021-11-21 15:46:56,395] {logging_mixin.py:104} INFO - [2021-11-21 15:46:56,395] {dagbag.py:487} INFO - Filling up the DagBag from /home/airflow/sandbox/lib/python3.8/site-packages/airflow/example_dags/example_complex.py
[2021-11-21 15:46:56,553] {scheduler_job.py:643} INFO - DAG(s) dict_keys(['example_complex']) retrieved from /home/airflow/sandbox/lib/python3.8/site-packages/airflow/example_dags/example_complex.py
[2021-11-21 15:46:56,637] {logging_mixin.py:104} INFO - [2021-11-21 15:46:56,637] {dag.py:1832} INFO - Sync 1 DAGs
[2021-11-21 15:46:56,681] {logging_mixin.py:104} INFO - [2021-11-21 15:46:56,681] {dag.py:2305} INFO - Setting next_dagrun for example_complex to None
[2021-11-21 15:46:56,746] {scheduler_job.py:190} INFO - Processing /home/airflow/sandbox/lib/python3.8/site-packages/airflow/example_dags/example_complex.py took 0.400 seconds
[2021-11-21 15:47:57,694] {scheduler_job.py:182} INFO - Started process (PID=4026) to work on /home/airflow/sandbox/lib/python3.8/site-packages/airflow/example_dags/example_complex.py
[2021-11-21 15:47:57,702] {scheduler_job.py:633} INFO - Processing file /home/airflow/sandbox/lib/python3.8/site-packages/airflow/example_dags/example_complex.py for tasks to queue
[2021-11-21 15:47:57,711] {logging_mixin.py:104} INFO - [2021-11-21 15:47:57,711] {dagbag.py:487} INFO - Filling up the DagBag from /home/airflow/sandbox/lib/python3.8/site-packages/airflow/example_dags/example_complex.py
[2021-11-21 15:47:57,840] {scheduler_job.py:643} INFO - DAG(s) dict_keys(['example_complex']) retrieved from /home/airflow/sandbox/lib/python3.8/site-packages/airflow/example_dags/example_complex.py
[2021-11-21 15:47:57,890] {logging_mixin.py:104} INFO - [2021-11-21 15:47:57,890] {dag.py:1832} INFO - Sync 1 DAGs
[2021-11-21 15:47:57,931] {logging_mixin.py:104} INFO - [2021-11-21 15:47:57,931] {dag.py:2305} INFO - Setting next_dagrun for example_complex to None
[2021-11-21 15:47:57,981] {scheduler_job.py:190} INFO - Processing /home/airflow/sandbox/lib/python3.8/site-packages/airflow/example_dags/example_complex.py took 0.306 seconds
[2021-11-21 15:49:00,720] {scheduler_job.py:182} INFO - Started process (PID=4103) to work on /home/airflow/sandbox/lib/python3.8/site-packages/airflow/example_dags/example_complex.py
[2021-11-21 15:49:00,741] {scheduler_job.py:633} INFO - Processing file /home/airflow/sandbox/lib/python3.8/site-packages/airflow/example_dags/example_complex.py for tasks to queue
[2021-11-21 15:49:00,756] {logging_mixin.py:104} INFO - [2021-11-21 15:49:00,756] {dagbag.py:487} INFO - Filling up the DagBag from /home/airflow/sandbox/lib/python3.8/site-packages/airflow/example_dags/example_complex.py
[2021-11-21 15:49:01,024] {scheduler_job.py:643} INFO - DAG(s) dict_keys(['example_complex']) retrieved from /home/airflow/sandbox/lib/python3.8/site-packages/airflow/example_dags/example_complex.py
[2021-11-21 15:49:01,169] {logging_mixin.py:104} INFO - [2021-11-21 15:49:01,168] {dag.py:1832} INFO - Sync 1 DAGs
[2021-11-21 15:49:01,281] {logging_mixin.py:104} INFO - [2021-11-21 15:49:01,281] {dag.py:2305} INFO - Setting next_dagrun for example_complex to None
[2021-11-21 15:49:01,486] {scheduler_job.py:190} INFO - Processing /home/airflow/sandbox/lib/python3.8/site-packages/airflow/example_dags/example_complex.py took 0.786 seconds
[2021-11-21 15:50:04,864] {scheduler_job.py:182} INFO - Started process (PID=4261) to work on /home/airflow/sandbox/lib/python3.8/site-packages/airflow/example_dags/example_complex.py
[2021-11-21 15:50:04,904] {scheduler_job.py:633} INFO - Processing file /home/airflow/sandbox/lib/python3.8/site-packages/airflow/example_dags/example_complex.py for tasks to queue
[2021-11-21 15:50:04,908] {logging_mixin.py:104} INFO - [2021-11-21 15:50:04,907] {dagbag.py:487} INFO - Filling up the DagBag from /home/airflow/sandbox/lib/python3.8/site-packages/airflow/example_dags/example_complex.py
[2021-11-21 15:50:05,094] {scheduler_job.py:643} INFO - DAG(s) dict_keys(['example_complex']) retrieved from /home/airflow/sandbox/lib/python3.8/site-packages/airflow/example_dags/example_complex.py
[2021-11-21 15:50:05,595] {logging_mixin.py:104} INFO - [2021-11-21 15:50:05,555] {dag.py:1832} INFO - Sync 1 DAGs
[2021-11-21 15:50:05,819] {logging_mixin.py:104} INFO - [2021-11-21 15:50:05,818] {dag.py:2305} INFO - Setting next_dagrun for example_complex to None
[2021-11-21 15:50:06,043] {scheduler_job.py:190} INFO - Processing /home/airflow/sandbox/lib/python3.8/site-packages/airflow/example_dags/example_complex.py took 1.246 seconds
[2021-11-21 15:51:10,011] {scheduler_job.py:182} INFO - Started process (PID=4439) to work on /home/airflow/sandbox/lib/python3.8/site-packages/airflow/example_dags/example_complex.py
[2021-11-21 15:51:10,033] {scheduler_job.py:633} INFO - Processing file /home/airflow/sandbox/lib/python3.8/site-packages/airflow/example_dags/example_complex.py for tasks to queue
[2021-11-21 15:51:10,053] {logging_mixin.py:104} INFO - [2021-11-21 15:51:10,052] {dagbag.py:487} INFO - Filling up the DagBag from /home/airflow/sandbox/lib/python3.8/site-packages/airflow/example_dags/example_complex.py
[2021-11-21 15:51:10,248] {scheduler_job.py:643} INFO - DAG(s) dict_keys(['example_complex']) retrieved from /home/airflow/sandbox/lib/python3.8/site-packages/airflow/example_dags/example_complex.py
[2021-11-21 15:51:10,298] {logging_mixin.py:104} INFO - [2021-11-21 15:51:10,298] {dag.py:1832} INFO - Sync 1 DAGs
[2021-11-21 15:51:10,341] {logging_mixin.py:104} INFO - [2021-11-21 15:51:10,341] {dag.py:2305} INFO - Setting next_dagrun for example_complex to None
[2021-11-21 15:51:10,490] {scheduler_job.py:190} INFO - Processing /home/airflow/sandbox/lib/python3.8/site-packages/airflow/example_dags/example_complex.py took 0.522 seconds
[2021-11-21 15:52:10,928] {scheduler_job.py:182} INFO - Started process (PID=4533) to work on /home/airflow/sandbox/lib/python3.8/site-packages/airflow/example_dags/example_complex.py
[2021-11-21 15:52:10,944] {scheduler_job.py:633} INFO - Processing file /home/airflow/sandbox/lib/python3.8/site-packages/airflow/example_dags/example_complex.py for tasks to queue
[2021-11-21 15:52:10,945] {logging_mixin.py:104} INFO - [2021-11-21 15:52:10,945] {dagbag.py:487} INFO - Filling up the DagBag from /home/airflow/sandbox/lib/python3.8/site-packages/airflow/example_dags/example_complex.py
[2021-11-21 15:52:10,988] {scheduler_job.py:643} INFO - DAG(s) dict_keys(['example_complex']) retrieved from /home/airflow/sandbox/lib/python3.8/site-packages/airflow/example_dags/example_complex.py
[2021-11-21 15:52:11,020] {logging_mixin.py:104} INFO - [2021-11-21 15:52:11,020] {dag.py:1832} INFO - Sync 1 DAGs
[2021-11-21 15:52:11,039] {logging_mixin.py:104} INFO - [2021-11-21 15:52:11,039] {dag.py:2305} INFO - Setting next_dagrun for example_complex to None
[2021-11-21 15:52:11,091] {scheduler_job.py:190} INFO - Processing /home/airflow/sandbox/lib/python3.8/site-packages/airflow/example_dags/example_complex.py took 0.168 seconds
[2021-11-21 15:53:10,227] {scheduler_job.py:182} INFO - Started process (PID=4661) to work on /home/airflow/sandbox/lib/python3.8/site-packages/airflow/example_dags/example_complex.py
[2021-11-21 15:53:10,287] {scheduler_job.py:633} INFO - Processing file /home/airflow/sandbox/lib/python3.8/site-packages/airflow/example_dags/example_complex.py for tasks to queue
[2021-11-21 15:53:10,357] {logging_mixin.py:104} INFO - [2021-11-21 15:53:10,357] {dagbag.py:487} INFO - Filling up the DagBag from /home/airflow/sandbox/lib/python3.8/site-packages/airflow/example_dags/example_complex.py
[2021-11-21 15:53:10,809] {scheduler_job.py:643} INFO - DAG(s) dict_keys(['example_complex']) retrieved from /home/airflow/sandbox/lib/python3.8/site-packages/airflow/example_dags/example_complex.py
[2021-11-21 15:53:10,923] {logging_mixin.py:104} INFO - [2021-11-21 15:53:10,923] {dag.py:1832} INFO - Sync 1 DAGs
[2021-11-21 15:53:10,957] {logging_mixin.py:104} INFO - [2021-11-21 15:53:10,957] {dag.py:2305} INFO - Setting next_dagrun for example_complex to None
[2021-11-21 15:53:11,012] {scheduler_job.py:190} INFO - Processing /home/airflow/sandbox/lib/python3.8/site-packages/airflow/example_dags/example_complex.py took 0.906 seconds
[2021-11-21 15:54:20,068] {scheduler_job.py:182} INFO - Started process (PID=4890) to work on /home/airflow/sandbox/lib/python3.8/site-packages/airflow/example_dags/example_complex.py
[2021-11-21 15:54:20,075] {scheduler_job.py:633} INFO - Processing file /home/airflow/sandbox/lib/python3.8/site-packages/airflow/example_dags/example_complex.py for tasks to queue
[2021-11-21 15:54:20,077] {logging_mixin.py:104} INFO - [2021-11-21 15:54:20,077] {dagbag.py:487} INFO - Filling up the DagBag from /home/airflow/sandbox/lib/python3.8/site-packages/airflow/example_dags/example_complex.py
[2021-11-21 15:54:20,239] {scheduler_job.py:643} INFO - DAG(s) dict_keys(['example_complex']) retrieved from /home/airflow/sandbox/lib/python3.8/site-packages/airflow/example_dags/example_complex.py
[2021-11-21 15:54:20,290] {logging_mixin.py:104} INFO - [2021-11-21 15:54:20,290] {dag.py:1832} INFO - Sync 1 DAGs
[2021-11-21 15:54:20,331] {logging_mixin.py:104} INFO - [2021-11-21 15:54:20,331] {dag.py:2305} INFO - Setting next_dagrun for example_complex to None
[2021-11-21 15:54:20,386] {scheduler_job.py:190} INFO - Processing /home/airflow/sandbox/lib/python3.8/site-packages/airflow/example_dags/example_complex.py took 0.329 seconds
[2021-11-21 15:55:24,769] {scheduler_job.py:182} INFO - Started process (PID=4993) to work on /home/airflow/sandbox/lib/python3.8/site-packages/airflow/example_dags/example_complex.py
[2021-11-21 15:55:24,781] {scheduler_job.py:633} INFO - Processing file /home/airflow/sandbox/lib/python3.8/site-packages/airflow/example_dags/example_complex.py for tasks to queue
[2021-11-21 15:55:24,791] {logging_mixin.py:104} INFO - [2021-11-21 15:55:24,783] {dagbag.py:487} INFO - Filling up the DagBag from /home/airflow/sandbox/lib/python3.8/site-packages/airflow/example_dags/example_complex.py
[2021-11-21 15:55:24,948] {scheduler_job.py:643} INFO - DAG(s) dict_keys(['example_complex']) retrieved from /home/airflow/sandbox/lib/python3.8/site-packages/airflow/example_dags/example_complex.py
[2021-11-21 15:55:25,032] {logging_mixin.py:104} INFO - [2021-11-21 15:55:25,031] {dag.py:1832} INFO - Sync 1 DAGs
[2021-11-21 15:55:25,064] {logging_mixin.py:104} INFO - [2021-11-21 15:55:25,062] {dag.py:2305} INFO - Setting next_dagrun for example_complex to None
[2021-11-21 15:55:25,148] {scheduler_job.py:190} INFO - Processing /home/airflow/sandbox/lib/python3.8/site-packages/airflow/example_dags/example_complex.py took 0.392 seconds
[2021-11-21 15:56:22,014] {scheduler_job.py:182} INFO - Started process (PID=5090) to work on /home/airflow/sandbox/lib/python3.8/site-packages/airflow/example_dags/example_complex.py
[2021-11-21 15:56:22,027] {scheduler_job.py:633} INFO - Processing file /home/airflow/sandbox/lib/python3.8/site-packages/airflow/example_dags/example_complex.py for tasks to queue
[2021-11-21 15:56:22,030] {logging_mixin.py:104} INFO - [2021-11-21 15:56:22,029] {dagbag.py:487} INFO - Filling up the DagBag from /home/airflow/sandbox/lib/python3.8/site-packages/airflow/example_dags/example_complex.py
[2021-11-21 15:56:22,153] {scheduler_job.py:643} INFO - DAG(s) dict_keys(['example_complex']) retrieved from /home/airflow/sandbox/lib/python3.8/site-packages/airflow/example_dags/example_complex.py
[2021-11-21 15:56:22,198] {logging_mixin.py:104} INFO - [2021-11-21 15:56:22,198] {dag.py:1832} INFO - Sync 1 DAGs
[2021-11-21 15:56:22,248] {logging_mixin.py:104} INFO - [2021-11-21 15:56:22,248] {dag.py:2305} INFO - Setting next_dagrun for example_complex to None
[2021-11-21 15:56:22,304] {scheduler_job.py:190} INFO - Processing /home/airflow/sandbox/lib/python3.8/site-packages/airflow/example_dags/example_complex.py took 0.307 seconds
[2021-11-21 15:57:53,860] {scheduler_job.py:182} INFO - Started process (PID=5276) to work on /home/airflow/sandbox/lib/python3.8/site-packages/airflow/example_dags/example_complex.py
[2021-11-21 15:57:53,898] {scheduler_job.py:633} INFO - Processing file /home/airflow/sandbox/lib/python3.8/site-packages/airflow/example_dags/example_complex.py for tasks to queue
[2021-11-21 15:57:53,901] {logging_mixin.py:104} INFO - [2021-11-21 15:57:53,900] {dagbag.py:487} INFO - Filling up the DagBag from /home/airflow/sandbox/lib/python3.8/site-packages/airflow/example_dags/example_complex.py
[2021-11-21 15:57:54,057] {scheduler_job.py:643} INFO - DAG(s) dict_keys(['example_complex']) retrieved from /home/airflow/sandbox/lib/python3.8/site-packages/airflow/example_dags/example_complex.py
[2021-11-21 15:57:54,114] {logging_mixin.py:104} INFO - [2021-11-21 15:57:54,113] {dag.py:1832} INFO - Sync 1 DAGs
[2021-11-21 15:57:54,149] {logging_mixin.py:104} INFO - [2021-11-21 15:57:54,148] {dag.py:2305} INFO - Setting next_dagrun for example_complex to None
[2021-11-21 15:57:54,214] {scheduler_job.py:190} INFO - Processing /home/airflow/sandbox/lib/python3.8/site-packages/airflow/example_dags/example_complex.py took 0.379 seconds
[2021-11-21 15:58:54,076] {scheduler_job.py:182} INFO - Started process (PID=5421) to work on /home/airflow/sandbox/lib/python3.8/site-packages/airflow/example_dags/example_complex.py
[2021-11-21 15:58:54,107] {scheduler_job.py:633} INFO - Processing file /home/airflow/sandbox/lib/python3.8/site-packages/airflow/example_dags/example_complex.py for tasks to queue
[2021-11-21 15:58:54,144] {logging_mixin.py:104} INFO - [2021-11-21 15:58:54,140] {dagbag.py:487} INFO - Filling up the DagBag from /home/airflow/sandbox/lib/python3.8/site-packages/airflow/example_dags/example_complex.py
[2021-11-21 15:58:54,327] {scheduler_job.py:643} INFO - DAG(s) dict_keys(['example_complex']) retrieved from /home/airflow/sandbox/lib/python3.8/site-packages/airflow/example_dags/example_complex.py
[2021-11-21 15:58:54,503] {logging_mixin.py:104} INFO - [2021-11-21 15:58:54,502] {dag.py:1832} INFO - Sync 1 DAGs
[2021-11-21 15:58:54,648] {logging_mixin.py:104} INFO - [2021-11-21 15:58:54,647] {dag.py:2305} INFO - Setting next_dagrun for example_complex to None
[2021-11-21 15:58:55,044] {scheduler_job.py:190} INFO - Processing /home/airflow/sandbox/lib/python3.8/site-packages/airflow/example_dags/example_complex.py took 0.982 seconds
[2021-11-21 15:59:48,088] {scheduler_job.py:182} INFO - Started process (PID=5485) to work on /home/airflow/sandbox/lib/python3.8/site-packages/airflow/example_dags/example_complex.py
[2021-11-21 15:59:48,113] {scheduler_job.py:633} INFO - Processing file /home/airflow/sandbox/lib/python3.8/site-packages/airflow/example_dags/example_complex.py for tasks to queue
[2021-11-21 15:59:48,115] {logging_mixin.py:104} INFO - [2021-11-21 15:59:48,115] {dagbag.py:487} INFO - Filling up the DagBag from /home/airflow/sandbox/lib/python3.8/site-packages/airflow/example_dags/example_complex.py
[2021-11-21 15:59:48,283] {scheduler_job.py:643} INFO - DAG(s) dict_keys(['example_complex']) retrieved from /home/airflow/sandbox/lib/python3.8/site-packages/airflow/example_dags/example_complex.py
[2021-11-21 15:59:48,397] {logging_mixin.py:104} INFO - [2021-11-21 15:59:48,397] {dag.py:1832} INFO - Sync 1 DAGs
[2021-11-21 15:59:48,461] {logging_mixin.py:104} INFO - [2021-11-21 15:59:48,448] {dag.py:2305} INFO - Setting next_dagrun for example_complex to None
[2021-11-21 15:59:48,577] {scheduler_job.py:190} INFO - Processing /home/airflow/sandbox/lib/python3.8/site-packages/airflow/example_dags/example_complex.py took 0.499 seconds
[2021-11-21 16:00:58,793] {scheduler_job.py:182} INFO - Started process (PID=5633) to work on /home/airflow/sandbox/lib/python3.8/site-packages/airflow/example_dags/example_complex.py
[2021-11-21 16:00:58,826] {scheduler_job.py:633} INFO - Processing file /home/airflow/sandbox/lib/python3.8/site-packages/airflow/example_dags/example_complex.py for tasks to queue
[2021-11-21 16:00:58,832] {logging_mixin.py:104} INFO - [2021-11-21 16:00:58,832] {dagbag.py:487} INFO - Filling up the DagBag from /home/airflow/sandbox/lib/python3.8/site-packages/airflow/example_dags/example_complex.py
[2021-11-21 16:00:58,889] {scheduler_job.py:643} INFO - DAG(s) dict_keys(['example_complex']) retrieved from /home/airflow/sandbox/lib/python3.8/site-packages/airflow/example_dags/example_complex.py
[2021-11-21 16:00:58,932] {logging_mixin.py:104} INFO - [2021-11-21 16:00:58,932] {dag.py:1832} INFO - Sync 1 DAGs
[2021-11-21 16:00:58,961] {logging_mixin.py:104} INFO - [2021-11-21 16:00:58,961] {dag.py:2305} INFO - Setting next_dagrun for example_complex to None
[2021-11-21 16:00:59,026] {scheduler_job.py:190} INFO - Processing /home/airflow/sandbox/lib/python3.8/site-packages/airflow/example_dags/example_complex.py took 0.245 seconds
[2021-11-21 16:02:00,929] {scheduler_job.py:182} INFO - Started process (PID=5690) to work on /home/airflow/sandbox/lib/python3.8/site-packages/airflow/example_dags/example_complex.py
[2021-11-21 16:02:00,947] {scheduler_job.py:633} INFO - Processing file /home/airflow/sandbox/lib/python3.8/site-packages/airflow/example_dags/example_complex.py for tasks to queue
[2021-11-21 16:02:00,949] {logging_mixin.py:104} INFO - [2021-11-21 16:02:00,949] {dagbag.py:487} INFO - Filling up the DagBag from /home/airflow/sandbox/lib/python3.8/site-packages/airflow/example_dags/example_complex.py
[2021-11-21 16:02:01,201] {scheduler_job.py:643} INFO - DAG(s) dict_keys(['example_complex']) retrieved from /home/airflow/sandbox/lib/python3.8/site-packages/airflow/example_dags/example_complex.py
[2021-11-21 16:02:01,316] {logging_mixin.py:104} INFO - [2021-11-21 16:02:01,316] {dag.py:1832} INFO - Sync 1 DAGs
[2021-11-21 16:02:01,381] {logging_mixin.py:104} INFO - [2021-11-21 16:02:01,380] {dag.py:2305} INFO - Setting next_dagrun for example_complex to None
[2021-11-21 16:02:01,494] {scheduler_job.py:190} INFO - Processing /home/airflow/sandbox/lib/python3.8/site-packages/airflow/example_dags/example_complex.py took 0.583 seconds
[2021-11-21 16:02:57,389] {scheduler_job.py:182} INFO - Started process (PID=5777) to work on /home/airflow/sandbox/lib/python3.8/site-packages/airflow/example_dags/example_complex.py
[2021-11-21 16:02:57,396] {scheduler_job.py:633} INFO - Processing file /home/airflow/sandbox/lib/python3.8/site-packages/airflow/example_dags/example_complex.py for tasks to queue
[2021-11-21 16:02:57,408] {logging_mixin.py:104} INFO - [2021-11-21 16:02:57,397] {dagbag.py:487} INFO - Filling up the DagBag from /home/airflow/sandbox/lib/python3.8/site-packages/airflow/example_dags/example_complex.py
[2021-11-21 16:02:57,479] {scheduler_job.py:643} INFO - DAG(s) dict_keys(['example_complex']) retrieved from /home/airflow/sandbox/lib/python3.8/site-packages/airflow/example_dags/example_complex.py
[2021-11-21 16:02:57,514] {logging_mixin.py:104} INFO - [2021-11-21 16:02:57,514] {dag.py:1832} INFO - Sync 1 DAGs
[2021-11-21 16:02:57,558] {logging_mixin.py:104} INFO - [2021-11-21 16:02:57,558] {dag.py:2305} INFO - Setting next_dagrun for example_complex to None
[2021-11-21 16:02:57,601] {scheduler_job.py:190} INFO - Processing /home/airflow/sandbox/lib/python3.8/site-packages/airflow/example_dags/example_complex.py took 0.222 seconds
[2021-11-21 16:03:49,999] {scheduler_job.py:182} INFO - Started process (PID=5856) to work on /home/airflow/sandbox/lib/python3.8/site-packages/airflow/example_dags/example_complex.py
[2021-11-21 16:03:50,005] {scheduler_job.py:633} INFO - Processing file /home/airflow/sandbox/lib/python3.8/site-packages/airflow/example_dags/example_complex.py for tasks to queue
[2021-11-21 16:03:50,013] {logging_mixin.py:104} INFO - [2021-11-21 16:03:50,012] {dagbag.py:487} INFO - Filling up the DagBag from /home/airflow/sandbox/lib/python3.8/site-packages/airflow/example_dags/example_complex.py
[2021-11-21 16:03:50,073] {scheduler_job.py:643} INFO - DAG(s) dict_keys(['example_complex']) retrieved from /home/airflow/sandbox/lib/python3.8/site-packages/airflow/example_dags/example_complex.py
[2021-11-21 16:03:50,111] {logging_mixin.py:104} INFO - [2021-11-21 16:03:50,111] {dag.py:1832} INFO - Sync 1 DAGs
[2021-11-21 16:03:50,149] {logging_mixin.py:104} INFO - [2021-11-21 16:03:50,149] {dag.py:2305} INFO - Setting next_dagrun for example_complex to None
[2021-11-21 16:03:50,203] {scheduler_job.py:190} INFO - Processing /home/airflow/sandbox/lib/python3.8/site-packages/airflow/example_dags/example_complex.py took 0.213 seconds
[2021-11-21 16:04:40,770] {scheduler_job.py:182} INFO - Started process (PID=5891) to work on /home/airflow/sandbox/lib/python3.8/site-packages/airflow/example_dags/example_complex.py
[2021-11-21 16:04:40,779] {scheduler_job.py:633} INFO - Processing file /home/airflow/sandbox/lib/python3.8/site-packages/airflow/example_dags/example_complex.py for tasks to queue
[2021-11-21 16:04:40,781] {logging_mixin.py:104} INFO - [2021-11-21 16:04:40,781] {dagbag.py:487} INFO - Filling up the DagBag from /home/airflow/sandbox/lib/python3.8/site-packages/airflow/example_dags/example_complex.py
[2021-11-21 16:04:40,873] {scheduler_job.py:643} INFO - DAG(s) dict_keys(['example_complex']) retrieved from /home/airflow/sandbox/lib/python3.8/site-packages/airflow/example_dags/example_complex.py
[2021-11-21 16:04:40,911] {logging_mixin.py:104} INFO - [2021-11-21 16:04:40,911] {dag.py:1832} INFO - Sync 1 DAGs
[2021-11-21 16:04:40,951] {logging_mixin.py:104} INFO - [2021-11-21 16:04:40,950] {dag.py:2305} INFO - Setting next_dagrun for example_complex to None
[2021-11-21 16:04:41,001] {scheduler_job.py:190} INFO - Processing /home/airflow/sandbox/lib/python3.8/site-packages/airflow/example_dags/example_complex.py took 0.242 seconds
[2021-11-21 16:05:29,996] {scheduler_job.py:182} INFO - Started process (PID=5924) to work on /home/airflow/sandbox/lib/python3.8/site-packages/airflow/example_dags/example_complex.py
[2021-11-21 16:05:30,003] {scheduler_job.py:633} INFO - Processing file /home/airflow/sandbox/lib/python3.8/site-packages/airflow/example_dags/example_complex.py for tasks to queue
[2021-11-21 16:05:30,005] {logging_mixin.py:104} INFO - [2021-11-21 16:05:30,004] {dagbag.py:487} INFO - Filling up the DagBag from /home/airflow/sandbox/lib/python3.8/site-packages/airflow/example_dags/example_complex.py
[2021-11-21 16:05:30,108] {scheduler_job.py:643} INFO - DAG(s) dict_keys(['example_complex']) retrieved from /home/airflow/sandbox/lib/python3.8/site-packages/airflow/example_dags/example_complex.py
[2021-11-21 16:05:30,173] {logging_mixin.py:104} INFO - [2021-11-21 16:05:30,173] {dag.py:1832} INFO - Sync 1 DAGs
[2021-11-21 16:05:30,196] {logging_mixin.py:104} INFO - [2021-11-21 16:05:30,196] {dag.py:2305} INFO - Setting next_dagrun for example_complex to None
[2021-11-21 16:05:30,247] {scheduler_job.py:190} INFO - Processing /home/airflow/sandbox/lib/python3.8/site-packages/airflow/example_dags/example_complex.py took 0.260 seconds
