[2021-11-21 15:38:46,446] {scheduler_job.py:182} INFO - Started process (PID=2834) to work on /home/airflow/sandbox/lib/python3.8/site-packages/airflow/example_dags/example_kubernetes_executor.py
[2021-11-21 15:38:46,450] {scheduler_job.py:633} INFO - Processing file /home/airflow/sandbox/lib/python3.8/site-packages/airflow/example_dags/example_kubernetes_executor.py for tasks to queue
[2021-11-21 15:38:46,453] {logging_mixin.py:104} INFO - [2021-11-21 15:38:46,453] {dagbag.py:487} INFO - Filling up the DagBag from /home/airflow/sandbox/lib/python3.8/site-packages/airflow/example_dags/example_kubernetes_executor.py
[2021-11-21 15:38:46,491] {scheduler_job.py:643} INFO - DAG(s) dict_keys(['example_kubernetes_executor']) retrieved from /home/airflow/sandbox/lib/python3.8/site-packages/airflow/example_dags/example_kubernetes_executor.py
[2021-11-21 15:38:48,536] {logging_mixin.py:104} INFO - [2021-11-21 15:38:48,536] {dag.py:1832} INFO - Sync 1 DAGs
[2021-11-21 15:38:48,610] {logging_mixin.py:104} INFO - [2021-11-21 15:38:48,609] {dag.py:2305} INFO - Setting next_dagrun for example_kubernetes_executor to None
[2021-11-21 15:38:48,709] {scheduler_job.py:190} INFO - Processing /home/airflow/sandbox/lib/python3.8/site-packages/airflow/example_dags/example_kubernetes_executor.py took 2.281 seconds
[2021-11-21 15:44:01,863] {scheduler_job.py:182} INFO - Started process (PID=3727) to work on /home/airflow/sandbox/lib/python3.8/site-packages/airflow/example_dags/example_kubernetes_executor.py
[2021-11-21 15:44:01,896] {scheduler_job.py:633} INFO - Processing file /home/airflow/sandbox/lib/python3.8/site-packages/airflow/example_dags/example_kubernetes_executor.py for tasks to queue
[2021-11-21 15:44:01,899] {logging_mixin.py:104} INFO - [2021-11-21 15:44:01,898] {dagbag.py:487} INFO - Filling up the DagBag from /home/airflow/sandbox/lib/python3.8/site-packages/airflow/example_dags/example_kubernetes_executor.py
[2021-11-21 15:44:02,379] {scheduler_job.py:643} INFO - DAG(s) dict_keys(['example_kubernetes_executor']) retrieved from /home/airflow/sandbox/lib/python3.8/site-packages/airflow/example_dags/example_kubernetes_executor.py
[2021-11-21 15:44:02,799] {logging_mixin.py:104} INFO - [2021-11-21 15:44:02,799] {dag.py:1832} INFO - Sync 1 DAGs
[2021-11-21 15:44:02,818] {logging_mixin.py:104} INFO - [2021-11-21 15:44:02,818] {dag.py:2305} INFO - Setting next_dagrun for example_kubernetes_executor to None
[2021-11-21 15:44:02,871] {scheduler_job.py:190} INFO - Processing /home/airflow/sandbox/lib/python3.8/site-packages/airflow/example_dags/example_kubernetes_executor.py took 1.164 seconds
[2021-11-21 15:44:59,737] {scheduler_job.py:182} INFO - Started process (PID=3861) to work on /home/airflow/sandbox/lib/python3.8/site-packages/airflow/example_dags/example_kubernetes_executor.py
[2021-11-21 15:44:59,746] {scheduler_job.py:633} INFO - Processing file /home/airflow/sandbox/lib/python3.8/site-packages/airflow/example_dags/example_kubernetes_executor.py for tasks to queue
[2021-11-21 15:44:59,748] {logging_mixin.py:104} INFO - [2021-11-21 15:44:59,748] {dagbag.py:487} INFO - Filling up the DagBag from /home/airflow/sandbox/lib/python3.8/site-packages/airflow/example_dags/example_kubernetes_executor.py
[2021-11-21 15:44:59,906] {scheduler_job.py:643} INFO - DAG(s) dict_keys(['example_kubernetes_executor']) retrieved from /home/airflow/sandbox/lib/python3.8/site-packages/airflow/example_dags/example_kubernetes_executor.py
[2021-11-21 15:44:59,953] {logging_mixin.py:104} INFO - [2021-11-21 15:44:59,953] {dag.py:1832} INFO - Sync 1 DAGs
[2021-11-21 15:44:59,995] {logging_mixin.py:104} INFO - [2021-11-21 15:44:59,995] {dag.py:2305} INFO - Setting next_dagrun for example_kubernetes_executor to None
[2021-11-21 15:45:00,069] {scheduler_job.py:190} INFO - Processing /home/airflow/sandbox/lib/python3.8/site-packages/airflow/example_dags/example_kubernetes_executor.py took 0.342 seconds
[2021-11-21 15:45:48,921] {scheduler_job.py:182} INFO - Started process (PID=3894) to work on /home/airflow/sandbox/lib/python3.8/site-packages/airflow/example_dags/example_kubernetes_executor.py
[2021-11-21 15:45:48,929] {scheduler_job.py:633} INFO - Processing file /home/airflow/sandbox/lib/python3.8/site-packages/airflow/example_dags/example_kubernetes_executor.py for tasks to queue
[2021-11-21 15:45:48,930] {logging_mixin.py:104} INFO - [2021-11-21 15:45:48,930] {dagbag.py:487} INFO - Filling up the DagBag from /home/airflow/sandbox/lib/python3.8/site-packages/airflow/example_dags/example_kubernetes_executor.py
[2021-11-21 15:45:48,965] {scheduler_job.py:643} INFO - DAG(s) dict_keys(['example_kubernetes_executor']) retrieved from /home/airflow/sandbox/lib/python3.8/site-packages/airflow/example_dags/example_kubernetes_executor.py
[2021-11-21 15:45:49,013] {logging_mixin.py:104} INFO - [2021-11-21 15:45:49,013] {dag.py:1832} INFO - Sync 1 DAGs
[2021-11-21 15:45:49,038] {logging_mixin.py:104} INFO - [2021-11-21 15:45:49,038] {dag.py:2305} INFO - Setting next_dagrun for example_kubernetes_executor to None
[2021-11-21 15:45:49,109] {scheduler_job.py:190} INFO - Processing /home/airflow/sandbox/lib/python3.8/site-packages/airflow/example_dags/example_kubernetes_executor.py took 0.192 seconds
[2021-11-21 15:46:41,650] {scheduler_job.py:182} INFO - Started process (PID=3984) to work on /home/airflow/sandbox/lib/python3.8/site-packages/airflow/example_dags/example_kubernetes_executor.py
[2021-11-21 15:46:41,676] {scheduler_job.py:633} INFO - Processing file /home/airflow/sandbox/lib/python3.8/site-packages/airflow/example_dags/example_kubernetes_executor.py for tasks to queue
[2021-11-21 15:46:41,684] {logging_mixin.py:104} INFO - [2021-11-21 15:46:41,684] {dagbag.py:487} INFO - Filling up the DagBag from /home/airflow/sandbox/lib/python3.8/site-packages/airflow/example_dags/example_kubernetes_executor.py
[2021-11-21 15:46:41,785] {scheduler_job.py:643} INFO - DAG(s) dict_keys(['example_kubernetes_executor']) retrieved from /home/airflow/sandbox/lib/python3.8/site-packages/airflow/example_dags/example_kubernetes_executor.py
[2021-11-21 15:46:41,833] {logging_mixin.py:104} INFO - [2021-11-21 15:46:41,833] {dag.py:1832} INFO - Sync 1 DAGs
[2021-11-21 15:46:41,874] {logging_mixin.py:104} INFO - [2021-11-21 15:46:41,874] {dag.py:2305} INFO - Setting next_dagrun for example_kubernetes_executor to None
[2021-11-21 15:46:41,938] {scheduler_job.py:190} INFO - Processing /home/airflow/sandbox/lib/python3.8/site-packages/airflow/example_dags/example_kubernetes_executor.py took 0.305 seconds
[2021-11-21 15:47:38,502] {scheduler_job.py:182} INFO - Started process (PID=4014) to work on /home/airflow/sandbox/lib/python3.8/site-packages/airflow/example_dags/example_kubernetes_executor.py
[2021-11-21 15:47:38,510] {scheduler_job.py:633} INFO - Processing file /home/airflow/sandbox/lib/python3.8/site-packages/airflow/example_dags/example_kubernetes_executor.py for tasks to queue
[2021-11-21 15:47:38,511] {logging_mixin.py:104} INFO - [2021-11-21 15:47:38,511] {dagbag.py:487} INFO - Filling up the DagBag from /home/airflow/sandbox/lib/python3.8/site-packages/airflow/example_dags/example_kubernetes_executor.py
[2021-11-21 15:47:38,604] {scheduler_job.py:643} INFO - DAG(s) dict_keys(['example_kubernetes_executor']) retrieved from /home/airflow/sandbox/lib/python3.8/site-packages/airflow/example_dags/example_kubernetes_executor.py
[2021-11-21 15:47:38,651] {logging_mixin.py:104} INFO - [2021-11-21 15:47:38,651] {dag.py:1832} INFO - Sync 1 DAGs
[2021-11-21 15:47:38,740] {logging_mixin.py:104} INFO - [2021-11-21 15:47:38,740] {dag.py:2305} INFO - Setting next_dagrun for example_kubernetes_executor to None
[2021-11-21 15:47:38,826] {scheduler_job.py:190} INFO - Processing /home/airflow/sandbox/lib/python3.8/site-packages/airflow/example_dags/example_kubernetes_executor.py took 0.331 seconds
[2021-11-21 15:48:37,614] {scheduler_job.py:182} INFO - Started process (PID=4090) to work on /home/airflow/sandbox/lib/python3.8/site-packages/airflow/example_dags/example_kubernetes_executor.py
[2021-11-21 15:48:37,624] {scheduler_job.py:633} INFO - Processing file /home/airflow/sandbox/lib/python3.8/site-packages/airflow/example_dags/example_kubernetes_executor.py for tasks to queue
[2021-11-21 15:48:37,656] {logging_mixin.py:104} INFO - [2021-11-21 15:48:37,656] {dagbag.py:487} INFO - Filling up the DagBag from /home/airflow/sandbox/lib/python3.8/site-packages/airflow/example_dags/example_kubernetes_executor.py
[2021-11-21 15:48:37,814] {scheduler_job.py:643} INFO - DAG(s) dict_keys(['example_kubernetes_executor']) retrieved from /home/airflow/sandbox/lib/python3.8/site-packages/airflow/example_dags/example_kubernetes_executor.py
[2021-11-21 15:48:37,957] {logging_mixin.py:104} INFO - [2021-11-21 15:48:37,957] {dag.py:1832} INFO - Sync 1 DAGs
[2021-11-21 15:48:38,223] {logging_mixin.py:104} INFO - [2021-11-21 15:48:38,222] {dag.py:2305} INFO - Setting next_dagrun for example_kubernetes_executor to None
[2021-11-21 15:48:38,391] {scheduler_job.py:190} INFO - Processing /home/airflow/sandbox/lib/python3.8/site-packages/airflow/example_dags/example_kubernetes_executor.py took 0.798 seconds
[2021-11-21 15:49:39,260] {scheduler_job.py:182} INFO - Started process (PID=4198) to work on /home/airflow/sandbox/lib/python3.8/site-packages/airflow/example_dags/example_kubernetes_executor.py
[2021-11-21 15:49:39,275] {scheduler_job.py:633} INFO - Processing file /home/airflow/sandbox/lib/python3.8/site-packages/airflow/example_dags/example_kubernetes_executor.py for tasks to queue
[2021-11-21 15:49:39,277] {logging_mixin.py:104} INFO - [2021-11-21 15:49:39,277] {dagbag.py:487} INFO - Filling up the DagBag from /home/airflow/sandbox/lib/python3.8/site-packages/airflow/example_dags/example_kubernetes_executor.py
[2021-11-21 15:49:39,383] {scheduler_job.py:643} INFO - DAG(s) dict_keys(['example_kubernetes_executor']) retrieved from /home/airflow/sandbox/lib/python3.8/site-packages/airflow/example_dags/example_kubernetes_executor.py
[2021-11-21 15:49:39,502] {logging_mixin.py:104} INFO - [2021-11-21 15:49:39,501] {dag.py:1832} INFO - Sync 1 DAGs
[2021-11-21 15:49:39,612] {logging_mixin.py:104} INFO - [2021-11-21 15:49:39,612] {dag.py:2305} INFO - Setting next_dagrun for example_kubernetes_executor to None
[2021-11-21 15:49:39,754] {scheduler_job.py:190} INFO - Processing /home/airflow/sandbox/lib/python3.8/site-packages/airflow/example_dags/example_kubernetes_executor.py took 0.518 seconds
[2021-11-21 15:50:47,830] {scheduler_job.py:182} INFO - Started process (PID=4367) to work on /home/airflow/sandbox/lib/python3.8/site-packages/airflow/example_dags/example_kubernetes_executor.py
[2021-11-21 15:50:47,835] {scheduler_job.py:633} INFO - Processing file /home/airflow/sandbox/lib/python3.8/site-packages/airflow/example_dags/example_kubernetes_executor.py for tasks to queue
[2021-11-21 15:50:47,836] {logging_mixin.py:104} INFO - [2021-11-21 15:50:47,836] {dagbag.py:487} INFO - Filling up the DagBag from /home/airflow/sandbox/lib/python3.8/site-packages/airflow/example_dags/example_kubernetes_executor.py
[2021-11-21 15:50:47,868] {scheduler_job.py:643} INFO - DAG(s) dict_keys(['example_kubernetes_executor']) retrieved from /home/airflow/sandbox/lib/python3.8/site-packages/airflow/example_dags/example_kubernetes_executor.py
[2021-11-21 15:50:47,911] {logging_mixin.py:104} INFO - [2021-11-21 15:50:47,911] {dag.py:1832} INFO - Sync 1 DAGs
[2021-11-21 15:50:47,932] {logging_mixin.py:104} INFO - [2021-11-21 15:50:47,932] {dag.py:2305} INFO - Setting next_dagrun for example_kubernetes_executor to None
[2021-11-21 15:50:48,044] {scheduler_job.py:190} INFO - Processing /home/airflow/sandbox/lib/python3.8/site-packages/airflow/example_dags/example_kubernetes_executor.py took 0.219 seconds
[2021-11-21 15:51:52,630] {scheduler_job.py:182} INFO - Started process (PID=4521) to work on /home/airflow/sandbox/lib/python3.8/site-packages/airflow/example_dags/example_kubernetes_executor.py
[2021-11-21 15:51:52,637] {scheduler_job.py:633} INFO - Processing file /home/airflow/sandbox/lib/python3.8/site-packages/airflow/example_dags/example_kubernetes_executor.py for tasks to queue
[2021-11-21 15:51:52,640] {logging_mixin.py:104} INFO - [2021-11-21 15:51:52,640] {dagbag.py:487} INFO - Filling up the DagBag from /home/airflow/sandbox/lib/python3.8/site-packages/airflow/example_dags/example_kubernetes_executor.py
[2021-11-21 15:51:52,800] {scheduler_job.py:643} INFO - DAG(s) dict_keys(['example_kubernetes_executor']) retrieved from /home/airflow/sandbox/lib/python3.8/site-packages/airflow/example_dags/example_kubernetes_executor.py
[2021-11-21 15:51:52,954] {logging_mixin.py:104} INFO - [2021-11-21 15:51:52,953] {dag.py:1832} INFO - Sync 1 DAGs
[2021-11-21 15:51:53,075] {logging_mixin.py:104} INFO - [2021-11-21 15:51:53,074] {dag.py:2305} INFO - Setting next_dagrun for example_kubernetes_executor to None
[2021-11-21 15:51:53,219] {scheduler_job.py:190} INFO - Processing /home/airflow/sandbox/lib/python3.8/site-packages/airflow/example_dags/example_kubernetes_executor.py took 0.610 seconds
[2021-11-21 15:52:50,727] {scheduler_job.py:182} INFO - Started process (PID=4649) to work on /home/airflow/sandbox/lib/python3.8/site-packages/airflow/example_dags/example_kubernetes_executor.py
[2021-11-21 15:52:50,737] {scheduler_job.py:633} INFO - Processing file /home/airflow/sandbox/lib/python3.8/site-packages/airflow/example_dags/example_kubernetes_executor.py for tasks to queue
[2021-11-21 15:52:50,739] {logging_mixin.py:104} INFO - [2021-11-21 15:52:50,739] {dagbag.py:487} INFO - Filling up the DagBag from /home/airflow/sandbox/lib/python3.8/site-packages/airflow/example_dags/example_kubernetes_executor.py
[2021-11-21 15:52:50,878] {scheduler_job.py:643} INFO - DAG(s) dict_keys(['example_kubernetes_executor']) retrieved from /home/airflow/sandbox/lib/python3.8/site-packages/airflow/example_dags/example_kubernetes_executor.py
[2021-11-21 15:52:50,953] {logging_mixin.py:104} INFO - [2021-11-21 15:52:50,953] {dag.py:1832} INFO - Sync 1 DAGs
[2021-11-21 15:52:50,994] {logging_mixin.py:104} INFO - [2021-11-21 15:52:50,994] {dag.py:2305} INFO - Setting next_dagrun for example_kubernetes_executor to None
[2021-11-21 15:52:51,049] {scheduler_job.py:190} INFO - Processing /home/airflow/sandbox/lib/python3.8/site-packages/airflow/example_dags/example_kubernetes_executor.py took 0.340 seconds
[2021-11-21 15:54:00,432] {scheduler_job.py:182} INFO - Started process (PID=4878) to work on /home/airflow/sandbox/lib/python3.8/site-packages/airflow/example_dags/example_kubernetes_executor.py
[2021-11-21 15:54:00,443] {scheduler_job.py:633} INFO - Processing file /home/airflow/sandbox/lib/python3.8/site-packages/airflow/example_dags/example_kubernetes_executor.py for tasks to queue
[2021-11-21 15:54:00,445] {logging_mixin.py:104} INFO - [2021-11-21 15:54:00,445] {dagbag.py:487} INFO - Filling up the DagBag from /home/airflow/sandbox/lib/python3.8/site-packages/airflow/example_dags/example_kubernetes_executor.py
[2021-11-21 15:54:00,583] {scheduler_job.py:643} INFO - DAG(s) dict_keys(['example_kubernetes_executor']) retrieved from /home/airflow/sandbox/lib/python3.8/site-packages/airflow/example_dags/example_kubernetes_executor.py
[2021-11-21 15:54:00,756] {logging_mixin.py:104} INFO - [2021-11-21 15:54:00,756] {dag.py:1832} INFO - Sync 1 DAGs
[2021-11-21 15:54:00,872] {logging_mixin.py:104} INFO - [2021-11-21 15:54:00,872] {dag.py:2305} INFO - Setting next_dagrun for example_kubernetes_executor to None
[2021-11-21 15:54:00,957] {scheduler_job.py:190} INFO - Processing /home/airflow/sandbox/lib/python3.8/site-packages/airflow/example_dags/example_kubernetes_executor.py took 0.548 seconds
[2021-11-21 15:54:52,742] {scheduler_job.py:182} INFO - Started process (PID=4971) to work on /home/airflow/sandbox/lib/python3.8/site-packages/airflow/example_dags/example_kubernetes_executor.py
[2021-11-21 15:54:52,757] {scheduler_job.py:633} INFO - Processing file /home/airflow/sandbox/lib/python3.8/site-packages/airflow/example_dags/example_kubernetes_executor.py for tasks to queue
[2021-11-21 15:54:52,759] {logging_mixin.py:104} INFO - [2021-11-21 15:54:52,758] {dagbag.py:487} INFO - Filling up the DagBag from /home/airflow/sandbox/lib/python3.8/site-packages/airflow/example_dags/example_kubernetes_executor.py
[2021-11-21 15:54:52,880] {scheduler_job.py:643} INFO - DAG(s) dict_keys(['example_kubernetes_executor']) retrieved from /home/airflow/sandbox/lib/python3.8/site-packages/airflow/example_dags/example_kubernetes_executor.py
[2021-11-21 15:54:53,027] {logging_mixin.py:104} INFO - [2021-11-21 15:54:53,027] {dag.py:1832} INFO - Sync 1 DAGs
[2021-11-21 15:54:53,058] {logging_mixin.py:104} INFO - [2021-11-21 15:54:53,058] {dag.py:2305} INFO - Setting next_dagrun for example_kubernetes_executor to None
[2021-11-21 15:54:53,108] {scheduler_job.py:190} INFO - Processing /home/airflow/sandbox/lib/python3.8/site-packages/airflow/example_dags/example_kubernetes_executor.py took 0.377 seconds
[2021-11-21 15:55:33,105] {scheduler_job.py:182} INFO - Started process (PID=4999) to work on /home/airflow/sandbox/lib/python3.8/site-packages/airflow/example_dags/example_kubernetes_executor.py
[2021-11-21 15:55:33,111] {scheduler_job.py:633} INFO - Processing file /home/airflow/sandbox/lib/python3.8/site-packages/airflow/example_dags/example_kubernetes_executor.py for tasks to queue
[2021-11-21 15:55:33,113] {logging_mixin.py:104} INFO - [2021-11-21 15:55:33,112] {dagbag.py:487} INFO - Filling up the DagBag from /home/airflow/sandbox/lib/python3.8/site-packages/airflow/example_dags/example_kubernetes_executor.py
[2021-11-21 15:55:33,168] {scheduler_job.py:643} INFO - DAG(s) dict_keys(['example_kubernetes_executor']) retrieved from /home/airflow/sandbox/lib/python3.8/site-packages/airflow/example_dags/example_kubernetes_executor.py
[2021-11-21 15:55:33,213] {logging_mixin.py:104} INFO - [2021-11-21 15:55:33,213] {dag.py:1832} INFO - Sync 1 DAGs
[2021-11-21 15:55:33,244] {logging_mixin.py:104} INFO - [2021-11-21 15:55:33,244] {dag.py:2305} INFO - Setting next_dagrun for example_kubernetes_executor to None
[2021-11-21 15:55:33,297] {scheduler_job.py:190} INFO - Processing /home/airflow/sandbox/lib/python3.8/site-packages/airflow/example_dags/example_kubernetes_executor.py took 0.197 seconds
[2021-11-21 15:56:31,868] {scheduler_job.py:182} INFO - Started process (PID=5097) to work on /home/airflow/sandbox/lib/python3.8/site-packages/airflow/example_dags/example_kubernetes_executor.py
[2021-11-21 15:56:31,881] {scheduler_job.py:633} INFO - Processing file /home/airflow/sandbox/lib/python3.8/site-packages/airflow/example_dags/example_kubernetes_executor.py for tasks to queue
[2021-11-21 15:56:31,910] {logging_mixin.py:104} INFO - [2021-11-21 15:56:31,909] {dagbag.py:487} INFO - Filling up the DagBag from /home/airflow/sandbox/lib/python3.8/site-packages/airflow/example_dags/example_kubernetes_executor.py
[2021-11-21 15:56:32,049] {scheduler_job.py:643} INFO - DAG(s) dict_keys(['example_kubernetes_executor']) retrieved from /home/airflow/sandbox/lib/python3.8/site-packages/airflow/example_dags/example_kubernetes_executor.py
[2021-11-21 15:56:32,234] {logging_mixin.py:104} INFO - [2021-11-21 15:56:32,234] {dag.py:1832} INFO - Sync 1 DAGs
[2021-11-21 15:56:32,344] {logging_mixin.py:104} INFO - [2021-11-21 15:56:32,344] {dag.py:2305} INFO - Setting next_dagrun for example_kubernetes_executor to None
[2021-11-21 15:56:32,532] {scheduler_job.py:190} INFO - Processing /home/airflow/sandbox/lib/python3.8/site-packages/airflow/example_dags/example_kubernetes_executor.py took 0.678 seconds
[2021-11-21 15:57:31,437] {scheduler_job.py:182} INFO - Started process (PID=5186) to work on /home/airflow/sandbox/lib/python3.8/site-packages/airflow/example_dags/example_kubernetes_executor.py
[2021-11-21 15:57:31,449] {scheduler_job.py:633} INFO - Processing file /home/airflow/sandbox/lib/python3.8/site-packages/airflow/example_dags/example_kubernetes_executor.py for tasks to queue
[2021-11-21 15:57:31,451] {logging_mixin.py:104} INFO - [2021-11-21 15:57:31,451] {dagbag.py:487} INFO - Filling up the DagBag from /home/airflow/sandbox/lib/python3.8/site-packages/airflow/example_dags/example_kubernetes_executor.py
[2021-11-21 15:57:31,740] {scheduler_job.py:643} INFO - DAG(s) dict_keys(['example_kubernetes_executor']) retrieved from /home/airflow/sandbox/lib/python3.8/site-packages/airflow/example_dags/example_kubernetes_executor.py
[2021-11-21 15:57:32,082] {logging_mixin.py:104} INFO - [2021-11-21 15:57:32,081] {dag.py:1832} INFO - Sync 1 DAGs
[2021-11-21 15:57:32,327] {logging_mixin.py:104} INFO - [2021-11-21 15:57:32,326] {dag.py:2305} INFO - Setting next_dagrun for example_kubernetes_executor to None
[2021-11-21 15:57:32,835] {scheduler_job.py:190} INFO - Processing /home/airflow/sandbox/lib/python3.8/site-packages/airflow/example_dags/example_kubernetes_executor.py took 1.461 seconds
[2021-11-21 15:58:33,925] {scheduler_job.py:182} INFO - Started process (PID=5400) to work on /home/airflow/sandbox/lib/python3.8/site-packages/airflow/example_dags/example_kubernetes_executor.py
[2021-11-21 15:58:33,956] {scheduler_job.py:633} INFO - Processing file /home/airflow/sandbox/lib/python3.8/site-packages/airflow/example_dags/example_kubernetes_executor.py for tasks to queue
[2021-11-21 15:58:33,958] {logging_mixin.py:104} INFO - [2021-11-21 15:58:33,958] {dagbag.py:487} INFO - Filling up the DagBag from /home/airflow/sandbox/lib/python3.8/site-packages/airflow/example_dags/example_kubernetes_executor.py
[2021-11-21 15:58:34,150] {scheduler_job.py:643} INFO - DAG(s) dict_keys(['example_kubernetes_executor']) retrieved from /home/airflow/sandbox/lib/python3.8/site-packages/airflow/example_dags/example_kubernetes_executor.py
[2021-11-21 15:58:34,312] {logging_mixin.py:104} INFO - [2021-11-21 15:58:34,312] {dag.py:1832} INFO - Sync 1 DAGs
[2021-11-21 15:58:34,407] {logging_mixin.py:104} INFO - [2021-11-21 15:58:34,406] {dag.py:2305} INFO - Setting next_dagrun for example_kubernetes_executor to None
[2021-11-21 15:58:34,626] {scheduler_job.py:190} INFO - Processing /home/airflow/sandbox/lib/python3.8/site-packages/airflow/example_dags/example_kubernetes_executor.py took 0.720 seconds
[2021-11-21 15:59:34,755] {scheduler_job.py:182} INFO - Started process (PID=5471) to work on /home/airflow/sandbox/lib/python3.8/site-packages/airflow/example_dags/example_kubernetes_executor.py
[2021-11-21 15:59:34,777] {scheduler_job.py:633} INFO - Processing file /home/airflow/sandbox/lib/python3.8/site-packages/airflow/example_dags/example_kubernetes_executor.py for tasks to queue
[2021-11-21 15:59:34,780] {logging_mixin.py:104} INFO - [2021-11-21 15:59:34,779] {dagbag.py:487} INFO - Filling up the DagBag from /home/airflow/sandbox/lib/python3.8/site-packages/airflow/example_dags/example_kubernetes_executor.py
[2021-11-21 15:59:35,037] {scheduler_job.py:643} INFO - DAG(s) dict_keys(['example_kubernetes_executor']) retrieved from /home/airflow/sandbox/lib/python3.8/site-packages/airflow/example_dags/example_kubernetes_executor.py
[2021-11-21 15:59:35,092] {logging_mixin.py:104} INFO - [2021-11-21 15:59:35,092] {dag.py:1832} INFO - Sync 1 DAGs
[2021-11-21 15:59:35,121] {logging_mixin.py:104} INFO - [2021-11-21 15:59:35,121] {dag.py:2305} INFO - Setting next_dagrun for example_kubernetes_executor to None
[2021-11-21 15:59:35,176] {scheduler_job.py:190} INFO - Processing /home/airflow/sandbox/lib/python3.8/site-packages/airflow/example_dags/example_kubernetes_executor.py took 0.449 seconds
[2021-11-21 16:00:19,915] {scheduler_job.py:182} INFO - Started process (PID=5535) to work on /home/airflow/sandbox/lib/python3.8/site-packages/airflow/example_dags/example_kubernetes_executor.py
[2021-11-21 16:00:19,924] {scheduler_job.py:633} INFO - Processing file /home/airflow/sandbox/lib/python3.8/site-packages/airflow/example_dags/example_kubernetes_executor.py for tasks to queue
[2021-11-21 16:00:19,926] {logging_mixin.py:104} INFO - [2021-11-21 16:00:19,926] {dagbag.py:487} INFO - Filling up the DagBag from /home/airflow/sandbox/lib/python3.8/site-packages/airflow/example_dags/example_kubernetes_executor.py
[2021-11-21 16:00:19,991] {scheduler_job.py:643} INFO - DAG(s) dict_keys(['example_kubernetes_executor']) retrieved from /home/airflow/sandbox/lib/python3.8/site-packages/airflow/example_dags/example_kubernetes_executor.py
[2021-11-21 16:00:20,046] {logging_mixin.py:104} INFO - [2021-11-21 16:00:20,046] {dag.py:1832} INFO - Sync 1 DAGs
[2021-11-21 16:00:20,079] {logging_mixin.py:104} INFO - [2021-11-21 16:00:20,079] {dag.py:2305} INFO - Setting next_dagrun for example_kubernetes_executor to None
[2021-11-21 16:00:20,135] {scheduler_job.py:190} INFO - Processing /home/airflow/sandbox/lib/python3.8/site-packages/airflow/example_dags/example_kubernetes_executor.py took 0.242 seconds
[2021-11-21 16:01:06,681] {scheduler_job.py:182} INFO - Started process (PID=5639) to work on /home/airflow/sandbox/lib/python3.8/site-packages/airflow/example_dags/example_kubernetes_executor.py
[2021-11-21 16:01:06,692] {scheduler_job.py:633} INFO - Processing file /home/airflow/sandbox/lib/python3.8/site-packages/airflow/example_dags/example_kubernetes_executor.py for tasks to queue
[2021-11-21 16:01:06,694] {logging_mixin.py:104} INFO - [2021-11-21 16:01:06,694] {dagbag.py:487} INFO - Filling up the DagBag from /home/airflow/sandbox/lib/python3.8/site-packages/airflow/example_dags/example_kubernetes_executor.py
[2021-11-21 16:01:06,783] {scheduler_job.py:643} INFO - DAG(s) dict_keys(['example_kubernetes_executor']) retrieved from /home/airflow/sandbox/lib/python3.8/site-packages/airflow/example_dags/example_kubernetes_executor.py
[2021-11-21 16:01:06,828] {logging_mixin.py:104} INFO - [2021-11-21 16:01:06,828] {dag.py:1832} INFO - Sync 1 DAGs
[2021-11-21 16:01:06,870] {logging_mixin.py:104} INFO - [2021-11-21 16:01:06,870] {dag.py:2305} INFO - Setting next_dagrun for example_kubernetes_executor to None
[2021-11-21 16:01:06,934] {scheduler_job.py:190} INFO - Processing /home/airflow/sandbox/lib/python3.8/site-packages/airflow/example_dags/example_kubernetes_executor.py took 0.273 seconds
[2021-11-21 16:01:49,495] {scheduler_job.py:182} INFO - Started process (PID=5668) to work on /home/airflow/sandbox/lib/python3.8/site-packages/airflow/example_dags/example_kubernetes_executor.py
[2021-11-21 16:01:49,503] {scheduler_job.py:633} INFO - Processing file /home/airflow/sandbox/lib/python3.8/site-packages/airflow/example_dags/example_kubernetes_executor.py for tasks to queue
[2021-11-21 16:01:49,505] {logging_mixin.py:104} INFO - [2021-11-21 16:01:49,505] {dagbag.py:487} INFO - Filling up the DagBag from /home/airflow/sandbox/lib/python3.8/site-packages/airflow/example_dags/example_kubernetes_executor.py
[2021-11-21 16:01:49,588] {scheduler_job.py:643} INFO - DAG(s) dict_keys(['example_kubernetes_executor']) retrieved from /home/airflow/sandbox/lib/python3.8/site-packages/airflow/example_dags/example_kubernetes_executor.py
[2021-11-21 16:01:49,630] {logging_mixin.py:104} INFO - [2021-11-21 16:01:49,630] {dag.py:1832} INFO - Sync 1 DAGs
[2021-11-21 16:01:49,663] {logging_mixin.py:104} INFO - [2021-11-21 16:01:49,663] {dag.py:2305} INFO - Setting next_dagrun for example_kubernetes_executor to None
[2021-11-21 16:01:49,718] {scheduler_job.py:190} INFO - Processing /home/airflow/sandbox/lib/python3.8/site-packages/airflow/example_dags/example_kubernetes_executor.py took 0.244 seconds
[2021-11-21 16:02:28,751] {scheduler_job.py:182} INFO - Started process (PID=5757) to work on /home/airflow/sandbox/lib/python3.8/site-packages/airflow/example_dags/example_kubernetes_executor.py
[2021-11-21 16:02:28,759] {scheduler_job.py:633} INFO - Processing file /home/airflow/sandbox/lib/python3.8/site-packages/airflow/example_dags/example_kubernetes_executor.py for tasks to queue
[2021-11-21 16:02:28,761] {logging_mixin.py:104} INFO - [2021-11-21 16:02:28,761] {dagbag.py:487} INFO - Filling up the DagBag from /home/airflow/sandbox/lib/python3.8/site-packages/airflow/example_dags/example_kubernetes_executor.py
[2021-11-21 16:02:28,883] {scheduler_job.py:643} INFO - DAG(s) dict_keys(['example_kubernetes_executor']) retrieved from /home/airflow/sandbox/lib/python3.8/site-packages/airflow/example_dags/example_kubernetes_executor.py
[2021-11-21 16:02:28,941] {logging_mixin.py:104} INFO - [2021-11-21 16:02:28,941] {dag.py:1832} INFO - Sync 1 DAGs
[2021-11-21 16:02:28,964] {logging_mixin.py:104} INFO - [2021-11-21 16:02:28,963] {dag.py:2305} INFO - Setting next_dagrun for example_kubernetes_executor to None
[2021-11-21 16:02:29,017] {scheduler_job.py:190} INFO - Processing /home/airflow/sandbox/lib/python3.8/site-packages/airflow/example_dags/example_kubernetes_executor.py took 0.290 seconds
[2021-11-21 16:03:06,806] {scheduler_job.py:182} INFO - Started process (PID=5784) to work on /home/airflow/sandbox/lib/python3.8/site-packages/airflow/example_dags/example_kubernetes_executor.py
[2021-11-21 16:03:06,823] {scheduler_job.py:633} INFO - Processing file /home/airflow/sandbox/lib/python3.8/site-packages/airflow/example_dags/example_kubernetes_executor.py for tasks to queue
[2021-11-21 16:03:06,837] {logging_mixin.py:104} INFO - [2021-11-21 16:03:06,836] {dagbag.py:487} INFO - Filling up the DagBag from /home/airflow/sandbox/lib/python3.8/site-packages/airflow/example_dags/example_kubernetes_executor.py
[2021-11-21 16:03:06,911] {scheduler_job.py:643} INFO - DAG(s) dict_keys(['example_kubernetes_executor']) retrieved from /home/airflow/sandbox/lib/python3.8/site-packages/airflow/example_dags/example_kubernetes_executor.py
[2021-11-21 16:03:06,944] {logging_mixin.py:104} INFO - [2021-11-21 16:03:06,944] {dag.py:1832} INFO - Sync 1 DAGs
[2021-11-21 16:03:06,978] {logging_mixin.py:104} INFO - [2021-11-21 16:03:06,978] {dag.py:2305} INFO - Setting next_dagrun for example_kubernetes_executor to None
[2021-11-21 16:03:07,050] {scheduler_job.py:190} INFO - Processing /home/airflow/sandbox/lib/python3.8/site-packages/airflow/example_dags/example_kubernetes_executor.py took 0.259 seconds
[2021-11-21 16:03:59,062] {scheduler_job.py:182} INFO - Started process (PID=5862) to work on /home/airflow/sandbox/lib/python3.8/site-packages/airflow/example_dags/example_kubernetes_executor.py
[2021-11-21 16:03:59,085] {scheduler_job.py:633} INFO - Processing file /home/airflow/sandbox/lib/python3.8/site-packages/airflow/example_dags/example_kubernetes_executor.py for tasks to queue
[2021-11-21 16:03:59,107] {logging_mixin.py:104} INFO - [2021-11-21 16:03:59,106] {dagbag.py:487} INFO - Filling up the DagBag from /home/airflow/sandbox/lib/python3.8/site-packages/airflow/example_dags/example_kubernetes_executor.py
[2021-11-21 16:03:59,233] {scheduler_job.py:643} INFO - DAG(s) dict_keys(['example_kubernetes_executor']) retrieved from /home/airflow/sandbox/lib/python3.8/site-packages/airflow/example_dags/example_kubernetes_executor.py
[2021-11-21 16:03:59,282] {logging_mixin.py:104} INFO - [2021-11-21 16:03:59,282] {dag.py:1832} INFO - Sync 1 DAGs
[2021-11-21 16:03:59,324] {logging_mixin.py:104} INFO - [2021-11-21 16:03:59,321] {dag.py:2305} INFO - Setting next_dagrun for example_kubernetes_executor to None
[2021-11-21 16:03:59,378] {scheduler_job.py:190} INFO - Processing /home/airflow/sandbox/lib/python3.8/site-packages/airflow/example_dags/example_kubernetes_executor.py took 0.330 seconds
[2021-11-21 16:04:48,267] {scheduler_job.py:182} INFO - Started process (PID=5897) to work on /home/airflow/sandbox/lib/python3.8/site-packages/airflow/example_dags/example_kubernetes_executor.py
[2021-11-21 16:04:48,275] {scheduler_job.py:633} INFO - Processing file /home/airflow/sandbox/lib/python3.8/site-packages/airflow/example_dags/example_kubernetes_executor.py for tasks to queue
[2021-11-21 16:04:48,277] {logging_mixin.py:104} INFO - [2021-11-21 16:04:48,276] {dagbag.py:487} INFO - Filling up the DagBag from /home/airflow/sandbox/lib/python3.8/site-packages/airflow/example_dags/example_kubernetes_executor.py
[2021-11-21 16:04:48,397] {scheduler_job.py:643} INFO - DAG(s) dict_keys(['example_kubernetes_executor']) retrieved from /home/airflow/sandbox/lib/python3.8/site-packages/airflow/example_dags/example_kubernetes_executor.py
[2021-11-21 16:04:48,462] {logging_mixin.py:104} INFO - [2021-11-21 16:04:48,462] {dag.py:1832} INFO - Sync 1 DAGs
[2021-11-21 16:04:48,509] {logging_mixin.py:104} INFO - [2021-11-21 16:04:48,508] {dag.py:2305} INFO - Setting next_dagrun for example_kubernetes_executor to None
[2021-11-21 16:04:48,582] {scheduler_job.py:190} INFO - Processing /home/airflow/sandbox/lib/python3.8/site-packages/airflow/example_dags/example_kubernetes_executor.py took 0.328 seconds
[2021-11-21 16:05:40,702] {scheduler_job.py:182} INFO - Started process (PID=5931) to work on /home/airflow/sandbox/lib/python3.8/site-packages/airflow/example_dags/example_kubernetes_executor.py
[2021-11-21 16:05:40,726] {scheduler_job.py:633} INFO - Processing file /home/airflow/sandbox/lib/python3.8/site-packages/airflow/example_dags/example_kubernetes_executor.py for tasks to queue
[2021-11-21 16:05:40,733] {logging_mixin.py:104} INFO - [2021-11-21 16:05:40,733] {dagbag.py:487} INFO - Filling up the DagBag from /home/airflow/sandbox/lib/python3.8/site-packages/airflow/example_dags/example_kubernetes_executor.py
[2021-11-21 16:05:40,819] {scheduler_job.py:643} INFO - DAG(s) dict_keys(['example_kubernetes_executor']) retrieved from /home/airflow/sandbox/lib/python3.8/site-packages/airflow/example_dags/example_kubernetes_executor.py
[2021-11-21 16:05:40,903] {logging_mixin.py:104} INFO - [2021-11-21 16:05:40,903] {dag.py:1832} INFO - Sync 1 DAGs
[2021-11-21 16:05:40,962] {logging_mixin.py:104} INFO - [2021-11-21 16:05:40,962] {dag.py:2305} INFO - Setting next_dagrun for example_kubernetes_executor to None
[2021-11-21 16:05:41,042] {scheduler_job.py:190} INFO - Processing /home/airflow/sandbox/lib/python3.8/site-packages/airflow/example_dags/example_kubernetes_executor.py took 0.351 seconds
