[2021-11-21 15:39:05,671] {scheduler_job.py:182} INFO - Started process (PID=2901) to work on /home/airflow/sandbox/lib/python3.8/site-packages/airflow/example_dags/example_skip_dag.py
[2021-11-21 15:39:05,690] {scheduler_job.py:633} INFO - Processing file /home/airflow/sandbox/lib/python3.8/site-packages/airflow/example_dags/example_skip_dag.py for tasks to queue
[2021-11-21 15:39:05,692] {logging_mixin.py:104} INFO - [2021-11-21 15:39:05,692] {dagbag.py:487} INFO - Filling up the DagBag from /home/airflow/sandbox/lib/python3.8/site-packages/airflow/example_dags/example_skip_dag.py
[2021-11-21 15:39:05,793] {scheduler_job.py:643} INFO - DAG(s) dict_keys(['example_skip_dag']) retrieved from /home/airflow/sandbox/lib/python3.8/site-packages/airflow/example_dags/example_skip_dag.py
[2021-11-21 15:39:06,913] {logging_mixin.py:104} INFO - [2021-11-21 15:39:06,913] {dag.py:1832} INFO - Sync 1 DAGs
[2021-11-21 15:39:06,935] {logging_mixin.py:104} INFO - [2021-11-21 15:39:06,935] {dag.py:2305} INFO - Setting next_dagrun for example_skip_dag to 2021-11-19 00:00:00+00:00
[2021-11-21 15:39:07,031] {scheduler_job.py:190} INFO - Processing /home/airflow/sandbox/lib/python3.8/site-packages/airflow/example_dags/example_skip_dag.py took 1.424 seconds
[2021-11-21 15:44:16,090] {scheduler_job.py:182} INFO - Started process (PID=3806) to work on /home/airflow/sandbox/lib/python3.8/site-packages/airflow/example_dags/example_skip_dag.py
[2021-11-21 15:44:16,111] {scheduler_job.py:633} INFO - Processing file /home/airflow/sandbox/lib/python3.8/site-packages/airflow/example_dags/example_skip_dag.py for tasks to queue
[2021-11-21 15:44:16,113] {logging_mixin.py:104} INFO - [2021-11-21 15:44:16,112] {dagbag.py:487} INFO - Filling up the DagBag from /home/airflow/sandbox/lib/python3.8/site-packages/airflow/example_dags/example_skip_dag.py
[2021-11-21 15:44:16,223] {scheduler_job.py:643} INFO - DAG(s) dict_keys(['example_skip_dag']) retrieved from /home/airflow/sandbox/lib/python3.8/site-packages/airflow/example_dags/example_skip_dag.py
[2021-11-21 15:44:16,328] {logging_mixin.py:104} INFO - [2021-11-21 15:44:16,327] {dag.py:1832} INFO - Sync 1 DAGs
[2021-11-21 15:44:16,440] {logging_mixin.py:104} INFO - [2021-11-21 15:44:16,440] {dag.py:2305} INFO - Setting next_dagrun for example_skip_dag to 2021-11-19 00:00:00+00:00
[2021-11-21 15:44:16,548] {scheduler_job.py:190} INFO - Processing /home/airflow/sandbox/lib/python3.8/site-packages/airflow/example_dags/example_skip_dag.py took 0.478 seconds
[2021-11-21 15:45:09,788] {scheduler_job.py:182} INFO - Started process (PID=3868) to work on /home/airflow/sandbox/lib/python3.8/site-packages/airflow/example_dags/example_skip_dag.py
[2021-11-21 15:45:09,795] {scheduler_job.py:633} INFO - Processing file /home/airflow/sandbox/lib/python3.8/site-packages/airflow/example_dags/example_skip_dag.py for tasks to queue
[2021-11-21 15:45:09,797] {logging_mixin.py:104} INFO - [2021-11-21 15:45:09,797] {dagbag.py:487} INFO - Filling up the DagBag from /home/airflow/sandbox/lib/python3.8/site-packages/airflow/example_dags/example_skip_dag.py
[2021-11-21 15:45:09,897] {scheduler_job.py:643} INFO - DAG(s) dict_keys(['example_skip_dag']) retrieved from /home/airflow/sandbox/lib/python3.8/site-packages/airflow/example_dags/example_skip_dag.py
[2021-11-21 15:45:09,999] {logging_mixin.py:104} INFO - [2021-11-21 15:45:09,998] {dag.py:1832} INFO - Sync 1 DAGs
[2021-11-21 15:45:10,045] {logging_mixin.py:104} INFO - [2021-11-21 15:45:10,044] {dag.py:2305} INFO - Setting next_dagrun for example_skip_dag to 2021-11-19 00:00:00+00:00
[2021-11-21 15:45:10,095] {scheduler_job.py:190} INFO - Processing /home/airflow/sandbox/lib/python3.8/site-packages/airflow/example_dags/example_skip_dag.py took 0.321 seconds
[2021-11-21 15:45:58,884] {scheduler_job.py:182} INFO - Started process (PID=3901) to work on /home/airflow/sandbox/lib/python3.8/site-packages/airflow/example_dags/example_skip_dag.py
[2021-11-21 15:45:58,896] {scheduler_job.py:633} INFO - Processing file /home/airflow/sandbox/lib/python3.8/site-packages/airflow/example_dags/example_skip_dag.py for tasks to queue
[2021-11-21 15:45:58,917] {logging_mixin.py:104} INFO - [2021-11-21 15:45:58,917] {dagbag.py:487} INFO - Filling up the DagBag from /home/airflow/sandbox/lib/python3.8/site-packages/airflow/example_dags/example_skip_dag.py
[2021-11-21 15:45:59,046] {scheduler_job.py:643} INFO - DAG(s) dict_keys(['example_skip_dag']) retrieved from /home/airflow/sandbox/lib/python3.8/site-packages/airflow/example_dags/example_skip_dag.py
[2021-11-21 15:45:59,236] {logging_mixin.py:104} INFO - [2021-11-21 15:45:59,234] {dag.py:1832} INFO - Sync 1 DAGs
[2021-11-21 15:45:59,396] {logging_mixin.py:104} INFO - [2021-11-21 15:45:59,395] {dag.py:2305} INFO - Setting next_dagrun for example_skip_dag to 2021-11-19 00:00:00+00:00
[2021-11-21 15:45:59,462] {scheduler_job.py:190} INFO - Processing /home/airflow/sandbox/lib/python3.8/site-packages/airflow/example_dags/example_skip_dag.py took 0.593 seconds
[2021-11-21 15:46:52,401] {scheduler_job.py:182} INFO - Started process (PID=3991) to work on /home/airflow/sandbox/lib/python3.8/site-packages/airflow/example_dags/example_skip_dag.py
[2021-11-21 15:46:52,428] {scheduler_job.py:633} INFO - Processing file /home/airflow/sandbox/lib/python3.8/site-packages/airflow/example_dags/example_skip_dag.py for tasks to queue
[2021-11-21 15:46:52,439] {logging_mixin.py:104} INFO - [2021-11-21 15:46:52,439] {dagbag.py:487} INFO - Filling up the DagBag from /home/airflow/sandbox/lib/python3.8/site-packages/airflow/example_dags/example_skip_dag.py
[2021-11-21 15:46:52,519] {scheduler_job.py:643} INFO - DAG(s) dict_keys(['example_skip_dag']) retrieved from /home/airflow/sandbox/lib/python3.8/site-packages/airflow/example_dags/example_skip_dag.py
[2021-11-21 15:46:52,553] {logging_mixin.py:104} INFO - [2021-11-21 15:46:52,553] {dag.py:1832} INFO - Sync 1 DAGs
[2021-11-21 15:46:52,588] {logging_mixin.py:104} INFO - [2021-11-21 15:46:52,588] {dag.py:2305} INFO - Setting next_dagrun for example_skip_dag to 2021-11-19 00:00:00+00:00
[2021-11-21 15:46:52,690] {scheduler_job.py:190} INFO - Processing /home/airflow/sandbox/lib/python3.8/site-packages/airflow/example_dags/example_skip_dag.py took 0.336 seconds
[2021-11-21 15:47:48,561] {scheduler_job.py:182} INFO - Started process (PID=4021) to work on /home/airflow/sandbox/lib/python3.8/site-packages/airflow/example_dags/example_skip_dag.py
[2021-11-21 15:47:48,596] {scheduler_job.py:633} INFO - Processing file /home/airflow/sandbox/lib/python3.8/site-packages/airflow/example_dags/example_skip_dag.py for tasks to queue
[2021-11-21 15:47:48,600] {logging_mixin.py:104} INFO - [2021-11-21 15:47:48,599] {dagbag.py:487} INFO - Filling up the DagBag from /home/airflow/sandbox/lib/python3.8/site-packages/airflow/example_dags/example_skip_dag.py
[2021-11-21 15:47:48,799] {scheduler_job.py:643} INFO - DAG(s) dict_keys(['example_skip_dag']) retrieved from /home/airflow/sandbox/lib/python3.8/site-packages/airflow/example_dags/example_skip_dag.py
[2021-11-21 15:47:48,929] {logging_mixin.py:104} INFO - [2021-11-21 15:47:48,929] {dag.py:1832} INFO - Sync 1 DAGs
[2021-11-21 15:47:49,052] {logging_mixin.py:104} INFO - [2021-11-21 15:47:49,051] {dag.py:2305} INFO - Setting next_dagrun for example_skip_dag to 2021-11-19 00:00:00+00:00
[2021-11-21 15:47:49,289] {scheduler_job.py:190} INFO - Processing /home/airflow/sandbox/lib/python3.8/site-packages/airflow/example_dags/example_skip_dag.py took 0.756 seconds
[2021-11-21 15:48:52,758] {scheduler_job.py:182} INFO - Started process (PID=4098) to work on /home/airflow/sandbox/lib/python3.8/site-packages/airflow/example_dags/example_skip_dag.py
[2021-11-21 15:48:52,785] {scheduler_job.py:633} INFO - Processing file /home/airflow/sandbox/lib/python3.8/site-packages/airflow/example_dags/example_skip_dag.py for tasks to queue
[2021-11-21 15:48:52,791] {logging_mixin.py:104} INFO - [2021-11-21 15:48:52,791] {dagbag.py:487} INFO - Filling up the DagBag from /home/airflow/sandbox/lib/python3.8/site-packages/airflow/example_dags/example_skip_dag.py
[2021-11-21 15:48:52,930] {scheduler_job.py:643} INFO - DAG(s) dict_keys(['example_skip_dag']) retrieved from /home/airflow/sandbox/lib/python3.8/site-packages/airflow/example_dags/example_skip_dag.py
[2021-11-21 15:48:53,073] {logging_mixin.py:104} INFO - [2021-11-21 15:48:53,072] {dag.py:1832} INFO - Sync 1 DAGs
[2021-11-21 15:48:53,215] {logging_mixin.py:104} INFO - [2021-11-21 15:48:53,215] {dag.py:2305} INFO - Setting next_dagrun for example_skip_dag to 2021-11-19 00:00:00+00:00
[2021-11-21 15:48:53,358] {scheduler_job.py:190} INFO - Processing /home/airflow/sandbox/lib/python3.8/site-packages/airflow/example_dags/example_skip_dag.py took 0.642 seconds
[2021-11-21 15:49:55,110] {scheduler_job.py:182} INFO - Started process (PID=4241) to work on /home/airflow/sandbox/lib/python3.8/site-packages/airflow/example_dags/example_skip_dag.py
[2021-11-21 15:49:55,116] {scheduler_job.py:633} INFO - Processing file /home/airflow/sandbox/lib/python3.8/site-packages/airflow/example_dags/example_skip_dag.py for tasks to queue
[2021-11-21 15:49:55,117] {logging_mixin.py:104} INFO - [2021-11-21 15:49:55,117] {dagbag.py:487} INFO - Filling up the DagBag from /home/airflow/sandbox/lib/python3.8/site-packages/airflow/example_dags/example_skip_dag.py
[2021-11-21 15:49:55,188] {scheduler_job.py:643} INFO - DAG(s) dict_keys(['example_skip_dag']) retrieved from /home/airflow/sandbox/lib/python3.8/site-packages/airflow/example_dags/example_skip_dag.py
[2021-11-21 15:49:55,381] {logging_mixin.py:104} INFO - [2021-11-21 15:49:55,381] {dag.py:1832} INFO - Sync 1 DAGs
[2021-11-21 15:49:55,440] {logging_mixin.py:104} INFO - [2021-11-21 15:49:55,440] {dag.py:2305} INFO - Setting next_dagrun for example_skip_dag to 2021-11-19 00:00:00+00:00
[2021-11-21 15:49:55,559] {scheduler_job.py:190} INFO - Processing /home/airflow/sandbox/lib/python3.8/site-packages/airflow/example_dags/example_skip_dag.py took 0.466 seconds
[2021-11-21 15:51:00,655] {scheduler_job.py:182} INFO - Started process (PID=4434) to work on /home/airflow/sandbox/lib/python3.8/site-packages/airflow/example_dags/example_skip_dag.py
[2021-11-21 15:51:00,666] {scheduler_job.py:633} INFO - Processing file /home/airflow/sandbox/lib/python3.8/site-packages/airflow/example_dags/example_skip_dag.py for tasks to queue
[2021-11-21 15:51:00,668] {logging_mixin.py:104} INFO - [2021-11-21 15:51:00,668] {dagbag.py:487} INFO - Filling up the DagBag from /home/airflow/sandbox/lib/python3.8/site-packages/airflow/example_dags/example_skip_dag.py
[2021-11-21 15:51:00,819] {scheduler_job.py:643} INFO - DAG(s) dict_keys(['example_skip_dag']) retrieved from /home/airflow/sandbox/lib/python3.8/site-packages/airflow/example_dags/example_skip_dag.py
[2021-11-21 15:51:01,025] {logging_mixin.py:104} INFO - [2021-11-21 15:51:01,021] {dag.py:1832} INFO - Sync 1 DAGs
[2021-11-21 15:51:01,122] {logging_mixin.py:104} INFO - [2021-11-21 15:51:01,121] {dag.py:2305} INFO - Setting next_dagrun for example_skip_dag to 2021-11-19 00:00:00+00:00
[2021-11-21 15:51:01,273] {scheduler_job.py:190} INFO - Processing /home/airflow/sandbox/lib/python3.8/site-packages/airflow/example_dags/example_skip_dag.py took 0.632 seconds
[2021-11-21 15:52:04,197] {scheduler_job.py:182} INFO - Started process (PID=4528) to work on /home/airflow/sandbox/lib/python3.8/site-packages/airflow/example_dags/example_skip_dag.py
[2021-11-21 15:52:04,207] {scheduler_job.py:633} INFO - Processing file /home/airflow/sandbox/lib/python3.8/site-packages/airflow/example_dags/example_skip_dag.py for tasks to queue
[2021-11-21 15:52:04,209] {logging_mixin.py:104} INFO - [2021-11-21 15:52:04,209] {dagbag.py:487} INFO - Filling up the DagBag from /home/airflow/sandbox/lib/python3.8/site-packages/airflow/example_dags/example_skip_dag.py
[2021-11-21 15:52:04,316] {scheduler_job.py:643} INFO - DAG(s) dict_keys(['example_skip_dag']) retrieved from /home/airflow/sandbox/lib/python3.8/site-packages/airflow/example_dags/example_skip_dag.py
[2021-11-21 15:52:04,428] {logging_mixin.py:104} INFO - [2021-11-21 15:52:04,428] {dag.py:1832} INFO - Sync 1 DAGs
[2021-11-21 15:52:04,498] {logging_mixin.py:104} INFO - [2021-11-21 15:52:04,498] {dag.py:2305} INFO - Setting next_dagrun for example_skip_dag to 2021-11-19 00:00:00+00:00
[2021-11-21 15:52:04,652] {scheduler_job.py:190} INFO - Processing /home/airflow/sandbox/lib/python3.8/site-packages/airflow/example_dags/example_skip_dag.py took 0.477 seconds
[2021-11-21 15:53:02,378] {scheduler_job.py:182} INFO - Started process (PID=4656) to work on /home/airflow/sandbox/lib/python3.8/site-packages/airflow/example_dags/example_skip_dag.py
[2021-11-21 15:53:02,404] {scheduler_job.py:633} INFO - Processing file /home/airflow/sandbox/lib/python3.8/site-packages/airflow/example_dags/example_skip_dag.py for tasks to queue
[2021-11-21 15:53:02,437] {logging_mixin.py:104} INFO - [2021-11-21 15:53:02,407] {dagbag.py:487} INFO - Filling up the DagBag from /home/airflow/sandbox/lib/python3.8/site-packages/airflow/example_dags/example_skip_dag.py
[2021-11-21 15:53:02,479] {scheduler_job.py:643} INFO - DAG(s) dict_keys(['example_skip_dag']) retrieved from /home/airflow/sandbox/lib/python3.8/site-packages/airflow/example_dags/example_skip_dag.py
[2021-11-21 15:53:02,519] {logging_mixin.py:104} INFO - [2021-11-21 15:53:02,519] {dag.py:1832} INFO - Sync 1 DAGs
[2021-11-21 15:53:02,545] {logging_mixin.py:104} INFO - [2021-11-21 15:53:02,545] {dag.py:2305} INFO - Setting next_dagrun for example_skip_dag to 2021-11-19 00:00:00+00:00
[2021-11-21 15:53:02,598] {scheduler_job.py:190} INFO - Processing /home/airflow/sandbox/lib/python3.8/site-packages/airflow/example_dags/example_skip_dag.py took 0.240 seconds
[2021-11-21 15:54:12,834] {scheduler_job.py:182} INFO - Started process (PID=4885) to work on /home/airflow/sandbox/lib/python3.8/site-packages/airflow/example_dags/example_skip_dag.py
[2021-11-21 15:54:12,857] {scheduler_job.py:633} INFO - Processing file /home/airflow/sandbox/lib/python3.8/site-packages/airflow/example_dags/example_skip_dag.py for tasks to queue
[2021-11-21 15:54:12,866] {logging_mixin.py:104} INFO - [2021-11-21 15:54:12,866] {dagbag.py:487} INFO - Filling up the DagBag from /home/airflow/sandbox/lib/python3.8/site-packages/airflow/example_dags/example_skip_dag.py
[2021-11-21 15:54:12,972] {scheduler_job.py:643} INFO - DAG(s) dict_keys(['example_skip_dag']) retrieved from /home/airflow/sandbox/lib/python3.8/site-packages/airflow/example_dags/example_skip_dag.py
[2021-11-21 15:54:13,015] {logging_mixin.py:104} INFO - [2021-11-21 15:54:13,015] {dag.py:1832} INFO - Sync 1 DAGs
[2021-11-21 15:54:13,036] {logging_mixin.py:104} INFO - [2021-11-21 15:54:13,036] {dag.py:2305} INFO - Setting next_dagrun for example_skip_dag to 2021-11-19 00:00:00+00:00
[2021-11-21 15:54:13,103] {scheduler_job.py:190} INFO - Processing /home/airflow/sandbox/lib/python3.8/site-packages/airflow/example_dags/example_skip_dag.py took 0.281 seconds
[2021-11-21 15:55:04,212] {scheduler_job.py:182} INFO - Started process (PID=4978) to work on /home/airflow/sandbox/lib/python3.8/site-packages/airflow/example_dags/example_skip_dag.py
[2021-11-21 15:55:04,224] {scheduler_job.py:633} INFO - Processing file /home/airflow/sandbox/lib/python3.8/site-packages/airflow/example_dags/example_skip_dag.py for tasks to queue
[2021-11-21 15:55:04,226] {logging_mixin.py:104} INFO - [2021-11-21 15:55:04,226] {dagbag.py:487} INFO - Filling up the DagBag from /home/airflow/sandbox/lib/python3.8/site-packages/airflow/example_dags/example_skip_dag.py
[2021-11-21 15:55:04,290] {scheduler_job.py:643} INFO - DAG(s) dict_keys(['example_skip_dag']) retrieved from /home/airflow/sandbox/lib/python3.8/site-packages/airflow/example_dags/example_skip_dag.py
[2021-11-21 15:55:04,331] {logging_mixin.py:104} INFO - [2021-11-21 15:55:04,331] {dag.py:1832} INFO - Sync 1 DAGs
[2021-11-21 15:55:04,365] {logging_mixin.py:104} INFO - [2021-11-21 15:55:04,365] {dag.py:2305} INFO - Setting next_dagrun for example_skip_dag to 2021-11-19 00:00:00+00:00
[2021-11-21 15:55:04,419] {scheduler_job.py:190} INFO - Processing /home/airflow/sandbox/lib/python3.8/site-packages/airflow/example_dags/example_skip_dag.py took 0.228 seconds
[2021-11-21 15:55:58,004] {scheduler_job.py:182} INFO - Started process (PID=5016) to work on /home/airflow/sandbox/lib/python3.8/site-packages/airflow/example_dags/example_skip_dag.py
[2021-11-21 15:55:58,019] {scheduler_job.py:633} INFO - Processing file /home/airflow/sandbox/lib/python3.8/site-packages/airflow/example_dags/example_skip_dag.py for tasks to queue
[2021-11-21 15:55:58,021] {logging_mixin.py:104} INFO - [2021-11-21 15:55:58,021] {dagbag.py:487} INFO - Filling up the DagBag from /home/airflow/sandbox/lib/python3.8/site-packages/airflow/example_dags/example_skip_dag.py
[2021-11-21 15:55:58,202] {scheduler_job.py:643} INFO - DAG(s) dict_keys(['example_skip_dag']) retrieved from /home/airflow/sandbox/lib/python3.8/site-packages/airflow/example_dags/example_skip_dag.py
[2021-11-21 15:55:58,292] {logging_mixin.py:104} INFO - [2021-11-21 15:55:58,290] {dag.py:1832} INFO - Sync 1 DAGs
[2021-11-21 15:55:58,333] {logging_mixin.py:104} INFO - [2021-11-21 15:55:58,333] {dag.py:2305} INFO - Setting next_dagrun for example_skip_dag to 2021-11-19 00:00:00+00:00
[2021-11-21 15:55:58,411] {scheduler_job.py:190} INFO - Processing /home/airflow/sandbox/lib/python3.8/site-packages/airflow/example_dags/example_skip_dag.py took 0.425 seconds
[2021-11-21 15:57:02,301] {scheduler_job.py:182} INFO - Started process (PID=5137) to work on /home/airflow/sandbox/lib/python3.8/site-packages/airflow/example_dags/example_skip_dag.py
[2021-11-21 15:57:02,325] {scheduler_job.py:633} INFO - Processing file /home/airflow/sandbox/lib/python3.8/site-packages/airflow/example_dags/example_skip_dag.py for tasks to queue
[2021-11-21 15:57:02,328] {logging_mixin.py:104} INFO - [2021-11-21 15:57:02,328] {dagbag.py:487} INFO - Filling up the DagBag from /home/airflow/sandbox/lib/python3.8/site-packages/airflow/example_dags/example_skip_dag.py
[2021-11-21 15:57:02,458] {scheduler_job.py:643} INFO - DAG(s) dict_keys(['example_skip_dag']) retrieved from /home/airflow/sandbox/lib/python3.8/site-packages/airflow/example_dags/example_skip_dag.py
[2021-11-21 15:57:02,490] {logging_mixin.py:104} INFO - [2021-11-21 15:57:02,490] {dag.py:1832} INFO - Sync 1 DAGs
[2021-11-21 15:57:02,531] {logging_mixin.py:104} INFO - [2021-11-21 15:57:02,531] {dag.py:2305} INFO - Setting next_dagrun for example_skip_dag to 2021-11-19 00:00:00+00:00
[2021-11-21 15:57:02,669] {scheduler_job.py:190} INFO - Processing /home/airflow/sandbox/lib/python3.8/site-packages/airflow/example_dags/example_skip_dag.py took 0.395 seconds
[2021-11-21 15:58:12,564] {scheduler_job.py:182} INFO - Started process (PID=5332) to work on /home/airflow/sandbox/lib/python3.8/site-packages/airflow/example_dags/example_skip_dag.py
[2021-11-21 15:58:12,587] {scheduler_job.py:633} INFO - Processing file /home/airflow/sandbox/lib/python3.8/site-packages/airflow/example_dags/example_skip_dag.py for tasks to queue
[2021-11-21 15:58:12,593] {logging_mixin.py:104} INFO - [2021-11-21 15:58:12,593] {dagbag.py:487} INFO - Filling up the DagBag from /home/airflow/sandbox/lib/python3.8/site-packages/airflow/example_dags/example_skip_dag.py
[2021-11-21 15:58:12,681] {scheduler_job.py:643} INFO - DAG(s) dict_keys(['example_skip_dag']) retrieved from /home/airflow/sandbox/lib/python3.8/site-packages/airflow/example_dags/example_skip_dag.py
[2021-11-21 15:58:12,769] {logging_mixin.py:104} INFO - [2021-11-21 15:58:12,769] {dag.py:1832} INFO - Sync 1 DAGs
[2021-11-21 15:58:12,877] {logging_mixin.py:104} INFO - [2021-11-21 15:58:12,875] {dag.py:2305} INFO - Setting next_dagrun for example_skip_dag to 2021-11-19 00:00:00+00:00
[2021-11-21 15:58:12,954] {scheduler_job.py:190} INFO - Processing /home/airflow/sandbox/lib/python3.8/site-packages/airflow/example_dags/example_skip_dag.py took 0.406 seconds
[2021-11-21 15:59:10,752] {scheduler_job.py:182} INFO - Started process (PID=5431) to work on /home/airflow/sandbox/lib/python3.8/site-packages/airflow/example_dags/example_skip_dag.py
[2021-11-21 15:59:10,778] {scheduler_job.py:633} INFO - Processing file /home/airflow/sandbox/lib/python3.8/site-packages/airflow/example_dags/example_skip_dag.py for tasks to queue
[2021-11-21 15:59:10,797] {logging_mixin.py:104} INFO - [2021-11-21 15:59:10,797] {dagbag.py:487} INFO - Filling up the DagBag from /home/airflow/sandbox/lib/python3.8/site-packages/airflow/example_dags/example_skip_dag.py
[2021-11-21 15:59:10,874] {scheduler_job.py:643} INFO - DAG(s) dict_keys(['example_skip_dag']) retrieved from /home/airflow/sandbox/lib/python3.8/site-packages/airflow/example_dags/example_skip_dag.py
[2021-11-21 15:59:10,986] {logging_mixin.py:104} INFO - [2021-11-21 15:59:10,985] {dag.py:1832} INFO - Sync 1 DAGs
[2021-11-21 15:59:11,203] {logging_mixin.py:104} INFO - [2021-11-21 15:59:11,203] {dag.py:2305} INFO - Setting next_dagrun for example_skip_dag to 2021-11-19 00:00:00+00:00
[2021-11-21 15:59:11,414] {scheduler_job.py:190} INFO - Processing /home/airflow/sandbox/lib/python3.8/site-packages/airflow/example_dags/example_skip_dag.py took 0.683 seconds
[2021-11-21 16:00:05,453] {scheduler_job.py:182} INFO - Started process (PID=5510) to work on /home/airflow/sandbox/lib/python3.8/site-packages/airflow/example_dags/example_skip_dag.py
[2021-11-21 16:00:05,466] {scheduler_job.py:633} INFO - Processing file /home/airflow/sandbox/lib/python3.8/site-packages/airflow/example_dags/example_skip_dag.py for tasks to queue
[2021-11-21 16:00:05,468] {logging_mixin.py:104} INFO - [2021-11-21 16:00:05,468] {dagbag.py:487} INFO - Filling up the DagBag from /home/airflow/sandbox/lib/python3.8/site-packages/airflow/example_dags/example_skip_dag.py
[2021-11-21 16:00:05,548] {scheduler_job.py:643} INFO - DAG(s) dict_keys(['example_skip_dag']) retrieved from /home/airflow/sandbox/lib/python3.8/site-packages/airflow/example_dags/example_skip_dag.py
[2021-11-21 16:00:05,592] {logging_mixin.py:104} INFO - [2021-11-21 16:00:05,592] {dag.py:1832} INFO - Sync 1 DAGs
[2021-11-21 16:00:05,638] {logging_mixin.py:104} INFO - [2021-11-21 16:00:05,637] {dag.py:2305} INFO - Setting next_dagrun for example_skip_dag to 2021-11-19 00:00:00+00:00
[2021-11-21 16:00:05,711] {scheduler_job.py:190} INFO - Processing /home/airflow/sandbox/lib/python3.8/site-packages/airflow/example_dags/example_skip_dag.py took 0.276 seconds
[2021-11-21 16:00:52,952] {scheduler_job.py:182} INFO - Started process (PID=5629) to work on /home/airflow/sandbox/lib/python3.8/site-packages/airflow/example_dags/example_skip_dag.py
[2021-11-21 16:00:52,962] {scheduler_job.py:633} INFO - Processing file /home/airflow/sandbox/lib/python3.8/site-packages/airflow/example_dags/example_skip_dag.py for tasks to queue
[2021-11-21 16:00:52,964] {logging_mixin.py:104} INFO - [2021-11-21 16:00:52,964] {dagbag.py:487} INFO - Filling up the DagBag from /home/airflow/sandbox/lib/python3.8/site-packages/airflow/example_dags/example_skip_dag.py
[2021-11-21 16:00:53,132] {scheduler_job.py:643} INFO - DAG(s) dict_keys(['example_skip_dag']) retrieved from /home/airflow/sandbox/lib/python3.8/site-packages/airflow/example_dags/example_skip_dag.py
[2021-11-21 16:00:53,258] {logging_mixin.py:104} INFO - [2021-11-21 16:00:53,258] {dag.py:1832} INFO - Sync 1 DAGs
[2021-11-21 16:00:53,323] {logging_mixin.py:104} INFO - [2021-11-21 16:00:53,323] {dag.py:2305} INFO - Setting next_dagrun for example_skip_dag to 2021-11-19 00:00:00+00:00
[2021-11-21 16:00:53,433] {scheduler_job.py:190} INFO - Processing /home/airflow/sandbox/lib/python3.8/site-packages/airflow/example_dags/example_skip_dag.py took 0.496 seconds
[2021-11-21 16:01:36,948] {scheduler_job.py:182} INFO - Started process (PID=5659) to work on /home/airflow/sandbox/lib/python3.8/site-packages/airflow/example_dags/example_skip_dag.py
[2021-11-21 16:01:36,955] {scheduler_job.py:633} INFO - Processing file /home/airflow/sandbox/lib/python3.8/site-packages/airflow/example_dags/example_skip_dag.py for tasks to queue
[2021-11-21 16:01:36,958] {logging_mixin.py:104} INFO - [2021-11-21 16:01:36,957] {dagbag.py:487} INFO - Filling up the DagBag from /home/airflow/sandbox/lib/python3.8/site-packages/airflow/example_dags/example_skip_dag.py
[2021-11-21 16:01:37,018] {scheduler_job.py:643} INFO - DAG(s) dict_keys(['example_skip_dag']) retrieved from /home/airflow/sandbox/lib/python3.8/site-packages/airflow/example_dags/example_skip_dag.py
[2021-11-21 16:01:37,075] {logging_mixin.py:104} INFO - [2021-11-21 16:01:37,075] {dag.py:1832} INFO - Sync 1 DAGs
[2021-11-21 16:01:37,109] {logging_mixin.py:104} INFO - [2021-11-21 16:01:37,109] {dag.py:2305} INFO - Setting next_dagrun for example_skip_dag to 2021-11-19 00:00:00+00:00
[2021-11-21 16:01:37,180] {scheduler_job.py:190} INFO - Processing /home/airflow/sandbox/lib/python3.8/site-packages/airflow/example_dags/example_skip_dag.py took 0.246 seconds
[2021-11-21 16:02:35,686] {scheduler_job.py:182} INFO - Started process (PID=5762) to work on /home/airflow/sandbox/lib/python3.8/site-packages/airflow/example_dags/example_skip_dag.py
[2021-11-21 16:02:35,695] {scheduler_job.py:633} INFO - Processing file /home/airflow/sandbox/lib/python3.8/site-packages/airflow/example_dags/example_skip_dag.py for tasks to queue
[2021-11-21 16:02:35,697] {logging_mixin.py:104} INFO - [2021-11-21 16:02:35,697] {dagbag.py:487} INFO - Filling up the DagBag from /home/airflow/sandbox/lib/python3.8/site-packages/airflow/example_dags/example_skip_dag.py
[2021-11-21 16:02:35,736] {scheduler_job.py:643} INFO - DAG(s) dict_keys(['example_skip_dag']) retrieved from /home/airflow/sandbox/lib/python3.8/site-packages/airflow/example_dags/example_skip_dag.py
[2021-11-21 16:02:35,779] {logging_mixin.py:104} INFO - [2021-11-21 16:02:35,779] {dag.py:1832} INFO - Sync 1 DAGs
[2021-11-21 16:02:35,804] {logging_mixin.py:104} INFO - [2021-11-21 16:02:35,803] {dag.py:2305} INFO - Setting next_dagrun for example_skip_dag to 2021-11-19 00:00:00+00:00
[2021-11-21 16:02:35,858] {scheduler_job.py:190} INFO - Processing /home/airflow/sandbox/lib/python3.8/site-packages/airflow/example_dags/example_skip_dag.py took 0.191 seconds
[2021-11-21 16:03:28,149] {scheduler_job.py:182} INFO - Started process (PID=5819) to work on /home/airflow/sandbox/lib/python3.8/site-packages/airflow/example_dags/example_skip_dag.py
[2021-11-21 16:03:28,160] {scheduler_job.py:633} INFO - Processing file /home/airflow/sandbox/lib/python3.8/site-packages/airflow/example_dags/example_skip_dag.py for tasks to queue
[2021-11-21 16:03:28,162] {logging_mixin.py:104} INFO - [2021-11-21 16:03:28,162] {dagbag.py:487} INFO - Filling up the DagBag from /home/airflow/sandbox/lib/python3.8/site-packages/airflow/example_dags/example_skip_dag.py
[2021-11-21 16:03:28,252] {scheduler_job.py:643} INFO - DAG(s) dict_keys(['example_skip_dag']) retrieved from /home/airflow/sandbox/lib/python3.8/site-packages/airflow/example_dags/example_skip_dag.py
[2021-11-21 16:03:28,287] {logging_mixin.py:104} INFO - [2021-11-21 16:03:28,287] {dag.py:1832} INFO - Sync 1 DAGs
[2021-11-21 16:03:28,325] {logging_mixin.py:104} INFO - [2021-11-21 16:03:28,325] {dag.py:2305} INFO - Setting next_dagrun for example_skip_dag to 2021-11-19 00:00:00+00:00
[2021-11-21 16:03:28,384] {scheduler_job.py:190} INFO - Processing /home/airflow/sandbox/lib/python3.8/site-packages/airflow/example_dags/example_skip_dag.py took 0.246 seconds
[2021-11-21 16:04:19,190] {scheduler_job.py:182} INFO - Started process (PID=5876) to work on /home/airflow/sandbox/lib/python3.8/site-packages/airflow/example_dags/example_skip_dag.py
[2021-11-21 16:04:19,198] {scheduler_job.py:633} INFO - Processing file /home/airflow/sandbox/lib/python3.8/site-packages/airflow/example_dags/example_skip_dag.py for tasks to queue
[2021-11-21 16:04:19,219] {logging_mixin.py:104} INFO - [2021-11-21 16:04:19,218] {dagbag.py:487} INFO - Filling up the DagBag from /home/airflow/sandbox/lib/python3.8/site-packages/airflow/example_dags/example_skip_dag.py
[2021-11-21 16:04:19,269] {scheduler_job.py:643} INFO - DAG(s) dict_keys(['example_skip_dag']) retrieved from /home/airflow/sandbox/lib/python3.8/site-packages/airflow/example_dags/example_skip_dag.py
[2021-11-21 16:04:19,302] {logging_mixin.py:104} INFO - [2021-11-21 16:04:19,302] {dag.py:1832} INFO - Sync 1 DAGs
[2021-11-21 16:04:19,344] {logging_mixin.py:104} INFO - [2021-11-21 16:04:19,344] {dag.py:2305} INFO - Setting next_dagrun for example_skip_dag to 2021-11-19 00:00:00+00:00
[2021-11-21 16:04:19,413] {scheduler_job.py:190} INFO - Processing /home/airflow/sandbox/lib/python3.8/site-packages/airflow/example_dags/example_skip_dag.py took 0.238 seconds
[2021-11-21 16:05:08,305] {scheduler_job.py:182} INFO - Started process (PID=5910) to work on /home/airflow/sandbox/lib/python3.8/site-packages/airflow/example_dags/example_skip_dag.py
[2021-11-21 16:05:08,313] {scheduler_job.py:633} INFO - Processing file /home/airflow/sandbox/lib/python3.8/site-packages/airflow/example_dags/example_skip_dag.py for tasks to queue
[2021-11-21 16:05:08,323] {logging_mixin.py:104} INFO - [2021-11-21 16:05:08,315] {dagbag.py:487} INFO - Filling up the DagBag from /home/airflow/sandbox/lib/python3.8/site-packages/airflow/example_dags/example_skip_dag.py
[2021-11-21 16:05:08,367] {scheduler_job.py:643} INFO - DAG(s) dict_keys(['example_skip_dag']) retrieved from /home/airflow/sandbox/lib/python3.8/site-packages/airflow/example_dags/example_skip_dag.py
[2021-11-21 16:05:08,404] {logging_mixin.py:104} INFO - [2021-11-21 16:05:08,404] {dag.py:1832} INFO - Sync 1 DAGs
[2021-11-21 16:05:08,427] {logging_mixin.py:104} INFO - [2021-11-21 16:05:08,427] {dag.py:2305} INFO - Setting next_dagrun for example_skip_dag to 2021-11-19 00:00:00+00:00
[2021-11-21 16:05:08,509] {scheduler_job.py:190} INFO - Processing /home/airflow/sandbox/lib/python3.8/site-packages/airflow/example_dags/example_skip_dag.py took 0.221 seconds
[2021-11-21 16:06:06,482] {scheduler_job.py:182} INFO - Started process (PID=5951) to work on /home/airflow/sandbox/lib/python3.8/site-packages/airflow/example_dags/example_skip_dag.py
[2021-11-21 16:06:06,517] {scheduler_job.py:633} INFO - Processing file /home/airflow/sandbox/lib/python3.8/site-packages/airflow/example_dags/example_skip_dag.py for tasks to queue
[2021-11-21 16:06:06,518] {logging_mixin.py:104} INFO - [2021-11-21 16:06:06,518] {dagbag.py:487} INFO - Filling up the DagBag from /home/airflow/sandbox/lib/python3.8/site-packages/airflow/example_dags/example_skip_dag.py
[2021-11-21 16:06:06,622] {scheduler_job.py:643} INFO - DAG(s) dict_keys(['example_skip_dag']) retrieved from /home/airflow/sandbox/lib/python3.8/site-packages/airflow/example_dags/example_skip_dag.py
[2021-11-21 16:06:06,695] {logging_mixin.py:104} INFO - [2021-11-21 16:06:06,695] {dag.py:1832} INFO - Sync 1 DAGs
[2021-11-21 16:06:06,750] {logging_mixin.py:104} INFO - [2021-11-21 16:06:06,750] {dag.py:2305} INFO - Setting next_dagrun for example_skip_dag to 2021-11-19 00:00:00+00:00
[2021-11-21 16:06:06,831] {scheduler_job.py:190} INFO - Processing /home/airflow/sandbox/lib/python3.8/site-packages/airflow/example_dags/example_skip_dag.py took 0.354 seconds
