[2021-11-21 15:38:38,488] {scheduler_job.py:182} INFO - Started process (PID=2831) to work on /home/airflow/sandbox/lib/python3.8/site-packages/airflow/example_dags/example_branch_datetime_operator.py
[2021-11-21 15:38:38,498] {scheduler_job.py:633} INFO - Processing file /home/airflow/sandbox/lib/python3.8/site-packages/airflow/example_dags/example_branch_datetime_operator.py for tasks to queue
[2021-11-21 15:38:38,505] {logging_mixin.py:104} INFO - [2021-11-21 15:38:38,504] {dagbag.py:487} INFO - Filling up the DagBag from /home/airflow/sandbox/lib/python3.8/site-packages/airflow/example_dags/example_branch_datetime_operator.py
[2021-11-21 15:38:38,524] {scheduler_job.py:643} INFO - DAG(s) dict_keys(['example_branch_datetime_operator_2']) retrieved from /home/airflow/sandbox/lib/python3.8/site-packages/airflow/example_dags/example_branch_datetime_operator.py
[2021-11-21 15:38:39,349] {logging_mixin.py:104} INFO - [2021-11-21 15:38:39,348] {dag.py:1832} INFO - Sync 1 DAGs
[2021-11-21 15:38:39,369] {logging_mixin.py:104} INFO - [2021-11-21 15:38:39,368] {dag.py:2305} INFO - Setting next_dagrun for example_branch_datetime_operator_2 to 2021-11-19 00:00:00+00:00
[2021-11-21 15:38:39,430] {scheduler_job.py:190} INFO - Processing /home/airflow/sandbox/lib/python3.8/site-packages/airflow/example_dags/example_branch_datetime_operator.py took 0.948 seconds
[2021-11-21 15:43:53,228] {scheduler_job.py:182} INFO - Started process (PID=3705) to work on /home/airflow/sandbox/lib/python3.8/site-packages/airflow/example_dags/example_branch_datetime_operator.py
[2021-11-21 15:43:53,278] {scheduler_job.py:633} INFO - Processing file /home/airflow/sandbox/lib/python3.8/site-packages/airflow/example_dags/example_branch_datetime_operator.py for tasks to queue
[2021-11-21 15:43:53,289] {logging_mixin.py:104} INFO - [2021-11-21 15:43:53,289] {dagbag.py:487} INFO - Filling up the DagBag from /home/airflow/sandbox/lib/python3.8/site-packages/airflow/example_dags/example_branch_datetime_operator.py
[2021-11-21 15:43:53,439] {scheduler_job.py:643} INFO - DAG(s) dict_keys(['example_branch_datetime_operator_2']) retrieved from /home/airflow/sandbox/lib/python3.8/site-packages/airflow/example_dags/example_branch_datetime_operator.py
[2021-11-21 15:43:53,618] {logging_mixin.py:104} INFO - [2021-11-21 15:43:53,617] {dag.py:1832} INFO - Sync 1 DAGs
[2021-11-21 15:43:53,812] {logging_mixin.py:104} INFO - [2021-11-21 15:43:53,812] {dag.py:2305} INFO - Setting next_dagrun for example_branch_datetime_operator_2 to 2021-11-19 00:00:00+00:00
[2021-11-21 15:43:53,949] {scheduler_job.py:190} INFO - Processing /home/airflow/sandbox/lib/python3.8/site-packages/airflow/example_dags/example_branch_datetime_operator.py took 0.727 seconds
[2021-11-21 15:44:55,388] {scheduler_job.py:182} INFO - Started process (PID=3858) to work on /home/airflow/sandbox/lib/python3.8/site-packages/airflow/example_dags/example_branch_datetime_operator.py
[2021-11-21 15:44:55,404] {scheduler_job.py:633} INFO - Processing file /home/airflow/sandbox/lib/python3.8/site-packages/airflow/example_dags/example_branch_datetime_operator.py for tasks to queue
[2021-11-21 15:44:55,406] {logging_mixin.py:104} INFO - [2021-11-21 15:44:55,405] {dagbag.py:487} INFO - Filling up the DagBag from /home/airflow/sandbox/lib/python3.8/site-packages/airflow/example_dags/example_branch_datetime_operator.py
[2021-11-21 15:44:55,573] {scheduler_job.py:643} INFO - DAG(s) dict_keys(['example_branch_datetime_operator_2']) retrieved from /home/airflow/sandbox/lib/python3.8/site-packages/airflow/example_dags/example_branch_datetime_operator.py
[2021-11-21 15:44:55,679] {logging_mixin.py:104} INFO - [2021-11-21 15:44:55,679] {dag.py:1832} INFO - Sync 1 DAGs
[2021-11-21 15:44:55,726] {logging_mixin.py:104} INFO - [2021-11-21 15:44:55,725] {dag.py:2305} INFO - Setting next_dagrun for example_branch_datetime_operator_2 to 2021-11-19 00:00:00+00:00
[2021-11-21 15:44:55,806] {scheduler_job.py:190} INFO - Processing /home/airflow/sandbox/lib/python3.8/site-packages/airflow/example_dags/example_branch_datetime_operator.py took 0.432 seconds
[2021-11-21 15:45:40,649] {scheduler_job.py:182} INFO - Started process (PID=3888) to work on /home/airflow/sandbox/lib/python3.8/site-packages/airflow/example_dags/example_branch_datetime_operator.py
[2021-11-21 15:45:40,661] {scheduler_job.py:633} INFO - Processing file /home/airflow/sandbox/lib/python3.8/site-packages/airflow/example_dags/example_branch_datetime_operator.py for tasks to queue
[2021-11-21 15:45:40,678] {logging_mixin.py:104} INFO - [2021-11-21 15:45:40,678] {dagbag.py:487} INFO - Filling up the DagBag from /home/airflow/sandbox/lib/python3.8/site-packages/airflow/example_dags/example_branch_datetime_operator.py
[2021-11-21 15:45:40,852] {scheduler_job.py:643} INFO - DAG(s) dict_keys(['example_branch_datetime_operator_2']) retrieved from /home/airflow/sandbox/lib/python3.8/site-packages/airflow/example_dags/example_branch_datetime_operator.py
[2021-11-21 15:45:40,951] {logging_mixin.py:104} INFO - [2021-11-21 15:45:40,951] {dag.py:1832} INFO - Sync 1 DAGs
[2021-11-21 15:45:41,033] {logging_mixin.py:104} INFO - [2021-11-21 15:45:41,033] {dag.py:2305} INFO - Setting next_dagrun for example_branch_datetime_operator_2 to 2021-11-19 00:00:00+00:00
[2021-11-21 15:45:41,098] {scheduler_job.py:190} INFO - Processing /home/airflow/sandbox/lib/python3.8/site-packages/airflow/example_dags/example_branch_datetime_operator.py took 0.468 seconds
[2021-11-21 15:46:35,800] {scheduler_job.py:182} INFO - Started process (PID=3981) to work on /home/airflow/sandbox/lib/python3.8/site-packages/airflow/example_dags/example_branch_datetime_operator.py
[2021-11-21 15:46:35,821] {scheduler_job.py:633} INFO - Processing file /home/airflow/sandbox/lib/python3.8/site-packages/airflow/example_dags/example_branch_datetime_operator.py for tasks to queue
[2021-11-21 15:46:35,827] {logging_mixin.py:104} INFO - [2021-11-21 15:46:35,826] {dagbag.py:487} INFO - Filling up the DagBag from /home/airflow/sandbox/lib/python3.8/site-packages/airflow/example_dags/example_branch_datetime_operator.py
[2021-11-21 15:46:35,924] {scheduler_job.py:643} INFO - DAG(s) dict_keys(['example_branch_datetime_operator_2']) retrieved from /home/airflow/sandbox/lib/python3.8/site-packages/airflow/example_dags/example_branch_datetime_operator.py
[2021-11-21 15:46:36,008] {logging_mixin.py:104} INFO - [2021-11-21 15:46:36,008] {dag.py:1832} INFO - Sync 1 DAGs
[2021-11-21 15:46:36,115] {logging_mixin.py:104} INFO - [2021-11-21 15:46:36,115] {dag.py:2305} INFO - Setting next_dagrun for example_branch_datetime_operator_2 to 2021-11-19 00:00:00+00:00
[2021-11-21 15:46:36,224] {scheduler_job.py:190} INFO - Processing /home/airflow/sandbox/lib/python3.8/site-packages/airflow/example_dags/example_branch_datetime_operator.py took 0.436 seconds
[2021-11-21 15:47:33,033] {scheduler_job.py:182} INFO - Started process (PID=4011) to work on /home/airflow/sandbox/lib/python3.8/site-packages/airflow/example_dags/example_branch_datetime_operator.py
[2021-11-21 15:47:33,041] {scheduler_job.py:633} INFO - Processing file /home/airflow/sandbox/lib/python3.8/site-packages/airflow/example_dags/example_branch_datetime_operator.py for tasks to queue
[2021-11-21 15:47:33,042] {logging_mixin.py:104} INFO - [2021-11-21 15:47:33,042] {dagbag.py:487} INFO - Filling up the DagBag from /home/airflow/sandbox/lib/python3.8/site-packages/airflow/example_dags/example_branch_datetime_operator.py
[2021-11-21 15:47:33,096] {scheduler_job.py:643} INFO - DAG(s) dict_keys(['example_branch_datetime_operator_2']) retrieved from /home/airflow/sandbox/lib/python3.8/site-packages/airflow/example_dags/example_branch_datetime_operator.py
[2021-11-21 15:47:33,145] {logging_mixin.py:104} INFO - [2021-11-21 15:47:33,145] {dag.py:1832} INFO - Sync 1 DAGs
[2021-11-21 15:47:33,211] {logging_mixin.py:104} INFO - [2021-11-21 15:47:33,211] {dag.py:2305} INFO - Setting next_dagrun for example_branch_datetime_operator_2 to 2021-11-19 00:00:00+00:00
[2021-11-21 15:47:33,321] {scheduler_job.py:190} INFO - Processing /home/airflow/sandbox/lib/python3.8/site-packages/airflow/example_dags/example_branch_datetime_operator.py took 0.295 seconds
[2021-11-21 15:48:31,389] {scheduler_job.py:182} INFO - Started process (PID=4087) to work on /home/airflow/sandbox/lib/python3.8/site-packages/airflow/example_dags/example_branch_datetime_operator.py
[2021-11-21 15:48:31,418] {scheduler_job.py:633} INFO - Processing file /home/airflow/sandbox/lib/python3.8/site-packages/airflow/example_dags/example_branch_datetime_operator.py for tasks to queue
[2021-11-21 15:48:31,420] {logging_mixin.py:104} INFO - [2021-11-21 15:48:31,419] {dagbag.py:487} INFO - Filling up the DagBag from /home/airflow/sandbox/lib/python3.8/site-packages/airflow/example_dags/example_branch_datetime_operator.py
[2021-11-21 15:48:31,496] {scheduler_job.py:643} INFO - DAG(s) dict_keys(['example_branch_datetime_operator_2']) retrieved from /home/airflow/sandbox/lib/python3.8/site-packages/airflow/example_dags/example_branch_datetime_operator.py
[2021-11-21 15:48:31,543] {logging_mixin.py:104} INFO - [2021-11-21 15:48:31,543] {dag.py:1832} INFO - Sync 1 DAGs
[2021-11-21 15:48:31,640] {logging_mixin.py:104} INFO - [2021-11-21 15:48:31,640] {dag.py:2305} INFO - Setting next_dagrun for example_branch_datetime_operator_2 to 2021-11-19 00:00:00+00:00
[2021-11-21 15:48:31,758] {scheduler_job.py:190} INFO - Processing /home/airflow/sandbox/lib/python3.8/site-packages/airflow/example_dags/example_branch_datetime_operator.py took 0.454 seconds
[2021-11-21 15:49:14,859] {scheduler_job.py:182} INFO - Started process (PID=4140) to work on /home/airflow/sandbox/lib/python3.8/site-packages/airflow/example_dags/example_branch_datetime_operator.py
[2021-11-21 15:49:14,870] {scheduler_job.py:633} INFO - Processing file /home/airflow/sandbox/lib/python3.8/site-packages/airflow/example_dags/example_branch_datetime_operator.py for tasks to queue
[2021-11-21 15:49:14,876] {logging_mixin.py:104} INFO - [2021-11-21 15:49:14,876] {dagbag.py:487} INFO - Filling up the DagBag from /home/airflow/sandbox/lib/python3.8/site-packages/airflow/example_dags/example_branch_datetime_operator.py
[2021-11-21 15:49:14,912] {scheduler_job.py:643} INFO - DAG(s) dict_keys(['example_branch_datetime_operator_2']) retrieved from /home/airflow/sandbox/lib/python3.8/site-packages/airflow/example_dags/example_branch_datetime_operator.py
[2021-11-21 15:49:14,950] {logging_mixin.py:104} INFO - [2021-11-21 15:49:14,950] {dag.py:1832} INFO - Sync 1 DAGs
[2021-11-21 15:49:15,008] {logging_mixin.py:104} INFO - [2021-11-21 15:49:15,008] {dag.py:2305} INFO - Setting next_dagrun for example_branch_datetime_operator_2 to 2021-11-19 00:00:00+00:00
[2021-11-21 15:49:15,086] {scheduler_job.py:190} INFO - Processing /home/airflow/sandbox/lib/python3.8/site-packages/airflow/example_dags/example_branch_datetime_operator.py took 0.237 seconds
[2021-11-21 15:50:23,808] {scheduler_job.py:182} INFO - Started process (PID=4293) to work on /home/airflow/sandbox/lib/python3.8/site-packages/airflow/example_dags/example_branch_datetime_operator.py
[2021-11-21 15:50:23,830] {scheduler_job.py:633} INFO - Processing file /home/airflow/sandbox/lib/python3.8/site-packages/airflow/example_dags/example_branch_datetime_operator.py for tasks to queue
[2021-11-21 15:50:23,838] {logging_mixin.py:104} INFO - [2021-11-21 15:50:23,837] {dagbag.py:487} INFO - Filling up the DagBag from /home/airflow/sandbox/lib/python3.8/site-packages/airflow/example_dags/example_branch_datetime_operator.py
[2021-11-21 15:50:23,958] {scheduler_job.py:643} INFO - DAG(s) dict_keys(['example_branch_datetime_operator_2']) retrieved from /home/airflow/sandbox/lib/python3.8/site-packages/airflow/example_dags/example_branch_datetime_operator.py
[2021-11-21 15:50:24,070] {logging_mixin.py:104} INFO - [2021-11-21 15:50:24,070] {dag.py:1832} INFO - Sync 1 DAGs
[2021-11-21 15:50:24,218] {logging_mixin.py:104} INFO - [2021-11-21 15:50:24,217] {dag.py:2305} INFO - Setting next_dagrun for example_branch_datetime_operator_2 to 2021-11-19 00:00:00+00:00
[2021-11-21 15:50:24,268] {scheduler_job.py:190} INFO - Processing /home/airflow/sandbox/lib/python3.8/site-packages/airflow/example_dags/example_branch_datetime_operator.py took 0.477 seconds
[2021-11-21 15:51:23,524] {scheduler_job.py:182} INFO - Started process (PID=4445) to work on /home/airflow/sandbox/lib/python3.8/site-packages/airflow/example_dags/example_branch_datetime_operator.py
[2021-11-21 15:51:23,544] {scheduler_job.py:633} INFO - Processing file /home/airflow/sandbox/lib/python3.8/site-packages/airflow/example_dags/example_branch_datetime_operator.py for tasks to queue
[2021-11-21 15:51:23,547] {logging_mixin.py:104} INFO - [2021-11-21 15:51:23,546] {dagbag.py:487} INFO - Filling up the DagBag from /home/airflow/sandbox/lib/python3.8/site-packages/airflow/example_dags/example_branch_datetime_operator.py
[2021-11-21 15:51:23,704] {scheduler_job.py:643} INFO - DAG(s) dict_keys(['example_branch_datetime_operator_2']) retrieved from /home/airflow/sandbox/lib/python3.8/site-packages/airflow/example_dags/example_branch_datetime_operator.py
[2021-11-21 15:51:23,870] {logging_mixin.py:104} INFO - [2021-11-21 15:51:23,869] {dag.py:1832} INFO - Sync 1 DAGs
[2021-11-21 15:51:23,908] {logging_mixin.py:104} INFO - [2021-11-21 15:51:23,905] {dag.py:2305} INFO - Setting next_dagrun for example_branch_datetime_operator_2 to 2021-11-19 00:00:00+00:00
[2021-11-21 15:51:23,989] {scheduler_job.py:190} INFO - Processing /home/airflow/sandbox/lib/python3.8/site-packages/airflow/example_dags/example_branch_datetime_operator.py took 0.478 seconds
[2021-11-21 15:52:19,664] {scheduler_job.py:182} INFO - Started process (PID=4553) to work on /home/airflow/sandbox/lib/python3.8/site-packages/airflow/example_dags/example_branch_datetime_operator.py
[2021-11-21 15:52:19,694] {scheduler_job.py:633} INFO - Processing file /home/airflow/sandbox/lib/python3.8/site-packages/airflow/example_dags/example_branch_datetime_operator.py for tasks to queue
[2021-11-21 15:52:19,697] {logging_mixin.py:104} INFO - [2021-11-21 15:52:19,696] {dagbag.py:487} INFO - Filling up the DagBag from /home/airflow/sandbox/lib/python3.8/site-packages/airflow/example_dags/example_branch_datetime_operator.py
[2021-11-21 15:52:20,074] {scheduler_job.py:643} INFO - DAG(s) dict_keys(['example_branch_datetime_operator_2']) retrieved from /home/airflow/sandbox/lib/python3.8/site-packages/airflow/example_dags/example_branch_datetime_operator.py
[2021-11-21 15:52:20,694] {logging_mixin.py:104} INFO - [2021-11-21 15:52:20,694] {dag.py:1832} INFO - Sync 1 DAGs
[2021-11-21 15:52:20,836] {logging_mixin.py:104} INFO - [2021-11-21 15:52:20,835] {dag.py:2305} INFO - Setting next_dagrun for example_branch_datetime_operator_2 to 2021-11-19 00:00:00+00:00
[2021-11-21 15:52:21,093] {scheduler_job.py:190} INFO - Processing /home/airflow/sandbox/lib/python3.8/site-packages/airflow/example_dags/example_branch_datetime_operator.py took 1.447 seconds
[2021-11-21 15:53:22,213] {scheduler_job.py:182} INFO - Started process (PID=4736) to work on /home/airflow/sandbox/lib/python3.8/site-packages/airflow/example_dags/example_branch_datetime_operator.py
[2021-11-21 15:53:22,220] {scheduler_job.py:633} INFO - Processing file /home/airflow/sandbox/lib/python3.8/site-packages/airflow/example_dags/example_branch_datetime_operator.py for tasks to queue
[2021-11-21 15:53:22,238] {logging_mixin.py:104} INFO - [2021-11-21 15:53:22,238] {dagbag.py:487} INFO - Filling up the DagBag from /home/airflow/sandbox/lib/python3.8/site-packages/airflow/example_dags/example_branch_datetime_operator.py
[2021-11-21 15:53:22,397] {scheduler_job.py:643} INFO - DAG(s) dict_keys(['example_branch_datetime_operator_2']) retrieved from /home/airflow/sandbox/lib/python3.8/site-packages/airflow/example_dags/example_branch_datetime_operator.py
[2021-11-21 15:53:22,500] {logging_mixin.py:104} INFO - [2021-11-21 15:53:22,500] {dag.py:1832} INFO - Sync 1 DAGs
[2021-11-21 15:53:22,620] {logging_mixin.py:104} INFO - [2021-11-21 15:53:22,619] {dag.py:2305} INFO - Setting next_dagrun for example_branch_datetime_operator_2 to 2021-11-19 00:00:00+00:00
[2021-11-21 15:53:22,731] {scheduler_job.py:190} INFO - Processing /home/airflow/sandbox/lib/python3.8/site-packages/airflow/example_dags/example_branch_datetime_operator.py took 0.545 seconds
[2021-11-21 15:54:28,275] {scheduler_job.py:182} INFO - Started process (PID=4896) to work on /home/airflow/sandbox/lib/python3.8/site-packages/airflow/example_dags/example_branch_datetime_operator.py
[2021-11-21 15:54:28,284] {scheduler_job.py:633} INFO - Processing file /home/airflow/sandbox/lib/python3.8/site-packages/airflow/example_dags/example_branch_datetime_operator.py for tasks to queue
[2021-11-21 15:54:28,286] {logging_mixin.py:104} INFO - [2021-11-21 15:54:28,285] {dagbag.py:487} INFO - Filling up the DagBag from /home/airflow/sandbox/lib/python3.8/site-packages/airflow/example_dags/example_branch_datetime_operator.py
[2021-11-21 15:54:28,420] {scheduler_job.py:643} INFO - DAG(s) dict_keys(['example_branch_datetime_operator_2']) retrieved from /home/airflow/sandbox/lib/python3.8/site-packages/airflow/example_dags/example_branch_datetime_operator.py
[2021-11-21 15:54:28,460] {logging_mixin.py:104} INFO - [2021-11-21 15:54:28,459] {dag.py:1832} INFO - Sync 1 DAGs
[2021-11-21 15:54:28,501] {logging_mixin.py:104} INFO - [2021-11-21 15:54:28,501] {dag.py:2305} INFO - Setting next_dagrun for example_branch_datetime_operator_2 to 2021-11-19 00:00:00+00:00
[2021-11-21 15:54:28,570] {scheduler_job.py:190} INFO - Processing /home/airflow/sandbox/lib/python3.8/site-packages/airflow/example_dags/example_branch_datetime_operator.py took 0.344 seconds
[2021-11-21 15:55:13,212] {scheduler_job.py:182} INFO - Started process (PID=4985) to work on /home/airflow/sandbox/lib/python3.8/site-packages/airflow/example_dags/example_branch_datetime_operator.py
[2021-11-21 15:55:13,219] {scheduler_job.py:633} INFO - Processing file /home/airflow/sandbox/lib/python3.8/site-packages/airflow/example_dags/example_branch_datetime_operator.py for tasks to queue
[2021-11-21 15:55:13,221] {logging_mixin.py:104} INFO - [2021-11-21 15:55:13,221] {dagbag.py:487} INFO - Filling up the DagBag from /home/airflow/sandbox/lib/python3.8/site-packages/airflow/example_dags/example_branch_datetime_operator.py
[2021-11-21 15:55:13,345] {scheduler_job.py:643} INFO - DAG(s) dict_keys(['example_branch_datetime_operator_2']) retrieved from /home/airflow/sandbox/lib/python3.8/site-packages/airflow/example_dags/example_branch_datetime_operator.py
[2021-11-21 15:55:13,402] {logging_mixin.py:104} INFO - [2021-11-21 15:55:13,402] {dag.py:1832} INFO - Sync 1 DAGs
[2021-11-21 15:55:13,444] {logging_mixin.py:104} INFO - [2021-11-21 15:55:13,444] {dag.py:2305} INFO - Setting next_dagrun for example_branch_datetime_operator_2 to 2021-11-19 00:00:00+00:00
[2021-11-21 15:55:13,517] {scheduler_job.py:190} INFO - Processing /home/airflow/sandbox/lib/python3.8/site-packages/airflow/example_dags/example_branch_datetime_operator.py took 0.317 seconds
[2021-11-21 15:55:50,887] {scheduler_job.py:182} INFO - Started process (PID=5011) to work on /home/airflow/sandbox/lib/python3.8/site-packages/airflow/example_dags/example_branch_datetime_operator.py
[2021-11-21 15:55:50,919] {scheduler_job.py:633} INFO - Processing file /home/airflow/sandbox/lib/python3.8/site-packages/airflow/example_dags/example_branch_datetime_operator.py for tasks to queue
[2021-11-21 15:55:50,925] {logging_mixin.py:104} INFO - [2021-11-21 15:55:50,925] {dagbag.py:487} INFO - Filling up the DagBag from /home/airflow/sandbox/lib/python3.8/site-packages/airflow/example_dags/example_branch_datetime_operator.py
[2021-11-21 15:55:51,045] {scheduler_job.py:643} INFO - DAG(s) dict_keys(['example_branch_datetime_operator_2']) retrieved from /home/airflow/sandbox/lib/python3.8/site-packages/airflow/example_dags/example_branch_datetime_operator.py
[2021-11-21 15:55:51,146] {logging_mixin.py:104} INFO - [2021-11-21 15:55:51,145] {dag.py:1832} INFO - Sync 1 DAGs
[2021-11-21 15:55:51,201] {logging_mixin.py:104} INFO - [2021-11-21 15:55:51,200] {dag.py:2305} INFO - Setting next_dagrun for example_branch_datetime_operator_2 to 2021-11-19 00:00:00+00:00
[2021-11-21 15:55:51,258] {scheduler_job.py:190} INFO - Processing /home/airflow/sandbox/lib/python3.8/site-packages/airflow/example_dags/example_branch_datetime_operator.py took 0.385 seconds
[2021-11-21 15:56:30,264] {scheduler_job.py:182} INFO - Started process (PID=5096) to work on /home/airflow/sandbox/lib/python3.8/site-packages/airflow/example_dags/example_branch_datetime_operator.py
[2021-11-21 15:56:30,272] {scheduler_job.py:633} INFO - Processing file /home/airflow/sandbox/lib/python3.8/site-packages/airflow/example_dags/example_branch_datetime_operator.py for tasks to queue
[2021-11-21 15:56:30,274] {logging_mixin.py:104} INFO - [2021-11-21 15:56:30,274] {dagbag.py:487} INFO - Filling up the DagBag from /home/airflow/sandbox/lib/python3.8/site-packages/airflow/example_dags/example_branch_datetime_operator.py
[2021-11-21 15:56:30,490] {scheduler_job.py:643} INFO - DAG(s) dict_keys(['example_branch_datetime_operator_2']) retrieved from /home/airflow/sandbox/lib/python3.8/site-packages/airflow/example_dags/example_branch_datetime_operator.py
[2021-11-21 15:56:30,523] {logging_mixin.py:104} INFO - [2021-11-21 15:56:30,523] {dag.py:1832} INFO - Sync 1 DAGs
[2021-11-21 15:56:30,564] {logging_mixin.py:104} INFO - [2021-11-21 15:56:30,564] {dag.py:2305} INFO - Setting next_dagrun for example_branch_datetime_operator_2 to 2021-11-19 00:00:00+00:00
[2021-11-21 15:56:30,627] {scheduler_job.py:190} INFO - Processing /home/airflow/sandbox/lib/python3.8/site-packages/airflow/example_dags/example_branch_datetime_operator.py took 0.378 seconds
[2021-11-21 15:57:29,406] {scheduler_job.py:182} INFO - Started process (PID=5174) to work on /home/airflow/sandbox/lib/python3.8/site-packages/airflow/example_dags/example_branch_datetime_operator.py
[2021-11-21 15:57:29,429] {scheduler_job.py:633} INFO - Processing file /home/airflow/sandbox/lib/python3.8/site-packages/airflow/example_dags/example_branch_datetime_operator.py for tasks to queue
[2021-11-21 15:57:29,432] {logging_mixin.py:104} INFO - [2021-11-21 15:57:29,432] {dagbag.py:487} INFO - Filling up the DagBag from /home/airflow/sandbox/lib/python3.8/site-packages/airflow/example_dags/example_branch_datetime_operator.py
[2021-11-21 15:57:29,626] {scheduler_job.py:643} INFO - DAG(s) dict_keys(['example_branch_datetime_operator_2']) retrieved from /home/airflow/sandbox/lib/python3.8/site-packages/airflow/example_dags/example_branch_datetime_operator.py
[2021-11-21 15:57:29,814] {logging_mixin.py:104} INFO - [2021-11-21 15:57:29,813] {dag.py:1832} INFO - Sync 1 DAGs
[2021-11-21 15:57:29,965] {logging_mixin.py:104} INFO - [2021-11-21 15:57:29,963] {dag.py:2305} INFO - Setting next_dagrun for example_branch_datetime_operator_2 to 2021-11-19 00:00:00+00:00
[2021-11-21 15:57:30,181] {scheduler_job.py:190} INFO - Processing /home/airflow/sandbox/lib/python3.8/site-packages/airflow/example_dags/example_branch_datetime_operator.py took 0.797 seconds
[2021-11-21 15:58:32,520] {scheduler_job.py:182} INFO - Started process (PID=5396) to work on /home/airflow/sandbox/lib/python3.8/site-packages/airflow/example_dags/example_branch_datetime_operator.py
[2021-11-21 15:58:32,525] {scheduler_job.py:633} INFO - Processing file /home/airflow/sandbox/lib/python3.8/site-packages/airflow/example_dags/example_branch_datetime_operator.py for tasks to queue
[2021-11-21 15:58:32,527] {logging_mixin.py:104} INFO - [2021-11-21 15:58:32,526] {dagbag.py:487} INFO - Filling up the DagBag from /home/airflow/sandbox/lib/python3.8/site-packages/airflow/example_dags/example_branch_datetime_operator.py
[2021-11-21 15:58:32,591] {scheduler_job.py:643} INFO - DAG(s) dict_keys(['example_branch_datetime_operator_2']) retrieved from /home/airflow/sandbox/lib/python3.8/site-packages/airflow/example_dags/example_branch_datetime_operator.py
[2021-11-21 15:58:32,639] {logging_mixin.py:104} INFO - [2021-11-21 15:58:32,639] {dag.py:1832} INFO - Sync 1 DAGs
[2021-11-21 15:58:32,689] {logging_mixin.py:104} INFO - [2021-11-21 15:58:32,688] {dag.py:2305} INFO - Setting next_dagrun for example_branch_datetime_operator_2 to 2021-11-19 00:00:00+00:00
[2021-11-21 15:58:32,756] {scheduler_job.py:190} INFO - Processing /home/airflow/sandbox/lib/python3.8/site-packages/airflow/example_dags/example_branch_datetime_operator.py took 0.247 seconds
[2021-11-21 15:59:32,466] {scheduler_job.py:182} INFO - Started process (PID=5460) to work on /home/airflow/sandbox/lib/python3.8/site-packages/airflow/example_dags/example_branch_datetime_operator.py
[2021-11-21 15:59:32,498] {scheduler_job.py:633} INFO - Processing file /home/airflow/sandbox/lib/python3.8/site-packages/airflow/example_dags/example_branch_datetime_operator.py for tasks to queue
[2021-11-21 15:59:32,509] {logging_mixin.py:104} INFO - [2021-11-21 15:59:32,509] {dagbag.py:487} INFO - Filling up the DagBag from /home/airflow/sandbox/lib/python3.8/site-packages/airflow/example_dags/example_branch_datetime_operator.py
[2021-11-21 15:59:32,598] {scheduler_job.py:643} INFO - DAG(s) dict_keys(['example_branch_datetime_operator_2']) retrieved from /home/airflow/sandbox/lib/python3.8/site-packages/airflow/example_dags/example_branch_datetime_operator.py
[2021-11-21 15:59:32,684] {logging_mixin.py:104} INFO - [2021-11-21 15:59:32,684] {dag.py:1832} INFO - Sync 1 DAGs
[2021-11-21 15:59:32,865] {logging_mixin.py:104} INFO - [2021-11-21 15:59:32,865] {dag.py:2305} INFO - Setting next_dagrun for example_branch_datetime_operator_2 to 2021-11-19 00:00:00+00:00
[2021-11-21 15:59:32,978] {scheduler_job.py:190} INFO - Processing /home/airflow/sandbox/lib/python3.8/site-packages/airflow/example_dags/example_branch_datetime_operator.py took 0.529 seconds
[2021-11-21 16:00:19,074] {scheduler_job.py:182} INFO - Started process (PID=5534) to work on /home/airflow/sandbox/lib/python3.8/site-packages/airflow/example_dags/example_branch_datetime_operator.py
[2021-11-21 16:00:19,088] {scheduler_job.py:633} INFO - Processing file /home/airflow/sandbox/lib/python3.8/site-packages/airflow/example_dags/example_branch_datetime_operator.py for tasks to queue
[2021-11-21 16:00:19,090] {logging_mixin.py:104} INFO - [2021-11-21 16:00:19,090] {dagbag.py:487} INFO - Filling up the DagBag from /home/airflow/sandbox/lib/python3.8/site-packages/airflow/example_dags/example_branch_datetime_operator.py
[2021-11-21 16:00:19,222] {scheduler_job.py:643} INFO - DAG(s) dict_keys(['example_branch_datetime_operator_2']) retrieved from /home/airflow/sandbox/lib/python3.8/site-packages/airflow/example_dags/example_branch_datetime_operator.py
[2021-11-21 16:00:19,327] {logging_mixin.py:104} INFO - [2021-11-21 16:00:19,327] {dag.py:1832} INFO - Sync 1 DAGs
[2021-11-21 16:00:19,425] {logging_mixin.py:104} INFO - [2021-11-21 16:00:19,424] {dag.py:2305} INFO - Setting next_dagrun for example_branch_datetime_operator_2 to 2021-11-19 00:00:00+00:00
[2021-11-21 16:00:19,561] {scheduler_job.py:190} INFO - Processing /home/airflow/sandbox/lib/python3.8/site-packages/airflow/example_dags/example_branch_datetime_operator.py took 0.498 seconds
[2021-11-21 16:01:05,273] {scheduler_job.py:182} INFO - Started process (PID=5638) to work on /home/airflow/sandbox/lib/python3.8/site-packages/airflow/example_dags/example_branch_datetime_operator.py
[2021-11-21 16:01:05,294] {scheduler_job.py:633} INFO - Processing file /home/airflow/sandbox/lib/python3.8/site-packages/airflow/example_dags/example_branch_datetime_operator.py for tasks to queue
[2021-11-21 16:01:05,303] {logging_mixin.py:104} INFO - [2021-11-21 16:01:05,303] {dagbag.py:487} INFO - Filling up the DagBag from /home/airflow/sandbox/lib/python3.8/site-packages/airflow/example_dags/example_branch_datetime_operator.py
[2021-11-21 16:01:05,391] {scheduler_job.py:643} INFO - DAG(s) dict_keys(['example_branch_datetime_operator_2']) retrieved from /home/airflow/sandbox/lib/python3.8/site-packages/airflow/example_dags/example_branch_datetime_operator.py
[2021-11-21 16:01:05,452] {logging_mixin.py:104} INFO - [2021-11-21 16:01:05,452] {dag.py:1832} INFO - Sync 1 DAGs
[2021-11-21 16:01:05,499] {logging_mixin.py:104} INFO - [2021-11-21 16:01:05,499] {dag.py:2305} INFO - Setting next_dagrun for example_branch_datetime_operator_2 to 2021-11-19 00:00:00+00:00
[2021-11-21 16:01:05,549] {scheduler_job.py:190} INFO - Processing /home/airflow/sandbox/lib/python3.8/site-packages/airflow/example_dags/example_branch_datetime_operator.py took 0.287 seconds
[2021-11-21 16:01:47,917] {scheduler_job.py:182} INFO - Started process (PID=5667) to work on /home/airflow/sandbox/lib/python3.8/site-packages/airflow/example_dags/example_branch_datetime_operator.py
[2021-11-21 16:01:47,923] {scheduler_job.py:633} INFO - Processing file /home/airflow/sandbox/lib/python3.8/site-packages/airflow/example_dags/example_branch_datetime_operator.py for tasks to queue
[2021-11-21 16:01:47,924] {logging_mixin.py:104} INFO - [2021-11-21 16:01:47,924] {dagbag.py:487} INFO - Filling up the DagBag from /home/airflow/sandbox/lib/python3.8/site-packages/airflow/example_dags/example_branch_datetime_operator.py
[2021-11-21 16:01:47,969] {scheduler_job.py:643} INFO - DAG(s) dict_keys(['example_branch_datetime_operator_2']) retrieved from /home/airflow/sandbox/lib/python3.8/site-packages/airflow/example_dags/example_branch_datetime_operator.py
[2021-11-21 16:01:48,017] {logging_mixin.py:104} INFO - [2021-11-21 16:01:48,017] {dag.py:1832} INFO - Sync 1 DAGs
[2021-11-21 16:01:48,060] {logging_mixin.py:104} INFO - [2021-11-21 16:01:48,060] {dag.py:2305} INFO - Setting next_dagrun for example_branch_datetime_operator_2 to 2021-11-19 00:00:00+00:00
[2021-11-21 16:01:48,115] {scheduler_job.py:190} INFO - Processing /home/airflow/sandbox/lib/python3.8/site-packages/airflow/example_dags/example_branch_datetime_operator.py took 0.214 seconds
[2021-11-21 16:02:27,181] {scheduler_job.py:182} INFO - Started process (PID=5756) to work on /home/airflow/sandbox/lib/python3.8/site-packages/airflow/example_dags/example_branch_datetime_operator.py
[2021-11-21 16:02:27,192] {scheduler_job.py:633} INFO - Processing file /home/airflow/sandbox/lib/python3.8/site-packages/airflow/example_dags/example_branch_datetime_operator.py for tasks to queue
[2021-11-21 16:02:27,194] {logging_mixin.py:104} INFO - [2021-11-21 16:02:27,194] {dagbag.py:487} INFO - Filling up the DagBag from /home/airflow/sandbox/lib/python3.8/site-packages/airflow/example_dags/example_branch_datetime_operator.py
[2021-11-21 16:02:27,323] {scheduler_job.py:643} INFO - DAG(s) dict_keys(['example_branch_datetime_operator_2']) retrieved from /home/airflow/sandbox/lib/python3.8/site-packages/airflow/example_dags/example_branch_datetime_operator.py
[2021-11-21 16:02:27,417] {logging_mixin.py:104} INFO - [2021-11-21 16:02:27,417] {dag.py:1832} INFO - Sync 1 DAGs
[2021-11-21 16:02:27,461] {logging_mixin.py:104} INFO - [2021-11-21 16:02:27,461] {dag.py:2305} INFO - Setting next_dagrun for example_branch_datetime_operator_2 to 2021-11-19 00:00:00+00:00
[2021-11-21 16:02:27,546] {scheduler_job.py:190} INFO - Processing /home/airflow/sandbox/lib/python3.8/site-packages/airflow/example_dags/example_branch_datetime_operator.py took 0.379 seconds
[2021-11-21 16:03:04,438] {scheduler_job.py:182} INFO - Started process (PID=5782) to work on /home/airflow/sandbox/lib/python3.8/site-packages/airflow/example_dags/example_branch_datetime_operator.py
[2021-11-21 16:03:04,446] {scheduler_job.py:633} INFO - Processing file /home/airflow/sandbox/lib/python3.8/site-packages/airflow/example_dags/example_branch_datetime_operator.py for tasks to queue
[2021-11-21 16:03:04,456] {logging_mixin.py:104} INFO - [2021-11-21 16:03:04,456] {dagbag.py:487} INFO - Filling up the DagBag from /home/airflow/sandbox/lib/python3.8/site-packages/airflow/example_dags/example_branch_datetime_operator.py
[2021-11-21 16:03:04,551] {scheduler_job.py:643} INFO - DAG(s) dict_keys(['example_branch_datetime_operator_2']) retrieved from /home/airflow/sandbox/lib/python3.8/site-packages/airflow/example_dags/example_branch_datetime_operator.py
[2021-11-21 16:03:04,590] {logging_mixin.py:104} INFO - [2021-11-21 16:03:04,590] {dag.py:1832} INFO - Sync 1 DAGs
[2021-11-21 16:03:04,649] {logging_mixin.py:104} INFO - [2021-11-21 16:03:04,649] {dag.py:2305} INFO - Setting next_dagrun for example_branch_datetime_operator_2 to 2021-11-19 00:00:00+00:00
[2021-11-21 16:03:04,719] {scheduler_job.py:190} INFO - Processing /home/airflow/sandbox/lib/python3.8/site-packages/airflow/example_dags/example_branch_datetime_operator.py took 0.300 seconds
[2021-11-21 16:03:40,584] {scheduler_job.py:182} INFO - Started process (PID=5850) to work on /home/airflow/sandbox/lib/python3.8/site-packages/airflow/example_dags/example_branch_datetime_operator.py
[2021-11-21 16:03:40,599] {scheduler_job.py:633} INFO - Processing file /home/airflow/sandbox/lib/python3.8/site-packages/airflow/example_dags/example_branch_datetime_operator.py for tasks to queue
[2021-11-21 16:03:40,601] {logging_mixin.py:104} INFO - [2021-11-21 16:03:40,600] {dagbag.py:487} INFO - Filling up the DagBag from /home/airflow/sandbox/lib/python3.8/site-packages/airflow/example_dags/example_branch_datetime_operator.py
[2021-11-21 16:03:40,723] {scheduler_job.py:643} INFO - DAG(s) dict_keys(['example_branch_datetime_operator_2']) retrieved from /home/airflow/sandbox/lib/python3.8/site-packages/airflow/example_dags/example_branch_datetime_operator.py
[2021-11-21 16:03:40,769] {logging_mixin.py:104} INFO - [2021-11-21 16:03:40,769] {dag.py:1832} INFO - Sync 1 DAGs
[2021-11-21 16:03:40,825] {logging_mixin.py:104} INFO - [2021-11-21 16:03:40,825] {dag.py:2305} INFO - Setting next_dagrun for example_branch_datetime_operator_2 to 2021-11-19 00:00:00+00:00
[2021-11-21 16:03:40,912] {scheduler_job.py:190} INFO - Processing /home/airflow/sandbox/lib/python3.8/site-packages/airflow/example_dags/example_branch_datetime_operator.py took 0.338 seconds
[2021-11-21 16:04:31,876] {scheduler_job.py:182} INFO - Started process (PID=5884) to work on /home/airflow/sandbox/lib/python3.8/site-packages/airflow/example_dags/example_branch_datetime_operator.py
[2021-11-21 16:04:31,881] {scheduler_job.py:633} INFO - Processing file /home/airflow/sandbox/lib/python3.8/site-packages/airflow/example_dags/example_branch_datetime_operator.py for tasks to queue
[2021-11-21 16:04:31,882] {logging_mixin.py:104} INFO - [2021-11-21 16:04:31,882] {dagbag.py:487} INFO - Filling up the DagBag from /home/airflow/sandbox/lib/python3.8/site-packages/airflow/example_dags/example_branch_datetime_operator.py
[2021-11-21 16:04:31,927] {scheduler_job.py:643} INFO - DAG(s) dict_keys(['example_branch_datetime_operator_2']) retrieved from /home/airflow/sandbox/lib/python3.8/site-packages/airflow/example_dags/example_branch_datetime_operator.py
[2021-11-21 16:04:31,968] {logging_mixin.py:104} INFO - [2021-11-21 16:04:31,967] {dag.py:1832} INFO - Sync 1 DAGs
[2021-11-21 16:04:32,040] {logging_mixin.py:104} INFO - [2021-11-21 16:04:32,040] {dag.py:2305} INFO - Setting next_dagrun for example_branch_datetime_operator_2 to 2021-11-19 00:00:00+00:00
[2021-11-21 16:04:32,114] {scheduler_job.py:190} INFO - Processing /home/airflow/sandbox/lib/python3.8/site-packages/airflow/example_dags/example_branch_datetime_operator.py took 0.244 seconds
[2021-11-21 16:05:19,192] {scheduler_job.py:182} INFO - Started process (PID=5918) to work on /home/airflow/sandbox/lib/python3.8/site-packages/airflow/example_dags/example_branch_datetime_operator.py
[2021-11-21 16:05:19,205] {scheduler_job.py:633} INFO - Processing file /home/airflow/sandbox/lib/python3.8/site-packages/airflow/example_dags/example_branch_datetime_operator.py for tasks to queue
[2021-11-21 16:05:19,215] {logging_mixin.py:104} INFO - [2021-11-21 16:05:19,207] {dagbag.py:487} INFO - Filling up the DagBag from /home/airflow/sandbox/lib/python3.8/site-packages/airflow/example_dags/example_branch_datetime_operator.py
[2021-11-21 16:05:19,302] {scheduler_job.py:643} INFO - DAG(s) dict_keys(['example_branch_datetime_operator_2']) retrieved from /home/airflow/sandbox/lib/python3.8/site-packages/airflow/example_dags/example_branch_datetime_operator.py
[2021-11-21 16:05:19,357] {logging_mixin.py:104} INFO - [2021-11-21 16:05:19,357] {dag.py:1832} INFO - Sync 1 DAGs
[2021-11-21 16:05:19,392] {logging_mixin.py:104} INFO - [2021-11-21 16:05:19,388] {dag.py:2305} INFO - Setting next_dagrun for example_branch_datetime_operator_2 to 2021-11-19 00:00:00+00:00
[2021-11-21 16:05:19,449] {scheduler_job.py:190} INFO - Processing /home/airflow/sandbox/lib/python3.8/site-packages/airflow/example_dags/example_branch_datetime_operator.py took 0.270 seconds
[2021-11-21 16:05:56,556] {scheduler_job.py:182} INFO - Started process (PID=5941) to work on /home/airflow/sandbox/lib/python3.8/site-packages/airflow/example_dags/example_branch_datetime_operator.py
[2021-11-21 16:05:56,567] {scheduler_job.py:633} INFO - Processing file /home/airflow/sandbox/lib/python3.8/site-packages/airflow/example_dags/example_branch_datetime_operator.py for tasks to queue
[2021-11-21 16:05:56,568] {logging_mixin.py:104} INFO - [2021-11-21 16:05:56,568] {dagbag.py:487} INFO - Filling up the DagBag from /home/airflow/sandbox/lib/python3.8/site-packages/airflow/example_dags/example_branch_datetime_operator.py
[2021-11-21 16:05:56,623] {scheduler_job.py:643} INFO - DAG(s) dict_keys(['example_branch_datetime_operator_2']) retrieved from /home/airflow/sandbox/lib/python3.8/site-packages/airflow/example_dags/example_branch_datetime_operator.py
[2021-11-21 16:05:56,652] {logging_mixin.py:104} INFO - [2021-11-21 16:05:56,652] {dag.py:1832} INFO - Sync 1 DAGs
[2021-11-21 16:05:56,686] {logging_mixin.py:104} INFO - [2021-11-21 16:05:56,686] {dag.py:2305} INFO - Setting next_dagrun for example_branch_datetime_operator_2 to 2021-11-19 00:00:00+00:00
[2021-11-21 16:05:56,724] {scheduler_job.py:190} INFO - Processing /home/airflow/sandbox/lib/python3.8/site-packages/airflow/example_dags/example_branch_datetime_operator.py took 0.175 seconds
