[2021-11-21 15:38:36,639] {scheduler_job.py:182} INFO - Started process (PID=2830) to work on /home/airflow/sandbox/lib/python3.8/site-packages/airflow/example_dags/example_latest_only_with_trigger.py
[2021-11-21 15:38:36,649] {scheduler_job.py:633} INFO - Processing file /home/airflow/sandbox/lib/python3.8/site-packages/airflow/example_dags/example_latest_only_with_trigger.py for tasks to queue
[2021-11-21 15:38:36,680] {logging_mixin.py:104} INFO - [2021-11-21 15:38:36,651] {dagbag.py:487} INFO - Filling up the DagBag from /home/airflow/sandbox/lib/python3.8/site-packages/airflow/example_dags/example_latest_only_with_trigger.py
[2021-11-21 15:38:36,741] {scheduler_job.py:643} INFO - DAG(s) dict_keys(['latest_only_with_trigger']) retrieved from /home/airflow/sandbox/lib/python3.8/site-packages/airflow/example_dags/example_latest_only_with_trigger.py
[2021-11-21 15:38:37,670] {logging_mixin.py:104} INFO - [2021-11-21 15:38:37,669] {dag.py:1832} INFO - Sync 1 DAGs
[2021-11-21 15:38:37,692] {logging_mixin.py:104} INFO - [2021-11-21 15:38:37,692] {dag.py:2305} INFO - Setting next_dagrun for latest_only_with_trigger to 2021-11-19 00:00:00+00:00
[2021-11-21 15:38:37,759] {scheduler_job.py:190} INFO - Processing /home/airflow/sandbox/lib/python3.8/site-packages/airflow/example_dags/example_latest_only_with_trigger.py took 1.156 seconds
[2021-11-21 15:43:51,441] {scheduler_job.py:182} INFO - Started process (PID=3704) to work on /home/airflow/sandbox/lib/python3.8/site-packages/airflow/example_dags/example_latest_only_with_trigger.py
[2021-11-21 15:43:51,469] {scheduler_job.py:633} INFO - Processing file /home/airflow/sandbox/lib/python3.8/site-packages/airflow/example_dags/example_latest_only_with_trigger.py for tasks to queue
[2021-11-21 15:43:51,471] {logging_mixin.py:104} INFO - [2021-11-21 15:43:51,470] {dagbag.py:487} INFO - Filling up the DagBag from /home/airflow/sandbox/lib/python3.8/site-packages/airflow/example_dags/example_latest_only_with_trigger.py
[2021-11-21 15:43:51,601] {scheduler_job.py:643} INFO - DAG(s) dict_keys(['latest_only_with_trigger']) retrieved from /home/airflow/sandbox/lib/python3.8/site-packages/airflow/example_dags/example_latest_only_with_trigger.py
[2021-11-21 15:43:51,740] {logging_mixin.py:104} INFO - [2021-11-21 15:43:51,740] {dag.py:1832} INFO - Sync 1 DAGs
[2021-11-21 15:43:51,849] {logging_mixin.py:104} INFO - [2021-11-21 15:43:51,849] {dag.py:2305} INFO - Setting next_dagrun for latest_only_with_trigger to 2021-11-19 00:00:00+00:00
[2021-11-21 15:43:51,970] {scheduler_job.py:190} INFO - Processing /home/airflow/sandbox/lib/python3.8/site-packages/airflow/example_dags/example_latest_only_with_trigger.py took 0.615 seconds
[2021-11-21 15:44:53,950] {scheduler_job.py:182} INFO - Started process (PID=3857) to work on /home/airflow/sandbox/lib/python3.8/site-packages/airflow/example_dags/example_latest_only_with_trigger.py
[2021-11-21 15:44:53,958] {scheduler_job.py:633} INFO - Processing file /home/airflow/sandbox/lib/python3.8/site-packages/airflow/example_dags/example_latest_only_with_trigger.py for tasks to queue
[2021-11-21 15:44:53,959] {logging_mixin.py:104} INFO - [2021-11-21 15:44:53,959] {dagbag.py:487} INFO - Filling up the DagBag from /home/airflow/sandbox/lib/python3.8/site-packages/airflow/example_dags/example_latest_only_with_trigger.py
[2021-11-21 15:44:54,070] {scheduler_job.py:643} INFO - DAG(s) dict_keys(['latest_only_with_trigger']) retrieved from /home/airflow/sandbox/lib/python3.8/site-packages/airflow/example_dags/example_latest_only_with_trigger.py
[2021-11-21 15:44:54,160] {logging_mixin.py:104} INFO - [2021-11-21 15:44:54,160] {dag.py:1832} INFO - Sync 1 DAGs
[2021-11-21 15:44:54,250] {logging_mixin.py:104} INFO - [2021-11-21 15:44:54,250] {dag.py:2305} INFO - Setting next_dagrun for latest_only_with_trigger to 2021-11-19 00:00:00+00:00
[2021-11-21 15:44:54,435] {scheduler_job.py:190} INFO - Processing /home/airflow/sandbox/lib/python3.8/site-packages/airflow/example_dags/example_latest_only_with_trigger.py took 0.504 seconds
[2021-11-21 15:45:39,253] {scheduler_job.py:182} INFO - Started process (PID=3887) to work on /home/airflow/sandbox/lib/python3.8/site-packages/airflow/example_dags/example_latest_only_with_trigger.py
[2021-11-21 15:45:39,274] {scheduler_job.py:633} INFO - Processing file /home/airflow/sandbox/lib/python3.8/site-packages/airflow/example_dags/example_latest_only_with_trigger.py for tasks to queue
[2021-11-21 15:45:39,275] {logging_mixin.py:104} INFO - [2021-11-21 15:45:39,275] {dagbag.py:487} INFO - Filling up the DagBag from /home/airflow/sandbox/lib/python3.8/site-packages/airflow/example_dags/example_latest_only_with_trigger.py
[2021-11-21 15:45:39,347] {scheduler_job.py:643} INFO - DAG(s) dict_keys(['latest_only_with_trigger']) retrieved from /home/airflow/sandbox/lib/python3.8/site-packages/airflow/example_dags/example_latest_only_with_trigger.py
[2021-11-21 15:45:39,397] {logging_mixin.py:104} INFO - [2021-11-21 15:45:39,397] {dag.py:1832} INFO - Sync 1 DAGs
[2021-11-21 15:45:39,448] {logging_mixin.py:104} INFO - [2021-11-21 15:45:39,448] {dag.py:2305} INFO - Setting next_dagrun for latest_only_with_trigger to 2021-11-19 00:00:00+00:00
[2021-11-21 15:45:39,521] {scheduler_job.py:190} INFO - Processing /home/airflow/sandbox/lib/python3.8/site-packages/airflow/example_dags/example_latest_only_with_trigger.py took 0.278 seconds
[2021-11-21 15:46:33,997] {scheduler_job.py:182} INFO - Started process (PID=3980) to work on /home/airflow/sandbox/lib/python3.8/site-packages/airflow/example_dags/example_latest_only_with_trigger.py
[2021-11-21 15:46:34,012] {scheduler_job.py:633} INFO - Processing file /home/airflow/sandbox/lib/python3.8/site-packages/airflow/example_dags/example_latest_only_with_trigger.py for tasks to queue
[2021-11-21 15:46:34,039] {logging_mixin.py:104} INFO - [2021-11-21 15:46:34,038] {dagbag.py:487} INFO - Filling up the DagBag from /home/airflow/sandbox/lib/python3.8/site-packages/airflow/example_dags/example_latest_only_with_trigger.py
[2021-11-21 15:46:34,317] {scheduler_job.py:643} INFO - DAG(s) dict_keys(['latest_only_with_trigger']) retrieved from /home/airflow/sandbox/lib/python3.8/site-packages/airflow/example_dags/example_latest_only_with_trigger.py
[2021-11-21 15:46:34,403] {logging_mixin.py:104} INFO - [2021-11-21 15:46:34,403] {dag.py:1832} INFO - Sync 1 DAGs
[2021-11-21 15:46:34,430] {logging_mixin.py:104} INFO - [2021-11-21 15:46:34,430] {dag.py:2305} INFO - Setting next_dagrun for latest_only_with_trigger to 2021-11-19 00:00:00+00:00
[2021-11-21 15:46:34,481] {scheduler_job.py:190} INFO - Processing /home/airflow/sandbox/lib/python3.8/site-packages/airflow/example_dags/example_latest_only_with_trigger.py took 0.508 seconds
[2021-11-21 15:47:30,958] {scheduler_job.py:182} INFO - Started process (PID=4010) to work on /home/airflow/sandbox/lib/python3.8/site-packages/airflow/example_dags/example_latest_only_with_trigger.py
[2021-11-21 15:47:30,970] {scheduler_job.py:633} INFO - Processing file /home/airflow/sandbox/lib/python3.8/site-packages/airflow/example_dags/example_latest_only_with_trigger.py for tasks to queue
[2021-11-21 15:47:31,008] {logging_mixin.py:104} INFO - [2021-11-21 15:47:31,007] {dagbag.py:487} INFO - Filling up the DagBag from /home/airflow/sandbox/lib/python3.8/site-packages/airflow/example_dags/example_latest_only_with_trigger.py
[2021-11-21 15:47:31,269] {scheduler_job.py:643} INFO - DAG(s) dict_keys(['latest_only_with_trigger']) retrieved from /home/airflow/sandbox/lib/python3.8/site-packages/airflow/example_dags/example_latest_only_with_trigger.py
[2021-11-21 15:47:31,418] {logging_mixin.py:104} INFO - [2021-11-21 15:47:31,417] {dag.py:1832} INFO - Sync 1 DAGs
[2021-11-21 15:47:31,546] {logging_mixin.py:104} INFO - [2021-11-21 15:47:31,545] {dag.py:2305} INFO - Setting next_dagrun for latest_only_with_trigger to 2021-11-19 00:00:00+00:00
[2021-11-21 15:47:31,748] {scheduler_job.py:190} INFO - Processing /home/airflow/sandbox/lib/python3.8/site-packages/airflow/example_dags/example_latest_only_with_trigger.py took 0.820 seconds
[2021-11-21 15:48:29,475] {scheduler_job.py:182} INFO - Started process (PID=4086) to work on /home/airflow/sandbox/lib/python3.8/site-packages/airflow/example_dags/example_latest_only_with_trigger.py
[2021-11-21 15:48:29,507] {scheduler_job.py:633} INFO - Processing file /home/airflow/sandbox/lib/python3.8/site-packages/airflow/example_dags/example_latest_only_with_trigger.py for tasks to queue
[2021-11-21 15:48:29,510] {logging_mixin.py:104} INFO - [2021-11-21 15:48:29,509] {dagbag.py:487} INFO - Filling up the DagBag from /home/airflow/sandbox/lib/python3.8/site-packages/airflow/example_dags/example_latest_only_with_trigger.py
[2021-11-21 15:48:29,673] {scheduler_job.py:643} INFO - DAG(s) dict_keys(['latest_only_with_trigger']) retrieved from /home/airflow/sandbox/lib/python3.8/site-packages/airflow/example_dags/example_latest_only_with_trigger.py
[2021-11-21 15:48:29,911] {logging_mixin.py:104} INFO - [2021-11-21 15:48:29,911] {dag.py:1832} INFO - Sync 1 DAGs
[2021-11-21 15:48:30,033] {logging_mixin.py:104} INFO - [2021-11-21 15:48:30,032] {dag.py:2305} INFO - Setting next_dagrun for latest_only_with_trigger to 2021-11-19 00:00:00+00:00
[2021-11-21 15:48:30,173] {scheduler_job.py:190} INFO - Processing /home/airflow/sandbox/lib/python3.8/site-packages/airflow/example_dags/example_latest_only_with_trigger.py took 0.727 seconds
[2021-11-21 15:49:12,569] {scheduler_job.py:182} INFO - Started process (PID=4131) to work on /home/airflow/sandbox/lib/python3.8/site-packages/airflow/example_dags/example_latest_only_with_trigger.py
[2021-11-21 15:49:12,622] {scheduler_job.py:633} INFO - Processing file /home/airflow/sandbox/lib/python3.8/site-packages/airflow/example_dags/example_latest_only_with_trigger.py for tasks to queue
[2021-11-21 15:49:12,625] {logging_mixin.py:104} INFO - [2021-11-21 15:49:12,625] {dagbag.py:487} INFO - Filling up the DagBag from /home/airflow/sandbox/lib/python3.8/site-packages/airflow/example_dags/example_latest_only_with_trigger.py
[2021-11-21 15:49:12,750] {scheduler_job.py:643} INFO - DAG(s) dict_keys(['latest_only_with_trigger']) retrieved from /home/airflow/sandbox/lib/python3.8/site-packages/airflow/example_dags/example_latest_only_with_trigger.py
[2021-11-21 15:49:12,881] {logging_mixin.py:104} INFO - [2021-11-21 15:49:12,880] {dag.py:1832} INFO - Sync 1 DAGs
[2021-11-21 15:49:12,999] {logging_mixin.py:104} INFO - [2021-11-21 15:49:12,998] {dag.py:2305} INFO - Setting next_dagrun for latest_only_with_trigger to 2021-11-19 00:00:00+00:00
[2021-11-21 15:49:13,229] {scheduler_job.py:190} INFO - Processing /home/airflow/sandbox/lib/python3.8/site-packages/airflow/example_dags/example_latest_only_with_trigger.py took 0.673 seconds
[2021-11-21 15:50:22,727] {scheduler_job.py:182} INFO - Started process (PID=4292) to work on /home/airflow/sandbox/lib/python3.8/site-packages/airflow/example_dags/example_latest_only_with_trigger.py
[2021-11-21 15:50:22,745] {scheduler_job.py:633} INFO - Processing file /home/airflow/sandbox/lib/python3.8/site-packages/airflow/example_dags/example_latest_only_with_trigger.py for tasks to queue
[2021-11-21 15:50:22,748] {logging_mixin.py:104} INFO - [2021-11-21 15:50:22,747] {dagbag.py:487} INFO - Filling up the DagBag from /home/airflow/sandbox/lib/python3.8/site-packages/airflow/example_dags/example_latest_only_with_trigger.py
[2021-11-21 15:50:22,869] {scheduler_job.py:643} INFO - DAG(s) dict_keys(['latest_only_with_trigger']) retrieved from /home/airflow/sandbox/lib/python3.8/site-packages/airflow/example_dags/example_latest_only_with_trigger.py
[2021-11-21 15:50:23,087] {logging_mixin.py:104} INFO - [2021-11-21 15:50:23,087] {dag.py:1832} INFO - Sync 1 DAGs
[2021-11-21 15:50:23,117] {logging_mixin.py:104} INFO - [2021-11-21 15:50:23,117] {dag.py:2305} INFO - Setting next_dagrun for latest_only_with_trigger to 2021-11-19 00:00:00+00:00
[2021-11-21 15:50:23,151] {scheduler_job.py:190} INFO - Processing /home/airflow/sandbox/lib/python3.8/site-packages/airflow/example_dags/example_latest_only_with_trigger.py took 0.439 seconds
[2021-11-21 15:51:21,674] {scheduler_job.py:182} INFO - Started process (PID=4444) to work on /home/airflow/sandbox/lib/python3.8/site-packages/airflow/example_dags/example_latest_only_with_trigger.py
[2021-11-21 15:51:21,686] {scheduler_job.py:633} INFO - Processing file /home/airflow/sandbox/lib/python3.8/site-packages/airflow/example_dags/example_latest_only_with_trigger.py for tasks to queue
[2021-11-21 15:51:21,710] {logging_mixin.py:104} INFO - [2021-11-21 15:51:21,708] {dagbag.py:487} INFO - Filling up the DagBag from /home/airflow/sandbox/lib/python3.8/site-packages/airflow/example_dags/example_latest_only_with_trigger.py
[2021-11-21 15:51:21,907] {scheduler_job.py:643} INFO - DAG(s) dict_keys(['latest_only_with_trigger']) retrieved from /home/airflow/sandbox/lib/python3.8/site-packages/airflow/example_dags/example_latest_only_with_trigger.py
[2021-11-21 15:51:21,997] {logging_mixin.py:104} INFO - [2021-11-21 15:51:21,996] {dag.py:1832} INFO - Sync 1 DAGs
[2021-11-21 15:51:22,024] {logging_mixin.py:104} INFO - [2021-11-21 15:51:22,023] {dag.py:2305} INFO - Setting next_dagrun for latest_only_with_trigger to 2021-11-19 00:00:00+00:00
[2021-11-21 15:51:22,086] {scheduler_job.py:190} INFO - Processing /home/airflow/sandbox/lib/python3.8/site-packages/airflow/example_dags/example_latest_only_with_trigger.py took 0.444 seconds
[2021-11-21 15:52:17,216] {scheduler_job.py:182} INFO - Started process (PID=4537) to work on /home/airflow/sandbox/lib/python3.8/site-packages/airflow/example_dags/example_latest_only_with_trigger.py
[2021-11-21 15:52:17,243] {scheduler_job.py:633} INFO - Processing file /home/airflow/sandbox/lib/python3.8/site-packages/airflow/example_dags/example_latest_only_with_trigger.py for tasks to queue
[2021-11-21 15:52:17,245] {logging_mixin.py:104} INFO - [2021-11-21 15:52:17,244] {dagbag.py:487} INFO - Filling up the DagBag from /home/airflow/sandbox/lib/python3.8/site-packages/airflow/example_dags/example_latest_only_with_trigger.py
[2021-11-21 15:52:17,455] {scheduler_job.py:643} INFO - DAG(s) dict_keys(['latest_only_with_trigger']) retrieved from /home/airflow/sandbox/lib/python3.8/site-packages/airflow/example_dags/example_latest_only_with_trigger.py
[2021-11-21 15:52:17,725] {logging_mixin.py:104} INFO - [2021-11-21 15:52:17,725] {dag.py:1832} INFO - Sync 1 DAGs
[2021-11-21 15:52:18,052] {logging_mixin.py:104} INFO - [2021-11-21 15:52:18,022] {dag.py:2305} INFO - Setting next_dagrun for latest_only_with_trigger to 2021-11-19 00:00:00+00:00
[2021-11-21 15:52:18,314] {scheduler_job.py:190} INFO - Processing /home/airflow/sandbox/lib/python3.8/site-packages/airflow/example_dags/example_latest_only_with_trigger.py took 1.124 seconds
[2021-11-21 15:53:20,299] {scheduler_job.py:182} INFO - Started process (PID=4727) to work on /home/airflow/sandbox/lib/python3.8/site-packages/airflow/example_dags/example_latest_only_with_trigger.py
[2021-11-21 15:53:20,307] {scheduler_job.py:633} INFO - Processing file /home/airflow/sandbox/lib/python3.8/site-packages/airflow/example_dags/example_latest_only_with_trigger.py for tasks to queue
[2021-11-21 15:53:20,310] {logging_mixin.py:104} INFO - [2021-11-21 15:53:20,309] {dagbag.py:487} INFO - Filling up the DagBag from /home/airflow/sandbox/lib/python3.8/site-packages/airflow/example_dags/example_latest_only_with_trigger.py
[2021-11-21 15:53:20,348] {scheduler_job.py:643} INFO - DAG(s) dict_keys(['latest_only_with_trigger']) retrieved from /home/airflow/sandbox/lib/python3.8/site-packages/airflow/example_dags/example_latest_only_with_trigger.py
[2021-11-21 15:53:20,389] {logging_mixin.py:104} INFO - [2021-11-21 15:53:20,389] {dag.py:1832} INFO - Sync 1 DAGs
[2021-11-21 15:53:20,450] {logging_mixin.py:104} INFO - [2021-11-21 15:53:20,450] {dag.py:2305} INFO - Setting next_dagrun for latest_only_with_trigger to 2021-11-19 00:00:00+00:00
[2021-11-21 15:53:20,520] {scheduler_job.py:190} INFO - Processing /home/airflow/sandbox/lib/python3.8/site-packages/airflow/example_dags/example_latest_only_with_trigger.py took 0.245 seconds
[2021-11-21 15:54:26,573] {scheduler_job.py:182} INFO - Started process (PID=4895) to work on /home/airflow/sandbox/lib/python3.8/site-packages/airflow/example_dags/example_latest_only_with_trigger.py
[2021-11-21 15:54:26,582] {scheduler_job.py:633} INFO - Processing file /home/airflow/sandbox/lib/python3.8/site-packages/airflow/example_dags/example_latest_only_with_trigger.py for tasks to queue
[2021-11-21 15:54:26,584] {logging_mixin.py:104} INFO - [2021-11-21 15:54:26,584] {dagbag.py:487} INFO - Filling up the DagBag from /home/airflow/sandbox/lib/python3.8/site-packages/airflow/example_dags/example_latest_only_with_trigger.py
[2021-11-21 15:54:26,744] {scheduler_job.py:643} INFO - DAG(s) dict_keys(['latest_only_with_trigger']) retrieved from /home/airflow/sandbox/lib/python3.8/site-packages/airflow/example_dags/example_latest_only_with_trigger.py
[2021-11-21 15:54:26,802] {logging_mixin.py:104} INFO - [2021-11-21 15:54:26,802] {dag.py:1832} INFO - Sync 1 DAGs
[2021-11-21 15:54:26,840] {logging_mixin.py:104} INFO - [2021-11-21 15:54:26,840] {dag.py:2305} INFO - Setting next_dagrun for latest_only_with_trigger to 2021-11-19 00:00:00+00:00
[2021-11-21 15:54:26,891] {scheduler_job.py:190} INFO - Processing /home/airflow/sandbox/lib/python3.8/site-packages/airflow/example_dags/example_latest_only_with_trigger.py took 0.332 seconds
[2021-11-21 15:55:11,773] {scheduler_job.py:182} INFO - Started process (PID=4984) to work on /home/airflow/sandbox/lib/python3.8/site-packages/airflow/example_dags/example_latest_only_with_trigger.py
[2021-11-21 15:55:11,795] {scheduler_job.py:633} INFO - Processing file /home/airflow/sandbox/lib/python3.8/site-packages/airflow/example_dags/example_latest_only_with_trigger.py for tasks to queue
[2021-11-21 15:55:11,797] {logging_mixin.py:104} INFO - [2021-11-21 15:55:11,797] {dagbag.py:487} INFO - Filling up the DagBag from /home/airflow/sandbox/lib/python3.8/site-packages/airflow/example_dags/example_latest_only_with_trigger.py
[2021-11-21 15:55:11,925] {scheduler_job.py:643} INFO - DAG(s) dict_keys(['latest_only_with_trigger']) retrieved from /home/airflow/sandbox/lib/python3.8/site-packages/airflow/example_dags/example_latest_only_with_trigger.py
[2021-11-21 15:55:12,012] {logging_mixin.py:104} INFO - [2021-11-21 15:55:12,012] {dag.py:1832} INFO - Sync 1 DAGs
[2021-11-21 15:55:12,053] {logging_mixin.py:104} INFO - [2021-11-21 15:55:12,053] {dag.py:2305} INFO - Setting next_dagrun for latest_only_with_trigger to 2021-11-19 00:00:00+00:00
[2021-11-21 15:55:12,117] {scheduler_job.py:190} INFO - Processing /home/airflow/sandbox/lib/python3.8/site-packages/airflow/example_dags/example_latest_only_with_trigger.py took 0.360 seconds
[2021-11-21 15:55:49,165] {scheduler_job.py:182} INFO - Started process (PID=5010) to work on /home/airflow/sandbox/lib/python3.8/site-packages/airflow/example_dags/example_latest_only_with_trigger.py
[2021-11-21 15:55:49,196] {scheduler_job.py:633} INFO - Processing file /home/airflow/sandbox/lib/python3.8/site-packages/airflow/example_dags/example_latest_only_with_trigger.py for tasks to queue
[2021-11-21 15:55:49,206] {logging_mixin.py:104} INFO - [2021-11-21 15:55:49,206] {dagbag.py:487} INFO - Filling up the DagBag from /home/airflow/sandbox/lib/python3.8/site-packages/airflow/example_dags/example_latest_only_with_trigger.py
[2021-11-21 15:55:49,314] {scheduler_job.py:643} INFO - DAG(s) dict_keys(['latest_only_with_trigger']) retrieved from /home/airflow/sandbox/lib/python3.8/site-packages/airflow/example_dags/example_latest_only_with_trigger.py
[2021-11-21 15:55:49,431] {logging_mixin.py:104} INFO - [2021-11-21 15:55:49,431] {dag.py:1832} INFO - Sync 1 DAGs
[2021-11-21 15:55:49,486] {logging_mixin.py:104} INFO - [2021-11-21 15:55:49,486] {dag.py:2305} INFO - Setting next_dagrun for latest_only_with_trigger to 2021-11-19 00:00:00+00:00
[2021-11-21 15:55:49,599] {scheduler_job.py:190} INFO - Processing /home/airflow/sandbox/lib/python3.8/site-packages/airflow/example_dags/example_latest_only_with_trigger.py took 0.453 seconds
[2021-11-21 15:56:28,399] {scheduler_job.py:182} INFO - Started process (PID=5095) to work on /home/airflow/sandbox/lib/python3.8/site-packages/airflow/example_dags/example_latest_only_with_trigger.py
[2021-11-21 15:56:28,407] {scheduler_job.py:633} INFO - Processing file /home/airflow/sandbox/lib/python3.8/site-packages/airflow/example_dags/example_latest_only_with_trigger.py for tasks to queue
[2021-11-21 15:56:28,439] {logging_mixin.py:104} INFO - [2021-11-21 15:56:28,438] {dagbag.py:487} INFO - Filling up the DagBag from /home/airflow/sandbox/lib/python3.8/site-packages/airflow/example_dags/example_latest_only_with_trigger.py
[2021-11-21 15:56:28,567] {scheduler_job.py:643} INFO - DAG(s) dict_keys(['latest_only_with_trigger']) retrieved from /home/airflow/sandbox/lib/python3.8/site-packages/airflow/example_dags/example_latest_only_with_trigger.py
[2021-11-21 15:56:28,633] {logging_mixin.py:104} INFO - [2021-11-21 15:56:28,633] {dag.py:1832} INFO - Sync 1 DAGs
[2021-11-21 15:56:28,718] {logging_mixin.py:104} INFO - [2021-11-21 15:56:28,717] {dag.py:2305} INFO - Setting next_dagrun for latest_only_with_trigger to 2021-11-19 00:00:00+00:00
[2021-11-21 15:56:28,866] {scheduler_job.py:190} INFO - Processing /home/airflow/sandbox/lib/python3.8/site-packages/airflow/example_dags/example_latest_only_with_trigger.py took 0.481 seconds
[2021-11-21 15:57:27,188] {scheduler_job.py:182} INFO - Started process (PID=5161) to work on /home/airflow/sandbox/lib/python3.8/site-packages/airflow/example_dags/example_latest_only_with_trigger.py
[2021-11-21 15:57:27,200] {scheduler_job.py:633} INFO - Processing file /home/airflow/sandbox/lib/python3.8/site-packages/airflow/example_dags/example_latest_only_with_trigger.py for tasks to queue
[2021-11-21 15:57:27,225] {logging_mixin.py:104} INFO - [2021-11-21 15:57:27,225] {dagbag.py:487} INFO - Filling up the DagBag from /home/airflow/sandbox/lib/python3.8/site-packages/airflow/example_dags/example_latest_only_with_trigger.py
[2021-11-21 15:57:27,388] {scheduler_job.py:643} INFO - DAG(s) dict_keys(['latest_only_with_trigger']) retrieved from /home/airflow/sandbox/lib/python3.8/site-packages/airflow/example_dags/example_latest_only_with_trigger.py
[2021-11-21 15:57:27,540] {logging_mixin.py:104} INFO - [2021-11-21 15:57:27,539] {dag.py:1832} INFO - Sync 1 DAGs
[2021-11-21 15:57:27,789] {logging_mixin.py:104} INFO - [2021-11-21 15:57:27,788] {dag.py:2305} INFO - Setting next_dagrun for latest_only_with_trigger to 2021-11-19 00:00:00+00:00
[2021-11-21 15:57:28,095] {scheduler_job.py:190} INFO - Processing /home/airflow/sandbox/lib/python3.8/site-packages/airflow/example_dags/example_latest_only_with_trigger.py took 0.937 seconds
[2021-11-21 15:58:30,535] {scheduler_job.py:182} INFO - Started process (PID=5386) to work on /home/airflow/sandbox/lib/python3.8/site-packages/airflow/example_dags/example_latest_only_with_trigger.py
[2021-11-21 15:58:30,544] {scheduler_job.py:633} INFO - Processing file /home/airflow/sandbox/lib/python3.8/site-packages/airflow/example_dags/example_latest_only_with_trigger.py for tasks to queue
[2021-11-21 15:58:30,547] {logging_mixin.py:104} INFO - [2021-11-21 15:58:30,547] {dagbag.py:487} INFO - Filling up the DagBag from /home/airflow/sandbox/lib/python3.8/site-packages/airflow/example_dags/example_latest_only_with_trigger.py
[2021-11-21 15:58:31,032] {scheduler_job.py:643} INFO - DAG(s) dict_keys(['latest_only_with_trigger']) retrieved from /home/airflow/sandbox/lib/python3.8/site-packages/airflow/example_dags/example_latest_only_with_trigger.py
[2021-11-21 15:58:31,103] {logging_mixin.py:104} INFO - [2021-11-21 15:58:31,102] {dag.py:1832} INFO - Sync 1 DAGs
[2021-11-21 15:58:31,259] {logging_mixin.py:104} INFO - [2021-11-21 15:58:31,258] {dag.py:2305} INFO - Setting next_dagrun for latest_only_with_trigger to 2021-11-19 00:00:00+00:00
[2021-11-21 15:58:31,330] {scheduler_job.py:190} INFO - Processing /home/airflow/sandbox/lib/python3.8/site-packages/airflow/example_dags/example_latest_only_with_trigger.py took 0.817 seconds
[2021-11-21 15:59:30,679] {scheduler_job.py:182} INFO - Started process (PID=5459) to work on /home/airflow/sandbox/lib/python3.8/site-packages/airflow/example_dags/example_latest_only_with_trigger.py
[2021-11-21 15:59:30,721] {scheduler_job.py:633} INFO - Processing file /home/airflow/sandbox/lib/python3.8/site-packages/airflow/example_dags/example_latest_only_with_trigger.py for tasks to queue
[2021-11-21 15:59:30,725] {logging_mixin.py:104} INFO - [2021-11-21 15:59:30,723] {dagbag.py:487} INFO - Filling up the DagBag from /home/airflow/sandbox/lib/python3.8/site-packages/airflow/example_dags/example_latest_only_with_trigger.py
[2021-11-21 15:59:30,860] {scheduler_job.py:643} INFO - DAG(s) dict_keys(['latest_only_with_trigger']) retrieved from /home/airflow/sandbox/lib/python3.8/site-packages/airflow/example_dags/example_latest_only_with_trigger.py
[2021-11-21 15:59:30,972] {logging_mixin.py:104} INFO - [2021-11-21 15:59:30,972] {dag.py:1832} INFO - Sync 1 DAGs
[2021-11-21 15:59:31,061] {logging_mixin.py:104} INFO - [2021-11-21 15:59:31,060] {dag.py:2305} INFO - Setting next_dagrun for latest_only_with_trigger to 2021-11-19 00:00:00+00:00
[2021-11-21 15:59:31,167] {scheduler_job.py:190} INFO - Processing /home/airflow/sandbox/lib/python3.8/site-packages/airflow/example_dags/example_latest_only_with_trigger.py took 0.507 seconds
[2021-11-21 16:00:17,362] {scheduler_job.py:182} INFO - Started process (PID=5533) to work on /home/airflow/sandbox/lib/python3.8/site-packages/airflow/example_dags/example_latest_only_with_trigger.py
[2021-11-21 16:00:17,371] {scheduler_job.py:633} INFO - Processing file /home/airflow/sandbox/lib/python3.8/site-packages/airflow/example_dags/example_latest_only_with_trigger.py for tasks to queue
[2021-11-21 16:00:17,373] {logging_mixin.py:104} INFO - [2021-11-21 16:00:17,373] {dagbag.py:487} INFO - Filling up the DagBag from /home/airflow/sandbox/lib/python3.8/site-packages/airflow/example_dags/example_latest_only_with_trigger.py
[2021-11-21 16:00:17,497] {scheduler_job.py:643} INFO - DAG(s) dict_keys(['latest_only_with_trigger']) retrieved from /home/airflow/sandbox/lib/python3.8/site-packages/airflow/example_dags/example_latest_only_with_trigger.py
[2021-11-21 16:00:17,598] {logging_mixin.py:104} INFO - [2021-11-21 16:00:17,597] {dag.py:1832} INFO - Sync 1 DAGs
[2021-11-21 16:00:17,663] {logging_mixin.py:104} INFO - [2021-11-21 16:00:17,663] {dag.py:2305} INFO - Setting next_dagrun for latest_only_with_trigger to 2021-11-19 00:00:00+00:00
[2021-11-21 16:00:17,760] {scheduler_job.py:190} INFO - Processing /home/airflow/sandbox/lib/python3.8/site-packages/airflow/example_dags/example_latest_only_with_trigger.py took 0.409 seconds
[2021-11-21 16:01:04,311] {scheduler_job.py:182} INFO - Started process (PID=5637) to work on /home/airflow/sandbox/lib/python3.8/site-packages/airflow/example_dags/example_latest_only_with_trigger.py
[2021-11-21 16:01:04,324] {scheduler_job.py:633} INFO - Processing file /home/airflow/sandbox/lib/python3.8/site-packages/airflow/example_dags/example_latest_only_with_trigger.py for tasks to queue
[2021-11-21 16:01:04,326] {logging_mixin.py:104} INFO - [2021-11-21 16:01:04,325] {dagbag.py:487} INFO - Filling up the DagBag from /home/airflow/sandbox/lib/python3.8/site-packages/airflow/example_dags/example_latest_only_with_trigger.py
[2021-11-21 16:01:04,386] {scheduler_job.py:643} INFO - DAG(s) dict_keys(['latest_only_with_trigger']) retrieved from /home/airflow/sandbox/lib/python3.8/site-packages/airflow/example_dags/example_latest_only_with_trigger.py
[2021-11-21 16:01:04,427] {logging_mixin.py:104} INFO - [2021-11-21 16:01:04,427] {dag.py:1832} INFO - Sync 1 DAGs
[2021-11-21 16:01:04,484] {logging_mixin.py:104} INFO - [2021-11-21 16:01:04,477] {dag.py:2305} INFO - Setting next_dagrun for latest_only_with_trigger to 2021-11-19 00:00:00+00:00
[2021-11-21 16:01:04,558] {scheduler_job.py:190} INFO - Processing /home/airflow/sandbox/lib/python3.8/site-packages/airflow/example_dags/example_latest_only_with_trigger.py took 0.257 seconds
[2021-11-21 16:01:47,183] {scheduler_job.py:182} INFO - Started process (PID=5666) to work on /home/airflow/sandbox/lib/python3.8/site-packages/airflow/example_dags/example_latest_only_with_trigger.py
[2021-11-21 16:01:47,198] {scheduler_job.py:633} INFO - Processing file /home/airflow/sandbox/lib/python3.8/site-packages/airflow/example_dags/example_latest_only_with_trigger.py for tasks to queue
[2021-11-21 16:01:47,201] {logging_mixin.py:104} INFO - [2021-11-21 16:01:47,201] {dagbag.py:487} INFO - Filling up the DagBag from /home/airflow/sandbox/lib/python3.8/site-packages/airflow/example_dags/example_latest_only_with_trigger.py
[2021-11-21 16:01:47,358] {scheduler_job.py:643} INFO - DAG(s) dict_keys(['latest_only_with_trigger']) retrieved from /home/airflow/sandbox/lib/python3.8/site-packages/airflow/example_dags/example_latest_only_with_trigger.py
[2021-11-21 16:01:47,448] {logging_mixin.py:104} INFO - [2021-11-21 16:01:47,447] {dag.py:1832} INFO - Sync 1 DAGs
[2021-11-21 16:01:47,490] {logging_mixin.py:104} INFO - [2021-11-21 16:01:47,490] {dag.py:2305} INFO - Setting next_dagrun for latest_only_with_trigger to 2021-11-19 00:00:00+00:00
[2021-11-21 16:01:47,548] {scheduler_job.py:190} INFO - Processing /home/airflow/sandbox/lib/python3.8/site-packages/airflow/example_dags/example_latest_only_with_trigger.py took 0.389 seconds
[2021-11-21 16:02:25,766] {scheduler_job.py:182} INFO - Started process (PID=5755) to work on /home/airflow/sandbox/lib/python3.8/site-packages/airflow/example_dags/example_latest_only_with_trigger.py
[2021-11-21 16:02:25,784] {scheduler_job.py:633} INFO - Processing file /home/airflow/sandbox/lib/python3.8/site-packages/airflow/example_dags/example_latest_only_with_trigger.py for tasks to queue
[2021-11-21 16:02:25,786] {logging_mixin.py:104} INFO - [2021-11-21 16:02:25,786] {dagbag.py:487} INFO - Filling up the DagBag from /home/airflow/sandbox/lib/python3.8/site-packages/airflow/example_dags/example_latest_only_with_trigger.py
[2021-11-21 16:02:25,873] {scheduler_job.py:643} INFO - DAG(s) dict_keys(['latest_only_with_trigger']) retrieved from /home/airflow/sandbox/lib/python3.8/site-packages/airflow/example_dags/example_latest_only_with_trigger.py
[2021-11-21 16:02:25,913] {logging_mixin.py:104} INFO - [2021-11-21 16:02:25,913] {dag.py:1832} INFO - Sync 1 DAGs
[2021-11-21 16:02:25,937] {logging_mixin.py:104} INFO - [2021-11-21 16:02:25,937] {dag.py:2305} INFO - Setting next_dagrun for latest_only_with_trigger to 2021-11-19 00:00:00+00:00
[2021-11-21 16:02:25,997] {scheduler_job.py:190} INFO - Processing /home/airflow/sandbox/lib/python3.8/site-packages/airflow/example_dags/example_latest_only_with_trigger.py took 0.243 seconds
[2021-11-21 16:03:02,812] {scheduler_job.py:182} INFO - Started process (PID=5781) to work on /home/airflow/sandbox/lib/python3.8/site-packages/airflow/example_dags/example_latest_only_with_trigger.py
[2021-11-21 16:03:02,819] {scheduler_job.py:633} INFO - Processing file /home/airflow/sandbox/lib/python3.8/site-packages/airflow/example_dags/example_latest_only_with_trigger.py for tasks to queue
[2021-11-21 16:03:02,821] {logging_mixin.py:104} INFO - [2021-11-21 16:03:02,821] {dagbag.py:487} INFO - Filling up the DagBag from /home/airflow/sandbox/lib/python3.8/site-packages/airflow/example_dags/example_latest_only_with_trigger.py
[2021-11-21 16:03:02,930] {scheduler_job.py:643} INFO - DAG(s) dict_keys(['latest_only_with_trigger']) retrieved from /home/airflow/sandbox/lib/python3.8/site-packages/airflow/example_dags/example_latest_only_with_trigger.py
[2021-11-21 16:03:03,021] {logging_mixin.py:104} INFO - [2021-11-21 16:03:03,020] {dag.py:1832} INFO - Sync 1 DAGs
[2021-11-21 16:03:03,093] {logging_mixin.py:104} INFO - [2021-11-21 16:03:03,092] {dag.py:2305} INFO - Setting next_dagrun for latest_only_with_trigger to 2021-11-19 00:00:00+00:00
[2021-11-21 16:03:03,257] {scheduler_job.py:190} INFO - Processing /home/airflow/sandbox/lib/python3.8/site-packages/airflow/example_dags/example_latest_only_with_trigger.py took 0.459 seconds
[2021-11-21 16:03:39,689] {scheduler_job.py:182} INFO - Started process (PID=5849) to work on /home/airflow/sandbox/lib/python3.8/site-packages/airflow/example_dags/example_latest_only_with_trigger.py
[2021-11-21 16:03:39,699] {scheduler_job.py:633} INFO - Processing file /home/airflow/sandbox/lib/python3.8/site-packages/airflow/example_dags/example_latest_only_with_trigger.py for tasks to queue
[2021-11-21 16:03:39,701] {logging_mixin.py:104} INFO - [2021-11-21 16:03:39,700] {dagbag.py:487} INFO - Filling up the DagBag from /home/airflow/sandbox/lib/python3.8/site-packages/airflow/example_dags/example_latest_only_with_trigger.py
[2021-11-21 16:03:39,774] {scheduler_job.py:643} INFO - DAG(s) dict_keys(['latest_only_with_trigger']) retrieved from /home/airflow/sandbox/lib/python3.8/site-packages/airflow/example_dags/example_latest_only_with_trigger.py
[2021-11-21 16:03:39,806] {logging_mixin.py:104} INFO - [2021-11-21 16:03:39,806] {dag.py:1832} INFO - Sync 1 DAGs
[2021-11-21 16:03:39,832] {logging_mixin.py:104} INFO - [2021-11-21 16:03:39,832] {dag.py:2305} INFO - Setting next_dagrun for latest_only_with_trigger to 2021-11-19 00:00:00+00:00
[2021-11-21 16:03:39,907] {scheduler_job.py:190} INFO - Processing /home/airflow/sandbox/lib/python3.8/site-packages/airflow/example_dags/example_latest_only_with_trigger.py took 0.240 seconds
[2021-11-21 16:04:30,266] {scheduler_job.py:182} INFO - Started process (PID=5883) to work on /home/airflow/sandbox/lib/python3.8/site-packages/airflow/example_dags/example_latest_only_with_trigger.py
[2021-11-21 16:04:30,283] {scheduler_job.py:633} INFO - Processing file /home/airflow/sandbox/lib/python3.8/site-packages/airflow/example_dags/example_latest_only_with_trigger.py for tasks to queue
[2021-11-21 16:04:30,287] {logging_mixin.py:104} INFO - [2021-11-21 16:04:30,286] {dagbag.py:487} INFO - Filling up the DagBag from /home/airflow/sandbox/lib/python3.8/site-packages/airflow/example_dags/example_latest_only_with_trigger.py
[2021-11-21 16:04:30,383] {scheduler_job.py:643} INFO - DAG(s) dict_keys(['latest_only_with_trigger']) retrieved from /home/airflow/sandbox/lib/python3.8/site-packages/airflow/example_dags/example_latest_only_with_trigger.py
[2021-11-21 16:04:30,450] {logging_mixin.py:104} INFO - [2021-11-21 16:04:30,449] {dag.py:1832} INFO - Sync 1 DAGs
[2021-11-21 16:04:30,484] {logging_mixin.py:104} INFO - [2021-11-21 16:04:30,484] {dag.py:2305} INFO - Setting next_dagrun for latest_only_with_trigger to 2021-11-19 00:00:00+00:00
[2021-11-21 16:04:30,558] {scheduler_job.py:190} INFO - Processing /home/airflow/sandbox/lib/python3.8/site-packages/airflow/example_dags/example_latest_only_with_trigger.py took 0.304 seconds
[2021-11-21 16:05:17,926] {scheduler_job.py:182} INFO - Started process (PID=5917) to work on /home/airflow/sandbox/lib/python3.8/site-packages/airflow/example_dags/example_latest_only_with_trigger.py
[2021-11-21 16:05:17,933] {scheduler_job.py:633} INFO - Processing file /home/airflow/sandbox/lib/python3.8/site-packages/airflow/example_dags/example_latest_only_with_trigger.py for tasks to queue
[2021-11-21 16:05:17,935] {logging_mixin.py:104} INFO - [2021-11-21 16:05:17,934] {dagbag.py:487} INFO - Filling up the DagBag from /home/airflow/sandbox/lib/python3.8/site-packages/airflow/example_dags/example_latest_only_with_trigger.py
[2021-11-21 16:05:17,968] {scheduler_job.py:643} INFO - DAG(s) dict_keys(['latest_only_with_trigger']) retrieved from /home/airflow/sandbox/lib/python3.8/site-packages/airflow/example_dags/example_latest_only_with_trigger.py
[2021-11-21 16:05:18,010] {logging_mixin.py:104} INFO - [2021-11-21 16:05:18,009] {dag.py:1832} INFO - Sync 1 DAGs
[2021-11-21 16:05:18,034] {logging_mixin.py:104} INFO - [2021-11-21 16:05:18,034] {dag.py:2305} INFO - Setting next_dagrun for latest_only_with_trigger to 2021-11-19 00:00:00+00:00
[2021-11-21 16:05:18,092] {scheduler_job.py:190} INFO - Processing /home/airflow/sandbox/lib/python3.8/site-packages/airflow/example_dags/example_latest_only_with_trigger.py took 0.172 seconds
[2021-11-21 16:05:55,077] {scheduler_job.py:182} INFO - Started process (PID=5940) to work on /home/airflow/sandbox/lib/python3.8/site-packages/airflow/example_dags/example_latest_only_with_trigger.py
[2021-11-21 16:05:55,104] {scheduler_job.py:633} INFO - Processing file /home/airflow/sandbox/lib/python3.8/site-packages/airflow/example_dags/example_latest_only_with_trigger.py for tasks to queue
[2021-11-21 16:05:55,114] {logging_mixin.py:104} INFO - [2021-11-21 16:05:55,113] {dagbag.py:487} INFO - Filling up the DagBag from /home/airflow/sandbox/lib/python3.8/site-packages/airflow/example_dags/example_latest_only_with_trigger.py
[2021-11-21 16:05:55,199] {scheduler_job.py:643} INFO - DAG(s) dict_keys(['latest_only_with_trigger']) retrieved from /home/airflow/sandbox/lib/python3.8/site-packages/airflow/example_dags/example_latest_only_with_trigger.py
[2021-11-21 16:05:55,259] {logging_mixin.py:104} INFO - [2021-11-21 16:05:55,259] {dag.py:1832} INFO - Sync 1 DAGs
[2021-11-21 16:05:55,312] {logging_mixin.py:104} INFO - [2021-11-21 16:05:55,312] {dag.py:2305} INFO - Setting next_dagrun for latest_only_with_trigger to 2021-11-19 00:00:00+00:00
[2021-11-21 16:05:55,371] {scheduler_job.py:190} INFO - Processing /home/airflow/sandbox/lib/python3.8/site-packages/airflow/example_dags/example_latest_only_with_trigger.py took 0.307 seconds
