[2021-11-21 15:39:15,862] {scheduler_job.py:182} INFO - Started process (PID=2906) to work on /home/airflow/sandbox/lib/python3.8/site-packages/airflow/example_dags/example_subdag_operator.py
[2021-11-21 15:39:15,870] {scheduler_job.py:633} INFO - Processing file /home/airflow/sandbox/lib/python3.8/site-packages/airflow/example_dags/example_subdag_operator.py for tasks to queue
[2021-11-21 15:39:15,896] {logging_mixin.py:104} INFO - [2021-11-21 15:39:15,873] {dagbag.py:487} INFO - Filling up the DagBag from /home/airflow/sandbox/lib/python3.8/site-packages/airflow/example_dags/example_subdag_operator.py
[2021-11-21 15:39:16,102] {scheduler_job.py:643} INFO - DAG(s) dict_keys(['example_subdag_operator.section-1', 'example_subdag_operator.section-2', 'example_subdag_operator']) retrieved from /home/airflow/sandbox/lib/python3.8/site-packages/airflow/example_dags/example_subdag_operator.py
[2021-11-21 15:39:16,867] {logging_mixin.py:104} INFO - [2021-11-21 15:39:16,867] {dag.py:1832} INFO - Sync 3 DAGs
[2021-11-21 15:39:16,893] {logging_mixin.py:104} INFO - [2021-11-21 15:39:16,892] {dag.py:2305} INFO - Setting next_dagrun for example_subdag_operator to 2021-11-19 00:00:00+00:00
[2021-11-21 15:39:16,897] {logging_mixin.py:104} INFO - [2021-11-21 15:39:16,897] {dag.py:2305} INFO - Setting next_dagrun for example_subdag_operator.section-1 to None
[2021-11-21 15:39:16,898] {logging_mixin.py:104} INFO - [2021-11-21 15:39:16,898] {dag.py:2305} INFO - Setting next_dagrun for example_subdag_operator.section-2 to None
[2021-11-21 15:39:16,973] {logging_mixin.py:104} INFO - [2021-11-21 15:39:16,972] {dag.py:1832} INFO - Sync 2 DAGs
[2021-11-21 15:39:16,993] {logging_mixin.py:104} INFO - [2021-11-21 15:39:16,993] {dag.py:2305} INFO - Setting next_dagrun for example_subdag_operator.section-1 to None
[2021-11-21 15:39:16,997] {logging_mixin.py:104} INFO - [2021-11-21 15:39:16,997] {dag.py:2305} INFO - Setting next_dagrun for example_subdag_operator.section-2 to None
[2021-11-21 15:39:17,044] {scheduler_job.py:190} INFO - Processing /home/airflow/sandbox/lib/python3.8/site-packages/airflow/example_dags/example_subdag_operator.py took 1.204 seconds
[2021-11-21 15:44:23,097] {scheduler_job.py:182} INFO - Started process (PID=3841) to work on /home/airflow/sandbox/lib/python3.8/site-packages/airflow/example_dags/example_subdag_operator.py
[2021-11-21 15:44:23,111] {scheduler_job.py:633} INFO - Processing file /home/airflow/sandbox/lib/python3.8/site-packages/airflow/example_dags/example_subdag_operator.py for tasks to queue
[2021-11-21 15:44:23,118] {logging_mixin.py:104} INFO - [2021-11-21 15:44:23,118] {dagbag.py:487} INFO - Filling up the DagBag from /home/airflow/sandbox/lib/python3.8/site-packages/airflow/example_dags/example_subdag_operator.py
[2021-11-21 15:44:23,189] {scheduler_job.py:643} INFO - DAG(s) dict_keys(['example_subdag_operator.section-1', 'example_subdag_operator.section-2', 'example_subdag_operator']) retrieved from /home/airflow/sandbox/lib/python3.8/site-packages/airflow/example_dags/example_subdag_operator.py
[2021-11-21 15:44:23,239] {logging_mixin.py:104} INFO - [2021-11-21 15:44:23,239] {dag.py:1832} INFO - Sync 3 DAGs
[2021-11-21 15:44:23,281] {logging_mixin.py:104} INFO - [2021-11-21 15:44:23,280] {dag.py:2305} INFO - Setting next_dagrun for example_subdag_operator to 2021-11-19 00:00:00+00:00
[2021-11-21 15:44:23,292] {logging_mixin.py:104} INFO - [2021-11-21 15:44:23,292] {dag.py:2305} INFO - Setting next_dagrun for example_subdag_operator.section-1 to None
[2021-11-21 15:44:23,293] {logging_mixin.py:104} INFO - [2021-11-21 15:44:23,293] {dag.py:2305} INFO - Setting next_dagrun for example_subdag_operator.section-2 to None
[2021-11-21 15:44:23,354] {logging_mixin.py:104} INFO - [2021-11-21 15:44:23,354] {dag.py:1832} INFO - Sync 2 DAGs
[2021-11-21 15:44:23,375] {logging_mixin.py:104} INFO - [2021-11-21 15:44:23,375] {dag.py:2305} INFO - Setting next_dagrun for example_subdag_operator.section-1 to None
[2021-11-21 15:44:23,383] {logging_mixin.py:104} INFO - [2021-11-21 15:44:23,383] {dag.py:2305} INFO - Setting next_dagrun for example_subdag_operator.section-2 to None
[2021-11-21 15:44:23,473] {scheduler_job.py:190} INFO - Processing /home/airflow/sandbox/lib/python3.8/site-packages/airflow/example_dags/example_subdag_operator.py took 0.385 seconds
[2021-11-21 15:45:17,194] {scheduler_job.py:182} INFO - Started process (PID=3873) to work on /home/airflow/sandbox/lib/python3.8/site-packages/airflow/example_dags/example_subdag_operator.py
[2021-11-21 15:45:17,205] {scheduler_job.py:633} INFO - Processing file /home/airflow/sandbox/lib/python3.8/site-packages/airflow/example_dags/example_subdag_operator.py for tasks to queue
[2021-11-21 15:45:17,207] {logging_mixin.py:104} INFO - [2021-11-21 15:45:17,207] {dagbag.py:487} INFO - Filling up the DagBag from /home/airflow/sandbox/lib/python3.8/site-packages/airflow/example_dags/example_subdag_operator.py
[2021-11-21 15:45:17,371] {scheduler_job.py:643} INFO - DAG(s) dict_keys(['example_subdag_operator.section-1', 'example_subdag_operator.section-2', 'example_subdag_operator']) retrieved from /home/airflow/sandbox/lib/python3.8/site-packages/airflow/example_dags/example_subdag_operator.py
[2021-11-21 15:45:17,462] {logging_mixin.py:104} INFO - [2021-11-21 15:45:17,462] {dag.py:1832} INFO - Sync 3 DAGs
[2021-11-21 15:45:17,582] {logging_mixin.py:104} INFO - [2021-11-21 15:45:17,581] {dag.py:2305} INFO - Setting next_dagrun for example_subdag_operator to 2021-11-19 00:00:00+00:00
[2021-11-21 15:45:17,595] {logging_mixin.py:104} INFO - [2021-11-21 15:45:17,595] {dag.py:2305} INFO - Setting next_dagrun for example_subdag_operator.section-1 to None
[2021-11-21 15:45:17,596] {logging_mixin.py:104} INFO - [2021-11-21 15:45:17,596] {dag.py:2305} INFO - Setting next_dagrun for example_subdag_operator.section-2 to None
[2021-11-21 15:45:17,720] {logging_mixin.py:104} INFO - [2021-11-21 15:45:17,719] {dag.py:1832} INFO - Sync 2 DAGs
[2021-11-21 15:45:17,760] {logging_mixin.py:104} INFO - [2021-11-21 15:45:17,760] {dag.py:2305} INFO - Setting next_dagrun for example_subdag_operator.section-1 to None
[2021-11-21 15:45:17,765] {logging_mixin.py:104} INFO - [2021-11-21 15:45:17,765] {dag.py:2305} INFO - Setting next_dagrun for example_subdag_operator.section-2 to None
[2021-11-21 15:45:17,805] {scheduler_job.py:190} INFO - Processing /home/airflow/sandbox/lib/python3.8/site-packages/airflow/example_dags/example_subdag_operator.py took 0.630 seconds
[2021-11-21 15:46:06,748] {scheduler_job.py:182} INFO - Started process (PID=3906) to work on /home/airflow/sandbox/lib/python3.8/site-packages/airflow/example_dags/example_subdag_operator.py
[2021-11-21 15:46:06,825] {scheduler_job.py:633} INFO - Processing file /home/airflow/sandbox/lib/python3.8/site-packages/airflow/example_dags/example_subdag_operator.py for tasks to queue
[2021-11-21 15:46:06,833] {logging_mixin.py:104} INFO - [2021-11-21 15:46:06,832] {dagbag.py:487} INFO - Filling up the DagBag from /home/airflow/sandbox/lib/python3.8/site-packages/airflow/example_dags/example_subdag_operator.py
[2021-11-21 15:46:07,245] {scheduler_job.py:643} INFO - DAG(s) dict_keys(['example_subdag_operator.section-1', 'example_subdag_operator.section-2', 'example_subdag_operator']) retrieved from /home/airflow/sandbox/lib/python3.8/site-packages/airflow/example_dags/example_subdag_operator.py
[2021-11-21 15:46:07,278] {logging_mixin.py:104} INFO - [2021-11-21 15:46:07,278] {dag.py:1832} INFO - Sync 3 DAGs
[2021-11-21 15:46:07,374] {logging_mixin.py:104} INFO - [2021-11-21 15:46:07,374] {dag.py:2305} INFO - Setting next_dagrun for example_subdag_operator to 2021-11-19 00:00:00+00:00
[2021-11-21 15:46:07,381] {logging_mixin.py:104} INFO - [2021-11-21 15:46:07,381] {dag.py:2305} INFO - Setting next_dagrun for example_subdag_operator.section-1 to None
[2021-11-21 15:46:07,382] {logging_mixin.py:104} INFO - [2021-11-21 15:46:07,381] {dag.py:2305} INFO - Setting next_dagrun for example_subdag_operator.section-2 to None
[2021-11-21 15:46:07,589] {logging_mixin.py:104} INFO - [2021-11-21 15:46:07,588] {dag.py:1832} INFO - Sync 2 DAGs
[2021-11-21 15:46:07,723] {logging_mixin.py:104} INFO - [2021-11-21 15:46:07,722] {dag.py:2305} INFO - Setting next_dagrun for example_subdag_operator.section-1 to None
[2021-11-21 15:46:07,729] {logging_mixin.py:104} INFO - [2021-11-21 15:46:07,729] {dag.py:2305} INFO - Setting next_dagrun for example_subdag_operator.section-2 to None
[2021-11-21 15:46:07,884] {scheduler_job.py:190} INFO - Processing /home/airflow/sandbox/lib/python3.8/site-packages/airflow/example_dags/example_subdag_operator.py took 1.169 seconds
[2021-11-21 15:47:17,472] {scheduler_job.py:182} INFO - Started process (PID=4005) to work on /home/airflow/sandbox/lib/python3.8/site-packages/airflow/example_dags/example_subdag_operator.py
[2021-11-21 15:47:17,551] {scheduler_job.py:633} INFO - Processing file /home/airflow/sandbox/lib/python3.8/site-packages/airflow/example_dags/example_subdag_operator.py for tasks to queue
[2021-11-21 15:47:17,578] {logging_mixin.py:104} INFO - [2021-11-21 15:47:17,577] {dagbag.py:487} INFO - Filling up the DagBag from /home/airflow/sandbox/lib/python3.8/site-packages/airflow/example_dags/example_subdag_operator.py
[2021-11-21 15:47:17,787] {scheduler_job.py:643} INFO - DAG(s) dict_keys(['example_subdag_operator.section-1', 'example_subdag_operator.section-2', 'example_subdag_operator']) retrieved from /home/airflow/sandbox/lib/python3.8/site-packages/airflow/example_dags/example_subdag_operator.py
[2021-11-21 15:47:17,816] {logging_mixin.py:104} INFO - [2021-11-21 15:47:17,815] {dag.py:1832} INFO - Sync 3 DAGs
[2021-11-21 15:47:17,853] {logging_mixin.py:104} INFO - [2021-11-21 15:47:17,851] {dag.py:2305} INFO - Setting next_dagrun for example_subdag_operator to 2021-11-19 00:00:00+00:00
[2021-11-21 15:47:17,863] {logging_mixin.py:104} INFO - [2021-11-21 15:47:17,862] {dag.py:2305} INFO - Setting next_dagrun for example_subdag_operator.section-1 to None
[2021-11-21 15:47:17,863] {logging_mixin.py:104} INFO - [2021-11-21 15:47:17,863] {dag.py:2305} INFO - Setting next_dagrun for example_subdag_operator.section-2 to None
[2021-11-21 15:47:17,945] {logging_mixin.py:104} INFO - [2021-11-21 15:47:17,945] {dag.py:1832} INFO - Sync 2 DAGs
[2021-11-21 15:47:18,054] {logging_mixin.py:104} INFO - [2021-11-21 15:47:18,054] {dag.py:2305} INFO - Setting next_dagrun for example_subdag_operator.section-1 to None
[2021-11-21 15:47:18,060] {logging_mixin.py:104} INFO - [2021-11-21 15:47:18,060] {dag.py:2305} INFO - Setting next_dagrun for example_subdag_operator.section-2 to None
[2021-11-21 15:47:18,210] {scheduler_job.py:190} INFO - Processing /home/airflow/sandbox/lib/python3.8/site-packages/airflow/example_dags/example_subdag_operator.py took 0.757 seconds
[2021-11-21 15:48:15,071] {scheduler_job.py:182} INFO - Started process (PID=4038) to work on /home/airflow/sandbox/lib/python3.8/site-packages/airflow/example_dags/example_subdag_operator.py
[2021-11-21 15:48:15,094] {scheduler_job.py:633} INFO - Processing file /home/airflow/sandbox/lib/python3.8/site-packages/airflow/example_dags/example_subdag_operator.py for tasks to queue
[2021-11-21 15:48:15,105] {logging_mixin.py:104} INFO - [2021-11-21 15:48:15,104] {dagbag.py:487} INFO - Filling up the DagBag from /home/airflow/sandbox/lib/python3.8/site-packages/airflow/example_dags/example_subdag_operator.py
[2021-11-21 15:48:15,336] {scheduler_job.py:643} INFO - DAG(s) dict_keys(['example_subdag_operator.section-1', 'example_subdag_operator.section-2', 'example_subdag_operator']) retrieved from /home/airflow/sandbox/lib/python3.8/site-packages/airflow/example_dags/example_subdag_operator.py
[2021-11-21 15:48:15,431] {logging_mixin.py:104} INFO - [2021-11-21 15:48:15,431] {dag.py:1832} INFO - Sync 3 DAGs
[2021-11-21 15:48:15,591] {logging_mixin.py:104} INFO - [2021-11-21 15:48:15,591] {dag.py:2305} INFO - Setting next_dagrun for example_subdag_operator to 2021-11-19 00:00:00+00:00
[2021-11-21 15:48:15,598] {logging_mixin.py:104} INFO - [2021-11-21 15:48:15,598] {dag.py:2305} INFO - Setting next_dagrun for example_subdag_operator.section-1 to None
[2021-11-21 15:48:15,598] {logging_mixin.py:104} INFO - [2021-11-21 15:48:15,598] {dag.py:2305} INFO - Setting next_dagrun for example_subdag_operator.section-2 to None
[2021-11-21 15:48:15,672] {logging_mixin.py:104} INFO - [2021-11-21 15:48:15,672] {dag.py:1832} INFO - Sync 2 DAGs
[2021-11-21 15:48:15,705] {logging_mixin.py:104} INFO - [2021-11-21 15:48:15,705] {dag.py:2305} INFO - Setting next_dagrun for example_subdag_operator.section-1 to None
[2021-11-21 15:48:15,712] {logging_mixin.py:104} INFO - [2021-11-21 15:48:15,712] {dag.py:2305} INFO - Setting next_dagrun for example_subdag_operator.section-2 to None
[2021-11-21 15:48:15,803] {scheduler_job.py:190} INFO - Processing /home/airflow/sandbox/lib/python3.8/site-packages/airflow/example_dags/example_subdag_operator.py took 0.751 seconds
[2021-11-21 15:49:20,017] {scheduler_job.py:182} INFO - Started process (PID=4162) to work on /home/airflow/sandbox/lib/python3.8/site-packages/airflow/example_dags/example_subdag_operator.py
[2021-11-21 15:49:20,029] {scheduler_job.py:633} INFO - Processing file /home/airflow/sandbox/lib/python3.8/site-packages/airflow/example_dags/example_subdag_operator.py for tasks to queue
[2021-11-21 15:49:20,032] {logging_mixin.py:104} INFO - [2021-11-21 15:49:20,031] {dagbag.py:487} INFO - Filling up the DagBag from /home/airflow/sandbox/lib/python3.8/site-packages/airflow/example_dags/example_subdag_operator.py
[2021-11-21 15:49:20,299] {scheduler_job.py:643} INFO - DAG(s) dict_keys(['example_subdag_operator.section-1', 'example_subdag_operator.section-2', 'example_subdag_operator']) retrieved from /home/airflow/sandbox/lib/python3.8/site-packages/airflow/example_dags/example_subdag_operator.py
[2021-11-21 15:49:20,417] {logging_mixin.py:104} INFO - [2021-11-21 15:49:20,417] {dag.py:1832} INFO - Sync 3 DAGs
[2021-11-21 15:49:20,540] {logging_mixin.py:104} INFO - [2021-11-21 15:49:20,539] {dag.py:2305} INFO - Setting next_dagrun for example_subdag_operator to 2021-11-19 00:00:00+00:00
[2021-11-21 15:49:20,552] {logging_mixin.py:104} INFO - [2021-11-21 15:49:20,551] {dag.py:2305} INFO - Setting next_dagrun for example_subdag_operator.section-1 to None
[2021-11-21 15:49:20,561] {logging_mixin.py:104} INFO - [2021-11-21 15:49:20,560] {dag.py:2305} INFO - Setting next_dagrun for example_subdag_operator.section-2 to None
[2021-11-21 15:49:20,745] {logging_mixin.py:104} INFO - [2021-11-21 15:49:20,744] {dag.py:1832} INFO - Sync 2 DAGs
[2021-11-21 15:49:20,816] {logging_mixin.py:104} INFO - [2021-11-21 15:49:20,816] {dag.py:2305} INFO - Setting next_dagrun for example_subdag_operator.section-1 to None
[2021-11-21 15:49:20,822] {logging_mixin.py:104} INFO - [2021-11-21 15:49:20,821] {dag.py:2305} INFO - Setting next_dagrun for example_subdag_operator.section-2 to None
[2021-11-21 15:49:20,964] {scheduler_job.py:190} INFO - Processing /home/airflow/sandbox/lib/python3.8/site-packages/airflow/example_dags/example_subdag_operator.py took 0.966 seconds
[2021-11-21 15:50:29,461] {scheduler_job.py:182} INFO - Started process (PID=4297) to work on /home/airflow/sandbox/lib/python3.8/site-packages/airflow/example_dags/example_subdag_operator.py
[2021-11-21 15:50:29,468] {scheduler_job.py:633} INFO - Processing file /home/airflow/sandbox/lib/python3.8/site-packages/airflow/example_dags/example_subdag_operator.py for tasks to queue
[2021-11-21 15:50:29,469] {logging_mixin.py:104} INFO - [2021-11-21 15:50:29,469] {dagbag.py:487} INFO - Filling up the DagBag from /home/airflow/sandbox/lib/python3.8/site-packages/airflow/example_dags/example_subdag_operator.py
[2021-11-21 15:50:29,897] {scheduler_job.py:643} INFO - DAG(s) dict_keys(['example_subdag_operator.section-1', 'example_subdag_operator.section-2', 'example_subdag_operator']) retrieved from /home/airflow/sandbox/lib/python3.8/site-packages/airflow/example_dags/example_subdag_operator.py
[2021-11-21 15:50:29,941] {logging_mixin.py:104} INFO - [2021-11-21 15:50:29,940] {dag.py:1832} INFO - Sync 3 DAGs
[2021-11-21 15:50:30,003] {logging_mixin.py:104} INFO - [2021-11-21 15:50:30,002] {dag.py:2305} INFO - Setting next_dagrun for example_subdag_operator to 2021-11-19 00:00:00+00:00
[2021-11-21 15:50:30,019] {logging_mixin.py:104} INFO - [2021-11-21 15:50:30,019] {dag.py:2305} INFO - Setting next_dagrun for example_subdag_operator.section-1 to None
[2021-11-21 15:50:30,023] {logging_mixin.py:104} INFO - [2021-11-21 15:50:30,022] {dag.py:2305} INFO - Setting next_dagrun for example_subdag_operator.section-2 to None
[2021-11-21 15:50:30,101] {logging_mixin.py:104} INFO - [2021-11-21 15:50:30,101] {dag.py:1832} INFO - Sync 2 DAGs
[2021-11-21 15:50:30,161] {logging_mixin.py:104} INFO - [2021-11-21 15:50:30,160] {dag.py:2305} INFO - Setting next_dagrun for example_subdag_operator.section-1 to None
[2021-11-21 15:50:30,180] {logging_mixin.py:104} INFO - [2021-11-21 15:50:30,180] {dag.py:2305} INFO - Setting next_dagrun for example_subdag_operator.section-2 to None
[2021-11-21 15:50:30,301] {scheduler_job.py:190} INFO - Processing /home/airflow/sandbox/lib/python3.8/site-packages/airflow/example_dags/example_subdag_operator.py took 0.851 seconds
[2021-11-21 15:51:31,761] {scheduler_job.py:182} INFO - Started process (PID=4464) to work on /home/airflow/sandbox/lib/python3.8/site-packages/airflow/example_dags/example_subdag_operator.py
[2021-11-21 15:51:31,771] {scheduler_job.py:633} INFO - Processing file /home/airflow/sandbox/lib/python3.8/site-packages/airflow/example_dags/example_subdag_operator.py for tasks to queue
[2021-11-21 15:51:31,773] {logging_mixin.py:104} INFO - [2021-11-21 15:51:31,773] {dagbag.py:487} INFO - Filling up the DagBag from /home/airflow/sandbox/lib/python3.8/site-packages/airflow/example_dags/example_subdag_operator.py
[2021-11-21 15:51:31,888] {scheduler_job.py:643} INFO - DAG(s) dict_keys(['example_subdag_operator.section-1', 'example_subdag_operator.section-2', 'example_subdag_operator']) retrieved from /home/airflow/sandbox/lib/python3.8/site-packages/airflow/example_dags/example_subdag_operator.py
[2021-11-21 15:51:31,946] {logging_mixin.py:104} INFO - [2021-11-21 15:51:31,946] {dag.py:1832} INFO - Sync 3 DAGs
[2021-11-21 15:51:32,025] {logging_mixin.py:104} INFO - [2021-11-21 15:51:32,025] {dag.py:2305} INFO - Setting next_dagrun for example_subdag_operator to 2021-11-19 00:00:00+00:00
[2021-11-21 15:51:32,033] {logging_mixin.py:104} INFO - [2021-11-21 15:51:32,032] {dag.py:2305} INFO - Setting next_dagrun for example_subdag_operator.section-1 to None
[2021-11-21 15:51:32,034] {logging_mixin.py:104} INFO - [2021-11-21 15:51:32,033] {dag.py:2305} INFO - Setting next_dagrun for example_subdag_operator.section-2 to None
[2021-11-21 15:51:32,123] {logging_mixin.py:104} INFO - [2021-11-21 15:51:32,123] {dag.py:1832} INFO - Sync 2 DAGs
[2021-11-21 15:51:32,153] {logging_mixin.py:104} INFO - [2021-11-21 15:51:32,153] {dag.py:2305} INFO - Setting next_dagrun for example_subdag_operator.section-1 to None
[2021-11-21 15:51:32,164] {logging_mixin.py:104} INFO - [2021-11-21 15:51:32,164] {dag.py:2305} INFO - Setting next_dagrun for example_subdag_operator.section-2 to None
[2021-11-21 15:51:32,229] {scheduler_job.py:190} INFO - Processing /home/airflow/sandbox/lib/python3.8/site-packages/airflow/example_dags/example_subdag_operator.py took 0.481 seconds
[2021-11-21 15:52:29,949] {scheduler_job.py:182} INFO - Started process (PID=4611) to work on /home/airflow/sandbox/lib/python3.8/site-packages/airflow/example_dags/example_subdag_operator.py
[2021-11-21 15:52:29,983] {scheduler_job.py:633} INFO - Processing file /home/airflow/sandbox/lib/python3.8/site-packages/airflow/example_dags/example_subdag_operator.py for tasks to queue
[2021-11-21 15:52:29,985] {logging_mixin.py:104} INFO - [2021-11-21 15:52:29,985] {dagbag.py:487} INFO - Filling up the DagBag from /home/airflow/sandbox/lib/python3.8/site-packages/airflow/example_dags/example_subdag_operator.py
[2021-11-21 15:52:30,263] {scheduler_job.py:643} INFO - DAG(s) dict_keys(['example_subdag_operator.section-1', 'example_subdag_operator.section-2', 'example_subdag_operator']) retrieved from /home/airflow/sandbox/lib/python3.8/site-packages/airflow/example_dags/example_subdag_operator.py
[2021-11-21 15:52:30,305] {logging_mixin.py:104} INFO - [2021-11-21 15:52:30,304] {dag.py:1832} INFO - Sync 3 DAGs
[2021-11-21 15:52:30,352] {logging_mixin.py:104} INFO - [2021-11-21 15:52:30,352] {dag.py:2305} INFO - Setting next_dagrun for example_subdag_operator to 2021-11-19 00:00:00+00:00
[2021-11-21 15:52:30,363] {logging_mixin.py:104} INFO - [2021-11-21 15:52:30,363] {dag.py:2305} INFO - Setting next_dagrun for example_subdag_operator.section-1 to None
[2021-11-21 15:52:30,363] {logging_mixin.py:104} INFO - [2021-11-21 15:52:30,363] {dag.py:2305} INFO - Setting next_dagrun for example_subdag_operator.section-2 to None
[2021-11-21 15:52:30,585] {logging_mixin.py:104} INFO - [2021-11-21 15:52:30,584] {dag.py:1832} INFO - Sync 2 DAGs
[2021-11-21 15:52:30,732] {logging_mixin.py:104} INFO - [2021-11-21 15:52:30,731] {dag.py:2305} INFO - Setting next_dagrun for example_subdag_operator.section-1 to None
[2021-11-21 15:52:30,747] {logging_mixin.py:104} INFO - [2021-11-21 15:52:30,746] {dag.py:2305} INFO - Setting next_dagrun for example_subdag_operator.section-2 to None
[2021-11-21 15:52:30,922] {scheduler_job.py:190} INFO - Processing /home/airflow/sandbox/lib/python3.8/site-packages/airflow/example_dags/example_subdag_operator.py took 0.991 seconds
[2021-11-21 15:53:34,045] {scheduler_job.py:182} INFO - Started process (PID=4836) to work on /home/airflow/sandbox/lib/python3.8/site-packages/airflow/example_dags/example_subdag_operator.py
[2021-11-21 15:53:34,054] {scheduler_job.py:633} INFO - Processing file /home/airflow/sandbox/lib/python3.8/site-packages/airflow/example_dags/example_subdag_operator.py for tasks to queue
[2021-11-21 15:53:34,056] {logging_mixin.py:104} INFO - [2021-11-21 15:53:34,056] {dagbag.py:487} INFO - Filling up the DagBag from /home/airflow/sandbox/lib/python3.8/site-packages/airflow/example_dags/example_subdag_operator.py
[2021-11-21 15:53:34,382] {scheduler_job.py:643} INFO - DAG(s) dict_keys(['example_subdag_operator.section-1', 'example_subdag_operator.section-2', 'example_subdag_operator']) retrieved from /home/airflow/sandbox/lib/python3.8/site-packages/airflow/example_dags/example_subdag_operator.py
[2021-11-21 15:53:34,485] {logging_mixin.py:104} INFO - [2021-11-21 15:53:34,485] {dag.py:1832} INFO - Sync 3 DAGs
[2021-11-21 15:53:34,520] {logging_mixin.py:104} INFO - [2021-11-21 15:53:34,520] {dag.py:2305} INFO - Setting next_dagrun for example_subdag_operator to 2021-11-19 00:00:00+00:00
[2021-11-21 15:53:34,529] {logging_mixin.py:104} INFO - [2021-11-21 15:53:34,529] {dag.py:2305} INFO - Setting next_dagrun for example_subdag_operator.section-1 to None
[2021-11-21 15:53:34,534] {logging_mixin.py:104} INFO - [2021-11-21 15:53:34,533] {dag.py:2305} INFO - Setting next_dagrun for example_subdag_operator.section-2 to None
[2021-11-21 15:53:34,627] {logging_mixin.py:104} INFO - [2021-11-21 15:53:34,626] {dag.py:1832} INFO - Sync 2 DAGs
[2021-11-21 15:53:34,657] {logging_mixin.py:104} INFO - [2021-11-21 15:53:34,657] {dag.py:2305} INFO - Setting next_dagrun for example_subdag_operator.section-1 to None
[2021-11-21 15:53:34,662] {logging_mixin.py:104} INFO - [2021-11-21 15:53:34,662] {dag.py:2305} INFO - Setting next_dagrun for example_subdag_operator.section-2 to None
[2021-11-21 15:53:34,724] {scheduler_job.py:190} INFO - Processing /home/airflow/sandbox/lib/python3.8/site-packages/airflow/example_dags/example_subdag_operator.py took 0.700 seconds
[2021-11-21 15:54:34,933] {scheduler_job.py:182} INFO - Started process (PID=4900) to work on /home/airflow/sandbox/lib/python3.8/site-packages/airflow/example_dags/example_subdag_operator.py
[2021-11-21 15:54:34,966] {scheduler_job.py:633} INFO - Processing file /home/airflow/sandbox/lib/python3.8/site-packages/airflow/example_dags/example_subdag_operator.py for tasks to queue
[2021-11-21 15:54:34,972] {logging_mixin.py:104} INFO - [2021-11-21 15:54:34,972] {dagbag.py:487} INFO - Filling up the DagBag from /home/airflow/sandbox/lib/python3.8/site-packages/airflow/example_dags/example_subdag_operator.py
[2021-11-21 15:54:35,028] {scheduler_job.py:643} INFO - DAG(s) dict_keys(['example_subdag_operator.section-1', 'example_subdag_operator.section-2', 'example_subdag_operator']) retrieved from /home/airflow/sandbox/lib/python3.8/site-packages/airflow/example_dags/example_subdag_operator.py
[2021-11-21 15:54:35,044] {logging_mixin.py:104} INFO - [2021-11-21 15:54:35,044] {dag.py:1832} INFO - Sync 3 DAGs
[2021-11-21 15:54:35,064] {logging_mixin.py:104} INFO - [2021-11-21 15:54:35,064] {dag.py:2305} INFO - Setting next_dagrun for example_subdag_operator to 2021-11-19 00:00:00+00:00
[2021-11-21 15:54:35,069] {logging_mixin.py:104} INFO - [2021-11-21 15:54:35,069] {dag.py:2305} INFO - Setting next_dagrun for example_subdag_operator.section-1 to None
[2021-11-21 15:54:35,069] {logging_mixin.py:104} INFO - [2021-11-21 15:54:35,069] {dag.py:2305} INFO - Setting next_dagrun for example_subdag_operator.section-2 to None
[2021-11-21 15:54:35,110] {logging_mixin.py:104} INFO - [2021-11-21 15:54:35,110] {dag.py:1832} INFO - Sync 2 DAGs
[2021-11-21 15:54:35,132] {logging_mixin.py:104} INFO - [2021-11-21 15:54:35,132] {dag.py:2305} INFO - Setting next_dagrun for example_subdag_operator.section-1 to None
[2021-11-21 15:54:35,136] {logging_mixin.py:104} INFO - [2021-11-21 15:54:35,136] {dag.py:2305} INFO - Setting next_dagrun for example_subdag_operator.section-2 to None
[2021-11-21 15:54:35,209] {scheduler_job.py:190} INFO - Processing /home/airflow/sandbox/lib/python3.8/site-packages/airflow/example_dags/example_subdag_operator.py took 0.319 seconds
[2021-11-21 15:55:19,957] {scheduler_job.py:182} INFO - Started process (PID=4989) to work on /home/airflow/sandbox/lib/python3.8/site-packages/airflow/example_dags/example_subdag_operator.py
[2021-11-21 15:55:19,965] {scheduler_job.py:633} INFO - Processing file /home/airflow/sandbox/lib/python3.8/site-packages/airflow/example_dags/example_subdag_operator.py for tasks to queue
[2021-11-21 15:55:19,967] {logging_mixin.py:104} INFO - [2021-11-21 15:55:19,967] {dagbag.py:487} INFO - Filling up the DagBag from /home/airflow/sandbox/lib/python3.8/site-packages/airflow/example_dags/example_subdag_operator.py
[2021-11-21 15:55:20,138] {scheduler_job.py:643} INFO - DAG(s) dict_keys(['example_subdag_operator.section-1', 'example_subdag_operator.section-2', 'example_subdag_operator']) retrieved from /home/airflow/sandbox/lib/python3.8/site-packages/airflow/example_dags/example_subdag_operator.py
[2021-11-21 15:55:20,217] {logging_mixin.py:104} INFO - [2021-11-21 15:55:20,217] {dag.py:1832} INFO - Sync 3 DAGs
[2021-11-21 15:55:20,298] {logging_mixin.py:104} INFO - [2021-11-21 15:55:20,298] {dag.py:2305} INFO - Setting next_dagrun for example_subdag_operator to 2021-11-19 00:00:00+00:00
[2021-11-21 15:55:20,307] {logging_mixin.py:104} INFO - [2021-11-21 15:55:20,306] {dag.py:2305} INFO - Setting next_dagrun for example_subdag_operator.section-1 to None
[2021-11-21 15:55:20,308] {logging_mixin.py:104} INFO - [2021-11-21 15:55:20,307] {dag.py:2305} INFO - Setting next_dagrun for example_subdag_operator.section-2 to None
[2021-11-21 15:55:20,402] {logging_mixin.py:104} INFO - [2021-11-21 15:55:20,402] {dag.py:1832} INFO - Sync 2 DAGs
[2021-11-21 15:55:20,415] {logging_mixin.py:104} INFO - [2021-11-21 15:55:20,415] {dag.py:2305} INFO - Setting next_dagrun for example_subdag_operator.section-1 to None
[2021-11-21 15:55:20,424] {logging_mixin.py:104} INFO - [2021-11-21 15:55:20,416] {dag.py:2305} INFO - Setting next_dagrun for example_subdag_operator.section-2 to None
[2021-11-21 15:55:20,461] {scheduler_job.py:190} INFO - Processing /home/airflow/sandbox/lib/python3.8/site-packages/airflow/example_dags/example_subdag_operator.py took 0.522 seconds
[2021-11-21 15:56:14,218] {scheduler_job.py:182} INFO - Started process (PID=5041) to work on /home/airflow/sandbox/lib/python3.8/site-packages/airflow/example_dags/example_subdag_operator.py
[2021-11-21 15:56:14,225] {scheduler_job.py:633} INFO - Processing file /home/airflow/sandbox/lib/python3.8/site-packages/airflow/example_dags/example_subdag_operator.py for tasks to queue
[2021-11-21 15:56:14,229] {logging_mixin.py:104} INFO - [2021-11-21 15:56:14,229] {dagbag.py:487} INFO - Filling up the DagBag from /home/airflow/sandbox/lib/python3.8/site-packages/airflow/example_dags/example_subdag_operator.py
[2021-11-21 15:56:14,293] {scheduler_job.py:643} INFO - DAG(s) dict_keys(['example_subdag_operator.section-1', 'example_subdag_operator.section-2', 'example_subdag_operator']) retrieved from /home/airflow/sandbox/lib/python3.8/site-packages/airflow/example_dags/example_subdag_operator.py
[2021-11-21 15:56:14,319] {logging_mixin.py:104} INFO - [2021-11-21 15:56:14,319] {dag.py:1832} INFO - Sync 3 DAGs
[2021-11-21 15:56:14,348] {logging_mixin.py:104} INFO - [2021-11-21 15:56:14,348] {dag.py:2305} INFO - Setting next_dagrun for example_subdag_operator to 2021-11-19 00:00:00+00:00
[2021-11-21 15:56:14,359] {logging_mixin.py:104} INFO - [2021-11-21 15:56:14,359] {dag.py:2305} INFO - Setting next_dagrun for example_subdag_operator.section-1 to None
[2021-11-21 15:56:14,360] {logging_mixin.py:104} INFO - [2021-11-21 15:56:14,360] {dag.py:2305} INFO - Setting next_dagrun for example_subdag_operator.section-2 to None
[2021-11-21 15:56:14,438] {logging_mixin.py:104} INFO - [2021-11-21 15:56:14,437] {dag.py:1832} INFO - Sync 2 DAGs
[2021-11-21 15:56:14,488] {logging_mixin.py:104} INFO - [2021-11-21 15:56:14,487] {dag.py:2305} INFO - Setting next_dagrun for example_subdag_operator.section-1 to None
[2021-11-21 15:56:14,506] {logging_mixin.py:104} INFO - [2021-11-21 15:56:14,505] {dag.py:2305} INFO - Setting next_dagrun for example_subdag_operator.section-2 to None
[2021-11-21 15:56:14,797] {scheduler_job.py:190} INFO - Processing /home/airflow/sandbox/lib/python3.8/site-packages/airflow/example_dags/example_subdag_operator.py took 0.585 seconds
[2021-11-21 15:57:10,793] {scheduler_job.py:182} INFO - Started process (PID=5142) to work on /home/airflow/sandbox/lib/python3.8/site-packages/airflow/example_dags/example_subdag_operator.py
[2021-11-21 15:57:10,808] {scheduler_job.py:633} INFO - Processing file /home/airflow/sandbox/lib/python3.8/site-packages/airflow/example_dags/example_subdag_operator.py for tasks to queue
[2021-11-21 15:57:10,832] {logging_mixin.py:104} INFO - [2021-11-21 15:57:10,830] {dagbag.py:487} INFO - Filling up the DagBag from /home/airflow/sandbox/lib/python3.8/site-packages/airflow/example_dags/example_subdag_operator.py
[2021-11-21 15:57:11,053] {scheduler_job.py:643} INFO - DAG(s) dict_keys(['example_subdag_operator.section-1', 'example_subdag_operator.section-2', 'example_subdag_operator']) retrieved from /home/airflow/sandbox/lib/python3.8/site-packages/airflow/example_dags/example_subdag_operator.py
[2021-11-21 15:57:11,204] {logging_mixin.py:104} INFO - [2021-11-21 15:57:11,203] {dag.py:1832} INFO - Sync 3 DAGs
[2021-11-21 15:57:11,372] {logging_mixin.py:104} INFO - [2021-11-21 15:57:11,363] {dag.py:2305} INFO - Setting next_dagrun for example_subdag_operator to 2021-11-19 00:00:00+00:00
[2021-11-21 15:57:11,404] {logging_mixin.py:104} INFO - [2021-11-21 15:57:11,403] {dag.py:2305} INFO - Setting next_dagrun for example_subdag_operator.section-1 to None
[2021-11-21 15:57:11,421] {logging_mixin.py:104} INFO - [2021-11-21 15:57:11,421] {dag.py:2305} INFO - Setting next_dagrun for example_subdag_operator.section-2 to None
[2021-11-21 15:57:11,541] {logging_mixin.py:104} INFO - [2021-11-21 15:57:11,541] {dag.py:1832} INFO - Sync 2 DAGs
[2021-11-21 15:57:11,607] {logging_mixin.py:104} INFO - [2021-11-21 15:57:11,607] {dag.py:2305} INFO - Setting next_dagrun for example_subdag_operator.section-1 to None
[2021-11-21 15:57:11,613] {logging_mixin.py:104} INFO - [2021-11-21 15:57:11,612] {dag.py:2305} INFO - Setting next_dagrun for example_subdag_operator.section-2 to None
[2021-11-21 15:57:11,743] {scheduler_job.py:190} INFO - Processing /home/airflow/sandbox/lib/python3.8/site-packages/airflow/example_dags/example_subdag_operator.py took 0.974 seconds
[2021-11-21 15:58:19,623] {scheduler_job.py:182} INFO - Started process (PID=5337) to work on /home/airflow/sandbox/lib/python3.8/site-packages/airflow/example_dags/example_subdag_operator.py
[2021-11-21 15:58:19,634] {scheduler_job.py:633} INFO - Processing file /home/airflow/sandbox/lib/python3.8/site-packages/airflow/example_dags/example_subdag_operator.py for tasks to queue
[2021-11-21 15:58:19,654] {logging_mixin.py:104} INFO - [2021-11-21 15:58:19,635] {dagbag.py:487} INFO - Filling up the DagBag from /home/airflow/sandbox/lib/python3.8/site-packages/airflow/example_dags/example_subdag_operator.py
[2021-11-21 15:58:19,760] {scheduler_job.py:643} INFO - DAG(s) dict_keys(['example_subdag_operator.section-1', 'example_subdag_operator.section-2', 'example_subdag_operator']) retrieved from /home/airflow/sandbox/lib/python3.8/site-packages/airflow/example_dags/example_subdag_operator.py
[2021-11-21 15:58:19,777] {logging_mixin.py:104} INFO - [2021-11-21 15:58:19,777] {dag.py:1832} INFO - Sync 3 DAGs
[2021-11-21 15:58:19,798] {logging_mixin.py:104} INFO - [2021-11-21 15:58:19,798] {dag.py:2305} INFO - Setting next_dagrun for example_subdag_operator to 2021-11-19 00:00:00+00:00
[2021-11-21 15:58:19,803] {logging_mixin.py:104} INFO - [2021-11-21 15:58:19,803] {dag.py:2305} INFO - Setting next_dagrun for example_subdag_operator.section-1 to None
[2021-11-21 15:58:19,804] {logging_mixin.py:104} INFO - [2021-11-21 15:58:19,804] {dag.py:2305} INFO - Setting next_dagrun for example_subdag_operator.section-2 to None
[2021-11-21 15:58:19,858] {logging_mixin.py:104} INFO - [2021-11-21 15:58:19,858] {dag.py:1832} INFO - Sync 2 DAGs
[2021-11-21 15:58:19,866] {logging_mixin.py:104} INFO - [2021-11-21 15:58:19,866] {dag.py:2305} INFO - Setting next_dagrun for example_subdag_operator.section-1 to None
[2021-11-21 15:58:19,866] {logging_mixin.py:104} INFO - [2021-11-21 15:58:19,866] {dag.py:2305} INFO - Setting next_dagrun for example_subdag_operator.section-2 to None
[2021-11-21 15:58:19,907] {scheduler_job.py:190} INFO - Processing /home/airflow/sandbox/lib/python3.8/site-packages/airflow/example_dags/example_subdag_operator.py took 0.298 seconds
[2021-11-21 15:59:17,834] {scheduler_job.py:182} INFO - Started process (PID=5436) to work on /home/airflow/sandbox/lib/python3.8/site-packages/airflow/example_dags/example_subdag_operator.py
[2021-11-21 15:59:17,844] {scheduler_job.py:633} INFO - Processing file /home/airflow/sandbox/lib/python3.8/site-packages/airflow/example_dags/example_subdag_operator.py for tasks to queue
[2021-11-21 15:59:17,845] {logging_mixin.py:104} INFO - [2021-11-21 15:59:17,845] {dagbag.py:487} INFO - Filling up the DagBag from /home/airflow/sandbox/lib/python3.8/site-packages/airflow/example_dags/example_subdag_operator.py
[2021-11-21 15:59:18,048] {scheduler_job.py:643} INFO - DAG(s) dict_keys(['example_subdag_operator.section-1', 'example_subdag_operator.section-2', 'example_subdag_operator']) retrieved from /home/airflow/sandbox/lib/python3.8/site-packages/airflow/example_dags/example_subdag_operator.py
[2021-11-21 15:59:18,120] {logging_mixin.py:104} INFO - [2021-11-21 15:59:18,120] {dag.py:1832} INFO - Sync 3 DAGs
[2021-11-21 15:59:18,181] {logging_mixin.py:104} INFO - [2021-11-21 15:59:18,181] {dag.py:2305} INFO - Setting next_dagrun for example_subdag_operator to 2021-11-19 00:00:00+00:00
[2021-11-21 15:59:18,189] {logging_mixin.py:104} INFO - [2021-11-21 15:59:18,189] {dag.py:2305} INFO - Setting next_dagrun for example_subdag_operator.section-1 to None
[2021-11-21 15:59:18,195] {logging_mixin.py:104} INFO - [2021-11-21 15:59:18,194] {dag.py:2305} INFO - Setting next_dagrun for example_subdag_operator.section-2 to None
[2021-11-21 15:59:18,260] {logging_mixin.py:104} INFO - [2021-11-21 15:59:18,260] {dag.py:1832} INFO - Sync 2 DAGs
[2021-11-21 15:59:18,280] {logging_mixin.py:104} INFO - [2021-11-21 15:59:18,279] {dag.py:2305} INFO - Setting next_dagrun for example_subdag_operator.section-1 to None
[2021-11-21 15:59:18,289] {logging_mixin.py:104} INFO - [2021-11-21 15:59:18,289] {dag.py:2305} INFO - Setting next_dagrun for example_subdag_operator.section-2 to None
[2021-11-21 15:59:18,320] {scheduler_job.py:190} INFO - Processing /home/airflow/sandbox/lib/python3.8/site-packages/airflow/example_dags/example_subdag_operator.py took 0.498 seconds
[2021-11-21 16:00:12,992] {scheduler_job.py:182} INFO - Started process (PID=5530) to work on /home/airflow/sandbox/lib/python3.8/site-packages/airflow/example_dags/example_subdag_operator.py
[2021-11-21 16:00:13,007] {scheduler_job.py:633} INFO - Processing file /home/airflow/sandbox/lib/python3.8/site-packages/airflow/example_dags/example_subdag_operator.py for tasks to queue
[2021-11-21 16:00:13,009] {logging_mixin.py:104} INFO - [2021-11-21 16:00:13,008] {dagbag.py:487} INFO - Filling up the DagBag from /home/airflow/sandbox/lib/python3.8/site-packages/airflow/example_dags/example_subdag_operator.py
[2021-11-21 16:00:13,156] {scheduler_job.py:643} INFO - DAG(s) dict_keys(['example_subdag_operator.section-1', 'example_subdag_operator.section-2', 'example_subdag_operator']) retrieved from /home/airflow/sandbox/lib/python3.8/site-packages/airflow/example_dags/example_subdag_operator.py
[2021-11-21 16:00:13,221] {logging_mixin.py:104} INFO - [2021-11-21 16:00:13,220] {dag.py:1832} INFO - Sync 3 DAGs
[2021-11-21 16:00:13,305] {logging_mixin.py:104} INFO - [2021-11-21 16:00:13,305] {dag.py:2305} INFO - Setting next_dagrun for example_subdag_operator to 2021-11-19 00:00:00+00:00
[2021-11-21 16:00:13,312] {logging_mixin.py:104} INFO - [2021-11-21 16:00:13,312] {dag.py:2305} INFO - Setting next_dagrun for example_subdag_operator.section-1 to None
[2021-11-21 16:00:13,312] {logging_mixin.py:104} INFO - [2021-11-21 16:00:13,312] {dag.py:2305} INFO - Setting next_dagrun for example_subdag_operator.section-2 to None
[2021-11-21 16:00:13,438] {logging_mixin.py:104} INFO - [2021-11-21 16:00:13,438] {dag.py:1832} INFO - Sync 2 DAGs
[2021-11-21 16:00:13,483] {logging_mixin.py:104} INFO - [2021-11-21 16:00:13,482] {dag.py:2305} INFO - Setting next_dagrun for example_subdag_operator.section-1 to None
[2021-11-21 16:00:13,488] {logging_mixin.py:104} INFO - [2021-11-21 16:00:13,488] {dag.py:2305} INFO - Setting next_dagrun for example_subdag_operator.section-2 to None
[2021-11-21 16:00:13,611] {scheduler_job.py:190} INFO - Processing /home/airflow/sandbox/lib/python3.8/site-packages/airflow/example_dags/example_subdag_operator.py took 0.629 seconds
[2021-11-21 16:01:18,898] {scheduler_job.py:182} INFO - Started process (PID=5647) to work on /home/airflow/sandbox/lib/python3.8/site-packages/airflow/example_dags/example_subdag_operator.py
[2021-11-21 16:01:18,908] {scheduler_job.py:633} INFO - Processing file /home/airflow/sandbox/lib/python3.8/site-packages/airflow/example_dags/example_subdag_operator.py for tasks to queue
[2021-11-21 16:01:18,910] {logging_mixin.py:104} INFO - [2021-11-21 16:01:18,910] {dagbag.py:487} INFO - Filling up the DagBag from /home/airflow/sandbox/lib/python3.8/site-packages/airflow/example_dags/example_subdag_operator.py
[2021-11-21 16:01:19,013] {scheduler_job.py:643} INFO - DAG(s) dict_keys(['example_subdag_operator.section-1', 'example_subdag_operator.section-2', 'example_subdag_operator']) retrieved from /home/airflow/sandbox/lib/python3.8/site-packages/airflow/example_dags/example_subdag_operator.py
[2021-11-21 16:01:19,039] {logging_mixin.py:104} INFO - [2021-11-21 16:01:19,039] {dag.py:1832} INFO - Sync 3 DAGs
[2021-11-21 16:01:19,079] {logging_mixin.py:104} INFO - [2021-11-21 16:01:19,079] {dag.py:2305} INFO - Setting next_dagrun for example_subdag_operator to 2021-11-19 00:00:00+00:00
[2021-11-21 16:01:19,087] {logging_mixin.py:104} INFO - [2021-11-21 16:01:19,087] {dag.py:2305} INFO - Setting next_dagrun for example_subdag_operator.section-1 to None
[2021-11-21 16:01:19,090] {logging_mixin.py:104} INFO - [2021-11-21 16:01:19,090] {dag.py:2305} INFO - Setting next_dagrun for example_subdag_operator.section-2 to None
[2021-11-21 16:01:19,154] {logging_mixin.py:104} INFO - [2021-11-21 16:01:19,153] {dag.py:1832} INFO - Sync 2 DAGs
[2021-11-21 16:01:19,177] {logging_mixin.py:104} INFO - [2021-11-21 16:01:19,177] {dag.py:2305} INFO - Setting next_dagrun for example_subdag_operator.section-1 to None
[2021-11-21 16:01:19,185] {logging_mixin.py:104} INFO - [2021-11-21 16:01:19,185] {dag.py:2305} INFO - Setting next_dagrun for example_subdag_operator.section-2 to None
[2021-11-21 16:01:19,227] {scheduler_job.py:190} INFO - Processing /home/airflow/sandbox/lib/python3.8/site-packages/airflow/example_dags/example_subdag_operator.py took 0.348 seconds
[2021-11-21 16:02:18,300] {scheduler_job.py:182} INFO - Started process (PID=5750) to work on /home/airflow/sandbox/lib/python3.8/site-packages/airflow/example_dags/example_subdag_operator.py
[2021-11-21 16:02:18,327] {scheduler_job.py:633} INFO - Processing file /home/airflow/sandbox/lib/python3.8/site-packages/airflow/example_dags/example_subdag_operator.py for tasks to queue
[2021-11-21 16:02:18,329] {logging_mixin.py:104} INFO - [2021-11-21 16:02:18,329] {dagbag.py:487} INFO - Filling up the DagBag from /home/airflow/sandbox/lib/python3.8/site-packages/airflow/example_dags/example_subdag_operator.py
[2021-11-21 16:02:18,459] {scheduler_job.py:643} INFO - DAG(s) dict_keys(['example_subdag_operator.section-1', 'example_subdag_operator.section-2', 'example_subdag_operator']) retrieved from /home/airflow/sandbox/lib/python3.8/site-packages/airflow/example_dags/example_subdag_operator.py
[2021-11-21 16:02:18,486] {logging_mixin.py:104} INFO - [2021-11-21 16:02:18,486] {dag.py:1832} INFO - Sync 3 DAGs
[2021-11-21 16:02:18,509] {logging_mixin.py:104} INFO - [2021-11-21 16:02:18,509] {dag.py:2305} INFO - Setting next_dagrun for example_subdag_operator to 2021-11-19 00:00:00+00:00
[2021-11-21 16:02:18,523] {logging_mixin.py:104} INFO - [2021-11-21 16:02:18,523] {dag.py:2305} INFO - Setting next_dagrun for example_subdag_operator.section-1 to None
[2021-11-21 16:02:18,523] {logging_mixin.py:104} INFO - [2021-11-21 16:02:18,523] {dag.py:2305} INFO - Setting next_dagrun for example_subdag_operator.section-2 to None
[2021-11-21 16:02:18,585] {logging_mixin.py:104} INFO - [2021-11-21 16:02:18,584] {dag.py:1832} INFO - Sync 2 DAGs
[2021-11-21 16:02:18,618] {logging_mixin.py:104} INFO - [2021-11-21 16:02:18,618] {dag.py:2305} INFO - Setting next_dagrun for example_subdag_operator.section-1 to None
[2021-11-21 16:02:18,622] {logging_mixin.py:104} INFO - [2021-11-21 16:02:18,622] {dag.py:2305} INFO - Setting next_dagrun for example_subdag_operator.section-2 to None
[2021-11-21 16:02:18,658] {scheduler_job.py:190} INFO - Processing /home/airflow/sandbox/lib/python3.8/site-packages/airflow/example_dags/example_subdag_operator.py took 0.381 seconds
[2021-11-21 16:03:12,417] {scheduler_job.py:182} INFO - Started process (PID=5788) to work on /home/airflow/sandbox/lib/python3.8/site-packages/airflow/example_dags/example_subdag_operator.py
[2021-11-21 16:03:12,426] {scheduler_job.py:633} INFO - Processing file /home/airflow/sandbox/lib/python3.8/site-packages/airflow/example_dags/example_subdag_operator.py for tasks to queue
[2021-11-21 16:03:12,429] {logging_mixin.py:104} INFO - [2021-11-21 16:03:12,429] {dagbag.py:487} INFO - Filling up the DagBag from /home/airflow/sandbox/lib/python3.8/site-packages/airflow/example_dags/example_subdag_operator.py
[2021-11-21 16:03:12,578] {scheduler_job.py:643} INFO - DAG(s) dict_keys(['example_subdag_operator.section-1', 'example_subdag_operator.section-2', 'example_subdag_operator']) retrieved from /home/airflow/sandbox/lib/python3.8/site-packages/airflow/example_dags/example_subdag_operator.py
[2021-11-21 16:03:12,609] {logging_mixin.py:104} INFO - [2021-11-21 16:03:12,609] {dag.py:1832} INFO - Sync 3 DAGs
[2021-11-21 16:03:12,636] {logging_mixin.py:104} INFO - [2021-11-21 16:03:12,633] {dag.py:2305} INFO - Setting next_dagrun for example_subdag_operator to 2021-11-19 00:00:00+00:00
[2021-11-21 16:03:12,642] {logging_mixin.py:104} INFO - [2021-11-21 16:03:12,642] {dag.py:2305} INFO - Setting next_dagrun for example_subdag_operator.section-1 to None
[2021-11-21 16:03:12,642] {logging_mixin.py:104} INFO - [2021-11-21 16:03:12,642] {dag.py:2305} INFO - Setting next_dagrun for example_subdag_operator.section-2 to None
[2021-11-21 16:03:12,707] {logging_mixin.py:104} INFO - [2021-11-21 16:03:12,706] {dag.py:1832} INFO - Sync 2 DAGs
[2021-11-21 16:03:12,717] {logging_mixin.py:104} INFO - [2021-11-21 16:03:12,717] {dag.py:2305} INFO - Setting next_dagrun for example_subdag_operator.section-1 to None
[2021-11-21 16:03:12,717] {logging_mixin.py:104} INFO - [2021-11-21 16:03:12,717] {dag.py:2305} INFO - Setting next_dagrun for example_subdag_operator.section-2 to None
[2021-11-21 16:03:12,772] {scheduler_job.py:190} INFO - Processing /home/airflow/sandbox/lib/python3.8/site-packages/airflow/example_dags/example_subdag_operator.py took 0.372 seconds
[2021-11-21 16:04:04,532] {scheduler_job.py:182} INFO - Started process (PID=5866) to work on /home/airflow/sandbox/lib/python3.8/site-packages/airflow/example_dags/example_subdag_operator.py
[2021-11-21 16:04:04,547] {scheduler_job.py:633} INFO - Processing file /home/airflow/sandbox/lib/python3.8/site-packages/airflow/example_dags/example_subdag_operator.py for tasks to queue
[2021-11-21 16:04:04,550] {logging_mixin.py:104} INFO - [2021-11-21 16:04:04,548] {dagbag.py:487} INFO - Filling up the DagBag from /home/airflow/sandbox/lib/python3.8/site-packages/airflow/example_dags/example_subdag_operator.py
[2021-11-21 16:04:04,627] {scheduler_job.py:643} INFO - DAG(s) dict_keys(['example_subdag_operator.section-1', 'example_subdag_operator.section-2', 'example_subdag_operator']) retrieved from /home/airflow/sandbox/lib/python3.8/site-packages/airflow/example_dags/example_subdag_operator.py
[2021-11-21 16:04:04,654] {logging_mixin.py:104} INFO - [2021-11-21 16:04:04,654] {dag.py:1832} INFO - Sync 3 DAGs
[2021-11-21 16:04:04,721] {logging_mixin.py:104} INFO - [2021-11-21 16:04:04,721] {dag.py:2305} INFO - Setting next_dagrun for example_subdag_operator to 2021-11-19 00:00:00+00:00
[2021-11-21 16:04:04,727] {logging_mixin.py:104} INFO - [2021-11-21 16:04:04,727] {dag.py:2305} INFO - Setting next_dagrun for example_subdag_operator.section-1 to None
[2021-11-21 16:04:04,728] {logging_mixin.py:104} INFO - [2021-11-21 16:04:04,728] {dag.py:2305} INFO - Setting next_dagrun for example_subdag_operator.section-2 to None
[2021-11-21 16:04:04,796] {logging_mixin.py:104} INFO - [2021-11-21 16:04:04,796] {dag.py:1832} INFO - Sync 2 DAGs
[2021-11-21 16:04:04,812] {logging_mixin.py:104} INFO - [2021-11-21 16:04:04,811] {dag.py:2305} INFO - Setting next_dagrun for example_subdag_operator.section-1 to None
[2021-11-21 16:04:04,816] {logging_mixin.py:104} INFO - [2021-11-21 16:04:04,816] {dag.py:2305} INFO - Setting next_dagrun for example_subdag_operator.section-2 to None
[2021-11-21 16:04:04,850] {scheduler_job.py:190} INFO - Processing /home/airflow/sandbox/lib/python3.8/site-packages/airflow/example_dags/example_subdag_operator.py took 0.328 seconds
[2021-11-21 16:04:53,846] {scheduler_job.py:182} INFO - Started process (PID=5901) to work on /home/airflow/sandbox/lib/python3.8/site-packages/airflow/example_dags/example_subdag_operator.py
[2021-11-21 16:04:53,853] {scheduler_job.py:633} INFO - Processing file /home/airflow/sandbox/lib/python3.8/site-packages/airflow/example_dags/example_subdag_operator.py for tasks to queue
[2021-11-21 16:04:53,853] {logging_mixin.py:104} INFO - [2021-11-21 16:04:53,853] {dagbag.py:487} INFO - Filling up the DagBag from /home/airflow/sandbox/lib/python3.8/site-packages/airflow/example_dags/example_subdag_operator.py
[2021-11-21 16:04:53,933] {scheduler_job.py:643} INFO - DAG(s) dict_keys(['example_subdag_operator.section-1', 'example_subdag_operator.section-2', 'example_subdag_operator']) retrieved from /home/airflow/sandbox/lib/python3.8/site-packages/airflow/example_dags/example_subdag_operator.py
[2021-11-21 16:04:53,960] {logging_mixin.py:104} INFO - [2021-11-21 16:04:53,960] {dag.py:1832} INFO - Sync 3 DAGs
[2021-11-21 16:04:54,001] {logging_mixin.py:104} INFO - [2021-11-21 16:04:53,994] {dag.py:2305} INFO - Setting next_dagrun for example_subdag_operator to 2021-11-19 00:00:00+00:00
[2021-11-21 16:04:54,006] {logging_mixin.py:104} INFO - [2021-11-21 16:04:54,006] {dag.py:2305} INFO - Setting next_dagrun for example_subdag_operator.section-1 to None
[2021-11-21 16:04:54,006] {logging_mixin.py:104} INFO - [2021-11-21 16:04:54,006] {dag.py:2305} INFO - Setting next_dagrun for example_subdag_operator.section-2 to None
[2021-11-21 16:04:54,083] {logging_mixin.py:104} INFO - [2021-11-21 16:04:54,082] {dag.py:1832} INFO - Sync 2 DAGs
[2021-11-21 16:04:54,142] {logging_mixin.py:104} INFO - [2021-11-21 16:04:54,142] {dag.py:2305} INFO - Setting next_dagrun for example_subdag_operator.section-1 to None
[2021-11-21 16:04:54,148] {logging_mixin.py:104} INFO - [2021-11-21 16:04:54,148] {dag.py:2305} INFO - Setting next_dagrun for example_subdag_operator.section-2 to None
[2021-11-21 16:04:54,207] {scheduler_job.py:190} INFO - Processing /home/airflow/sandbox/lib/python3.8/site-packages/airflow/example_dags/example_subdag_operator.py took 0.367 seconds
[2021-11-21 16:05:46,290] {scheduler_job.py:182} INFO - Started process (PID=5935) to work on /home/airflow/sandbox/lib/python3.8/site-packages/airflow/example_dags/example_subdag_operator.py
[2021-11-21 16:05:46,300] {scheduler_job.py:633} INFO - Processing file /home/airflow/sandbox/lib/python3.8/site-packages/airflow/example_dags/example_subdag_operator.py for tasks to queue
[2021-11-21 16:05:46,301] {logging_mixin.py:104} INFO - [2021-11-21 16:05:46,301] {dagbag.py:487} INFO - Filling up the DagBag from /home/airflow/sandbox/lib/python3.8/site-packages/airflow/example_dags/example_subdag_operator.py
[2021-11-21 16:05:46,453] {scheduler_job.py:643} INFO - DAG(s) dict_keys(['example_subdag_operator.section-1', 'example_subdag_operator.section-2', 'example_subdag_operator']) retrieved from /home/airflow/sandbox/lib/python3.8/site-packages/airflow/example_dags/example_subdag_operator.py
[2021-11-21 16:05:46,478] {logging_mixin.py:104} INFO - [2021-11-21 16:05:46,478] {dag.py:1832} INFO - Sync 3 DAGs
[2021-11-21 16:05:46,504] {logging_mixin.py:104} INFO - [2021-11-21 16:05:46,503] {dag.py:2305} INFO - Setting next_dagrun for example_subdag_operator to 2021-11-19 00:00:00+00:00
[2021-11-21 16:05:46,517] {logging_mixin.py:104} INFO - [2021-11-21 16:05:46,517] {dag.py:2305} INFO - Setting next_dagrun for example_subdag_operator.section-1 to None
[2021-11-21 16:05:46,518] {logging_mixin.py:104} INFO - [2021-11-21 16:05:46,518] {dag.py:2305} INFO - Setting next_dagrun for example_subdag_operator.section-2 to None
[2021-11-21 16:05:46,570] {logging_mixin.py:104} INFO - [2021-11-21 16:05:46,570] {dag.py:1832} INFO - Sync 2 DAGs
[2021-11-21 16:05:46,588] {logging_mixin.py:104} INFO - [2021-11-21 16:05:46,588] {dag.py:2305} INFO - Setting next_dagrun for example_subdag_operator.section-1 to None
[2021-11-21 16:05:46,593] {logging_mixin.py:104} INFO - [2021-11-21 16:05:46,593] {dag.py:2305} INFO - Setting next_dagrun for example_subdag_operator.section-2 to None
[2021-11-21 16:05:46,637] {scheduler_job.py:190} INFO - Processing /home/airflow/sandbox/lib/python3.8/site-packages/airflow/example_dags/example_subdag_operator.py took 0.358 seconds
