[2021-11-21 15:44:36,681] {scheduler_job.py:182} INFO - Started process (PID=3847) to work on /home/airflow/sandbox/lib/python3.8/site-packages/airflow/example_dags/example_kubernetes_executor_config.py
[2021-11-21 15:44:36,711] {scheduler_job.py:633} INFO - Processing file /home/airflow/sandbox/lib/python3.8/site-packages/airflow/example_dags/example_kubernetes_executor_config.py for tasks to queue
[2021-11-21 15:44:36,714] {logging_mixin.py:104} INFO - [2021-11-21 15:44:36,713] {dagbag.py:487} INFO - Filling up the DagBag from /home/airflow/sandbox/lib/python3.8/site-packages/airflow/example_dags/example_kubernetes_executor_config.py
[2021-11-21 15:44:36,830] {logging_mixin.py:104} INFO - [2021-11-21 15:44:36,829] {example_kubernetes_executor_config.py:175} WARNING - Could not import DAGs in example_kubernetes_executor_config.py: No module named 'kubernetes'
[2021-11-21 15:44:36,834] {logging_mixin.py:104} INFO - [2021-11-21 15:44:36,834] {example_kubernetes_executor_config.py:176} WARNING - Install kubernetes dependencies with: pip install apache-airflow['cncf.kubernetes']
[2021-11-21 15:44:36,835] {scheduler_job.py:645} WARNING - No viable dags retrieved from /home/airflow/sandbox/lib/python3.8/site-packages/airflow/example_dags/example_kubernetes_executor_config.py
[2021-11-21 15:44:36,932] {scheduler_job.py:190} INFO - Processing /home/airflow/sandbox/lib/python3.8/site-packages/airflow/example_dags/example_kubernetes_executor_config.py took 0.287 seconds
[2021-11-21 15:45:27,976] {scheduler_job.py:182} INFO - Started process (PID=3879) to work on /home/airflow/sandbox/lib/python3.8/site-packages/airflow/example_dags/example_kubernetes_executor_config.py
[2021-11-21 15:45:27,985] {scheduler_job.py:633} INFO - Processing file /home/airflow/sandbox/lib/python3.8/site-packages/airflow/example_dags/example_kubernetes_executor_config.py for tasks to queue
[2021-11-21 15:45:27,986] {logging_mixin.py:104} INFO - [2021-11-21 15:45:27,986] {dagbag.py:487} INFO - Filling up the DagBag from /home/airflow/sandbox/lib/python3.8/site-packages/airflow/example_dags/example_kubernetes_executor_config.py
[2021-11-21 15:45:28,094] {logging_mixin.py:104} INFO - [2021-11-21 15:45:28,094] {example_kubernetes_executor_config.py:175} WARNING - Could not import DAGs in example_kubernetes_executor_config.py: No module named 'kubernetes'
[2021-11-21 15:45:28,095] {logging_mixin.py:104} INFO - [2021-11-21 15:45:28,095] {example_kubernetes_executor_config.py:176} WARNING - Install kubernetes dependencies with: pip install apache-airflow['cncf.kubernetes']
[2021-11-21 15:45:28,121] {scheduler_job.py:645} WARNING - No viable dags retrieved from /home/airflow/sandbox/lib/python3.8/site-packages/airflow/example_dags/example_kubernetes_executor_config.py
[2021-11-21 15:45:28,201] {scheduler_job.py:190} INFO - Processing /home/airflow/sandbox/lib/python3.8/site-packages/airflow/example_dags/example_kubernetes_executor_config.py took 0.258 seconds
[2021-11-21 15:46:32,437] {scheduler_job.py:182} INFO - Started process (PID=3978) to work on /home/airflow/sandbox/lib/python3.8/site-packages/airflow/example_dags/example_kubernetes_executor_config.py
[2021-11-21 15:46:32,463] {scheduler_job.py:633} INFO - Processing file /home/airflow/sandbox/lib/python3.8/site-packages/airflow/example_dags/example_kubernetes_executor_config.py for tasks to queue
[2021-11-21 15:46:32,486] {logging_mixin.py:104} INFO - [2021-11-21 15:46:32,485] {dagbag.py:487} INFO - Filling up the DagBag from /home/airflow/sandbox/lib/python3.8/site-packages/airflow/example_dags/example_kubernetes_executor_config.py
[2021-11-21 15:46:32,553] {logging_mixin.py:104} INFO - [2021-11-21 15:46:32,553] {example_kubernetes_executor_config.py:175} WARNING - Could not import DAGs in example_kubernetes_executor_config.py: No module named 'kubernetes'
[2021-11-21 15:46:32,558] {logging_mixin.py:104} INFO - [2021-11-21 15:46:32,558] {example_kubernetes_executor_config.py:176} WARNING - Install kubernetes dependencies with: pip install apache-airflow['cncf.kubernetes']
[2021-11-21 15:46:32,559] {scheduler_job.py:645} WARNING - No viable dags retrieved from /home/airflow/sandbox/lib/python3.8/site-packages/airflow/example_dags/example_kubernetes_executor_config.py
[2021-11-21 15:46:32,689] {scheduler_job.py:190} INFO - Processing /home/airflow/sandbox/lib/python3.8/site-packages/airflow/example_dags/example_kubernetes_executor_config.py took 0.265 seconds
[2021-11-21 15:47:56,297] {scheduler_job.py:182} INFO - Started process (PID=4025) to work on /home/airflow/sandbox/lib/python3.8/site-packages/airflow/example_dags/example_kubernetes_executor_config.py
[2021-11-21 15:47:56,307] {scheduler_job.py:633} INFO - Processing file /home/airflow/sandbox/lib/python3.8/site-packages/airflow/example_dags/example_kubernetes_executor_config.py for tasks to queue
[2021-11-21 15:47:56,309] {logging_mixin.py:104} INFO - [2021-11-21 15:47:56,309] {dagbag.py:487} INFO - Filling up the DagBag from /home/airflow/sandbox/lib/python3.8/site-packages/airflow/example_dags/example_kubernetes_executor_config.py
[2021-11-21 15:47:56,371] {logging_mixin.py:104} INFO - [2021-11-21 15:47:56,371] {example_kubernetes_executor_config.py:175} WARNING - Could not import DAGs in example_kubernetes_executor_config.py: No module named 'kubernetes'
[2021-11-21 15:47:56,372] {logging_mixin.py:104} INFO - [2021-11-21 15:47:56,372] {example_kubernetes_executor_config.py:176} WARNING - Install kubernetes dependencies with: pip install apache-airflow['cncf.kubernetes']
[2021-11-21 15:47:56,386] {scheduler_job.py:645} WARNING - No viable dags retrieved from /home/airflow/sandbox/lib/python3.8/site-packages/airflow/example_dags/example_kubernetes_executor_config.py
[2021-11-21 15:47:56,453] {scheduler_job.py:190} INFO - Processing /home/airflow/sandbox/lib/python3.8/site-packages/airflow/example_dags/example_kubernetes_executor_config.py took 0.170 seconds
[2021-11-21 15:49:00,192] {scheduler_job.py:182} INFO - Started process (PID=4102) to work on /home/airflow/sandbox/lib/python3.8/site-packages/airflow/example_dags/example_kubernetes_executor_config.py
[2021-11-21 15:49:00,247] {scheduler_job.py:633} INFO - Processing file /home/airflow/sandbox/lib/python3.8/site-packages/airflow/example_dags/example_kubernetes_executor_config.py for tasks to queue
[2021-11-21 15:49:00,250] {logging_mixin.py:104} INFO - [2021-11-21 15:49:00,250] {dagbag.py:487} INFO - Filling up the DagBag from /home/airflow/sandbox/lib/python3.8/site-packages/airflow/example_dags/example_kubernetes_executor_config.py
[2021-11-21 15:49:00,312] {logging_mixin.py:104} INFO - [2021-11-21 15:49:00,312] {example_kubernetes_executor_config.py:175} WARNING - Could not import DAGs in example_kubernetes_executor_config.py: No module named 'kubernetes'
[2021-11-21 15:49:00,317] {logging_mixin.py:104} INFO - [2021-11-21 15:49:00,317] {example_kubernetes_executor_config.py:176} WARNING - Install kubernetes dependencies with: pip install apache-airflow['cncf.kubernetes']
[2021-11-21 15:49:00,318] {scheduler_job.py:645} WARNING - No viable dags retrieved from /home/airflow/sandbox/lib/python3.8/site-packages/airflow/example_dags/example_kubernetes_executor_config.py
[2021-11-21 15:49:00,342] {scheduler_job.py:190} INFO - Processing /home/airflow/sandbox/lib/python3.8/site-packages/airflow/example_dags/example_kubernetes_executor_config.py took 0.168 seconds
[2021-11-21 15:50:02,767] {scheduler_job.py:182} INFO - Started process (PID=4260) to work on /home/airflow/sandbox/lib/python3.8/site-packages/airflow/example_dags/example_kubernetes_executor_config.py
[2021-11-21 15:50:02,801] {scheduler_job.py:633} INFO - Processing file /home/airflow/sandbox/lib/python3.8/site-packages/airflow/example_dags/example_kubernetes_executor_config.py for tasks to queue
[2021-11-21 15:50:02,803] {logging_mixin.py:104} INFO - [2021-11-21 15:50:02,803] {dagbag.py:487} INFO - Filling up the DagBag from /home/airflow/sandbox/lib/python3.8/site-packages/airflow/example_dags/example_kubernetes_executor_config.py
[2021-11-21 15:50:03,086] {logging_mixin.py:104} INFO - [2021-11-21 15:50:03,086] {example_kubernetes_executor_config.py:175} WARNING - Could not import DAGs in example_kubernetes_executor_config.py: No module named 'kubernetes'
[2021-11-21 15:50:03,092] {logging_mixin.py:104} INFO - [2021-11-21 15:50:03,092] {example_kubernetes_executor_config.py:176} WARNING - Install kubernetes dependencies with: pip install apache-airflow['cncf.kubernetes']
[2021-11-21 15:50:03,093] {scheduler_job.py:645} WARNING - No viable dags retrieved from /home/airflow/sandbox/lib/python3.8/site-packages/airflow/example_dags/example_kubernetes_executor_config.py
[2021-11-21 15:50:03,308] {scheduler_job.py:190} INFO - Processing /home/airflow/sandbox/lib/python3.8/site-packages/airflow/example_dags/example_kubernetes_executor_config.py took 0.570 seconds
[2021-11-21 15:51:08,295] {scheduler_job.py:182} INFO - Started process (PID=4438) to work on /home/airflow/sandbox/lib/python3.8/site-packages/airflow/example_dags/example_kubernetes_executor_config.py
[2021-11-21 15:51:08,322] {scheduler_job.py:633} INFO - Processing file /home/airflow/sandbox/lib/python3.8/site-packages/airflow/example_dags/example_kubernetes_executor_config.py for tasks to queue
[2021-11-21 15:51:08,339] {logging_mixin.py:104} INFO - [2021-11-21 15:51:08,338] {dagbag.py:487} INFO - Filling up the DagBag from /home/airflow/sandbox/lib/python3.8/site-packages/airflow/example_dags/example_kubernetes_executor_config.py
[2021-11-21 15:51:08,470] {logging_mixin.py:104} INFO - [2021-11-21 15:51:08,469] {example_kubernetes_executor_config.py:175} WARNING - Could not import DAGs in example_kubernetes_executor_config.py: No module named 'kubernetes'
[2021-11-21 15:51:08,475] {logging_mixin.py:104} INFO - [2021-11-21 15:51:08,474] {example_kubernetes_executor_config.py:176} WARNING - Install kubernetes dependencies with: pip install apache-airflow['cncf.kubernetes']
[2021-11-21 15:51:08,476] {scheduler_job.py:645} WARNING - No viable dags retrieved from /home/airflow/sandbox/lib/python3.8/site-packages/airflow/example_dags/example_kubernetes_executor_config.py
[2021-11-21 15:51:08,659] {scheduler_job.py:190} INFO - Processing /home/airflow/sandbox/lib/python3.8/site-packages/airflow/example_dags/example_kubernetes_executor_config.py took 0.394 seconds
[2021-11-21 15:52:09,694] {scheduler_job.py:182} INFO - Started process (PID=4532) to work on /home/airflow/sandbox/lib/python3.8/site-packages/airflow/example_dags/example_kubernetes_executor_config.py
[2021-11-21 15:52:09,701] {scheduler_job.py:633} INFO - Processing file /home/airflow/sandbox/lib/python3.8/site-packages/airflow/example_dags/example_kubernetes_executor_config.py for tasks to queue
[2021-11-21 15:52:09,703] {logging_mixin.py:104} INFO - [2021-11-21 15:52:09,703] {dagbag.py:487} INFO - Filling up the DagBag from /home/airflow/sandbox/lib/python3.8/site-packages/airflow/example_dags/example_kubernetes_executor_config.py
[2021-11-21 15:52:09,790] {logging_mixin.py:104} INFO - [2021-11-21 15:52:09,790] {example_kubernetes_executor_config.py:175} WARNING - Could not import DAGs in example_kubernetes_executor_config.py: No module named 'kubernetes'
[2021-11-21 15:52:09,799] {logging_mixin.py:104} INFO - [2021-11-21 15:52:09,799] {example_kubernetes_executor_config.py:176} WARNING - Install kubernetes dependencies with: pip install apache-airflow['cncf.kubernetes']
[2021-11-21 15:52:09,800] {scheduler_job.py:645} WARNING - No viable dags retrieved from /home/airflow/sandbox/lib/python3.8/site-packages/airflow/example_dags/example_kubernetes_executor_config.py
[2021-11-21 15:52:09,836] {scheduler_job.py:190} INFO - Processing /home/airflow/sandbox/lib/python3.8/site-packages/airflow/example_dags/example_kubernetes_executor_config.py took 0.149 seconds
[2021-11-21 15:53:07,967] {scheduler_job.py:182} INFO - Started process (PID=4660) to work on /home/airflow/sandbox/lib/python3.8/site-packages/airflow/example_dags/example_kubernetes_executor_config.py
[2021-11-21 15:53:07,984] {scheduler_job.py:633} INFO - Processing file /home/airflow/sandbox/lib/python3.8/site-packages/airflow/example_dags/example_kubernetes_executor_config.py for tasks to queue
[2021-11-21 15:53:07,986] {logging_mixin.py:104} INFO - [2021-11-21 15:53:07,986] {dagbag.py:487} INFO - Filling up the DagBag from /home/airflow/sandbox/lib/python3.8/site-packages/airflow/example_dags/example_kubernetes_executor_config.py
[2021-11-21 15:53:08,150] {logging_mixin.py:104} INFO - [2021-11-21 15:53:08,150] {example_kubernetes_executor_config.py:175} WARNING - Could not import DAGs in example_kubernetes_executor_config.py: No module named 'kubernetes'
[2021-11-21 15:53:08,196] {logging_mixin.py:104} INFO - [2021-11-21 15:53:08,196] {example_kubernetes_executor_config.py:176} WARNING - Install kubernetes dependencies with: pip install apache-airflow['cncf.kubernetes']
[2021-11-21 15:53:08,197] {scheduler_job.py:645} WARNING - No viable dags retrieved from /home/airflow/sandbox/lib/python3.8/site-packages/airflow/example_dags/example_kubernetes_executor_config.py
[2021-11-21 15:53:08,345] {scheduler_job.py:190} INFO - Processing /home/airflow/sandbox/lib/python3.8/site-packages/airflow/example_dags/example_kubernetes_executor_config.py took 0.417 seconds
[2021-11-21 15:54:18,877] {scheduler_job.py:182} INFO - Started process (PID=4889) to work on /home/airflow/sandbox/lib/python3.8/site-packages/airflow/example_dags/example_kubernetes_executor_config.py
[2021-11-21 15:54:18,885] {scheduler_job.py:633} INFO - Processing file /home/airflow/sandbox/lib/python3.8/site-packages/airflow/example_dags/example_kubernetes_executor_config.py for tasks to queue
[2021-11-21 15:54:18,886] {logging_mixin.py:104} INFO - [2021-11-21 15:54:18,886] {dagbag.py:487} INFO - Filling up the DagBag from /home/airflow/sandbox/lib/python3.8/site-packages/airflow/example_dags/example_kubernetes_executor_config.py
[2021-11-21 15:54:18,927] {logging_mixin.py:104} INFO - [2021-11-21 15:54:18,927] {example_kubernetes_executor_config.py:175} WARNING - Could not import DAGs in example_kubernetes_executor_config.py: No module named 'kubernetes'
[2021-11-21 15:54:18,933] {logging_mixin.py:104} INFO - [2021-11-21 15:54:18,933] {example_kubernetes_executor_config.py:176} WARNING - Install kubernetes dependencies with: pip install apache-airflow['cncf.kubernetes']
[2021-11-21 15:54:18,943] {scheduler_job.py:645} WARNING - No viable dags retrieved from /home/airflow/sandbox/lib/python3.8/site-packages/airflow/example_dags/example_kubernetes_executor_config.py
[2021-11-21 15:54:18,962] {scheduler_job.py:190} INFO - Processing /home/airflow/sandbox/lib/python3.8/site-packages/airflow/example_dags/example_kubernetes_executor_config.py took 0.092 seconds
[2021-11-21 15:55:23,493] {scheduler_job.py:182} INFO - Started process (PID=4992) to work on /home/airflow/sandbox/lib/python3.8/site-packages/airflow/example_dags/example_kubernetes_executor_config.py
[2021-11-21 15:55:23,508] {scheduler_job.py:633} INFO - Processing file /home/airflow/sandbox/lib/python3.8/site-packages/airflow/example_dags/example_kubernetes_executor_config.py for tasks to queue
[2021-11-21 15:55:23,510] {logging_mixin.py:104} INFO - [2021-11-21 15:55:23,510] {dagbag.py:487} INFO - Filling up the DagBag from /home/airflow/sandbox/lib/python3.8/site-packages/airflow/example_dags/example_kubernetes_executor_config.py
[2021-11-21 15:55:23,614] {logging_mixin.py:104} INFO - [2021-11-21 15:55:23,614] {example_kubernetes_executor_config.py:175} WARNING - Could not import DAGs in example_kubernetes_executor_config.py: No module named 'kubernetes'
[2021-11-21 15:55:23,617] {logging_mixin.py:104} INFO - [2021-11-21 15:55:23,617] {example_kubernetes_executor_config.py:176} WARNING - Install kubernetes dependencies with: pip install apache-airflow['cncf.kubernetes']
[2021-11-21 15:55:23,617] {scheduler_job.py:645} WARNING - No viable dags retrieved from /home/airflow/sandbox/lib/python3.8/site-packages/airflow/example_dags/example_kubernetes_executor_config.py
[2021-11-21 15:55:23,643] {scheduler_job.py:190} INFO - Processing /home/airflow/sandbox/lib/python3.8/site-packages/airflow/example_dags/example_kubernetes_executor_config.py took 0.160 seconds
[2021-11-21 15:56:20,742] {scheduler_job.py:182} INFO - Started process (PID=5089) to work on /home/airflow/sandbox/lib/python3.8/site-packages/airflow/example_dags/example_kubernetes_executor_config.py
[2021-11-21 15:56:20,754] {scheduler_job.py:633} INFO - Processing file /home/airflow/sandbox/lib/python3.8/site-packages/airflow/example_dags/example_kubernetes_executor_config.py for tasks to queue
[2021-11-21 15:56:20,755] {logging_mixin.py:104} INFO - [2021-11-21 15:56:20,755] {dagbag.py:487} INFO - Filling up the DagBag from /home/airflow/sandbox/lib/python3.8/site-packages/airflow/example_dags/example_kubernetes_executor_config.py
[2021-11-21 15:56:20,805] {logging_mixin.py:104} INFO - [2021-11-21 15:56:20,804] {example_kubernetes_executor_config.py:175} WARNING - Could not import DAGs in example_kubernetes_executor_config.py: No module named 'kubernetes'
[2021-11-21 15:56:20,817] {logging_mixin.py:104} INFO - [2021-11-21 15:56:20,817] {example_kubernetes_executor_config.py:176} WARNING - Install kubernetes dependencies with: pip install apache-airflow['cncf.kubernetes']
[2021-11-21 15:56:20,820] {scheduler_job.py:645} WARNING - No viable dags retrieved from /home/airflow/sandbox/lib/python3.8/site-packages/airflow/example_dags/example_kubernetes_executor_config.py
[2021-11-21 15:56:20,865] {scheduler_job.py:190} INFO - Processing /home/airflow/sandbox/lib/python3.8/site-packages/airflow/example_dags/example_kubernetes_executor_config.py took 0.130 seconds
[2021-11-21 15:57:18,239] {scheduler_job.py:182} INFO - Started process (PID=5145) to work on /home/airflow/sandbox/lib/python3.8/site-packages/airflow/example_dags/example_kubernetes_executor_config.py
[2021-11-21 15:57:18,271] {scheduler_job.py:633} INFO - Processing file /home/airflow/sandbox/lib/python3.8/site-packages/airflow/example_dags/example_kubernetes_executor_config.py for tasks to queue
[2021-11-21 15:57:18,289] {logging_mixin.py:104} INFO - [2021-11-21 15:57:18,273] {dagbag.py:487} INFO - Filling up the DagBag from /home/airflow/sandbox/lib/python3.8/site-packages/airflow/example_dags/example_kubernetes_executor_config.py
[2021-11-21 15:57:18,522] {logging_mixin.py:104} INFO - [2021-11-21 15:57:18,521] {example_kubernetes_executor_config.py:175} WARNING - Could not import DAGs in example_kubernetes_executor_config.py: No module named 'kubernetes'
[2021-11-21 15:57:18,528] {logging_mixin.py:104} INFO - [2021-11-21 15:57:18,528] {example_kubernetes_executor_config.py:176} WARNING - Install kubernetes dependencies with: pip install apache-airflow['cncf.kubernetes']
[2021-11-21 15:57:18,529] {scheduler_job.py:645} WARNING - No viable dags retrieved from /home/airflow/sandbox/lib/python3.8/site-packages/airflow/example_dags/example_kubernetes_executor_config.py
[2021-11-21 15:57:18,594] {scheduler_job.py:190} INFO - Processing /home/airflow/sandbox/lib/python3.8/site-packages/airflow/example_dags/example_kubernetes_executor_config.py took 0.374 seconds
[2021-11-21 15:58:24,695] {scheduler_job.py:182} INFO - Started process (PID=5361) to work on /home/airflow/sandbox/lib/python3.8/site-packages/airflow/example_dags/example_kubernetes_executor_config.py
[2021-11-21 15:58:24,703] {scheduler_job.py:633} INFO - Processing file /home/airflow/sandbox/lib/python3.8/site-packages/airflow/example_dags/example_kubernetes_executor_config.py for tasks to queue
[2021-11-21 15:58:24,706] {logging_mixin.py:104} INFO - [2021-11-21 15:58:24,705] {dagbag.py:487} INFO - Filling up the DagBag from /home/airflow/sandbox/lib/python3.8/site-packages/airflow/example_dags/example_kubernetes_executor_config.py
[2021-11-21 15:58:24,800] {logging_mixin.py:104} INFO - [2021-11-21 15:58:24,800] {example_kubernetes_executor_config.py:175} WARNING - Could not import DAGs in example_kubernetes_executor_config.py: No module named 'kubernetes'
[2021-11-21 15:58:24,804] {logging_mixin.py:104} INFO - [2021-11-21 15:58:24,804] {example_kubernetes_executor_config.py:176} WARNING - Install kubernetes dependencies with: pip install apache-airflow['cncf.kubernetes']
[2021-11-21 15:58:24,809] {scheduler_job.py:645} WARNING - No viable dags retrieved from /home/airflow/sandbox/lib/python3.8/site-packages/airflow/example_dags/example_kubernetes_executor_config.py
[2021-11-21 15:58:24,892] {scheduler_job.py:190} INFO - Processing /home/airflow/sandbox/lib/python3.8/site-packages/airflow/example_dags/example_kubernetes_executor_config.py took 0.217 seconds
[2021-11-21 15:59:24,600] {scheduler_job.py:182} INFO - Started process (PID=5455) to work on /home/airflow/sandbox/lib/python3.8/site-packages/airflow/example_dags/example_kubernetes_executor_config.py
[2021-11-21 15:59:24,608] {scheduler_job.py:633} INFO - Processing file /home/airflow/sandbox/lib/python3.8/site-packages/airflow/example_dags/example_kubernetes_executor_config.py for tasks to queue
[2021-11-21 15:59:24,610] {logging_mixin.py:104} INFO - [2021-11-21 15:59:24,610] {dagbag.py:487} INFO - Filling up the DagBag from /home/airflow/sandbox/lib/python3.8/site-packages/airflow/example_dags/example_kubernetes_executor_config.py
[2021-11-21 15:59:24,770] {logging_mixin.py:104} INFO - [2021-11-21 15:59:24,767] {example_kubernetes_executor_config.py:175} WARNING - Could not import DAGs in example_kubernetes_executor_config.py: No module named 'kubernetes'
[2021-11-21 15:59:24,779] {logging_mixin.py:104} INFO - [2021-11-21 15:59:24,779] {example_kubernetes_executor_config.py:176} WARNING - Install kubernetes dependencies with: pip install apache-airflow['cncf.kubernetes']
[2021-11-21 15:59:24,781] {scheduler_job.py:645} WARNING - No viable dags retrieved from /home/airflow/sandbox/lib/python3.8/site-packages/airflow/example_dags/example_kubernetes_executor_config.py
[2021-11-21 15:59:24,926] {scheduler_job.py:190} INFO - Processing /home/airflow/sandbox/lib/python3.8/site-packages/airflow/example_dags/example_kubernetes_executor_config.py took 0.346 seconds
[2021-11-21 16:00:34,429] {scheduler_job.py:182} INFO - Started process (PID=5563) to work on /home/airflow/sandbox/lib/python3.8/site-packages/airflow/example_dags/example_kubernetes_executor_config.py
[2021-11-21 16:00:34,437] {scheduler_job.py:633} INFO - Processing file /home/airflow/sandbox/lib/python3.8/site-packages/airflow/example_dags/example_kubernetes_executor_config.py for tasks to queue
[2021-11-21 16:00:34,440] {logging_mixin.py:104} INFO - [2021-11-21 16:00:34,439] {dagbag.py:487} INFO - Filling up the DagBag from /home/airflow/sandbox/lib/python3.8/site-packages/airflow/example_dags/example_kubernetes_executor_config.py
[2021-11-21 16:00:34,565] {logging_mixin.py:104} INFO - [2021-11-21 16:00:34,565] {example_kubernetes_executor_config.py:175} WARNING - Could not import DAGs in example_kubernetes_executor_config.py: No module named 'kubernetes'
[2021-11-21 16:00:34,566] {logging_mixin.py:104} INFO - [2021-11-21 16:00:34,566] {example_kubernetes_executor_config.py:176} WARNING - Install kubernetes dependencies with: pip install apache-airflow['cncf.kubernetes']
[2021-11-21 16:00:34,567] {scheduler_job.py:645} WARNING - No viable dags retrieved from /home/airflow/sandbox/lib/python3.8/site-packages/airflow/example_dags/example_kubernetes_executor_config.py
[2021-11-21 16:00:34,662] {scheduler_job.py:190} INFO - Processing /home/airflow/sandbox/lib/python3.8/site-packages/airflow/example_dags/example_kubernetes_executor_config.py took 0.258 seconds
[2021-11-21 16:01:41,683] {scheduler_job.py:182} INFO - Started process (PID=5662) to work on /home/airflow/sandbox/lib/python3.8/site-packages/airflow/example_dags/example_kubernetes_executor_config.py
[2021-11-21 16:01:41,692] {scheduler_job.py:633} INFO - Processing file /home/airflow/sandbox/lib/python3.8/site-packages/airflow/example_dags/example_kubernetes_executor_config.py for tasks to queue
[2021-11-21 16:01:41,717] {logging_mixin.py:104} INFO - [2021-11-21 16:01:41,717] {dagbag.py:487} INFO - Filling up the DagBag from /home/airflow/sandbox/lib/python3.8/site-packages/airflow/example_dags/example_kubernetes_executor_config.py
[2021-11-21 16:01:41,813] {logging_mixin.py:104} INFO - [2021-11-21 16:01:41,813] {example_kubernetes_executor_config.py:175} WARNING - Could not import DAGs in example_kubernetes_executor_config.py: No module named 'kubernetes'
[2021-11-21 16:01:41,818] {logging_mixin.py:104} INFO - [2021-11-21 16:01:41,818] {example_kubernetes_executor_config.py:176} WARNING - Install kubernetes dependencies with: pip install apache-airflow['cncf.kubernetes']
[2021-11-21 16:01:41,819] {scheduler_job.py:645} WARNING - No viable dags retrieved from /home/airflow/sandbox/lib/python3.8/site-packages/airflow/example_dags/example_kubernetes_executor_config.py
[2021-11-21 16:01:41,857] {scheduler_job.py:190} INFO - Processing /home/airflow/sandbox/lib/python3.8/site-packages/airflow/example_dags/example_kubernetes_executor_config.py took 0.195 seconds
[2021-11-21 16:02:40,009] {scheduler_job.py:182} INFO - Started process (PID=5765) to work on /home/airflow/sandbox/lib/python3.8/site-packages/airflow/example_dags/example_kubernetes_executor_config.py
[2021-11-21 16:02:40,019] {scheduler_job.py:633} INFO - Processing file /home/airflow/sandbox/lib/python3.8/site-packages/airflow/example_dags/example_kubernetes_executor_config.py for tasks to queue
[2021-11-21 16:02:40,021] {logging_mixin.py:104} INFO - [2021-11-21 16:02:40,021] {dagbag.py:487} INFO - Filling up the DagBag from /home/airflow/sandbox/lib/python3.8/site-packages/airflow/example_dags/example_kubernetes_executor_config.py
[2021-11-21 16:02:40,117] {logging_mixin.py:104} INFO - [2021-11-21 16:02:40,117] {example_kubernetes_executor_config.py:175} WARNING - Could not import DAGs in example_kubernetes_executor_config.py: No module named 'kubernetes'
[2021-11-21 16:02:40,122] {logging_mixin.py:104} INFO - [2021-11-21 16:02:40,122] {example_kubernetes_executor_config.py:176} WARNING - Install kubernetes dependencies with: pip install apache-airflow['cncf.kubernetes']
[2021-11-21 16:02:40,122] {scheduler_job.py:645} WARNING - No viable dags retrieved from /home/airflow/sandbox/lib/python3.8/site-packages/airflow/example_dags/example_kubernetes_executor_config.py
[2021-11-21 16:02:40,160] {scheduler_job.py:190} INFO - Processing /home/airflow/sandbox/lib/python3.8/site-packages/airflow/example_dags/example_kubernetes_executor_config.py took 0.164 seconds
[2021-11-21 16:03:32,706] {scheduler_job.py:182} INFO - Started process (PID=5843) to work on /home/airflow/sandbox/lib/python3.8/site-packages/airflow/example_dags/example_kubernetes_executor_config.py
[2021-11-21 16:03:32,715] {scheduler_job.py:633} INFO - Processing file /home/airflow/sandbox/lib/python3.8/site-packages/airflow/example_dags/example_kubernetes_executor_config.py for tasks to queue
[2021-11-21 16:03:32,717] {logging_mixin.py:104} INFO - [2021-11-21 16:03:32,717] {dagbag.py:487} INFO - Filling up the DagBag from /home/airflow/sandbox/lib/python3.8/site-packages/airflow/example_dags/example_kubernetes_executor_config.py
[2021-11-21 16:03:32,789] {logging_mixin.py:104} INFO - [2021-11-21 16:03:32,789] {example_kubernetes_executor_config.py:175} WARNING - Could not import DAGs in example_kubernetes_executor_config.py: No module named 'kubernetes'
[2021-11-21 16:03:32,803] {logging_mixin.py:104} INFO - [2021-11-21 16:03:32,803] {example_kubernetes_executor_config.py:176} WARNING - Install kubernetes dependencies with: pip install apache-airflow['cncf.kubernetes']
[2021-11-21 16:03:32,804] {scheduler_job.py:645} WARNING - No viable dags retrieved from /home/airflow/sandbox/lib/python3.8/site-packages/airflow/example_dags/example_kubernetes_executor_config.py
[2021-11-21 16:03:32,877] {scheduler_job.py:190} INFO - Processing /home/airflow/sandbox/lib/python3.8/site-packages/airflow/example_dags/example_kubernetes_executor_config.py took 0.182 seconds
[2021-11-21 16:04:23,480] {scheduler_job.py:182} INFO - Started process (PID=5879) to work on /home/airflow/sandbox/lib/python3.8/site-packages/airflow/example_dags/example_kubernetes_executor_config.py
[2021-11-21 16:04:23,495] {scheduler_job.py:633} INFO - Processing file /home/airflow/sandbox/lib/python3.8/site-packages/airflow/example_dags/example_kubernetes_executor_config.py for tasks to queue
[2021-11-21 16:04:23,502] {logging_mixin.py:104} INFO - [2021-11-21 16:04:23,501] {dagbag.py:487} INFO - Filling up the DagBag from /home/airflow/sandbox/lib/python3.8/site-packages/airflow/example_dags/example_kubernetes_executor_config.py
[2021-11-21 16:04:23,600] {logging_mixin.py:104} INFO - [2021-11-21 16:04:23,599] {example_kubernetes_executor_config.py:175} WARNING - Could not import DAGs in example_kubernetes_executor_config.py: No module named 'kubernetes'
[2021-11-21 16:04:23,608] {logging_mixin.py:104} INFO - [2021-11-21 16:04:23,608] {example_kubernetes_executor_config.py:176} WARNING - Install kubernetes dependencies with: pip install apache-airflow['cncf.kubernetes']
[2021-11-21 16:04:23,609] {scheduler_job.py:645} WARNING - No viable dags retrieved from /home/airflow/sandbox/lib/python3.8/site-packages/airflow/example_dags/example_kubernetes_executor_config.py
[2021-11-21 16:04:23,674] {scheduler_job.py:190} INFO - Processing /home/airflow/sandbox/lib/python3.8/site-packages/airflow/example_dags/example_kubernetes_executor_config.py took 0.204 seconds
[2021-11-21 16:05:12,843] {scheduler_job.py:182} INFO - Started process (PID=5913) to work on /home/airflow/sandbox/lib/python3.8/site-packages/airflow/example_dags/example_kubernetes_executor_config.py
[2021-11-21 16:05:12,853] {scheduler_job.py:633} INFO - Processing file /home/airflow/sandbox/lib/python3.8/site-packages/airflow/example_dags/example_kubernetes_executor_config.py for tasks to queue
[2021-11-21 16:05:12,855] {logging_mixin.py:104} INFO - [2021-11-21 16:05:12,855] {dagbag.py:487} INFO - Filling up the DagBag from /home/airflow/sandbox/lib/python3.8/site-packages/airflow/example_dags/example_kubernetes_executor_config.py
[2021-11-21 16:05:12,946] {logging_mixin.py:104} INFO - [2021-11-21 16:05:12,946] {example_kubernetes_executor_config.py:175} WARNING - Could not import DAGs in example_kubernetes_executor_config.py: No module named 'kubernetes'
[2021-11-21 16:05:12,951] {logging_mixin.py:104} INFO - [2021-11-21 16:05:12,951] {example_kubernetes_executor_config.py:176} WARNING - Install kubernetes dependencies with: pip install apache-airflow['cncf.kubernetes']
[2021-11-21 16:05:12,962] {scheduler_job.py:645} WARNING - No viable dags retrieved from /home/airflow/sandbox/lib/python3.8/site-packages/airflow/example_dags/example_kubernetes_executor_config.py
[2021-11-21 16:05:13,025] {scheduler_job.py:190} INFO - Processing /home/airflow/sandbox/lib/python3.8/site-packages/airflow/example_dags/example_kubernetes_executor_config.py took 0.178 seconds
[2021-11-21 16:06:12,853] {scheduler_job.py:182} INFO - Started process (PID=5954) to work on /home/airflow/sandbox/lib/python3.8/site-packages/airflow/example_dags/example_kubernetes_executor_config.py
[2021-11-21 16:06:12,898] {scheduler_job.py:633} INFO - Processing file /home/airflow/sandbox/lib/python3.8/site-packages/airflow/example_dags/example_kubernetes_executor_config.py for tasks to queue
[2021-11-21 16:06:12,909] {logging_mixin.py:104} INFO - [2021-11-21 16:06:12,909] {dagbag.py:487} INFO - Filling up the DagBag from /home/airflow/sandbox/lib/python3.8/site-packages/airflow/example_dags/example_kubernetes_executor_config.py
[2021-11-21 16:06:13,026] {logging_mixin.py:104} INFO - [2021-11-21 16:06:13,026] {example_kubernetes_executor_config.py:175} WARNING - Could not import DAGs in example_kubernetes_executor_config.py: No module named 'kubernetes'
[2021-11-21 16:06:13,030] {logging_mixin.py:104} INFO - [2021-11-21 16:06:13,030] {example_kubernetes_executor_config.py:176} WARNING - Install kubernetes dependencies with: pip install apache-airflow['cncf.kubernetes']
[2021-11-21 16:06:13,031] {scheduler_job.py:645} WARNING - No viable dags retrieved from /home/airflow/sandbox/lib/python3.8/site-packages/airflow/example_dags/example_kubernetes_executor_config.py
[2021-11-21 16:06:13,089] {scheduler_job.py:190} INFO - Processing /home/airflow/sandbox/lib/python3.8/site-packages/airflow/example_dags/example_kubernetes_executor_config.py took 0.240 seconds
