[2021-11-21 15:39:00,495] {scheduler_job.py:182} INFO - Started process (PID=2899) to work on /home/airflow/sandbox/lib/python3.8/site-packages/airflow/example_dags/example_branch_labels.py
[2021-11-21 15:39:00,509] {scheduler_job.py:633} INFO - Processing file /home/airflow/sandbox/lib/python3.8/site-packages/airflow/example_dags/example_branch_labels.py for tasks to queue
[2021-11-21 15:39:00,518] {logging_mixin.py:104} INFO - [2021-11-21 15:39:00,517] {dagbag.py:487} INFO - Filling up the DagBag from /home/airflow/sandbox/lib/python3.8/site-packages/airflow/example_dags/example_branch_labels.py
[2021-11-21 15:39:00,589] {scheduler_job.py:643} INFO - DAG(s) dict_keys(['example_branch_labels']) retrieved from /home/airflow/sandbox/lib/python3.8/site-packages/airflow/example_dags/example_branch_labels.py
[2021-11-21 15:39:01,984] {logging_mixin.py:104} INFO - [2021-11-21 15:39:01,984] {dag.py:1832} INFO - Sync 1 DAGs
[2021-11-21 15:39:02,018] {logging_mixin.py:104} INFO - [2021-11-21 15:39:02,018] {dag.py:2305} INFO - Setting next_dagrun for example_branch_labels to 2021-11-19 00:00:00+00:00
[2021-11-21 15:39:02,089] {scheduler_job.py:190} INFO - Processing /home/airflow/sandbox/lib/python3.8/site-packages/airflow/example_dags/example_branch_labels.py took 1.610 seconds
[2021-11-21 15:44:10,930] {scheduler_job.py:182} INFO - Started process (PID=3774) to work on /home/airflow/sandbox/lib/python3.8/site-packages/airflow/example_dags/example_branch_labels.py
[2021-11-21 15:44:10,946] {scheduler_job.py:633} INFO - Processing file /home/airflow/sandbox/lib/python3.8/site-packages/airflow/example_dags/example_branch_labels.py for tasks to queue
[2021-11-21 15:44:10,947] {logging_mixin.py:104} INFO - [2021-11-21 15:44:10,947] {dagbag.py:487} INFO - Filling up the DagBag from /home/airflow/sandbox/lib/python3.8/site-packages/airflow/example_dags/example_branch_labels.py
[2021-11-21 15:44:11,046] {scheduler_job.py:643} INFO - DAG(s) dict_keys(['example_branch_labels']) retrieved from /home/airflow/sandbox/lib/python3.8/site-packages/airflow/example_dags/example_branch_labels.py
[2021-11-21 15:44:11,253] {logging_mixin.py:104} INFO - [2021-11-21 15:44:11,253] {dag.py:1832} INFO - Sync 1 DAGs
[2021-11-21 15:44:11,344] {logging_mixin.py:104} INFO - [2021-11-21 15:44:11,344] {dag.py:2305} INFO - Setting next_dagrun for example_branch_labels to 2021-11-19 00:00:00+00:00
[2021-11-21 15:44:11,411] {scheduler_job.py:190} INFO - Processing /home/airflow/sandbox/lib/python3.8/site-packages/airflow/example_dags/example_branch_labels.py took 0.486 seconds
[2021-11-21 15:45:07,532] {scheduler_job.py:182} INFO - Started process (PID=3866) to work on /home/airflow/sandbox/lib/python3.8/site-packages/airflow/example_dags/example_branch_labels.py
[2021-11-21 15:45:07,537] {scheduler_job.py:633} INFO - Processing file /home/airflow/sandbox/lib/python3.8/site-packages/airflow/example_dags/example_branch_labels.py for tasks to queue
[2021-11-21 15:45:07,538] {logging_mixin.py:104} INFO - [2021-11-21 15:45:07,538] {dagbag.py:487} INFO - Filling up the DagBag from /home/airflow/sandbox/lib/python3.8/site-packages/airflow/example_dags/example_branch_labels.py
[2021-11-21 15:45:07,575] {scheduler_job.py:643} INFO - DAG(s) dict_keys(['example_branch_labels']) retrieved from /home/airflow/sandbox/lib/python3.8/site-packages/airflow/example_dags/example_branch_labels.py
[2021-11-21 15:45:07,621] {logging_mixin.py:104} INFO - [2021-11-21 15:45:07,620] {dag.py:1832} INFO - Sync 1 DAGs
[2021-11-21 15:45:07,653] {logging_mixin.py:104} INFO - [2021-11-21 15:45:07,653] {dag.py:2305} INFO - Setting next_dagrun for example_branch_labels to 2021-11-19 00:00:00+00:00
[2021-11-21 15:45:07,712] {scheduler_job.py:190} INFO - Processing /home/airflow/sandbox/lib/python3.8/site-packages/airflow/example_dags/example_branch_labels.py took 0.185 seconds
[2021-11-21 15:45:56,316] {scheduler_job.py:182} INFO - Started process (PID=3899) to work on /home/airflow/sandbox/lib/python3.8/site-packages/airflow/example_dags/example_branch_labels.py
[2021-11-21 15:45:56,338] {scheduler_job.py:633} INFO - Processing file /home/airflow/sandbox/lib/python3.8/site-packages/airflow/example_dags/example_branch_labels.py for tasks to queue
[2021-11-21 15:45:56,375] {logging_mixin.py:104} INFO - [2021-11-21 15:45:56,375] {dagbag.py:487} INFO - Filling up the DagBag from /home/airflow/sandbox/lib/python3.8/site-packages/airflow/example_dags/example_branch_labels.py
[2021-11-21 15:45:56,457] {scheduler_job.py:643} INFO - DAG(s) dict_keys(['example_branch_labels']) retrieved from /home/airflow/sandbox/lib/python3.8/site-packages/airflow/example_dags/example_branch_labels.py
[2021-11-21 15:45:56,488] {logging_mixin.py:104} INFO - [2021-11-21 15:45:56,487] {dag.py:1832} INFO - Sync 1 DAGs
[2021-11-21 15:45:56,522] {logging_mixin.py:104} INFO - [2021-11-21 15:45:56,522] {dag.py:2305} INFO - Setting next_dagrun for example_branch_labels to 2021-11-19 00:00:00+00:00
[2021-11-21 15:45:56,562] {scheduler_job.py:190} INFO - Processing /home/airflow/sandbox/lib/python3.8/site-packages/airflow/example_dags/example_branch_labels.py took 0.286 seconds
[2021-11-21 15:46:49,340] {scheduler_job.py:182} INFO - Started process (PID=3989) to work on /home/airflow/sandbox/lib/python3.8/site-packages/airflow/example_dags/example_branch_labels.py
[2021-11-21 15:46:49,352] {scheduler_job.py:633} INFO - Processing file /home/airflow/sandbox/lib/python3.8/site-packages/airflow/example_dags/example_branch_labels.py for tasks to queue
[2021-11-21 15:46:49,373] {logging_mixin.py:104} INFO - [2021-11-21 15:46:49,373] {dagbag.py:487} INFO - Filling up the DagBag from /home/airflow/sandbox/lib/python3.8/site-packages/airflow/example_dags/example_branch_labels.py
[2021-11-21 15:46:49,410] {scheduler_job.py:643} INFO - DAG(s) dict_keys(['example_branch_labels']) retrieved from /home/airflow/sandbox/lib/python3.8/site-packages/airflow/example_dags/example_branch_labels.py
[2021-11-21 15:46:49,460] {logging_mixin.py:104} INFO - [2021-11-21 15:46:49,460] {dag.py:1832} INFO - Sync 1 DAGs
[2021-11-21 15:46:49,502] {logging_mixin.py:104} INFO - [2021-11-21 15:46:49,502] {dag.py:2305} INFO - Setting next_dagrun for example_branch_labels to 2021-11-19 00:00:00+00:00
[2021-11-21 15:46:49,549] {scheduler_job.py:190} INFO - Processing /home/airflow/sandbox/lib/python3.8/site-packages/airflow/example_dags/example_branch_labels.py took 0.222 seconds
[2021-11-21 15:47:45,382] {scheduler_job.py:182} INFO - Started process (PID=4019) to work on /home/airflow/sandbox/lib/python3.8/site-packages/airflow/example_dags/example_branch_labels.py
[2021-11-21 15:47:45,392] {scheduler_job.py:633} INFO - Processing file /home/airflow/sandbox/lib/python3.8/site-packages/airflow/example_dags/example_branch_labels.py for tasks to queue
[2021-11-21 15:47:45,394] {logging_mixin.py:104} INFO - [2021-11-21 15:47:45,394] {dagbag.py:487} INFO - Filling up the DagBag from /home/airflow/sandbox/lib/python3.8/site-packages/airflow/example_dags/example_branch_labels.py
[2021-11-21 15:47:45,545] {scheduler_job.py:643} INFO - DAG(s) dict_keys(['example_branch_labels']) retrieved from /home/airflow/sandbox/lib/python3.8/site-packages/airflow/example_dags/example_branch_labels.py
[2021-11-21 15:47:45,607] {logging_mixin.py:104} INFO - [2021-11-21 15:47:45,607] {dag.py:1832} INFO - Sync 1 DAGs
[2021-11-21 15:47:45,697] {logging_mixin.py:104} INFO - [2021-11-21 15:47:45,696] {dag.py:2305} INFO - Setting next_dagrun for example_branch_labels to 2021-11-19 00:00:00+00:00
[2021-11-21 15:47:45,785] {scheduler_job.py:190} INFO - Processing /home/airflow/sandbox/lib/python3.8/site-packages/airflow/example_dags/example_branch_labels.py took 0.421 seconds
[2021-11-21 15:48:48,443] {scheduler_job.py:182} INFO - Started process (PID=4096) to work on /home/airflow/sandbox/lib/python3.8/site-packages/airflow/example_dags/example_branch_labels.py
[2021-11-21 15:48:48,452] {scheduler_job.py:633} INFO - Processing file /home/airflow/sandbox/lib/python3.8/site-packages/airflow/example_dags/example_branch_labels.py for tasks to queue
[2021-11-21 15:48:48,454] {logging_mixin.py:104} INFO - [2021-11-21 15:48:48,453] {dagbag.py:487} INFO - Filling up the DagBag from /home/airflow/sandbox/lib/python3.8/site-packages/airflow/example_dags/example_branch_labels.py
[2021-11-21 15:48:48,629] {scheduler_job.py:643} INFO - DAG(s) dict_keys(['example_branch_labels']) retrieved from /home/airflow/sandbox/lib/python3.8/site-packages/airflow/example_dags/example_branch_labels.py
[2021-11-21 15:48:48,773] {logging_mixin.py:104} INFO - [2021-11-21 15:48:48,772] {dag.py:1832} INFO - Sync 1 DAGs
[2021-11-21 15:48:48,960] {logging_mixin.py:104} INFO - [2021-11-21 15:48:48,960] {dag.py:2305} INFO - Setting next_dagrun for example_branch_labels to 2021-11-19 00:00:00+00:00
[2021-11-21 15:48:49,139] {scheduler_job.py:190} INFO - Processing /home/airflow/sandbox/lib/python3.8/site-packages/airflow/example_dags/example_branch_labels.py took 0.715 seconds
[2021-11-21 15:49:52,525] {scheduler_job.py:182} INFO - Started process (PID=4229) to work on /home/airflow/sandbox/lib/python3.8/site-packages/airflow/example_dags/example_branch_labels.py
[2021-11-21 15:49:52,534] {scheduler_job.py:633} INFO - Processing file /home/airflow/sandbox/lib/python3.8/site-packages/airflow/example_dags/example_branch_labels.py for tasks to queue
[2021-11-21 15:49:52,535] {logging_mixin.py:104} INFO - [2021-11-21 15:49:52,535] {dagbag.py:487} INFO - Filling up the DagBag from /home/airflow/sandbox/lib/python3.8/site-packages/airflow/example_dags/example_branch_labels.py
[2021-11-21 15:49:52,625] {scheduler_job.py:643} INFO - DAG(s) dict_keys(['example_branch_labels']) retrieved from /home/airflow/sandbox/lib/python3.8/site-packages/airflow/example_dags/example_branch_labels.py
[2021-11-21 15:49:52,694] {logging_mixin.py:104} INFO - [2021-11-21 15:49:52,694] {dag.py:1832} INFO - Sync 1 DAGs
[2021-11-21 15:49:52,785] {logging_mixin.py:104} INFO - [2021-11-21 15:49:52,785] {dag.py:2305} INFO - Setting next_dagrun for example_branch_labels to 2021-11-19 00:00:00+00:00
[2021-11-21 15:49:52,863] {scheduler_job.py:190} INFO - Processing /home/airflow/sandbox/lib/python3.8/site-packages/airflow/example_dags/example_branch_labels.py took 0.387 seconds
[2021-11-21 15:50:58,065] {scheduler_job.py:182} INFO - Started process (PID=4432) to work on /home/airflow/sandbox/lib/python3.8/site-packages/airflow/example_dags/example_branch_labels.py
[2021-11-21 15:50:58,075] {scheduler_job.py:633} INFO - Processing file /home/airflow/sandbox/lib/python3.8/site-packages/airflow/example_dags/example_branch_labels.py for tasks to queue
[2021-11-21 15:50:58,083] {logging_mixin.py:104} INFO - [2021-11-21 15:50:58,082] {dagbag.py:487} INFO - Filling up the DagBag from /home/airflow/sandbox/lib/python3.8/site-packages/airflow/example_dags/example_branch_labels.py
[2021-11-21 15:50:58,114] {scheduler_job.py:643} INFO - DAG(s) dict_keys(['example_branch_labels']) retrieved from /home/airflow/sandbox/lib/python3.8/site-packages/airflow/example_dags/example_branch_labels.py
[2021-11-21 15:50:58,186] {logging_mixin.py:104} INFO - [2021-11-21 15:50:58,172] {dag.py:1832} INFO - Sync 1 DAGs
[2021-11-21 15:50:58,319] {logging_mixin.py:104} INFO - [2021-11-21 15:50:58,319] {dag.py:2305} INFO - Setting next_dagrun for example_branch_labels to 2021-11-19 00:00:00+00:00
[2021-11-21 15:50:58,390] {scheduler_job.py:190} INFO - Processing /home/airflow/sandbox/lib/python3.8/site-packages/airflow/example_dags/example_branch_labels.py took 0.333 seconds
[2021-11-21 15:52:01,709] {scheduler_job.py:182} INFO - Started process (PID=4526) to work on /home/airflow/sandbox/lib/python3.8/site-packages/airflow/example_dags/example_branch_labels.py
[2021-11-21 15:52:01,731] {scheduler_job.py:633} INFO - Processing file /home/airflow/sandbox/lib/python3.8/site-packages/airflow/example_dags/example_branch_labels.py for tasks to queue
[2021-11-21 15:52:01,733] {logging_mixin.py:104} INFO - [2021-11-21 15:52:01,733] {dagbag.py:487} INFO - Filling up the DagBag from /home/airflow/sandbox/lib/python3.8/site-packages/airflow/example_dags/example_branch_labels.py
[2021-11-21 15:52:01,906] {scheduler_job.py:643} INFO - DAG(s) dict_keys(['example_branch_labels']) retrieved from /home/airflow/sandbox/lib/python3.8/site-packages/airflow/example_dags/example_branch_labels.py
[2021-11-21 15:52:01,985] {logging_mixin.py:104} INFO - [2021-11-21 15:52:01,984] {dag.py:1832} INFO - Sync 1 DAGs
[2021-11-21 15:52:02,009] {logging_mixin.py:104} INFO - [2021-11-21 15:52:02,009] {dag.py:2305} INFO - Setting next_dagrun for example_branch_labels to 2021-11-19 00:00:00+00:00
[2021-11-21 15:52:02,050] {scheduler_job.py:190} INFO - Processing /home/airflow/sandbox/lib/python3.8/site-packages/airflow/example_dags/example_branch_labels.py took 0.356 seconds
[2021-11-21 15:52:59,876] {scheduler_job.py:182} INFO - Started process (PID=4654) to work on /home/airflow/sandbox/lib/python3.8/site-packages/airflow/example_dags/example_branch_labels.py
[2021-11-21 15:52:59,890] {scheduler_job.py:633} INFO - Processing file /home/airflow/sandbox/lib/python3.8/site-packages/airflow/example_dags/example_branch_labels.py for tasks to queue
[2021-11-21 15:52:59,893] {logging_mixin.py:104} INFO - [2021-11-21 15:52:59,892] {dagbag.py:487} INFO - Filling up the DagBag from /home/airflow/sandbox/lib/python3.8/site-packages/airflow/example_dags/example_branch_labels.py
[2021-11-21 15:52:59,956] {scheduler_job.py:643} INFO - DAG(s) dict_keys(['example_branch_labels']) retrieved from /home/airflow/sandbox/lib/python3.8/site-packages/airflow/example_dags/example_branch_labels.py
[2021-11-21 15:52:59,992] {logging_mixin.py:104} INFO - [2021-11-21 15:52:59,992] {dag.py:1832} INFO - Sync 1 DAGs
[2021-11-21 15:53:00,036] {logging_mixin.py:104} INFO - [2021-11-21 15:53:00,036] {dag.py:2305} INFO - Setting next_dagrun for example_branch_labels to 2021-11-19 00:00:00+00:00
[2021-11-21 15:53:00,087] {scheduler_job.py:190} INFO - Processing /home/airflow/sandbox/lib/python3.8/site-packages/airflow/example_dags/example_branch_labels.py took 0.223 seconds
[2021-11-21 15:54:09,921] {scheduler_job.py:182} INFO - Started process (PID=4883) to work on /home/airflow/sandbox/lib/python3.8/site-packages/airflow/example_dags/example_branch_labels.py
[2021-11-21 15:54:09,937] {scheduler_job.py:633} INFO - Processing file /home/airflow/sandbox/lib/python3.8/site-packages/airflow/example_dags/example_branch_labels.py for tasks to queue
[2021-11-21 15:54:09,946] {logging_mixin.py:104} INFO - [2021-11-21 15:54:09,946] {dagbag.py:487} INFO - Filling up the DagBag from /home/airflow/sandbox/lib/python3.8/site-packages/airflow/example_dags/example_branch_labels.py
[2021-11-21 15:54:10,053] {scheduler_job.py:643} INFO - DAG(s) dict_keys(['example_branch_labels']) retrieved from /home/airflow/sandbox/lib/python3.8/site-packages/airflow/example_dags/example_branch_labels.py
[2021-11-21 15:54:10,146] {logging_mixin.py:104} INFO - [2021-11-21 15:54:10,146] {dag.py:1832} INFO - Sync 1 DAGs
[2021-11-21 15:54:10,262] {logging_mixin.py:104} INFO - [2021-11-21 15:54:10,262] {dag.py:2305} INFO - Setting next_dagrun for example_branch_labels to 2021-11-19 00:00:00+00:00
[2021-11-21 15:54:10,371] {scheduler_job.py:190} INFO - Processing /home/airflow/sandbox/lib/python3.8/site-packages/airflow/example_dags/example_branch_labels.py took 0.466 seconds
[2021-11-21 15:55:01,011] {scheduler_job.py:182} INFO - Started process (PID=4976) to work on /home/airflow/sandbox/lib/python3.8/site-packages/airflow/example_dags/example_branch_labels.py
[2021-11-21 15:55:01,020] {scheduler_job.py:633} INFO - Processing file /home/airflow/sandbox/lib/python3.8/site-packages/airflow/example_dags/example_branch_labels.py for tasks to queue
[2021-11-21 15:55:01,022] {logging_mixin.py:104} INFO - [2021-11-21 15:55:01,021] {dagbag.py:487} INFO - Filling up the DagBag from /home/airflow/sandbox/lib/python3.8/site-packages/airflow/example_dags/example_branch_labels.py
[2021-11-21 15:55:01,127] {scheduler_job.py:643} INFO - DAG(s) dict_keys(['example_branch_labels']) retrieved from /home/airflow/sandbox/lib/python3.8/site-packages/airflow/example_dags/example_branch_labels.py
[2021-11-21 15:55:01,208] {logging_mixin.py:104} INFO - [2021-11-21 15:55:01,208] {dag.py:1832} INFO - Sync 1 DAGs
[2021-11-21 15:55:01,266] {logging_mixin.py:104} INFO - [2021-11-21 15:55:01,266] {dag.py:2305} INFO - Setting next_dagrun for example_branch_labels to 2021-11-19 00:00:00+00:00
[2021-11-21 15:55:01,319] {scheduler_job.py:190} INFO - Processing /home/airflow/sandbox/lib/python3.8/site-packages/airflow/example_dags/example_branch_labels.py took 0.322 seconds
[2021-11-21 15:55:54,893] {scheduler_job.py:182} INFO - Started process (PID=5014) to work on /home/airflow/sandbox/lib/python3.8/site-packages/airflow/example_dags/example_branch_labels.py
[2021-11-21 15:55:54,919] {scheduler_job.py:633} INFO - Processing file /home/airflow/sandbox/lib/python3.8/site-packages/airflow/example_dags/example_branch_labels.py for tasks to queue
[2021-11-21 15:55:54,930] {logging_mixin.py:104} INFO - [2021-11-21 15:55:54,929] {dagbag.py:487} INFO - Filling up the DagBag from /home/airflow/sandbox/lib/python3.8/site-packages/airflow/example_dags/example_branch_labels.py
[2021-11-21 15:55:55,042] {scheduler_job.py:643} INFO - DAG(s) dict_keys(['example_branch_labels']) retrieved from /home/airflow/sandbox/lib/python3.8/site-packages/airflow/example_dags/example_branch_labels.py
[2021-11-21 15:55:55,121] {logging_mixin.py:104} INFO - [2021-11-21 15:55:55,121] {dag.py:1832} INFO - Sync 1 DAGs
[2021-11-21 15:55:55,150] {logging_mixin.py:104} INFO - [2021-11-21 15:55:55,150] {dag.py:2305} INFO - Setting next_dagrun for example_branch_labels to 2021-11-19 00:00:00+00:00
[2021-11-21 15:55:55,195] {scheduler_job.py:190} INFO - Processing /home/airflow/sandbox/lib/python3.8/site-packages/airflow/example_dags/example_branch_labels.py took 0.325 seconds
[2021-11-21 15:56:59,456] {scheduler_job.py:182} INFO - Started process (PID=5135) to work on /home/airflow/sandbox/lib/python3.8/site-packages/airflow/example_dags/example_branch_labels.py
[2021-11-21 15:56:59,467] {scheduler_job.py:633} INFO - Processing file /home/airflow/sandbox/lib/python3.8/site-packages/airflow/example_dags/example_branch_labels.py for tasks to queue
[2021-11-21 15:56:59,469] {logging_mixin.py:104} INFO - [2021-11-21 15:56:59,469] {dagbag.py:487} INFO - Filling up the DagBag from /home/airflow/sandbox/lib/python3.8/site-packages/airflow/example_dags/example_branch_labels.py
[2021-11-21 15:56:59,551] {scheduler_job.py:643} INFO - DAG(s) dict_keys(['example_branch_labels']) retrieved from /home/airflow/sandbox/lib/python3.8/site-packages/airflow/example_dags/example_branch_labels.py
[2021-11-21 15:56:59,605] {logging_mixin.py:104} INFO - [2021-11-21 15:56:59,605] {dag.py:1832} INFO - Sync 1 DAGs
[2021-11-21 15:56:59,654] {logging_mixin.py:104} INFO - [2021-11-21 15:56:59,654] {dag.py:2305} INFO - Setting next_dagrun for example_branch_labels to 2021-11-19 00:00:00+00:00
[2021-11-21 15:56:59,741] {scheduler_job.py:190} INFO - Processing /home/airflow/sandbox/lib/python3.8/site-packages/airflow/example_dags/example_branch_labels.py took 0.294 seconds
[2021-11-21 15:58:09,160] {scheduler_job.py:182} INFO - Started process (PID=5330) to work on /home/airflow/sandbox/lib/python3.8/site-packages/airflow/example_dags/example_branch_labels.py
[2021-11-21 15:58:09,165] {scheduler_job.py:633} INFO - Processing file /home/airflow/sandbox/lib/python3.8/site-packages/airflow/example_dags/example_branch_labels.py for tasks to queue
[2021-11-21 15:58:09,166] {logging_mixin.py:104} INFO - [2021-11-21 15:58:09,166] {dagbag.py:487} INFO - Filling up the DagBag from /home/airflow/sandbox/lib/python3.8/site-packages/airflow/example_dags/example_branch_labels.py
[2021-11-21 15:58:09,200] {scheduler_job.py:643} INFO - DAG(s) dict_keys(['example_branch_labels']) retrieved from /home/airflow/sandbox/lib/python3.8/site-packages/airflow/example_dags/example_branch_labels.py
[2021-11-21 15:58:09,256] {logging_mixin.py:104} INFO - [2021-11-21 15:58:09,255] {dag.py:1832} INFO - Sync 1 DAGs
[2021-11-21 15:58:09,307] {logging_mixin.py:104} INFO - [2021-11-21 15:58:09,307] {dag.py:2305} INFO - Setting next_dagrun for example_branch_labels to 2021-11-19 00:00:00+00:00
[2021-11-21 15:58:09,409] {scheduler_job.py:190} INFO - Processing /home/airflow/sandbox/lib/python3.8/site-packages/airflow/example_dags/example_branch_labels.py took 0.259 seconds
[2021-11-21 15:59:07,116] {scheduler_job.py:182} INFO - Started process (PID=5429) to work on /home/airflow/sandbox/lib/python3.8/site-packages/airflow/example_dags/example_branch_labels.py
[2021-11-21 15:59:07,141] {scheduler_job.py:633} INFO - Processing file /home/airflow/sandbox/lib/python3.8/site-packages/airflow/example_dags/example_branch_labels.py for tasks to queue
[2021-11-21 15:59:07,151] {logging_mixin.py:104} INFO - [2021-11-21 15:59:07,151] {dagbag.py:487} INFO - Filling up the DagBag from /home/airflow/sandbox/lib/python3.8/site-packages/airflow/example_dags/example_branch_labels.py
[2021-11-21 15:59:07,299] {scheduler_job.py:643} INFO - DAG(s) dict_keys(['example_branch_labels']) retrieved from /home/airflow/sandbox/lib/python3.8/site-packages/airflow/example_dags/example_branch_labels.py
[2021-11-21 15:59:07,419] {logging_mixin.py:104} INFO - [2021-11-21 15:59:07,419] {dag.py:1832} INFO - Sync 1 DAGs
[2021-11-21 15:59:07,567] {logging_mixin.py:104} INFO - [2021-11-21 15:59:07,567] {dag.py:2305} INFO - Setting next_dagrun for example_branch_labels to 2021-11-19 00:00:00+00:00
[2021-11-21 15:59:07,701] {scheduler_job.py:190} INFO - Processing /home/airflow/sandbox/lib/python3.8/site-packages/airflow/example_dags/example_branch_labels.py took 0.597 seconds
[2021-11-21 16:00:02,239] {scheduler_job.py:182} INFO - Started process (PID=5493) to work on /home/airflow/sandbox/lib/python3.8/site-packages/airflow/example_dags/example_branch_labels.py
[2021-11-21 16:00:02,246] {scheduler_job.py:633} INFO - Processing file /home/airflow/sandbox/lib/python3.8/site-packages/airflow/example_dags/example_branch_labels.py for tasks to queue
[2021-11-21 16:00:02,248] {logging_mixin.py:104} INFO - [2021-11-21 16:00:02,248] {dagbag.py:487} INFO - Filling up the DagBag from /home/airflow/sandbox/lib/python3.8/site-packages/airflow/example_dags/example_branch_labels.py
[2021-11-21 16:00:02,300] {scheduler_job.py:643} INFO - DAG(s) dict_keys(['example_branch_labels']) retrieved from /home/airflow/sandbox/lib/python3.8/site-packages/airflow/example_dags/example_branch_labels.py
[2021-11-21 16:00:02,377] {logging_mixin.py:104} INFO - [2021-11-21 16:00:02,377] {dag.py:1832} INFO - Sync 1 DAGs
[2021-11-21 16:00:02,442] {logging_mixin.py:104} INFO - [2021-11-21 16:00:02,441] {dag.py:2305} INFO - Setting next_dagrun for example_branch_labels to 2021-11-19 00:00:00+00:00
[2021-11-21 16:00:02,612] {scheduler_job.py:190} INFO - Processing /home/airflow/sandbox/lib/python3.8/site-packages/airflow/example_dags/example_branch_labels.py took 0.380 seconds
[2021-11-21 16:00:49,599] {scheduler_job.py:182} INFO - Started process (PID=5607) to work on /home/airflow/sandbox/lib/python3.8/site-packages/airflow/example_dags/example_branch_labels.py
[2021-11-21 16:00:49,630] {scheduler_job.py:633} INFO - Processing file /home/airflow/sandbox/lib/python3.8/site-packages/airflow/example_dags/example_branch_labels.py for tasks to queue
[2021-11-21 16:00:49,645] {logging_mixin.py:104} INFO - [2021-11-21 16:00:49,637] {dagbag.py:487} INFO - Filling up the DagBag from /home/airflow/sandbox/lib/python3.8/site-packages/airflow/example_dags/example_branch_labels.py
[2021-11-21 16:00:49,731] {scheduler_job.py:643} INFO - DAG(s) dict_keys(['example_branch_labels']) retrieved from /home/airflow/sandbox/lib/python3.8/site-packages/airflow/example_dags/example_branch_labels.py
[2021-11-21 16:00:49,825] {logging_mixin.py:104} INFO - [2021-11-21 16:00:49,824] {dag.py:1832} INFO - Sync 1 DAGs
[2021-11-21 16:00:49,970] {logging_mixin.py:104} INFO - [2021-11-21 16:00:49,968] {dag.py:2305} INFO - Setting next_dagrun for example_branch_labels to 2021-11-19 00:00:00+00:00
[2021-11-21 16:00:50,034] {scheduler_job.py:190} INFO - Processing /home/airflow/sandbox/lib/python3.8/site-packages/airflow/example_dags/example_branch_labels.py took 0.460 seconds
[2021-11-21 16:01:34,449] {scheduler_job.py:182} INFO - Started process (PID=5657) to work on /home/airflow/sandbox/lib/python3.8/site-packages/airflow/example_dags/example_branch_labels.py
[2021-11-21 16:01:34,459] {scheduler_job.py:633} INFO - Processing file /home/airflow/sandbox/lib/python3.8/site-packages/airflow/example_dags/example_branch_labels.py for tasks to queue
[2021-11-21 16:01:34,461] {logging_mixin.py:104} INFO - [2021-11-21 16:01:34,461] {dagbag.py:487} INFO - Filling up the DagBag from /home/airflow/sandbox/lib/python3.8/site-packages/airflow/example_dags/example_branch_labels.py
[2021-11-21 16:01:34,600] {scheduler_job.py:643} INFO - DAG(s) dict_keys(['example_branch_labels']) retrieved from /home/airflow/sandbox/lib/python3.8/site-packages/airflow/example_dags/example_branch_labels.py
[2021-11-21 16:01:34,708] {logging_mixin.py:104} INFO - [2021-11-21 16:01:34,707] {dag.py:1832} INFO - Sync 1 DAGs
[2021-11-21 16:01:34,820] {logging_mixin.py:104} INFO - [2021-11-21 16:01:34,819] {dag.py:2305} INFO - Setting next_dagrun for example_branch_labels to 2021-11-19 00:00:00+00:00
[2021-11-21 16:01:34,937] {scheduler_job.py:190} INFO - Processing /home/airflow/sandbox/lib/python3.8/site-packages/airflow/example_dags/example_branch_labels.py took 0.506 seconds
[2021-11-21 16:02:32,718] {scheduler_job.py:182} INFO - Started process (PID=5760) to work on /home/airflow/sandbox/lib/python3.8/site-packages/airflow/example_dags/example_branch_labels.py
[2021-11-21 16:02:32,725] {scheduler_job.py:633} INFO - Processing file /home/airflow/sandbox/lib/python3.8/site-packages/airflow/example_dags/example_branch_labels.py for tasks to queue
[2021-11-21 16:02:32,727] {logging_mixin.py:104} INFO - [2021-11-21 16:02:32,727] {dagbag.py:487} INFO - Filling up the DagBag from /home/airflow/sandbox/lib/python3.8/site-packages/airflow/example_dags/example_branch_labels.py
[2021-11-21 16:02:32,829] {scheduler_job.py:643} INFO - DAG(s) dict_keys(['example_branch_labels']) retrieved from /home/airflow/sandbox/lib/python3.8/site-packages/airflow/example_dags/example_branch_labels.py
[2021-11-21 16:02:32,929] {logging_mixin.py:104} INFO - [2021-11-21 16:02:32,929] {dag.py:1832} INFO - Sync 1 DAGs
[2021-11-21 16:02:33,037] {logging_mixin.py:104} INFO - [2021-11-21 16:02:33,037] {dag.py:2305} INFO - Setting next_dagrun for example_branch_labels to 2021-11-19 00:00:00+00:00
[2021-11-21 16:02:33,092] {scheduler_job.py:190} INFO - Processing /home/airflow/sandbox/lib/python3.8/site-packages/airflow/example_dags/example_branch_labels.py took 0.388 seconds
[2021-11-21 16:03:25,193] {scheduler_job.py:182} INFO - Started process (PID=5817) to work on /home/airflow/sandbox/lib/python3.8/site-packages/airflow/example_dags/example_branch_labels.py
[2021-11-21 16:03:25,203] {scheduler_job.py:633} INFO - Processing file /home/airflow/sandbox/lib/python3.8/site-packages/airflow/example_dags/example_branch_labels.py for tasks to queue
[2021-11-21 16:03:25,204] {logging_mixin.py:104} INFO - [2021-11-21 16:03:25,204] {dagbag.py:487} INFO - Filling up the DagBag from /home/airflow/sandbox/lib/python3.8/site-packages/airflow/example_dags/example_branch_labels.py
[2021-11-21 16:03:25,289] {scheduler_job.py:643} INFO - DAG(s) dict_keys(['example_branch_labels']) retrieved from /home/airflow/sandbox/lib/python3.8/site-packages/airflow/example_dags/example_branch_labels.py
[2021-11-21 16:03:25,332] {logging_mixin.py:104} INFO - [2021-11-21 16:03:25,332] {dag.py:1832} INFO - Sync 1 DAGs
[2021-11-21 16:03:25,385] {logging_mixin.py:104} INFO - [2021-11-21 16:03:25,385] {dag.py:2305} INFO - Setting next_dagrun for example_branch_labels to 2021-11-19 00:00:00+00:00
[2021-11-21 16:03:25,438] {scheduler_job.py:190} INFO - Processing /home/airflow/sandbox/lib/python3.8/site-packages/airflow/example_dags/example_branch_labels.py took 0.257 seconds
[2021-11-21 16:04:17,207] {scheduler_job.py:182} INFO - Started process (PID=5874) to work on /home/airflow/sandbox/lib/python3.8/site-packages/airflow/example_dags/example_branch_labels.py
[2021-11-21 16:04:17,211] {scheduler_job.py:633} INFO - Processing file /home/airflow/sandbox/lib/python3.8/site-packages/airflow/example_dags/example_branch_labels.py for tasks to queue
[2021-11-21 16:04:17,212] {logging_mixin.py:104} INFO - [2021-11-21 16:04:17,212] {dagbag.py:487} INFO - Filling up the DagBag from /home/airflow/sandbox/lib/python3.8/site-packages/airflow/example_dags/example_branch_labels.py
[2021-11-21 16:04:17,243] {scheduler_job.py:643} INFO - DAG(s) dict_keys(['example_branch_labels']) retrieved from /home/airflow/sandbox/lib/python3.8/site-packages/airflow/example_dags/example_branch_labels.py
[2021-11-21 16:04:17,313] {logging_mixin.py:104} INFO - [2021-11-21 16:04:17,313] {dag.py:1832} INFO - Sync 1 DAGs
[2021-11-21 16:04:17,382] {logging_mixin.py:104} INFO - [2021-11-21 16:04:17,382] {dag.py:2305} INFO - Setting next_dagrun for example_branch_labels to 2021-11-19 00:00:00+00:00
[2021-11-21 16:04:17,429] {scheduler_job.py:190} INFO - Processing /home/airflow/sandbox/lib/python3.8/site-packages/airflow/example_dags/example_branch_labels.py took 0.229 seconds
[2021-11-21 16:05:06,281] {scheduler_job.py:182} INFO - Started process (PID=5908) to work on /home/airflow/sandbox/lib/python3.8/site-packages/airflow/example_dags/example_branch_labels.py
[2021-11-21 16:05:06,289] {scheduler_job.py:633} INFO - Processing file /home/airflow/sandbox/lib/python3.8/site-packages/airflow/example_dags/example_branch_labels.py for tasks to queue
[2021-11-21 16:05:06,291] {logging_mixin.py:104} INFO - [2021-11-21 16:05:06,290] {dagbag.py:487} INFO - Filling up the DagBag from /home/airflow/sandbox/lib/python3.8/site-packages/airflow/example_dags/example_branch_labels.py
[2021-11-21 16:05:06,374] {scheduler_job.py:643} INFO - DAG(s) dict_keys(['example_branch_labels']) retrieved from /home/airflow/sandbox/lib/python3.8/site-packages/airflow/example_dags/example_branch_labels.py
[2021-11-21 16:05:06,407] {logging_mixin.py:104} INFO - [2021-11-21 16:05:06,407] {dag.py:1832} INFO - Sync 1 DAGs
[2021-11-21 16:05:06,457] {logging_mixin.py:104} INFO - [2021-11-21 16:05:06,456] {dag.py:2305} INFO - Setting next_dagrun for example_branch_labels to 2021-11-19 00:00:00+00:00
[2021-11-21 16:05:06,515] {scheduler_job.py:190} INFO - Processing /home/airflow/sandbox/lib/python3.8/site-packages/airflow/example_dags/example_branch_labels.py took 0.250 seconds
[2021-11-21 16:06:01,985] {scheduler_job.py:182} INFO - Started process (PID=5948) to work on /home/airflow/sandbox/lib/python3.8/site-packages/airflow/example_dags/example_branch_labels.py
[2021-11-21 16:06:02,056] {scheduler_job.py:633} INFO - Processing file /home/airflow/sandbox/lib/python3.8/site-packages/airflow/example_dags/example_branch_labels.py for tasks to queue
[2021-11-21 16:06:02,202] {logging_mixin.py:104} INFO - [2021-11-21 16:06:02,084] {dagbag.py:487} INFO - Filling up the DagBag from /home/airflow/sandbox/lib/python3.8/site-packages/airflow/example_dags/example_branch_labels.py
[2021-11-21 16:06:02,360] {scheduler_job.py:643} INFO - DAG(s) dict_keys(['example_branch_labels']) retrieved from /home/airflow/sandbox/lib/python3.8/site-packages/airflow/example_dags/example_branch_labels.py
[2021-11-21 16:06:02,447] {logging_mixin.py:104} INFO - [2021-11-21 16:06:02,446] {dag.py:1832} INFO - Sync 1 DAGs
[2021-11-21 16:06:02,585] {logging_mixin.py:104} INFO - [2021-11-21 16:06:02,585] {dag.py:2305} INFO - Setting next_dagrun for example_branch_labels to 2021-11-19 00:00:00+00:00
[2021-11-21 16:06:02,736] {scheduler_job.py:190} INFO - Processing /home/airflow/sandbox/lib/python3.8/site-packages/airflow/example_dags/example_branch_labels.py took 0.806 seconds
