[2021-11-21 15:39:19,855] {scheduler_job.py:182} INFO - Started process (PID=2908) to work on /home/airflow/sandbox/lib/python3.8/site-packages/airflow/example_dags/example_trigger_target_dag.py
[2021-11-21 15:39:19,863] {scheduler_job.py:633} INFO - Processing file /home/airflow/sandbox/lib/python3.8/site-packages/airflow/example_dags/example_trigger_target_dag.py for tasks to queue
[2021-11-21 15:39:19,865] {logging_mixin.py:104} INFO - [2021-11-21 15:39:19,865] {dagbag.py:487} INFO - Filling up the DagBag from /home/airflow/sandbox/lib/python3.8/site-packages/airflow/example_dags/example_trigger_target_dag.py
[2021-11-21 15:39:20,056] {scheduler_job.py:643} INFO - DAG(s) dict_keys(['example_trigger_target_dag']) retrieved from /home/airflow/sandbox/lib/python3.8/site-packages/airflow/example_dags/example_trigger_target_dag.py
[2021-11-21 15:44:27,368] {scheduler_job.py:182} INFO - Started process (PID=3843) to work on /home/airflow/sandbox/lib/python3.8/site-packages/airflow/example_dags/example_trigger_target_dag.py
[2021-11-21 15:44:27,382] {scheduler_job.py:633} INFO - Processing file /home/airflow/sandbox/lib/python3.8/site-packages/airflow/example_dags/example_trigger_target_dag.py for tasks to queue
[2021-11-21 15:44:27,409] {logging_mixin.py:104} INFO - [2021-11-21 15:44:27,394] {dagbag.py:487} INFO - Filling up the DagBag from /home/airflow/sandbox/lib/python3.8/site-packages/airflow/example_dags/example_trigger_target_dag.py
[2021-11-21 15:44:27,549] {scheduler_job.py:643} INFO - DAG(s) dict_keys(['example_trigger_target_dag']) retrieved from /home/airflow/sandbox/lib/python3.8/site-packages/airflow/example_dags/example_trigger_target_dag.py
[2021-11-21 15:44:28,857] {logging_mixin.py:104} INFO - [2021-11-21 15:44:28,857] {dag.py:1832} INFO - Sync 1 DAGs
[2021-11-21 15:44:28,949] {logging_mixin.py:104} INFO - [2021-11-21 15:44:28,948] {dag.py:2305} INFO - Setting next_dagrun for example_trigger_target_dag to None
[2021-11-21 15:44:29,006] {scheduler_job.py:190} INFO - Processing /home/airflow/sandbox/lib/python3.8/site-packages/airflow/example_dags/example_trigger_target_dag.py took 1.665 seconds
[2021-11-21 15:45:21,320] {scheduler_job.py:182} INFO - Started process (PID=3875) to work on /home/airflow/sandbox/lib/python3.8/site-packages/airflow/example_dags/example_trigger_target_dag.py
[2021-11-21 15:45:21,332] {scheduler_job.py:633} INFO - Processing file /home/airflow/sandbox/lib/python3.8/site-packages/airflow/example_dags/example_trigger_target_dag.py for tasks to queue
[2021-11-21 15:45:21,334] {logging_mixin.py:104} INFO - [2021-11-21 15:45:21,334] {dagbag.py:487} INFO - Filling up the DagBag from /home/airflow/sandbox/lib/python3.8/site-packages/airflow/example_dags/example_trigger_target_dag.py
[2021-11-21 15:45:21,524] {scheduler_job.py:643} INFO - DAG(s) dict_keys(['example_trigger_target_dag']) retrieved from /home/airflow/sandbox/lib/python3.8/site-packages/airflow/example_dags/example_trigger_target_dag.py
[2021-11-21 15:45:21,661] {logging_mixin.py:104} INFO - [2021-11-21 15:45:21,661] {dag.py:1832} INFO - Sync 1 DAGs
[2021-11-21 15:45:21,834] {logging_mixin.py:104} INFO - [2021-11-21 15:45:21,834] {dag.py:2305} INFO - Setting next_dagrun for example_trigger_target_dag to None
[2021-11-21 15:45:21,960] {scheduler_job.py:190} INFO - Processing /home/airflow/sandbox/lib/python3.8/site-packages/airflow/example_dags/example_trigger_target_dag.py took 0.653 seconds
[2021-11-21 15:46:24,932] {scheduler_job.py:182} INFO - Started process (PID=3974) to work on /home/airflow/sandbox/lib/python3.8/site-packages/airflow/example_dags/example_trigger_target_dag.py
[2021-11-21 15:46:24,946] {scheduler_job.py:633} INFO - Processing file /home/airflow/sandbox/lib/python3.8/site-packages/airflow/example_dags/example_trigger_target_dag.py for tasks to queue
[2021-11-21 15:46:24,948] {logging_mixin.py:104} INFO - [2021-11-21 15:46:24,948] {dagbag.py:487} INFO - Filling up the DagBag from /home/airflow/sandbox/lib/python3.8/site-packages/airflow/example_dags/example_trigger_target_dag.py
[2021-11-21 15:46:25,091] {scheduler_job.py:643} INFO - DAG(s) dict_keys(['example_trigger_target_dag']) retrieved from /home/airflow/sandbox/lib/python3.8/site-packages/airflow/example_dags/example_trigger_target_dag.py
[2021-11-21 15:46:25,133] {logging_mixin.py:104} INFO - [2021-11-21 15:46:25,133] {dag.py:1832} INFO - Sync 1 DAGs
[2021-11-21 15:46:25,171] {logging_mixin.py:104} INFO - [2021-11-21 15:46:25,171] {dag.py:2305} INFO - Setting next_dagrun for example_trigger_target_dag to None
[2021-11-21 15:46:25,228] {scheduler_job.py:190} INFO - Processing /home/airflow/sandbox/lib/python3.8/site-packages/airflow/example_dags/example_trigger_target_dag.py took 0.308 seconds
[2021-11-21 15:47:22,908] {scheduler_job.py:182} INFO - Started process (PID=4007) to work on /home/airflow/sandbox/lib/python3.8/site-packages/airflow/example_dags/example_trigger_target_dag.py
[2021-11-21 15:47:22,921] {scheduler_job.py:633} INFO - Processing file /home/airflow/sandbox/lib/python3.8/site-packages/airflow/example_dags/example_trigger_target_dag.py for tasks to queue
[2021-11-21 15:47:22,960] {logging_mixin.py:104} INFO - [2021-11-21 15:47:22,923] {dagbag.py:487} INFO - Filling up the DagBag from /home/airflow/sandbox/lib/python3.8/site-packages/airflow/example_dags/example_trigger_target_dag.py
[2021-11-21 15:47:23,285] {scheduler_job.py:643} INFO - DAG(s) dict_keys(['example_trigger_target_dag']) retrieved from /home/airflow/sandbox/lib/python3.8/site-packages/airflow/example_dags/example_trigger_target_dag.py
[2021-11-21 15:47:23,454] {logging_mixin.py:104} INFO - [2021-11-21 15:47:23,454] {dag.py:1832} INFO - Sync 1 DAGs
[2021-11-21 15:47:23,561] {logging_mixin.py:104} INFO - [2021-11-21 15:47:23,560] {dag.py:2305} INFO - Setting next_dagrun for example_trigger_target_dag to None
[2021-11-21 15:47:23,687] {scheduler_job.py:190} INFO - Processing /home/airflow/sandbox/lib/python3.8/site-packages/airflow/example_dags/example_trigger_target_dag.py took 0.829 seconds
[2021-11-21 15:48:21,474] {scheduler_job.py:182} INFO - Started process (PID=4050) to work on /home/airflow/sandbox/lib/python3.8/site-packages/airflow/example_dags/example_trigger_target_dag.py
[2021-11-21 15:48:21,496] {scheduler_job.py:633} INFO - Processing file /home/airflow/sandbox/lib/python3.8/site-packages/airflow/example_dags/example_trigger_target_dag.py for tasks to queue
[2021-11-21 15:48:21,499] {logging_mixin.py:104} INFO - [2021-11-21 15:48:21,499] {dagbag.py:487} INFO - Filling up the DagBag from /home/airflow/sandbox/lib/python3.8/site-packages/airflow/example_dags/example_trigger_target_dag.py
[2021-11-21 15:48:21,734] {scheduler_job.py:643} INFO - DAG(s) dict_keys(['example_trigger_target_dag']) retrieved from /home/airflow/sandbox/lib/python3.8/site-packages/airflow/example_dags/example_trigger_target_dag.py
[2021-11-21 15:48:21,882] {logging_mixin.py:104} INFO - [2021-11-21 15:48:21,882] {dag.py:1832} INFO - Sync 1 DAGs
[2021-11-21 15:48:22,028] {logging_mixin.py:104} INFO - [2021-11-21 15:48:22,028] {dag.py:2305} INFO - Setting next_dagrun for example_trigger_target_dag to None
[2021-11-21 15:48:22,208] {scheduler_job.py:190} INFO - Processing /home/airflow/sandbox/lib/python3.8/site-packages/airflow/example_dags/example_trigger_target_dag.py took 0.771 seconds
[2021-11-21 15:49:25,885] {scheduler_job.py:182} INFO - Started process (PID=4165) to work on /home/airflow/sandbox/lib/python3.8/site-packages/airflow/example_dags/example_trigger_target_dag.py
[2021-11-21 15:49:25,921] {scheduler_job.py:633} INFO - Processing file /home/airflow/sandbox/lib/python3.8/site-packages/airflow/example_dags/example_trigger_target_dag.py for tasks to queue
[2021-11-21 15:49:25,972] {logging_mixin.py:104} INFO - [2021-11-21 15:49:25,972] {dagbag.py:487} INFO - Filling up the DagBag from /home/airflow/sandbox/lib/python3.8/site-packages/airflow/example_dags/example_trigger_target_dag.py
[2021-11-21 15:49:26,200] {scheduler_job.py:643} INFO - DAG(s) dict_keys(['example_trigger_target_dag']) retrieved from /home/airflow/sandbox/lib/python3.8/site-packages/airflow/example_dags/example_trigger_target_dag.py
[2021-11-21 15:49:26,378] {logging_mixin.py:104} INFO - [2021-11-21 15:49:26,377] {dag.py:1832} INFO - Sync 1 DAGs
[2021-11-21 15:49:26,557] {logging_mixin.py:104} INFO - [2021-11-21 15:49:26,557] {dag.py:2305} INFO - Setting next_dagrun for example_trigger_target_dag to None
[2021-11-21 15:49:26,732] {scheduler_job.py:190} INFO - Processing /home/airflow/sandbox/lib/python3.8/site-packages/airflow/example_dags/example_trigger_target_dag.py took 0.859 seconds
[2021-11-21 15:50:34,861] {scheduler_job.py:182} INFO - Started process (PID=4329) to work on /home/airflow/sandbox/lib/python3.8/site-packages/airflow/example_dags/example_trigger_target_dag.py
[2021-11-21 15:50:34,871] {scheduler_job.py:633} INFO - Processing file /home/airflow/sandbox/lib/python3.8/site-packages/airflow/example_dags/example_trigger_target_dag.py for tasks to queue
[2021-11-21 15:50:34,873] {logging_mixin.py:104} INFO - [2021-11-21 15:50:34,873] {dagbag.py:487} INFO - Filling up the DagBag from /home/airflow/sandbox/lib/python3.8/site-packages/airflow/example_dags/example_trigger_target_dag.py
[2021-11-21 15:50:35,011] {scheduler_job.py:643} INFO - DAG(s) dict_keys(['example_trigger_target_dag']) retrieved from /home/airflow/sandbox/lib/python3.8/site-packages/airflow/example_dags/example_trigger_target_dag.py
[2021-11-21 15:50:35,165] {logging_mixin.py:104} INFO - [2021-11-21 15:50:35,165] {dag.py:1832} INFO - Sync 1 DAGs
[2021-11-21 15:50:35,218] {logging_mixin.py:104} INFO - [2021-11-21 15:50:35,217] {dag.py:2305} INFO - Setting next_dagrun for example_trigger_target_dag to None
[2021-11-21 15:50:35,320] {scheduler_job.py:190} INFO - Processing /home/airflow/sandbox/lib/python3.8/site-packages/airflow/example_dags/example_trigger_target_dag.py took 0.471 seconds
[2021-11-21 15:51:36,013] {scheduler_job.py:182} INFO - Started process (PID=4496) to work on /home/airflow/sandbox/lib/python3.8/site-packages/airflow/example_dags/example_trigger_target_dag.py
[2021-11-21 15:51:36,018] {scheduler_job.py:633} INFO - Processing file /home/airflow/sandbox/lib/python3.8/site-packages/airflow/example_dags/example_trigger_target_dag.py for tasks to queue
[2021-11-21 15:51:36,018] {logging_mixin.py:104} INFO - [2021-11-21 15:51:36,018] {dagbag.py:487} INFO - Filling up the DagBag from /home/airflow/sandbox/lib/python3.8/site-packages/airflow/example_dags/example_trigger_target_dag.py
[2021-11-21 15:51:36,044] {scheduler_job.py:643} INFO - DAG(s) dict_keys(['example_trigger_target_dag']) retrieved from /home/airflow/sandbox/lib/python3.8/site-packages/airflow/example_dags/example_trigger_target_dag.py
[2021-11-21 15:51:36,080] {logging_mixin.py:104} INFO - [2021-11-21 15:51:36,080] {dag.py:1832} INFO - Sync 1 DAGs
[2021-11-21 15:51:36,129] {logging_mixin.py:104} INFO - [2021-11-21 15:51:36,124] {dag.py:2305} INFO - Setting next_dagrun for example_trigger_target_dag to None
[2021-11-21 15:51:36,289] {scheduler_job.py:190} INFO - Processing /home/airflow/sandbox/lib/python3.8/site-packages/airflow/example_dags/example_trigger_target_dag.py took 0.282 seconds
[2021-11-21 15:52:34,794] {scheduler_job.py:182} INFO - Started process (PID=4626) to work on /home/airflow/sandbox/lib/python3.8/site-packages/airflow/example_dags/example_trigger_target_dag.py
[2021-11-21 15:52:34,819] {scheduler_job.py:633} INFO - Processing file /home/airflow/sandbox/lib/python3.8/site-packages/airflow/example_dags/example_trigger_target_dag.py for tasks to queue
[2021-11-21 15:52:34,821] {logging_mixin.py:104} INFO - [2021-11-21 15:52:34,821] {dagbag.py:487} INFO - Filling up the DagBag from /home/airflow/sandbox/lib/python3.8/site-packages/airflow/example_dags/example_trigger_target_dag.py
[2021-11-21 15:52:34,957] {scheduler_job.py:643} INFO - DAG(s) dict_keys(['example_trigger_target_dag']) retrieved from /home/airflow/sandbox/lib/python3.8/site-packages/airflow/example_dags/example_trigger_target_dag.py
[2021-11-21 15:52:35,111] {logging_mixin.py:104} INFO - [2021-11-21 15:52:35,110] {dag.py:1832} INFO - Sync 1 DAGs
[2021-11-21 15:52:35,284] {logging_mixin.py:104} INFO - [2021-11-21 15:52:35,283] {dag.py:2305} INFO - Setting next_dagrun for example_trigger_target_dag to None
[2021-11-21 15:52:35,448] {scheduler_job.py:190} INFO - Processing /home/airflow/sandbox/lib/python3.8/site-packages/airflow/example_dags/example_trigger_target_dag.py took 0.669 seconds
[2021-11-21 15:53:39,938] {scheduler_job.py:182} INFO - Started process (PID=4868) to work on /home/airflow/sandbox/lib/python3.8/site-packages/airflow/example_dags/example_trigger_target_dag.py
[2021-11-21 15:53:39,948] {scheduler_job.py:633} INFO - Processing file /home/airflow/sandbox/lib/python3.8/site-packages/airflow/example_dags/example_trigger_target_dag.py for tasks to queue
[2021-11-21 15:53:39,965] {logging_mixin.py:104} INFO - [2021-11-21 15:53:39,965] {dagbag.py:487} INFO - Filling up the DagBag from /home/airflow/sandbox/lib/python3.8/site-packages/airflow/example_dags/example_trigger_target_dag.py
[2021-11-21 15:53:40,165] {scheduler_job.py:643} INFO - DAG(s) dict_keys(['example_trigger_target_dag']) retrieved from /home/airflow/sandbox/lib/python3.8/site-packages/airflow/example_dags/example_trigger_target_dag.py
[2021-11-21 15:53:40,307] {logging_mixin.py:104} INFO - [2021-11-21 15:53:40,306] {dag.py:1832} INFO - Sync 1 DAGs
[2021-11-21 15:53:40,447] {logging_mixin.py:104} INFO - [2021-11-21 15:53:40,446] {dag.py:2305} INFO - Setting next_dagrun for example_trigger_target_dag to None
[2021-11-21 15:53:40,588] {scheduler_job.py:190} INFO - Processing /home/airflow/sandbox/lib/python3.8/site-packages/airflow/example_dags/example_trigger_target_dag.py took 0.675 seconds
[2021-11-21 15:54:38,857] {scheduler_job.py:182} INFO - Started process (PID=4902) to work on /home/airflow/sandbox/lib/python3.8/site-packages/airflow/example_dags/example_trigger_target_dag.py
[2021-11-21 15:54:38,862] {scheduler_job.py:633} INFO - Processing file /home/airflow/sandbox/lib/python3.8/site-packages/airflow/example_dags/example_trigger_target_dag.py for tasks to queue
[2021-11-21 15:54:38,862] {logging_mixin.py:104} INFO - [2021-11-21 15:54:38,862] {dagbag.py:487} INFO - Filling up the DagBag from /home/airflow/sandbox/lib/python3.8/site-packages/airflow/example_dags/example_trigger_target_dag.py
[2021-11-21 15:54:38,898] {scheduler_job.py:643} INFO - DAG(s) dict_keys(['example_trigger_target_dag']) retrieved from /home/airflow/sandbox/lib/python3.8/site-packages/airflow/example_dags/example_trigger_target_dag.py
[2021-11-21 15:54:38,932] {logging_mixin.py:104} INFO - [2021-11-21 15:54:38,932] {dag.py:1832} INFO - Sync 1 DAGs
[2021-11-21 15:54:39,003] {logging_mixin.py:104} INFO - [2021-11-21 15:54:39,003] {dag.py:2305} INFO - Setting next_dagrun for example_trigger_target_dag to None
[2021-11-21 15:54:39,056] {scheduler_job.py:190} INFO - Processing /home/airflow/sandbox/lib/python3.8/site-packages/airflow/example_dags/example_trigger_target_dag.py took 0.207 seconds
[2021-11-21 15:55:38,174] {scheduler_job.py:182} INFO - Started process (PID=5003) to work on /home/airflow/sandbox/lib/python3.8/site-packages/airflow/example_dags/example_trigger_target_dag.py
[2021-11-21 15:55:38,185] {scheduler_job.py:633} INFO - Processing file /home/airflow/sandbox/lib/python3.8/site-packages/airflow/example_dags/example_trigger_target_dag.py for tasks to queue
[2021-11-21 15:55:38,187] {logging_mixin.py:104} INFO - [2021-11-21 15:55:38,187] {dagbag.py:487} INFO - Filling up the DagBag from /home/airflow/sandbox/lib/python3.8/site-packages/airflow/example_dags/example_trigger_target_dag.py
[2021-11-21 15:55:38,325] {scheduler_job.py:643} INFO - DAG(s) dict_keys(['example_trigger_target_dag']) retrieved from /home/airflow/sandbox/lib/python3.8/site-packages/airflow/example_dags/example_trigger_target_dag.py
[2021-11-21 15:55:38,362] {logging_mixin.py:104} INFO - [2021-11-21 15:55:38,362] {dag.py:1832} INFO - Sync 1 DAGs
[2021-11-21 15:55:38,407] {logging_mixin.py:104} INFO - [2021-11-21 15:55:38,407] {dag.py:2305} INFO - Setting next_dagrun for example_trigger_target_dag to None
[2021-11-21 15:55:38,461] {scheduler_job.py:190} INFO - Processing /home/airflow/sandbox/lib/python3.8/site-packages/airflow/example_dags/example_trigger_target_dag.py took 0.306 seconds
[2021-11-21 15:56:43,655] {scheduler_job.py:182} INFO - Started process (PID=5126) to work on /home/airflow/sandbox/lib/python3.8/site-packages/airflow/example_dags/example_trigger_target_dag.py
[2021-11-21 15:56:43,666] {scheduler_job.py:633} INFO - Processing file /home/airflow/sandbox/lib/python3.8/site-packages/airflow/example_dags/example_trigger_target_dag.py for tasks to queue
[2021-11-21 15:56:43,703] {logging_mixin.py:104} INFO - [2021-11-21 15:56:43,702] {dagbag.py:487} INFO - Filling up the DagBag from /home/airflow/sandbox/lib/python3.8/site-packages/airflow/example_dags/example_trigger_target_dag.py
[2021-11-21 15:56:43,863] {scheduler_job.py:643} INFO - DAG(s) dict_keys(['example_trigger_target_dag']) retrieved from /home/airflow/sandbox/lib/python3.8/site-packages/airflow/example_dags/example_trigger_target_dag.py
[2021-11-21 15:56:43,970] {logging_mixin.py:104} INFO - [2021-11-21 15:56:43,970] {dag.py:1832} INFO - Sync 1 DAGs
[2021-11-21 15:56:44,023] {logging_mixin.py:104} INFO - [2021-11-21 15:56:44,022] {dag.py:2305} INFO - Setting next_dagrun for example_trigger_target_dag to None
[2021-11-21 15:56:44,106] {scheduler_job.py:190} INFO - Processing /home/airflow/sandbox/lib/python3.8/site-packages/airflow/example_dags/example_trigger_target_dag.py took 0.475 seconds
[2021-11-21 15:57:48,804] {scheduler_job.py:182} INFO - Started process (PID=5249) to work on /home/airflow/sandbox/lib/python3.8/site-packages/airflow/example_dags/example_trigger_target_dag.py
[2021-11-21 15:57:48,823] {scheduler_job.py:633} INFO - Processing file /home/airflow/sandbox/lib/python3.8/site-packages/airflow/example_dags/example_trigger_target_dag.py for tasks to queue
[2021-11-21 15:57:48,855] {logging_mixin.py:104} INFO - [2021-11-21 15:57:48,825] {dagbag.py:487} INFO - Filling up the DagBag from /home/airflow/sandbox/lib/python3.8/site-packages/airflow/example_dags/example_trigger_target_dag.py
[2021-11-21 15:57:49,000] {scheduler_job.py:643} INFO - DAG(s) dict_keys(['example_trigger_target_dag']) retrieved from /home/airflow/sandbox/lib/python3.8/site-packages/airflow/example_dags/example_trigger_target_dag.py
[2021-11-21 15:57:49,093] {logging_mixin.py:104} INFO - [2021-11-21 15:57:49,093] {dag.py:1832} INFO - Sync 1 DAGs
[2021-11-21 15:57:49,218] {logging_mixin.py:104} INFO - [2021-11-21 15:57:49,218] {dag.py:2305} INFO - Setting next_dagrun for example_trigger_target_dag to None
[2021-11-21 15:57:49,377] {scheduler_job.py:190} INFO - Processing /home/airflow/sandbox/lib/python3.8/site-packages/airflow/example_dags/example_trigger_target_dag.py took 0.592 seconds
[2021-11-21 15:58:46,167] {scheduler_job.py:182} INFO - Started process (PID=5418) to work on /home/airflow/sandbox/lib/python3.8/site-packages/airflow/example_dags/example_trigger_target_dag.py
[2021-11-21 15:58:46,203] {scheduler_job.py:633} INFO - Processing file /home/airflow/sandbox/lib/python3.8/site-packages/airflow/example_dags/example_trigger_target_dag.py for tasks to queue
[2021-11-21 15:58:46,206] {logging_mixin.py:104} INFO - [2021-11-21 15:58:46,205] {dagbag.py:487} INFO - Filling up the DagBag from /home/airflow/sandbox/lib/python3.8/site-packages/airflow/example_dags/example_trigger_target_dag.py
[2021-11-21 15:58:46,397] {scheduler_job.py:643} INFO - DAG(s) dict_keys(['example_trigger_target_dag']) retrieved from /home/airflow/sandbox/lib/python3.8/site-packages/airflow/example_dags/example_trigger_target_dag.py
[2021-11-21 15:58:46,554] {logging_mixin.py:104} INFO - [2021-11-21 15:58:46,553] {dag.py:1832} INFO - Sync 1 DAGs
[2021-11-21 15:58:46,674] {logging_mixin.py:104} INFO - [2021-11-21 15:58:46,673] {dag.py:2305} INFO - Setting next_dagrun for example_trigger_target_dag to None
[2021-11-21 15:58:46,865] {scheduler_job.py:190} INFO - Processing /home/airflow/sandbox/lib/python3.8/site-packages/airflow/example_dags/example_trigger_target_dag.py took 0.721 seconds
[2021-11-21 15:59:43,371] {scheduler_job.py:182} INFO - Started process (PID=5482) to work on /home/airflow/sandbox/lib/python3.8/site-packages/airflow/example_dags/example_trigger_target_dag.py
[2021-11-21 15:59:43,398] {scheduler_job.py:633} INFO - Processing file /home/airflow/sandbox/lib/python3.8/site-packages/airflow/example_dags/example_trigger_target_dag.py for tasks to queue
[2021-11-21 15:59:43,400] {logging_mixin.py:104} INFO - [2021-11-21 15:59:43,400] {dagbag.py:487} INFO - Filling up the DagBag from /home/airflow/sandbox/lib/python3.8/site-packages/airflow/example_dags/example_trigger_target_dag.py
[2021-11-21 15:59:43,478] {scheduler_job.py:643} INFO - DAG(s) dict_keys(['example_trigger_target_dag']) retrieved from /home/airflow/sandbox/lib/python3.8/site-packages/airflow/example_dags/example_trigger_target_dag.py
[2021-11-21 15:59:43,558] {logging_mixin.py:104} INFO - [2021-11-21 15:59:43,558] {dag.py:1832} INFO - Sync 1 DAGs
[2021-11-21 15:59:43,606] {logging_mixin.py:104} INFO - [2021-11-21 15:59:43,606] {dag.py:2305} INFO - Setting next_dagrun for example_trigger_target_dag to None
[2021-11-21 15:59:43,713] {scheduler_job.py:190} INFO - Processing /home/airflow/sandbox/lib/python3.8/site-packages/airflow/example_dags/example_trigger_target_dag.py took 0.362 seconds
[2021-11-21 16:00:30,714] {scheduler_job.py:182} INFO - Started process (PID=5541) to work on /home/airflow/sandbox/lib/python3.8/site-packages/airflow/example_dags/example_trigger_target_dag.py
[2021-11-21 16:00:30,776] {scheduler_job.py:633} INFO - Processing file /home/airflow/sandbox/lib/python3.8/site-packages/airflow/example_dags/example_trigger_target_dag.py for tasks to queue
[2021-11-21 16:00:30,788] {logging_mixin.py:104} INFO - [2021-11-21 16:00:30,788] {dagbag.py:487} INFO - Filling up the DagBag from /home/airflow/sandbox/lib/python3.8/site-packages/airflow/example_dags/example_trigger_target_dag.py
[2021-11-21 16:00:31,005] {scheduler_job.py:643} INFO - DAG(s) dict_keys(['example_trigger_target_dag']) retrieved from /home/airflow/sandbox/lib/python3.8/site-packages/airflow/example_dags/example_trigger_target_dag.py
[2021-11-21 16:00:31,102] {logging_mixin.py:104} INFO - [2021-11-21 16:00:31,102] {dag.py:1832} INFO - Sync 1 DAGs
[2021-11-21 16:00:31,196] {logging_mixin.py:104} INFO - [2021-11-21 16:00:31,195] {dag.py:2305} INFO - Setting next_dagrun for example_trigger_target_dag to None
[2021-11-21 16:00:31,308] {scheduler_job.py:190} INFO - Processing /home/airflow/sandbox/lib/python3.8/site-packages/airflow/example_dags/example_trigger_target_dag.py took 0.605 seconds
[2021-11-21 16:01:22,600] {scheduler_job.py:182} INFO - Started process (PID=5649) to work on /home/airflow/sandbox/lib/python3.8/site-packages/airflow/example_dags/example_trigger_target_dag.py
[2021-11-21 16:01:22,615] {scheduler_job.py:633} INFO - Processing file /home/airflow/sandbox/lib/python3.8/site-packages/airflow/example_dags/example_trigger_target_dag.py for tasks to queue
[2021-11-21 16:01:22,617] {logging_mixin.py:104} INFO - [2021-11-21 16:01:22,617] {dagbag.py:487} INFO - Filling up the DagBag from /home/airflow/sandbox/lib/python3.8/site-packages/airflow/example_dags/example_trigger_target_dag.py
[2021-11-21 16:01:22,750] {scheduler_job.py:643} INFO - DAG(s) dict_keys(['example_trigger_target_dag']) retrieved from /home/airflow/sandbox/lib/python3.8/site-packages/airflow/example_dags/example_trigger_target_dag.py
[2021-11-21 16:01:22,860] {logging_mixin.py:104} INFO - [2021-11-21 16:01:22,859] {dag.py:1832} INFO - Sync 1 DAGs
[2021-11-21 16:01:22,947] {logging_mixin.py:104} INFO - [2021-11-21 16:01:22,947] {dag.py:2305} INFO - Setting next_dagrun for example_trigger_target_dag to None
[2021-11-21 16:01:23,043] {scheduler_job.py:190} INFO - Processing /home/airflow/sandbox/lib/python3.8/site-packages/airflow/example_dags/example_trigger_target_dag.py took 0.466 seconds
[2021-11-21 16:02:22,105] {scheduler_job.py:182} INFO - Started process (PID=5752) to work on /home/airflow/sandbox/lib/python3.8/site-packages/airflow/example_dags/example_trigger_target_dag.py
[2021-11-21 16:02:22,119] {scheduler_job.py:633} INFO - Processing file /home/airflow/sandbox/lib/python3.8/site-packages/airflow/example_dags/example_trigger_target_dag.py for tasks to queue
[2021-11-21 16:02:22,120] {logging_mixin.py:104} INFO - [2021-11-21 16:02:22,120] {dagbag.py:487} INFO - Filling up the DagBag from /home/airflow/sandbox/lib/python3.8/site-packages/airflow/example_dags/example_trigger_target_dag.py
[2021-11-21 16:02:22,181] {scheduler_job.py:643} INFO - DAG(s) dict_keys(['example_trigger_target_dag']) retrieved from /home/airflow/sandbox/lib/python3.8/site-packages/airflow/example_dags/example_trigger_target_dag.py
[2021-11-21 16:02:22,215] {logging_mixin.py:104} INFO - [2021-11-21 16:02:22,215] {dag.py:1832} INFO - Sync 1 DAGs
[2021-11-21 16:02:22,240] {logging_mixin.py:104} INFO - [2021-11-21 16:02:22,240] {dag.py:2305} INFO - Setting next_dagrun for example_trigger_target_dag to None
[2021-11-21 16:02:22,309] {scheduler_job.py:190} INFO - Processing /home/airflow/sandbox/lib/python3.8/site-packages/airflow/example_dags/example_trigger_target_dag.py took 0.216 seconds
[2021-11-21 16:03:16,017] {scheduler_job.py:182} INFO - Started process (PID=5790) to work on /home/airflow/sandbox/lib/python3.8/site-packages/airflow/example_dags/example_trigger_target_dag.py
[2021-11-21 16:03:16,024] {scheduler_job.py:633} INFO - Processing file /home/airflow/sandbox/lib/python3.8/site-packages/airflow/example_dags/example_trigger_target_dag.py for tasks to queue
[2021-11-21 16:03:16,026] {logging_mixin.py:104} INFO - [2021-11-21 16:03:16,026] {dagbag.py:487} INFO - Filling up the DagBag from /home/airflow/sandbox/lib/python3.8/site-packages/airflow/example_dags/example_trigger_target_dag.py
[2021-11-21 16:03:16,131] {scheduler_job.py:643} INFO - DAG(s) dict_keys(['example_trigger_target_dag']) retrieved from /home/airflow/sandbox/lib/python3.8/site-packages/airflow/example_dags/example_trigger_target_dag.py
[2021-11-21 16:03:16,207] {logging_mixin.py:104} INFO - [2021-11-21 16:03:16,206] {dag.py:1832} INFO - Sync 1 DAGs
[2021-11-21 16:03:16,282] {logging_mixin.py:104} INFO - [2021-11-21 16:03:16,282] {dag.py:2305} INFO - Setting next_dagrun for example_trigger_target_dag to None
[2021-11-21 16:03:16,398] {scheduler_job.py:190} INFO - Processing /home/airflow/sandbox/lib/python3.8/site-packages/airflow/example_dags/example_trigger_target_dag.py took 0.401 seconds
[2021-11-21 16:04:08,047] {scheduler_job.py:182} INFO - Started process (PID=5868) to work on /home/airflow/sandbox/lib/python3.8/site-packages/airflow/example_dags/example_trigger_target_dag.py
[2021-11-21 16:04:08,063] {scheduler_job.py:633} INFO - Processing file /home/airflow/sandbox/lib/python3.8/site-packages/airflow/example_dags/example_trigger_target_dag.py for tasks to queue
[2021-11-21 16:04:08,080] {logging_mixin.py:104} INFO - [2021-11-21 16:04:08,080] {dagbag.py:487} INFO - Filling up the DagBag from /home/airflow/sandbox/lib/python3.8/site-packages/airflow/example_dags/example_trigger_target_dag.py
[2021-11-21 16:04:08,201] {scheduler_job.py:643} INFO - DAG(s) dict_keys(['example_trigger_target_dag']) retrieved from /home/airflow/sandbox/lib/python3.8/site-packages/airflow/example_dags/example_trigger_target_dag.py
[2021-11-21 16:04:08,294] {logging_mixin.py:104} INFO - [2021-11-21 16:04:08,294] {dag.py:1832} INFO - Sync 1 DAGs
[2021-11-21 16:04:08,325] {logging_mixin.py:104} INFO - [2021-11-21 16:04:08,325] {dag.py:2305} INFO - Setting next_dagrun for example_trigger_target_dag to None
[2021-11-21 16:04:08,388] {scheduler_job.py:190} INFO - Processing /home/airflow/sandbox/lib/python3.8/site-packages/airflow/example_dags/example_trigger_target_dag.py took 0.353 seconds
[2021-11-21 16:04:57,627] {scheduler_job.py:182} INFO - Started process (PID=5903) to work on /home/airflow/sandbox/lib/python3.8/site-packages/airflow/example_dags/example_trigger_target_dag.py
[2021-11-21 16:04:57,635] {scheduler_job.py:633} INFO - Processing file /home/airflow/sandbox/lib/python3.8/site-packages/airflow/example_dags/example_trigger_target_dag.py for tasks to queue
[2021-11-21 16:04:57,644] {logging_mixin.py:104} INFO - [2021-11-21 16:04:57,644] {dagbag.py:487} INFO - Filling up the DagBag from /home/airflow/sandbox/lib/python3.8/site-packages/airflow/example_dags/example_trigger_target_dag.py
[2021-11-21 16:04:57,717] {scheduler_job.py:643} INFO - DAG(s) dict_keys(['example_trigger_target_dag']) retrieved from /home/airflow/sandbox/lib/python3.8/site-packages/airflow/example_dags/example_trigger_target_dag.py
[2021-11-21 16:04:57,750] {logging_mixin.py:104} INFO - [2021-11-21 16:04:57,750] {dag.py:1832} INFO - Sync 1 DAGs
[2021-11-21 16:04:57,778] {logging_mixin.py:104} INFO - [2021-11-21 16:04:57,778] {dag.py:2305} INFO - Setting next_dagrun for example_trigger_target_dag to None
[2021-11-21 16:04:57,828] {scheduler_job.py:190} INFO - Processing /home/airflow/sandbox/lib/python3.8/site-packages/airflow/example_dags/example_trigger_target_dag.py took 0.219 seconds
[2021-11-21 16:05:50,006] {scheduler_job.py:182} INFO - Started process (PID=5937) to work on /home/airflow/sandbox/lib/python3.8/site-packages/airflow/example_dags/example_trigger_target_dag.py
[2021-11-21 16:05:50,029] {scheduler_job.py:633} INFO - Processing file /home/airflow/sandbox/lib/python3.8/site-packages/airflow/example_dags/example_trigger_target_dag.py for tasks to queue
[2021-11-21 16:05:50,032] {logging_mixin.py:104} INFO - [2021-11-21 16:05:50,031] {dagbag.py:487} INFO - Filling up the DagBag from /home/airflow/sandbox/lib/python3.8/site-packages/airflow/example_dags/example_trigger_target_dag.py
[2021-11-21 16:05:50,143] {scheduler_job.py:643} INFO - DAG(s) dict_keys(['example_trigger_target_dag']) retrieved from /home/airflow/sandbox/lib/python3.8/site-packages/airflow/example_dags/example_trigger_target_dag.py
[2021-11-21 16:05:50,189] {logging_mixin.py:104} INFO - [2021-11-21 16:05:50,189] {dag.py:1832} INFO - Sync 1 DAGs
[2021-11-21 16:05:50,235] {logging_mixin.py:104} INFO - [2021-11-21 16:05:50,235] {dag.py:2305} INFO - Setting next_dagrun for example_trigger_target_dag to None
[2021-11-21 16:05:50,314] {scheduler_job.py:190} INFO - Processing /home/airflow/sandbox/lib/python3.8/site-packages/airflow/example_dags/example_trigger_target_dag.py took 0.330 seconds
