[2021-11-21 15:39:12,117] {scheduler_job.py:182} INFO - Started process (PID=2904) to work on /home/airflow/sandbox/lib/python3.8/site-packages/airflow/example_dags/example_python_operator.py
[2021-11-21 15:39:12,126] {scheduler_job.py:633} INFO - Processing file /home/airflow/sandbox/lib/python3.8/site-packages/airflow/example_dags/example_python_operator.py for tasks to queue
[2021-11-21 15:39:12,129] {logging_mixin.py:104} INFO - [2021-11-21 15:39:12,128] {dagbag.py:487} INFO - Filling up the DagBag from /home/airflow/sandbox/lib/python3.8/site-packages/airflow/example_dags/example_python_operator.py
[2021-11-21 15:39:12,257] {scheduler_job.py:643} INFO - DAG(s) dict_keys(['example_python_operator']) retrieved from /home/airflow/sandbox/lib/python3.8/site-packages/airflow/example_dags/example_python_operator.py
[2021-11-21 15:39:13,244] {logging_mixin.py:104} INFO - [2021-11-21 15:39:13,244] {dag.py:1832} INFO - Sync 1 DAGs
[2021-11-21 15:39:13,365] {logging_mixin.py:104} INFO - [2021-11-21 15:39:13,365] {dag.py:2305} INFO - Setting next_dagrun for example_python_operator to None
[2021-11-21 15:39:13,465] {scheduler_job.py:190} INFO - Processing /home/airflow/sandbox/lib/python3.8/site-packages/airflow/example_dags/example_python_operator.py took 1.388 seconds
[2021-11-21 15:44:20,075] {scheduler_job.py:182} INFO - Started process (PID=3839) to work on /home/airflow/sandbox/lib/python3.8/site-packages/airflow/example_dags/example_python_operator.py
[2021-11-21 15:44:20,084] {scheduler_job.py:633} INFO - Processing file /home/airflow/sandbox/lib/python3.8/site-packages/airflow/example_dags/example_python_operator.py for tasks to queue
[2021-11-21 15:44:20,086] {logging_mixin.py:104} INFO - [2021-11-21 15:44:20,085] {dagbag.py:487} INFO - Filling up the DagBag from /home/airflow/sandbox/lib/python3.8/site-packages/airflow/example_dags/example_python_operator.py
[2021-11-21 15:44:20,293] {scheduler_job.py:643} INFO - DAG(s) dict_keys(['example_python_operator']) retrieved from /home/airflow/sandbox/lib/python3.8/site-packages/airflow/example_dags/example_python_operator.py
[2021-11-21 15:44:20,432] {logging_mixin.py:104} INFO - [2021-11-21 15:44:20,429] {dag.py:1832} INFO - Sync 1 DAGs
[2021-11-21 15:44:20,518] {logging_mixin.py:104} INFO - [2021-11-21 15:44:20,518] {dag.py:2305} INFO - Setting next_dagrun for example_python_operator to None
[2021-11-21 15:44:20,696] {scheduler_job.py:190} INFO - Processing /home/airflow/sandbox/lib/python3.8/site-packages/airflow/example_dags/example_python_operator.py took 0.640 seconds
[2021-11-21 15:45:13,787] {scheduler_job.py:182} INFO - Started process (PID=3871) to work on /home/airflow/sandbox/lib/python3.8/site-packages/airflow/example_dags/example_python_operator.py
[2021-11-21 15:45:13,795] {scheduler_job.py:633} INFO - Processing file /home/airflow/sandbox/lib/python3.8/site-packages/airflow/example_dags/example_python_operator.py for tasks to queue
[2021-11-21 15:45:13,796] {logging_mixin.py:104} INFO - [2021-11-21 15:45:13,796] {dagbag.py:487} INFO - Filling up the DagBag from /home/airflow/sandbox/lib/python3.8/site-packages/airflow/example_dags/example_python_operator.py
[2021-11-21 15:45:13,958] {scheduler_job.py:643} INFO - DAG(s) dict_keys(['example_python_operator']) retrieved from /home/airflow/sandbox/lib/python3.8/site-packages/airflow/example_dags/example_python_operator.py
[2021-11-21 15:45:14,068] {logging_mixin.py:104} INFO - [2021-11-21 15:45:14,068] {dag.py:1832} INFO - Sync 1 DAGs
[2021-11-21 15:45:14,177] {logging_mixin.py:104} INFO - [2021-11-21 15:45:14,177] {dag.py:2305} INFO - Setting next_dagrun for example_python_operator to None
[2021-11-21 15:45:14,252] {scheduler_job.py:190} INFO - Processing /home/airflow/sandbox/lib/python3.8/site-packages/airflow/example_dags/example_python_operator.py took 0.477 seconds
[2021-11-21 15:46:03,967] {scheduler_job.py:182} INFO - Started process (PID=3904) to work on /home/airflow/sandbox/lib/python3.8/site-packages/airflow/example_dags/example_python_operator.py
[2021-11-21 15:46:03,974] {scheduler_job.py:633} INFO - Processing file /home/airflow/sandbox/lib/python3.8/site-packages/airflow/example_dags/example_python_operator.py for tasks to queue
[2021-11-21 15:46:03,976] {logging_mixin.py:104} INFO - [2021-11-21 15:46:03,976] {dagbag.py:487} INFO - Filling up the DagBag from /home/airflow/sandbox/lib/python3.8/site-packages/airflow/example_dags/example_python_operator.py
[2021-11-21 15:46:04,151] {scheduler_job.py:643} INFO - DAG(s) dict_keys(['example_python_operator']) retrieved from /home/airflow/sandbox/lib/python3.8/site-packages/airflow/example_dags/example_python_operator.py
[2021-11-21 15:46:04,263] {logging_mixin.py:104} INFO - [2021-11-21 15:46:04,262] {dag.py:1832} INFO - Sync 1 DAGs
[2021-11-21 15:46:04,403] {logging_mixin.py:104} INFO - [2021-11-21 15:46:04,403] {dag.py:2305} INFO - Setting next_dagrun for example_python_operator to None
[2021-11-21 15:46:04,474] {scheduler_job.py:190} INFO - Processing /home/airflow/sandbox/lib/python3.8/site-packages/airflow/example_dags/example_python_operator.py took 0.520 seconds
[2021-11-21 15:47:13,227] {scheduler_job.py:182} INFO - Started process (PID=4003) to work on /home/airflow/sandbox/lib/python3.8/site-packages/airflow/example_dags/example_python_operator.py
[2021-11-21 15:47:13,253] {scheduler_job.py:633} INFO - Processing file /home/airflow/sandbox/lib/python3.8/site-packages/airflow/example_dags/example_python_operator.py for tasks to queue
[2021-11-21 15:47:13,255] {logging_mixin.py:104} INFO - [2021-11-21 15:47:13,255] {dagbag.py:487} INFO - Filling up the DagBag from /home/airflow/sandbox/lib/python3.8/site-packages/airflow/example_dags/example_python_operator.py
[2021-11-21 15:47:13,395] {scheduler_job.py:643} INFO - DAG(s) dict_keys(['example_python_operator']) retrieved from /home/airflow/sandbox/lib/python3.8/site-packages/airflow/example_dags/example_python_operator.py
[2021-11-21 15:47:13,530] {logging_mixin.py:104} INFO - [2021-11-21 15:47:13,529] {dag.py:1832} INFO - Sync 1 DAGs
[2021-11-21 15:47:13,633] {logging_mixin.py:104} INFO - [2021-11-21 15:47:13,632] {dag.py:2305} INFO - Setting next_dagrun for example_python_operator to None
[2021-11-21 15:47:13,805] {scheduler_job.py:190} INFO - Processing /home/airflow/sandbox/lib/python3.8/site-packages/airflow/example_dags/example_python_operator.py took 0.596 seconds
[2021-11-21 15:48:11,248] {scheduler_job.py:182} INFO - Started process (PID=4036) to work on /home/airflow/sandbox/lib/python3.8/site-packages/airflow/example_dags/example_python_operator.py
[2021-11-21 15:48:11,257] {scheduler_job.py:633} INFO - Processing file /home/airflow/sandbox/lib/python3.8/site-packages/airflow/example_dags/example_python_operator.py for tasks to queue
[2021-11-21 15:48:11,259] {logging_mixin.py:104} INFO - [2021-11-21 15:48:11,259] {dagbag.py:487} INFO - Filling up the DagBag from /home/airflow/sandbox/lib/python3.8/site-packages/airflow/example_dags/example_python_operator.py
[2021-11-21 15:48:11,400] {scheduler_job.py:643} INFO - DAG(s) dict_keys(['example_python_operator']) retrieved from /home/airflow/sandbox/lib/python3.8/site-packages/airflow/example_dags/example_python_operator.py
[2021-11-21 15:48:11,503] {logging_mixin.py:104} INFO - [2021-11-21 15:48:11,502] {dag.py:1832} INFO - Sync 1 DAGs
[2021-11-21 15:48:11,619] {logging_mixin.py:104} INFO - [2021-11-21 15:48:11,619] {dag.py:2305} INFO - Setting next_dagrun for example_python_operator to None
[2021-11-21 15:48:11,791] {scheduler_job.py:190} INFO - Processing /home/airflow/sandbox/lib/python3.8/site-packages/airflow/example_dags/example_python_operator.py took 0.558 seconds
[2021-11-21 15:49:16,379] {scheduler_job.py:182} INFO - Started process (PID=4157) to work on /home/airflow/sandbox/lib/python3.8/site-packages/airflow/example_dags/example_python_operator.py
[2021-11-21 15:49:16,412] {scheduler_job.py:633} INFO - Processing file /home/airflow/sandbox/lib/python3.8/site-packages/airflow/example_dags/example_python_operator.py for tasks to queue
[2021-11-21 15:49:16,414] {logging_mixin.py:104} INFO - [2021-11-21 15:49:16,414] {dagbag.py:487} INFO - Filling up the DagBag from /home/airflow/sandbox/lib/python3.8/site-packages/airflow/example_dags/example_python_operator.py
[2021-11-21 15:49:16,529] {scheduler_job.py:643} INFO - DAG(s) dict_keys(['example_python_operator']) retrieved from /home/airflow/sandbox/lib/python3.8/site-packages/airflow/example_dags/example_python_operator.py
[2021-11-21 15:49:16,632] {logging_mixin.py:104} INFO - [2021-11-21 15:49:16,632] {dag.py:1832} INFO - Sync 1 DAGs
[2021-11-21 15:49:16,815] {logging_mixin.py:104} INFO - [2021-11-21 15:49:16,815] {dag.py:2305} INFO - Setting next_dagrun for example_python_operator to None
[2021-11-21 15:49:17,162] {scheduler_job.py:190} INFO - Processing /home/airflow/sandbox/lib/python3.8/site-packages/airflow/example_dags/example_python_operator.py took 0.801 seconds
[2021-11-21 15:50:26,891] {scheduler_job.py:182} INFO - Started process (PID=4295) to work on /home/airflow/sandbox/lib/python3.8/site-packages/airflow/example_dags/example_python_operator.py
[2021-11-21 15:50:26,903] {scheduler_job.py:633} INFO - Processing file /home/airflow/sandbox/lib/python3.8/site-packages/airflow/example_dags/example_python_operator.py for tasks to queue
[2021-11-21 15:50:26,905] {logging_mixin.py:104} INFO - [2021-11-21 15:50:26,905] {dagbag.py:487} INFO - Filling up the DagBag from /home/airflow/sandbox/lib/python3.8/site-packages/airflow/example_dags/example_python_operator.py
[2021-11-21 15:50:27,038] {scheduler_job.py:643} INFO - DAG(s) dict_keys(['example_python_operator']) retrieved from /home/airflow/sandbox/lib/python3.8/site-packages/airflow/example_dags/example_python_operator.py
[2021-11-21 15:50:27,140] {logging_mixin.py:104} INFO - [2021-11-21 15:50:27,139] {dag.py:1832} INFO - Sync 1 DAGs
[2021-11-21 15:50:27,253] {logging_mixin.py:104} INFO - [2021-11-21 15:50:27,253] {dag.py:2305} INFO - Setting next_dagrun for example_python_operator to None
[2021-11-21 15:50:27,427] {scheduler_job.py:190} INFO - Processing /home/airflow/sandbox/lib/python3.8/site-packages/airflow/example_dags/example_python_operator.py took 0.553 seconds
[2021-11-21 15:51:29,168] {scheduler_job.py:182} INFO - Started process (PID=4447) to work on /home/airflow/sandbox/lib/python3.8/site-packages/airflow/example_dags/example_python_operator.py
[2021-11-21 15:51:29,174] {scheduler_job.py:633} INFO - Processing file /home/airflow/sandbox/lib/python3.8/site-packages/airflow/example_dags/example_python_operator.py for tasks to queue
[2021-11-21 15:51:29,182] {logging_mixin.py:104} INFO - [2021-11-21 15:51:29,182] {dagbag.py:487} INFO - Filling up the DagBag from /home/airflow/sandbox/lib/python3.8/site-packages/airflow/example_dags/example_python_operator.py
[2021-11-21 15:51:29,210] {scheduler_job.py:643} INFO - DAG(s) dict_keys(['example_python_operator']) retrieved from /home/airflow/sandbox/lib/python3.8/site-packages/airflow/example_dags/example_python_operator.py
[2021-11-21 15:51:29,247] {logging_mixin.py:104} INFO - [2021-11-21 15:51:29,246] {dag.py:1832} INFO - Sync 1 DAGs
[2021-11-21 15:51:29,270] {logging_mixin.py:104} INFO - [2021-11-21 15:51:29,270] {dag.py:2305} INFO - Setting next_dagrun for example_python_operator to None
[2021-11-21 15:51:29,315] {scheduler_job.py:190} INFO - Processing /home/airflow/sandbox/lib/python3.8/site-packages/airflow/example_dags/example_python_operator.py took 0.152 seconds
[2021-11-21 15:52:25,953] {scheduler_job.py:182} INFO - Started process (PID=4600) to work on /home/airflow/sandbox/lib/python3.8/site-packages/airflow/example_dags/example_python_operator.py
[2021-11-21 15:52:25,986] {scheduler_job.py:633} INFO - Processing file /home/airflow/sandbox/lib/python3.8/site-packages/airflow/example_dags/example_python_operator.py for tasks to queue
[2021-11-21 15:52:25,989] {logging_mixin.py:104} INFO - [2021-11-21 15:52:25,989] {dagbag.py:487} INFO - Filling up the DagBag from /home/airflow/sandbox/lib/python3.8/site-packages/airflow/example_dags/example_python_operator.py
[2021-11-21 15:52:26,160] {scheduler_job.py:643} INFO - DAG(s) dict_keys(['example_python_operator']) retrieved from /home/airflow/sandbox/lib/python3.8/site-packages/airflow/example_dags/example_python_operator.py
[2021-11-21 15:52:26,298] {logging_mixin.py:104} INFO - [2021-11-21 15:52:26,298] {dag.py:1832} INFO - Sync 1 DAGs
[2021-11-21 15:52:26,414] {logging_mixin.py:104} INFO - [2021-11-21 15:52:26,413] {dag.py:2305} INFO - Setting next_dagrun for example_python_operator to None
[2021-11-21 15:52:26,555] {scheduler_job.py:190} INFO - Processing /home/airflow/sandbox/lib/python3.8/site-packages/airflow/example_dags/example_python_operator.py took 0.680 seconds
[2021-11-21 15:53:30,645] {scheduler_job.py:182} INFO - Started process (PID=4804) to work on /home/airflow/sandbox/lib/python3.8/site-packages/airflow/example_dags/example_python_operator.py
[2021-11-21 15:53:30,684] {scheduler_job.py:633} INFO - Processing file /home/airflow/sandbox/lib/python3.8/site-packages/airflow/example_dags/example_python_operator.py for tasks to queue
[2021-11-21 15:53:30,714] {logging_mixin.py:104} INFO - [2021-11-21 15:53:30,714] {dagbag.py:487} INFO - Filling up the DagBag from /home/airflow/sandbox/lib/python3.8/site-packages/airflow/example_dags/example_python_operator.py
[2021-11-21 15:53:30,793] {scheduler_job.py:643} INFO - DAG(s) dict_keys(['example_python_operator']) retrieved from /home/airflow/sandbox/lib/python3.8/site-packages/airflow/example_dags/example_python_operator.py
[2021-11-21 15:53:30,900] {logging_mixin.py:104} INFO - [2021-11-21 15:53:30,900] {dag.py:1832} INFO - Sync 1 DAGs
[2021-11-21 15:53:30,941] {logging_mixin.py:104} INFO - [2021-11-21 15:53:30,941] {dag.py:2305} INFO - Setting next_dagrun for example_python_operator to None
[2021-11-21 15:53:31,048] {scheduler_job.py:190} INFO - Processing /home/airflow/sandbox/lib/python3.8/site-packages/airflow/example_dags/example_python_operator.py took 0.410 seconds
[2021-11-21 15:54:31,782] {scheduler_job.py:182} INFO - Started process (PID=4898) to work on /home/airflow/sandbox/lib/python3.8/site-packages/airflow/example_dags/example_python_operator.py
[2021-11-21 15:54:31,791] {scheduler_job.py:633} INFO - Processing file /home/airflow/sandbox/lib/python3.8/site-packages/airflow/example_dags/example_python_operator.py for tasks to queue
[2021-11-21 15:54:31,793] {logging_mixin.py:104} INFO - [2021-11-21 15:54:31,792] {dagbag.py:487} INFO - Filling up the DagBag from /home/airflow/sandbox/lib/python3.8/site-packages/airflow/example_dags/example_python_operator.py
[2021-11-21 15:54:31,875] {scheduler_job.py:643} INFO - DAG(s) dict_keys(['example_python_operator']) retrieved from /home/airflow/sandbox/lib/python3.8/site-packages/airflow/example_dags/example_python_operator.py
[2021-11-21 15:54:31,911] {logging_mixin.py:104} INFO - [2021-11-21 15:54:31,910] {dag.py:1832} INFO - Sync 1 DAGs
[2021-11-21 15:54:31,934] {logging_mixin.py:104} INFO - [2021-11-21 15:54:31,934] {dag.py:2305} INFO - Setting next_dagrun for example_python_operator to None
[2021-11-21 15:54:31,996] {scheduler_job.py:190} INFO - Processing /home/airflow/sandbox/lib/python3.8/site-packages/airflow/example_dags/example_python_operator.py took 0.223 seconds
[2021-11-21 15:55:16,922] {scheduler_job.py:182} INFO - Started process (PID=4987) to work on /home/airflow/sandbox/lib/python3.8/site-packages/airflow/example_dags/example_python_operator.py
[2021-11-21 15:55:16,930] {scheduler_job.py:633} INFO - Processing file /home/airflow/sandbox/lib/python3.8/site-packages/airflow/example_dags/example_python_operator.py for tasks to queue
[2021-11-21 15:55:16,932] {logging_mixin.py:104} INFO - [2021-11-21 15:55:16,932] {dagbag.py:487} INFO - Filling up the DagBag from /home/airflow/sandbox/lib/python3.8/site-packages/airflow/example_dags/example_python_operator.py
[2021-11-21 15:55:17,031] {scheduler_job.py:643} INFO - DAG(s) dict_keys(['example_python_operator']) retrieved from /home/airflow/sandbox/lib/python3.8/site-packages/airflow/example_dags/example_python_operator.py
[2021-11-21 15:55:17,076] {logging_mixin.py:104} INFO - [2021-11-21 15:55:17,076] {dag.py:1832} INFO - Sync 1 DAGs
[2021-11-21 15:55:17,103] {logging_mixin.py:104} INFO - [2021-11-21 15:55:17,103] {dag.py:2305} INFO - Setting next_dagrun for example_python_operator to None
[2021-11-21 15:55:17,157] {scheduler_job.py:190} INFO - Processing /home/airflow/sandbox/lib/python3.8/site-packages/airflow/example_dags/example_python_operator.py took 0.250 seconds
[2021-11-21 15:56:10,541] {scheduler_job.py:182} INFO - Started process (PID=5024) to work on /home/airflow/sandbox/lib/python3.8/site-packages/airflow/example_dags/example_python_operator.py
[2021-11-21 15:56:10,565] {scheduler_job.py:633} INFO - Processing file /home/airflow/sandbox/lib/python3.8/site-packages/airflow/example_dags/example_python_operator.py for tasks to queue
[2021-11-21 15:56:10,572] {logging_mixin.py:104} INFO - [2021-11-21 15:56:10,571] {dagbag.py:487} INFO - Filling up the DagBag from /home/airflow/sandbox/lib/python3.8/site-packages/airflow/example_dags/example_python_operator.py
[2021-11-21 15:56:10,857] {scheduler_job.py:643} INFO - DAG(s) dict_keys(['example_python_operator']) retrieved from /home/airflow/sandbox/lib/python3.8/site-packages/airflow/example_dags/example_python_operator.py
[2021-11-21 15:56:11,011] {logging_mixin.py:104} INFO - [2021-11-21 15:56:11,011] {dag.py:1832} INFO - Sync 1 DAGs
[2021-11-21 15:56:11,145] {logging_mixin.py:104} INFO - [2021-11-21 15:56:11,145] {dag.py:2305} INFO - Setting next_dagrun for example_python_operator to None
[2021-11-21 15:56:11,318] {scheduler_job.py:190} INFO - Processing /home/airflow/sandbox/lib/python3.8/site-packages/airflow/example_dags/example_python_operator.py took 0.786 seconds
[2021-11-21 15:57:07,044] {scheduler_job.py:182} INFO - Started process (PID=5140) to work on /home/airflow/sandbox/lib/python3.8/site-packages/airflow/example_dags/example_python_operator.py
[2021-11-21 15:57:07,060] {scheduler_job.py:633} INFO - Processing file /home/airflow/sandbox/lib/python3.8/site-packages/airflow/example_dags/example_python_operator.py for tasks to queue
[2021-11-21 15:57:07,062] {logging_mixin.py:104} INFO - [2021-11-21 15:57:07,062] {dagbag.py:487} INFO - Filling up the DagBag from /home/airflow/sandbox/lib/python3.8/site-packages/airflow/example_dags/example_python_operator.py
[2021-11-21 15:57:07,180] {scheduler_job.py:643} INFO - DAG(s) dict_keys(['example_python_operator']) retrieved from /home/airflow/sandbox/lib/python3.8/site-packages/airflow/example_dags/example_python_operator.py
[2021-11-21 15:57:07,293] {logging_mixin.py:104} INFO - [2021-11-21 15:57:07,293] {dag.py:1832} INFO - Sync 1 DAGs
[2021-11-21 15:57:07,395] {logging_mixin.py:104} INFO - [2021-11-21 15:57:07,395] {dag.py:2305} INFO - Setting next_dagrun for example_python_operator to None
[2021-11-21 15:57:07,533] {scheduler_job.py:190} INFO - Processing /home/airflow/sandbox/lib/python3.8/site-packages/airflow/example_dags/example_python_operator.py took 0.502 seconds
[2021-11-21 15:58:17,331] {scheduler_job.py:182} INFO - Started process (PID=5335) to work on /home/airflow/sandbox/lib/python3.8/site-packages/airflow/example_dags/example_python_operator.py
[2021-11-21 15:58:17,348] {scheduler_job.py:633} INFO - Processing file /home/airflow/sandbox/lib/python3.8/site-packages/airflow/example_dags/example_python_operator.py for tasks to queue
[2021-11-21 15:58:17,352] {logging_mixin.py:104} INFO - [2021-11-21 15:58:17,352] {dagbag.py:487} INFO - Filling up the DagBag from /home/airflow/sandbox/lib/python3.8/site-packages/airflow/example_dags/example_python_operator.py
[2021-11-21 15:58:17,456] {scheduler_job.py:643} INFO - DAG(s) dict_keys(['example_python_operator']) retrieved from /home/airflow/sandbox/lib/python3.8/site-packages/airflow/example_dags/example_python_operator.py
[2021-11-21 15:58:17,604] {logging_mixin.py:104} INFO - [2021-11-21 15:58:17,592] {dag.py:1832} INFO - Sync 1 DAGs
[2021-11-21 15:58:17,634] {logging_mixin.py:104} INFO - [2021-11-21 15:58:17,634] {dag.py:2305} INFO - Setting next_dagrun for example_python_operator to None
[2021-11-21 15:58:17,712] {scheduler_job.py:190} INFO - Processing /home/airflow/sandbox/lib/python3.8/site-packages/airflow/example_dags/example_python_operator.py took 0.392 seconds
[2021-11-21 15:59:14,822] {scheduler_job.py:182} INFO - Started process (PID=5434) to work on /home/airflow/sandbox/lib/python3.8/site-packages/airflow/example_dags/example_python_operator.py
[2021-11-21 15:59:14,833] {scheduler_job.py:633} INFO - Processing file /home/airflow/sandbox/lib/python3.8/site-packages/airflow/example_dags/example_python_operator.py for tasks to queue
[2021-11-21 15:59:14,836] {logging_mixin.py:104} INFO - [2021-11-21 15:59:14,835] {dagbag.py:487} INFO - Filling up the DagBag from /home/airflow/sandbox/lib/python3.8/site-packages/airflow/example_dags/example_python_operator.py
[2021-11-21 15:59:14,970] {scheduler_job.py:643} INFO - DAG(s) dict_keys(['example_python_operator']) retrieved from /home/airflow/sandbox/lib/python3.8/site-packages/airflow/example_dags/example_python_operator.py
[2021-11-21 15:59:15,074] {logging_mixin.py:104} INFO - [2021-11-21 15:59:15,073] {dag.py:1832} INFO - Sync 1 DAGs
[2021-11-21 15:59:15,177] {logging_mixin.py:104} INFO - [2021-11-21 15:59:15,177] {dag.py:2305} INFO - Setting next_dagrun for example_python_operator to None
[2021-11-21 15:59:15,329] {scheduler_job.py:190} INFO - Processing /home/airflow/sandbox/lib/python3.8/site-packages/airflow/example_dags/example_python_operator.py took 0.549 seconds
[2021-11-21 16:00:10,043] {scheduler_job.py:182} INFO - Started process (PID=5528) to work on /home/airflow/sandbox/lib/python3.8/site-packages/airflow/example_dags/example_python_operator.py
[2021-11-21 16:00:10,067] {scheduler_job.py:633} INFO - Processing file /home/airflow/sandbox/lib/python3.8/site-packages/airflow/example_dags/example_python_operator.py for tasks to queue
[2021-11-21 16:00:10,069] {logging_mixin.py:104} INFO - [2021-11-21 16:00:10,069] {dagbag.py:487} INFO - Filling up the DagBag from /home/airflow/sandbox/lib/python3.8/site-packages/airflow/example_dags/example_python_operator.py
[2021-11-21 16:00:10,170] {scheduler_job.py:643} INFO - DAG(s) dict_keys(['example_python_operator']) retrieved from /home/airflow/sandbox/lib/python3.8/site-packages/airflow/example_dags/example_python_operator.py
[2021-11-21 16:00:10,220] {logging_mixin.py:104} INFO - [2021-11-21 16:00:10,219] {dag.py:1832} INFO - Sync 1 DAGs
[2021-11-21 16:00:10,262] {logging_mixin.py:104} INFO - [2021-11-21 16:00:10,262] {dag.py:2305} INFO - Setting next_dagrun for example_python_operator to None
[2021-11-21 16:00:10,303] {scheduler_job.py:190} INFO - Processing /home/airflow/sandbox/lib/python3.8/site-packages/airflow/example_dags/example_python_operator.py took 0.270 seconds
[2021-11-21 16:01:15,882] {scheduler_job.py:182} INFO - Started process (PID=5645) to work on /home/airflow/sandbox/lib/python3.8/site-packages/airflow/example_dags/example_python_operator.py
[2021-11-21 16:01:15,891] {scheduler_job.py:633} INFO - Processing file /home/airflow/sandbox/lib/python3.8/site-packages/airflow/example_dags/example_python_operator.py for tasks to queue
[2021-11-21 16:01:15,893] {logging_mixin.py:104} INFO - [2021-11-21 16:01:15,893] {dagbag.py:487} INFO - Filling up the DagBag from /home/airflow/sandbox/lib/python3.8/site-packages/airflow/example_dags/example_python_operator.py
[2021-11-21 16:01:15,985] {scheduler_job.py:643} INFO - DAG(s) dict_keys(['example_python_operator']) retrieved from /home/airflow/sandbox/lib/python3.8/site-packages/airflow/example_dags/example_python_operator.py
[2021-11-21 16:01:16,019] {logging_mixin.py:104} INFO - [2021-11-21 16:01:16,018] {dag.py:1832} INFO - Sync 1 DAGs
[2021-11-21 16:01:16,054] {logging_mixin.py:104} INFO - [2021-11-21 16:01:16,054] {dag.py:2305} INFO - Setting next_dagrun for example_python_operator to None
[2021-11-21 16:01:16,128] {scheduler_job.py:190} INFO - Processing /home/airflow/sandbox/lib/python3.8/site-packages/airflow/example_dags/example_python_operator.py took 0.257 seconds
[2021-11-21 16:02:15,577] {scheduler_job.py:182} INFO - Started process (PID=5748) to work on /home/airflow/sandbox/lib/python3.8/site-packages/airflow/example_dags/example_python_operator.py
[2021-11-21 16:02:15,584] {scheduler_job.py:633} INFO - Processing file /home/airflow/sandbox/lib/python3.8/site-packages/airflow/example_dags/example_python_operator.py for tasks to queue
[2021-11-21 16:02:15,586] {logging_mixin.py:104} INFO - [2021-11-21 16:02:15,586] {dagbag.py:487} INFO - Filling up the DagBag from /home/airflow/sandbox/lib/python3.8/site-packages/airflow/example_dags/example_python_operator.py
[2021-11-21 16:02:15,681] {scheduler_job.py:643} INFO - DAG(s) dict_keys(['example_python_operator']) retrieved from /home/airflow/sandbox/lib/python3.8/site-packages/airflow/example_dags/example_python_operator.py
[2021-11-21 16:02:15,779] {logging_mixin.py:104} INFO - [2021-11-21 16:02:15,779] {dag.py:1832} INFO - Sync 1 DAGs
[2021-11-21 16:02:15,808] {logging_mixin.py:104} INFO - [2021-11-21 16:02:15,808] {dag.py:2305} INFO - Setting next_dagrun for example_python_operator to None
[2021-11-21 16:02:15,864] {scheduler_job.py:190} INFO - Processing /home/airflow/sandbox/lib/python3.8/site-packages/airflow/example_dags/example_python_operator.py took 0.297 seconds
[2021-11-21 16:03:09,701] {scheduler_job.py:182} INFO - Started process (PID=5786) to work on /home/airflow/sandbox/lib/python3.8/site-packages/airflow/example_dags/example_python_operator.py
[2021-11-21 16:03:09,719] {scheduler_job.py:633} INFO - Processing file /home/airflow/sandbox/lib/python3.8/site-packages/airflow/example_dags/example_python_operator.py for tasks to queue
[2021-11-21 16:03:09,722] {logging_mixin.py:104} INFO - [2021-11-21 16:03:09,722] {dagbag.py:487} INFO - Filling up the DagBag from /home/airflow/sandbox/lib/python3.8/site-packages/airflow/example_dags/example_python_operator.py
[2021-11-21 16:03:09,840] {scheduler_job.py:643} INFO - DAG(s) dict_keys(['example_python_operator']) retrieved from /home/airflow/sandbox/lib/python3.8/site-packages/airflow/example_dags/example_python_operator.py
[2021-11-21 16:03:09,947] {logging_mixin.py:104} INFO - [2021-11-21 16:03:09,947] {dag.py:1832} INFO - Sync 1 DAGs
[2021-11-21 16:03:09,984] {logging_mixin.py:104} INFO - [2021-11-21 16:03:09,984] {dag.py:2305} INFO - Setting next_dagrun for example_python_operator to None
[2021-11-21 16:03:10,067] {scheduler_job.py:190} INFO - Processing /home/airflow/sandbox/lib/python3.8/site-packages/airflow/example_dags/example_python_operator.py took 0.378 seconds
[2021-11-21 16:04:01,985] {scheduler_job.py:182} INFO - Started process (PID=5864) to work on /home/airflow/sandbox/lib/python3.8/site-packages/airflow/example_dags/example_python_operator.py
[2021-11-21 16:04:01,995] {scheduler_job.py:633} INFO - Processing file /home/airflow/sandbox/lib/python3.8/site-packages/airflow/example_dags/example_python_operator.py for tasks to queue
[2021-11-21 16:04:01,997] {logging_mixin.py:104} INFO - [2021-11-21 16:04:01,997] {dagbag.py:487} INFO - Filling up the DagBag from /home/airflow/sandbox/lib/python3.8/site-packages/airflow/example_dags/example_python_operator.py
[2021-11-21 16:04:02,136] {scheduler_job.py:643} INFO - DAG(s) dict_keys(['example_python_operator']) retrieved from /home/airflow/sandbox/lib/python3.8/site-packages/airflow/example_dags/example_python_operator.py
[2021-11-21 16:04:02,244] {logging_mixin.py:104} INFO - [2021-11-21 16:04:02,244] {dag.py:1832} INFO - Sync 1 DAGs
[2021-11-21 16:04:02,317] {logging_mixin.py:104} INFO - [2021-11-21 16:04:02,316] {dag.py:2305} INFO - Setting next_dagrun for example_python_operator to None
[2021-11-21 16:04:02,392] {scheduler_job.py:190} INFO - Processing /home/airflow/sandbox/lib/python3.8/site-packages/airflow/example_dags/example_python_operator.py took 0.423 seconds
[2021-11-21 16:04:51,572] {scheduler_job.py:182} INFO - Started process (PID=5899) to work on /home/airflow/sandbox/lib/python3.8/site-packages/airflow/example_dags/example_python_operator.py
[2021-11-21 16:04:51,580] {scheduler_job.py:633} INFO - Processing file /home/airflow/sandbox/lib/python3.8/site-packages/airflow/example_dags/example_python_operator.py for tasks to queue
[2021-11-21 16:04:51,582] {logging_mixin.py:104} INFO - [2021-11-21 16:04:51,582] {dagbag.py:487} INFO - Filling up the DagBag from /home/airflow/sandbox/lib/python3.8/site-packages/airflow/example_dags/example_python_operator.py
[2021-11-21 16:04:51,671] {scheduler_job.py:643} INFO - DAG(s) dict_keys(['example_python_operator']) retrieved from /home/airflow/sandbox/lib/python3.8/site-packages/airflow/example_dags/example_python_operator.py
[2021-11-21 16:04:51,704] {logging_mixin.py:104} INFO - [2021-11-21 16:04:51,703] {dag.py:1832} INFO - Sync 1 DAGs
[2021-11-21 16:04:51,741] {logging_mixin.py:104} INFO - [2021-11-21 16:04:51,741] {dag.py:2305} INFO - Setting next_dagrun for example_python_operator to None
[2021-11-21 16:04:51,806] {scheduler_job.py:190} INFO - Processing /home/airflow/sandbox/lib/python3.8/site-packages/airflow/example_dags/example_python_operator.py took 0.246 seconds
[2021-11-21 16:05:43,797] {scheduler_job.py:182} INFO - Started process (PID=5933) to work on /home/airflow/sandbox/lib/python3.8/site-packages/airflow/example_dags/example_python_operator.py
[2021-11-21 16:05:43,824] {scheduler_job.py:633} INFO - Processing file /home/airflow/sandbox/lib/python3.8/site-packages/airflow/example_dags/example_python_operator.py for tasks to queue
[2021-11-21 16:05:43,845] {logging_mixin.py:104} INFO - [2021-11-21 16:05:43,845] {dagbag.py:487} INFO - Filling up the DagBag from /home/airflow/sandbox/lib/python3.8/site-packages/airflow/example_dags/example_python_operator.py
[2021-11-21 16:05:43,914] {scheduler_job.py:643} INFO - DAG(s) dict_keys(['example_python_operator']) retrieved from /home/airflow/sandbox/lib/python3.8/site-packages/airflow/example_dags/example_python_operator.py
[2021-11-21 16:05:44,004] {logging_mixin.py:104} INFO - [2021-11-21 16:05:44,003] {dag.py:1832} INFO - Sync 1 DAGs
[2021-11-21 16:05:44,045] {logging_mixin.py:104} INFO - [2021-11-21 16:05:44,045] {dag.py:2305} INFO - Setting next_dagrun for example_python_operator to None
[2021-11-21 16:05:44,101] {scheduler_job.py:190} INFO - Processing /home/airflow/sandbox/lib/python3.8/site-packages/airflow/example_dags/example_python_operator.py took 0.322 seconds
