[2021-11-21 15:38:52,330] {scheduler_job.py:182} INFO - Started process (PID=2866) to work on /home/airflow/sandbox/lib/python3.8/site-packages/airflow/example_dags/tutorial_taskflow_api_etl_virtualenv.py
[2021-11-21 15:38:52,345] {scheduler_job.py:633} INFO - Processing file /home/airflow/sandbox/lib/python3.8/site-packages/airflow/example_dags/tutorial_taskflow_api_etl_virtualenv.py for tasks to queue
[2021-11-21 15:38:52,355] {logging_mixin.py:104} INFO - [2021-11-21 15:38:52,354] {dagbag.py:487} INFO - Filling up the DagBag from /home/airflow/sandbox/lib/python3.8/site-packages/airflow/example_dags/tutorial_taskflow_api_etl_virtualenv.py
[2021-11-21 15:38:52,461] {scheduler_job.py:643} INFO - DAG(s) dict_keys(['tutorial_taskflow_api_etl_virtualenv']) retrieved from /home/airflow/sandbox/lib/python3.8/site-packages/airflow/example_dags/tutorial_taskflow_api_etl_virtualenv.py
[2021-11-21 15:38:53,526] {logging_mixin.py:104} INFO - [2021-11-21 15:38:53,526] {dag.py:1832} INFO - Sync 1 DAGs
[2021-11-21 15:38:53,576] {logging_mixin.py:104} INFO - [2021-11-21 15:38:53,576] {dag.py:2305} INFO - Setting next_dagrun for tutorial_taskflow_api_etl_virtualenv to None
[2021-11-21 15:38:53,641] {scheduler_job.py:190} INFO - Processing /home/airflow/sandbox/lib/python3.8/site-packages/airflow/example_dags/tutorial_taskflow_api_etl_virtualenv.py took 1.335 seconds
[2021-11-21 15:44:05,268] {scheduler_job.py:182} INFO - Started process (PID=3755) to work on /home/airflow/sandbox/lib/python3.8/site-packages/airflow/example_dags/tutorial_taskflow_api_etl_virtualenv.py
[2021-11-21 15:44:05,306] {scheduler_job.py:633} INFO - Processing file /home/airflow/sandbox/lib/python3.8/site-packages/airflow/example_dags/tutorial_taskflow_api_etl_virtualenv.py for tasks to queue
[2021-11-21 15:44:05,308] {logging_mixin.py:104} INFO - [2021-11-21 15:44:05,308] {dagbag.py:487} INFO - Filling up the DagBag from /home/airflow/sandbox/lib/python3.8/site-packages/airflow/example_dags/tutorial_taskflow_api_etl_virtualenv.py
[2021-11-21 15:44:05,447] {scheduler_job.py:643} INFO - DAG(s) dict_keys(['tutorial_taskflow_api_etl_virtualenv']) retrieved from /home/airflow/sandbox/lib/python3.8/site-packages/airflow/example_dags/tutorial_taskflow_api_etl_virtualenv.py
[2021-11-21 15:44:06,331] {logging_mixin.py:104} INFO - [2021-11-21 15:44:06,331] {dag.py:1832} INFO - Sync 1 DAGs
[2021-11-21 15:44:06,359] {logging_mixin.py:104} INFO - [2021-11-21 15:44:06,359] {dag.py:2305} INFO - Setting next_dagrun for tutorial_taskflow_api_etl_virtualenv to None
[2021-11-21 15:44:06,490] {scheduler_job.py:190} INFO - Processing /home/airflow/sandbox/lib/python3.8/site-packages/airflow/example_dags/tutorial_taskflow_api_etl_virtualenv.py took 1.250 seconds
[2021-11-21 15:45:02,359] {scheduler_job.py:182} INFO - Started process (PID=3863) to work on /home/airflow/sandbox/lib/python3.8/site-packages/airflow/example_dags/tutorial_taskflow_api_etl_virtualenv.py
[2021-11-21 15:45:02,365] {scheduler_job.py:633} INFO - Processing file /home/airflow/sandbox/lib/python3.8/site-packages/airflow/example_dags/tutorial_taskflow_api_etl_virtualenv.py for tasks to queue
[2021-11-21 15:45:02,366] {logging_mixin.py:104} INFO - [2021-11-21 15:45:02,366] {dagbag.py:487} INFO - Filling up the DagBag from /home/airflow/sandbox/lib/python3.8/site-packages/airflow/example_dags/tutorial_taskflow_api_etl_virtualenv.py
[2021-11-21 15:45:02,467] {scheduler_job.py:643} INFO - DAG(s) dict_keys(['tutorial_taskflow_api_etl_virtualenv']) retrieved from /home/airflow/sandbox/lib/python3.8/site-packages/airflow/example_dags/tutorial_taskflow_api_etl_virtualenv.py
[2021-11-21 15:45:03,205] {logging_mixin.py:104} INFO - [2021-11-21 15:45:03,205] {dag.py:1832} INFO - Sync 1 DAGs
[2021-11-21 15:45:03,229] {logging_mixin.py:104} INFO - [2021-11-21 15:45:03,229] {dag.py:2305} INFO - Setting next_dagrun for tutorial_taskflow_api_etl_virtualenv to None
[2021-11-21 15:45:03,282] {scheduler_job.py:190} INFO - Processing /home/airflow/sandbox/lib/python3.8/site-packages/airflow/example_dags/tutorial_taskflow_api_etl_virtualenv.py took 0.929 seconds
[2021-11-21 15:45:51,795] {scheduler_job.py:182} INFO - Started process (PID=3896) to work on /home/airflow/sandbox/lib/python3.8/site-packages/airflow/example_dags/tutorial_taskflow_api_etl_virtualenv.py
[2021-11-21 15:45:51,806] {scheduler_job.py:633} INFO - Processing file /home/airflow/sandbox/lib/python3.8/site-packages/airflow/example_dags/tutorial_taskflow_api_etl_virtualenv.py for tasks to queue
[2021-11-21 15:45:51,808] {logging_mixin.py:104} INFO - [2021-11-21 15:45:51,808] {dagbag.py:487} INFO - Filling up the DagBag from /home/airflow/sandbox/lib/python3.8/site-packages/airflow/example_dags/tutorial_taskflow_api_etl_virtualenv.py
[2021-11-21 15:45:51,935] {scheduler_job.py:643} INFO - DAG(s) dict_keys(['tutorial_taskflow_api_etl_virtualenv']) retrieved from /home/airflow/sandbox/lib/python3.8/site-packages/airflow/example_dags/tutorial_taskflow_api_etl_virtualenv.py
[2021-11-21 15:45:52,618] {logging_mixin.py:104} INFO - [2021-11-21 15:45:52,618] {dag.py:1832} INFO - Sync 1 DAGs
[2021-11-21 15:45:52,639] {logging_mixin.py:104} INFO - [2021-11-21 15:45:52,639] {dag.py:2305} INFO - Setting next_dagrun for tutorial_taskflow_api_etl_virtualenv to None
[2021-11-21 15:45:52,699] {scheduler_job.py:190} INFO - Processing /home/airflow/sandbox/lib/python3.8/site-packages/airflow/example_dags/tutorial_taskflow_api_etl_virtualenv.py took 0.914 seconds
[2021-11-21 15:46:44,558] {scheduler_job.py:182} INFO - Started process (PID=3986) to work on /home/airflow/sandbox/lib/python3.8/site-packages/airflow/example_dags/tutorial_taskflow_api_etl_virtualenv.py
[2021-11-21 15:46:44,571] {scheduler_job.py:633} INFO - Processing file /home/airflow/sandbox/lib/python3.8/site-packages/airflow/example_dags/tutorial_taskflow_api_etl_virtualenv.py for tasks to queue
[2021-11-21 15:46:44,597] {logging_mixin.py:104} INFO - [2021-11-21 15:46:44,596] {dagbag.py:487} INFO - Filling up the DagBag from /home/airflow/sandbox/lib/python3.8/site-packages/airflow/example_dags/tutorial_taskflow_api_etl_virtualenv.py
[2021-11-21 15:46:44,797] {scheduler_job.py:643} INFO - DAG(s) dict_keys(['tutorial_taskflow_api_etl_virtualenv']) retrieved from /home/airflow/sandbox/lib/python3.8/site-packages/airflow/example_dags/tutorial_taskflow_api_etl_virtualenv.py
[2021-11-21 15:46:45,791] {logging_mixin.py:104} INFO - [2021-11-21 15:46:45,790] {dag.py:1832} INFO - Sync 1 DAGs
[2021-11-21 15:46:45,832] {logging_mixin.py:104} INFO - [2021-11-21 15:46:45,832] {dag.py:2305} INFO - Setting next_dagrun for tutorial_taskflow_api_etl_virtualenv to None
[2021-11-21 15:46:45,893] {scheduler_job.py:190} INFO - Processing /home/airflow/sandbox/lib/python3.8/site-packages/airflow/example_dags/tutorial_taskflow_api_etl_virtualenv.py took 1.349 seconds
[2021-11-21 15:47:41,422] {scheduler_job.py:182} INFO - Started process (PID=4016) to work on /home/airflow/sandbox/lib/python3.8/site-packages/airflow/example_dags/tutorial_taskflow_api_etl_virtualenv.py
[2021-11-21 15:47:41,438] {scheduler_job.py:633} INFO - Processing file /home/airflow/sandbox/lib/python3.8/site-packages/airflow/example_dags/tutorial_taskflow_api_etl_virtualenv.py for tasks to queue
[2021-11-21 15:47:41,439] {logging_mixin.py:104} INFO - [2021-11-21 15:47:41,439] {dagbag.py:487} INFO - Filling up the DagBag from /home/airflow/sandbox/lib/python3.8/site-packages/airflow/example_dags/tutorial_taskflow_api_etl_virtualenv.py
[2021-11-21 15:47:41,555] {scheduler_job.py:643} INFO - DAG(s) dict_keys(['tutorial_taskflow_api_etl_virtualenv']) retrieved from /home/airflow/sandbox/lib/python3.8/site-packages/airflow/example_dags/tutorial_taskflow_api_etl_virtualenv.py
[2021-11-21 15:47:42,262] {logging_mixin.py:104} INFO - [2021-11-21 15:47:42,262] {dag.py:1832} INFO - Sync 1 DAGs
[2021-11-21 15:47:42,284] {logging_mixin.py:104} INFO - [2021-11-21 15:47:42,283] {dag.py:2305} INFO - Setting next_dagrun for tutorial_taskflow_api_etl_virtualenv to None
[2021-11-21 15:47:42,359] {scheduler_job.py:190} INFO - Processing /home/airflow/sandbox/lib/python3.8/site-packages/airflow/example_dags/tutorial_taskflow_api_etl_virtualenv.py took 0.945 seconds
[2021-11-21 15:48:41,356] {scheduler_job.py:182} INFO - Started process (PID=4093) to work on /home/airflow/sandbox/lib/python3.8/site-packages/airflow/example_dags/tutorial_taskflow_api_etl_virtualenv.py
[2021-11-21 15:48:41,363] {scheduler_job.py:633} INFO - Processing file /home/airflow/sandbox/lib/python3.8/site-packages/airflow/example_dags/tutorial_taskflow_api_etl_virtualenv.py for tasks to queue
[2021-11-21 15:48:41,364] {logging_mixin.py:104} INFO - [2021-11-21 15:48:41,364] {dagbag.py:487} INFO - Filling up the DagBag from /home/airflow/sandbox/lib/python3.8/site-packages/airflow/example_dags/tutorial_taskflow_api_etl_virtualenv.py
[2021-11-21 15:48:41,432] {scheduler_job.py:643} INFO - DAG(s) dict_keys(['tutorial_taskflow_api_etl_virtualenv']) retrieved from /home/airflow/sandbox/lib/python3.8/site-packages/airflow/example_dags/tutorial_taskflow_api_etl_virtualenv.py
[2021-11-21 15:48:43,267] {logging_mixin.py:104} INFO - [2021-11-21 15:48:43,267] {dag.py:1832} INFO - Sync 1 DAGs
[2021-11-21 15:48:43,357] {logging_mixin.py:104} INFO - [2021-11-21 15:48:43,357] {dag.py:2305} INFO - Setting next_dagrun for tutorial_taskflow_api_etl_virtualenv to None
[2021-11-21 15:48:43,640] {scheduler_job.py:190} INFO - Processing /home/airflow/sandbox/lib/python3.8/site-packages/airflow/example_dags/tutorial_taskflow_api_etl_virtualenv.py took 2.291 seconds
[2021-11-21 15:49:43,280] {scheduler_job.py:182} INFO - Started process (PID=4203) to work on /home/airflow/sandbox/lib/python3.8/site-packages/airflow/example_dags/tutorial_taskflow_api_etl_virtualenv.py
[2021-11-21 15:49:43,328] {scheduler_job.py:633} INFO - Processing file /home/airflow/sandbox/lib/python3.8/site-packages/airflow/example_dags/tutorial_taskflow_api_etl_virtualenv.py for tasks to queue
[2021-11-21 15:49:43,331] {logging_mixin.py:104} INFO - [2021-11-21 15:49:43,330] {dagbag.py:487} INFO - Filling up the DagBag from /home/airflow/sandbox/lib/python3.8/site-packages/airflow/example_dags/tutorial_taskflow_api_etl_virtualenv.py
[2021-11-21 15:49:43,690] {scheduler_job.py:643} INFO - DAG(s) dict_keys(['tutorial_taskflow_api_etl_virtualenv']) retrieved from /home/airflow/sandbox/lib/python3.8/site-packages/airflow/example_dags/tutorial_taskflow_api_etl_virtualenv.py
[2021-11-21 15:49:47,168] {logging_mixin.py:104} INFO - [2021-11-21 15:49:47,167] {dag.py:1832} INFO - Sync 1 DAGs
[2021-11-21 15:49:47,452] {logging_mixin.py:104} INFO - [2021-11-21 15:49:47,452] {dag.py:2305} INFO - Setting next_dagrun for tutorial_taskflow_api_etl_virtualenv to None
[2021-11-21 15:49:47,656] {scheduler_job.py:190} INFO - Processing /home/airflow/sandbox/lib/python3.8/site-packages/airflow/example_dags/tutorial_taskflow_api_etl_virtualenv.py took 4.462 seconds
[2021-11-21 15:50:51,474] {scheduler_job.py:182} INFO - Started process (PID=4384) to work on /home/airflow/sandbox/lib/python3.8/site-packages/airflow/example_dags/tutorial_taskflow_api_etl_virtualenv.py
[2021-11-21 15:50:51,482] {scheduler_job.py:633} INFO - Processing file /home/airflow/sandbox/lib/python3.8/site-packages/airflow/example_dags/tutorial_taskflow_api_etl_virtualenv.py for tasks to queue
[2021-11-21 15:50:51,483] {logging_mixin.py:104} INFO - [2021-11-21 15:50:51,483] {dagbag.py:487} INFO - Filling up the DagBag from /home/airflow/sandbox/lib/python3.8/site-packages/airflow/example_dags/tutorial_taskflow_api_etl_virtualenv.py
[2021-11-21 15:50:51,538] {scheduler_job.py:643} INFO - DAG(s) dict_keys(['tutorial_taskflow_api_etl_virtualenv']) retrieved from /home/airflow/sandbox/lib/python3.8/site-packages/airflow/example_dags/tutorial_taskflow_api_etl_virtualenv.py
[2021-11-21 15:50:53,209] {logging_mixin.py:104} INFO - [2021-11-21 15:50:53,208] {dag.py:1832} INFO - Sync 1 DAGs
[2021-11-21 15:50:53,323] {logging_mixin.py:104} INFO - [2021-11-21 15:50:53,322] {dag.py:2305} INFO - Setting next_dagrun for tutorial_taskflow_api_etl_virtualenv to None
[2021-11-21 15:50:53,461] {scheduler_job.py:190} INFO - Processing /home/airflow/sandbox/lib/python3.8/site-packages/airflow/example_dags/tutorial_taskflow_api_etl_virtualenv.py took 1.991 seconds
[2021-11-21 15:51:56,085] {scheduler_job.py:182} INFO - Started process (PID=4523) to work on /home/airflow/sandbox/lib/python3.8/site-packages/airflow/example_dags/tutorial_taskflow_api_etl_virtualenv.py
[2021-11-21 15:51:56,101] {scheduler_job.py:633} INFO - Processing file /home/airflow/sandbox/lib/python3.8/site-packages/airflow/example_dags/tutorial_taskflow_api_etl_virtualenv.py for tasks to queue
[2021-11-21 15:51:56,114] {logging_mixin.py:104} INFO - [2021-11-21 15:51:56,114] {dagbag.py:487} INFO - Filling up the DagBag from /home/airflow/sandbox/lib/python3.8/site-packages/airflow/example_dags/tutorial_taskflow_api_etl_virtualenv.py
[2021-11-21 15:51:56,157] {scheduler_job.py:643} INFO - DAG(s) dict_keys(['tutorial_taskflow_api_etl_virtualenv']) retrieved from /home/airflow/sandbox/lib/python3.8/site-packages/airflow/example_dags/tutorial_taskflow_api_etl_virtualenv.py
[2021-11-21 15:51:56,830] {logging_mixin.py:104} INFO - [2021-11-21 15:51:56,830] {dag.py:1832} INFO - Sync 1 DAGs
[2021-11-21 15:51:56,866] {logging_mixin.py:104} INFO - [2021-11-21 15:51:56,866] {dag.py:2305} INFO - Setting next_dagrun for tutorial_taskflow_api_etl_virtualenv to None
[2021-11-21 15:51:56,949] {scheduler_job.py:190} INFO - Processing /home/airflow/sandbox/lib/python3.8/site-packages/airflow/example_dags/tutorial_taskflow_api_etl_virtualenv.py took 0.872 seconds
[2021-11-21 15:52:54,100] {scheduler_job.py:182} INFO - Started process (PID=4651) to work on /home/airflow/sandbox/lib/python3.8/site-packages/airflow/example_dags/tutorial_taskflow_api_etl_virtualenv.py
[2021-11-21 15:52:54,110] {scheduler_job.py:633} INFO - Processing file /home/airflow/sandbox/lib/python3.8/site-packages/airflow/example_dags/tutorial_taskflow_api_etl_virtualenv.py for tasks to queue
[2021-11-21 15:52:54,112] {logging_mixin.py:104} INFO - [2021-11-21 15:52:54,111] {dagbag.py:487} INFO - Filling up the DagBag from /home/airflow/sandbox/lib/python3.8/site-packages/airflow/example_dags/tutorial_taskflow_api_etl_virtualenv.py
[2021-11-21 15:52:54,209] {scheduler_job.py:643} INFO - DAG(s) dict_keys(['tutorial_taskflow_api_etl_virtualenv']) retrieved from /home/airflow/sandbox/lib/python3.8/site-packages/airflow/example_dags/tutorial_taskflow_api_etl_virtualenv.py
[2021-11-21 15:52:55,282] {logging_mixin.py:104} INFO - [2021-11-21 15:52:55,282] {dag.py:1832} INFO - Sync 1 DAGs
[2021-11-21 15:52:55,313] {logging_mixin.py:104} INFO - [2021-11-21 15:52:55,313] {dag.py:2305} INFO - Setting next_dagrun for tutorial_taskflow_api_etl_virtualenv to None
[2021-11-21 15:52:55,379] {scheduler_job.py:190} INFO - Processing /home/airflow/sandbox/lib/python3.8/site-packages/airflow/example_dags/tutorial_taskflow_api_etl_virtualenv.py took 1.326 seconds
[2021-11-21 15:54:03,671] {scheduler_job.py:182} INFO - Started process (PID=4880) to work on /home/airflow/sandbox/lib/python3.8/site-packages/airflow/example_dags/tutorial_taskflow_api_etl_virtualenv.py
[2021-11-21 15:54:03,692] {scheduler_job.py:633} INFO - Processing file /home/airflow/sandbox/lib/python3.8/site-packages/airflow/example_dags/tutorial_taskflow_api_etl_virtualenv.py for tasks to queue
[2021-11-21 15:54:03,726] {logging_mixin.py:104} INFO - [2021-11-21 15:54:03,725] {dagbag.py:487} INFO - Filling up the DagBag from /home/airflow/sandbox/lib/python3.8/site-packages/airflow/example_dags/tutorial_taskflow_api_etl_virtualenv.py
[2021-11-21 15:54:04,002] {scheduler_job.py:643} INFO - DAG(s) dict_keys(['tutorial_taskflow_api_etl_virtualenv']) retrieved from /home/airflow/sandbox/lib/python3.8/site-packages/airflow/example_dags/tutorial_taskflow_api_etl_virtualenv.py
[2021-11-21 15:54:05,209] {logging_mixin.py:104} INFO - [2021-11-21 15:54:05,209] {dag.py:1832} INFO - Sync 1 DAGs
[2021-11-21 15:54:05,237] {logging_mixin.py:104} INFO - [2021-11-21 15:54:05,237] {dag.py:2305} INFO - Setting next_dagrun for tutorial_taskflow_api_etl_virtualenv to None
[2021-11-21 15:54:05,301] {scheduler_job.py:190} INFO - Processing /home/airflow/sandbox/lib/python3.8/site-packages/airflow/example_dags/tutorial_taskflow_api_etl_virtualenv.py took 1.651 seconds
[2021-11-21 15:54:55,572] {scheduler_job.py:182} INFO - Started process (PID=4973) to work on /home/airflow/sandbox/lib/python3.8/site-packages/airflow/example_dags/tutorial_taskflow_api_etl_virtualenv.py
[2021-11-21 15:54:55,580] {scheduler_job.py:633} INFO - Processing file /home/airflow/sandbox/lib/python3.8/site-packages/airflow/example_dags/tutorial_taskflow_api_etl_virtualenv.py for tasks to queue
[2021-11-21 15:54:55,598] {logging_mixin.py:104} INFO - [2021-11-21 15:54:55,598] {dagbag.py:487} INFO - Filling up the DagBag from /home/airflow/sandbox/lib/python3.8/site-packages/airflow/example_dags/tutorial_taskflow_api_etl_virtualenv.py
[2021-11-21 15:54:55,741] {scheduler_job.py:643} INFO - DAG(s) dict_keys(['tutorial_taskflow_api_etl_virtualenv']) retrieved from /home/airflow/sandbox/lib/python3.8/site-packages/airflow/example_dags/tutorial_taskflow_api_etl_virtualenv.py
[2021-11-21 15:54:56,410] {logging_mixin.py:104} INFO - [2021-11-21 15:54:56,410] {dag.py:1832} INFO - Sync 1 DAGs
[2021-11-21 15:54:56,434] {logging_mixin.py:104} INFO - [2021-11-21 15:54:56,434] {dag.py:2305} INFO - Setting next_dagrun for tutorial_taskflow_api_etl_virtualenv to None
[2021-11-21 15:54:56,493] {scheduler_job.py:190} INFO - Processing /home/airflow/sandbox/lib/python3.8/site-packages/airflow/example_dags/tutorial_taskflow_api_etl_virtualenv.py took 0.938 seconds
[2021-11-21 15:55:36,008] {scheduler_job.py:182} INFO - Started process (PID=5002) to work on /home/airflow/sandbox/lib/python3.8/site-packages/airflow/example_dags/tutorial_taskflow_api_etl_virtualenv.py
[2021-11-21 15:55:36,016] {scheduler_job.py:633} INFO - Processing file /home/airflow/sandbox/lib/python3.8/site-packages/airflow/example_dags/tutorial_taskflow_api_etl_virtualenv.py for tasks to queue
[2021-11-21 15:55:36,018] {logging_mixin.py:104} INFO - [2021-11-21 15:55:36,017] {dagbag.py:487} INFO - Filling up the DagBag from /home/airflow/sandbox/lib/python3.8/site-packages/airflow/example_dags/tutorial_taskflow_api_etl_virtualenv.py
[2021-11-21 15:55:36,185] {scheduler_job.py:643} INFO - DAG(s) dict_keys(['tutorial_taskflow_api_etl_virtualenv']) retrieved from /home/airflow/sandbox/lib/python3.8/site-packages/airflow/example_dags/tutorial_taskflow_api_etl_virtualenv.py
[2021-11-21 15:55:36,942] {logging_mixin.py:104} INFO - [2021-11-21 15:55:36,941] {dag.py:1832} INFO - Sync 1 DAGs
[2021-11-21 15:55:36,992] {logging_mixin.py:104} INFO - [2021-11-21 15:55:36,992] {dag.py:2305} INFO - Setting next_dagrun for tutorial_taskflow_api_etl_virtualenv to None
[2021-11-21 15:55:37,058] {scheduler_job.py:190} INFO - Processing /home/airflow/sandbox/lib/python3.8/site-packages/airflow/example_dags/tutorial_taskflow_api_etl_virtualenv.py took 1.062 seconds
[2021-11-21 15:56:35,948] {scheduler_job.py:182} INFO - Started process (PID=5099) to work on /home/airflow/sandbox/lib/python3.8/site-packages/airflow/example_dags/tutorial_taskflow_api_etl_virtualenv.py
[2021-11-21 15:56:35,980] {scheduler_job.py:633} INFO - Processing file /home/airflow/sandbox/lib/python3.8/site-packages/airflow/example_dags/tutorial_taskflow_api_etl_virtualenv.py for tasks to queue
[2021-11-21 15:56:35,990] {logging_mixin.py:104} INFO - [2021-11-21 15:56:35,982] {dagbag.py:487} INFO - Filling up the DagBag from /home/airflow/sandbox/lib/python3.8/site-packages/airflow/example_dags/tutorial_taskflow_api_etl_virtualenv.py
[2021-11-21 15:56:36,233] {scheduler_job.py:643} INFO - DAG(s) dict_keys(['tutorial_taskflow_api_etl_virtualenv']) retrieved from /home/airflow/sandbox/lib/python3.8/site-packages/airflow/example_dags/tutorial_taskflow_api_etl_virtualenv.py
[2021-11-21 15:56:37,395] {logging_mixin.py:104} INFO - [2021-11-21 15:56:37,395] {dag.py:1832} INFO - Sync 1 DAGs
[2021-11-21 15:56:37,426] {logging_mixin.py:104} INFO - [2021-11-21 15:56:37,426] {dag.py:2305} INFO - Setting next_dagrun for tutorial_taskflow_api_etl_virtualenv to None
[2021-11-21 15:56:37,492] {scheduler_job.py:190} INFO - Processing /home/airflow/sandbox/lib/python3.8/site-packages/airflow/example_dags/tutorial_taskflow_api_etl_virtualenv.py took 1.578 seconds
[2021-11-21 15:57:36,928] {scheduler_job.py:182} INFO - Started process (PID=5216) to work on /home/airflow/sandbox/lib/python3.8/site-packages/airflow/example_dags/tutorial_taskflow_api_etl_virtualenv.py
[2021-11-21 15:57:36,937] {scheduler_job.py:633} INFO - Processing file /home/airflow/sandbox/lib/python3.8/site-packages/airflow/example_dags/tutorial_taskflow_api_etl_virtualenv.py for tasks to queue
[2021-11-21 15:57:36,938] {logging_mixin.py:104} INFO - [2021-11-21 15:57:36,938] {dagbag.py:487} INFO - Filling up the DagBag from /home/airflow/sandbox/lib/python3.8/site-packages/airflow/example_dags/tutorial_taskflow_api_etl_virtualenv.py
[2021-11-21 15:57:37,107] {scheduler_job.py:643} INFO - DAG(s) dict_keys(['tutorial_taskflow_api_etl_virtualenv']) retrieved from /home/airflow/sandbox/lib/python3.8/site-packages/airflow/example_dags/tutorial_taskflow_api_etl_virtualenv.py
[2021-11-21 15:57:43,748] {logging_mixin.py:104} INFO - [2021-11-21 15:57:43,740] {dag.py:1832} INFO - Sync 1 DAGs
[2021-11-21 15:57:43,974] {logging_mixin.py:104} INFO - [2021-11-21 15:57:43,974] {dag.py:2305} INFO - Setting next_dagrun for tutorial_taskflow_api_etl_virtualenv to None
[2021-11-21 15:57:44,257] {scheduler_job.py:190} INFO - Processing /home/airflow/sandbox/lib/python3.8/site-packages/airflow/example_dags/tutorial_taskflow_api_etl_virtualenv.py took 7.344 seconds
[2021-11-21 15:58:38,363] {scheduler_job.py:182} INFO - Started process (PID=5415) to work on /home/airflow/sandbox/lib/python3.8/site-packages/airflow/example_dags/tutorial_taskflow_api_etl_virtualenv.py
[2021-11-21 15:58:38,373] {scheduler_job.py:633} INFO - Processing file /home/airflow/sandbox/lib/python3.8/site-packages/airflow/example_dags/tutorial_taskflow_api_etl_virtualenv.py for tasks to queue
[2021-11-21 15:58:38,376] {logging_mixin.py:104} INFO - [2021-11-21 15:58:38,375] {dagbag.py:487} INFO - Filling up the DagBag from /home/airflow/sandbox/lib/python3.8/site-packages/airflow/example_dags/tutorial_taskflow_api_etl_virtualenv.py
[2021-11-21 15:58:38,546] {scheduler_job.py:643} INFO - DAG(s) dict_keys(['tutorial_taskflow_api_etl_virtualenv']) retrieved from /home/airflow/sandbox/lib/python3.8/site-packages/airflow/example_dags/tutorial_taskflow_api_etl_virtualenv.py
[2021-11-21 15:58:40,352] {logging_mixin.py:104} INFO - [2021-11-21 15:58:40,351] {dag.py:1832} INFO - Sync 1 DAGs
[2021-11-21 15:58:40,462] {logging_mixin.py:104} INFO - [2021-11-21 15:58:40,462] {dag.py:2305} INFO - Setting next_dagrun for tutorial_taskflow_api_etl_virtualenv to None
[2021-11-21 15:58:40,641] {scheduler_job.py:190} INFO - Processing /home/airflow/sandbox/lib/python3.8/site-packages/airflow/example_dags/tutorial_taskflow_api_etl_virtualenv.py took 2.294 seconds
[2021-11-21 15:59:37,888] {scheduler_job.py:182} INFO - Started process (PID=5478) to work on /home/airflow/sandbox/lib/python3.8/site-packages/airflow/example_dags/tutorial_taskflow_api_etl_virtualenv.py
[2021-11-21 15:59:37,897] {scheduler_job.py:633} INFO - Processing file /home/airflow/sandbox/lib/python3.8/site-packages/airflow/example_dags/tutorial_taskflow_api_etl_virtualenv.py for tasks to queue
[2021-11-21 15:59:37,916] {logging_mixin.py:104} INFO - [2021-11-21 15:59:37,900] {dagbag.py:487} INFO - Filling up the DagBag from /home/airflow/sandbox/lib/python3.8/site-packages/airflow/example_dags/tutorial_taskflow_api_etl_virtualenv.py
[2021-11-21 15:59:38,029] {scheduler_job.py:643} INFO - DAG(s) dict_keys(['tutorial_taskflow_api_etl_virtualenv']) retrieved from /home/airflow/sandbox/lib/python3.8/site-packages/airflow/example_dags/tutorial_taskflow_api_etl_virtualenv.py
[2021-11-21 15:59:38,958] {logging_mixin.py:104} INFO - [2021-11-21 15:59:38,958] {dag.py:1832} INFO - Sync 1 DAGs
[2021-11-21 15:59:38,980] {logging_mixin.py:104} INFO - [2021-11-21 15:59:38,980] {dag.py:2305} INFO - Setting next_dagrun for tutorial_taskflow_api_etl_virtualenv to None
[2021-11-21 15:59:39,048] {scheduler_job.py:190} INFO - Processing /home/airflow/sandbox/lib/python3.8/site-packages/airflow/example_dags/tutorial_taskflow_api_etl_virtualenv.py took 1.171 seconds
[2021-11-21 16:00:22,872] {scheduler_job.py:182} INFO - Started process (PID=5537) to work on /home/airflow/sandbox/lib/python3.8/site-packages/airflow/example_dags/tutorial_taskflow_api_etl_virtualenv.py
[2021-11-21 16:00:22,886] {scheduler_job.py:633} INFO - Processing file /home/airflow/sandbox/lib/python3.8/site-packages/airflow/example_dags/tutorial_taskflow_api_etl_virtualenv.py for tasks to queue
[2021-11-21 16:00:22,889] {logging_mixin.py:104} INFO - [2021-11-21 16:00:22,888] {dagbag.py:487} INFO - Filling up the DagBag from /home/airflow/sandbox/lib/python3.8/site-packages/airflow/example_dags/tutorial_taskflow_api_etl_virtualenv.py
[2021-11-21 16:00:22,974] {scheduler_job.py:643} INFO - DAG(s) dict_keys(['tutorial_taskflow_api_etl_virtualenv']) retrieved from /home/airflow/sandbox/lib/python3.8/site-packages/airflow/example_dags/tutorial_taskflow_api_etl_virtualenv.py
[2021-11-21 16:00:23,663] {logging_mixin.py:104} INFO - [2021-11-21 16:00:23,663] {dag.py:1832} INFO - Sync 1 DAGs
[2021-11-21 16:00:23,710] {logging_mixin.py:104} INFO - [2021-11-21 16:00:23,709] {dag.py:2305} INFO - Setting next_dagrun for tutorial_taskflow_api_etl_virtualenv to None
[2021-11-21 16:00:23,791] {scheduler_job.py:190} INFO - Processing /home/airflow/sandbox/lib/python3.8/site-packages/airflow/example_dags/tutorial_taskflow_api_etl_virtualenv.py took 0.937 seconds
[2021-11-21 16:01:09,717] {scheduler_job.py:182} INFO - Started process (PID=5641) to work on /home/airflow/sandbox/lib/python3.8/site-packages/airflow/example_dags/tutorial_taskflow_api_etl_virtualenv.py
[2021-11-21 16:01:09,727] {scheduler_job.py:633} INFO - Processing file /home/airflow/sandbox/lib/python3.8/site-packages/airflow/example_dags/tutorial_taskflow_api_etl_virtualenv.py for tasks to queue
[2021-11-21 16:01:09,729] {logging_mixin.py:104} INFO - [2021-11-21 16:01:09,729] {dagbag.py:487} INFO - Filling up the DagBag from /home/airflow/sandbox/lib/python3.8/site-packages/airflow/example_dags/tutorial_taskflow_api_etl_virtualenv.py
[2021-11-21 16:01:09,779] {scheduler_job.py:643} INFO - DAG(s) dict_keys(['tutorial_taskflow_api_etl_virtualenv']) retrieved from /home/airflow/sandbox/lib/python3.8/site-packages/airflow/example_dags/tutorial_taskflow_api_etl_virtualenv.py
[2021-11-21 16:01:10,432] {logging_mixin.py:104} INFO - [2021-11-21 16:01:10,431] {dag.py:1832} INFO - Sync 1 DAGs
[2021-11-21 16:01:10,470] {logging_mixin.py:104} INFO - [2021-11-21 16:01:10,470] {dag.py:2305} INFO - Setting next_dagrun for tutorial_taskflow_api_etl_virtualenv to None
[2021-11-21 16:01:10,590] {scheduler_job.py:190} INFO - Processing /home/airflow/sandbox/lib/python3.8/site-packages/airflow/example_dags/tutorial_taskflow_api_etl_virtualenv.py took 0.885 seconds
[2021-11-21 16:01:51,814] {scheduler_job.py:182} INFO - Started process (PID=5670) to work on /home/airflow/sandbox/lib/python3.8/site-packages/airflow/example_dags/tutorial_taskflow_api_etl_virtualenv.py
[2021-11-21 16:01:51,831] {scheduler_job.py:633} INFO - Processing file /home/airflow/sandbox/lib/python3.8/site-packages/airflow/example_dags/tutorial_taskflow_api_etl_virtualenv.py for tasks to queue
[2021-11-21 16:01:51,833] {logging_mixin.py:104} INFO - [2021-11-21 16:01:51,833] {dagbag.py:487} INFO - Filling up the DagBag from /home/airflow/sandbox/lib/python3.8/site-packages/airflow/example_dags/tutorial_taskflow_api_etl_virtualenv.py
[2021-11-21 16:01:51,904] {scheduler_job.py:643} INFO - DAG(s) dict_keys(['tutorial_taskflow_api_etl_virtualenv']) retrieved from /home/airflow/sandbox/lib/python3.8/site-packages/airflow/example_dags/tutorial_taskflow_api_etl_virtualenv.py
[2021-11-21 16:01:52,533] {logging_mixin.py:104} INFO - [2021-11-21 16:01:52,533] {dag.py:1832} INFO - Sync 1 DAGs
[2021-11-21 16:01:52,555] {logging_mixin.py:104} INFO - [2021-11-21 16:01:52,555] {dag.py:2305} INFO - Setting next_dagrun for tutorial_taskflow_api_etl_virtualenv to None
[2021-11-21 16:01:52,615] {scheduler_job.py:190} INFO - Processing /home/airflow/sandbox/lib/python3.8/site-packages/airflow/example_dags/tutorial_taskflow_api_etl_virtualenv.py took 0.812 seconds
[2021-11-21 16:02:31,497] {scheduler_job.py:182} INFO - Started process (PID=5759) to work on /home/airflow/sandbox/lib/python3.8/site-packages/airflow/example_dags/tutorial_taskflow_api_etl_virtualenv.py
[2021-11-21 16:02:31,507] {scheduler_job.py:633} INFO - Processing file /home/airflow/sandbox/lib/python3.8/site-packages/airflow/example_dags/tutorial_taskflow_api_etl_virtualenv.py for tasks to queue
[2021-11-21 16:02:31,509] {logging_mixin.py:104} INFO - [2021-11-21 16:02:31,508] {dagbag.py:487} INFO - Filling up the DagBag from /home/airflow/sandbox/lib/python3.8/site-packages/airflow/example_dags/tutorial_taskflow_api_etl_virtualenv.py
[2021-11-21 16:02:31,641] {scheduler_job.py:643} INFO - DAG(s) dict_keys(['tutorial_taskflow_api_etl_virtualenv']) retrieved from /home/airflow/sandbox/lib/python3.8/site-packages/airflow/example_dags/tutorial_taskflow_api_etl_virtualenv.py
[2021-11-21 16:02:32,317] {logging_mixin.py:104} INFO - [2021-11-21 16:02:32,316] {dag.py:1832} INFO - Sync 1 DAGs
[2021-11-21 16:02:32,334] {logging_mixin.py:104} INFO - [2021-11-21 16:02:32,334] {dag.py:2305} INFO - Setting next_dagrun for tutorial_taskflow_api_etl_virtualenv to None
[2021-11-21 16:02:32,400] {scheduler_job.py:190} INFO - Processing /home/airflow/sandbox/lib/python3.8/site-packages/airflow/example_dags/tutorial_taskflow_api_etl_virtualenv.py took 0.915 seconds
[2021-11-21 16:03:23,659] {scheduler_job.py:182} INFO - Started process (PID=5803) to work on /home/airflow/sandbox/lib/python3.8/site-packages/airflow/example_dags/tutorial_taskflow_api_etl_virtualenv.py
[2021-11-21 16:03:23,668] {scheduler_job.py:633} INFO - Processing file /home/airflow/sandbox/lib/python3.8/site-packages/airflow/example_dags/tutorial_taskflow_api_etl_virtualenv.py for tasks to queue
[2021-11-21 16:03:23,676] {logging_mixin.py:104} INFO - [2021-11-21 16:03:23,676] {dagbag.py:487} INFO - Filling up the DagBag from /home/airflow/sandbox/lib/python3.8/site-packages/airflow/example_dags/tutorial_taskflow_api_etl_virtualenv.py
[2021-11-21 16:03:23,743] {scheduler_job.py:643} INFO - DAG(s) dict_keys(['tutorial_taskflow_api_etl_virtualenv']) retrieved from /home/airflow/sandbox/lib/python3.8/site-packages/airflow/example_dags/tutorial_taskflow_api_etl_virtualenv.py
[2021-11-21 16:03:24,425] {logging_mixin.py:104} INFO - [2021-11-21 16:03:24,425] {dag.py:1832} INFO - Sync 1 DAGs
[2021-11-21 16:03:24,446] {logging_mixin.py:104} INFO - [2021-11-21 16:03:24,446] {dag.py:2305} INFO - Setting next_dagrun for tutorial_taskflow_api_etl_virtualenv to None
[2021-11-21 16:03:24,503] {scheduler_job.py:190} INFO - Processing /home/airflow/sandbox/lib/python3.8/site-packages/airflow/example_dags/tutorial_taskflow_api_etl_virtualenv.py took 0.853 seconds
[2021-11-21 16:04:15,206] {scheduler_job.py:182} INFO - Started process (PID=5873) to work on /home/airflow/sandbox/lib/python3.8/site-packages/airflow/example_dags/tutorial_taskflow_api_etl_virtualenv.py
[2021-11-21 16:04:15,243] {scheduler_job.py:633} INFO - Processing file /home/airflow/sandbox/lib/python3.8/site-packages/airflow/example_dags/tutorial_taskflow_api_etl_virtualenv.py for tasks to queue
[2021-11-21 16:04:15,245] {logging_mixin.py:104} INFO - [2021-11-21 16:04:15,244] {dagbag.py:487} INFO - Filling up the DagBag from /home/airflow/sandbox/lib/python3.8/site-packages/airflow/example_dags/tutorial_taskflow_api_etl_virtualenv.py
[2021-11-21 16:04:15,358] {scheduler_job.py:643} INFO - DAG(s) dict_keys(['tutorial_taskflow_api_etl_virtualenv']) retrieved from /home/airflow/sandbox/lib/python3.8/site-packages/airflow/example_dags/tutorial_taskflow_api_etl_virtualenv.py
[2021-11-21 16:04:15,930] {logging_mixin.py:104} INFO - [2021-11-21 16:04:15,930] {dag.py:1832} INFO - Sync 1 DAGs
[2021-11-21 16:04:15,953] {logging_mixin.py:104} INFO - [2021-11-21 16:04:15,953] {dag.py:2305} INFO - Setting next_dagrun for tutorial_taskflow_api_etl_virtualenv to None
[2021-11-21 16:04:16,015] {scheduler_job.py:190} INFO - Processing /home/airflow/sandbox/lib/python3.8/site-packages/airflow/example_dags/tutorial_taskflow_api_etl_virtualenv.py took 0.819 seconds
[2021-11-21 16:05:04,287] {scheduler_job.py:182} INFO - Started process (PID=5907) to work on /home/airflow/sandbox/lib/python3.8/site-packages/airflow/example_dags/tutorial_taskflow_api_etl_virtualenv.py
[2021-11-21 16:05:04,295] {scheduler_job.py:633} INFO - Processing file /home/airflow/sandbox/lib/python3.8/site-packages/airflow/example_dags/tutorial_taskflow_api_etl_virtualenv.py for tasks to queue
[2021-11-21 16:05:04,297] {logging_mixin.py:104} INFO - [2021-11-21 16:05:04,297] {dagbag.py:487} INFO - Filling up the DagBag from /home/airflow/sandbox/lib/python3.8/site-packages/airflow/example_dags/tutorial_taskflow_api_etl_virtualenv.py
[2021-11-21 16:05:04,368] {scheduler_job.py:643} INFO - DAG(s) dict_keys(['tutorial_taskflow_api_etl_virtualenv']) retrieved from /home/airflow/sandbox/lib/python3.8/site-packages/airflow/example_dags/tutorial_taskflow_api_etl_virtualenv.py
[2021-11-21 16:05:04,978] {logging_mixin.py:104} INFO - [2021-11-21 16:05:04,978] {dag.py:1832} INFO - Sync 1 DAGs
[2021-11-21 16:05:05,006] {logging_mixin.py:104} INFO - [2021-11-21 16:05:05,005] {dag.py:2305} INFO - Setting next_dagrun for tutorial_taskflow_api_etl_virtualenv to None
[2021-11-21 16:05:05,069] {scheduler_job.py:190} INFO - Processing /home/airflow/sandbox/lib/python3.8/site-packages/airflow/example_dags/tutorial_taskflow_api_etl_virtualenv.py took 0.795 seconds
[2021-11-21 16:05:58,212] {scheduler_job.py:182} INFO - Started process (PID=5946) to work on /home/airflow/sandbox/lib/python3.8/site-packages/airflow/example_dags/tutorial_taskflow_api_etl_virtualenv.py
[2021-11-21 16:05:58,235] {scheduler_job.py:633} INFO - Processing file /home/airflow/sandbox/lib/python3.8/site-packages/airflow/example_dags/tutorial_taskflow_api_etl_virtualenv.py for tasks to queue
[2021-11-21 16:05:58,242] {logging_mixin.py:104} INFO - [2021-11-21 16:05:58,242] {dagbag.py:487} INFO - Filling up the DagBag from /home/airflow/sandbox/lib/python3.8/site-packages/airflow/example_dags/tutorial_taskflow_api_etl_virtualenv.py
[2021-11-21 16:05:58,391] {scheduler_job.py:643} INFO - DAG(s) dict_keys(['tutorial_taskflow_api_etl_virtualenv']) retrieved from /home/airflow/sandbox/lib/python3.8/site-packages/airflow/example_dags/tutorial_taskflow_api_etl_virtualenv.py
[2021-11-21 16:06:00,458] {logging_mixin.py:104} INFO - [2021-11-21 16:06:00,458] {dag.py:1832} INFO - Sync 1 DAGs
[2021-11-21 16:06:00,499] {logging_mixin.py:104} INFO - [2021-11-21 16:06:00,499] {dag.py:2305} INFO - Setting next_dagrun for tutorial_taskflow_api_etl_virtualenv to None
[2021-11-21 16:06:00,598] {scheduler_job.py:190} INFO - Processing /home/airflow/sandbox/lib/python3.8/site-packages/airflow/example_dags/tutorial_taskflow_api_etl_virtualenv.py took 2.412 seconds
