[2021-11-29 12:49:59,127] {taskinstance.py:876} INFO - Dependencies all met for <TaskInstance: parallel_dag.task_1 2020-01-03T00:00:00+00:00 [queued]>
[2021-11-29 12:49:59,202] {taskinstance.py:876} INFO - Dependencies all met for <TaskInstance: parallel_dag.task_1 2020-01-03T00:00:00+00:00 [queued]>
[2021-11-29 12:49:59,206] {taskinstance.py:1067} INFO - 
--------------------------------------------------------------------------------
[2021-11-29 12:49:59,207] {taskinstance.py:1068} INFO - Starting attempt 4 of 4
[2021-11-29 12:49:59,208] {taskinstance.py:1069} INFO - 
--------------------------------------------------------------------------------
[2021-11-29 12:49:59,238] {taskinstance.py:1087} INFO - Executing <Task(BashOperator): task_1> on 2020-01-03T00:00:00+00:00
[2021-11-29 12:49:59,241] {standard_task_runner.py:52} INFO - Started process 179677 to run task
[2021-11-29 12:49:59,256] {standard_task_runner.py:76} INFO - Running: ['airflow', 'tasks', 'run', 'parallel_dag', 'task_1', '2020-01-03T00:00:00+00:00', '--job-id', '616', '--pool', 'default_pool', '--raw', '--subdir', 'DAGS_FOLDER/parallel_dag.py', '--cfg-path', '/tmp/tmp09pv20lv', '--error-file', '/tmp/tmpvz476xtv']
[2021-11-29 12:49:59,292] {standard_task_runner.py:77} INFO - Job 616: Subtask task_1
[2021-11-29 12:49:59,507] {logging_mixin.py:104} INFO - Running <TaskInstance: parallel_dag.task_1 2020-01-03T00:00:00+00:00 [running]> on host airflowvm
[2021-11-29 12:49:59,828] {taskinstance.py:1280} INFO - Exporting the following env vars:
AIRFLOW_CTX_DAG_OWNER=airflow
AIRFLOW_CTX_DAG_ID=parallel_dag
AIRFLOW_CTX_TASK_ID=task_1
AIRFLOW_CTX_EXECUTION_DATE=2020-01-03T00:00:00+00:00
AIRFLOW_CTX_DAG_RUN_ID=scheduled__2020-01-03T00:00:00+00:00
[2021-11-29 12:49:59,834] {subprocess.py:52} INFO - Tmp dir root location: 
 /tmp
[2021-11-29 12:49:59,834] {subprocess.py:63} INFO - Running command: ['bash', '-c', 'sleep 3']
[2021-11-29 12:49:59,893] {subprocess.py:75} INFO - Output:
[2021-11-29 12:50:02,916] {subprocess.py:83} INFO - Command exited with return code 0
[2021-11-29 12:50:02,980] {taskinstance.py:1184} INFO - Marking task as SUCCESS. dag_id=parallel_dag, task_id=task_1, execution_date=20200103T000000, start_date=20211129T124959, end_date=20211129T125002
[2021-11-29 12:50:03,042] {taskinstance.py:1245} INFO - 0 downstream tasks scheduled from follow-on schedule check
[2021-11-29 12:50:03,076] {local_task_job.py:151} INFO - Task exited with return code 0
