[2021-11-29 12:35:21,042] {taskinstance.py:876} INFO - Dependencies all met for <TaskInstance: parallel_dag.task_2 2020-02-26T00:00:00+00:00 [queued]>
[2021-11-29 12:35:21,727] {taskinstance.py:876} INFO - Dependencies all met for <TaskInstance: parallel_dag.task_2 2020-02-26T00:00:00+00:00 [queued]>
[2021-11-29 12:35:21,729] {taskinstance.py:1067} INFO - 
--------------------------------------------------------------------------------
[2021-11-29 12:35:21,730] {taskinstance.py:1068} INFO - Starting attempt 1 of 1
[2021-11-29 12:35:21,757] {taskinstance.py:1069} INFO - 
--------------------------------------------------------------------------------
[2021-11-29 12:35:22,159] {taskinstance.py:1087} INFO - Executing <Task(BashOperator): task_2> on 2020-02-26T00:00:00+00:00
[2021-11-29 12:35:22,469] {standard_task_runner.py:52} INFO - Started process 155204 to run task
[2021-11-29 12:35:22,494] {standard_task_runner.py:76} INFO - Running: ['airflow', 'tasks', 'run', 'parallel_dag', 'task_2', '2020-02-26T00:00:00+00:00', '--job-id', '402', '--pool', 'default_pool', '--raw', '--subdir', 'DAGS_FOLDER/parallel_dag.py', '--cfg-path', '/tmp/tmp2s428avv', '--error-file', '/tmp/tmpx7wjv7t8']
[2021-11-29 12:35:22,495] {standard_task_runner.py:77} INFO - Job 402: Subtask task_2
[2021-11-29 12:35:24,574] {logging_mixin.py:104} INFO - Running <TaskInstance: parallel_dag.task_2 2020-02-26T00:00:00+00:00 [running]> on host airflowvm
[2021-11-29 12:35:25,815] {taskinstance.py:1280} INFO - Exporting the following env vars:
AIRFLOW_CTX_DAG_OWNER=airflow
AIRFLOW_CTX_DAG_ID=parallel_dag
AIRFLOW_CTX_TASK_ID=task_2
AIRFLOW_CTX_EXECUTION_DATE=2020-02-26T00:00:00+00:00
AIRFLOW_CTX_DAG_RUN_ID=scheduled__2020-02-26T00:00:00+00:00
[2021-11-29 12:35:25,816] {subprocess.py:52} INFO - Tmp dir root location: 
 /tmp
[2021-11-29 12:35:25,836] {subprocess.py:63} INFO - Running command: ['bash', '-c', 'sleep 3']
[2021-11-29 12:35:25,947] {subprocess.py:75} INFO - Output:
[2021-11-29 12:35:29,010] {subprocess.py:83} INFO - Command exited with return code 0
[2021-11-29 12:35:29,809] {taskinstance.py:1184} INFO - Marking task as SUCCESS. dag_id=parallel_dag, task_id=task_2, execution_date=20200226T000000, start_date=20211129T123521, end_date=20211129T123529
[2021-11-29 12:35:31,133] {taskinstance.py:1245} INFO - 0 downstream tasks scheduled from follow-on schedule check
[2021-11-29 12:35:31,328] {local_task_job.py:151} INFO - Task exited with return code 0
