[2021-11-29 12:36:50,183] {taskinstance.py:876} INFO - Dependencies all met for <TaskInstance: parallel_dag.task_3 2020-03-12T00:00:00+00:00 [queued]>
[2021-11-29 12:36:50,606] {taskinstance.py:876} INFO - Dependencies all met for <TaskInstance: parallel_dag.task_3 2020-03-12T00:00:00+00:00 [queued]>
[2021-11-29 12:36:50,641] {taskinstance.py:1067} INFO - 
--------------------------------------------------------------------------------
[2021-11-29 12:36:50,662] {taskinstance.py:1068} INFO - Starting attempt 1 of 1
[2021-11-29 12:36:50,668] {taskinstance.py:1069} INFO - 
--------------------------------------------------------------------------------
[2021-11-29 12:36:51,028] {taskinstance.py:1087} INFO - Executing <Task(BashOperator): task_3> on 2020-03-12T00:00:00+00:00
[2021-11-29 12:36:51,177] {standard_task_runner.py:52} INFO - Started process 160506 to run task
[2021-11-29 12:36:51,389] {standard_task_runner.py:76} INFO - Running: ['airflow', 'tasks', 'run', 'parallel_dag', 'task_3', '2020-03-12T00:00:00+00:00', '--job-id', '465', '--pool', 'default_pool', '--raw', '--subdir', 'DAGS_FOLDER/parallel_dag.py', '--cfg-path', '/tmp/tmp_6900dmh', '--error-file', '/tmp/tmpbgq7bbhj']
[2021-11-29 12:36:51,467] {standard_task_runner.py:77} INFO - Job 465: Subtask task_3
[2021-11-29 12:36:53,046] {logging_mixin.py:104} INFO - Running <TaskInstance: parallel_dag.task_3 2020-03-12T00:00:00+00:00 [running]> on host airflowvm
[2021-11-29 12:36:53,951] {taskinstance.py:1280} INFO - Exporting the following env vars:
AIRFLOW_CTX_DAG_OWNER=airflow
AIRFLOW_CTX_DAG_ID=parallel_dag
AIRFLOW_CTX_TASK_ID=task_3
AIRFLOW_CTX_EXECUTION_DATE=2020-03-12T00:00:00+00:00
AIRFLOW_CTX_DAG_RUN_ID=scheduled__2020-03-12T00:00:00+00:00
[2021-11-29 12:36:53,965] {subprocess.py:52} INFO - Tmp dir root location: 
 /tmp
[2021-11-29 12:36:53,991] {subprocess.py:63} INFO - Running command: ['bash', '-c', 'sleep 3']
[2021-11-29 12:36:54,023] {subprocess.py:75} INFO - Output:
[2021-11-29 12:36:57,093] {subprocess.py:83} INFO - Command exited with return code 0
[2021-11-29 12:36:57,511] {taskinstance.py:1184} INFO - Marking task as SUCCESS. dag_id=parallel_dag, task_id=task_3, execution_date=20200312T000000, start_date=20211129T123650, end_date=20211129T123657
[2021-11-29 12:36:59,227] {taskinstance.py:1245} INFO - 0 downstream tasks scheduled from follow-on schedule check
[2021-11-29 12:36:59,241] {local_task_job.py:151} INFO - Task exited with return code 0
