[2021-11-29 12:36:48,240] {taskinstance.py:876} INFO - Dependencies all met for <TaskInstance: parallel_dag.task_2 2020-03-13T00:00:00+00:00 [queued]>
[2021-11-29 12:36:48,655] {taskinstance.py:876} INFO - Dependencies all met for <TaskInstance: parallel_dag.task_2 2020-03-13T00:00:00+00:00 [queued]>
[2021-11-29 12:36:48,656] {taskinstance.py:1067} INFO - 
--------------------------------------------------------------------------------
[2021-11-29 12:36:48,656] {taskinstance.py:1068} INFO - Starting attempt 1 of 1
[2021-11-29 12:36:48,657] {taskinstance.py:1069} INFO - 
--------------------------------------------------------------------------------
[2021-11-29 12:36:49,003] {taskinstance.py:1087} INFO - Executing <Task(BashOperator): task_2> on 2020-03-13T00:00:00+00:00
[2021-11-29 12:36:49,222] {standard_task_runner.py:52} INFO - Started process 160402 to run task
[2021-11-29 12:36:49,477] {standard_task_runner.py:76} INFO - Running: ['airflow', 'tasks', 'run', 'parallel_dag', 'task_2', '2020-03-13T00:00:00+00:00', '--job-id', '461', '--pool', 'default_pool', '--raw', '--subdir', 'DAGS_FOLDER/parallel_dag.py', '--cfg-path', '/tmp/tmpvmw74ya4', '--error-file', '/tmp/tmpbc8hvmet']
[2021-11-29 12:36:49,559] {standard_task_runner.py:77} INFO - Job 461: Subtask task_2
[2021-11-29 12:36:51,382] {logging_mixin.py:104} INFO - Running <TaskInstance: parallel_dag.task_2 2020-03-13T00:00:00+00:00 [running]> on host airflowvm
[2021-11-29 12:36:52,840] {taskinstance.py:1280} INFO - Exporting the following env vars:
AIRFLOW_CTX_DAG_OWNER=airflow
AIRFLOW_CTX_DAG_ID=parallel_dag
AIRFLOW_CTX_TASK_ID=task_2
AIRFLOW_CTX_EXECUTION_DATE=2020-03-13T00:00:00+00:00
AIRFLOW_CTX_DAG_RUN_ID=scheduled__2020-03-13T00:00:00+00:00
[2021-11-29 12:36:52,841] {subprocess.py:52} INFO - Tmp dir root location: 
 /tmp
[2021-11-29 12:36:52,901] {subprocess.py:63} INFO - Running command: ['bash', '-c', 'sleep 3']
[2021-11-29 12:36:53,002] {subprocess.py:75} INFO - Output:
[2021-11-29 12:36:56,166] {subprocess.py:83} INFO - Command exited with return code 0
[2021-11-29 12:36:56,640] {taskinstance.py:1184} INFO - Marking task as SUCCESS. dag_id=parallel_dag, task_id=task_2, execution_date=20200313T000000, start_date=20211129T123648, end_date=20211129T123656
[2021-11-29 12:36:59,112] {taskinstance.py:1245} INFO - 1 downstream tasks scheduled from follow-on schedule check
[2021-11-29 12:36:59,142] {local_task_job.py:151} INFO - Task exited with return code 0
