[2021-11-29 12:38:11,857] {taskinstance.py:876} INFO - Dependencies all met for <TaskInstance: parallel_dag.task_2 2020-03-26T00:00:00+00:00 [queued]>
[2021-11-29 12:38:12,167] {taskinstance.py:876} INFO - Dependencies all met for <TaskInstance: parallel_dag.task_2 2020-03-26T00:00:00+00:00 [queued]>
[2021-11-29 12:38:12,168] {taskinstance.py:1067} INFO - 
--------------------------------------------------------------------------------
[2021-11-29 12:38:12,168] {taskinstance.py:1068} INFO - Starting attempt 1 of 1
[2021-11-29 12:38:12,168] {taskinstance.py:1069} INFO - 
--------------------------------------------------------------------------------
[2021-11-29 12:38:12,327] {taskinstance.py:1087} INFO - Executing <Task(BashOperator): task_2> on 2020-03-26T00:00:00+00:00
[2021-11-29 12:38:12,414] {standard_task_runner.py:52} INFO - Started process 165444 to run task
[2021-11-29 12:38:12,473] {standard_task_runner.py:76} INFO - Running: ['airflow', 'tasks', 'run', 'parallel_dag', 'task_2', '2020-03-26T00:00:00+00:00', '--job-id', '520', '--pool', 'default_pool', '--raw', '--subdir', 'DAGS_FOLDER/parallel_dag.py', '--cfg-path', '/tmp/tmpxisq3dj5', '--error-file', '/tmp/tmpxeq5ito5']
[2021-11-29 12:38:12,474] {standard_task_runner.py:77} INFO - Job 520: Subtask task_2
[2021-11-29 12:38:13,430] {logging_mixin.py:104} INFO - Running <TaskInstance: parallel_dag.task_2 2020-03-26T00:00:00+00:00 [running]> on host airflowvm
[2021-11-29 12:38:14,711] {taskinstance.py:1280} INFO - Exporting the following env vars:
AIRFLOW_CTX_DAG_OWNER=airflow
AIRFLOW_CTX_DAG_ID=parallel_dag
AIRFLOW_CTX_TASK_ID=task_2
AIRFLOW_CTX_EXECUTION_DATE=2020-03-26T00:00:00+00:00
AIRFLOW_CTX_DAG_RUN_ID=scheduled__2020-03-26T00:00:00+00:00
[2021-11-29 12:38:14,712] {subprocess.py:52} INFO - Tmp dir root location: 
 /tmp
[2021-11-29 12:38:14,789] {subprocess.py:63} INFO - Running command: ['bash', '-c', 'sleep 3']
[2021-11-29 12:38:14,947] {subprocess.py:75} INFO - Output:
[2021-11-29 12:38:18,017] {subprocess.py:83} INFO - Command exited with return code 0
[2021-11-29 12:38:18,440] {taskinstance.py:1184} INFO - Marking task as SUCCESS. dag_id=parallel_dag, task_id=task_2, execution_date=20200326T000000, start_date=20211129T123811, end_date=20211129T123818
[2021-11-29 12:38:19,144] {taskinstance.py:1245} INFO - 0 downstream tasks scheduled from follow-on schedule check
[2021-11-29 12:38:19,270] {local_task_job.py:151} INFO - Task exited with return code 0
