[2021-11-29 12:30:20,048] {taskinstance.py:876} INFO - Dependencies all met for <TaskInstance: parallel_dag.task_3 2020-01-29T00:00:00+00:00 [queued]>
[2021-11-29 12:30:20,245] {taskinstance.py:876} INFO - Dependencies all met for <TaskInstance: parallel_dag.task_3 2020-01-29T00:00:00+00:00 [queued]>
[2021-11-29 12:30:20,253] {taskinstance.py:1067} INFO - 
--------------------------------------------------------------------------------
[2021-11-29 12:30:20,253] {taskinstance.py:1068} INFO - Starting attempt 1 of 1
[2021-11-29 12:30:20,254] {taskinstance.py:1069} INFO - 
--------------------------------------------------------------------------------
[2021-11-29 12:30:20,341] {taskinstance.py:1087} INFO - Executing <Task(BashOperator): task_3> on 2020-01-29T00:00:00+00:00
[2021-11-29 12:30:20,432] {standard_task_runner.py:52} INFO - Started process 138185 to run task
[2021-11-29 12:30:20,469] {standard_task_runner.py:76} INFO - Running: ['airflow', 'tasks', 'run', 'parallel_dag', 'task_3', '2020-01-29T00:00:00+00:00', '--job-id', '209', '--pool', 'default_pool', '--raw', '--subdir', 'DAGS_FOLDER/parallel_dag.py', '--cfg-path', '/tmp/tmpnanel0pp', '--error-file', '/tmp/tmpwuhxu1od']
[2021-11-29 12:30:20,470] {standard_task_runner.py:77} INFO - Job 209: Subtask task_3
[2021-11-29 12:30:21,088] {logging_mixin.py:104} INFO - Running <TaskInstance: parallel_dag.task_3 2020-01-29T00:00:00+00:00 [running]> on host airflowvm
[2021-11-29 12:30:21,786] {taskinstance.py:1280} INFO - Exporting the following env vars:
AIRFLOW_CTX_DAG_OWNER=airflow
AIRFLOW_CTX_DAG_ID=parallel_dag
AIRFLOW_CTX_TASK_ID=task_3
AIRFLOW_CTX_EXECUTION_DATE=2020-01-29T00:00:00+00:00
AIRFLOW_CTX_DAG_RUN_ID=scheduled__2020-01-29T00:00:00+00:00
[2021-11-29 12:30:21,787] {subprocess.py:52} INFO - Tmp dir root location: 
 /tmp
[2021-11-29 12:30:21,787] {subprocess.py:63} INFO - Running command: ['bash', '-c', 'sleep 3']
[2021-11-29 12:30:21,873] {subprocess.py:75} INFO - Output:
[2021-11-29 12:30:24,946] {subprocess.py:83} INFO - Command exited with return code 0
[2021-11-29 12:30:25,166] {taskinstance.py:1184} INFO - Marking task as SUCCESS. dag_id=parallel_dag, task_id=task_3, execution_date=20200129T000000, start_date=20211129T123020, end_date=20211129T123025
[2021-11-29 12:30:25,516] {taskinstance.py:1245} INFO - 1 downstream tasks scheduled from follow-on schedule check
[2021-11-29 12:30:25,731] {local_task_job.py:151} INFO - Task exited with return code 0
