[2021-11-29 12:52:39,466] {taskinstance.py:876} INFO - Dependencies all met for <TaskInstance: parallel_dag.task_3 2020-01-29T00:00:00+00:00 [queued]>
[2021-11-29 12:52:39,951] {taskinstance.py:876} INFO - Dependencies all met for <TaskInstance: parallel_dag.task_3 2020-01-29T00:00:00+00:00 [queued]>
[2021-11-29 12:52:40,057] {taskinstance.py:1067} INFO - 
--------------------------------------------------------------------------------
[2021-11-29 12:52:40,057] {taskinstance.py:1068} INFO - Starting attempt 2 of 2
[2021-11-29 12:52:40,057] {taskinstance.py:1069} INFO - 
--------------------------------------------------------------------------------
[2021-11-29 12:52:40,377] {taskinstance.py:1087} INFO - Executing <Task(BashOperator): task_3> on 2020-01-29T00:00:00+00:00
[2021-11-29 12:52:40,383] {standard_task_runner.py:76} INFO - Running: ['airflow', 'tasks', 'run', 'parallel_dag', 'task_3', '2020-01-29T00:00:00+00:00', '--job-id', '649', '--pool', 'default_pool', '--raw', '--subdir', 'DAGS_FOLDER/parallel_dag.py', '--cfg-path', '/tmp/tmpqaf49g6f', '--error-file', '/tmp/tmp6_gs25ik']
[2021-11-29 12:52:40,384] {standard_task_runner.py:77} INFO - Job 649: Subtask task_3
[2021-11-29 12:52:40,487] {standard_task_runner.py:52} INFO - Started process 184704 to run task
[2021-11-29 12:52:41,994] {logging_mixin.py:104} INFO - Running <TaskInstance: parallel_dag.task_3 2020-01-29T00:00:00+00:00 [running]> on host airflowvm
[2021-11-29 12:52:44,126] {taskinstance.py:1280} INFO - Exporting the following env vars:
AIRFLOW_CTX_DAG_OWNER=airflow
AIRFLOW_CTX_DAG_ID=parallel_dag
AIRFLOW_CTX_TASK_ID=task_3
AIRFLOW_CTX_EXECUTION_DATE=2020-01-29T00:00:00+00:00
AIRFLOW_CTX_DAG_RUN_ID=scheduled__2020-01-29T00:00:00+00:00
[2021-11-29 12:52:44,127] {subprocess.py:52} INFO - Tmp dir root location: 
 /tmp
[2021-11-29 12:52:44,239] {subprocess.py:63} INFO - Running command: ['bash', '-c', 'sleep 3']
[2021-11-29 12:52:44,413] {subprocess.py:75} INFO - Output:
[2021-11-29 12:52:47,627] {subprocess.py:83} INFO - Command exited with return code 0
[2021-11-29 12:52:48,115] {taskinstance.py:1184} INFO - Marking task as SUCCESS. dag_id=parallel_dag, task_id=task_3, execution_date=20200129T000000, start_date=20211129T125239, end_date=20211129T125248
[2021-11-29 12:52:49,353] {taskinstance.py:1245} INFO - 0 downstream tasks scheduled from follow-on schedule check
[2021-11-29 12:52:49,499] {local_task_job.py:151} INFO - Task exited with return code 0
