[2021-11-20 12:19:55,769] {taskinstance.py:896} INFO - Dependencies all met for <TaskInstance: example_bash_operator.runme_0 2021-11-19T00:00:00+00:00 [queued]>
[2021-11-20 12:19:55,774] {taskinstance.py:896} INFO - Dependencies all met for <TaskInstance: example_bash_operator.runme_0 2021-11-19T00:00:00+00:00 [queued]>
[2021-11-20 12:19:55,774] {taskinstance.py:1087} INFO - 
--------------------------------------------------------------------------------
[2021-11-20 12:19:55,774] {taskinstance.py:1088} INFO - Starting attempt 1 of 1
[2021-11-20 12:19:55,774] {taskinstance.py:1089} INFO - 
--------------------------------------------------------------------------------
[2021-11-20 12:19:55,790] {taskinstance.py:1107} INFO - Executing <Task(BashOperator): runme_0> on 2021-11-19T00:00:00+00:00
[2021-11-20 12:19:55,791] {standard_task_runner.py:52} INFO - Started process 6725 to run task
[2021-11-20 12:19:55,799] {standard_task_runner.py:76} INFO - Running: ['airflow', 'tasks', 'run', 'example_bash_operator', 'runme_0', '2021-11-19T00:00:00+00:00', '--job-id', '7', '--pool', 'default_pool', '--raw', '--subdir', '/home/airflow/sandbox/lib/python3.8/site-packages/airflow/example_dags/example_bash_operator.py', '--cfg-path', '/tmp/tmpj2zt8bnd', '--error-file', '/tmp/tmpdffa37sq']
[2021-11-20 12:19:55,800] {standard_task_runner.py:77} INFO - Job 7: Subtask runme_0
[2021-11-20 12:19:55,862] {logging_mixin.py:104} INFO - Running <TaskInstance: example_bash_operator.runme_0 2021-11-19T00:00:00+00:00 [running]> on host airflowvm
[2021-11-20 12:19:55,979] {taskinstance.py:1300} INFO - Exporting the following env vars:
AIRFLOW_CTX_DAG_OWNER=airflow
AIRFLOW_CTX_DAG_ID=example_bash_operator
AIRFLOW_CTX_TASK_ID=runme_0
AIRFLOW_CTX_EXECUTION_DATE=2021-11-19T00:00:00+00:00
AIRFLOW_CTX_DAG_RUN_ID=scheduled__2021-11-19T00:00:00+00:00
[2021-11-20 12:19:55,979] {subprocess.py:52} INFO - Tmp dir root location: 
 /tmp
[2021-11-20 12:19:55,980] {subprocess.py:63} INFO - Running command: ['bash', '-c', 'echo "example_bash_operator__runme_0__20211119" && sleep 1']
[2021-11-20 12:19:55,983] {subprocess.py:75} INFO - Output:
[2021-11-20 12:19:55,985] {subprocess.py:79} INFO - example_bash_operator__runme_0__20211119
[2021-11-20 12:19:56,988] {subprocess.py:83} INFO - Command exited with return code 0
[2021-11-20 12:19:57,006] {taskinstance.py:1204} INFO - Marking task as SUCCESS. dag_id=example_bash_operator, task_id=runme_0, execution_date=20211119T000000, start_date=20211120T121955, end_date=20211120T121957
[2021-11-20 12:19:57,027] {taskinstance.py:1265} INFO - 0 downstream tasks scheduled from follow-on schedule check
[2021-11-20 12:19:57,051] {local_task_job.py:151} INFO - Task exited with return code 0
