[2021-12-06 13:46:59,216] {taskinstance.py:876} INFO - Dependencies all met for <TaskInstance: trigger_rule.task_1 2021-12-05T00:00:00+00:00 [queued]>
[2021-12-06 13:46:59,531] {taskinstance.py:876} INFO - Dependencies all met for <TaskInstance: trigger_rule.task_1 2021-12-05T00:00:00+00:00 [queued]>
[2021-12-06 13:46:59,543] {taskinstance.py:1067} INFO - 
--------------------------------------------------------------------------------
[2021-12-06 13:46:59,544] {taskinstance.py:1068} INFO - Starting attempt 1 of 1
[2021-12-06 13:46:59,545] {taskinstance.py:1069} INFO - 
--------------------------------------------------------------------------------
[2021-12-06 13:46:59,660] {taskinstance.py:1087} INFO - Executing <Task(BashOperator): task_1> on 2021-12-05T00:00:00+00:00
[2021-12-06 13:46:59,677] {standard_task_runner.py:52} INFO - Started process 54038 to run task
[2021-12-06 13:46:59,797] {standard_task_runner.py:76} INFO - Running: ['airflow', 'tasks', 'run', 'trigger_rule', 'task_1', '2021-12-05T00:00:00+00:00', '--job-id', '743', '--pool', 'default_pool', '--raw', '--subdir', 'DAGS_FOLDER/trigger_rule.py', '--cfg-path', '/tmp/tmpbgttwgf7', '--error-file', '/tmp/tmp7yl0iws7']
[2021-12-06 13:46:59,881] {standard_task_runner.py:77} INFO - Job 743: Subtask task_1
[2021-12-06 13:47:06,170] {logging_mixin.py:104} INFO - Running <TaskInstance: trigger_rule.task_1 2021-12-05T00:00:00+00:00 [running]> on host airflowvm
[2021-12-06 13:47:12,006] {taskinstance.py:1280} INFO - Exporting the following env vars:
AIRFLOW_CTX_DAG_OWNER=airflow
AIRFLOW_CTX_DAG_ID=trigger_rule
AIRFLOW_CTX_TASK_ID=task_1
AIRFLOW_CTX_EXECUTION_DATE=2021-12-05T00:00:00+00:00
AIRFLOW_CTX_DAG_RUN_ID=scheduled__2021-12-05T00:00:00+00:00
[2021-12-06 13:47:12,028] {subprocess.py:52} INFO - Tmp dir root location: 
 /tmp
[2021-12-06 13:47:12,031] {subprocess.py:63} INFO - Running command: ['bash', '-c', 'exit 0']
[2021-12-06 13:47:12,069] {subprocess.py:75} INFO - Output:
[2021-12-06 13:47:12,192] {subprocess.py:83} INFO - Command exited with return code 0
[2021-12-06 13:47:12,410] {taskinstance.py:1184} INFO - Marking task as SUCCESS. dag_id=trigger_rule, task_id=task_1, execution_date=20211205T000000, start_date=20211206T134659, end_date=20211206T134712
[2021-12-06 13:47:13,474] {taskinstance.py:1245} INFO - 1 downstream tasks scheduled from follow-on schedule check
[2021-12-06 13:47:13,517] {local_task_job.py:151} INFO - Task exited with return code 0
