[2021-11-29 12:37:07,708] {taskinstance.py:876} INFO - Dependencies all met for <TaskInstance: parallel_dag.task_4 2020-03-10T00:00:00+00:00 [queued]>
[2021-11-29 12:37:08,469] {taskinstance.py:876} INFO - Dependencies all met for <TaskInstance: parallel_dag.task_4 2020-03-10T00:00:00+00:00 [queued]>
[2021-11-29 12:37:08,480] {taskinstance.py:1067} INFO - 
--------------------------------------------------------------------------------
[2021-11-29 12:37:08,495] {taskinstance.py:1068} INFO - Starting attempt 1 of 1
[2021-11-29 12:37:08,495] {taskinstance.py:1069} INFO - 
--------------------------------------------------------------------------------
[2021-11-29 12:37:08,739] {taskinstance.py:1087} INFO - Executing <Task(BashOperator): task_4> on 2020-03-10T00:00:00+00:00
[2021-11-29 12:37:08,914] {standard_task_runner.py:52} INFO - Started process 161699 to run task
[2021-11-29 12:37:09,099] {standard_task_runner.py:76} INFO - Running: ['airflow', 'tasks', 'run', 'parallel_dag', 'task_4', '2020-03-10T00:00:00+00:00', '--job-id', '480', '--pool', 'default_pool', '--raw', '--subdir', 'DAGS_FOLDER/parallel_dag.py', '--cfg-path', '/tmp/tmpxh62j_rq', '--error-file', '/tmp/tmp4h602_x8']
[2021-11-29 12:37:09,100] {standard_task_runner.py:77} INFO - Job 480: Subtask task_4
[2021-11-29 12:37:11,030] {logging_mixin.py:104} INFO - Running <TaskInstance: parallel_dag.task_4 2020-03-10T00:00:00+00:00 [running]> on host airflowvm
[2021-11-29 12:37:12,315] {taskinstance.py:1280} INFO - Exporting the following env vars:
AIRFLOW_CTX_DAG_OWNER=airflow
AIRFLOW_CTX_DAG_ID=parallel_dag
AIRFLOW_CTX_TASK_ID=task_4
AIRFLOW_CTX_EXECUTION_DATE=2020-03-10T00:00:00+00:00
AIRFLOW_CTX_DAG_RUN_ID=scheduled__2020-03-10T00:00:00+00:00
[2021-11-29 12:37:12,317] {subprocess.py:52} INFO - Tmp dir root location: 
 /tmp
[2021-11-29 12:37:12,354] {subprocess.py:63} INFO - Running command: ['bash', '-c', 'sleep 3']
[2021-11-29 12:37:12,512] {subprocess.py:75} INFO - Output:
[2021-11-29 12:37:15,845] {subprocess.py:83} INFO - Command exited with return code 0
[2021-11-29 12:37:16,445] {taskinstance.py:1184} INFO - Marking task as SUCCESS. dag_id=parallel_dag, task_id=task_4, execution_date=20200310T000000, start_date=20211129T123707, end_date=20211129T123716
[2021-11-29 12:37:17,052] {taskinstance.py:1245} INFO - 0 downstream tasks scheduled from follow-on schedule check
[2021-11-29 12:37:17,061] {local_task_job.py:151} INFO - Task exited with return code 0
