[2021-11-29 12:51:39,791] {taskinstance.py:876} INFO - Dependencies all met for <TaskInstance: parallel_dag.task_3 2020-01-27T00:00:00+00:00 [queued]>
[2021-11-29 12:51:39,810] {taskinstance.py:876} INFO - Dependencies all met for <TaskInstance: parallel_dag.task_3 2020-01-27T00:00:00+00:00 [queued]>
[2021-11-29 12:51:39,811] {taskinstance.py:1067} INFO - 
--------------------------------------------------------------------------------
[2021-11-29 12:51:39,813] {taskinstance.py:1068} INFO - Starting attempt 2 of 2
[2021-11-29 12:51:39,813] {taskinstance.py:1069} INFO - 
--------------------------------------------------------------------------------
[2021-11-29 12:51:39,824] {taskinstance.py:1087} INFO - Executing <Task(BashOperator): task_3> on 2020-01-27T00:00:00+00:00
[2021-11-29 12:51:39,827] {standard_task_runner.py:52} INFO - Started process 183455 to run task
[2021-11-29 12:51:39,835] {standard_task_runner.py:76} INFO - Running: ['airflow', 'tasks', 'run', 'parallel_dag', 'task_3', '2020-01-27T00:00:00+00:00', '--job-id', '636', '--pool', 'default_pool', '--raw', '--subdir', 'DAGS_FOLDER/parallel_dag.py', '--cfg-path', '/tmp/tmpzxo1_vw4', '--error-file', '/tmp/tmp48rsrlpd']
[2021-11-29 12:51:39,836] {standard_task_runner.py:77} INFO - Job 636: Subtask task_3
[2021-11-29 12:51:39,915] {logging_mixin.py:104} INFO - Running <TaskInstance: parallel_dag.task_3 2020-01-27T00:00:00+00:00 [running]> on host airflowvm
[2021-11-29 12:51:40,026] {taskinstance.py:1280} INFO - Exporting the following env vars:
AIRFLOW_CTX_DAG_OWNER=airflow
AIRFLOW_CTX_DAG_ID=parallel_dag
AIRFLOW_CTX_TASK_ID=task_3
AIRFLOW_CTX_EXECUTION_DATE=2020-01-27T00:00:00+00:00
AIRFLOW_CTX_DAG_RUN_ID=scheduled__2020-01-27T00:00:00+00:00
[2021-11-29 12:51:40,027] {subprocess.py:52} INFO - Tmp dir root location: 
 /tmp
[2021-11-29 12:51:40,027] {subprocess.py:63} INFO - Running command: ['bash', '-c', 'sleep 3']
[2021-11-29 12:51:40,044] {subprocess.py:75} INFO - Output:
[2021-11-29 12:51:43,065] {subprocess.py:83} INFO - Command exited with return code 0
[2021-11-29 12:51:43,151] {taskinstance.py:1184} INFO - Marking task as SUCCESS. dag_id=parallel_dag, task_id=task_3, execution_date=20200127T000000, start_date=20211129T125139, end_date=20211129T125143
[2021-11-29 12:51:43,274] {taskinstance.py:1245} INFO - 1 downstream tasks scheduled from follow-on schedule check
[2021-11-29 12:51:43,311] {local_task_job.py:151} INFO - Task exited with return code 0
