[2021-11-29 12:31:07,516] {taskinstance.py:876} INFO - Dependencies all met for <TaskInstance: parallel_dag.task_2 2020-02-04T00:00:00+00:00 [queued]>
[2021-11-29 12:31:07,748] {taskinstance.py:876} INFO - Dependencies all met for <TaskInstance: parallel_dag.task_2 2020-02-04T00:00:00+00:00 [queued]>
[2021-11-29 12:31:07,750] {taskinstance.py:1067} INFO - 
--------------------------------------------------------------------------------
[2021-11-29 12:31:07,751] {taskinstance.py:1068} INFO - Starting attempt 1 of 1
[2021-11-29 12:31:07,779] {taskinstance.py:1069} INFO - 
--------------------------------------------------------------------------------
[2021-11-29 12:31:07,990] {taskinstance.py:1087} INFO - Executing <Task(BashOperator): task_2> on 2020-02-04T00:00:00+00:00
[2021-11-29 12:31:08,024] {standard_task_runner.py:52} INFO - Started process 140342 to run task
[2021-11-29 12:31:08,045] {standard_task_runner.py:76} INFO - Running: ['airflow', 'tasks', 'run', 'parallel_dag', 'task_2', '2020-02-04T00:00:00+00:00', '--job-id', '234', '--pool', 'default_pool', '--raw', '--subdir', 'DAGS_FOLDER/parallel_dag.py', '--cfg-path', '/tmp/tmp21ez1sz9', '--error-file', '/tmp/tmpc22g1pn6']
[2021-11-29 12:31:08,272] {standard_task_runner.py:77} INFO - Job 234: Subtask task_2
[2021-11-29 12:31:09,687] {logging_mixin.py:104} INFO - Running <TaskInstance: parallel_dag.task_2 2020-02-04T00:00:00+00:00 [running]> on host airflowvm
[2021-11-29 12:31:11,135] {taskinstance.py:1280} INFO - Exporting the following env vars:
AIRFLOW_CTX_DAG_OWNER=airflow
AIRFLOW_CTX_DAG_ID=parallel_dag
AIRFLOW_CTX_TASK_ID=task_2
AIRFLOW_CTX_EXECUTION_DATE=2020-02-04T00:00:00+00:00
AIRFLOW_CTX_DAG_RUN_ID=scheduled__2020-02-04T00:00:00+00:00
[2021-11-29 12:31:11,149] {subprocess.py:52} INFO - Tmp dir root location: 
 /tmp
[2021-11-29 12:31:11,167] {subprocess.py:63} INFO - Running command: ['bash', '-c', 'sleep 3']
[2021-11-29 12:31:11,289] {subprocess.py:75} INFO - Output:
[2021-11-29 12:31:14,415] {subprocess.py:83} INFO - Command exited with return code 0
[2021-11-29 12:31:15,029] {taskinstance.py:1184} INFO - Marking task as SUCCESS. dag_id=parallel_dag, task_id=task_2, execution_date=20200204T000000, start_date=20211129T123107, end_date=20211129T123115
[2021-11-29 12:31:18,699] {taskinstance.py:1245} INFO - 0 downstream tasks scheduled from follow-on schedule check
[2021-11-29 12:31:19,168] {local_task_job.py:151} INFO - Task exited with return code 0
