[2021-11-29 12:33:46,208] {taskinstance.py:876} INFO - Dependencies all met for <TaskInstance: parallel_dag.task_2 2020-01-23T00:00:00+00:00 [queued]>
[2021-11-29 12:33:46,653] {taskinstance.py:876} INFO - Dependencies all met for <TaskInstance: parallel_dag.task_2 2020-01-23T00:00:00+00:00 [queued]>
[2021-11-29 12:33:46,673] {taskinstance.py:1067} INFO - 
--------------------------------------------------------------------------------
[2021-11-29 12:33:46,687] {taskinstance.py:1068} INFO - Starting attempt 2 of 2
[2021-11-29 12:33:46,687] {taskinstance.py:1069} INFO - 
--------------------------------------------------------------------------------
[2021-11-29 12:33:46,946] {taskinstance.py:1087} INFO - Executing <Task(BashOperator): task_2> on 2020-01-23T00:00:00+00:00
[2021-11-29 12:33:47,074] {standard_task_runner.py:52} INFO - Started process 149326 to run task
[2021-11-29 12:33:46,977] {standard_task_runner.py:76} INFO - Running: ['airflow', 'tasks', 'run', 'parallel_dag', 'task_2', '2020-01-23T00:00:00+00:00', '--job-id', '332', '--pool', 'default_pool', '--raw', '--subdir', 'DAGS_FOLDER/parallel_dag.py', '--cfg-path', '/tmp/tmp71zpua2j', '--error-file', '/tmp/tmpq5j0y1rs']
[2021-11-29 12:33:47,272] {standard_task_runner.py:77} INFO - Job 332: Subtask task_2
[2021-11-29 12:33:48,235] {logging_mixin.py:104} INFO - Running <TaskInstance: parallel_dag.task_2 2020-01-23T00:00:00+00:00 [running]> on host airflowvm
[2021-11-29 12:33:49,583] {taskinstance.py:1280} INFO - Exporting the following env vars:
AIRFLOW_CTX_DAG_OWNER=airflow
AIRFLOW_CTX_DAG_ID=parallel_dag
AIRFLOW_CTX_TASK_ID=task_2
AIRFLOW_CTX_EXECUTION_DATE=2020-01-23T00:00:00+00:00
AIRFLOW_CTX_DAG_RUN_ID=scheduled__2020-01-23T00:00:00+00:00
[2021-11-29 12:33:49,602] {subprocess.py:52} INFO - Tmp dir root location: 
 /tmp
[2021-11-29 12:33:49,631] {subprocess.py:63} INFO - Running command: ['bash', '-c', 'sleep 3']
[2021-11-29 12:33:49,814] {subprocess.py:75} INFO - Output:
[2021-11-29 12:33:52,885] {subprocess.py:83} INFO - Command exited with return code 0
[2021-11-29 12:33:53,499] {taskinstance.py:1184} INFO - Marking task as SUCCESS. dag_id=parallel_dag, task_id=task_2, execution_date=20200123T000000, start_date=20211129T123346, end_date=20211129T123353
[2021-11-29 12:33:54,057] {taskinstance.py:1245} INFO - 0 downstream tasks scheduled from follow-on schedule check
[2021-11-29 12:33:54,189] {local_task_job.py:151} INFO - Task exited with return code 0
