[2021-11-29 12:36:58,652] {taskinstance.py:876} INFO - Dependencies all met for <TaskInstance: parallel_dag.task_2 2020-03-14T00:00:00+00:00 [queued]>
[2021-11-29 12:36:58,933] {taskinstance.py:876} INFO - Dependencies all met for <TaskInstance: parallel_dag.task_2 2020-03-14T00:00:00+00:00 [queued]>
[2021-11-29 12:36:58,934] {taskinstance.py:1067} INFO - 
--------------------------------------------------------------------------------
[2021-11-29 12:36:58,934] {taskinstance.py:1068} INFO - Starting attempt 1 of 1
[2021-11-29 12:36:58,934] {taskinstance.py:1069} INFO - 
--------------------------------------------------------------------------------
[2021-11-29 12:36:59,211] {taskinstance.py:1087} INFO - Executing <Task(BashOperator): task_2> on 2020-03-14T00:00:00+00:00
[2021-11-29 12:36:59,287] {standard_task_runner.py:76} INFO - Running: ['airflow', 'tasks', 'run', 'parallel_dag', 'task_2', '2020-03-14T00:00:00+00:00', '--job-id', '469', '--pool', 'default_pool', '--raw', '--subdir', 'DAGS_FOLDER/parallel_dag.py', '--cfg-path', '/tmp/tmpdgt73y5k', '--error-file', '/tmp/tmpypcfvw6v']
[2021-11-29 12:36:59,288] {standard_task_runner.py:77} INFO - Job 469: Subtask task_2
[2021-11-29 12:36:59,387] {standard_task_runner.py:52} INFO - Started process 161068 to run task
[2021-11-29 12:37:00,803] {logging_mixin.py:104} INFO - Running <TaskInstance: parallel_dag.task_2 2020-03-14T00:00:00+00:00 [running]> on host airflowvm
[2021-11-29 12:37:02,214] {taskinstance.py:1280} INFO - Exporting the following env vars:
AIRFLOW_CTX_DAG_OWNER=airflow
AIRFLOW_CTX_DAG_ID=parallel_dag
AIRFLOW_CTX_TASK_ID=task_2
AIRFLOW_CTX_EXECUTION_DATE=2020-03-14T00:00:00+00:00
AIRFLOW_CTX_DAG_RUN_ID=scheduled__2020-03-14T00:00:00+00:00
[2021-11-29 12:37:02,215] {subprocess.py:52} INFO - Tmp dir root location: 
 /tmp
[2021-11-29 12:37:02,215] {subprocess.py:63} INFO - Running command: ['bash', '-c', 'sleep 3']
[2021-11-29 12:37:02,322] {subprocess.py:75} INFO - Output:
[2021-11-29 12:37:05,557] {subprocess.py:83} INFO - Command exited with return code 0
[2021-11-29 12:37:06,101] {taskinstance.py:1184} INFO - Marking task as SUCCESS. dag_id=parallel_dag, task_id=task_2, execution_date=20200314T000000, start_date=20211129T123658, end_date=20211129T123706
[2021-11-29 12:37:07,738] {taskinstance.py:1245} INFO - 1 downstream tasks scheduled from follow-on schedule check
[2021-11-29 12:37:07,965] {local_task_job.py:151} INFO - Task exited with return code 0
