[2021-11-29 12:19:59,160] {taskinstance.py:876} INFO - Dependencies all met for <TaskInstance: parallel_dag.task_1 2020-01-22T00:00:00+00:00 [queued]>
[2021-11-29 12:19:59,253] {taskinstance.py:876} INFO - Dependencies all met for <TaskInstance: parallel_dag.task_1 2020-01-22T00:00:00+00:00 [queued]>
[2021-11-29 12:19:59,254] {taskinstance.py:1067} INFO - 
--------------------------------------------------------------------------------
[2021-11-29 12:19:59,264] {taskinstance.py:1068} INFO - Starting attempt 1 of 1
[2021-11-29 12:19:59,265] {taskinstance.py:1069} INFO - 
--------------------------------------------------------------------------------
[2021-11-29 12:19:59,331] {taskinstance.py:1087} INFO - Executing <Task(BashOperator): task_1> on 2020-01-22T00:00:00+00:00
[2021-11-29 12:19:59,340] {standard_task_runner.py:76} INFO - Running: ['airflow', 'tasks', 'run', 'parallel_dag', 'task_1', '2020-01-22T00:00:00+00:00', '--job-id', '92', '--pool', 'default_pool', '--raw', '--subdir', 'DAGS_FOLDER/parallel_dag.py', '--cfg-path', '/tmp/tmp8fhp_h7c', '--error-file', '/tmp/tmprkzqtrsc']
[2021-11-29 12:19:59,381] {standard_task_runner.py:52} INFO - Started process 113495 to run task
[2021-11-29 12:19:59,438] {standard_task_runner.py:77} INFO - Job 92: Subtask task_1
[2021-11-29 12:19:59,907] {logging_mixin.py:104} INFO - Running <TaskInstance: parallel_dag.task_1 2020-01-22T00:00:00+00:00 [running]> on host airflowvm
[2021-11-29 12:20:00,309] {taskinstance.py:1280} INFO - Exporting the following env vars:
AIRFLOW_CTX_DAG_OWNER=airflow
AIRFLOW_CTX_DAG_ID=parallel_dag
AIRFLOW_CTX_TASK_ID=task_1
AIRFLOW_CTX_EXECUTION_DATE=2020-01-22T00:00:00+00:00
AIRFLOW_CTX_DAG_RUN_ID=scheduled__2020-01-22T00:00:00+00:00
[2021-11-29 12:20:00,310] {subprocess.py:52} INFO - Tmp dir root location: 
 /tmp
[2021-11-29 12:20:00,311] {subprocess.py:63} INFO - Running command: ['bash', '-c', 'sleep 3']
[2021-11-29 12:20:00,360] {subprocess.py:75} INFO - Output:
[2021-11-29 12:20:03,477] {subprocess.py:83} INFO - Command exited with return code 0
[2021-11-29 12:20:03,679] {taskinstance.py:1184} INFO - Marking task as SUCCESS. dag_id=parallel_dag, task_id=task_1, execution_date=20200122T000000, start_date=20211129T121959, end_date=20211129T122003
[2021-11-29 12:20:03,912] {taskinstance.py:1245} INFO - 2 downstream tasks scheduled from follow-on schedule check
[2021-11-29 12:20:03,935] {local_task_job.py:151} INFO - Task exited with return code 0
