[2021-11-29 12:26:21,606] {taskinstance.py:876} INFO - Dependencies all met for <TaskInstance: parallel_dag.task_1 2020-01-22T00:00:00+00:00 [queued]>
[2021-11-29 12:26:21,622] {taskinstance.py:876} INFO - Dependencies all met for <TaskInstance: parallel_dag.task_1 2020-01-22T00:00:00+00:00 [queued]>
[2021-11-29 12:26:21,622] {taskinstance.py:1067} INFO - 
--------------------------------------------------------------------------------
[2021-11-29 12:26:21,623] {taskinstance.py:1068} INFO - Starting attempt 2 of 2
[2021-11-29 12:26:21,623] {taskinstance.py:1069} INFO - 
--------------------------------------------------------------------------------
[2021-11-29 12:26:21,632] {taskinstance.py:1087} INFO - Executing <Task(BashOperator): task_1> on 2020-01-22T00:00:00+00:00
[2021-11-29 12:26:21,635] {standard_task_runner.py:52} INFO - Started process 128195 to run task
[2021-11-29 12:26:21,642] {standard_task_runner.py:76} INFO - Running: ['airflow', 'tasks', 'run', 'parallel_dag', 'task_1', '2020-01-22T00:00:00+00:00', '--job-id', '155', '--pool', 'default_pool', '--raw', '--subdir', 'DAGS_FOLDER/parallel_dag.py', '--cfg-path', '/tmp/tmpy6c0_b71', '--error-file', '/tmp/tmped4nbnze']
[2021-11-29 12:26:21,643] {standard_task_runner.py:77} INFO - Job 155: Subtask task_1
[2021-11-29 12:26:21,769] {logging_mixin.py:104} INFO - Running <TaskInstance: parallel_dag.task_1 2020-01-22T00:00:00+00:00 [running]> on host airflowvm
[2021-11-29 12:26:21,876] {taskinstance.py:1280} INFO - Exporting the following env vars:
AIRFLOW_CTX_DAG_OWNER=airflow
AIRFLOW_CTX_DAG_ID=parallel_dag
AIRFLOW_CTX_TASK_ID=task_1
AIRFLOW_CTX_EXECUTION_DATE=2020-01-22T00:00:00+00:00
AIRFLOW_CTX_DAG_RUN_ID=scheduled__2020-01-22T00:00:00+00:00
[2021-11-29 12:26:21,878] {subprocess.py:52} INFO - Tmp dir root location: 
 /tmp
[2021-11-29 12:26:21,879] {subprocess.py:63} INFO - Running command: ['bash', '-c', 'sleep 3']
[2021-11-29 12:26:21,887] {subprocess.py:75} INFO - Output:
[2021-11-29 12:26:24,894] {subprocess.py:83} INFO - Command exited with return code 0
[2021-11-29 12:26:24,939] {taskinstance.py:1184} INFO - Marking task as SUCCESS. dag_id=parallel_dag, task_id=task_1, execution_date=20200122T000000, start_date=20211129T122621, end_date=20211129T122624
[2021-11-29 12:26:25,004] {taskinstance.py:1245} INFO - 2 downstream tasks scheduled from follow-on schedule check
[2021-11-29 12:26:25,029] {local_task_job.py:151} INFO - Task exited with return code 0
