[2021-11-27 14:14:42,558] {taskinstance.py:876} INFO - Dependencies all met for <TaskInstance: parallel_dag.task_4 2021-11-26T00:00:00+00:00 [queued]>
[2021-11-27 14:14:42,582] {taskinstance.py:876} INFO - Dependencies all met for <TaskInstance: parallel_dag.task_4 2021-11-26T00:00:00+00:00 [queued]>
[2021-11-27 14:14:42,589] {taskinstance.py:1067} INFO - 
--------------------------------------------------------------------------------
[2021-11-27 14:14:42,589] {taskinstance.py:1068} INFO - Starting attempt 1 of 1
[2021-11-27 14:14:42,589] {taskinstance.py:1069} INFO - 
--------------------------------------------------------------------------------
[2021-11-27 14:14:42,616] {taskinstance.py:1087} INFO - Executing <Task(BashOperator): task_4> on 2021-11-26T00:00:00+00:00
[2021-11-27 14:14:42,618] {standard_task_runner.py:52} INFO - Started process 13869 to run task
[2021-11-27 14:14:42,637] {standard_task_runner.py:76} INFO - Running: ['airflow', 'tasks', 'run', 'parallel_dag', 'task_4', '2021-11-26T00:00:00+00:00', '--job-id', '101', '--pool', 'default_pool', '--raw', '--subdir', 'DAGS_FOLDER/parallel_dag.py', '--cfg-path', '/tmp/tmp2pv68aiu', '--error-file', '/tmp/tmp8wpjwcas']
[2021-11-27 14:14:42,638] {standard_task_runner.py:77} INFO - Job 101: Subtask task_4
[2021-11-27 14:14:42,721] {logging_mixin.py:104} INFO - Running <TaskInstance: parallel_dag.task_4 2021-11-26T00:00:00+00:00 [running]> on host airflowvm
[2021-11-27 14:14:42,941] {taskinstance.py:1280} INFO - Exporting the following env vars:
AIRFLOW_CTX_DAG_OWNER=airflow
AIRFLOW_CTX_DAG_ID=parallel_dag
AIRFLOW_CTX_TASK_ID=task_4
AIRFLOW_CTX_EXECUTION_DATE=2021-11-26T00:00:00+00:00
AIRFLOW_CTX_DAG_RUN_ID=scheduled__2021-11-26T00:00:00+00:00
[2021-11-27 14:14:42,942] {subprocess.py:52} INFO - Tmp dir root location: 
 /tmp
[2021-11-27 14:14:42,942] {subprocess.py:63} INFO - Running command: ['bash', '-c', 'sleep 3']
[2021-11-27 14:14:42,967] {subprocess.py:75} INFO - Output:
[2021-11-27 14:14:45,983] {subprocess.py:83} INFO - Command exited with return code 0
[2021-11-27 14:14:46,026] {taskinstance.py:1184} INFO - Marking task as SUCCESS. dag_id=parallel_dag, task_id=task_4, execution_date=20211126T000000, start_date=20211127T141442, end_date=20211127T141446
[2021-11-27 14:14:46,052] {taskinstance.py:1245} INFO - 0 downstream tasks scheduled from follow-on schedule check
[2021-11-27 14:14:46,075] {local_task_job.py:151} INFO - Task exited with return code 0
