[2021-11-29 12:33:46,445] {taskinstance.py:876} INFO - Dependencies all met for <TaskInstance: parallel_dag.task_3 2020-01-22T00:00:00+00:00 [queued]>
[2021-11-29 12:33:46,795] {taskinstance.py:876} INFO - Dependencies all met for <TaskInstance: parallel_dag.task_3 2020-01-22T00:00:00+00:00 [queued]>
[2021-11-29 12:33:46,808] {taskinstance.py:1067} INFO - 
--------------------------------------------------------------------------------
[2021-11-29 12:33:46,829] {taskinstance.py:1068} INFO - Starting attempt 2 of 2
[2021-11-29 12:33:46,829] {taskinstance.py:1069} INFO - 
--------------------------------------------------------------------------------
[2021-11-29 12:33:47,002] {taskinstance.py:1087} INFO - Executing <Task(BashOperator): task_3> on 2020-01-22T00:00:00+00:00
[2021-11-29 12:33:47,015] {standard_task_runner.py:76} INFO - Running: ['airflow', 'tasks', 'run', 'parallel_dag', 'task_3', '2020-01-22T00:00:00+00:00', '--job-id', '334', '--pool', 'default_pool', '--raw', '--subdir', 'DAGS_FOLDER/parallel_dag.py', '--cfg-path', '/tmp/tmpd_1kh3n4', '--error-file', '/tmp/tmpke8lyqy3']
[2021-11-29 12:33:47,016] {standard_task_runner.py:77} INFO - Job 334: Subtask task_3
[2021-11-29 12:33:47,080] {standard_task_runner.py:52} INFO - Started process 149328 to run task
[2021-11-29 12:33:48,232] {logging_mixin.py:104} INFO - Running <TaskInstance: parallel_dag.task_3 2020-01-22T00:00:00+00:00 [running]> on host airflowvm
[2021-11-29 12:33:49,445] {taskinstance.py:1280} INFO - Exporting the following env vars:
AIRFLOW_CTX_DAG_OWNER=airflow
AIRFLOW_CTX_DAG_ID=parallel_dag
AIRFLOW_CTX_TASK_ID=task_3
AIRFLOW_CTX_EXECUTION_DATE=2020-01-22T00:00:00+00:00
AIRFLOW_CTX_DAG_RUN_ID=scheduled__2020-01-22T00:00:00+00:00
[2021-11-29 12:33:49,485] {subprocess.py:52} INFO - Tmp dir root location: 
 /tmp
[2021-11-29 12:33:49,486] {subprocess.py:63} INFO - Running command: ['bash', '-c', 'sleep 3']
[2021-11-29 12:33:49,622] {subprocess.py:75} INFO - Output:
[2021-11-29 12:33:52,874] {subprocess.py:83} INFO - Command exited with return code 0
[2021-11-29 12:33:53,583] {taskinstance.py:1184} INFO - Marking task as SUCCESS. dag_id=parallel_dag, task_id=task_3, execution_date=20200122T000000, start_date=20211129T123346, end_date=20211129T123353
[2021-11-29 12:33:54,117] {taskinstance.py:1245} INFO - 0 downstream tasks scheduled from follow-on schedule check
[2021-11-29 12:33:54,192] {local_task_job.py:151} INFO - Task exited with return code 0
