[2021-11-29 12:33:43,295] {taskinstance.py:876} INFO - Dependencies all met for <TaskInstance: parallel_dag.task_3 2020-01-21T00:00:00+00:00 [queued]>
[2021-11-29 12:33:43,607] {taskinstance.py:876} INFO - Dependencies all met for <TaskInstance: parallel_dag.task_3 2020-01-21T00:00:00+00:00 [queued]>
[2021-11-29 12:33:43,608] {taskinstance.py:1067} INFO - 
--------------------------------------------------------------------------------
[2021-11-29 12:33:43,608] {taskinstance.py:1068} INFO - Starting attempt 2 of 2
[2021-11-29 12:33:43,645] {taskinstance.py:1069} INFO - 
--------------------------------------------------------------------------------
[2021-11-29 12:33:43,949] {taskinstance.py:1087} INFO - Executing <Task(BashOperator): task_3> on 2020-01-21T00:00:00+00:00
[2021-11-29 12:33:44,211] {standard_task_runner.py:52} INFO - Started process 149187 to run task
[2021-11-29 12:33:44,257] {standard_task_runner.py:76} INFO - Running: ['airflow', 'tasks', 'run', 'parallel_dag', 'task_3', '2020-01-21T00:00:00+00:00', '--job-id', '330', '--pool', 'default_pool', '--raw', '--subdir', 'DAGS_FOLDER/parallel_dag.py', '--cfg-path', '/tmp/tmpiub9ye9z', '--error-file', '/tmp/tmpdyodjgom']
[2021-11-29 12:33:44,398] {standard_task_runner.py:77} INFO - Job 330: Subtask task_3
[2021-11-29 12:33:45,395] {logging_mixin.py:104} INFO - Running <TaskInstance: parallel_dag.task_3 2020-01-21T00:00:00+00:00 [running]> on host airflowvm
[2021-11-29 12:33:46,767] {taskinstance.py:1280} INFO - Exporting the following env vars:
AIRFLOW_CTX_DAG_OWNER=airflow
AIRFLOW_CTX_DAG_ID=parallel_dag
AIRFLOW_CTX_TASK_ID=task_3
AIRFLOW_CTX_EXECUTION_DATE=2020-01-21T00:00:00+00:00
AIRFLOW_CTX_DAG_RUN_ID=scheduled__2020-01-21T00:00:00+00:00
[2021-11-29 12:33:46,793] {subprocess.py:52} INFO - Tmp dir root location: 
 /tmp
[2021-11-29 12:33:46,814] {subprocess.py:63} INFO - Running command: ['bash', '-c', 'sleep 3']
[2021-11-29 12:33:46,999] {subprocess.py:75} INFO - Output:
[2021-11-29 12:33:50,186] {subprocess.py:83} INFO - Command exited with return code 0
[2021-11-29 12:33:50,578] {taskinstance.py:1184} INFO - Marking task as SUCCESS. dag_id=parallel_dag, task_id=task_3, execution_date=20200121T000000, start_date=20211129T123343, end_date=20211129T123350
[2021-11-29 12:33:51,090] {taskinstance.py:1245} INFO - 0 downstream tasks scheduled from follow-on schedule check
[2021-11-29 12:33:51,165] {local_task_job.py:151} INFO - Task exited with return code 0
