[2021-11-29 10:00:15,415] {taskinstance.py:876} INFO - Dependencies all met for <TaskInstance: parallel_dag.task_2 2021-11-29T09:59:29.346844+00:00 [queued]>
[2021-11-29 10:00:15,582] {taskinstance.py:876} INFO - Dependencies all met for <TaskInstance: parallel_dag.task_2 2021-11-29T09:59:29.346844+00:00 [queued]>
[2021-11-29 10:00:15,608] {taskinstance.py:1067} INFO - 
--------------------------------------------------------------------------------
[2021-11-29 10:00:15,620] {taskinstance.py:1068} INFO - Starting attempt 1 of 1
[2021-11-29 10:00:15,627] {taskinstance.py:1069} INFO - 
--------------------------------------------------------------------------------
[2021-11-29 10:00:16,177] {taskinstance.py:1087} INFO - Executing <Task(BashOperator): task_2> on 2021-11-29T09:59:29.346844+00:00
[2021-11-29 10:00:16,473] {standard_task_runner.py:52} INFO - Started process 72519 to run task
[2021-11-29 10:00:16,797] {standard_task_runner.py:76} INFO - Running: ['airflow', 'tasks', 'run', 'parallel_dag', 'task_2', '2021-11-29T09:59:29.346844+00:00', '--job-id', '14', '--pool', 'default_pool', '--raw', '--subdir', 'DAGS_FOLDER/parallel_dag.py', '--cfg-path', '/tmp/tmper1hgjse', '--error-file', '/tmp/tmpqt5u6v41']
[2021-11-29 10:00:16,879] {standard_task_runner.py:77} INFO - Job 14: Subtask task_2
[2021-11-29 10:00:18,730] {logging_mixin.py:104} INFO - Running <TaskInstance: parallel_dag.task_2 2021-11-29T09:59:29.346844+00:00 [running]> on host airflowvm
[2021-11-29 10:00:21,547] {taskinstance.py:1280} INFO - Exporting the following env vars:
AIRFLOW_CTX_DAG_OWNER=airflow
AIRFLOW_CTX_DAG_ID=parallel_dag
AIRFLOW_CTX_TASK_ID=task_2
AIRFLOW_CTX_EXECUTION_DATE=2021-11-29T09:59:29.346844+00:00
AIRFLOW_CTX_DAG_RUN_ID=manual__2021-11-29T09:59:29.346844+00:00
[2021-11-29 10:00:21,577] {subprocess.py:52} INFO - Tmp dir root location: 
 /tmp
[2021-11-29 10:00:21,652] {subprocess.py:63} INFO - Running command: ['bash', '-c', 'sleep 3']
[2021-11-29 10:00:22,042] {subprocess.py:75} INFO - Output:
[2021-11-29 10:00:25,811] {subprocess.py:83} INFO - Command exited with return code 0
[2021-11-29 10:00:27,188] {taskinstance.py:1184} INFO - Marking task as SUCCESS. dag_id=parallel_dag, task_id=task_2, execution_date=20211129T095929, start_date=20211129T100015, end_date=20211129T100027
[2021-11-29 10:00:28,537] {taskinstance.py:1245} INFO - 1 downstream tasks scheduled from follow-on schedule check
[2021-11-29 10:00:28,663] {local_task_job.py:151} INFO - Task exited with return code 0
