[2021-12-06 12:19:00,912] {taskinstance.py:876} INFO - Dependencies all met for <TaskInstance: xcom_dag.choose_best_model 2021-12-06T12:18:38.673600+00:00 [queued]>
[2021-12-06 12:19:01,334] {taskinstance.py:876} INFO - Dependencies all met for <TaskInstance: xcom_dag.choose_best_model 2021-12-06T12:18:38.673600+00:00 [queued]>
[2021-12-06 12:19:01,410] {taskinstance.py:1067} INFO - 
--------------------------------------------------------------------------------
[2021-12-06 12:19:01,445] {taskinstance.py:1068} INFO - Starting attempt 1 of 1
[2021-12-06 12:19:01,475] {taskinstance.py:1069} INFO - 
--------------------------------------------------------------------------------
[2021-12-06 12:19:01,809] {taskinstance.py:1087} INFO - Executing <Task(BranchPythonOperator): choose_best_model> on 2021-12-06T12:18:38.673600+00:00
[2021-12-06 12:19:01,830] {standard_task_runner.py:52} INFO - Started process 32493 to run task
[2021-12-06 12:19:02,044] {standard_task_runner.py:76} INFO - Running: ['airflow', 'tasks', 'run', 'xcom_dag', 'choose_best_model', '2021-12-06T12:18:38.673600+00:00', '--job-id', '737', '--pool', 'default_pool', '--raw', '--subdir', 'DAGS_FOLDER/xcom_dag.py', '--cfg-path', '/tmp/tmpymxtu3gc', '--error-file', '/tmp/tmp_b80_pe_']
[2021-12-06 12:19:02,130] {standard_task_runner.py:77} INFO - Job 737: Subtask choose_best_model
[2021-12-06 12:19:02,850] {logging_mixin.py:104} INFO - Running <TaskInstance: xcom_dag.choose_best_model 2021-12-06T12:18:38.673600+00:00 [running]> on host airflowvm
[2021-12-06 12:19:03,218] {taskinstance.py:1280} INFO - Exporting the following env vars:
AIRFLOW_CTX_DAG_OWNER=airflow
AIRFLOW_CTX_DAG_ID=xcom_dag
AIRFLOW_CTX_TASK_ID=choose_best_model
AIRFLOW_CTX_EXECUTION_DATE=2021-12-06T12:18:38.673600+00:00
AIRFLOW_CTX_DAG_RUN_ID=manual__2021-12-06T12:18:38.673600+00:00
[2021-12-06 12:19:03,224] {logging_mixin.py:104} INFO - choose best model
[2021-12-06 12:19:03,327] {python.py:151} INFO - Done. Returned value was: accurate
[2021-12-06 12:19:03,335] {skipmixin.py:124} INFO - Following branch accurate
[2021-12-06 12:19:03,493] {skipmixin.py:155} INFO - Skipping tasks ['inaccurate']
[2021-12-06 12:19:04,282] {taskinstance.py:1184} INFO - Marking task as SUCCESS. dag_id=xcom_dag, task_id=choose_best_model, execution_date=20211206T121838, start_date=20211206T121900, end_date=20211206T121904
[2021-12-06 12:19:04,846] {taskinstance.py:1245} INFO - 1 downstream tasks scheduled from follow-on schedule check
[2021-12-06 12:19:04,904] {local_task_job.py:151} INFO - Task exited with return code 0
