[2021-11-29 12:27:56,300] {taskinstance.py:876} INFO - Dependencies all met for <TaskInstance: parallel_dag.task_4 2020-01-10T00:00:00+00:00 [queued]>
[2021-11-29 12:27:56,345] {taskinstance.py:876} INFO - Dependencies all met for <TaskInstance: parallel_dag.task_4 2020-01-10T00:00:00+00:00 [queued]>
[2021-11-29 12:27:56,345] {taskinstance.py:1067} INFO - 
--------------------------------------------------------------------------------
[2021-11-29 12:27:56,346] {taskinstance.py:1068} INFO - Starting attempt 2 of 2
[2021-11-29 12:27:56,347] {taskinstance.py:1069} INFO - 
--------------------------------------------------------------------------------
[2021-11-29 12:27:56,367] {taskinstance.py:1087} INFO - Executing <Task(BashOperator): task_4> on 2020-01-10T00:00:00+00:00
[2021-11-29 12:27:56,370] {standard_task_runner.py:52} INFO - Started process 132190 to run task
[2021-11-29 12:27:56,385] {standard_task_runner.py:76} INFO - Running: ['airflow', 'tasks', 'run', 'parallel_dag', 'task_4', '2020-01-10T00:00:00+00:00', '--job-id', '173', '--pool', 'default_pool', '--raw', '--subdir', 'DAGS_FOLDER/parallel_dag.py', '--cfg-path', '/tmp/tmpqgv_f4nn', '--error-file', '/tmp/tmp_bz9qywe']
[2021-11-29 12:27:56,405] {standard_task_runner.py:77} INFO - Job 173: Subtask task_4
[2021-11-29 12:27:56,581] {logging_mixin.py:104} INFO - Running <TaskInstance: parallel_dag.task_4 2020-01-10T00:00:00+00:00 [running]> on host airflowvm
[2021-11-29 12:27:56,810] {taskinstance.py:1280} INFO - Exporting the following env vars:
AIRFLOW_CTX_DAG_OWNER=airflow
AIRFLOW_CTX_DAG_ID=parallel_dag
AIRFLOW_CTX_TASK_ID=task_4
AIRFLOW_CTX_EXECUTION_DATE=2020-01-10T00:00:00+00:00
AIRFLOW_CTX_DAG_RUN_ID=scheduled__2020-01-10T00:00:00+00:00
[2021-11-29 12:27:56,816] {subprocess.py:52} INFO - Tmp dir root location: 
 /tmp
[2021-11-29 12:27:56,828] {subprocess.py:63} INFO - Running command: ['bash', '-c', 'sleep 3']
[2021-11-29 12:27:56,852] {subprocess.py:75} INFO - Output:
[2021-11-29 12:27:59,877] {subprocess.py:83} INFO - Command exited with return code 0
[2021-11-29 12:27:59,923] {taskinstance.py:1184} INFO - Marking task as SUCCESS. dag_id=parallel_dag, task_id=task_4, execution_date=20200110T000000, start_date=20211129T122756, end_date=20211129T122759
[2021-11-29 12:27:59,962] {taskinstance.py:1245} INFO - 0 downstream tasks scheduled from follow-on schedule check
[2021-11-29 12:27:59,986] {local_task_job.py:151} INFO - Task exited with return code 0
