[2021-11-30 13:55:03,636] {taskinstance.py:876} INFO - Dependencies all met for <TaskInstance: parallel_dag.processing_tasks 2021-11-30T13:54:45.747606+00:00 [queued]>
[2021-11-30 13:55:03,844] {taskinstance.py:876} INFO - Dependencies all met for <TaskInstance: parallel_dag.processing_tasks 2021-11-30T13:54:45.747606+00:00 [queued]>
[2021-11-30 13:55:03,869] {taskinstance.py:1067} INFO - 
--------------------------------------------------------------------------------
[2021-11-30 13:55:03,870] {taskinstance.py:1068} INFO - Starting attempt 1 of 1
[2021-11-30 13:55:03,873] {taskinstance.py:1069} INFO - 
--------------------------------------------------------------------------------
[2021-11-30 13:55:04,112] {taskinstance.py:1087} INFO - Executing <Task(SubDagOperator): processing_tasks> on 2021-11-30T13:54:45.747606+00:00
[2021-11-30 13:55:04,256] {standard_task_runner.py:52} INFO - Started process 228305 to run task
[2021-11-30 13:55:04,566] {standard_task_runner.py:76} INFO - Running: ['airflow', 'tasks', 'run', 'parallel_dag', 'processing_tasks', '2021-11-30T13:54:45.747606+00:00', '--job-id', '683', '--pool', 'default_pool', '--raw', '--subdir', 'DAGS_FOLDER/parallel_dag.py', '--cfg-path', '/tmp/tmp0y9w2e56', '--error-file', '/tmp/tmpjb531o0r']
[2021-11-30 13:55:04,599] {standard_task_runner.py:77} INFO - Job 683: Subtask processing_tasks
[2021-11-30 13:55:05,655] {logging_mixin.py:104} INFO - Running <TaskInstance: parallel_dag.processing_tasks 2021-11-30T13:54:45.747606+00:00 [running]> on host airflowvm
[2021-11-30 13:55:07,146] {taskinstance.py:1280} INFO - Exporting the following env vars:
AIRFLOW_CTX_DAG_OWNER=airflow
AIRFLOW_CTX_DAG_ID=parallel_dag
AIRFLOW_CTX_TASK_ID=processing_tasks
AIRFLOW_CTX_EXECUTION_DATE=2021-11-30T13:54:45.747606+00:00
AIRFLOW_CTX_DAG_RUN_ID=manual__2021-11-30T13:54:45.747606+00:00
[2021-11-30 13:55:07,502] {subdag.py:155} INFO - Created DagRun: scheduled__2021-11-30T13:54:45.747606+00:00
[2021-11-30 13:56:07,804] {base.py:243} INFO - Success criteria met. Exiting.
[2021-11-30 13:56:07,845] {subdag.py:169} INFO - Execution finished. State is success
[2021-11-30 13:56:07,920] {taskinstance.py:1184} INFO - Marking task as SUCCESS. dag_id=parallel_dag, task_id=processing_tasks, execution_date=20211130T135445, start_date=20211130T135503, end_date=20211130T135607
[2021-11-30 13:56:08,092] {taskinstance.py:1245} INFO - 1 downstream tasks scheduled from follow-on schedule check
[2021-11-30 13:56:08,117] {local_task_job.py:151} INFO - Task exited with return code 0
