[2021-11-29 12:37:57,787] {taskinstance.py:876} INFO - Dependencies all met for <TaskInstance: parallel_dag.task_1 2020-03-29T00:00:00+00:00 [queued]>
[2021-11-29 12:37:58,100] {taskinstance.py:876} INFO - Dependencies all met for <TaskInstance: parallel_dag.task_1 2020-03-29T00:00:00+00:00 [queued]>
[2021-11-29 12:37:58,131] {taskinstance.py:1067} INFO - 
--------------------------------------------------------------------------------
[2021-11-29 12:37:58,131] {taskinstance.py:1068} INFO - Starting attempt 1 of 1
[2021-11-29 12:37:58,131] {taskinstance.py:1069} INFO - 
--------------------------------------------------------------------------------
[2021-11-29 12:37:58,291] {taskinstance.py:1087} INFO - Executing <Task(BashOperator): task_1> on 2020-03-29T00:00:00+00:00
[2021-11-29 12:37:58,545] {standard_task_runner.py:76} INFO - Running: ['airflow', 'tasks', 'run', 'parallel_dag', 'task_1', '2020-03-29T00:00:00+00:00', '--job-id', '512', '--pool', 'default_pool', '--raw', '--subdir', 'DAGS_FOLDER/parallel_dag.py', '--cfg-path', '/tmp/tmp3pett9sz', '--error-file', '/tmp/tmpw4kau2us']
[2021-11-29 12:37:58,546] {standard_task_runner.py:77} INFO - Job 512: Subtask task_1
[2021-11-29 12:37:58,442] {standard_task_runner.py:52} INFO - Started process 164607 to run task
[2021-11-29 12:38:00,196] {logging_mixin.py:104} INFO - Running <TaskInstance: parallel_dag.task_1 2020-03-29T00:00:00+00:00 [running]> on host airflowvm
[2021-11-29 12:38:01,804] {taskinstance.py:1280} INFO - Exporting the following env vars:
AIRFLOW_CTX_DAG_OWNER=airflow
AIRFLOW_CTX_DAG_ID=parallel_dag
AIRFLOW_CTX_TASK_ID=task_1
AIRFLOW_CTX_EXECUTION_DATE=2020-03-29T00:00:00+00:00
AIRFLOW_CTX_DAG_RUN_ID=scheduled__2020-03-29T00:00:00+00:00
[2021-11-29 12:38:01,805] {subprocess.py:52} INFO - Tmp dir root location: 
 /tmp
[2021-11-29 12:38:01,805] {subprocess.py:63} INFO - Running command: ['bash', '-c', 'sleep 3']
[2021-11-29 12:38:01,894] {subprocess.py:75} INFO - Output:
[2021-11-29 12:38:05,075] {subprocess.py:83} INFO - Command exited with return code 0
[2021-11-29 12:38:05,966] {taskinstance.py:1184} INFO - Marking task as SUCCESS. dag_id=parallel_dag, task_id=task_1, execution_date=20200329T000000, start_date=20211129T123757, end_date=20211129T123805
[2021-11-29 12:38:08,483] {taskinstance.py:1245} INFO - 0 downstream tasks scheduled from follow-on schedule check
[2021-11-29 12:38:08,522] {local_task_job.py:151} INFO - Task exited with return code 0
