[2021-11-24 11:03:02,250] {taskinstance.py:876} INFO - Dependencies all met for <TaskInstance: user_processing.creating_table 2020-01-04T00:00:00+00:00 [queued]>
[2021-11-24 11:03:02,266] {taskinstance.py:876} INFO - Dependencies all met for <TaskInstance: user_processing.creating_table 2020-01-04T00:00:00+00:00 [queued]>
[2021-11-24 11:03:02,267] {taskinstance.py:1067} INFO - 
--------------------------------------------------------------------------------
[2021-11-24 11:03:02,268] {taskinstance.py:1068} INFO - Starting attempt 1 of 1
[2021-11-24 11:03:02,269] {taskinstance.py:1069} INFO - 
--------------------------------------------------------------------------------
[2021-11-24 11:03:02,322] {taskinstance.py:1087} INFO - Executing <Task(SqliteOperator): creating_table> on 2020-01-04T00:00:00+00:00
[2021-11-24 11:03:02,330] {standard_task_runner.py:52} INFO - Started process 150967 to run task
[2021-11-24 11:03:02,345] {standard_task_runner.py:76} INFO - Running: ['airflow', 'tasks', 'run', 'user_processing', 'creating_table', '2020-01-04T00:00:00+00:00', '--job-id', '62', '--pool', 'default_pool', '--raw', '--subdir', 'DAGS_FOLDER/user_processing.py', '--cfg-path', '/tmp/tmpairvz6x7', '--error-file', '/tmp/tmplf91j28u']
[2021-11-24 11:03:02,351] {standard_task_runner.py:77} INFO - Job 62: Subtask creating_table
[2021-11-24 11:03:02,510] {logging_mixin.py:104} INFO - Running <TaskInstance: user_processing.creating_table 2020-01-04T00:00:00+00:00 [running]> on host airflowvm
[2021-11-24 11:03:02,690] {taskinstance.py:1280} INFO - Exporting the following env vars:
AIRFLOW_CTX_DAG_OWNER=airflow
AIRFLOW_CTX_DAG_ID=user_processing
AIRFLOW_CTX_TASK_ID=creating_table
AIRFLOW_CTX_EXECUTION_DATE=2020-01-04T00:00:00+00:00
AIRFLOW_CTX_DAG_RUN_ID=scheduled__2020-01-04T00:00:00+00:00
[2021-11-24 11:03:02,692] {sqlite.py:63} INFO - Executing: 
              CREATE TABLE if not exists users (
                  firstname TEXT NOT NULL,
                  lastname TEXT NOT NULL,
                  country TEXT NOT NULL,
                  username TEXT NOT NULL,
                  password TEXT NOT NULL,
                  email TEXT NOT NULL PRIMARY KEY
              );
              
[2021-11-24 11:03:02,701] {base.py:69} INFO - Using connection to: id: db_sqlite. Host: /home/airflow/airflow/airflow.db, Port: None, Schema: , Login: , Password: None, extra: {}
[2021-11-24 11:03:02,705] {dbapi.py:204} INFO - Running statement: 
              CREATE TABLE if not exists users (
                  firstname TEXT NOT NULL,
                  lastname TEXT NOT NULL,
                  country TEXT NOT NULL,
                  username TEXT NOT NULL,
                  password TEXT NOT NULL,
                  email TEXT NOT NULL PRIMARY KEY
              );
              , parameters: []
[2021-11-24 11:03:02,713] {taskinstance.py:1184} INFO - Marking task as SUCCESS. dag_id=user_processing, task_id=creating_table, execution_date=20200104T000000, start_date=20211124T110302, end_date=20211124T110302
[2021-11-24 11:03:02,842] {taskinstance.py:1245} INFO - 1 downstream tasks scheduled from follow-on schedule check
[2021-11-24 11:03:02,861] {local_task_job.py:151} INFO - Task exited with return code 0
