[2021-11-29 12:36:30,235] {taskinstance.py:876} INFO - Dependencies all met for <TaskInstance: parallel_dag.task_2 2020-03-08T00:00:00+00:00 [queued]>
[2021-11-29 12:36:30,601] {taskinstance.py:876} INFO - Dependencies all met for <TaskInstance: parallel_dag.task_2 2020-03-08T00:00:00+00:00 [queued]>
[2021-11-29 12:36:30,602] {taskinstance.py:1067} INFO - 
--------------------------------------------------------------------------------
[2021-11-29 12:36:30,602] {taskinstance.py:1068} INFO - Starting attempt 1 of 1
[2021-11-29 12:36:30,602] {taskinstance.py:1069} INFO - 
--------------------------------------------------------------------------------
[2021-11-29 12:36:30,747] {taskinstance.py:1087} INFO - Executing <Task(BashOperator): task_2> on 2020-03-08T00:00:00+00:00
[2021-11-29 12:36:30,816] {standard_task_runner.py:52} INFO - Started process 159264 to run task
[2021-11-29 12:36:30,872] {standard_task_runner.py:76} INFO - Running: ['airflow', 'tasks', 'run', 'parallel_dag', 'task_2', '2020-03-08T00:00:00+00:00', '--job-id', '450', '--pool', 'default_pool', '--raw', '--subdir', 'DAGS_FOLDER/parallel_dag.py', '--cfg-path', '/tmp/tmpv20sssm7', '--error-file', '/tmp/tmpvugw1jr1']
[2021-11-29 12:36:31,007] {standard_task_runner.py:77} INFO - Job 450: Subtask task_2
[2021-11-29 12:36:32,454] {logging_mixin.py:104} INFO - Running <TaskInstance: parallel_dag.task_2 2020-03-08T00:00:00+00:00 [running]> on host airflowvm
[2021-11-29 12:36:33,834] {taskinstance.py:1280} INFO - Exporting the following env vars:
AIRFLOW_CTX_DAG_OWNER=airflow
AIRFLOW_CTX_DAG_ID=parallel_dag
AIRFLOW_CTX_TASK_ID=task_2
AIRFLOW_CTX_EXECUTION_DATE=2020-03-08T00:00:00+00:00
AIRFLOW_CTX_DAG_RUN_ID=scheduled__2020-03-08T00:00:00+00:00
[2021-11-29 12:36:33,835] {subprocess.py:52} INFO - Tmp dir root location: 
 /tmp
[2021-11-29 12:36:33,836] {subprocess.py:63} INFO - Running command: ['bash', '-c', 'sleep 3']
[2021-11-29 12:36:33,934] {subprocess.py:75} INFO - Output:
[2021-11-29 12:36:36,997] {subprocess.py:83} INFO - Command exited with return code 0
[2021-11-29 12:36:37,742] {taskinstance.py:1184} INFO - Marking task as SUCCESS. dag_id=parallel_dag, task_id=task_2, execution_date=20200308T000000, start_date=20211129T123630, end_date=20211129T123637
[2021-11-29 12:36:38,900] {taskinstance.py:1245} INFO - 0 downstream tasks scheduled from follow-on schedule check
[2021-11-29 12:36:39,054] {local_task_job.py:151} INFO - Task exited with return code 0
