[2021-11-24 11:03:29,083] {taskinstance.py:876} INFO - Dependencies all met for <TaskInstance: user_processing.processing_user 2020-01-01T00:00:00+00:00 [queued]>
[2021-11-24 11:03:29,098] {taskinstance.py:876} INFO - Dependencies all met for <TaskInstance: user_processing.processing_user 2020-01-01T00:00:00+00:00 [queued]>
[2021-11-24 11:03:29,099] {taskinstance.py:1067} INFO - 
--------------------------------------------------------------------------------
[2021-11-24 11:03:29,103] {taskinstance.py:1068} INFO - Starting attempt 2 of 1
[2021-11-24 11:03:29,103] {taskinstance.py:1069} INFO - 
--------------------------------------------------------------------------------
[2021-11-24 11:03:29,228] {taskinstance.py:1087} INFO - Executing <Task(PythonOperator): processing_user> on 2020-01-01T00:00:00+00:00
[2021-11-24 11:03:29,239] {standard_task_runner.py:52} INFO - Started process 151290 to run task
[2021-11-24 11:03:29,337] {standard_task_runner.py:76} INFO - Running: ['airflow', 'tasks', 'run', 'user_processing', 'processing_user', '2020-01-01T00:00:00+00:00', '--job-id', '66', '--pool', 'default_pool', '--raw', '--subdir', 'DAGS_FOLDER/user_processing.py', '--cfg-path', '/tmp/tmp9nl_x31i', '--error-file', '/tmp/tmp72bvf59y']
[2021-11-24 11:03:29,355] {standard_task_runner.py:77} INFO - Job 66: Subtask processing_user
[2021-11-24 11:03:29,626] {logging_mixin.py:104} INFO - Running <TaskInstance: user_processing.processing_user 2020-01-01T00:00:00+00:00 [running]> on host airflowvm
[2021-11-24 11:03:29,928] {taskinstance.py:1280} INFO - Exporting the following env vars:
AIRFLOW_CTX_DAG_OWNER=airflow
AIRFLOW_CTX_DAG_ID=user_processing
AIRFLOW_CTX_TASK_ID=processing_user
AIRFLOW_CTX_EXECUTION_DATE=2020-01-01T00:00:00+00:00
AIRFLOW_CTX_DAG_RUN_ID=scheduled__2020-01-01T00:00:00+00:00
[2021-11-24 11:03:30,055] {python.py:151} INFO - Done. Returned value was: None
[2021-11-24 11:03:30,080] {taskinstance.py:1184} INFO - Marking task as SUCCESS. dag_id=user_processing, task_id=processing_user, execution_date=20200101T000000, start_date=20211124T110329, end_date=20211124T110330
[2021-11-24 11:03:30,314] {taskinstance.py:1245} INFO - 1 downstream tasks scheduled from follow-on schedule check
[2021-11-24 11:03:30,343] {local_task_job.py:151} INFO - Task exited with return code 0
