[2021-11-29 12:37:21,423] {taskinstance.py:876} INFO - Dependencies all met for <TaskInstance: parallel_dag.task_4 2020-03-15T00:00:00+00:00 [queued]>
[2021-11-29 12:37:21,750] {taskinstance.py:876} INFO - Dependencies all met for <TaskInstance: parallel_dag.task_4 2020-03-15T00:00:00+00:00 [queued]>
[2021-11-29 12:37:21,751] {taskinstance.py:1067} INFO - 
--------------------------------------------------------------------------------
[2021-11-29 12:37:21,751] {taskinstance.py:1068} INFO - Starting attempt 1 of 1
[2021-11-29 12:37:21,852] {taskinstance.py:1069} INFO - 
--------------------------------------------------------------------------------
[2021-11-29 12:37:22,000] {taskinstance.py:1087} INFO - Executing <Task(BashOperator): task_4> on 2020-03-15T00:00:00+00:00
[2021-11-29 12:37:22,141] {standard_task_runner.py:52} INFO - Started process 162544 to run task
[2021-11-29 12:37:22,244] {standard_task_runner.py:76} INFO - Running: ['airflow', 'tasks', 'run', 'parallel_dag', 'task_4', '2020-03-15T00:00:00+00:00', '--job-id', '489', '--pool', 'default_pool', '--raw', '--subdir', 'DAGS_FOLDER/parallel_dag.py', '--cfg-path', '/tmp/tmpasc_4qao', '--error-file', '/tmp/tmpbyxxk0kk']
[2021-11-29 12:37:22,277] {standard_task_runner.py:77} INFO - Job 489: Subtask task_4
[2021-11-29 12:37:23,127] {logging_mixin.py:104} INFO - Running <TaskInstance: parallel_dag.task_4 2020-03-15T00:00:00+00:00 [running]> on host airflowvm
[2021-11-29 12:37:23,834] {taskinstance.py:1280} INFO - Exporting the following env vars:
AIRFLOW_CTX_DAG_OWNER=airflow
AIRFLOW_CTX_DAG_ID=parallel_dag
AIRFLOW_CTX_TASK_ID=task_4
AIRFLOW_CTX_EXECUTION_DATE=2020-03-15T00:00:00+00:00
AIRFLOW_CTX_DAG_RUN_ID=scheduled__2020-03-15T00:00:00+00:00
[2021-11-29 12:37:23,844] {subprocess.py:52} INFO - Tmp dir root location: 
 /tmp
[2021-11-29 12:37:23,857] {subprocess.py:63} INFO - Running command: ['bash', '-c', 'sleep 3']
[2021-11-29 12:37:23,907] {subprocess.py:75} INFO - Output:
[2021-11-29 12:37:26,991] {subprocess.py:83} INFO - Command exited with return code 0
[2021-11-29 12:37:27,527] {taskinstance.py:1184} INFO - Marking task as SUCCESS. dag_id=parallel_dag, task_id=task_4, execution_date=20200315T000000, start_date=20211129T123721, end_date=20211129T123727
[2021-11-29 12:37:27,916] {local_task_job.py:196} WARNING - State of this instance has been externally set to success. Terminating instance.
[2021-11-29 12:37:27,921] {process_utils.py:100} INFO - Sending Signals.SIGTERM to GPID 162544
[2021-11-29 12:37:28,603] {taskinstance.py:1264} ERROR - Received SIGTERM. Terminating subprocesses.
[2021-11-29 12:37:28,603] {subprocess.py:89} INFO - Sending SIGTERM signal to process group
[2021-11-29 12:37:28,653] {process_utils.py:66} INFO - Process psutil.Process(pid=162544, status='terminated', exitcode=1, started='12:37:21') (162544) terminated with exit code 1
