[2021-11-20 12:20:07,871] {taskinstance.py:896} INFO - Dependencies all met for <TaskInstance: example_bash_operator.run_after_loop 2021-11-19T00:00:00+00:00 [queued]>
[2021-11-20 12:20:07,874] {taskinstance.py:896} INFO - Dependencies all met for <TaskInstance: example_bash_operator.run_after_loop 2021-11-19T00:00:00+00:00 [queued]>
[2021-11-20 12:20:07,875] {taskinstance.py:1087} INFO - 
--------------------------------------------------------------------------------
[2021-11-20 12:20:07,875] {taskinstance.py:1088} INFO - Starting attempt 1 of 1
[2021-11-20 12:20:07,875] {taskinstance.py:1089} INFO - 
--------------------------------------------------------------------------------
[2021-11-20 12:20:07,887] {taskinstance.py:1107} INFO - Executing <Task(BashOperator): run_after_loop> on 2021-11-19T00:00:00+00:00
[2021-11-20 12:20:07,888] {standard_task_runner.py:52} INFO - Started process 6801 to run task
[2021-11-20 12:20:07,893] {standard_task_runner.py:76} INFO - Running: ['airflow', 'tasks', 'run', 'example_bash_operator', 'run_after_loop', '2021-11-19T00:00:00+00:00', '--job-id', '13', '--pool', 'default_pool', '--raw', '--subdir', '/home/airflow/sandbox/lib/python3.8/site-packages/airflow/example_dags/example_bash_operator.py', '--cfg-path', '/tmp/tmpsig0g6bo', '--error-file', '/tmp/tmpmdxq4n_3']
[2021-11-20 12:20:07,894] {standard_task_runner.py:77} INFO - Job 13: Subtask run_after_loop
[2021-11-20 12:20:07,936] {logging_mixin.py:104} INFO - Running <TaskInstance: example_bash_operator.run_after_loop 2021-11-19T00:00:00+00:00 [running]> on host airflowvm
[2021-11-20 12:20:08,018] {taskinstance.py:1300} INFO - Exporting the following env vars:
AIRFLOW_CTX_DAG_OWNER=airflow
AIRFLOW_CTX_DAG_ID=example_bash_operator
AIRFLOW_CTX_TASK_ID=run_after_loop
AIRFLOW_CTX_EXECUTION_DATE=2021-11-19T00:00:00+00:00
AIRFLOW_CTX_DAG_RUN_ID=scheduled__2021-11-19T00:00:00+00:00
[2021-11-20 12:20:08,018] {subprocess.py:52} INFO - Tmp dir root location: 
 /tmp
[2021-11-20 12:20:08,019] {subprocess.py:63} INFO - Running command: ['bash', '-c', 'echo 1']
[2021-11-20 12:20:08,022] {subprocess.py:75} INFO - Output:
[2021-11-20 12:20:08,023] {subprocess.py:79} INFO - 1
[2021-11-20 12:20:08,024] {subprocess.py:83} INFO - Command exited with return code 0
[2021-11-20 12:20:08,038] {taskinstance.py:1204} INFO - Marking task as SUCCESS. dag_id=example_bash_operator, task_id=run_after_loop, execution_date=20211119T000000, start_date=20211120T122007, end_date=20211120T122008
[2021-11-20 12:20:08,057] {taskinstance.py:1265} INFO - 0 downstream tasks scheduled from follow-on schedule check
[2021-11-20 12:20:08,085] {local_task_job.py:151} INFO - Task exited with return code 0
