[2021-11-29 12:39:51,213] {taskinstance.py:876} INFO - Dependencies all met for <TaskInstance: parallel_dag.task_2 2020-04-17T00:00:00+00:00 [queued]>
[2021-11-29 12:39:51,777] {taskinstance.py:876} INFO - Dependencies all met for <TaskInstance: parallel_dag.task_2 2020-04-17T00:00:00+00:00 [queued]>
[2021-11-29 12:39:51,777] {taskinstance.py:1067} INFO - 
--------------------------------------------------------------------------------
[2021-11-29 12:39:51,777] {taskinstance.py:1068} INFO - Starting attempt 1 of 1
[2021-11-29 12:39:51,777] {taskinstance.py:1069} INFO - 
--------------------------------------------------------------------------------
[2021-11-29 12:39:52,046] {taskinstance.py:1087} INFO - Executing <Task(BashOperator): task_2> on 2020-04-17T00:00:00+00:00
[2021-11-29 12:39:52,225] {standard_task_runner.py:52} INFO - Started process 171389 to run task
[2021-11-29 12:39:52,095] {standard_task_runner.py:76} INFO - Running: ['airflow', 'tasks', 'run', 'parallel_dag', 'task_2', '2020-04-17T00:00:00+00:00', '--job-id', '601', '--pool', 'default_pool', '--raw', '--subdir', 'DAGS_FOLDER/parallel_dag.py', '--cfg-path', '/tmp/tmpiqp100vv', '--error-file', '/tmp/tmpswodbu76']
[2021-11-29 12:39:52,401] {standard_task_runner.py:77} INFO - Job 601: Subtask task_2
[2021-11-29 12:39:53,687] {logging_mixin.py:104} INFO - Running <TaskInstance: parallel_dag.task_2 2020-04-17T00:00:00+00:00 [running]> on host airflowvm
[2021-11-29 12:39:55,216] {taskinstance.py:1280} INFO - Exporting the following env vars:
AIRFLOW_CTX_DAG_OWNER=airflow
AIRFLOW_CTX_DAG_ID=parallel_dag
AIRFLOW_CTX_TASK_ID=task_2
AIRFLOW_CTX_EXECUTION_DATE=2020-04-17T00:00:00+00:00
AIRFLOW_CTX_DAG_RUN_ID=scheduled__2020-04-17T00:00:00+00:00
[2021-11-29 12:39:55,217] {subprocess.py:52} INFO - Tmp dir root location: 
 /tmp
[2021-11-29 12:39:55,220] {subprocess.py:63} INFO - Running command: ['bash', '-c', 'sleep 3']
[2021-11-29 12:39:55,520] {subprocess.py:75} INFO - Output:
[2021-11-29 12:39:58,829] {subprocess.py:83} INFO - Command exited with return code 0
[2021-11-29 12:39:59,778] {taskinstance.py:1184} INFO - Marking task as SUCCESS. dag_id=parallel_dag, task_id=task_2, execution_date=20200417T000000, start_date=20211129T123951, end_date=20211129T123959
[2021-11-29 12:40:01,006] {taskinstance.py:1245} INFO - 0 downstream tasks scheduled from follow-on schedule check
