[2021-11-29 12:32:09,595] {taskinstance.py:876} INFO - Dependencies all met for <TaskInstance: parallel_dag.task_1 2020-01-05T00:00:00+00:00 [queued]>
[2021-11-29 12:32:09,825] {taskinstance.py:876} INFO - Dependencies all met for <TaskInstance: parallel_dag.task_1 2020-01-05T00:00:00+00:00 [queued]>
[2021-11-29 12:32:09,827] {taskinstance.py:1067} INFO - 
--------------------------------------------------------------------------------
[2021-11-29 12:32:09,830] {taskinstance.py:1068} INFO - Starting attempt 3 of 3
[2021-11-29 12:32:09,831] {taskinstance.py:1069} INFO - 
--------------------------------------------------------------------------------
[2021-11-29 12:32:09,948] {taskinstance.py:1087} INFO - Executing <Task(BashOperator): task_1> on 2020-01-05T00:00:00+00:00
[2021-11-29 12:32:09,964] {standard_task_runner.py:52} INFO - Started process 143338 to run task
[2021-11-29 12:32:09,980] {standard_task_runner.py:76} INFO - Running: ['airflow', 'tasks', 'run', 'parallel_dag', 'task_1', '2020-01-05T00:00:00+00:00', '--job-id', '259', '--pool', 'default_pool', '--raw', '--subdir', 'DAGS_FOLDER/parallel_dag.py', '--cfg-path', '/tmp/tmp95nyyj7v', '--error-file', '/tmp/tmp7ldp4qwm']
[2021-11-29 12:32:10,065] {standard_task_runner.py:77} INFO - Job 259: Subtask task_1
[2021-11-29 12:32:10,585] {logging_mixin.py:104} INFO - Running <TaskInstance: parallel_dag.task_1 2020-01-05T00:00:00+00:00 [running]> on host airflowvm
[2021-11-29 12:32:11,407] {taskinstance.py:1280} INFO - Exporting the following env vars:
AIRFLOW_CTX_DAG_OWNER=airflow
AIRFLOW_CTX_DAG_ID=parallel_dag
AIRFLOW_CTX_TASK_ID=task_1
AIRFLOW_CTX_EXECUTION_DATE=2020-01-05T00:00:00+00:00
AIRFLOW_CTX_DAG_RUN_ID=scheduled__2020-01-05T00:00:00+00:00
[2021-11-29 12:32:11,408] {subprocess.py:52} INFO - Tmp dir root location: 
 /tmp
[2021-11-29 12:32:11,409] {subprocess.py:63} INFO - Running command: ['bash', '-c', 'sleep 3']
[2021-11-29 12:32:11,548] {subprocess.py:75} INFO - Output:
[2021-11-29 12:32:14,577] {subprocess.py:83} INFO - Command exited with return code 0
[2021-11-29 12:32:15,078] {taskinstance.py:1184} INFO - Marking task as SUCCESS. dag_id=parallel_dag, task_id=task_1, execution_date=20200105T000000, start_date=20211129T123209, end_date=20211129T123215
[2021-11-29 12:32:15,396] {local_task_job.py:196} WARNING - State of this instance has been externally set to success. Terminating instance.
[2021-11-29 12:32:15,404] {process_utils.py:100} INFO - Sending Signals.SIGTERM to GPID 143338
[2021-11-29 12:32:16,342] {taskinstance.py:1264} ERROR - Received SIGTERM. Terminating subprocesses.
[2021-11-29 12:32:16,342] {subprocess.py:89} INFO - Sending SIGTERM signal to process group
[2021-11-29 12:32:16,385] {process_utils.py:66} INFO - Process psutil.Process(pid=143338, status='terminated', exitcode=1, started='12:32:09') (143338) terminated with exit code 1
