[2021-11-24 11:04:45,678] {taskinstance.py:876} INFO - Dependencies all met for <TaskInstance: user_processing.processing_user 2021-11-24T11:02:12.094638+00:00 [queued]>
[2021-11-24 11:04:45,687] {taskinstance.py:876} INFO - Dependencies all met for <TaskInstance: user_processing.processing_user 2021-11-24T11:02:12.094638+00:00 [queued]>
[2021-11-24 11:04:45,688] {taskinstance.py:1067} INFO - 
--------------------------------------------------------------------------------
[2021-11-24 11:04:45,688] {taskinstance.py:1068} INFO - Starting attempt 1 of 1
[2021-11-24 11:04:45,689] {taskinstance.py:1069} INFO - 
--------------------------------------------------------------------------------
[2021-11-24 11:04:45,725] {taskinstance.py:1087} INFO - Executing <Task(PythonOperator): processing_user> on 2021-11-24T11:02:12.094638+00:00
[2021-11-24 11:04:45,732] {standard_task_runner.py:52} INFO - Started process 152118 to run task
[2021-11-24 11:04:45,747] {standard_task_runner.py:76} INFO - Running: ['airflow', 'tasks', 'run', 'user_processing', 'processing_user', '2021-11-24T11:02:12.094638+00:00', '--job-id', '77', '--pool', 'default_pool', '--raw', '--subdir', 'DAGS_FOLDER/user_processing.py', '--cfg-path', '/tmp/tmp6o__y052', '--error-file', '/tmp/tmpvq9f6h7d']
[2021-11-24 11:04:45,749] {standard_task_runner.py:77} INFO - Job 77: Subtask processing_user
[2021-11-24 11:04:45,914] {logging_mixin.py:104} INFO - Running <TaskInstance: user_processing.processing_user 2021-11-24T11:02:12.094638+00:00 [running]> on host airflowvm
[2021-11-24 11:04:46,035] {taskinstance.py:1280} INFO - Exporting the following env vars:
AIRFLOW_CTX_DAG_OWNER=airflow
AIRFLOW_CTX_DAG_ID=user_processing
AIRFLOW_CTX_TASK_ID=processing_user
AIRFLOW_CTX_EXECUTION_DATE=2021-11-24T11:02:12.094638+00:00
AIRFLOW_CTX_DAG_RUN_ID=manual__2021-11-24T11:02:12.094638+00:00
[2021-11-24 11:04:46,053] {python.py:151} INFO - Done. Returned value was: None
[2021-11-24 11:04:46,058] {taskinstance.py:1184} INFO - Marking task as SUCCESS. dag_id=user_processing, task_id=processing_user, execution_date=20211124T110212, start_date=20211124T110445, end_date=20211124T110446
[2021-11-24 11:04:46,119] {taskinstance.py:1245} INFO - 1 downstream tasks scheduled from follow-on schedule check
[2021-11-24 11:04:46,131] {local_task_job.py:151} INFO - Task exited with return code 0
