[2021-12-06 12:22:09,657] {taskinstance.py:876} INFO - Dependencies all met for <TaskInstance: xcom_dag.processing_tasks.training_model_a 2021-12-06T12:21:49.694572+00:00 [queued]>
[2021-12-06 12:22:10,214] {taskinstance.py:876} INFO - Dependencies all met for <TaskInstance: xcom_dag.processing_tasks.training_model_a 2021-12-06T12:21:49.694572+00:00 [queued]>
[2021-12-06 12:22:10,271] {taskinstance.py:1067} INFO - 
--------------------------------------------------------------------------------
[2021-12-06 12:22:10,296] {taskinstance.py:1068} INFO - Starting attempt 1 of 1
[2021-12-06 12:22:10,297] {taskinstance.py:1069} INFO - 
--------------------------------------------------------------------------------
[2021-12-06 12:22:10,667] {taskinstance.py:1087} INFO - Executing <Task(PythonOperator): processing_tasks.training_model_a> on 2021-12-06T12:21:49.694572+00:00
[2021-12-06 12:22:10,850] {standard_task_runner.py:52} INFO - Started process 34131 to run task
[2021-12-06 12:22:10,954] {standard_task_runner.py:76} INFO - Running: ['airflow', 'tasks', 'run', 'xcom_dag', 'processing_tasks.training_model_a', '2021-12-06T12:21:49.694572+00:00', '--job-id', '739', '--pool', 'default_pool', '--raw', '--subdir', 'DAGS_FOLDER/xcom_dag.py', '--cfg-path', '/tmp/tmpsmxi4663', '--error-file', '/tmp/tmp742mme8s']
[2021-12-06 12:22:11,174] {standard_task_runner.py:77} INFO - Job 739: Subtask processing_tasks.training_model_a
[2021-12-06 12:22:12,365] {logging_mixin.py:104} INFO - Running <TaskInstance: xcom_dag.processing_tasks.training_model_a 2021-12-06T12:21:49.694572+00:00 [running]> on host airflowvm
[2021-12-06 12:22:14,473] {taskinstance.py:1280} INFO - Exporting the following env vars:
AIRFLOW_CTX_DAG_OWNER=airflow
AIRFLOW_CTX_DAG_ID=xcom_dag
AIRFLOW_CTX_TASK_ID=processing_tasks.training_model_a
AIRFLOW_CTX_EXECUTION_DATE=2021-12-06T12:21:49.694572+00:00
AIRFLOW_CTX_DAG_RUN_ID=manual__2021-12-06T12:21:49.694572+00:00
[2021-12-06 12:22:14,475] {logging_mixin.py:104} INFO - model's accuracy: 2.072787717740817
[2021-12-06 12:22:15,328] {python.py:151} INFO - Done. Returned value was: None
[2021-12-06 12:22:15,510] {taskinstance.py:1184} INFO - Marking task as SUCCESS. dag_id=xcom_dag, task_id=processing_tasks.training_model_a, execution_date=20211206T122149, start_date=20211206T122209, end_date=20211206T122215
[2021-12-06 12:22:17,138] {local_task_job.py:196} WARNING - State of this instance has been externally set to success. Terminating instance.
[2021-12-06 12:22:17,192] {taskinstance.py:1245} INFO - 0 downstream tasks scheduled from follow-on schedule check
[2021-12-06 12:22:17,723] {process_utils.py:100} INFO - Sending Signals.SIGTERM to GPID 34131
[2021-12-06 12:22:17,853] {process_utils.py:66} INFO - Process psutil.Process(pid=34131, status='terminated', exitcode=0, started='12:22:09') (34131) terminated with exit code 0
