[2021-11-29 12:51:05,079] {taskinstance.py:876} INFO - Dependencies all met for <TaskInstance: parallel_dag.task_1 2020-01-28T00:00:00+00:00 [queued]>
[2021-11-29 12:51:05,106] {taskinstance.py:876} INFO - Dependencies all met for <TaskInstance: parallel_dag.task_1 2020-01-28T00:00:00+00:00 [queued]>
[2021-11-29 12:51:05,107] {taskinstance.py:1067} INFO - 
--------------------------------------------------------------------------------
[2021-11-29 12:51:05,107] {taskinstance.py:1068} INFO - Starting attempt 2 of 2
[2021-11-29 12:51:05,108] {taskinstance.py:1069} INFO - 
--------------------------------------------------------------------------------
[2021-11-29 12:51:05,124] {taskinstance.py:1087} INFO - Executing <Task(BashOperator): task_1> on 2020-01-28T00:00:00+00:00
[2021-11-29 12:51:05,127] {standard_task_runner.py:52} INFO - Started process 182184 to run task
[2021-11-29 12:51:05,141] {standard_task_runner.py:76} INFO - Running: ['airflow', 'tasks', 'run', 'parallel_dag', 'task_1', '2020-01-28T00:00:00+00:00', '--job-id', '629', '--pool', 'default_pool', '--raw', '--subdir', 'DAGS_FOLDER/parallel_dag.py', '--cfg-path', '/tmp/tmpjex21hyn', '--error-file', '/tmp/tmpgu8zpnpr']
[2021-11-29 12:51:05,145] {standard_task_runner.py:77} INFO - Job 629: Subtask task_1
[2021-11-29 12:51:05,247] {logging_mixin.py:104} INFO - Running <TaskInstance: parallel_dag.task_1 2020-01-28T00:00:00+00:00 [running]> on host airflowvm
[2021-11-29 12:51:05,376] {taskinstance.py:1280} INFO - Exporting the following env vars:
AIRFLOW_CTX_DAG_OWNER=airflow
AIRFLOW_CTX_DAG_ID=parallel_dag
AIRFLOW_CTX_TASK_ID=task_1
AIRFLOW_CTX_EXECUTION_DATE=2020-01-28T00:00:00+00:00
AIRFLOW_CTX_DAG_RUN_ID=scheduled__2020-01-28T00:00:00+00:00
[2021-11-29 12:51:05,377] {subprocess.py:52} INFO - Tmp dir root location: 
 /tmp
[2021-11-29 12:51:05,378] {subprocess.py:63} INFO - Running command: ['bash', '-c', 'sleep 3']
[2021-11-29 12:51:05,390] {subprocess.py:75} INFO - Output:
[2021-11-29 12:51:08,398] {subprocess.py:83} INFO - Command exited with return code 0
[2021-11-29 12:51:08,451] {taskinstance.py:1184} INFO - Marking task as SUCCESS. dag_id=parallel_dag, task_id=task_1, execution_date=20200128T000000, start_date=20211129T125105, end_date=20211129T125108
[2021-11-29 12:51:08,494] {taskinstance.py:1245} INFO - 2 downstream tasks scheduled from follow-on schedule check
[2021-11-29 12:51:08,501] {local_task_job.py:151} INFO - Task exited with return code 0
