[2021-11-30 14:07:48,567] {taskinstance.py:876} INFO - Dependencies all met for <TaskInstance: parallel_dag.processing_tasks.task_2 2021-11-30T14:07:31.341531+00:00 [queued]>
[2021-11-30 14:07:49,584] {taskinstance.py:876} INFO - Dependencies all met for <TaskInstance: parallel_dag.processing_tasks.task_2 2021-11-30T14:07:31.341531+00:00 [queued]>
[2021-11-30 14:07:49,586] {taskinstance.py:1067} INFO - 
--------------------------------------------------------------------------------
[2021-11-30 14:07:49,591] {taskinstance.py:1068} INFO - Starting attempt 1 of 1
[2021-11-30 14:07:49,600] {taskinstance.py:1069} INFO - 
--------------------------------------------------------------------------------
[2021-11-30 14:07:49,789] {taskinstance.py:1087} INFO - Executing <Task(BashOperator): processing_tasks.task_2> on 2021-11-30T14:07:31.341531+00:00
[2021-11-30 14:07:49,913] {standard_task_runner.py:52} INFO - Started process 235412 to run task
[2021-11-30 14:07:50,015] {standard_task_runner.py:76} INFO - Running: ['airflow', 'tasks', 'run', 'parallel_dag', 'processing_tasks.task_2', '2021-11-30T14:07:31.341531+00:00', '--job-id', '689', '--pool', 'default_pool', '--raw', '--subdir', 'DAGS_FOLDER/parallel_dag.py', '--cfg-path', '/tmp/tmph06au1m_', '--error-file', '/tmp/tmpf2c_6n7q']
[2021-11-30 14:07:50,057] {standard_task_runner.py:77} INFO - Job 689: Subtask processing_tasks.task_2
[2021-11-30 14:07:51,730] {logging_mixin.py:104} INFO - Running <TaskInstance: parallel_dag.processing_tasks.task_2 2021-11-30T14:07:31.341531+00:00 [running]> on host airflowvm
[2021-11-30 14:07:53,356] {taskinstance.py:1280} INFO - Exporting the following env vars:
AIRFLOW_CTX_DAG_OWNER=airflow
AIRFLOW_CTX_DAG_ID=parallel_dag
AIRFLOW_CTX_TASK_ID=processing_tasks.task_2
AIRFLOW_CTX_EXECUTION_DATE=2021-11-30T14:07:31.341531+00:00
AIRFLOW_CTX_DAG_RUN_ID=manual__2021-11-30T14:07:31.341531+00:00
[2021-11-30 14:07:53,358] {subprocess.py:52} INFO - Tmp dir root location: 
 /tmp
[2021-11-30 14:07:53,360] {subprocess.py:63} INFO - Running command: ['bash', '-c', 'sleep 3']
[2021-11-30 14:07:53,443] {subprocess.py:75} INFO - Output:
[2021-11-30 14:07:56,560] {subprocess.py:83} INFO - Command exited with return code 0
[2021-11-30 14:07:57,773] {taskinstance.py:1184} INFO - Marking task as SUCCESS. dag_id=parallel_dag, task_id=processing_tasks.task_2, execution_date=20211130T140731, start_date=20211130T140748, end_date=20211130T140757
[2021-11-30 14:07:58,927] {taskinstance.py:1245} INFO - 1 downstream tasks scheduled from follow-on schedule check
[2021-11-30 14:07:59,096] {local_task_job.py:151} INFO - Task exited with return code 0
