[2021-11-29 12:38:35,367] {taskinstance.py:876} INFO - Dependencies all met for <TaskInstance: parallel_dag.task_4 2020-03-24T00:00:00+00:00 [queued]>
[2021-11-29 12:38:35,658] {taskinstance.py:876} INFO - Dependencies all met for <TaskInstance: parallel_dag.task_4 2020-03-24T00:00:00+00:00 [queued]>
[2021-11-29 12:38:35,659] {taskinstance.py:1067} INFO - 
--------------------------------------------------------------------------------
[2021-11-29 12:38:35,660] {taskinstance.py:1068} INFO - Starting attempt 1 of 1
[2021-11-29 12:38:35,669] {taskinstance.py:1069} INFO - 
--------------------------------------------------------------------------------
[2021-11-29 12:38:35,823] {taskinstance.py:1087} INFO - Executing <Task(BashOperator): task_4> on 2020-03-24T00:00:00+00:00
[2021-11-29 12:38:35,915] {standard_task_runner.py:52} INFO - Started process 166895 to run task
[2021-11-29 12:38:35,987] {standard_task_runner.py:76} INFO - Running: ['airflow', 'tasks', 'run', 'parallel_dag', 'task_4', '2020-03-24T00:00:00+00:00', '--job-id', '543', '--pool', 'default_pool', '--raw', '--subdir', 'DAGS_FOLDER/parallel_dag.py', '--cfg-path', '/tmp/tmp70ucfa0u', '--error-file', '/tmp/tmpdc558dsw']
[2021-11-29 12:38:35,990] {standard_task_runner.py:77} INFO - Job 543: Subtask task_4
[2021-11-29 12:38:37,154] {logging_mixin.py:104} INFO - Running <TaskInstance: parallel_dag.task_4 2020-03-24T00:00:00+00:00 [running]> on host airflowvm
[2021-11-29 12:38:38,692] {taskinstance.py:1280} INFO - Exporting the following env vars:
AIRFLOW_CTX_DAG_OWNER=airflow
AIRFLOW_CTX_DAG_ID=parallel_dag
AIRFLOW_CTX_TASK_ID=task_4
AIRFLOW_CTX_EXECUTION_DATE=2020-03-24T00:00:00+00:00
AIRFLOW_CTX_DAG_RUN_ID=scheduled__2020-03-24T00:00:00+00:00
[2021-11-29 12:38:38,694] {subprocess.py:52} INFO - Tmp dir root location: 
 /tmp
[2021-11-29 12:38:38,717] {subprocess.py:63} INFO - Running command: ['bash', '-c', 'sleep 3']
[2021-11-29 12:38:38,835] {subprocess.py:75} INFO - Output:
[2021-11-29 12:38:42,121] {subprocess.py:83} INFO - Command exited with return code 0
[2021-11-29 12:38:42,535] {taskinstance.py:1184} INFO - Marking task as SUCCESS. dag_id=parallel_dag, task_id=task_4, execution_date=20200324T000000, start_date=20211129T123835, end_date=20211129T123842
[2021-11-29 12:38:43,266] {taskinstance.py:1245} INFO - 0 downstream tasks scheduled from follow-on schedule check
[2021-11-29 12:38:43,290] {local_task_job.py:151} INFO - Task exited with return code 0
