[2021-11-29 12:23:46,561] {taskinstance.py:876} INFO - Dependencies all met for <TaskInstance: parallel_dag.task_2 2020-01-07T00:00:00+00:00 [queued]>
[2021-11-29 12:23:46,589] {taskinstance.py:876} INFO - Dependencies all met for <TaskInstance: parallel_dag.task_2 2020-01-07T00:00:00+00:00 [queued]>
[2021-11-29 12:23:46,599] {taskinstance.py:1067} INFO - 
--------------------------------------------------------------------------------
[2021-11-29 12:23:46,599] {taskinstance.py:1068} INFO - Starting attempt 2 of 2
[2021-11-29 12:23:46,600] {taskinstance.py:1069} INFO - 
--------------------------------------------------------------------------------
[2021-11-29 12:23:46,612] {taskinstance.py:1087} INFO - Executing <Task(BashOperator): task_2> on 2020-01-07T00:00:00+00:00
[2021-11-29 12:23:46,643] {standard_task_runner.py:52} INFO - Started process 121409 to run task
[2021-11-29 12:23:46,648] {standard_task_runner.py:76} INFO - Running: ['airflow', 'tasks', 'run', 'parallel_dag', 'task_2', '2020-01-07T00:00:00+00:00', '--job-id', '123', '--pool', 'default_pool', '--raw', '--subdir', 'DAGS_FOLDER/parallel_dag.py', '--cfg-path', '/tmp/tmp5v5ktg2e', '--error-file', '/tmp/tmp6b19u3id']
[2021-11-29 12:23:46,652] {standard_task_runner.py:77} INFO - Job 123: Subtask task_2
[2021-11-29 12:23:46,880] {logging_mixin.py:104} INFO - Running <TaskInstance: parallel_dag.task_2 2020-01-07T00:00:00+00:00 [running]> on host airflowvm
[2021-11-29 12:23:47,096] {taskinstance.py:1280} INFO - Exporting the following env vars:
AIRFLOW_CTX_DAG_OWNER=airflow
AIRFLOW_CTX_DAG_ID=parallel_dag
AIRFLOW_CTX_TASK_ID=task_2
AIRFLOW_CTX_EXECUTION_DATE=2020-01-07T00:00:00+00:00
AIRFLOW_CTX_DAG_RUN_ID=scheduled__2020-01-07T00:00:00+00:00
[2021-11-29 12:23:47,096] {subprocess.py:52} INFO - Tmp dir root location: 
 /tmp
[2021-11-29 12:23:47,097] {subprocess.py:63} INFO - Running command: ['bash', '-c', 'sleep 3']
[2021-11-29 12:23:47,109] {subprocess.py:75} INFO - Output:
[2021-11-29 12:23:50,139] {subprocess.py:83} INFO - Command exited with return code 0
[2021-11-29 12:23:50,182] {taskinstance.py:1184} INFO - Marking task as SUCCESS. dag_id=parallel_dag, task_id=task_2, execution_date=20200107T000000, start_date=20211129T122346, end_date=20211129T122350
[2021-11-29 12:23:50,218] {taskinstance.py:1245} INFO - 0 downstream tasks scheduled from follow-on schedule check
[2021-11-29 12:23:50,237] {local_task_job.py:151} INFO - Task exited with return code 0
