[2021-11-30 13:55:14,125] {taskinstance.py:876} INFO - Dependencies all met for <TaskInstance: parallel_dag.processing_tasks.task_3 2021-11-30T13:54:45.747606+00:00 [queued]>
[2021-11-30 13:55:14,826] {taskinstance.py:876} INFO - Dependencies all met for <TaskInstance: parallel_dag.processing_tasks.task_3 2021-11-30T13:54:45.747606+00:00 [queued]>
[2021-11-30 13:55:14,836] {taskinstance.py:1067} INFO - 
--------------------------------------------------------------------------------
[2021-11-30 13:55:14,838] {taskinstance.py:1068} INFO - Starting attempt 1 of 1
[2021-11-30 13:55:14,838] {taskinstance.py:1069} INFO - 
--------------------------------------------------------------------------------
[2021-11-30 13:55:15,055] {taskinstance.py:1087} INFO - Executing <Task(BashOperator): task_3> on 2021-11-30T13:54:45.747606+00:00
[2021-11-30 13:55:15,344] {standard_task_runner.py:52} INFO - Started process 228664 to run task
[2021-11-30 13:55:16,388] {standard_task_runner.py:76} INFO - Running: ['airflow', 'tasks', 'run', 'parallel_dag.processing_tasks', 'task_3', '2021-11-30T13:54:45.747606+00:00', '--job-id', '684', '--pool', 'default_pool', '--raw', '--subdir', 'DAGS_FOLDER/parallel_dag.py', '--cfg-path', '/tmp/tmp5wbzj2hn', '--error-file', '/tmp/tmp0s46w5or']
[2021-11-30 13:55:16,538] {standard_task_runner.py:77} INFO - Job 684: Subtask task_3
[2021-11-30 13:55:23,115] {logging_mixin.py:104} INFO - Running <TaskInstance: parallel_dag.processing_tasks.task_3 2021-11-30T13:54:45.747606+00:00 [running]> on host airflowvm
[2021-11-30 13:55:25,055] {taskinstance.py:1280} INFO - Exporting the following env vars:
AIRFLOW_CTX_DAG_OWNER=airflow
AIRFLOW_CTX_DAG_ID=parallel_dag.processing_tasks
AIRFLOW_CTX_TASK_ID=task_3
AIRFLOW_CTX_EXECUTION_DATE=2021-11-30T13:54:45.747606+00:00
AIRFLOW_CTX_DAG_RUN_ID=scheduled__2021-11-30T13:54:45.747606+00:00
[2021-11-30 13:55:25,162] {subprocess.py:52} INFO - Tmp dir root location: 
 /tmp
[2021-11-30 13:55:25,172] {subprocess.py:63} INFO - Running command: ['bash', '-c', 'sleep 3']
[2021-11-30 13:55:25,586] {subprocess.py:75} INFO - Output:
[2021-11-30 13:55:28,906] {subprocess.py:83} INFO - Command exited with return code 0
[2021-11-30 13:55:30,797] {taskinstance.py:1184} INFO - Marking task as SUCCESS. dag_id=parallel_dag.processing_tasks, task_id=task_3, execution_date=20211130T135445, start_date=20211130T135514, end_date=20211130T135530
[2021-11-30 13:55:32,340] {taskinstance.py:1245} INFO - 0 downstream tasks scheduled from follow-on schedule check
[2021-11-30 13:55:32,753] {local_task_job.py:151} INFO - Task exited with return code 0
