[2021-12-06 13:54:00,476] {taskinstance.py:876} INFO - Dependencies all met for <TaskInstance: xcom_dag.processing_tasks.training_model_c 2021-12-06T13:53:50.794896+00:00 [queued]>
[2021-12-06 13:54:00,788] {taskinstance.py:876} INFO - Dependencies all met for <TaskInstance: xcom_dag.processing_tasks.training_model_c 2021-12-06T13:53:50.794896+00:00 [queued]>
[2021-12-06 13:54:00,789] {taskinstance.py:1067} INFO - 
--------------------------------------------------------------------------------
[2021-12-06 13:54:00,789] {taskinstance.py:1068} INFO - Starting attempt 1 of 1
[2021-12-06 13:54:00,794] {taskinstance.py:1069} INFO - 
--------------------------------------------------------------------------------
[2021-12-06 13:54:00,951] {taskinstance.py:1087} INFO - Executing <Task(PythonOperator): processing_tasks.training_model_c> on 2021-12-06T13:53:50.794896+00:00
[2021-12-06 13:54:00,985] {standard_task_runner.py:52} INFO - Started process 62723 to run task
[2021-12-06 13:54:01,078] {standard_task_runner.py:76} INFO - Running: ['airflow', 'tasks', 'run', 'xcom_dag', 'processing_tasks.training_model_c', '2021-12-06T13:53:50.794896+00:00', '--job-id', '769', '--pool', 'default_pool', '--raw', '--subdir', 'DAGS_FOLDER/xcom_dag.py', '--cfg-path', '/tmp/tmpcpq4ou1d', '--error-file', '/tmp/tmpqo44yxp1']
[2021-12-06 13:54:01,112] {standard_task_runner.py:77} INFO - Job 769: Subtask processing_tasks.training_model_c
[2021-12-06 13:54:01,878] {logging_mixin.py:104} INFO - Running <TaskInstance: xcom_dag.processing_tasks.training_model_c 2021-12-06T13:53:50.794896+00:00 [running]> on host airflowvm
[2021-12-06 13:54:03,353] {taskinstance.py:1280} INFO - Exporting the following env vars:
AIRFLOW_CTX_DAG_OWNER=airflow
AIRFLOW_CTX_DAG_ID=xcom_dag
AIRFLOW_CTX_TASK_ID=processing_tasks.training_model_c
AIRFLOW_CTX_EXECUTION_DATE=2021-12-06T13:53:50.794896+00:00
AIRFLOW_CTX_DAG_RUN_ID=manual__2021-12-06T13:53:50.794896+00:00
[2021-12-06 13:54:03,430] {logging_mixin.py:104} INFO - model's accuracy: 0.6263837875328951
[2021-12-06 13:54:03,808] {python.py:151} INFO - Done. Returned value was: None
[2021-12-06 13:54:04,084] {taskinstance.py:1184} INFO - Marking task as SUCCESS. dag_id=xcom_dag, task_id=processing_tasks.training_model_c, execution_date=20211206T135350, start_date=20211206T135400, end_date=20211206T135404
[2021-12-06 13:54:05,150] {taskinstance.py:1245} INFO - 1 downstream tasks scheduled from follow-on schedule check
[2021-12-06 13:54:05,324] {local_task_job.py:151} INFO - Task exited with return code 0
