[2021-11-29 12:33:25,696] {taskinstance.py:876} INFO - Dependencies all met for <TaskInstance: parallel_dag.task_1 2020-01-20T00:00:00+00:00 [queued]>
[2021-11-29 12:33:25,801] {taskinstance.py:876} INFO - Dependencies all met for <TaskInstance: parallel_dag.task_1 2020-01-20T00:00:00+00:00 [queued]>
[2021-11-29 12:33:25,805] {taskinstance.py:1067} INFO - 
--------------------------------------------------------------------------------
[2021-11-29 12:33:25,806] {taskinstance.py:1068} INFO - Starting attempt 3 of 3
[2021-11-29 12:33:25,808] {taskinstance.py:1069} INFO - 
--------------------------------------------------------------------------------
[2021-11-29 12:33:25,887] {taskinstance.py:1087} INFO - Executing <Task(BashOperator): task_1> on 2020-01-20T00:00:00+00:00
[2021-11-29 12:33:25,919] {standard_task_runner.py:52} INFO - Started process 148169 to run task
[2021-11-29 12:33:25,977] {standard_task_runner.py:76} INFO - Running: ['airflow', 'tasks', 'run', 'parallel_dag', 'task_1', '2020-01-20T00:00:00+00:00', '--job-id', '316', '--pool', 'default_pool', '--raw', '--subdir', 'DAGS_FOLDER/parallel_dag.py', '--cfg-path', '/tmp/tmpc7z61tal', '--error-file', '/tmp/tmp8honon16']
[2021-11-29 12:33:25,978] {standard_task_runner.py:77} INFO - Job 316: Subtask task_1
[2021-11-29 12:33:26,453] {logging_mixin.py:104} INFO - Running <TaskInstance: parallel_dag.task_1 2020-01-20T00:00:00+00:00 [running]> on host airflowvm
[2021-11-29 12:33:27,006] {taskinstance.py:1280} INFO - Exporting the following env vars:
AIRFLOW_CTX_DAG_OWNER=airflow
AIRFLOW_CTX_DAG_ID=parallel_dag
AIRFLOW_CTX_TASK_ID=task_1
AIRFLOW_CTX_EXECUTION_DATE=2020-01-20T00:00:00+00:00
AIRFLOW_CTX_DAG_RUN_ID=scheduled__2020-01-20T00:00:00+00:00
[2021-11-29 12:33:27,007] {subprocess.py:52} INFO - Tmp dir root location: 
 /tmp
[2021-11-29 12:33:27,007] {subprocess.py:63} INFO - Running command: ['bash', '-c', 'sleep 3']
[2021-11-29 12:33:27,133] {subprocess.py:75} INFO - Output:
[2021-11-29 12:33:30,194] {subprocess.py:83} INFO - Command exited with return code 0
[2021-11-29 12:33:30,500] {taskinstance.py:1184} INFO - Marking task as SUCCESS. dag_id=parallel_dag, task_id=task_1, execution_date=20200120T000000, start_date=20211129T123325, end_date=20211129T123330
[2021-11-29 12:33:31,194] {local_task_job.py:196} WARNING - State of this instance has been externally set to success. Terminating instance.
[2021-11-29 12:33:31,215] {process_utils.py:100} INFO - Sending Signals.SIGTERM to GPID 148169
[2021-11-29 12:33:31,578] {taskinstance.py:1264} ERROR - Received SIGTERM. Terminating subprocesses.
[2021-11-29 12:33:31,578] {subprocess.py:89} INFO - Sending SIGTERM signal to process group
[2021-11-29 12:33:31,584] {process_utils.py:66} INFO - Process psutil.Process(pid=148169, status='terminated', exitcode=1, started='12:33:25') (148169) terminated with exit code 1
