[2021-11-29 12:28:18,413] {taskinstance.py:876} INFO - Dependencies all met for <TaskInstance: parallel_dag.task_3 2020-01-24T00:00:00+00:00 [queued]>
[2021-11-29 12:28:18,461] {taskinstance.py:876} INFO - Dependencies all met for <TaskInstance: parallel_dag.task_3 2020-01-24T00:00:00+00:00 [queued]>
[2021-11-29 12:28:18,462] {taskinstance.py:1067} INFO - 
--------------------------------------------------------------------------------
[2021-11-29 12:28:18,462] {taskinstance.py:1068} INFO - Starting attempt 1 of 1
[2021-11-29 12:28:18,462] {taskinstance.py:1069} INFO - 
--------------------------------------------------------------------------------
[2021-11-29 12:28:18,497] {taskinstance.py:1087} INFO - Executing <Task(BashOperator): task_3> on 2020-01-24T00:00:00+00:00
[2021-11-29 12:28:18,502] {standard_task_runner.py:52} INFO - Started process 133081 to run task
[2021-11-29 12:28:18,521] {standard_task_runner.py:76} INFO - Running: ['airflow', 'tasks', 'run', 'parallel_dag', 'task_3', '2020-01-24T00:00:00+00:00', '--job-id', '177', '--pool', 'default_pool', '--raw', '--subdir', 'DAGS_FOLDER/parallel_dag.py', '--cfg-path', '/tmp/tmpgz5f3t6p', '--error-file', '/tmp/tmpyk_0usxt']
[2021-11-29 12:28:18,530] {standard_task_runner.py:77} INFO - Job 177: Subtask task_3
[2021-11-29 12:28:18,694] {logging_mixin.py:104} INFO - Running <TaskInstance: parallel_dag.task_3 2020-01-24T00:00:00+00:00 [running]> on host airflowvm
[2021-11-29 12:28:18,816] {taskinstance.py:1280} INFO - Exporting the following env vars:
AIRFLOW_CTX_DAG_OWNER=airflow
AIRFLOW_CTX_DAG_ID=parallel_dag
AIRFLOW_CTX_TASK_ID=task_3
AIRFLOW_CTX_EXECUTION_DATE=2020-01-24T00:00:00+00:00
AIRFLOW_CTX_DAG_RUN_ID=scheduled__2020-01-24T00:00:00+00:00
[2021-11-29 12:28:18,821] {subprocess.py:52} INFO - Tmp dir root location: 
 /tmp
[2021-11-29 12:28:18,822] {subprocess.py:63} INFO - Running command: ['bash', '-c', 'sleep 3']
[2021-11-29 12:28:18,834] {subprocess.py:75} INFO - Output:
[2021-11-29 12:28:21,846] {subprocess.py:83} INFO - Command exited with return code 0
[2021-11-29 12:28:21,882] {taskinstance.py:1184} INFO - Marking task as SUCCESS. dag_id=parallel_dag, task_id=task_3, execution_date=20200124T000000, start_date=20211129T122818, end_date=20211129T122821
[2021-11-29 12:28:21,922] {taskinstance.py:1245} INFO - 1 downstream tasks scheduled from follow-on schedule check
[2021-11-29 12:28:21,949] {local_task_job.py:151} INFO - Task exited with return code 0
