[2021-11-29 12:34:59,532] {taskinstance.py:876} INFO - Dependencies all met for <TaskInstance: parallel_dag.task_2 2020-02-22T00:00:00+00:00 [queued]>
[2021-11-29 12:34:59,677] {taskinstance.py:876} INFO - Dependencies all met for <TaskInstance: parallel_dag.task_2 2020-02-22T00:00:00+00:00 [queued]>
[2021-11-29 12:34:59,696] {taskinstance.py:1067} INFO - 
--------------------------------------------------------------------------------
[2021-11-29 12:34:59,697] {taskinstance.py:1068} INFO - Starting attempt 1 of 1
[2021-11-29 12:34:59,698] {taskinstance.py:1069} INFO - 
--------------------------------------------------------------------------------
[2021-11-29 12:34:59,837] {taskinstance.py:1087} INFO - Executing <Task(BashOperator): task_2> on 2020-02-22T00:00:00+00:00
[2021-11-29 12:34:59,879] {standard_task_runner.py:52} INFO - Started process 153703 to run task
[2021-11-29 12:34:59,917] {standard_task_runner.py:76} INFO - Running: ['airflow', 'tasks', 'run', 'parallel_dag', 'task_2', '2020-02-22T00:00:00+00:00', '--job-id', '385', '--pool', 'default_pool', '--raw', '--subdir', 'DAGS_FOLDER/parallel_dag.py', '--cfg-path', '/tmp/tmpvc0suule', '--error-file', '/tmp/tmp8sjjsrht']
[2021-11-29 12:35:00,012] {standard_task_runner.py:77} INFO - Job 385: Subtask task_2
[2021-11-29 12:35:02,038] {logging_mixin.py:104} INFO - Running <TaskInstance: parallel_dag.task_2 2020-02-22T00:00:00+00:00 [running]> on host airflowvm
[2021-11-29 12:35:03,697] {taskinstance.py:1280} INFO - Exporting the following env vars:
AIRFLOW_CTX_DAG_OWNER=airflow
AIRFLOW_CTX_DAG_ID=parallel_dag
AIRFLOW_CTX_TASK_ID=task_2
AIRFLOW_CTX_EXECUTION_DATE=2020-02-22T00:00:00+00:00
AIRFLOW_CTX_DAG_RUN_ID=scheduled__2020-02-22T00:00:00+00:00
[2021-11-29 12:35:03,698] {subprocess.py:52} INFO - Tmp dir root location: 
 /tmp
[2021-11-29 12:35:03,699] {subprocess.py:63} INFO - Running command: ['bash', '-c', 'sleep 3']
[2021-11-29 12:35:03,830] {subprocess.py:75} INFO - Output:
[2021-11-29 12:35:06,974] {subprocess.py:83} INFO - Command exited with return code 0
[2021-11-29 12:35:07,997] {taskinstance.py:1184} INFO - Marking task as SUCCESS. dag_id=parallel_dag, task_id=task_2, execution_date=20200222T000000, start_date=20211129T123459, end_date=20211129T123507
[2021-11-29 12:35:08,790] {taskinstance.py:1245} INFO - 0 downstream tasks scheduled from follow-on schedule check
[2021-11-29 12:35:08,984] {local_task_job.py:151} INFO - Task exited with return code 0
