[2021-11-29 12:34:21,748] {taskinstance.py:876} INFO - Dependencies all met for <TaskInstance: parallel_dag.task_1 2020-02-15T00:00:00+00:00 [queued]>
[2021-11-29 12:34:21,989] {taskinstance.py:876} INFO - Dependencies all met for <TaskInstance: parallel_dag.task_1 2020-02-15T00:00:00+00:00 [queued]>
[2021-11-29 12:34:21,992] {taskinstance.py:1067} INFO - 
--------------------------------------------------------------------------------
[2021-11-29 12:34:22,001] {taskinstance.py:1068} INFO - Starting attempt 1 of 1
[2021-11-29 12:34:22,011] {taskinstance.py:1069} INFO - 
--------------------------------------------------------------------------------
[2021-11-29 12:34:22,214] {taskinstance.py:1087} INFO - Executing <Task(BashOperator): task_1> on 2020-02-15T00:00:00+00:00
[2021-11-29 12:34:22,290] {standard_task_runner.py:52} INFO - Started process 151463 to run task
[2021-11-29 12:34:22,252] {standard_task_runner.py:76} INFO - Running: ['airflow', 'tasks', 'run', 'parallel_dag', 'task_1', '2020-02-15T00:00:00+00:00', '--job-id', '357', '--pool', 'default_pool', '--raw', '--subdir', 'DAGS_FOLDER/parallel_dag.py', '--cfg-path', '/tmp/tmpqyrq9p4y', '--error-file', '/tmp/tmpt7kruogu']
[2021-11-29 12:34:22,417] {standard_task_runner.py:77} INFO - Job 357: Subtask task_1
[2021-11-29 12:34:23,029] {logging_mixin.py:104} INFO - Running <TaskInstance: parallel_dag.task_1 2020-02-15T00:00:00+00:00 [running]> on host airflowvm
[2021-11-29 12:34:23,792] {taskinstance.py:1280} INFO - Exporting the following env vars:
AIRFLOW_CTX_DAG_OWNER=airflow
AIRFLOW_CTX_DAG_ID=parallel_dag
AIRFLOW_CTX_TASK_ID=task_1
AIRFLOW_CTX_EXECUTION_DATE=2020-02-15T00:00:00+00:00
AIRFLOW_CTX_DAG_RUN_ID=scheduled__2020-02-15T00:00:00+00:00
[2021-11-29 12:34:23,793] {subprocess.py:52} INFO - Tmp dir root location: 
 /tmp
[2021-11-29 12:34:23,794] {subprocess.py:63} INFO - Running command: ['bash', '-c', 'sleep 3']
[2021-11-29 12:34:23,873] {subprocess.py:75} INFO - Output:
[2021-11-29 12:34:26,974] {subprocess.py:83} INFO - Command exited with return code 0
[2021-11-29 12:34:27,270] {taskinstance.py:1184} INFO - Marking task as SUCCESS. dag_id=parallel_dag, task_id=task_1, execution_date=20200215T000000, start_date=20211129T123421, end_date=20211129T123427
[2021-11-29 12:34:27,716] {local_task_job.py:196} WARNING - State of this instance has been externally set to success. Terminating instance.
[2021-11-29 12:34:27,742] {process_utils.py:100} INFO - Sending Signals.SIGTERM to GPID 151463
[2021-11-29 12:34:28,270] {taskinstance.py:1264} ERROR - Received SIGTERM. Terminating subprocesses.
[2021-11-29 12:34:28,271] {subprocess.py:89} INFO - Sending SIGTERM signal to process group
[2021-11-29 12:34:28,306] {process_utils.py:66} INFO - Process psutil.Process(pid=151463, status='terminated', exitcode=1, started='12:34:21') (151463) terminated with exit code 1
