[2021-11-29 12:54:30,918] {taskinstance.py:876} INFO - Dependencies all met for <TaskInstance: parallel_dag.task_1 2021-11-29T12:54:28.713220+00:00 [queued]>
[2021-11-29 12:54:30,971] {taskinstance.py:876} INFO - Dependencies all met for <TaskInstance: parallel_dag.task_1 2021-11-29T12:54:28.713220+00:00 [queued]>
[2021-11-29 12:54:30,979] {taskinstance.py:1067} INFO - 
--------------------------------------------------------------------------------
[2021-11-29 12:54:30,979] {taskinstance.py:1068} INFO - Starting attempt 1 of 1
[2021-11-29 12:54:30,979] {taskinstance.py:1069} INFO - 
--------------------------------------------------------------------------------
[2021-11-29 12:54:30,994] {taskinstance.py:1087} INFO - Executing <Task(BashOperator): task_1> on 2021-11-29T12:54:28.713220+00:00
[2021-11-29 12:54:31,007] {standard_task_runner.py:76} INFO - Running: ['airflow', 'tasks', 'run', 'parallel_dag', 'task_1', '2021-11-29T12:54:28.713220+00:00', '--job-id', '669', '--pool', 'default_pool', '--raw', '--subdir', 'DAGS_FOLDER/parallel_dag.py', '--cfg-path', '/tmp/tmp5l4pv8_9', '--error-file', '/tmp/tmp7o5rl5kw']
[2021-11-29 12:54:30,998] {standard_task_runner.py:52} INFO - Started process 188703 to run task
[2021-11-29 12:54:31,015] {standard_task_runner.py:77} INFO - Job 669: Subtask task_1
[2021-11-29 12:54:31,143] {logging_mixin.py:104} INFO - Running <TaskInstance: parallel_dag.task_1 2021-11-29T12:54:28.713220+00:00 [running]> on host airflowvm
[2021-11-29 12:54:31,324] {taskinstance.py:1280} INFO - Exporting the following env vars:
AIRFLOW_CTX_DAG_OWNER=airflow
AIRFLOW_CTX_DAG_ID=parallel_dag
AIRFLOW_CTX_TASK_ID=task_1
AIRFLOW_CTX_EXECUTION_DATE=2021-11-29T12:54:28.713220+00:00
AIRFLOW_CTX_DAG_RUN_ID=manual__2021-11-29T12:54:28.713220+00:00
[2021-11-29 12:54:31,325] {subprocess.py:52} INFO - Tmp dir root location: 
 /tmp
[2021-11-29 12:54:31,326] {subprocess.py:63} INFO - Running command: ['bash', '-c', 'sleep 3']
[2021-11-29 12:54:31,336] {subprocess.py:75} INFO - Output:
[2021-11-29 12:54:34,349] {subprocess.py:83} INFO - Command exited with return code 0
[2021-11-29 12:54:34,464] {taskinstance.py:1184} INFO - Marking task as SUCCESS. dag_id=parallel_dag, task_id=task_1, execution_date=20211129T125428, start_date=20211129T125430, end_date=20211129T125434
[2021-11-29 12:54:34,560] {taskinstance.py:1245} INFO - 2 downstream tasks scheduled from follow-on schedule check
[2021-11-29 12:54:34,597] {local_task_job.py:151} INFO - Task exited with return code 0
