[2021-11-29 12:38:35,296] {taskinstance.py:876} INFO - Dependencies all met for <TaskInstance: parallel_dag.task_4 2020-03-26T00:00:00+00:00 [queued]>
[2021-11-29 12:38:35,663] {taskinstance.py:876} INFO - Dependencies all met for <TaskInstance: parallel_dag.task_4 2020-03-26T00:00:00+00:00 [queued]>
[2021-11-29 12:38:35,663] {taskinstance.py:1067} INFO - 
--------------------------------------------------------------------------------
[2021-11-29 12:38:35,673] {taskinstance.py:1068} INFO - Starting attempt 1 of 1
[2021-11-29 12:38:35,691] {taskinstance.py:1069} INFO - 
--------------------------------------------------------------------------------
[2021-11-29 12:38:35,841] {taskinstance.py:1087} INFO - Executing <Task(BashOperator): task_4> on 2020-03-26T00:00:00+00:00
[2021-11-29 12:38:35,912] {standard_task_runner.py:52} INFO - Started process 166896 to run task
[2021-11-29 12:38:35,849] {standard_task_runner.py:76} INFO - Running: ['airflow', 'tasks', 'run', 'parallel_dag', 'task_4', '2020-03-26T00:00:00+00:00', '--job-id', '542', '--pool', 'default_pool', '--raw', '--subdir', 'DAGS_FOLDER/parallel_dag.py', '--cfg-path', '/tmp/tmp7kzd6lme', '--error-file', '/tmp/tmp5dhx40b0']
[2021-11-29 12:38:36,046] {standard_task_runner.py:77} INFO - Job 542: Subtask task_4
[2021-11-29 12:38:37,255] {logging_mixin.py:104} INFO - Running <TaskInstance: parallel_dag.task_4 2020-03-26T00:00:00+00:00 [running]> on host airflowvm
[2021-11-29 12:38:39,134] {taskinstance.py:1280} INFO - Exporting the following env vars:
AIRFLOW_CTX_DAG_OWNER=airflow
AIRFLOW_CTX_DAG_ID=parallel_dag
AIRFLOW_CTX_TASK_ID=task_4
AIRFLOW_CTX_EXECUTION_DATE=2020-03-26T00:00:00+00:00
AIRFLOW_CTX_DAG_RUN_ID=scheduled__2020-03-26T00:00:00+00:00
[2021-11-29 12:38:39,135] {subprocess.py:52} INFO - Tmp dir root location: 
 /tmp
[2021-11-29 12:38:39,135] {subprocess.py:63} INFO - Running command: ['bash', '-c', 'sleep 3']
[2021-11-29 12:38:39,370] {subprocess.py:75} INFO - Output:
[2021-11-29 12:38:42,648] {subprocess.py:83} INFO - Command exited with return code 0
[2021-11-29 12:38:43,255] {taskinstance.py:1184} INFO - Marking task as SUCCESS. dag_id=parallel_dag, task_id=task_4, execution_date=20200326T000000, start_date=20211129T123835, end_date=20211129T123843
[2021-11-29 12:38:45,178] {taskinstance.py:1245} INFO - 0 downstream tasks scheduled from follow-on schedule check
[2021-11-29 12:38:45,286] {local_task_job.py:151} INFO - Task exited with return code 0
