[2021-11-29 12:20:08,733] {taskinstance.py:876} INFO - Dependencies all met for <TaskInstance: parallel_dag.task_1 2020-01-23T00:00:00+00:00 [queued]>
[2021-11-29 12:20:08,839] {taskinstance.py:876} INFO - Dependencies all met for <TaskInstance: parallel_dag.task_1 2020-01-23T00:00:00+00:00 [queued]>
[2021-11-29 12:20:08,840] {taskinstance.py:1067} INFO - 
--------------------------------------------------------------------------------
[2021-11-29 12:20:08,841] {taskinstance.py:1068} INFO - Starting attempt 1 of 1
[2021-11-29 12:20:08,841] {taskinstance.py:1069} INFO - 
--------------------------------------------------------------------------------
[2021-11-29 12:20:08,915] {taskinstance.py:1087} INFO - Executing <Task(BashOperator): task_1> on 2020-01-23T00:00:00+00:00
[2021-11-29 12:20:08,945] {standard_task_runner.py:52} INFO - Started process 113859 to run task
[2021-11-29 12:20:08,989] {standard_task_runner.py:76} INFO - Running: ['airflow', 'tasks', 'run', 'parallel_dag', 'task_1', '2020-01-23T00:00:00+00:00', '--job-id', '93', '--pool', 'default_pool', '--raw', '--subdir', 'DAGS_FOLDER/parallel_dag.py', '--cfg-path', '/tmp/tmpmbgpnr0s', '--error-file', '/tmp/tmpuyq3mo2l']
[2021-11-29 12:20:08,989] {standard_task_runner.py:77} INFO - Job 93: Subtask task_1
[2021-11-29 12:20:09,363] {logging_mixin.py:104} INFO - Running <TaskInstance: parallel_dag.task_1 2020-01-23T00:00:00+00:00 [running]> on host airflowvm
[2021-11-29 12:20:09,748] {taskinstance.py:1280} INFO - Exporting the following env vars:
AIRFLOW_CTX_DAG_OWNER=airflow
AIRFLOW_CTX_DAG_ID=parallel_dag
AIRFLOW_CTX_TASK_ID=task_1
AIRFLOW_CTX_EXECUTION_DATE=2020-01-23T00:00:00+00:00
AIRFLOW_CTX_DAG_RUN_ID=scheduled__2020-01-23T00:00:00+00:00
[2021-11-29 12:20:09,749] {subprocess.py:52} INFO - Tmp dir root location: 
 /tmp
[2021-11-29 12:20:09,750] {subprocess.py:63} INFO - Running command: ['bash', '-c', 'sleep 3']
[2021-11-29 12:20:09,809] {subprocess.py:75} INFO - Output:
[2021-11-29 12:20:12,845] {subprocess.py:83} INFO - Command exited with return code 0
[2021-11-29 12:20:12,957] {taskinstance.py:1184} INFO - Marking task as SUCCESS. dag_id=parallel_dag, task_id=task_1, execution_date=20200123T000000, start_date=20211129T122008, end_date=20211129T122012
[2021-11-29 12:20:13,665] {taskinstance.py:1245} INFO - 0 downstream tasks scheduled from follow-on schedule check
[2021-11-29 12:20:13,697] {local_task_job.py:151} INFO - Task exited with return code 0
