[2021-11-29 12:26:26,373] {taskinstance.py:876} INFO - Dependencies all met for <TaskInstance: parallel_dag.task_1 2020-01-23T00:00:00+00:00 [queued]>
[2021-11-29 12:26:26,394] {taskinstance.py:876} INFO - Dependencies all met for <TaskInstance: parallel_dag.task_1 2020-01-23T00:00:00+00:00 [queued]>
[2021-11-29 12:26:26,395] {taskinstance.py:1067} INFO - 
--------------------------------------------------------------------------------
[2021-11-29 12:26:26,395] {taskinstance.py:1068} INFO - Starting attempt 2 of 2
[2021-11-29 12:26:26,397] {taskinstance.py:1069} INFO - 
--------------------------------------------------------------------------------
[2021-11-29 12:26:26,405] {taskinstance.py:1087} INFO - Executing <Task(BashOperator): task_1> on 2020-01-23T00:00:00+00:00
[2021-11-29 12:26:26,409] {standard_task_runner.py:52} INFO - Started process 128383 to run task
[2021-11-29 12:26:26,414] {standard_task_runner.py:76} INFO - Running: ['airflow', 'tasks', 'run', 'parallel_dag', 'task_1', '2020-01-23T00:00:00+00:00', '--job-id', '156', '--pool', 'default_pool', '--raw', '--subdir', 'DAGS_FOLDER/parallel_dag.py', '--cfg-path', '/tmp/tmpkxv3jrr_', '--error-file', '/tmp/tmp__sc2jei']
[2021-11-29 12:26:26,415] {standard_task_runner.py:77} INFO - Job 156: Subtask task_1
[2021-11-29 12:26:26,492] {logging_mixin.py:104} INFO - Running <TaskInstance: parallel_dag.task_1 2020-01-23T00:00:00+00:00 [running]> on host airflowvm
[2021-11-29 12:26:26,584] {taskinstance.py:1280} INFO - Exporting the following env vars:
AIRFLOW_CTX_DAG_OWNER=airflow
AIRFLOW_CTX_DAG_ID=parallel_dag
AIRFLOW_CTX_TASK_ID=task_1
AIRFLOW_CTX_EXECUTION_DATE=2020-01-23T00:00:00+00:00
AIRFLOW_CTX_DAG_RUN_ID=scheduled__2020-01-23T00:00:00+00:00
[2021-11-29 12:26:26,585] {subprocess.py:52} INFO - Tmp dir root location: 
 /tmp
[2021-11-29 12:26:26,585] {subprocess.py:63} INFO - Running command: ['bash', '-c', 'sleep 3']
[2021-11-29 12:26:26,594] {subprocess.py:75} INFO - Output:
[2021-11-29 12:26:29,600] {subprocess.py:83} INFO - Command exited with return code 0
[2021-11-29 12:26:29,717] {taskinstance.py:1184} INFO - Marking task as SUCCESS. dag_id=parallel_dag, task_id=task_1, execution_date=20200123T000000, start_date=20211129T122626, end_date=20211129T122629
[2021-11-29 12:26:29,795] {taskinstance.py:1245} INFO - 2 downstream tasks scheduled from follow-on schedule check
[2021-11-29 12:26:29,804] {local_task_job.py:151} INFO - Task exited with return code 0
