[2021-11-29 12:38:34,882] {taskinstance.py:876} INFO - Dependencies all met for <TaskInstance: parallel_dag.task_4 2020-03-23T00:00:00+00:00 [queued]>
[2021-11-29 12:38:35,206] {taskinstance.py:876} INFO - Dependencies all met for <TaskInstance: parallel_dag.task_4 2020-03-23T00:00:00+00:00 [queued]>
[2021-11-29 12:38:35,206] {taskinstance.py:1067} INFO - 
--------------------------------------------------------------------------------
[2021-11-29 12:38:35,207] {taskinstance.py:1068} INFO - Starting attempt 1 of 1
[2021-11-29 12:38:35,207] {taskinstance.py:1069} INFO - 
--------------------------------------------------------------------------------
[2021-11-29 12:38:35,368] {taskinstance.py:1087} INFO - Executing <Task(BashOperator): task_4> on 2020-03-23T00:00:00+00:00
[2021-11-29 12:38:35,398] {standard_task_runner.py:52} INFO - Started process 166871 to run task
[2021-11-29 12:38:35,431] {standard_task_runner.py:76} INFO - Running: ['airflow', 'tasks', 'run', 'parallel_dag', 'task_4', '2020-03-23T00:00:00+00:00', '--job-id', '541', '--pool', 'default_pool', '--raw', '--subdir', 'DAGS_FOLDER/parallel_dag.py', '--cfg-path', '/tmp/tmpl8nkc_0b', '--error-file', '/tmp/tmp3ak57yhp']
[2021-11-29 12:38:35,603] {standard_task_runner.py:77} INFO - Job 541: Subtask task_4
[2021-11-29 12:38:36,625] {logging_mixin.py:104} INFO - Running <TaskInstance: parallel_dag.task_4 2020-03-23T00:00:00+00:00 [running]> on host airflowvm
[2021-11-29 12:38:38,032] {taskinstance.py:1280} INFO - Exporting the following env vars:
AIRFLOW_CTX_DAG_OWNER=airflow
AIRFLOW_CTX_DAG_ID=parallel_dag
AIRFLOW_CTX_TASK_ID=task_4
AIRFLOW_CTX_EXECUTION_DATE=2020-03-23T00:00:00+00:00
AIRFLOW_CTX_DAG_RUN_ID=scheduled__2020-03-23T00:00:00+00:00
[2021-11-29 12:38:38,033] {subprocess.py:52} INFO - Tmp dir root location: 
 /tmp
[2021-11-29 12:38:38,033] {subprocess.py:63} INFO - Running command: ['bash', '-c', 'sleep 3']
[2021-11-29 12:38:38,213] {subprocess.py:75} INFO - Output:
[2021-11-29 12:38:41,559] {subprocess.py:83} INFO - Command exited with return code 0
[2021-11-29 12:38:41,996] {taskinstance.py:1184} INFO - Marking task as SUCCESS. dag_id=parallel_dag, task_id=task_4, execution_date=20200323T000000, start_date=20211129T123834, end_date=20211129T123841
[2021-11-29 12:38:42,489] {taskinstance.py:1245} INFO - 0 downstream tasks scheduled from follow-on schedule check
[2021-11-29 12:38:42,637] {local_task_job.py:151} INFO - Task exited with return code 0
