[2021-12-06 12:18:52,013] {taskinstance.py:876} INFO - Dependencies all met for <TaskInstance: xcom_dag.processing_tasks.training_model_b 2021-12-06T12:18:38.673600+00:00 [queued]>
[2021-12-06 12:18:52,318] {taskinstance.py:876} INFO - Dependencies all met for <TaskInstance: xcom_dag.processing_tasks.training_model_b 2021-12-06T12:18:38.673600+00:00 [queued]>
[2021-12-06 12:18:52,321] {taskinstance.py:1067} INFO - 
--------------------------------------------------------------------------------
[2021-12-06 12:18:52,331] {taskinstance.py:1068} INFO - Starting attempt 1 of 1
[2021-12-06 12:18:52,345] {taskinstance.py:1069} INFO - 
--------------------------------------------------------------------------------
[2021-12-06 12:18:52,559] {taskinstance.py:1087} INFO - Executing <Task(PythonOperator): processing_tasks.training_model_b> on 2021-12-06T12:18:38.673600+00:00
[2021-12-06 12:18:52,649] {standard_task_runner.py:76} INFO - Running: ['airflow', 'tasks', 'run', 'xcom_dag', 'processing_tasks.training_model_b', '2021-12-06T12:18:38.673600+00:00', '--job-id', '734', '--pool', 'default_pool', '--raw', '--subdir', 'DAGS_FOLDER/xcom_dag.py', '--cfg-path', '/tmp/tmpsvcqsgcc', '--error-file', '/tmp/tmpdxyxezc5']
[2021-12-06 12:18:52,601] {standard_task_runner.py:52} INFO - Started process 32130 to run task
[2021-12-06 12:18:52,732] {standard_task_runner.py:77} INFO - Job 734: Subtask processing_tasks.training_model_b
[2021-12-06 12:18:53,546] {logging_mixin.py:104} INFO - Running <TaskInstance: xcom_dag.processing_tasks.training_model_b 2021-12-06T12:18:38.673600+00:00 [running]> on host airflowvm
[2021-12-06 12:18:54,647] {taskinstance.py:1280} INFO - Exporting the following env vars:
AIRFLOW_CTX_DAG_OWNER=airflow
AIRFLOW_CTX_DAG_ID=xcom_dag
AIRFLOW_CTX_TASK_ID=processing_tasks.training_model_b
AIRFLOW_CTX_EXECUTION_DATE=2021-12-06T12:18:38.673600+00:00
AIRFLOW_CTX_DAG_RUN_ID=manual__2021-12-06T12:18:38.673600+00:00
[2021-12-06 12:18:54,688] {logging_mixin.py:104} INFO - model's accuracy: 9.6794511001096
[2021-12-06 12:18:55,096] {python.py:151} INFO - Done. Returned value was: None
[2021-12-06 12:18:55,463] {taskinstance.py:1184} INFO - Marking task as SUCCESS. dag_id=xcom_dag, task_id=processing_tasks.training_model_b, execution_date=20211206T121838, start_date=20211206T121852, end_date=20211206T121855
[2021-12-06 12:18:56,288] {taskinstance.py:1245} INFO - 0 downstream tasks scheduled from follow-on schedule check
[2021-12-06 12:18:56,462] {local_task_job.py:151} INFO - Task exited with return code 0
