[2021-11-29 12:34:29,763] {taskinstance.py:876} INFO - Dependencies all met for <TaskInstance: parallel_dag.task_1 2020-02-19T00:00:00+00:00 [queued]>
[2021-11-29 12:34:29,986] {taskinstance.py:876} INFO - Dependencies all met for <TaskInstance: parallel_dag.task_1 2020-02-19T00:00:00+00:00 [queued]>
[2021-11-29 12:34:29,986] {taskinstance.py:1067} INFO - 
--------------------------------------------------------------------------------
[2021-11-29 12:34:29,989] {taskinstance.py:1068} INFO - Starting attempt 1 of 1
[2021-11-29 12:34:29,991] {taskinstance.py:1069} INFO - 
--------------------------------------------------------------------------------
[2021-11-29 12:34:30,134] {taskinstance.py:1087} INFO - Executing <Task(BashOperator): task_1> on 2020-02-19T00:00:00+00:00
[2021-11-29 12:34:30,190] {standard_task_runner.py:52} INFO - Started process 152006 to run task
[2021-11-29 12:34:30,202] {standard_task_runner.py:76} INFO - Running: ['airflow', 'tasks', 'run', 'parallel_dag', 'task_1', '2020-02-19T00:00:00+00:00', '--job-id', '363', '--pool', 'default_pool', '--raw', '--subdir', 'DAGS_FOLDER/parallel_dag.py', '--cfg-path', '/tmp/tmpho3yj692', '--error-file', '/tmp/tmp88mfslhs']
[2021-11-29 12:34:30,309] {standard_task_runner.py:77} INFO - Job 363: Subtask task_1
[2021-11-29 12:34:31,166] {logging_mixin.py:104} INFO - Running <TaskInstance: parallel_dag.task_1 2020-02-19T00:00:00+00:00 [running]> on host airflowvm
[2021-11-29 12:34:32,030] {taskinstance.py:1280} INFO - Exporting the following env vars:
AIRFLOW_CTX_DAG_OWNER=airflow
AIRFLOW_CTX_DAG_ID=parallel_dag
AIRFLOW_CTX_TASK_ID=task_1
AIRFLOW_CTX_EXECUTION_DATE=2020-02-19T00:00:00+00:00
AIRFLOW_CTX_DAG_RUN_ID=scheduled__2020-02-19T00:00:00+00:00
[2021-11-29 12:34:32,075] {subprocess.py:52} INFO - Tmp dir root location: 
 /tmp
[2021-11-29 12:34:32,089] {subprocess.py:63} INFO - Running command: ['bash', '-c', 'sleep 3']
[2021-11-29 12:34:32,185] {subprocess.py:75} INFO - Output:
[2021-11-29 12:34:35,325] {subprocess.py:83} INFO - Command exited with return code 0
[2021-11-29 12:34:35,799] {taskinstance.py:1184} INFO - Marking task as SUCCESS. dag_id=parallel_dag, task_id=task_1, execution_date=20200219T000000, start_date=20211129T123429, end_date=20211129T123435
[2021-11-29 12:34:38,989] {taskinstance.py:1245} INFO - 0 downstream tasks scheduled from follow-on schedule check
[2021-11-29 12:34:39,007] {local_task_job.py:151} INFO - Task exited with return code 0
