[2021-11-30 14:08:07,953] {taskinstance.py:876} INFO - Dependencies all met for <TaskInstance: parallel_dag.task_4 2021-11-30T14:07:31.341531+00:00 [queued]>
[2021-11-30 14:08:08,330] {taskinstance.py:876} INFO - Dependencies all met for <TaskInstance: parallel_dag.task_4 2021-11-30T14:07:31.341531+00:00 [queued]>
[2021-11-30 14:08:08,332] {taskinstance.py:1067} INFO - 
--------------------------------------------------------------------------------
[2021-11-30 14:08:08,378] {taskinstance.py:1068} INFO - Starting attempt 1 of 1
[2021-11-30 14:08:08,414] {taskinstance.py:1069} INFO - 
--------------------------------------------------------------------------------
[2021-11-30 14:08:08,593] {taskinstance.py:1087} INFO - Executing <Task(BashOperator): task_4> on 2021-11-30T14:07:31.341531+00:00
[2021-11-30 14:08:08,711] {standard_task_runner.py:52} INFO - Started process 235875 to run task
[2021-11-30 14:08:08,968] {standard_task_runner.py:76} INFO - Running: ['airflow', 'tasks', 'run', 'parallel_dag', 'task_4', '2021-11-30T14:07:31.341531+00:00', '--job-id', '690', '--pool', 'default_pool', '--raw', '--subdir', 'DAGS_FOLDER/parallel_dag.py', '--cfg-path', '/tmp/tmp97n2z_kn', '--error-file', '/tmp/tmpvd56v_46']
[2021-11-30 14:08:08,985] {standard_task_runner.py:77} INFO - Job 690: Subtask task_4
[2021-11-30 14:08:09,869] {logging_mixin.py:104} INFO - Running <TaskInstance: parallel_dag.task_4 2021-11-30T14:07:31.341531+00:00 [running]> on host airflowvm
[2021-11-30 14:08:10,516] {taskinstance.py:1280} INFO - Exporting the following env vars:
AIRFLOW_CTX_DAG_OWNER=airflow
AIRFLOW_CTX_DAG_ID=parallel_dag
AIRFLOW_CTX_TASK_ID=task_4
AIRFLOW_CTX_EXECUTION_DATE=2021-11-30T14:07:31.341531+00:00
AIRFLOW_CTX_DAG_RUN_ID=manual__2021-11-30T14:07:31.341531+00:00
[2021-11-30 14:08:10,517] {subprocess.py:52} INFO - Tmp dir root location: 
 /tmp
[2021-11-30 14:08:10,518] {subprocess.py:63} INFO - Running command: ['bash', '-c', 'sleep 3']
[2021-11-30 14:08:10,554] {subprocess.py:75} INFO - Output:
[2021-11-30 14:08:13,681] {subprocess.py:83} INFO - Command exited with return code 0
[2021-11-30 14:08:14,073] {taskinstance.py:1184} INFO - Marking task as SUCCESS. dag_id=parallel_dag, task_id=task_4, execution_date=20211130T140731, start_date=20211130T140807, end_date=20211130T140814
[2021-11-30 14:08:14,436] {taskinstance.py:1245} INFO - 0 downstream tasks scheduled from follow-on schedule check
[2021-11-30 14:08:14,457] {local_task_job.py:151} INFO - Task exited with return code 0
