[2021-11-29 10:19:54,538] {taskinstance.py:876} INFO - Dependencies all met for <TaskInstance: parallel_dag.task_3 2021-11-29T10:19:38.148875+00:00 [queued]>
[2021-11-29 10:19:54,563] {taskinstance.py:876} INFO - Dependencies all met for <TaskInstance: parallel_dag.task_3 2021-11-29T10:19:38.148875+00:00 [queued]>
[2021-11-29 10:19:54,563] {taskinstance.py:1067} INFO - 
--------------------------------------------------------------------------------
[2021-11-29 10:19:54,564] {taskinstance.py:1068} INFO - Starting attempt 1 of 1
[2021-11-29 10:19:54,564] {taskinstance.py:1069} INFO - 
--------------------------------------------------------------------------------
[2021-11-29 10:19:54,579] {taskinstance.py:1087} INFO - Executing <Task(BashOperator): task_3> on 2021-11-29T10:19:38.148875+00:00
[2021-11-29 10:19:54,582] {standard_task_runner.py:52} INFO - Started process 78389 to run task
[2021-11-29 10:19:54,591] {standard_task_runner.py:76} INFO - Running: ['airflow', 'tasks', 'run', 'parallel_dag', 'task_3', '2021-11-29T10:19:38.148875+00:00', '--job-id', '19', '--pool', 'default_pool', '--raw', '--subdir', 'DAGS_FOLDER/parallel_dag.py', '--cfg-path', '/tmp/tmpq202jewt', '--error-file', '/tmp/tmp720hc1ht']
[2021-11-29 10:19:54,596] {standard_task_runner.py:77} INFO - Job 19: Subtask task_3
[2021-11-29 10:19:54,713] {logging_mixin.py:104} INFO - Running <TaskInstance: parallel_dag.task_3 2021-11-29T10:19:38.148875+00:00 [running]> on host airflowvm
[2021-11-29 10:19:54,861] {taskinstance.py:1280} INFO - Exporting the following env vars:
AIRFLOW_CTX_DAG_OWNER=airflow
AIRFLOW_CTX_DAG_ID=parallel_dag
AIRFLOW_CTX_TASK_ID=task_3
AIRFLOW_CTX_EXECUTION_DATE=2021-11-29T10:19:38.148875+00:00
AIRFLOW_CTX_DAG_RUN_ID=manual__2021-11-29T10:19:38.148875+00:00
[2021-11-29 10:19:54,863] {subprocess.py:52} INFO - Tmp dir root location: 
 /tmp
[2021-11-29 10:19:54,864] {subprocess.py:63} INFO - Running command: ['bash', '-c', 'sleep 3']
[2021-11-29 10:19:54,872] {subprocess.py:75} INFO - Output:
[2021-11-29 10:19:57,882] {subprocess.py:83} INFO - Command exited with return code 0
[2021-11-29 10:19:57,953] {taskinstance.py:1184} INFO - Marking task as SUCCESS. dag_id=parallel_dag, task_id=task_3, execution_date=20211129T101938, start_date=20211129T101954, end_date=20211129T101957
[2021-11-29 10:19:58,026] {taskinstance.py:1245} INFO - 1 downstream tasks scheduled from follow-on schedule check
[2021-11-29 10:19:58,044] {local_task_job.py:151} INFO - Task exited with return code 0
