[2021-11-29 12:38:21,358] {taskinstance.py:876} INFO - Dependencies all met for <TaskInstance: parallel_dag.task_4 2020-03-20T00:00:00+00:00 [queued]>
[2021-11-29 12:38:21,715] {taskinstance.py:876} INFO - Dependencies all met for <TaskInstance: parallel_dag.task_4 2020-03-20T00:00:00+00:00 [queued]>
[2021-11-29 12:38:21,715] {taskinstance.py:1067} INFO - 
--------------------------------------------------------------------------------
[2021-11-29 12:38:21,715] {taskinstance.py:1068} INFO - Starting attempt 1 of 1
[2021-11-29 12:38:21,715] {taskinstance.py:1069} INFO - 
--------------------------------------------------------------------------------
[2021-11-29 12:38:21,882] {taskinstance.py:1087} INFO - Executing <Task(BashOperator): task_4> on 2020-03-20T00:00:00+00:00
[2021-11-29 12:38:21,918] {standard_task_runner.py:76} INFO - Running: ['airflow', 'tasks', 'run', 'parallel_dag', 'task_4', '2020-03-20T00:00:00+00:00', '--job-id', '533', '--pool', 'default_pool', '--raw', '--subdir', 'DAGS_FOLDER/parallel_dag.py', '--cfg-path', '/tmp/tmpzg11ljzk', '--error-file', '/tmp/tmpib5oylbj']
[2021-11-29 12:38:21,919] {standard_task_runner.py:77} INFO - Job 533: Subtask task_4
[2021-11-29 12:38:21,953] {standard_task_runner.py:52} INFO - Started process 166081 to run task
[2021-11-29 12:38:23,196] {logging_mixin.py:104} INFO - Running <TaskInstance: parallel_dag.task_4 2020-03-20T00:00:00+00:00 [running]> on host airflowvm
[2021-11-29 12:38:24,446] {taskinstance.py:1280} INFO - Exporting the following env vars:
AIRFLOW_CTX_DAG_OWNER=airflow
AIRFLOW_CTX_DAG_ID=parallel_dag
AIRFLOW_CTX_TASK_ID=task_4
AIRFLOW_CTX_EXECUTION_DATE=2020-03-20T00:00:00+00:00
AIRFLOW_CTX_DAG_RUN_ID=scheduled__2020-03-20T00:00:00+00:00
[2021-11-29 12:38:24,448] {subprocess.py:52} INFO - Tmp dir root location: 
 /tmp
[2021-11-29 12:38:24,471] {subprocess.py:63} INFO - Running command: ['bash', '-c', 'sleep 3']
[2021-11-29 12:38:24,600] {subprocess.py:75} INFO - Output:
[2021-11-29 12:38:27,709] {subprocess.py:83} INFO - Command exited with return code 0
[2021-11-29 12:38:28,301] {taskinstance.py:1184} INFO - Marking task as SUCCESS. dag_id=parallel_dag, task_id=task_4, execution_date=20200320T000000, start_date=20211129T123821, end_date=20211129T123828
[2021-11-29 12:38:29,771] {taskinstance.py:1245} INFO - 0 downstream tasks scheduled from follow-on schedule check
[2021-11-29 12:38:29,838] {local_task_job.py:151} INFO - Task exited with return code 0
