[2021-12-06 12:03:35,773] {taskinstance.py:876} INFO - Dependencies all met for <TaskInstance: xcom_dag.processing_tasks.training_model_c 2021-12-06T12:03:21.350366+00:00 [queued]>
[2021-12-06 12:03:36,063] {taskinstance.py:876} INFO - Dependencies all met for <TaskInstance: xcom_dag.processing_tasks.training_model_c 2021-12-06T12:03:21.350366+00:00 [queued]>
[2021-12-06 12:03:36,080] {taskinstance.py:1067} INFO - 
--------------------------------------------------------------------------------
[2021-12-06 12:03:36,094] {taskinstance.py:1068} INFO - Starting attempt 1 of 1
[2021-12-06 12:03:36,095] {taskinstance.py:1069} INFO - 
--------------------------------------------------------------------------------
[2021-12-06 12:03:36,290] {taskinstance.py:1087} INFO - Executing <Task(PythonOperator): processing_tasks.training_model_c> on 2021-12-06T12:03:21.350366+00:00
[2021-12-06 12:03:36,496] {standard_task_runner.py:52} INFO - Started process 23918 to run task
[2021-12-06 12:03:36,891] {standard_task_runner.py:76} INFO - Running: ['airflow', 'tasks', 'run', 'xcom_dag', 'processing_tasks.training_model_c', '2021-12-06T12:03:21.350366+00:00', '--job-id', '724', '--pool', 'default_pool', '--raw', '--subdir', 'DAGS_FOLDER/xcom_dag.py', '--cfg-path', '/tmp/tmpd0x6kiay', '--error-file', '/tmp/tmpd5ph957b']
[2021-12-06 12:03:36,902] {standard_task_runner.py:77} INFO - Job 724: Subtask processing_tasks.training_model_c
[2021-12-06 12:03:38,278] {logging_mixin.py:104} INFO - Running <TaskInstance: xcom_dag.processing_tasks.training_model_c 2021-12-06T12:03:21.350366+00:00 [running]> on host airflowvm
[2021-12-06 12:03:39,563] {taskinstance.py:1280} INFO - Exporting the following env vars:
AIRFLOW_CTX_DAG_OWNER=airflow
AIRFLOW_CTX_DAG_ID=xcom_dag
AIRFLOW_CTX_TASK_ID=processing_tasks.training_model_c
AIRFLOW_CTX_EXECUTION_DATE=2021-12-06T12:03:21.350366+00:00
AIRFLOW_CTX_DAG_RUN_ID=manual__2021-12-06T12:03:21.350366+00:00
[2021-12-06 12:03:39,565] {logging_mixin.py:104} INFO - model's accuracy: 7.272247870953274
[2021-12-06 12:03:40,043] {python.py:151} INFO - Done. Returned value was: None
[2021-12-06 12:03:40,355] {taskinstance.py:1184} INFO - Marking task as SUCCESS. dag_id=xcom_dag, task_id=processing_tasks.training_model_c, execution_date=20211206T120321, start_date=20211206T120335, end_date=20211206T120340
[2021-12-06 12:03:41,818] {taskinstance.py:1245} INFO - 0 downstream tasks scheduled from follow-on schedule check
[2021-12-06 12:03:42,327] {local_task_job.py:151} INFO - Task exited with return code 0
