[2021-11-29 12:52:39,251] {taskinstance.py:876} INFO - Dependencies all met for <TaskInstance: parallel_dag.task_3 2020-01-28T00:00:00+00:00 [queued]>
[2021-11-29 12:52:39,727] {taskinstance.py:876} INFO - Dependencies all met for <TaskInstance: parallel_dag.task_3 2020-01-28T00:00:00+00:00 [queued]>
[2021-11-29 12:52:39,728] {taskinstance.py:1067} INFO - 
--------------------------------------------------------------------------------
[2021-11-29 12:52:39,728] {taskinstance.py:1068} INFO - Starting attempt 2 of 2
[2021-11-29 12:52:39,728] {taskinstance.py:1069} INFO - 
--------------------------------------------------------------------------------
[2021-11-29 12:52:40,051] {taskinstance.py:1087} INFO - Executing <Task(BashOperator): task_3> on 2020-01-28T00:00:00+00:00
[2021-11-29 12:52:40,189] {standard_task_runner.py:52} INFO - Started process 184689 to run task
[2021-11-29 12:52:40,478] {standard_task_runner.py:76} INFO - Running: ['airflow', 'tasks', 'run', 'parallel_dag', 'task_3', '2020-01-28T00:00:00+00:00', '--job-id', '643', '--pool', 'default_pool', '--raw', '--subdir', 'DAGS_FOLDER/parallel_dag.py', '--cfg-path', '/tmp/tmpphtjsmzi', '--error-file', '/tmp/tmpi9i2jzsj']
[2021-11-29 12:52:40,479] {standard_task_runner.py:77} INFO - Job 643: Subtask task_3
[2021-11-29 12:52:42,076] {logging_mixin.py:104} INFO - Running <TaskInstance: parallel_dag.task_3 2020-01-28T00:00:00+00:00 [running]> on host airflowvm
[2021-11-29 12:52:43,873] {taskinstance.py:1280} INFO - Exporting the following env vars:
AIRFLOW_CTX_DAG_OWNER=airflow
AIRFLOW_CTX_DAG_ID=parallel_dag
AIRFLOW_CTX_TASK_ID=task_3
AIRFLOW_CTX_EXECUTION_DATE=2020-01-28T00:00:00+00:00
AIRFLOW_CTX_DAG_RUN_ID=scheduled__2020-01-28T00:00:00+00:00
[2021-11-29 12:52:43,874] {subprocess.py:52} INFO - Tmp dir root location: 
 /tmp
[2021-11-29 12:52:43,874] {subprocess.py:63} INFO - Running command: ['bash', '-c', 'sleep 3']
[2021-11-29 12:52:44,018] {subprocess.py:75} INFO - Output:
[2021-11-29 12:52:47,282] {subprocess.py:83} INFO - Command exited with return code 0
[2021-11-29 12:52:47,583] {taskinstance.py:1184} INFO - Marking task as SUCCESS. dag_id=parallel_dag, task_id=task_3, execution_date=20200128T000000, start_date=20211129T125239, end_date=20211129T125247
[2021-11-29 12:52:49,338] {taskinstance.py:1245} INFO - 1 downstream tasks scheduled from follow-on schedule check
[2021-11-29 12:52:49,365] {local_task_job.py:151} INFO - Task exited with return code 0
