[2021-11-29 12:33:57,244] {taskinstance.py:876} INFO - Dependencies all met for <TaskInstance: parallel_dag.task_4 2020-02-02T00:00:00+00:00 [queued]>
[2021-11-29 12:33:57,490] {taskinstance.py:876} INFO - Dependencies all met for <TaskInstance: parallel_dag.task_4 2020-02-02T00:00:00+00:00 [queued]>
[2021-11-29 12:33:57,491] {taskinstance.py:1067} INFO - 
--------------------------------------------------------------------------------
[2021-11-29 12:33:57,491] {taskinstance.py:1068} INFO - Starting attempt 1 of 1
[2021-11-29 12:33:57,492] {taskinstance.py:1069} INFO - 
--------------------------------------------------------------------------------
[2021-11-29 12:33:57,601] {taskinstance.py:1087} INFO - Executing <Task(BashOperator): task_4> on 2020-02-02T00:00:00+00:00
[2021-11-29 12:33:57,654] {standard_task_runner.py:52} INFO - Started process 150064 to run task
[2021-11-29 12:33:57,778] {standard_task_runner.py:76} INFO - Running: ['airflow', 'tasks', 'run', 'parallel_dag', 'task_4', '2020-02-02T00:00:00+00:00', '--job-id', '341', '--pool', 'default_pool', '--raw', '--subdir', 'DAGS_FOLDER/parallel_dag.py', '--cfg-path', '/tmp/tmpjkdrwcz2', '--error-file', '/tmp/tmprpg9kbyh']
[2021-11-29 12:33:57,811] {standard_task_runner.py:77} INFO - Job 341: Subtask task_4
[2021-11-29 12:33:58,690] {logging_mixin.py:104} INFO - Running <TaskInstance: parallel_dag.task_4 2020-02-02T00:00:00+00:00 [running]> on host airflowvm
[2021-11-29 12:33:59,369] {taskinstance.py:1280} INFO - Exporting the following env vars:
AIRFLOW_CTX_DAG_OWNER=airflow
AIRFLOW_CTX_DAG_ID=parallel_dag
AIRFLOW_CTX_TASK_ID=task_4
AIRFLOW_CTX_EXECUTION_DATE=2020-02-02T00:00:00+00:00
AIRFLOW_CTX_DAG_RUN_ID=scheduled__2020-02-02T00:00:00+00:00
[2021-11-29 12:33:59,388] {subprocess.py:52} INFO - Tmp dir root location: 
 /tmp
[2021-11-29 12:33:59,399] {subprocess.py:63} INFO - Running command: ['bash', '-c', 'sleep 3']
[2021-11-29 12:33:59,551] {subprocess.py:75} INFO - Output:
[2021-11-29 12:34:02,892] {subprocess.py:83} INFO - Command exited with return code 0
[2021-11-29 12:34:03,493] {taskinstance.py:1184} INFO - Marking task as SUCCESS. dag_id=parallel_dag, task_id=task_4, execution_date=20200202T000000, start_date=20211129T123357, end_date=20211129T123403
[2021-11-29 12:34:04,547] {taskinstance.py:1245} INFO - 0 downstream tasks scheduled from follow-on schedule check
[2021-11-29 12:34:04,647] {local_task_job.py:151} INFO - Task exited with return code 0
