[2021-12-07 06:05:45,825] {taskinstance.py:876} INFO - Dependencies all met for <TaskInstance: xcom_dag.processing_tasks.training_model_a 2021-12-06T00:00:00+00:00 [queued]>
[2021-12-07 06:05:46,232] {taskinstance.py:876} INFO - Dependencies all met for <TaskInstance: xcom_dag.processing_tasks.training_model_a 2021-12-06T00:00:00+00:00 [queued]>
[2021-12-07 06:05:46,232] {taskinstance.py:1067} INFO - 
--------------------------------------------------------------------------------
[2021-12-07 06:05:46,233] {taskinstance.py:1068} INFO - Starting attempt 1 of 1
[2021-12-07 06:05:46,246] {taskinstance.py:1069} INFO - 
--------------------------------------------------------------------------------
[2021-12-07 06:05:46,411] {taskinstance.py:1087} INFO - Executing <Task(PythonOperator): processing_tasks.training_model_a> on 2021-12-06T00:00:00+00:00
[2021-12-07 06:05:46,483] {standard_task_runner.py:52} INFO - Started process 79442 to run task
[2021-12-07 06:05:46,580] {standard_task_runner.py:76} INFO - Running: ['airflow', 'tasks', 'run', 'xcom_dag', 'processing_tasks.training_model_a', '2021-12-06T00:00:00+00:00', '--job-id', '784', '--pool', 'default_pool', '--raw', '--subdir', 'DAGS_FOLDER/xcom_dag.py', '--cfg-path', '/tmp/tmpp1zi_ejz', '--error-file', '/tmp/tmppqf0t2ap']
[2021-12-07 06:05:46,712] {standard_task_runner.py:77} INFO - Job 784: Subtask processing_tasks.training_model_a
[2021-12-07 06:05:47,699] {logging_mixin.py:104} INFO - Running <TaskInstance: xcom_dag.processing_tasks.training_model_a 2021-12-06T00:00:00+00:00 [running]> on host airflowvm
[2021-12-07 06:05:48,561] {taskinstance.py:1280} INFO - Exporting the following env vars:
AIRFLOW_CTX_DAG_OWNER=airflow
AIRFLOW_CTX_DAG_ID=xcom_dag
AIRFLOW_CTX_TASK_ID=processing_tasks.training_model_a
AIRFLOW_CTX_EXECUTION_DATE=2021-12-06T00:00:00+00:00
AIRFLOW_CTX_DAG_RUN_ID=scheduled__2021-12-06T00:00:00+00:00
[2021-12-07 06:05:48,565] {logging_mixin.py:104} INFO - model's accuracy: 9.87962891637612
[2021-12-07 06:05:48,810] {python.py:151} INFO - Done. Returned value was: None
[2021-12-07 06:05:48,960] {taskinstance.py:1184} INFO - Marking task as SUCCESS. dag_id=xcom_dag, task_id=processing_tasks.training_model_a, execution_date=20211206T000000, start_date=20211207T060545, end_date=20211207T060548
[2021-12-07 06:05:49,549] {taskinstance.py:1245} INFO - 0 downstream tasks scheduled from follow-on schedule check
[2021-12-07 06:05:49,569] {local_task_job.py:151} INFO - Task exited with return code 0
