[2021-11-29 12:38:55,726] {taskinstance.py:876} INFO - Dependencies all met for <TaskInstance: parallel_dag.task_4 2020-04-04T00:00:00+00:00 [queued]>
[2021-11-29 12:38:55,784] {taskinstance.py:876} INFO - Dependencies all met for <TaskInstance: parallel_dag.task_4 2020-04-04T00:00:00+00:00 [queued]>
[2021-11-29 12:38:55,786] {taskinstance.py:1067} INFO - 
--------------------------------------------------------------------------------
[2021-11-29 12:38:55,788] {taskinstance.py:1068} INFO - Starting attempt 1 of 1
[2021-11-29 12:38:55,789] {taskinstance.py:1069} INFO - 
--------------------------------------------------------------------------------
[2021-11-29 12:38:55,841] {taskinstance.py:1087} INFO - Executing <Task(BashOperator): task_4> on 2020-04-04T00:00:00+00:00
[2021-11-29 12:38:55,894] {standard_task_runner.py:52} INFO - Started process 168292 to run task
[2021-11-29 12:38:55,904] {standard_task_runner.py:76} INFO - Running: ['airflow', 'tasks', 'run', 'parallel_dag', 'task_4', '2020-04-04T00:00:00+00:00', '--job-id', '559', '--pool', 'default_pool', '--raw', '--subdir', 'DAGS_FOLDER/parallel_dag.py', '--cfg-path', '/tmp/tmptxsmoqth', '--error-file', '/tmp/tmpkhuxwstg']
[2021-11-29 12:38:55,922] {standard_task_runner.py:77} INFO - Job 559: Subtask task_4
[2021-11-29 12:38:56,413] {logging_mixin.py:104} INFO - Running <TaskInstance: parallel_dag.task_4 2020-04-04T00:00:00+00:00 [running]> on host airflowvm
[2021-11-29 12:38:56,890] {taskinstance.py:1280} INFO - Exporting the following env vars:
AIRFLOW_CTX_DAG_OWNER=airflow
AIRFLOW_CTX_DAG_ID=parallel_dag
AIRFLOW_CTX_TASK_ID=task_4
AIRFLOW_CTX_EXECUTION_DATE=2020-04-04T00:00:00+00:00
AIRFLOW_CTX_DAG_RUN_ID=scheduled__2020-04-04T00:00:00+00:00
[2021-11-29 12:38:56,891] {subprocess.py:52} INFO - Tmp dir root location: 
 /tmp
[2021-11-29 12:38:56,892] {subprocess.py:63} INFO - Running command: ['bash', '-c', 'sleep 3']
[2021-11-29 12:38:56,936] {subprocess.py:75} INFO - Output:
[2021-11-29 12:38:59,970] {subprocess.py:83} INFO - Command exited with return code 0
[2021-11-29 12:39:00,137] {taskinstance.py:1184} INFO - Marking task as SUCCESS. dag_id=parallel_dag, task_id=task_4, execution_date=20200404T000000, start_date=20211129T123855, end_date=20211129T123900
[2021-11-29 12:39:00,337] {taskinstance.py:1245} INFO - 0 downstream tasks scheduled from follow-on schedule check
[2021-11-29 12:39:00,397] {local_task_job.py:151} INFO - Task exited with return code 0
