[2021-12-06 12:22:10,203] {taskinstance.py:876} INFO - Dependencies all met for <TaskInstance: xcom_dag.processing_tasks.training_model_b 2021-12-06T12:21:49.694572+00:00 [queued]>
[2021-12-06 12:22:10,723] {taskinstance.py:876} INFO - Dependencies all met for <TaskInstance: xcom_dag.processing_tasks.training_model_b 2021-12-06T12:21:49.694572+00:00 [queued]>
[2021-12-06 12:22:10,783] {taskinstance.py:1067} INFO - 
--------------------------------------------------------------------------------
[2021-12-06 12:22:10,784] {taskinstance.py:1068} INFO - Starting attempt 1 of 1
[2021-12-06 12:22:10,784] {taskinstance.py:1069} INFO - 
--------------------------------------------------------------------------------
[2021-12-06 12:22:11,138] {taskinstance.py:1087} INFO - Executing <Task(PythonOperator): processing_tasks.training_model_b> on 2021-12-06T12:21:49.694572+00:00
[2021-12-06 12:22:11,319] {standard_task_runner.py:52} INFO - Started process 34138 to run task
[2021-12-06 12:22:11,639] {standard_task_runner.py:76} INFO - Running: ['airflow', 'tasks', 'run', 'xcom_dag', 'processing_tasks.training_model_b', '2021-12-06T12:21:49.694572+00:00', '--job-id', '741', '--pool', 'default_pool', '--raw', '--subdir', 'DAGS_FOLDER/xcom_dag.py', '--cfg-path', '/tmp/tmpdprfldyu', '--error-file', '/tmp/tmpe27q0vvt']
[2021-12-06 12:22:11,693] {standard_task_runner.py:77} INFO - Job 741: Subtask processing_tasks.training_model_b
[2021-12-06 12:22:13,646] {logging_mixin.py:104} INFO - Running <TaskInstance: xcom_dag.processing_tasks.training_model_b 2021-12-06T12:21:49.694572+00:00 [running]> on host airflowvm
[2021-12-06 12:22:15,615] {taskinstance.py:1280} INFO - Exporting the following env vars:
AIRFLOW_CTX_DAG_OWNER=airflow
AIRFLOW_CTX_DAG_ID=xcom_dag
AIRFLOW_CTX_TASK_ID=processing_tasks.training_model_b
AIRFLOW_CTX_EXECUTION_DATE=2021-12-06T12:21:49.694572+00:00
AIRFLOW_CTX_DAG_RUN_ID=manual__2021-12-06T12:21:49.694572+00:00
[2021-12-06 12:22:15,689] {logging_mixin.py:104} INFO - model's accuracy: 9.713798431838027
[2021-12-06 12:22:16,359] {python.py:151} INFO - Done. Returned value was: None
[2021-12-06 12:22:16,790] {taskinstance.py:1184} INFO - Marking task as SUCCESS. dag_id=xcom_dag, task_id=processing_tasks.training_model_b, execution_date=20211206T122149, start_date=20211206T122210, end_date=20211206T122216
[2021-12-06 12:22:17,705] {local_task_job.py:196} WARNING - State of this instance has been externally set to success. Terminating instance.
[2021-12-06 12:22:17,977] {process_utils.py:100} INFO - Sending Signals.SIGTERM to GPID 34138
[2021-12-06 12:22:18,286] {taskinstance.py:1264} ERROR - Received SIGTERM. Terminating subprocesses.
[2021-12-06 12:22:18,461] {process_utils.py:66} INFO - Process psutil.Process(pid=34138, status='terminated', exitcode=1, started='12:22:10') (34138) terminated with exit code 1
