[2021-11-29 12:17:56,608] {taskinstance.py:876} INFO - Dependencies all met for <TaskInstance: parallel_dag.task_2 2020-01-03T00:00:00+00:00 [queued]>
[2021-11-29 12:17:57,000] {taskinstance.py:876} INFO - Dependencies all met for <TaskInstance: parallel_dag.task_2 2020-01-03T00:00:00+00:00 [queued]>
[2021-11-29 12:17:57,000] {taskinstance.py:1067} INFO - 
--------------------------------------------------------------------------------
[2021-11-29 12:17:57,000] {taskinstance.py:1068} INFO - Starting attempt 1 of 1
[2021-11-29 12:17:57,001] {taskinstance.py:1069} INFO - 
--------------------------------------------------------------------------------
[2021-11-29 12:17:57,285] {taskinstance.py:1087} INFO - Executing <Task(BashOperator): task_2> on 2020-01-03T00:00:00+00:00
[2021-11-29 12:17:57,398] {standard_task_runner.py:52} INFO - Started process 107022 to run task
[2021-11-29 12:17:57,441] {standard_task_runner.py:76} INFO - Running: ['airflow', 'tasks', 'run', 'parallel_dag', 'task_2', '2020-01-03T00:00:00+00:00', '--job-id', '37', '--pool', 'default_pool', '--raw', '--subdir', 'DAGS_FOLDER/parallel_dag.py', '--cfg-path', '/tmp/tmpvmlutbck', '--error-file', '/tmp/tmpbxffbqf7']
[2021-11-29 12:17:57,441] {standard_task_runner.py:77} INFO - Job 37: Subtask task_2
[2021-11-29 12:17:58,993] {logging_mixin.py:104} INFO - Running <TaskInstance: parallel_dag.task_2 2020-01-03T00:00:00+00:00 [running]> on host airflowvm
[2021-11-29 12:18:00,577] {taskinstance.py:1280} INFO - Exporting the following env vars:
AIRFLOW_CTX_DAG_OWNER=airflow
AIRFLOW_CTX_DAG_ID=parallel_dag
AIRFLOW_CTX_TASK_ID=task_2
AIRFLOW_CTX_EXECUTION_DATE=2020-01-03T00:00:00+00:00
AIRFLOW_CTX_DAG_RUN_ID=scheduled__2020-01-03T00:00:00+00:00
[2021-11-29 12:18:00,582] {subprocess.py:52} INFO - Tmp dir root location: 
 /tmp
[2021-11-29 12:18:00,583] {subprocess.py:63} INFO - Running command: ['bash', '-c', 'sleep 3']
[2021-11-29 12:18:00,797] {subprocess.py:75} INFO - Output:
[2021-11-29 12:18:03,882] {subprocess.py:83} INFO - Command exited with return code 0
[2021-11-29 12:18:04,314] {taskinstance.py:1184} INFO - Marking task as SUCCESS. dag_id=parallel_dag, task_id=task_2, execution_date=20200103T000000, start_date=20211129T121756, end_date=20211129T121804
[2021-11-29 12:18:05,154] {taskinstance.py:1245} INFO - 0 downstream tasks scheduled from follow-on schedule check
[2021-11-29 12:18:05,203] {local_task_job.py:151} INFO - Task exited with return code 0
