[2021-11-29 12:23:05,817] {taskinstance.py:876} INFO - Dependencies all met for <TaskInstance: parallel_dag.task_2 2020-01-03T00:00:00+00:00 [queued]>
[2021-11-29 12:23:05,856] {taskinstance.py:876} INFO - Dependencies all met for <TaskInstance: parallel_dag.task_2 2020-01-03T00:00:00+00:00 [queued]>
[2021-11-29 12:23:05,858] {taskinstance.py:1067} INFO - 
--------------------------------------------------------------------------------
[2021-11-29 12:23:05,858] {taskinstance.py:1068} INFO - Starting attempt 2 of 2
[2021-11-29 12:23:05,859] {taskinstance.py:1069} INFO - 
--------------------------------------------------------------------------------
[2021-11-29 12:23:05,882] {taskinstance.py:1087} INFO - Executing <Task(BashOperator): task_2> on 2020-01-03T00:00:00+00:00
[2021-11-29 12:23:05,885] {standard_task_runner.py:52} INFO - Started process 119646 to run task
[2021-11-29 12:23:05,896] {standard_task_runner.py:76} INFO - Running: ['airflow', 'tasks', 'run', 'parallel_dag', 'task_2', '2020-01-03T00:00:00+00:00', '--job-id', '115', '--pool', 'default_pool', '--raw', '--subdir', 'DAGS_FOLDER/parallel_dag.py', '--cfg-path', '/tmp/tmp9dq75iik', '--error-file', '/tmp/tmpg6qnxniw']
[2021-11-29 12:23:05,913] {standard_task_runner.py:77} INFO - Job 115: Subtask task_2
[2021-11-29 12:23:06,044] {logging_mixin.py:104} INFO - Running <TaskInstance: parallel_dag.task_2 2020-01-03T00:00:00+00:00 [running]> on host airflowvm
[2021-11-29 12:23:06,165] {taskinstance.py:1280} INFO - Exporting the following env vars:
AIRFLOW_CTX_DAG_OWNER=airflow
AIRFLOW_CTX_DAG_ID=parallel_dag
AIRFLOW_CTX_TASK_ID=task_2
AIRFLOW_CTX_EXECUTION_DATE=2020-01-03T00:00:00+00:00
AIRFLOW_CTX_DAG_RUN_ID=scheduled__2020-01-03T00:00:00+00:00
[2021-11-29 12:23:06,168] {subprocess.py:52} INFO - Tmp dir root location: 
 /tmp
[2021-11-29 12:23:06,171] {subprocess.py:63} INFO - Running command: ['bash', '-c', 'sleep 3']
[2021-11-29 12:23:06,178] {subprocess.py:75} INFO - Output:
[2021-11-29 12:23:09,189] {subprocess.py:83} INFO - Command exited with return code 0
[2021-11-29 12:23:09,256] {taskinstance.py:1184} INFO - Marking task as SUCCESS. dag_id=parallel_dag, task_id=task_2, execution_date=20200103T000000, start_date=20211129T122305, end_date=20211129T122309
[2021-11-29 12:23:09,300] {taskinstance.py:1245} INFO - 0 downstream tasks scheduled from follow-on schedule check
[2021-11-29 12:23:09,325] {local_task_job.py:151} INFO - Task exited with return code 0
