[2021-11-29 12:35:59,525] {taskinstance.py:876} INFO - Dependencies all met for <TaskInstance: parallel_dag.task_1 2020-03-03T00:00:00+00:00 [queued]>
[2021-11-29 12:35:59,666] {taskinstance.py:876} INFO - Dependencies all met for <TaskInstance: parallel_dag.task_1 2020-03-03T00:00:00+00:00 [queued]>
[2021-11-29 12:35:59,666] {taskinstance.py:1067} INFO - 
--------------------------------------------------------------------------------
[2021-11-29 12:35:59,667] {taskinstance.py:1068} INFO - Starting attempt 1 of 1
[2021-11-29 12:35:59,667] {taskinstance.py:1069} INFO - 
--------------------------------------------------------------------------------
[2021-11-29 12:35:59,852] {taskinstance.py:1087} INFO - Executing <Task(BashOperator): task_1> on 2020-03-03T00:00:00+00:00
[2021-11-29 12:35:59,885] {standard_task_runner.py:76} INFO - Running: ['airflow', 'tasks', 'run', 'parallel_dag', 'task_1', '2020-03-03T00:00:00+00:00', '--job-id', '425', '--pool', 'default_pool', '--raw', '--subdir', 'DAGS_FOLDER/parallel_dag.py', '--cfg-path', '/tmp/tmp628r26xp', '--error-file', '/tmp/tmps3hf5mm_']
[2021-11-29 12:35:59,916] {standard_task_runner.py:52} INFO - Started process 157542 to run task
[2021-11-29 12:35:59,986] {standard_task_runner.py:77} INFO - Job 425: Subtask task_1
[2021-11-29 12:36:00,692] {logging_mixin.py:104} INFO - Running <TaskInstance: parallel_dag.task_1 2020-03-03T00:00:00+00:00 [running]> on host airflowvm
[2021-11-29 12:36:01,476] {taskinstance.py:1280} INFO - Exporting the following env vars:
AIRFLOW_CTX_DAG_OWNER=airflow
AIRFLOW_CTX_DAG_ID=parallel_dag
AIRFLOW_CTX_TASK_ID=task_1
AIRFLOW_CTX_EXECUTION_DATE=2020-03-03T00:00:00+00:00
AIRFLOW_CTX_DAG_RUN_ID=scheduled__2020-03-03T00:00:00+00:00
[2021-11-29 12:36:01,489] {subprocess.py:52} INFO - Tmp dir root location: 
 /tmp
[2021-11-29 12:36:01,491] {subprocess.py:63} INFO - Running command: ['bash', '-c', 'sleep 3']
[2021-11-29 12:36:01,598] {subprocess.py:75} INFO - Output:
[2021-11-29 12:36:04,749] {subprocess.py:83} INFO - Command exited with return code 0
[2021-11-29 12:36:05,189] {taskinstance.py:1184} INFO - Marking task as SUCCESS. dag_id=parallel_dag, task_id=task_1, execution_date=20200303T000000, start_date=20211129T123559, end_date=20211129T123605
[2021-11-29 12:36:05,367] {local_task_job.py:196} WARNING - State of this instance has been externally set to success. Terminating instance.
[2021-11-29 12:36:05,373] {process_utils.py:100} INFO - Sending Signals.SIGTERM to GPID 157542
[2021-11-29 12:36:05,581] {taskinstance.py:1264} ERROR - Received SIGTERM. Terminating subprocesses.
[2021-11-29 12:36:05,581] {subprocess.py:89} INFO - Sending SIGTERM signal to process group
[2021-11-29 12:36:05,599] {process_utils.py:66} INFO - Process psutil.Process(pid=157542, status='terminated', exitcode=1, started='12:35:59') (157542) terminated with exit code 1
