[2021-11-29 12:19:12,581] {taskinstance.py:876} INFO - Dependencies all met for <TaskInstance: parallel_dag.task_1 2020-01-18T00:00:00+00:00 [queued]>
[2021-11-29 12:19:12,859] {taskinstance.py:876} INFO - Dependencies all met for <TaskInstance: parallel_dag.task_1 2020-01-18T00:00:00+00:00 [queued]>
[2021-11-29 12:19:12,867] {taskinstance.py:1067} INFO - 
--------------------------------------------------------------------------------
[2021-11-29 12:19:12,870] {taskinstance.py:1068} INFO - Starting attempt 1 of 1
[2021-11-29 12:19:12,870] {taskinstance.py:1069} INFO - 
--------------------------------------------------------------------------------
[2021-11-29 12:19:13,097] {taskinstance.py:1087} INFO - Executing <Task(BashOperator): task_1> on 2020-01-18T00:00:00+00:00
[2021-11-29 12:19:13,151] {standard_task_runner.py:52} INFO - Started process 111843 to run task
[2021-11-29 12:19:13,165] {standard_task_runner.py:76} INFO - Running: ['airflow', 'tasks', 'run', 'parallel_dag', 'task_1', '2020-01-18T00:00:00+00:00', '--job-id', '86', '--pool', 'default_pool', '--raw', '--subdir', 'DAGS_FOLDER/parallel_dag.py', '--cfg-path', '/tmp/tmp7er4gukb', '--error-file', '/tmp/tmp__fpx0by']
[2021-11-29 12:19:13,336] {standard_task_runner.py:77} INFO - Job 86: Subtask task_1
[2021-11-29 12:19:14,275] {logging_mixin.py:104} INFO - Running <TaskInstance: parallel_dag.task_1 2020-01-18T00:00:00+00:00 [running]> on host airflowvm
[2021-11-29 12:19:15,299] {taskinstance.py:1280} INFO - Exporting the following env vars:
AIRFLOW_CTX_DAG_OWNER=airflow
AIRFLOW_CTX_DAG_ID=parallel_dag
AIRFLOW_CTX_TASK_ID=task_1
AIRFLOW_CTX_EXECUTION_DATE=2020-01-18T00:00:00+00:00
AIRFLOW_CTX_DAG_RUN_ID=scheduled__2020-01-18T00:00:00+00:00
[2021-11-29 12:19:15,309] {subprocess.py:52} INFO - Tmp dir root location: 
 /tmp
[2021-11-29 12:19:15,323] {subprocess.py:63} INFO - Running command: ['bash', '-c', 'sleep 3']
[2021-11-29 12:19:15,483] {subprocess.py:75} INFO - Output:
[2021-11-29 12:19:18,811] {subprocess.py:83} INFO - Command exited with return code 0
[2021-11-29 12:19:19,302] {taskinstance.py:1184} INFO - Marking task as SUCCESS. dag_id=parallel_dag, task_id=task_1, execution_date=20200118T000000, start_date=20211129T121912, end_date=20211129T121919
[2021-11-29 12:19:20,169] {taskinstance.py:1245} INFO - 2 downstream tasks scheduled from follow-on schedule check
