[2021-11-29 12:33:23,366] {taskinstance.py:876} INFO - Dependencies all met for <TaskInstance: parallel_dag.task_1 2020-01-18T00:00:00+00:00 [queued]>
[2021-11-29 12:33:23,498] {taskinstance.py:876} INFO - Dependencies all met for <TaskInstance: parallel_dag.task_1 2020-01-18T00:00:00+00:00 [queued]>
[2021-11-29 12:33:23,499] {taskinstance.py:1067} INFO - 
--------------------------------------------------------------------------------
[2021-11-29 12:33:23,499] {taskinstance.py:1068} INFO - Starting attempt 3 of 3
[2021-11-29 12:33:23,500] {taskinstance.py:1069} INFO - 
--------------------------------------------------------------------------------
[2021-11-29 12:33:23,575] {taskinstance.py:1087} INFO - Executing <Task(BashOperator): task_1> on 2020-01-18T00:00:00+00:00
[2021-11-29 12:33:23,627] {standard_task_runner.py:52} INFO - Started process 148039 to run task
[2021-11-29 12:33:23,640] {standard_task_runner.py:76} INFO - Running: ['airflow', 'tasks', 'run', 'parallel_dag', 'task_1', '2020-01-18T00:00:00+00:00', '--job-id', '314', '--pool', 'default_pool', '--raw', '--subdir', 'DAGS_FOLDER/parallel_dag.py', '--cfg-path', '/tmp/tmp3eduumgl', '--error-file', '/tmp/tmpfp9bxofn']
[2021-11-29 12:33:23,688] {standard_task_runner.py:77} INFO - Job 314: Subtask task_1
[2021-11-29 12:33:24,238] {logging_mixin.py:104} INFO - Running <TaskInstance: parallel_dag.task_1 2020-01-18T00:00:00+00:00 [running]> on host airflowvm
[2021-11-29 12:33:24,814] {taskinstance.py:1280} INFO - Exporting the following env vars:
AIRFLOW_CTX_DAG_OWNER=airflow
AIRFLOW_CTX_DAG_ID=parallel_dag
AIRFLOW_CTX_TASK_ID=task_1
AIRFLOW_CTX_EXECUTION_DATE=2020-01-18T00:00:00+00:00
AIRFLOW_CTX_DAG_RUN_ID=scheduled__2020-01-18T00:00:00+00:00
[2021-11-29 12:33:24,830] {subprocess.py:52} INFO - Tmp dir root location: 
 /tmp
[2021-11-29 12:33:24,833] {subprocess.py:63} INFO - Running command: ['bash', '-c', 'sleep 3']
[2021-11-29 12:33:24,907] {subprocess.py:75} INFO - Output:
[2021-11-29 12:33:27,918] {subprocess.py:83} INFO - Command exited with return code 0
[2021-11-29 12:33:28,196] {taskinstance.py:1184} INFO - Marking task as SUCCESS. dag_id=parallel_dag, task_id=task_1, execution_date=20200118T000000, start_date=20211129T123323, end_date=20211129T123328
[2021-11-29 12:33:28,846] {local_task_job.py:196} WARNING - State of this instance has been externally set to success. Terminating instance.
[2021-11-29 12:33:28,907] {process_utils.py:100} INFO - Sending Signals.SIGTERM to GPID 148039
[2021-11-29 12:33:29,203] {taskinstance.py:1264} ERROR - Received SIGTERM. Terminating subprocesses.
[2021-11-29 12:33:29,203] {subprocess.py:89} INFO - Sending SIGTERM signal to process group
[2021-11-29 12:33:29,242] {process_utils.py:66} INFO - Process psutil.Process(pid=148039, status='terminated', exitcode=1, started='12:33:23') (148039) terminated with exit code 1
