[2021-11-29 12:18:50,261] {taskinstance.py:876} INFO - Dependencies all met for <TaskInstance: parallel_dag.task_4 2020-01-08T00:00:00+00:00 [queued]>
[2021-11-29 12:18:50,737] {taskinstance.py:876} INFO - Dependencies all met for <TaskInstance: parallel_dag.task_4 2020-01-08T00:00:00+00:00 [queued]>
[2021-11-29 12:18:50,738] {taskinstance.py:1067} INFO - 
--------------------------------------------------------------------------------
[2021-11-29 12:18:50,739] {taskinstance.py:1068} INFO - Starting attempt 1 of 1
[2021-11-29 12:18:50,755] {taskinstance.py:1069} INFO - 
--------------------------------------------------------------------------------
[2021-11-29 12:18:50,905] {taskinstance.py:1087} INFO - Executing <Task(BashOperator): task_4> on 2020-01-08T00:00:00+00:00
[2021-11-29 12:18:50,991] {standard_task_runner.py:52} INFO - Started process 110187 to run task
[2021-11-29 12:18:51,060] {standard_task_runner.py:76} INFO - Running: ['airflow', 'tasks', 'run', 'parallel_dag', 'task_4', '2020-01-08T00:00:00+00:00', '--job-id', '74', '--pool', 'default_pool', '--raw', '--subdir', 'DAGS_FOLDER/parallel_dag.py', '--cfg-path', '/tmp/tmpcpcsvv0y', '--error-file', '/tmp/tmp8hvgyryi']
[2021-11-29 12:18:51,132] {standard_task_runner.py:77} INFO - Job 74: Subtask task_4
[2021-11-29 12:18:52,767] {logging_mixin.py:104} INFO - Running <TaskInstance: parallel_dag.task_4 2020-01-08T00:00:00+00:00 [running]> on host airflowvm
[2021-11-29 12:18:53,903] {taskinstance.py:1280} INFO - Exporting the following env vars:
AIRFLOW_CTX_DAG_OWNER=airflow
AIRFLOW_CTX_DAG_ID=parallel_dag
AIRFLOW_CTX_TASK_ID=task_4
AIRFLOW_CTX_EXECUTION_DATE=2020-01-08T00:00:00+00:00
AIRFLOW_CTX_DAG_RUN_ID=scheduled__2020-01-08T00:00:00+00:00
[2021-11-29 12:18:53,904] {subprocess.py:52} INFO - Tmp dir root location: 
 /tmp
[2021-11-29 12:18:53,905] {subprocess.py:63} INFO - Running command: ['bash', '-c', 'sleep 3']
[2021-11-29 12:18:53,983] {subprocess.py:75} INFO - Output:
[2021-11-29 12:18:57,054] {subprocess.py:83} INFO - Command exited with return code 0
[2021-11-29 12:18:57,391] {taskinstance.py:1184} INFO - Marking task as SUCCESS. dag_id=parallel_dag, task_id=task_4, execution_date=20200108T000000, start_date=20211129T121850, end_date=20211129T121857
[2021-11-29 12:18:57,887] {taskinstance.py:1245} INFO - 0 downstream tasks scheduled from follow-on schedule check
[2021-11-29 12:18:57,937] {local_task_job.py:151} INFO - Task exited with return code 0
