[2021-11-29 12:36:20,816] {taskinstance.py:876} INFO - Dependencies all met for <TaskInstance: parallel_dag.task_1 2020-03-12T00:00:00+00:00 [queued]>
[2021-11-29 12:36:21,102] {taskinstance.py:876} INFO - Dependencies all met for <TaskInstance: parallel_dag.task_1 2020-03-12T00:00:00+00:00 [queued]>
[2021-11-29 12:36:21,137] {taskinstance.py:1067} INFO - 
--------------------------------------------------------------------------------
[2021-11-29 12:36:21,138] {taskinstance.py:1068} INFO - Starting attempt 1 of 1
[2021-11-29 12:36:21,152] {taskinstance.py:1069} INFO - 
--------------------------------------------------------------------------------
[2021-11-29 12:36:21,299] {taskinstance.py:1087} INFO - Executing <Task(BashOperator): task_1> on 2020-03-12T00:00:00+00:00
[2021-11-29 12:36:21,394] {standard_task_runner.py:52} INFO - Started process 158694 to run task
[2021-11-29 12:36:21,504] {standard_task_runner.py:76} INFO - Running: ['airflow', 'tasks', 'run', 'parallel_dag', 'task_1', '2020-03-12T00:00:00+00:00', '--job-id', '443', '--pool', 'default_pool', '--raw', '--subdir', 'DAGS_FOLDER/parallel_dag.py', '--cfg-path', '/tmp/tmpcgm6nm74', '--error-file', '/tmp/tmp00f05bs4']
[2021-11-29 12:36:21,543] {standard_task_runner.py:77} INFO - Job 443: Subtask task_1
[2021-11-29 12:36:22,674] {logging_mixin.py:104} INFO - Running <TaskInstance: parallel_dag.task_1 2020-03-12T00:00:00+00:00 [running]> on host airflowvm
[2021-11-29 12:36:24,171] {taskinstance.py:1280} INFO - Exporting the following env vars:
AIRFLOW_CTX_DAG_OWNER=airflow
AIRFLOW_CTX_DAG_ID=parallel_dag
AIRFLOW_CTX_TASK_ID=task_1
AIRFLOW_CTX_EXECUTION_DATE=2020-03-12T00:00:00+00:00
AIRFLOW_CTX_DAG_RUN_ID=scheduled__2020-03-12T00:00:00+00:00
[2021-11-29 12:36:24,184] {subprocess.py:52} INFO - Tmp dir root location: 
 /tmp
[2021-11-29 12:36:24,210] {subprocess.py:63} INFO - Running command: ['bash', '-c', 'sleep 3']
[2021-11-29 12:36:24,328] {subprocess.py:75} INFO - Output:
[2021-11-29 12:36:27,451] {subprocess.py:83} INFO - Command exited with return code 0
[2021-11-29 12:36:28,137] {taskinstance.py:1184} INFO - Marking task as SUCCESS. dag_id=parallel_dag, task_id=task_1, execution_date=20200312T000000, start_date=20211129T123620, end_date=20211129T123628
[2021-11-29 12:36:31,577] {taskinstance.py:1245} INFO - 0 downstream tasks scheduled from follow-on schedule check
[2021-11-29 12:36:31,586] {local_task_job.py:151} INFO - Task exited with return code 0
