[2021-11-29 12:18:17,698] {taskinstance.py:876} INFO - Dependencies all met for <TaskInstance: parallel_dag.task_2 2020-01-10T00:00:00+00:00 [queued]>
[2021-11-29 12:18:18,173] {taskinstance.py:876} INFO - Dependencies all met for <TaskInstance: parallel_dag.task_2 2020-01-10T00:00:00+00:00 [queued]>
[2021-11-29 12:18:18,173] {taskinstance.py:1067} INFO - 
--------------------------------------------------------------------------------
[2021-11-29 12:18:18,174] {taskinstance.py:1068} INFO - Starting attempt 1 of 1
[2021-11-29 12:18:18,174] {taskinstance.py:1069} INFO - 
--------------------------------------------------------------------------------
[2021-11-29 12:18:18,525] {taskinstance.py:1087} INFO - Executing <Task(BashOperator): task_2> on 2020-01-10T00:00:00+00:00
[2021-11-29 12:18:18,650] {standard_task_runner.py:52} INFO - Started process 108308 to run task
[2021-11-29 12:18:18,951] {standard_task_runner.py:76} INFO - Running: ['airflow', 'tasks', 'run', 'parallel_dag', 'task_2', '2020-01-10T00:00:00+00:00', '--job-id', '56', '--pool', 'default_pool', '--raw', '--subdir', 'DAGS_FOLDER/parallel_dag.py', '--cfg-path', '/tmp/tmpagr8t_nq', '--error-file', '/tmp/tmpq17umbqb']
[2021-11-29 12:18:18,979] {standard_task_runner.py:77} INFO - Job 56: Subtask task_2
[2021-11-29 12:18:20,533] {logging_mixin.py:104} INFO - Running <TaskInstance: parallel_dag.task_2 2020-01-10T00:00:00+00:00 [running]> on host airflowvm
[2021-11-29 12:18:22,736] {taskinstance.py:1280} INFO - Exporting the following env vars:
AIRFLOW_CTX_DAG_OWNER=airflow
AIRFLOW_CTX_DAG_ID=parallel_dag
AIRFLOW_CTX_TASK_ID=task_2
AIRFLOW_CTX_EXECUTION_DATE=2020-01-10T00:00:00+00:00
AIRFLOW_CTX_DAG_RUN_ID=scheduled__2020-01-10T00:00:00+00:00
[2021-11-29 12:18:22,737] {subprocess.py:52} INFO - Tmp dir root location: 
 /tmp
[2021-11-29 12:18:22,737] {subprocess.py:63} INFO - Running command: ['bash', '-c', 'sleep 3']
[2021-11-29 12:18:23,009] {subprocess.py:75} INFO - Output:
[2021-11-29 12:18:26,145] {subprocess.py:83} INFO - Command exited with return code 0
[2021-11-29 12:18:26,892] {taskinstance.py:1184} INFO - Marking task as SUCCESS. dag_id=parallel_dag, task_id=task_2, execution_date=20200110T000000, start_date=20211129T121817, end_date=20211129T121826
[2021-11-29 12:18:28,123] {taskinstance.py:1245} INFO - 0 downstream tasks scheduled from follow-on schedule check
[2021-11-29 12:18:28,311] {local_task_job.py:151} INFO - Task exited with return code 0
