[2021-11-29 12:32:44,131] {taskinstance.py:876} INFO - Dependencies all met for <TaskInstance: parallel_dag.task_2 2020-01-10T00:00:00+00:00 [queued]>
[2021-11-29 12:32:44,540] {taskinstance.py:876} INFO - Dependencies all met for <TaskInstance: parallel_dag.task_2 2020-01-10T00:00:00+00:00 [queued]>
[2021-11-29 12:32:44,541] {taskinstance.py:1067} INFO - 
--------------------------------------------------------------------------------
[2021-11-29 12:32:44,559] {taskinstance.py:1068} INFO - Starting attempt 3 of 3
[2021-11-29 12:32:44,559] {taskinstance.py:1069} INFO - 
--------------------------------------------------------------------------------
[2021-11-29 12:32:44,816] {taskinstance.py:1087} INFO - Executing <Task(BashOperator): task_2> on 2020-01-10T00:00:00+00:00
[2021-11-29 12:32:44,822] {standard_task_runner.py:76} INFO - Running: ['airflow', 'tasks', 'run', 'parallel_dag', 'task_2', '2020-01-10T00:00:00+00:00', '--job-id', '291', '--pool', 'default_pool', '--raw', '--subdir', 'DAGS_FOLDER/parallel_dag.py', '--cfg-path', '/tmp/tmp3vxnqdkp', '--error-file', '/tmp/tmpygabfanp']
[2021-11-29 12:32:44,823] {standard_task_runner.py:77} INFO - Job 291: Subtask task_2
[2021-11-29 12:32:44,938] {standard_task_runner.py:52} INFO - Started process 145423 to run task
[2021-11-29 12:32:46,438] {logging_mixin.py:104} INFO - Running <TaskInstance: parallel_dag.task_2 2020-01-10T00:00:00+00:00 [running]> on host airflowvm
[2021-11-29 12:32:47,825] {taskinstance.py:1280} INFO - Exporting the following env vars:
AIRFLOW_CTX_DAG_OWNER=airflow
AIRFLOW_CTX_DAG_ID=parallel_dag
AIRFLOW_CTX_TASK_ID=task_2
AIRFLOW_CTX_EXECUTION_DATE=2020-01-10T00:00:00+00:00
AIRFLOW_CTX_DAG_RUN_ID=scheduled__2020-01-10T00:00:00+00:00
[2021-11-29 12:32:47,825] {subprocess.py:52} INFO - Tmp dir root location: 
 /tmp
[2021-11-29 12:32:47,826] {subprocess.py:63} INFO - Running command: ['bash', '-c', 'sleep 3']
[2021-11-29 12:32:48,022] {subprocess.py:75} INFO - Output:
[2021-11-29 12:32:51,193] {subprocess.py:83} INFO - Command exited with return code 0
[2021-11-29 12:32:52,078] {taskinstance.py:1184} INFO - Marking task as SUCCESS. dag_id=parallel_dag, task_id=task_2, execution_date=20200110T000000, start_date=20211129T123244, end_date=20211129T123252
[2021-11-29 12:32:54,045] {taskinstance.py:1245} INFO - 0 downstream tasks scheduled from follow-on schedule check
[2021-11-29 12:32:54,052] {local_task_job.py:151} INFO - Task exited with return code 0
