[2021-11-29 12:36:25,283] {taskinstance.py:876} INFO - Dependencies all met for <TaskInstance: parallel_dag.task_3 2020-03-07T00:00:00+00:00 [queued]>
[2021-11-29 12:36:25,478] {taskinstance.py:876} INFO - Dependencies all met for <TaskInstance: parallel_dag.task_3 2020-03-07T00:00:00+00:00 [queued]>
[2021-11-29 12:36:25,479] {taskinstance.py:1067} INFO - 
--------------------------------------------------------------------------------
[2021-11-29 12:36:25,479] {taskinstance.py:1068} INFO - Starting attempt 1 of 1
[2021-11-29 12:36:25,479] {taskinstance.py:1069} INFO - 
--------------------------------------------------------------------------------
[2021-11-29 12:36:25,573] {taskinstance.py:1087} INFO - Executing <Task(BashOperator): task_3> on 2020-03-07T00:00:00+00:00
[2021-11-29 12:36:25,761] {standard_task_runner.py:52} INFO - Started process 158967 to run task
[2021-11-29 12:36:25,863] {standard_task_runner.py:76} INFO - Running: ['airflow', 'tasks', 'run', 'parallel_dag', 'task_3', '2020-03-07T00:00:00+00:00', '--job-id', '446', '--pool', 'default_pool', '--raw', '--subdir', 'DAGS_FOLDER/parallel_dag.py', '--cfg-path', '/tmp/tmpy95ejghr', '--error-file', '/tmp/tmp4i5hxjf2']
[2021-11-29 12:36:25,864] {standard_task_runner.py:77} INFO - Job 446: Subtask task_3
[2021-11-29 12:36:27,591] {logging_mixin.py:104} INFO - Running <TaskInstance: parallel_dag.task_3 2020-03-07T00:00:00+00:00 [running]> on host airflowvm
[2021-11-29 12:36:29,165] {taskinstance.py:1280} INFO - Exporting the following env vars:
AIRFLOW_CTX_DAG_OWNER=airflow
AIRFLOW_CTX_DAG_ID=parallel_dag
AIRFLOW_CTX_TASK_ID=task_3
AIRFLOW_CTX_EXECUTION_DATE=2020-03-07T00:00:00+00:00
AIRFLOW_CTX_DAG_RUN_ID=scheduled__2020-03-07T00:00:00+00:00
[2021-11-29 12:36:29,166] {subprocess.py:52} INFO - Tmp dir root location: 
 /tmp
[2021-11-29 12:36:29,167] {subprocess.py:63} INFO - Running command: ['bash', '-c', 'sleep 3']
[2021-11-29 12:36:29,285] {subprocess.py:75} INFO - Output:
[2021-11-29 12:36:32,398] {subprocess.py:83} INFO - Command exited with return code 0
[2021-11-29 12:36:33,005] {taskinstance.py:1184} INFO - Marking task as SUCCESS. dag_id=parallel_dag, task_id=task_3, execution_date=20200307T000000, start_date=20211129T123625, end_date=20211129T123633
[2021-11-29 12:36:37,487] {local_task_job.py:196} WARNING - State of this instance has been externally set to success. Terminating instance.
[2021-11-29 12:36:37,495] {process_utils.py:100} INFO - Sending Signals.SIGTERM to GPID 158967
[2021-11-29 12:36:38,165] {taskinstance.py:1264} ERROR - Received SIGTERM. Terminating subprocesses.
[2021-11-29 12:36:38,165] {subprocess.py:89} INFO - Sending SIGTERM signal to process group
[2021-11-29 12:36:38,191] {process_utils.py:66} INFO - Process psutil.Process(pid=158967, status='terminated', exitcode=1, started='12:36:25') (158967) terminated with exit code 1
