[2021-11-20 12:20:04,703] {taskinstance.py:896} INFO - Dependencies all met for <TaskInstance: example_bash_operator.also_run_this 2021-11-19T00:00:00+00:00 [queued]>
[2021-11-20 12:20:04,708] {taskinstance.py:896} INFO - Dependencies all met for <TaskInstance: example_bash_operator.also_run_this 2021-11-19T00:00:00+00:00 [queued]>
[2021-11-20 12:20:04,708] {taskinstance.py:1087} INFO - 
--------------------------------------------------------------------------------
[2021-11-20 12:20:04,708] {taskinstance.py:1088} INFO - Starting attempt 1 of 1
[2021-11-20 12:20:04,708] {taskinstance.py:1089} INFO - 
--------------------------------------------------------------------------------
[2021-11-20 12:20:04,723] {taskinstance.py:1107} INFO - Executing <Task(BashOperator): also_run_this> on 2021-11-19T00:00:00+00:00
[2021-11-20 12:20:04,724] {standard_task_runner.py:52} INFO - Started process 6792 to run task
[2021-11-20 12:20:04,737] {standard_task_runner.py:76} INFO - Running: ['airflow', 'tasks', 'run', 'example_bash_operator', 'also_run_this', '2021-11-19T00:00:00+00:00', '--job-id', '11', '--pool', 'default_pool', '--raw', '--subdir', '/home/airflow/sandbox/lib/python3.8/site-packages/airflow/example_dags/example_bash_operator.py', '--cfg-path', '/tmp/tmp0mwm_3kh', '--error-file', '/tmp/tmptv0902sc']
[2021-11-20 12:20:04,738] {standard_task_runner.py:77} INFO - Job 11: Subtask also_run_this
[2021-11-20 12:20:04,795] {logging_mixin.py:104} INFO - Running <TaskInstance: example_bash_operator.also_run_this 2021-11-19T00:00:00+00:00 [running]> on host airflowvm
[2021-11-20 12:20:04,902] {taskinstance.py:1300} INFO - Exporting the following env vars:
AIRFLOW_CTX_DAG_OWNER=airflow
AIRFLOW_CTX_DAG_ID=example_bash_operator
AIRFLOW_CTX_TASK_ID=also_run_this
AIRFLOW_CTX_EXECUTION_DATE=2021-11-19T00:00:00+00:00
AIRFLOW_CTX_DAG_RUN_ID=scheduled__2021-11-19T00:00:00+00:00
[2021-11-20 12:20:04,903] {subprocess.py:52} INFO - Tmp dir root location: 
 /tmp
[2021-11-20 12:20:04,903] {subprocess.py:63} INFO - Running command: ['bash', '-c', 'echo "run_id=scheduled__2021-11-19T00:00:00+00:00 | dag_run=<DagRun example_bash_operator @ 2021-11-19 00:00:00+00:00: scheduled__2021-11-19T00:00:00+00:00, externally triggered: False>"']
[2021-11-20 12:20:04,907] {subprocess.py:75} INFO - Output:
[2021-11-20 12:20:04,909] {subprocess.py:79} INFO - run_id=scheduled__2021-11-19T00:00:00+00:00 | dag_run=<DagRun example_bash_operator @ 2021-11-19 00:00:00+00:00: scheduled__2021-11-19T00:00:00+00:00, externally triggered: False>
[2021-11-20 12:20:04,910] {subprocess.py:83} INFO - Command exited with return code 0
[2021-11-20 12:20:04,926] {taskinstance.py:1204} INFO - Marking task as SUCCESS. dag_id=example_bash_operator, task_id=also_run_this, execution_date=20211119T000000, start_date=20211120T122004, end_date=20211120T122004
[2021-11-20 12:20:04,948] {taskinstance.py:1265} INFO - 0 downstream tasks scheduled from follow-on schedule check
[2021-11-20 12:20:04,973] {local_task_job.py:151} INFO - Task exited with return code 0
