[2021-11-29 12:17:56,547] {taskinstance.py:876} INFO - Dependencies all met for <TaskInstance: parallel_dag.task_3 2020-01-01T00:00:00+00:00 [queued]>
[2021-11-29 12:17:57,003] {taskinstance.py:876} INFO - Dependencies all met for <TaskInstance: parallel_dag.task_3 2020-01-01T00:00:00+00:00 [queued]>
[2021-11-29 12:17:57,003] {taskinstance.py:1067} INFO - 
--------------------------------------------------------------------------------
[2021-11-29 12:17:57,003] {taskinstance.py:1068} INFO - Starting attempt 1 of 1
[2021-11-29 12:17:57,003] {taskinstance.py:1069} INFO - 
--------------------------------------------------------------------------------
[2021-11-29 12:17:57,270] {taskinstance.py:1087} INFO - Executing <Task(BashOperator): task_3> on 2020-01-01T00:00:00+00:00
[2021-11-29 12:17:57,326] {standard_task_runner.py:76} INFO - Running: ['airflow', 'tasks', 'run', 'parallel_dag', 'task_3', '2020-01-01T00:00:00+00:00', '--job-id', '31', '--pool', 'default_pool', '--raw', '--subdir', 'DAGS_FOLDER/parallel_dag.py', '--cfg-path', '/tmp/tmpkk6qny0f', '--error-file', '/tmp/tmpdk_6s351']
[2021-11-29 12:17:57,327] {standard_task_runner.py:77} INFO - Job 31: Subtask task_3
[2021-11-29 12:17:57,405] {standard_task_runner.py:52} INFO - Started process 107014 to run task
[2021-11-29 12:17:58,992] {logging_mixin.py:104} INFO - Running <TaskInstance: parallel_dag.task_3 2020-01-01T00:00:00+00:00 [running]> on host airflowvm
[2021-11-29 12:18:00,604] {taskinstance.py:1280} INFO - Exporting the following env vars:
AIRFLOW_CTX_DAG_OWNER=airflow
AIRFLOW_CTX_DAG_ID=parallel_dag
AIRFLOW_CTX_TASK_ID=task_3
AIRFLOW_CTX_EXECUTION_DATE=2020-01-01T00:00:00+00:00
AIRFLOW_CTX_DAG_RUN_ID=scheduled__2020-01-01T00:00:00+00:00
[2021-11-29 12:18:00,633] {subprocess.py:52} INFO - Tmp dir root location: 
 /tmp
[2021-11-29 12:18:00,633] {subprocess.py:63} INFO - Running command: ['bash', '-c', 'sleep 3']
[2021-11-29 12:18:00,767] {subprocess.py:75} INFO - Output:
[2021-11-29 12:18:03,850] {subprocess.py:83} INFO - Command exited with return code 0
[2021-11-29 12:18:04,406] {taskinstance.py:1184} INFO - Marking task as SUCCESS. dag_id=parallel_dag, task_id=task_3, execution_date=20200101T000000, start_date=20211129T121756, end_date=20211129T121804
[2021-11-29 12:18:06,893] {taskinstance.py:1245} INFO - 0 downstream tasks scheduled from follow-on schedule check
[2021-11-29 12:18:07,067] {local_task_job.py:151} INFO - Task exited with return code 0
