[2021-11-29 10:00:15,498] {taskinstance.py:876} INFO - Dependencies all met for <TaskInstance: parallel_dag.task_3 2021-11-29T09:59:29.346844+00:00 [queued]>
[2021-11-29 10:00:15,659] {taskinstance.py:876} INFO - Dependencies all met for <TaskInstance: parallel_dag.task_3 2021-11-29T09:59:29.346844+00:00 [queued]>
[2021-11-29 10:00:15,662] {taskinstance.py:1067} INFO - 
--------------------------------------------------------------------------------
[2021-11-29 10:00:15,688] {taskinstance.py:1068} INFO - Starting attempt 1 of 1
[2021-11-29 10:00:15,766] {taskinstance.py:1069} INFO - 
--------------------------------------------------------------------------------
[2021-11-29 10:00:16,304] {taskinstance.py:1087} INFO - Executing <Task(BashOperator): task_3> on 2021-11-29T09:59:29.346844+00:00
[2021-11-29 10:00:16,568] {standard_task_runner.py:52} INFO - Started process 72522 to run task
[2021-11-29 10:00:17,024] {standard_task_runner.py:76} INFO - Running: ['airflow', 'tasks', 'run', 'parallel_dag', 'task_3', '2021-11-29T09:59:29.346844+00:00', '--job-id', '13', '--pool', 'default_pool', '--raw', '--subdir', 'DAGS_FOLDER/parallel_dag.py', '--cfg-path', '/tmp/tmpa7od7qoy', '--error-file', '/tmp/tmp80gq3us_']
[2021-11-29 10:00:17,058] {standard_task_runner.py:77} INFO - Job 13: Subtask task_3
[2021-11-29 10:00:18,842] {logging_mixin.py:104} INFO - Running <TaskInstance: parallel_dag.task_3 2021-11-29T09:59:29.346844+00:00 [running]> on host airflowvm
[2021-11-29 10:00:21,688] {taskinstance.py:1280} INFO - Exporting the following env vars:
AIRFLOW_CTX_DAG_OWNER=airflow
AIRFLOW_CTX_DAG_ID=parallel_dag
AIRFLOW_CTX_TASK_ID=task_3
AIRFLOW_CTX_EXECUTION_DATE=2021-11-29T09:59:29.346844+00:00
AIRFLOW_CTX_DAG_RUN_ID=manual__2021-11-29T09:59:29.346844+00:00
[2021-11-29 10:00:21,805] {subprocess.py:52} INFO - Tmp dir root location: 
 /tmp
[2021-11-29 10:00:21,819] {subprocess.py:63} INFO - Running command: ['bash', '-c', 'sleep 3']
[2021-11-29 10:00:22,477] {subprocess.py:75} INFO - Output:
[2021-11-29 10:00:26,123] {subprocess.py:83} INFO - Command exited with return code 0
[2021-11-29 10:00:27,392] {taskinstance.py:1184} INFO - Marking task as SUCCESS. dag_id=parallel_dag, task_id=task_3, execution_date=20211129T095929, start_date=20211129T100015, end_date=20211129T100027
[2021-11-29 10:00:28,647] {taskinstance.py:1245} INFO - 0 downstream tasks scheduled from follow-on schedule check
[2021-11-29 10:00:28,762] {local_task_job.py:151} INFO - Task exited with return code 0
