[2021-11-29 12:37:21,180] {taskinstance.py:876} INFO - Dependencies all met for <TaskInstance: parallel_dag.task_4 2020-03-16T00:00:00+00:00 [queued]>
[2021-11-29 12:37:21,484] {taskinstance.py:876} INFO - Dependencies all met for <TaskInstance: parallel_dag.task_4 2020-03-16T00:00:00+00:00 [queued]>
[2021-11-29 12:37:21,497] {taskinstance.py:1067} INFO - 
--------------------------------------------------------------------------------
[2021-11-29 12:37:21,497] {taskinstance.py:1068} INFO - Starting attempt 1 of 1
[2021-11-29 12:37:21,497] {taskinstance.py:1069} INFO - 
--------------------------------------------------------------------------------
[2021-11-29 12:37:21,709] {taskinstance.py:1087} INFO - Executing <Task(BashOperator): task_4> on 2020-03-16T00:00:00+00:00
[2021-11-29 12:37:21,830] {standard_task_runner.py:52} INFO - Started process 162525 to run task
[2021-11-29 12:37:21,872] {standard_task_runner.py:76} INFO - Running: ['airflow', 'tasks', 'run', 'parallel_dag', 'task_4', '2020-03-16T00:00:00+00:00', '--job-id', '487', '--pool', 'default_pool', '--raw', '--subdir', 'DAGS_FOLDER/parallel_dag.py', '--cfg-path', '/tmp/tmpk62l1ob2', '--error-file', '/tmp/tmpkqqd40_d']
[2021-11-29 12:37:21,873] {standard_task_runner.py:77} INFO - Job 487: Subtask task_4
[2021-11-29 12:37:22,849] {logging_mixin.py:104} INFO - Running <TaskInstance: parallel_dag.task_4 2020-03-16T00:00:00+00:00 [running]> on host airflowvm
[2021-11-29 12:37:23,689] {taskinstance.py:1280} INFO - Exporting the following env vars:
AIRFLOW_CTX_DAG_OWNER=airflow
AIRFLOW_CTX_DAG_ID=parallel_dag
AIRFLOW_CTX_TASK_ID=task_4
AIRFLOW_CTX_EXECUTION_DATE=2020-03-16T00:00:00+00:00
AIRFLOW_CTX_DAG_RUN_ID=scheduled__2020-03-16T00:00:00+00:00
[2021-11-29 12:37:23,693] {subprocess.py:52} INFO - Tmp dir root location: 
 /tmp
[2021-11-29 12:37:23,695] {subprocess.py:63} INFO - Running command: ['bash', '-c', 'sleep 3']
[2021-11-29 12:37:23,851] {subprocess.py:75} INFO - Output:
[2021-11-29 12:37:26,974] {subprocess.py:83} INFO - Command exited with return code 0
[2021-11-29 12:37:27,542] {taskinstance.py:1184} INFO - Marking task as SUCCESS. dag_id=parallel_dag, task_id=task_4, execution_date=20200316T000000, start_date=20211129T123721, end_date=20211129T123727
[2021-11-29 12:37:28,651] {taskinstance.py:1245} INFO - 0 downstream tasks scheduled from follow-on schedule check
[2021-11-29 12:37:28,751] {local_task_job.py:151} INFO - Task exited with return code 0
