[2021-12-06 13:58:53,026] {taskinstance.py:876} INFO - Dependencies all met for <TaskInstance: xcom_dag.processing_tasks.training_model_a 2021-12-06T13:58:27.214034+00:00 [queued]>
[2021-12-06 13:58:53,341] {taskinstance.py:876} INFO - Dependencies all met for <TaskInstance: xcom_dag.processing_tasks.training_model_a 2021-12-06T13:58:27.214034+00:00 [queued]>
[2021-12-06 13:58:53,342] {taskinstance.py:1067} INFO - 
--------------------------------------------------------------------------------
[2021-12-06 13:58:53,350] {taskinstance.py:1068} INFO - Starting attempt 1 of 1
[2021-12-06 13:58:53,358] {taskinstance.py:1069} INFO - 
--------------------------------------------------------------------------------
[2021-12-06 13:58:53,556] {taskinstance.py:1087} INFO - Executing <Task(PythonOperator): processing_tasks.training_model_a> on 2021-12-06T13:58:27.214034+00:00
[2021-12-06 13:58:53,620] {standard_task_runner.py:52} INFO - Started process 66382 to run task
[2021-12-06 13:58:53,683] {standard_task_runner.py:76} INFO - Running: ['airflow', 'tasks', 'run', 'xcom_dag', 'processing_tasks.training_model_a', '2021-12-06T13:58:27.214034+00:00', '--job-id', '778', '--pool', 'default_pool', '--raw', '--subdir', 'DAGS_FOLDER/xcom_dag.py', '--cfg-path', '/tmp/tmpcc0c286f', '--error-file', '/tmp/tmpb4vil243']
[2021-12-06 13:58:53,740] {standard_task_runner.py:77} INFO - Job 778: Subtask processing_tasks.training_model_a
[2021-12-06 13:58:54,765] {logging_mixin.py:104} INFO - Running <TaskInstance: xcom_dag.processing_tasks.training_model_a 2021-12-06T13:58:27.214034+00:00 [running]> on host airflowvm
[2021-12-06 13:58:57,669] {taskinstance.py:1280} INFO - Exporting the following env vars:
AIRFLOW_CTX_DAG_OWNER=airflow
AIRFLOW_CTX_DAG_ID=xcom_dag
AIRFLOW_CTX_TASK_ID=processing_tasks.training_model_a
AIRFLOW_CTX_EXECUTION_DATE=2021-12-06T13:58:27.214034+00:00
AIRFLOW_CTX_DAG_RUN_ID=manual__2021-12-06T13:58:27.214034+00:00
[2021-12-06 13:58:57,676] {logging_mixin.py:104} INFO - model's accuracy: 8.94600268567011
[2021-12-06 13:58:58,176] {python.py:151} INFO - Done. Returned value was: None
[2021-12-06 13:58:58,548] {taskinstance.py:1184} INFO - Marking task as SUCCESS. dag_id=xcom_dag, task_id=processing_tasks.training_model_a, execution_date=20211206T135827, start_date=20211206T135853, end_date=20211206T135858
[2021-12-06 13:58:59,975] {taskinstance.py:1245} INFO - 0 downstream tasks scheduled from follow-on schedule check
[2021-12-06 13:59:00,029] {local_task_job.py:196} WARNING - State of this instance has been externally set to success. Terminating instance.
[2021-12-06 13:59:00,040] {process_utils.py:100} INFO - Sending Signals.SIGTERM to GPID 66382
[2021-12-06 13:59:00,353] {process_utils.py:66} INFO - Process psutil.Process(pid=66382, status='terminated', exitcode=0, started='13:58:52') (66382) terminated with exit code 0
