[2021-11-20 12:19:47,272] {taskinstance.py:896} INFO - Dependencies all met for <TaskInstance: example_bash_operator.runme_1 2021-11-18T00:00:00+00:00 [queued]>
[2021-11-20 12:19:47,278] {taskinstance.py:896} INFO - Dependencies all met for <TaskInstance: example_bash_operator.runme_1 2021-11-18T00:00:00+00:00 [queued]>
[2021-11-20 12:19:47,278] {taskinstance.py:1087} INFO - 
--------------------------------------------------------------------------------
[2021-11-20 12:19:47,278] {taskinstance.py:1088} INFO - Starting attempt 1 of 1
[2021-11-20 12:19:47,278] {taskinstance.py:1089} INFO - 
--------------------------------------------------------------------------------
[2021-11-20 12:19:47,292] {taskinstance.py:1107} INFO - Executing <Task(BashOperator): runme_1> on 2021-11-18T00:00:00+00:00
[2021-11-20 12:19:47,293] {standard_task_runner.py:52} INFO - Started process 6628 to run task
[2021-11-20 12:19:47,302] {standard_task_runner.py:76} INFO - Running: ['airflow', 'tasks', 'run', 'example_bash_operator', 'runme_1', '2021-11-18T00:00:00+00:00', '--job-id', '3', '--pool', 'default_pool', '--raw', '--subdir', '/home/airflow/sandbox/lib/python3.8/site-packages/airflow/example_dags/example_bash_operator.py', '--cfg-path', '/tmp/tmpk0piock5', '--error-file', '/tmp/tmpa7jf46k0']
[2021-11-20 12:19:47,302] {standard_task_runner.py:77} INFO - Job 3: Subtask runme_1
[2021-11-20 12:19:47,356] {logging_mixin.py:104} INFO - Running <TaskInstance: example_bash_operator.runme_1 2021-11-18T00:00:00+00:00 [running]> on host airflowvm
[2021-11-20 12:19:47,501] {taskinstance.py:1300} INFO - Exporting the following env vars:
AIRFLOW_CTX_DAG_OWNER=airflow
AIRFLOW_CTX_DAG_ID=example_bash_operator
AIRFLOW_CTX_TASK_ID=runme_1
AIRFLOW_CTX_EXECUTION_DATE=2021-11-18T00:00:00+00:00
AIRFLOW_CTX_DAG_RUN_ID=scheduled__2021-11-18T00:00:00+00:00
[2021-11-20 12:19:47,501] {subprocess.py:52} INFO - Tmp dir root location: 
 /tmp
[2021-11-20 12:19:47,502] {subprocess.py:63} INFO - Running command: ['bash', '-c', 'echo "example_bash_operator__runme_1__20211118" && sleep 1']
[2021-11-20 12:19:47,506] {subprocess.py:75} INFO - Output:
[2021-11-20 12:19:47,509] {subprocess.py:79} INFO - example_bash_operator__runme_1__20211118
[2021-11-20 12:19:48,513] {subprocess.py:83} INFO - Command exited with return code 0
[2021-11-20 12:19:48,536] {taskinstance.py:1204} INFO - Marking task as SUCCESS. dag_id=example_bash_operator, task_id=runme_1, execution_date=20211118T000000, start_date=20211120T121947, end_date=20211120T121948
[2021-11-20 12:19:48,557] {taskinstance.py:1265} INFO - 0 downstream tasks scheduled from follow-on schedule check
[2021-11-20 12:19:48,597] {local_task_job.py:151} INFO - Task exited with return code 0
