[2021-11-29 12:37:57,950] {taskinstance.py:876} INFO - Dependencies all met for <TaskInstance: parallel_dag.task_3 2020-03-22T00:00:00+00:00 [queued]>
[2021-11-29 12:37:58,231] {taskinstance.py:876} INFO - Dependencies all met for <TaskInstance: parallel_dag.task_3 2020-03-22T00:00:00+00:00 [queued]>
[2021-11-29 12:37:58,246] {taskinstance.py:1067} INFO - 
--------------------------------------------------------------------------------
[2021-11-29 12:37:58,252] {taskinstance.py:1068} INFO - Starting attempt 1 of 1
[2021-11-29 12:37:58,255] {taskinstance.py:1069} INFO - 
--------------------------------------------------------------------------------
[2021-11-29 12:37:58,454] {taskinstance.py:1087} INFO - Executing <Task(BashOperator): task_3> on 2020-03-22T00:00:00+00:00
[2021-11-29 12:37:58,515] {standard_task_runner.py:76} INFO - Running: ['airflow', 'tasks', 'run', 'parallel_dag', 'task_3', '2020-03-22T00:00:00+00:00', '--job-id', '513', '--pool', 'default_pool', '--raw', '--subdir', 'DAGS_FOLDER/parallel_dag.py', '--cfg-path', '/tmp/tmp2krrdy_s', '--error-file', '/tmp/tmpp1xiq21o']
[2021-11-29 12:37:58,516] {standard_task_runner.py:77} INFO - Job 513: Subtask task_3
[2021-11-29 12:37:58,567] {standard_task_runner.py:52} INFO - Started process 164613 to run task
[2021-11-29 12:38:00,313] {logging_mixin.py:104} INFO - Running <TaskInstance: parallel_dag.task_3 2020-03-22T00:00:00+00:00 [running]> on host airflowvm
[2021-11-29 12:38:01,794] {taskinstance.py:1280} INFO - Exporting the following env vars:
AIRFLOW_CTX_DAG_OWNER=airflow
AIRFLOW_CTX_DAG_ID=parallel_dag
AIRFLOW_CTX_TASK_ID=task_3
AIRFLOW_CTX_EXECUTION_DATE=2020-03-22T00:00:00+00:00
AIRFLOW_CTX_DAG_RUN_ID=scheduled__2020-03-22T00:00:00+00:00
[2021-11-29 12:38:01,798] {subprocess.py:52} INFO - Tmp dir root location: 
 /tmp
[2021-11-29 12:38:01,801] {subprocess.py:63} INFO - Running command: ['bash', '-c', 'sleep 3']
[2021-11-29 12:38:01,958] {subprocess.py:75} INFO - Output:
[2021-11-29 12:38:05,163] {subprocess.py:83} INFO - Command exited with return code 0
[2021-11-29 12:38:05,937] {taskinstance.py:1184} INFO - Marking task as SUCCESS. dag_id=parallel_dag, task_id=task_3, execution_date=20200322T000000, start_date=20211129T123757, end_date=20211129T123805
[2021-11-29 12:38:08,468] {taskinstance.py:1245} INFO - 0 downstream tasks scheduled from follow-on schedule check
[2021-11-29 12:38:08,758] {local_task_job.py:151} INFO - Task exited with return code 0
