[2021-11-28 06:28:14,800] {taskinstance.py:876} INFO - Dependencies all met for <TaskInstance: parallel_dag.task_4 2021-11-28T06:27:19.516989+00:00 [queued]>
[2021-11-28 06:28:15,003] {taskinstance.py:876} INFO - Dependencies all met for <TaskInstance: parallel_dag.task_4 2021-11-28T06:27:19.516989+00:00 [queued]>
[2021-11-28 06:28:15,018] {taskinstance.py:1067} INFO - 
--------------------------------------------------------------------------------
[2021-11-28 06:28:15,019] {taskinstance.py:1068} INFO - Starting attempt 1 of 1
[2021-11-28 06:28:15,033] {taskinstance.py:1069} INFO - 
--------------------------------------------------------------------------------
[2021-11-28 06:28:15,294] {taskinstance.py:1087} INFO - Executing <Task(BashOperator): task_4> on 2021-11-28T06:27:19.516989+00:00
[2021-11-28 06:28:15,383] {standard_task_runner.py:52} INFO - Started process 35436 to run task
[2021-11-28 06:28:15,595] {standard_task_runner.py:76} INFO - Running: ['airflow', 'tasks', 'run', 'parallel_dag', 'task_4', '2021-11-28T06:27:19.516989+00:00', '--job-id', '9', '--pool', 'default_pool', '--raw', '--subdir', 'DAGS_FOLDER/parallel_dag.py', '--cfg-path', '/tmp/tmpd2n7mk7p', '--error-file', '/tmp/tmprv2m73vb']
[2021-11-28 06:28:15,618] {standard_task_runner.py:77} INFO - Job 9: Subtask task_4
[2021-11-28 06:28:16,483] {logging_mixin.py:104} INFO - Running <TaskInstance: parallel_dag.task_4 2021-11-28T06:27:19.516989+00:00 [running]> on host airflowvm
[2021-11-28 06:28:17,196] {taskinstance.py:1280} INFO - Exporting the following env vars:
AIRFLOW_CTX_DAG_OWNER=airflow
AIRFLOW_CTX_DAG_ID=parallel_dag
AIRFLOW_CTX_TASK_ID=task_4
AIRFLOW_CTX_EXECUTION_DATE=2021-11-28T06:27:19.516989+00:00
AIRFLOW_CTX_DAG_RUN_ID=manual__2021-11-28T06:27:19.516989+00:00
[2021-11-28 06:28:17,199] {subprocess.py:52} INFO - Tmp dir root location: 
 /tmp
[2021-11-28 06:28:17,237] {subprocess.py:63} INFO - Running command: ['bash', '-c', 'sleep 3']
[2021-11-28 06:28:17,347] {subprocess.py:75} INFO - Output:
[2021-11-28 06:28:20,504] {subprocess.py:83} INFO - Command exited with return code 0
[2021-11-28 06:28:21,018] {taskinstance.py:1184} INFO - Marking task as SUCCESS. dag_id=parallel_dag, task_id=task_4, execution_date=20211128T062719, start_date=20211128T062814, end_date=20211128T062821
[2021-11-28 06:28:21,434] {taskinstance.py:1245} INFO - 0 downstream tasks scheduled from follow-on schedule check
[2021-11-28 06:28:21,492] {local_task_job.py:151} INFO - Task exited with return code 0
