[2021-11-29 12:35:22,009] {taskinstance.py:876} INFO - Dependencies all met for <TaskInstance: parallel_dag.task_1 2020-03-01T00:00:00+00:00 [queued]>
[2021-11-29 12:35:22,554] {taskinstance.py:876} INFO - Dependencies all met for <TaskInstance: parallel_dag.task_1 2020-03-01T00:00:00+00:00 [queued]>
[2021-11-29 12:35:22,555] {taskinstance.py:1067} INFO - 
--------------------------------------------------------------------------------
[2021-11-29 12:35:22,555] {taskinstance.py:1068} INFO - Starting attempt 1 of 1
[2021-11-29 12:35:22,556] {taskinstance.py:1069} INFO - 
--------------------------------------------------------------------------------
[2021-11-29 12:35:23,271] {taskinstance.py:1087} INFO - Executing <Task(BashOperator): task_1> on 2020-03-01T00:00:00+00:00
[2021-11-29 12:35:23,348] {standard_task_runner.py:76} INFO - Running: ['airflow', 'tasks', 'run', 'parallel_dag', 'task_1', '2020-03-01T00:00:00+00:00', '--job-id', '405', '--pool', 'default_pool', '--raw', '--subdir', 'DAGS_FOLDER/parallel_dag.py', '--cfg-path', '/tmp/tmpj7pf7hve', '--error-file', '/tmp/tmpk4go5sdd']
[2021-11-29 12:35:23,435] {standard_task_runner.py:52} INFO - Started process 155248 to run task
[2021-11-29 12:35:23,634] {standard_task_runner.py:77} INFO - Job 405: Subtask task_1
[2021-11-29 12:35:25,358] {logging_mixin.py:104} INFO - Running <TaskInstance: parallel_dag.task_1 2020-03-01T00:00:00+00:00 [running]> on host airflowvm
[2021-11-29 12:35:26,781] {taskinstance.py:1280} INFO - Exporting the following env vars:
AIRFLOW_CTX_DAG_OWNER=airflow
AIRFLOW_CTX_DAG_ID=parallel_dag
AIRFLOW_CTX_TASK_ID=task_1
AIRFLOW_CTX_EXECUTION_DATE=2020-03-01T00:00:00+00:00
AIRFLOW_CTX_DAG_RUN_ID=scheduled__2020-03-01T00:00:00+00:00
[2021-11-29 12:35:26,782] {subprocess.py:52} INFO - Tmp dir root location: 
 /tmp
[2021-11-29 12:35:26,783] {subprocess.py:63} INFO - Running command: ['bash', '-c', 'sleep 3']
[2021-11-29 12:35:26,993] {subprocess.py:75} INFO - Output:
[2021-11-29 12:35:30,261] {subprocess.py:83} INFO - Command exited with return code 0
[2021-11-29 12:35:30,679] {taskinstance.py:1184} INFO - Marking task as SUCCESS. dag_id=parallel_dag, task_id=task_1, execution_date=20200301T000000, start_date=20211129T123522, end_date=20211129T123530
[2021-11-29 12:35:31,532] {taskinstance.py:1245} INFO - 2 downstream tasks scheduled from follow-on schedule check
[2021-11-29 12:35:31,541] {local_task_job.py:151} INFO - Task exited with return code 0
