[2021-12-06 13:50:46,530] {taskinstance.py:876} INFO - Dependencies all met for <TaskInstance: trigger_rule.task_1 2021-12-06T13:50:40.168394+00:00 [queued]>
[2021-12-06 13:50:47,009] {taskinstance.py:876} INFO - Dependencies all met for <TaskInstance: trigger_rule.task_1 2021-12-06T13:50:40.168394+00:00 [queued]>
[2021-12-06 13:50:47,021] {taskinstance.py:1067} INFO - 
--------------------------------------------------------------------------------
[2021-12-06 13:50:47,022] {taskinstance.py:1068} INFO - Starting attempt 1 of 1
[2021-12-06 13:50:47,023] {taskinstance.py:1069} INFO - 
--------------------------------------------------------------------------------
[2021-12-06 13:50:47,358] {taskinstance.py:1087} INFO - Executing <Task(BashOperator): task_1> on 2021-12-06T13:50:40.168394+00:00
[2021-12-06 13:50:47,603] {standard_task_runner.py:52} INFO - Started process 58961 to run task
[2021-12-06 13:50:47,789] {standard_task_runner.py:76} INFO - Running: ['airflow', 'tasks', 'run', 'trigger_rule', 'task_1', '2021-12-06T13:50:40.168394+00:00', '--job-id', '760', '--pool', 'default_pool', '--raw', '--subdir', 'DAGS_FOLDER/trigger_rule.py', '--cfg-path', '/tmp/tmpx31ukh_g', '--error-file', '/tmp/tmpty5njj6e']
[2021-12-06 13:50:47,873] {standard_task_runner.py:77} INFO - Job 760: Subtask task_1
[2021-12-06 13:50:49,804] {logging_mixin.py:104} INFO - Running <TaskInstance: trigger_rule.task_1 2021-12-06T13:50:40.168394+00:00 [running]> on host airflowvm
[2021-12-06 13:50:51,789] {taskinstance.py:1280} INFO - Exporting the following env vars:
AIRFLOW_CTX_DAG_OWNER=airflow
AIRFLOW_CTX_DAG_ID=trigger_rule
AIRFLOW_CTX_TASK_ID=task_1
AIRFLOW_CTX_EXECUTION_DATE=2021-12-06T13:50:40.168394+00:00
AIRFLOW_CTX_DAG_RUN_ID=manual__2021-12-06T13:50:40.168394+00:00
[2021-12-06 13:50:51,836] {subprocess.py:52} INFO - Tmp dir root location: 
 /tmp
[2021-12-06 13:50:51,838] {subprocess.py:63} INFO - Running command: ['bash', '-c', 'exit 1']
[2021-12-06 13:50:52,027] {subprocess.py:75} INFO - Output:
[2021-12-06 13:50:52,337] {subprocess.py:83} INFO - Command exited with return code 1
[2021-12-06 13:50:53,124] {taskinstance.py:1481} ERROR - Task failed with exception
Traceback (most recent call last):
  File "/home/airflow/sandbox/lib/python3.8/site-packages/airflow/models/taskinstance.py", line 1137, in _run_raw_task
    self._prepare_and_execute_task_with_callbacks(context, task)
  File "/home/airflow/sandbox/lib/python3.8/site-packages/airflow/models/taskinstance.py", line 1311, in _prepare_and_execute_task_with_callbacks
    result = self._execute_task(context, task_copy)
  File "/home/airflow/sandbox/lib/python3.8/site-packages/airflow/models/taskinstance.py", line 1341, in _execute_task
    result = task_copy.execute(context=context)
  File "/home/airflow/sandbox/lib/python3.8/site-packages/airflow/operators/bash.py", line 180, in execute
    raise AirflowException('Bash command failed. The command returned a non-zero exit code.')
airflow.exceptions.AirflowException: Bash command failed. The command returned a non-zero exit code.
[2021-12-06 13:50:53,608] {taskinstance.py:1524} INFO - Marking task as FAILED. dag_id=trigger_rule, task_id=task_1, execution_date=20211206T135040, start_date=20211206T135046, end_date=20211206T135053
[2021-12-06 13:50:54,673] {local_task_job.py:196} WARNING - State of this instance has been externally set to failed. Terminating instance.
[2021-12-06 13:50:55,063] {process_utils.py:100} INFO - Sending Signals.SIGTERM to GPID 58961
[2021-12-06 13:50:55,111] {process_utils.py:66} INFO - Process psutil.Process(pid=58961, status='terminated', exitcode=1, started='13:50:46') (58961) terminated with exit code 1
