[2021-11-29 12:34:17,705] {taskinstance.py:876} INFO - Dependencies all met for <TaskInstance: parallel_dag.task_3 2020-02-13T00:00:00+00:00 [queued]>
[2021-11-29 12:34:17,990] {taskinstance.py:876} INFO - Dependencies all met for <TaskInstance: parallel_dag.task_3 2020-02-13T00:00:00+00:00 [queued]>
[2021-11-29 12:34:17,990] {taskinstance.py:1067} INFO - 
--------------------------------------------------------------------------------
[2021-11-29 12:34:17,991] {taskinstance.py:1068} INFO - Starting attempt 1 of 1
[2021-11-29 12:34:17,991] {taskinstance.py:1069} INFO - 
--------------------------------------------------------------------------------
[2021-11-29 12:34:18,205] {taskinstance.py:1087} INFO - Executing <Task(BashOperator): task_3> on 2020-02-13T00:00:00+00:00
[2021-11-29 12:34:18,212] {standard_task_runner.py:76} INFO - Running: ['airflow', 'tasks', 'run', 'parallel_dag', 'task_3', '2020-02-13T00:00:00+00:00', '--job-id', '354', '--pool', 'default_pool', '--raw', '--subdir', 'DAGS_FOLDER/parallel_dag.py', '--cfg-path', '/tmp/tmp9icd1lnj', '--error-file', '/tmp/tmpf57i5g7e']
[2021-11-29 12:34:18,268] {standard_task_runner.py:52} INFO - Started process 151227 to run task
[2021-11-29 12:34:18,357] {standard_task_runner.py:77} INFO - Job 354: Subtask task_3
[2021-11-29 12:34:19,066] {logging_mixin.py:104} INFO - Running <TaskInstance: parallel_dag.task_3 2020-02-13T00:00:00+00:00 [running]> on host airflowvm
[2021-11-29 12:34:19,875] {taskinstance.py:1280} INFO - Exporting the following env vars:
AIRFLOW_CTX_DAG_OWNER=airflow
AIRFLOW_CTX_DAG_ID=parallel_dag
AIRFLOW_CTX_TASK_ID=task_3
AIRFLOW_CTX_EXECUTION_DATE=2020-02-13T00:00:00+00:00
AIRFLOW_CTX_DAG_RUN_ID=scheduled__2020-02-13T00:00:00+00:00
[2021-11-29 12:34:19,875] {subprocess.py:52} INFO - Tmp dir root location: 
 /tmp
[2021-11-29 12:34:19,875] {subprocess.py:63} INFO - Running command: ['bash', '-c', 'sleep 3']
[2021-11-29 12:34:19,945] {subprocess.py:75} INFO - Output:
[2021-11-29 12:34:23,077] {subprocess.py:83} INFO - Command exited with return code 0
[2021-11-29 12:34:23,389] {taskinstance.py:1184} INFO - Marking task as SUCCESS. dag_id=parallel_dag, task_id=task_3, execution_date=20200213T000000, start_date=20211129T123417, end_date=20211129T123423
[2021-11-29 12:34:23,690] {local_task_job.py:196} WARNING - State of this instance has been externally set to success. Terminating instance.
[2021-11-29 12:34:23,801] {process_utils.py:100} INFO - Sending Signals.SIGTERM to GPID 151227
[2021-11-29 12:34:23,929] {taskinstance.py:1264} ERROR - Received SIGTERM. Terminating subprocesses.
[2021-11-29 12:34:23,929] {subprocess.py:89} INFO - Sending SIGTERM signal to process group
[2021-11-29 12:34:23,942] {process_utils.py:66} INFO - Process psutil.Process(pid=151227, status='terminated', exitcode=1, started='12:34:17') (151227) terminated with exit code 1
