[2021-11-29 12:39:51,864] {taskinstance.py:876} INFO - Dependencies all met for <TaskInstance: parallel_dag.task_2 2020-04-18T00:00:00+00:00 [queued]>
[2021-11-29 12:39:52,265] {taskinstance.py:876} INFO - Dependencies all met for <TaskInstance: parallel_dag.task_2 2020-04-18T00:00:00+00:00 [queued]>
[2021-11-29 12:39:52,280] {taskinstance.py:1067} INFO - 
--------------------------------------------------------------------------------
[2021-11-29 12:39:52,286] {taskinstance.py:1068} INFO - Starting attempt 1 of 1
[2021-11-29 12:39:52,307] {taskinstance.py:1069} INFO - 
--------------------------------------------------------------------------------
[2021-11-29 12:39:52,673] {taskinstance.py:1087} INFO - Executing <Task(BashOperator): task_2> on 2020-04-18T00:00:00+00:00
[2021-11-29 12:39:52,683] {standard_task_runner.py:76} INFO - Running: ['airflow', 'tasks', 'run', 'parallel_dag', 'task_2', '2020-04-18T00:00:00+00:00', '--job-id', '603', '--pool', 'default_pool', '--raw', '--subdir', 'DAGS_FOLDER/parallel_dag.py', '--cfg-path', '/tmp/tmp4v_z1ck0', '--error-file', '/tmp/tmpi5ymvrwi']
[2021-11-29 12:39:52,793] {standard_task_runner.py:52} INFO - Started process 171414 to run task
[2021-11-29 12:39:52,993] {standard_task_runner.py:77} INFO - Job 603: Subtask task_2
[2021-11-29 12:39:54,329] {logging_mixin.py:104} INFO - Running <TaskInstance: parallel_dag.task_2 2020-04-18T00:00:00+00:00 [running]> on host airflowvm
[2021-11-29 12:39:55,840] {taskinstance.py:1280} INFO - Exporting the following env vars:
AIRFLOW_CTX_DAG_OWNER=airflow
AIRFLOW_CTX_DAG_ID=parallel_dag
AIRFLOW_CTX_TASK_ID=task_2
AIRFLOW_CTX_EXECUTION_DATE=2020-04-18T00:00:00+00:00
AIRFLOW_CTX_DAG_RUN_ID=scheduled__2020-04-18T00:00:00+00:00
[2021-11-29 12:39:55,872] {subprocess.py:52} INFO - Tmp dir root location: 
 /tmp
[2021-11-29 12:39:55,873] {subprocess.py:63} INFO - Running command: ['bash', '-c', 'sleep 3']
[2021-11-29 12:39:56,257] {subprocess.py:75} INFO - Output:
[2021-11-29 12:39:59,763] {subprocess.py:83} INFO - Command exited with return code 0
[2021-11-29 12:40:00,757] {taskinstance.py:1184} INFO - Marking task as SUCCESS. dag_id=parallel_dag, task_id=task_2, execution_date=20200418T000000, start_date=20211129T123951, end_date=20211129T124000
[2021-11-29 12:40:01,760] {taskinstance.py:1245} INFO - 0 downstream tasks scheduled from follow-on schedule check
