[2021-12-06 13:53:52,414] {taskinstance.py:876} INFO - Dependencies all met for <TaskInstance: xcom_dag.downloading_data 2021-12-06T13:53:50.794896+00:00 [queued]>
[2021-12-06 13:53:52,710] {taskinstance.py:876} INFO - Dependencies all met for <TaskInstance: xcom_dag.downloading_data 2021-12-06T13:53:50.794896+00:00 [queued]>
[2021-12-06 13:53:52,713] {taskinstance.py:1067} INFO - 
--------------------------------------------------------------------------------
[2021-12-06 13:53:52,719] {taskinstance.py:1068} INFO - Starting attempt 1 of 1
[2021-12-06 13:53:52,730] {taskinstance.py:1069} INFO - 
--------------------------------------------------------------------------------
[2021-12-06 13:53:52,827] {taskinstance.py:1087} INFO - Executing <Task(BashOperator): downloading_data> on 2021-12-06T13:53:50.794896+00:00
[2021-12-06 13:53:52,910] {standard_task_runner.py:52} INFO - Started process 62459 to run task
[2021-12-06 13:53:52,922] {standard_task_runner.py:76} INFO - Running: ['airflow', 'tasks', 'run', 'xcom_dag', 'downloading_data', '2021-12-06T13:53:50.794896+00:00', '--job-id', '768', '--pool', 'default_pool', '--raw', '--subdir', 'DAGS_FOLDER/xcom_dag.py', '--cfg-path', '/tmp/tmpu5lr0clz', '--error-file', '/tmp/tmpba8evbia']
[2021-12-06 13:53:52,965] {standard_task_runner.py:77} INFO - Job 768: Subtask downloading_data
[2021-12-06 13:53:53,438] {logging_mixin.py:104} INFO - Running <TaskInstance: xcom_dag.downloading_data 2021-12-06T13:53:50.794896+00:00 [running]> on host airflowvm
[2021-12-06 13:53:54,080] {taskinstance.py:1280} INFO - Exporting the following env vars:
AIRFLOW_CTX_DAG_OWNER=airflow
AIRFLOW_CTX_DAG_ID=xcom_dag
AIRFLOW_CTX_TASK_ID=downloading_data
AIRFLOW_CTX_EXECUTION_DATE=2021-12-06T13:53:50.794896+00:00
AIRFLOW_CTX_DAG_RUN_ID=manual__2021-12-06T13:53:50.794896+00:00
[2021-12-06 13:53:54,086] {subprocess.py:52} INFO - Tmp dir root location: 
 /tmp
[2021-12-06 13:53:54,089] {subprocess.py:63} INFO - Running command: ['bash', '-c', 'sleep 3']
[2021-12-06 13:53:54,122] {subprocess.py:75} INFO - Output:
[2021-12-06 13:53:57,153] {subprocess.py:83} INFO - Command exited with return code 0
[2021-12-06 13:53:57,339] {taskinstance.py:1184} INFO - Marking task as SUCCESS. dag_id=xcom_dag, task_id=downloading_data, execution_date=20211206T135350, start_date=20211206T135352, end_date=20211206T135357
[2021-12-06 13:53:57,545] {taskinstance.py:1245} INFO - 0 downstream tasks scheduled from follow-on schedule check
[2021-12-06 13:53:57,561] {local_task_job.py:151} INFO - Task exited with return code 0
