[2021-12-06 13:50:07,592] {taskinstance.py:876} INFO - Dependencies all met for <TaskInstance: trigger_rule.task_3 2021-12-06T13:49:42.706764+00:00 [queued]>
[2021-12-06 13:50:08,401] {taskinstance.py:876} INFO - Dependencies all met for <TaskInstance: trigger_rule.task_3 2021-12-06T13:49:42.706764+00:00 [queued]>
[2021-12-06 13:50:08,402] {taskinstance.py:1067} INFO - 
--------------------------------------------------------------------------------
[2021-12-06 13:50:08,403] {taskinstance.py:1068} INFO - Starting attempt 1 of 1
[2021-12-06 13:50:08,417] {taskinstance.py:1069} INFO - 
--------------------------------------------------------------------------------
[2021-12-06 13:50:08,662] {taskinstance.py:1087} INFO - Executing <Task(BashOperator): task_3> on 2021-12-06T13:49:42.706764+00:00
[2021-12-06 13:50:08,769] {standard_task_runner.py:52} INFO - Started process 58149 to run task
[2021-12-06 13:50:08,958] {standard_task_runner.py:76} INFO - Running: ['airflow', 'tasks', 'run', 'trigger_rule', 'task_3', '2021-12-06T13:49:42.706764+00:00', '--job-id', '759', '--pool', 'default_pool', '--raw', '--subdir', 'DAGS_FOLDER/trigger_rule.py', '--cfg-path', '/tmp/tmprcv7xsig', '--error-file', '/tmp/tmp9isafu1a']
[2021-12-06 13:50:09,018] {standard_task_runner.py:77} INFO - Job 759: Subtask task_3
[2021-12-06 13:50:11,036] {logging_mixin.py:104} INFO - Running <TaskInstance: trigger_rule.task_3 2021-12-06T13:49:42.706764+00:00 [running]> on host airflowvm
[2021-12-06 13:50:12,650] {taskinstance.py:1280} INFO - Exporting the following env vars:
AIRFLOW_CTX_DAG_OWNER=airflow
AIRFLOW_CTX_DAG_ID=trigger_rule
AIRFLOW_CTX_TASK_ID=task_3
AIRFLOW_CTX_EXECUTION_DATE=2021-12-06T13:49:42.706764+00:00
AIRFLOW_CTX_DAG_RUN_ID=manual__2021-12-06T13:49:42.706764+00:00
[2021-12-06 13:50:12,659] {subprocess.py:52} INFO - Tmp dir root location: 
 /tmp
[2021-12-06 13:50:12,662] {subprocess.py:63} INFO - Running command: ['bash', '-c', 'exit 0']
[2021-12-06 13:50:12,737] {subprocess.py:75} INFO - Output:
[2021-12-06 13:50:12,858] {subprocess.py:83} INFO - Command exited with return code 0
[2021-12-06 13:50:13,120] {taskinstance.py:1184} INFO - Marking task as SUCCESS. dag_id=trigger_rule, task_id=task_3, execution_date=20211206T134942, start_date=20211206T135007, end_date=20211206T135013
[2021-12-06 13:50:13,530] {taskinstance.py:1245} INFO - 0 downstream tasks scheduled from follow-on schedule check
[2021-12-06 13:50:13,743] {local_task_job.py:151} INFO - Task exited with return code 0
