[2021-11-29 12:35:10,940] {taskinstance.py:876} INFO - Dependencies all met for <TaskInstance: parallel_dag.task_4 2020-02-16T00:00:00+00:00 [queued]>
[2021-11-29 12:35:11,278] {taskinstance.py:876} INFO - Dependencies all met for <TaskInstance: parallel_dag.task_4 2020-02-16T00:00:00+00:00 [queued]>
[2021-11-29 12:35:11,278] {taskinstance.py:1067} INFO - 
--------------------------------------------------------------------------------
[2021-11-29 12:35:11,279] {taskinstance.py:1068} INFO - Starting attempt 1 of 1
[2021-11-29 12:35:11,279] {taskinstance.py:1069} INFO - 
--------------------------------------------------------------------------------
[2021-11-29 12:35:11,542] {taskinstance.py:1087} INFO - Executing <Task(BashOperator): task_4> on 2020-02-16T00:00:00+00:00
[2021-11-29 12:35:11,655] {standard_task_runner.py:52} INFO - Started process 154453 to run task
[2021-11-29 12:35:11,668] {standard_task_runner.py:76} INFO - Running: ['airflow', 'tasks', 'run', 'parallel_dag', 'task_4', '2020-02-16T00:00:00+00:00', '--job-id', '394', '--pool', 'default_pool', '--raw', '--subdir', 'DAGS_FOLDER/parallel_dag.py', '--cfg-path', '/tmp/tmpw1ow7qyw', '--error-file', '/tmp/tmp6toenhg1']
[2021-11-29 12:35:11,789] {standard_task_runner.py:77} INFO - Job 394: Subtask task_4
[2021-11-29 12:35:12,883] {logging_mixin.py:104} INFO - Running <TaskInstance: parallel_dag.task_4 2020-02-16T00:00:00+00:00 [running]> on host airflowvm
[2021-11-29 12:35:14,643] {taskinstance.py:1280} INFO - Exporting the following env vars:
AIRFLOW_CTX_DAG_OWNER=airflow
AIRFLOW_CTX_DAG_ID=parallel_dag
AIRFLOW_CTX_TASK_ID=task_4
AIRFLOW_CTX_EXECUTION_DATE=2020-02-16T00:00:00+00:00
AIRFLOW_CTX_DAG_RUN_ID=scheduled__2020-02-16T00:00:00+00:00
[2021-11-29 12:35:14,653] {subprocess.py:52} INFO - Tmp dir root location: 
 /tmp
[2021-11-29 12:35:14,676] {subprocess.py:63} INFO - Running command: ['bash', '-c', 'sleep 3']
[2021-11-29 12:35:14,765] {subprocess.py:75} INFO - Output:
[2021-11-29 12:35:17,958] {subprocess.py:83} INFO - Command exited with return code 0
[2021-11-29 12:35:18,713] {taskinstance.py:1184} INFO - Marking task as SUCCESS. dag_id=parallel_dag, task_id=task_4, execution_date=20200216T000000, start_date=20211129T123510, end_date=20211129T123518
[2021-11-29 12:35:20,919] {taskinstance.py:1245} INFO - 0 downstream tasks scheduled from follow-on schedule check
[2021-11-29 12:35:20,946] {local_task_job.py:151} INFO - Task exited with return code 0
