[2021-11-29 12:31:32,627] {taskinstance.py:876} INFO - Dependencies all met for <TaskInstance: parallel_dag.task_2 2020-02-10T00:00:00+00:00 [queued]>
[2021-11-29 12:31:33,039] {taskinstance.py:876} INFO - Dependencies all met for <TaskInstance: parallel_dag.task_2 2020-02-10T00:00:00+00:00 [queued]>
[2021-11-29 12:31:33,098] {taskinstance.py:1067} INFO - 
--------------------------------------------------------------------------------
[2021-11-29 12:31:33,098] {taskinstance.py:1068} INFO - Starting attempt 1 of 1
[2021-11-29 12:31:33,136] {taskinstance.py:1069} INFO - 
--------------------------------------------------------------------------------
[2021-11-29 12:31:33,268] {taskinstance.py:1087} INFO - Executing <Task(BashOperator): task_2> on 2020-02-10T00:00:00+00:00
[2021-11-29 12:31:33,356] {standard_task_runner.py:52} INFO - Started process 142058 to run task
[2021-11-29 12:31:33,428] {standard_task_runner.py:76} INFO - Running: ['airflow', 'tasks', 'run', 'parallel_dag', 'task_2', '2020-02-10T00:00:00+00:00', '--job-id', '252', '--pool', 'default_pool', '--raw', '--subdir', 'DAGS_FOLDER/parallel_dag.py', '--cfg-path', '/tmp/tmpy7ck04mz', '--error-file', '/tmp/tmpjkr64329']
[2021-11-29 12:31:33,507] {standard_task_runner.py:77} INFO - Job 252: Subtask task_2
[2021-11-29 12:31:34,197] {logging_mixin.py:104} INFO - Running <TaskInstance: parallel_dag.task_2 2020-02-10T00:00:00+00:00 [running]> on host airflowvm
[2021-11-29 12:31:34,927] {taskinstance.py:1280} INFO - Exporting the following env vars:
AIRFLOW_CTX_DAG_OWNER=airflow
AIRFLOW_CTX_DAG_ID=parallel_dag
AIRFLOW_CTX_TASK_ID=task_2
AIRFLOW_CTX_EXECUTION_DATE=2020-02-10T00:00:00+00:00
AIRFLOW_CTX_DAG_RUN_ID=scheduled__2020-02-10T00:00:00+00:00
[2021-11-29 12:31:34,928] {subprocess.py:52} INFO - Tmp dir root location: 
 /tmp
[2021-11-29 12:31:34,928] {subprocess.py:63} INFO - Running command: ['bash', '-c', 'sleep 3']
[2021-11-29 12:31:35,021] {subprocess.py:75} INFO - Output:
[2021-11-29 12:31:38,045] {subprocess.py:83} INFO - Command exited with return code 0
[2021-11-29 12:31:38,352] {taskinstance.py:1184} INFO - Marking task as SUCCESS. dag_id=parallel_dag, task_id=task_2, execution_date=20200210T000000, start_date=20211129T123132, end_date=20211129T123138
[2021-11-29 12:31:38,738] {local_task_job.py:196} WARNING - State of this instance has been externally set to success. Terminating instance.
[2021-11-29 12:31:38,745] {taskinstance.py:1245} INFO - 1 downstream tasks scheduled from follow-on schedule check
[2021-11-29 12:31:38,778] {process_utils.py:100} INFO - Sending Signals.SIGTERM to GPID 142058
[2021-11-29 12:31:38,841] {process_utils.py:66} INFO - Process psutil.Process(pid=142058, status='terminated', exitcode=0, started='12:31:32') (142058) terminated with exit code 0
