[2021-11-30 09:15:53,209] {taskinstance.py:876} INFO - Dependencies all met for <TaskInstance: parallel_dag.task_3 2021-11-29T00:00:00+00:00 [queued]>
[2021-11-30 09:15:53,300] {taskinstance.py:876} INFO - Dependencies all met for <TaskInstance: parallel_dag.task_3 2021-11-29T00:00:00+00:00 [queued]>
[2021-11-30 09:15:53,300] {taskinstance.py:1067} INFO - 
--------------------------------------------------------------------------------
[2021-11-30 09:15:53,301] {taskinstance.py:1068} INFO - Starting attempt 1 of 1
[2021-11-30 09:15:53,301] {taskinstance.py:1069} INFO - 
--------------------------------------------------------------------------------
[2021-11-30 09:15:53,317] {taskinstance.py:1087} INFO - Executing <Task(BashOperator): task_3> on 2021-11-29T00:00:00+00:00
[2021-11-30 09:15:53,361] {standard_task_runner.py:76} INFO - Running: ['airflow', 'tasks', 'run', 'parallel_dag', 'task_3', '2021-11-29T00:00:00+00:00', '--job-id', '679', '--pool', 'default_pool', '--raw', '--subdir', 'DAGS_FOLDER/parallel_dag.py', '--cfg-path', '/tmp/tmpt3o6r8sz', '--error-file', '/tmp/tmplg9irrj0']
[2021-11-30 09:15:53,374] {standard_task_runner.py:52} INFO - Started process 206058 to run task
[2021-11-30 09:15:53,427] {standard_task_runner.py:77} INFO - Job 679: Subtask task_3
[2021-11-30 09:15:53,787] {logging_mixin.py:104} INFO - Running <TaskInstance: parallel_dag.task_3 2021-11-29T00:00:00+00:00 [running]> on host airflowvm
[2021-11-30 09:15:54,159] {taskinstance.py:1280} INFO - Exporting the following env vars:
AIRFLOW_CTX_DAG_OWNER=airflow
AIRFLOW_CTX_DAG_ID=parallel_dag
AIRFLOW_CTX_TASK_ID=task_3
AIRFLOW_CTX_EXECUTION_DATE=2021-11-29T00:00:00+00:00
AIRFLOW_CTX_DAG_RUN_ID=scheduled__2021-11-29T00:00:00+00:00
[2021-11-30 09:15:54,177] {subprocess.py:52} INFO - Tmp dir root location: 
 /tmp
[2021-11-30 09:15:54,178] {subprocess.py:63} INFO - Running command: ['bash', '-c', 'sleep 3']
[2021-11-30 09:15:54,230] {subprocess.py:75} INFO - Output:
[2021-11-30 09:15:57,299] {subprocess.py:83} INFO - Command exited with return code 0
[2021-11-30 09:15:57,418] {taskinstance.py:1184} INFO - Marking task as SUCCESS. dag_id=parallel_dag, task_id=task_3, execution_date=20211129T000000, start_date=20211130T091553, end_date=20211130T091557
[2021-11-30 09:15:57,592] {taskinstance.py:1245} INFO - 0 downstream tasks scheduled from follow-on schedule check
[2021-11-30 09:15:57,703] {local_task_job.py:151} INFO - Task exited with return code 0
