[2021-11-29 12:17:56,950] {taskinstance.py:876} INFO - Dependencies all met for <TaskInstance: parallel_dag.task_3 2020-01-03T00:00:00+00:00 [queued]>
[2021-11-29 12:17:57,369] {taskinstance.py:876} INFO - Dependencies all met for <TaskInstance: parallel_dag.task_3 2020-01-03T00:00:00+00:00 [queued]>
[2021-11-29 12:17:57,370] {taskinstance.py:1067} INFO - 
--------------------------------------------------------------------------------
[2021-11-29 12:17:57,370] {taskinstance.py:1068} INFO - Starting attempt 1 of 1
[2021-11-29 12:17:57,370] {taskinstance.py:1069} INFO - 
--------------------------------------------------------------------------------
[2021-11-29 12:17:57,715] {taskinstance.py:1087} INFO - Executing <Task(BashOperator): task_3> on 2020-01-03T00:00:00+00:00
[2021-11-29 12:17:57,741] {standard_task_runner.py:52} INFO - Started process 107046 to run task
[2021-11-29 12:17:57,775] {standard_task_runner.py:76} INFO - Running: ['airflow', 'tasks', 'run', 'parallel_dag', 'task_3', '2020-01-03T00:00:00+00:00', '--job-id', '39', '--pool', 'default_pool', '--raw', '--subdir', 'DAGS_FOLDER/parallel_dag.py', '--cfg-path', '/tmp/tmp240ul8s6', '--error-file', '/tmp/tmp3w7_ewx9']
[2021-11-29 12:17:58,068] {standard_task_runner.py:77} INFO - Job 39: Subtask task_3
[2021-11-29 12:17:59,666] {logging_mixin.py:104} INFO - Running <TaskInstance: parallel_dag.task_3 2020-01-03T00:00:00+00:00 [running]> on host airflowvm
[2021-11-29 12:18:01,154] {taskinstance.py:1280} INFO - Exporting the following env vars:
AIRFLOW_CTX_DAG_OWNER=airflow
AIRFLOW_CTX_DAG_ID=parallel_dag
AIRFLOW_CTX_TASK_ID=task_3
AIRFLOW_CTX_EXECUTION_DATE=2020-01-03T00:00:00+00:00
AIRFLOW_CTX_DAG_RUN_ID=scheduled__2020-01-03T00:00:00+00:00
[2021-11-29 12:18:01,154] {subprocess.py:52} INFO - Tmp dir root location: 
 /tmp
[2021-11-29 12:18:01,155] {subprocess.py:63} INFO - Running command: ['bash', '-c', 'sleep 3']
[2021-11-29 12:18:01,293] {subprocess.py:75} INFO - Output:
[2021-11-29 12:18:04,481] {subprocess.py:83} INFO - Command exited with return code 0
[2021-11-29 12:18:05,110] {taskinstance.py:1184} INFO - Marking task as SUCCESS. dag_id=parallel_dag, task_id=task_3, execution_date=20200103T000000, start_date=20211129T121756, end_date=20211129T121805
[2021-11-29 12:18:06,960] {taskinstance.py:1245} INFO - 0 downstream tasks scheduled from follow-on schedule check
[2021-11-29 12:18:06,975] {local_task_job.py:151} INFO - Task exited with return code 0
