[2021-11-29 12:37:26,319] {taskinstance.py:876} INFO - Dependencies all met for <TaskInstance: parallel_dag.task_2 2020-03-19T00:00:00+00:00 [queued]>
[2021-11-29 12:37:26,495] {taskinstance.py:876} INFO - Dependencies all met for <TaskInstance: parallel_dag.task_2 2020-03-19T00:00:00+00:00 [queued]>
[2021-11-29 12:37:26,505] {taskinstance.py:1067} INFO - 
--------------------------------------------------------------------------------
[2021-11-29 12:37:26,506] {taskinstance.py:1068} INFO - Starting attempt 1 of 1
[2021-11-29 12:37:26,508] {taskinstance.py:1069} INFO - 
--------------------------------------------------------------------------------
[2021-11-29 12:37:26,574] {taskinstance.py:1087} INFO - Executing <Task(BashOperator): task_2> on 2020-03-19T00:00:00+00:00
[2021-11-29 12:37:26,609] {standard_task_runner.py:52} INFO - Started process 162893 to run task
[2021-11-29 12:37:26,644] {standard_task_runner.py:76} INFO - Running: ['airflow', 'tasks', 'run', 'parallel_dag', 'task_2', '2020-03-19T00:00:00+00:00', '--job-id', '492', '--pool', 'default_pool', '--raw', '--subdir', 'DAGS_FOLDER/parallel_dag.py', '--cfg-path', '/tmp/tmp4v0urs6j', '--error-file', '/tmp/tmpz9sjqlai']
[2021-11-29 12:37:26,645] {standard_task_runner.py:77} INFO - Job 492: Subtask task_2
[2021-11-29 12:37:27,252] {logging_mixin.py:104} INFO - Running <TaskInstance: parallel_dag.task_2 2020-03-19T00:00:00+00:00 [running]> on host airflowvm
[2021-11-29 12:37:28,501] {taskinstance.py:1280} INFO - Exporting the following env vars:
AIRFLOW_CTX_DAG_OWNER=airflow
AIRFLOW_CTX_DAG_ID=parallel_dag
AIRFLOW_CTX_TASK_ID=task_2
AIRFLOW_CTX_EXECUTION_DATE=2020-03-19T00:00:00+00:00
AIRFLOW_CTX_DAG_RUN_ID=scheduled__2020-03-19T00:00:00+00:00
[2021-11-29 12:37:28,527] {subprocess.py:52} INFO - Tmp dir root location: 
 /tmp
[2021-11-29 12:37:28,528] {subprocess.py:63} INFO - Running command: ['bash', '-c', 'sleep 3']
[2021-11-29 12:37:28,640] {subprocess.py:75} INFO - Output:
[2021-11-29 12:37:31,778] {subprocess.py:83} INFO - Command exited with return code 0
[2021-11-29 12:37:32,163] {taskinstance.py:1184} INFO - Marking task as SUCCESS. dag_id=parallel_dag, task_id=task_2, execution_date=20200319T000000, start_date=20211129T123726, end_date=20211129T123732
[2021-11-29 12:37:32,607] {taskinstance.py:1245} INFO - 1 downstream tasks scheduled from follow-on schedule check
[2021-11-29 12:37:32,641] {local_task_job.py:151} INFO - Task exited with return code 0
