[2021-12-06 12:13:21,769] {taskinstance.py:876} INFO - Dependencies all met for <TaskInstance: xcom_dag.processing_tasks.training_model_a 2021-12-06T12:13:08.289177+00:00 [queued]>
[2021-12-06 12:13:22,027] {taskinstance.py:876} INFO - Dependencies all met for <TaskInstance: xcom_dag.processing_tasks.training_model_a 2021-12-06T12:13:08.289177+00:00 [queued]>
[2021-12-06 12:13:22,051] {taskinstance.py:1067} INFO - 
--------------------------------------------------------------------------------
[2021-12-06 12:13:22,057] {taskinstance.py:1068} INFO - Starting attempt 1 of 1
[2021-12-06 12:13:22,059] {taskinstance.py:1069} INFO - 
--------------------------------------------------------------------------------
[2021-12-06 12:13:22,418] {taskinstance.py:1087} INFO - Executing <Task(PythonOperator): processing_tasks.training_model_a> on 2021-12-06T12:13:08.289177+00:00
[2021-12-06 12:13:22,540] {standard_task_runner.py:52} INFO - Started process 29496 to run task
[2021-12-06 12:13:22,687] {standard_task_runner.py:76} INFO - Running: ['airflow', 'tasks', 'run', 'xcom_dag', 'processing_tasks.training_model_a', '2021-12-06T12:13:08.289177+00:00', '--job-id', '728', '--pool', 'default_pool', '--raw', '--subdir', 'DAGS_FOLDER/xcom_dag.py', '--cfg-path', '/tmp/tmptb63x7z9', '--error-file', '/tmp/tmpcy_6t98e']
[2021-12-06 12:13:22,743] {standard_task_runner.py:77} INFO - Job 728: Subtask processing_tasks.training_model_a
[2021-12-06 12:13:23,699] {logging_mixin.py:104} INFO - Running <TaskInstance: xcom_dag.processing_tasks.training_model_a 2021-12-06T12:13:08.289177+00:00 [running]> on host airflowvm
[2021-12-06 12:13:25,184] {taskinstance.py:1280} INFO - Exporting the following env vars:
AIRFLOW_CTX_DAG_OWNER=airflow
AIRFLOW_CTX_DAG_ID=xcom_dag
AIRFLOW_CTX_TASK_ID=processing_tasks.training_model_a
AIRFLOW_CTX_EXECUTION_DATE=2021-12-06T12:13:08.289177+00:00
AIRFLOW_CTX_DAG_RUN_ID=manual__2021-12-06T12:13:08.289177+00:00
[2021-12-06 12:13:25,188] {logging_mixin.py:104} INFO - model's accuracy: 7.580732455067642
[2021-12-06 12:13:25,666] {python.py:151} INFO - Done. Returned value was: None
[2021-12-06 12:13:25,927] {taskinstance.py:1184} INFO - Marking task as SUCCESS. dag_id=xcom_dag, task_id=processing_tasks.training_model_a, execution_date=20211206T121308, start_date=20211206T121321, end_date=20211206T121325
[2021-12-06 12:13:26,683] {taskinstance.py:1245} INFO - 0 downstream tasks scheduled from follow-on schedule check
[2021-12-06 12:13:26,722] {local_task_job.py:151} INFO - Task exited with return code 0
