[2021-11-29 12:34:55,285] {taskinstance.py:876} INFO - Dependencies all met for <TaskInstance: parallel_dag.task_2 2020-02-20T00:00:00+00:00 [queued]>
[2021-11-29 12:34:55,626] {taskinstance.py:876} INFO - Dependencies all met for <TaskInstance: parallel_dag.task_2 2020-02-20T00:00:00+00:00 [queued]>
[2021-11-29 12:34:55,653] {taskinstance.py:1067} INFO - 
--------------------------------------------------------------------------------
[2021-11-29 12:34:55,665] {taskinstance.py:1068} INFO - Starting attempt 1 of 1
[2021-11-29 12:34:55,678] {taskinstance.py:1069} INFO - 
--------------------------------------------------------------------------------
[2021-11-29 12:34:55,884] {taskinstance.py:1087} INFO - Executing <Task(BashOperator): task_2> on 2020-02-20T00:00:00+00:00
[2021-11-29 12:34:56,013] {standard_task_runner.py:52} INFO - Started process 153441 to run task
[2021-11-29 12:34:56,199] {standard_task_runner.py:76} INFO - Running: ['airflow', 'tasks', 'run', 'parallel_dag', 'task_2', '2020-02-20T00:00:00+00:00', '--job-id', '384', '--pool', 'default_pool', '--raw', '--subdir', 'DAGS_FOLDER/parallel_dag.py', '--cfg-path', '/tmp/tmp1_dngvt4', '--error-file', '/tmp/tmpkt15m7co']
[2021-11-29 12:34:56,297] {standard_task_runner.py:77} INFO - Job 384: Subtask task_2
[2021-11-29 12:34:57,887] {logging_mixin.py:104} INFO - Running <TaskInstance: parallel_dag.task_2 2020-02-20T00:00:00+00:00 [running]> on host airflowvm
[2021-11-29 12:34:59,085] {taskinstance.py:1280} INFO - Exporting the following env vars:
AIRFLOW_CTX_DAG_OWNER=airflow
AIRFLOW_CTX_DAG_ID=parallel_dag
AIRFLOW_CTX_TASK_ID=task_2
AIRFLOW_CTX_EXECUTION_DATE=2020-02-20T00:00:00+00:00
AIRFLOW_CTX_DAG_RUN_ID=scheduled__2020-02-20T00:00:00+00:00
[2021-11-29 12:34:59,105] {subprocess.py:52} INFO - Tmp dir root location: 
 /tmp
[2021-11-29 12:34:59,105] {subprocess.py:63} INFO - Running command: ['bash', '-c', 'sleep 3']
[2021-11-29 12:34:59,217] {subprocess.py:75} INFO - Output:
[2021-11-29 12:35:02,381] {subprocess.py:83} INFO - Command exited with return code 0
[2021-11-29 12:35:03,164] {taskinstance.py:1184} INFO - Marking task as SUCCESS. dag_id=parallel_dag, task_id=task_2, execution_date=20200220T000000, start_date=20211129T123455, end_date=20211129T123503
[2021-11-29 12:35:06,502] {taskinstance.py:1245} INFO - 0 downstream tasks scheduled from follow-on schedule check
[2021-11-29 12:35:06,682] {local_task_job.py:151} INFO - Task exited with return code 0
