[2021-12-06 10:19:48,986] {taskinstance.py:876} INFO - Dependencies all met for <TaskInstance: parallel_dag.task_1 2021-12-01T00:00:00+00:00 [queued]>
[2021-12-06 10:19:49,070] {taskinstance.py:876} INFO - Dependencies all met for <TaskInstance: parallel_dag.task_1 2021-12-01T00:00:00+00:00 [queued]>
[2021-12-06 10:19:49,072] {taskinstance.py:1067} INFO - 
--------------------------------------------------------------------------------
[2021-12-06 10:19:49,073] {taskinstance.py:1068} INFO - Starting attempt 1 of 1
[2021-12-06 10:19:49,077] {taskinstance.py:1069} INFO - 
--------------------------------------------------------------------------------
[2021-12-06 10:19:49,128] {taskinstance.py:1087} INFO - Executing <Task(BashOperator): task_1> on 2021-12-01T00:00:00+00:00
[2021-12-06 10:19:49,143] {standard_task_runner.py:52} INFO - Started process 6061 to run task
[2021-12-06 10:19:49,354] {standard_task_runner.py:76} INFO - Running: ['airflow', 'tasks', 'run', 'parallel_dag', 'task_1', '2021-12-01T00:00:00+00:00', '--job-id', '697', '--pool', 'default_pool', '--raw', '--subdir', 'DAGS_FOLDER/parallel_dag.py', '--cfg-path', '/tmp/tmpoujt_w1q', '--error-file', '/tmp/tmpi64i9z7j']
[2021-12-06 10:19:49,404] {standard_task_runner.py:77} INFO - Job 697: Subtask task_1
[2021-12-06 10:19:50,015] {logging_mixin.py:104} INFO - Running <TaskInstance: parallel_dag.task_1 2021-12-01T00:00:00+00:00 [running]> on host airflowvm
[2021-12-06 10:19:50,484] {taskinstance.py:1280} INFO - Exporting the following env vars:
AIRFLOW_CTX_DAG_OWNER=airflow
AIRFLOW_CTX_DAG_ID=parallel_dag
AIRFLOW_CTX_TASK_ID=task_1
AIRFLOW_CTX_EXECUTION_DATE=2021-12-01T00:00:00+00:00
AIRFLOW_CTX_DAG_RUN_ID=scheduled__2021-12-01T00:00:00+00:00
[2021-12-06 10:19:50,485] {subprocess.py:52} INFO - Tmp dir root location: 
 /tmp
[2021-12-06 10:19:50,485] {subprocess.py:63} INFO - Running command: ['bash', '-c', 'sleep 3']
[2021-12-06 10:19:50,540] {subprocess.py:75} INFO - Output:
[2021-12-06 10:19:53,588] {subprocess.py:83} INFO - Command exited with return code 0
[2021-12-06 10:19:53,749] {taskinstance.py:1184} INFO - Marking task as SUCCESS. dag_id=parallel_dag, task_id=task_1, execution_date=20211201T000000, start_date=20211206T101948, end_date=20211206T101953
[2021-12-06 10:19:53,985] {taskinstance.py:1245} INFO - 3 downstream tasks scheduled from follow-on schedule check
[2021-12-06 10:19:54,025] {local_task_job.py:151} INFO - Task exited with return code 0
