[2021-11-24 11:02:42,264] {taskinstance.py:876} INFO - Dependencies all met for <TaskInstance: user_processing.creating_table 2021-11-24T11:02:12.094638+00:00 [queued]>
[2021-11-24 11:02:42,279] {taskinstance.py:876} INFO - Dependencies all met for <TaskInstance: user_processing.creating_table 2021-11-24T11:02:12.094638+00:00 [queued]>
[2021-11-24 11:02:42,282] {taskinstance.py:1067} INFO - 
--------------------------------------------------------------------------------
[2021-11-24 11:02:42,283] {taskinstance.py:1068} INFO - Starting attempt 1 of 1
[2021-11-24 11:02:42,284] {taskinstance.py:1069} INFO - 
--------------------------------------------------------------------------------
[2021-11-24 11:02:42,331] {taskinstance.py:1087} INFO - Executing <Task(SqliteOperator): creating_table> on 2021-11-24T11:02:12.094638+00:00
[2021-11-24 11:02:42,335] {standard_task_runner.py:52} INFO - Started process 150742 to run task
[2021-11-24 11:02:42,348] {standard_task_runner.py:76} INFO - Running: ['airflow', 'tasks', 'run', 'user_processing', 'creating_table', '2021-11-24T11:02:12.094638+00:00', '--job-id', '59', '--pool', 'default_pool', '--raw', '--subdir', 'DAGS_FOLDER/user_processing.py', '--cfg-path', '/tmp/tmpb6vgaohi', '--error-file', '/tmp/tmph7z58tn4']
[2021-11-24 11:02:42,349] {standard_task_runner.py:77} INFO - Job 59: Subtask creating_table
[2021-11-24 11:02:42,430] {logging_mixin.py:104} INFO - Running <TaskInstance: user_processing.creating_table 2021-11-24T11:02:12.094638+00:00 [running]> on host airflowvm
[2021-11-24 11:02:43,098] {taskinstance.py:1280} INFO - Exporting the following env vars:
AIRFLOW_CTX_DAG_OWNER=airflow
AIRFLOW_CTX_DAG_ID=user_processing
AIRFLOW_CTX_TASK_ID=creating_table
AIRFLOW_CTX_EXECUTION_DATE=2021-11-24T11:02:12.094638+00:00
AIRFLOW_CTX_DAG_RUN_ID=manual__2021-11-24T11:02:12.094638+00:00
[2021-11-24 11:02:43,099] {sqlite.py:63} INFO - Executing: 
              CREATE TABLE if not exists users (
                  firstname TEXT NOT NULL,
                  lastname TEXT NOT NULL,
                  country TEXT NOT NULL,
                  username TEXT NOT NULL,
                  password TEXT NOT NULL,
                  email TEXT NOT NULL PRIMARY KEY
              );
              
[2021-11-24 11:02:43,105] {base.py:69} INFO - Using connection to: id: db_sqlite. Host: /home/airflow/airflow/airflow.db, Port: None, Schema: , Login: , Password: None, extra: {}
[2021-11-24 11:02:43,106] {dbapi.py:204} INFO - Running statement: 
              CREATE TABLE if not exists users (
                  firstname TEXT NOT NULL,
                  lastname TEXT NOT NULL,
                  country TEXT NOT NULL,
                  username TEXT NOT NULL,
                  password TEXT NOT NULL,
                  email TEXT NOT NULL PRIMARY KEY
              );
              , parameters: []
[2021-11-24 11:02:43,212] {taskinstance.py:1184} INFO - Marking task as SUCCESS. dag_id=user_processing, task_id=creating_table, execution_date=20211124T110212, start_date=20211124T110242, end_date=20211124T110243
[2021-11-24 11:02:43,532] {taskinstance.py:1245} INFO - 1 downstream tasks scheduled from follow-on schedule check
[2021-11-24 11:02:43,563] {local_task_job.py:151} INFO - Task exited with return code 0
