[2021-11-24 08:05:46,551] {taskinstance.py:876} INFO - Dependencies all met for <TaskInstance: user_processing.is_api_available 2021-11-23T00:00:00+00:00 [queued]>
[2021-11-24 08:05:46,576] {taskinstance.py:876} INFO - Dependencies all met for <TaskInstance: user_processing.is_api_available 2021-11-23T00:00:00+00:00 [queued]>
[2021-11-24 08:05:46,577] {taskinstance.py:1067} INFO - 
--------------------------------------------------------------------------------
[2021-11-24 08:05:46,578] {taskinstance.py:1068} INFO - Starting attempt 1 of 1
[2021-11-24 08:05:46,579] {taskinstance.py:1069} INFO - 
--------------------------------------------------------------------------------
[2021-11-24 08:05:46,623] {taskinstance.py:1087} INFO - Executing <Task(HttpSensor): is_api_available> on 2021-11-23T00:00:00+00:00
[2021-11-24 08:05:46,625] {standard_task_runner.py:52} INFO - Started process 126664 to run task
[2021-11-24 08:05:46,641] {standard_task_runner.py:76} INFO - Running: ['airflow', 'tasks', 'run', 'user_processing', 'is_api_available', '2021-11-23T00:00:00+00:00', '--job-id', '45', '--pool', 'default_pool', '--raw', '--subdir', 'DAGS_FOLDER/user_processing.py', '--cfg-path', '/tmp/tmpf4m6g907', '--error-file', '/tmp/tmpt_iro67n']
[2021-11-24 08:05:46,642] {standard_task_runner.py:77} INFO - Job 45: Subtask is_api_available
[2021-11-24 08:05:46,793] {logging_mixin.py:104} INFO - Running <TaskInstance: user_processing.is_api_available 2021-11-23T00:00:00+00:00 [running]> on host airflowvm
[2021-11-24 08:05:46,886] {taskinstance.py:1280} INFO - Exporting the following env vars:
AIRFLOW_CTX_DAG_OWNER=airflow
AIRFLOW_CTX_DAG_ID=user_processing
AIRFLOW_CTX_TASK_ID=is_api_available
AIRFLOW_CTX_EXECUTION_DATE=2021-11-23T00:00:00+00:00
AIRFLOW_CTX_DAG_RUN_ID=scheduled__2021-11-23T00:00:00+00:00
[2021-11-24 08:05:46,887] {http.py:101} INFO - Poking: api/
[2021-11-24 08:05:46,890] {base.py:69} INFO - Using connection to: id: user_api. Host: https://randomuser.me/, Port: None, Schema: , Login: , Password: None, extra: {}
[2021-11-24 08:05:46,891] {http.py:140} INFO - Sending 'GET' to url: https://randomuser.me/api/
[2021-11-24 08:05:47,556] {base.py:243} INFO - Success criteria met. Exiting.
[2021-11-24 08:05:47,561] {taskinstance.py:1184} INFO - Marking task as SUCCESS. dag_id=user_processing, task_id=is_api_available, execution_date=20211123T000000, start_date=20211124T080546, end_date=20211124T080547
[2021-11-24 08:05:47,605] {taskinstance.py:1245} INFO - 0 downstream tasks scheduled from follow-on schedule check
[2021-11-24 08:05:47,609] {local_task_job.py:151} INFO - Task exited with return code 0
