[2021-12-06 10:47:14,926] {taskinstance.py:876} INFO - Dependencies all met for <TaskInstance: xcom_dag.processing_tasks.training_model_c 2021-12-06T10:47:08.202390+00:00 [queued]>
[2021-12-06 10:47:14,997] {taskinstance.py:876} INFO - Dependencies all met for <TaskInstance: xcom_dag.processing_tasks.training_model_c 2021-12-06T10:47:08.202390+00:00 [queued]>
[2021-12-06 10:47:14,999] {taskinstance.py:1067} INFO - 
--------------------------------------------------------------------------------
[2021-12-06 10:47:15,000] {taskinstance.py:1068} INFO - Starting attempt 1 of 1
[2021-12-06 10:47:15,001] {taskinstance.py:1069} INFO - 
--------------------------------------------------------------------------------
[2021-12-06 10:47:15,033] {taskinstance.py:1087} INFO - Executing <Task(PythonOperator): processing_tasks.training_model_c> on 2021-12-06T10:47:08.202390+00:00
[2021-12-06 10:47:15,039] {standard_task_runner.py:52} INFO - Started process 14039 to run task
[2021-12-06 10:47:15,061] {standard_task_runner.py:76} INFO - Running: ['airflow', 'tasks', 'run', 'xcom_dag', 'processing_tasks.training_model_c', '2021-12-06T10:47:08.202390+00:00', '--job-id', '715', '--pool', 'default_pool', '--raw', '--subdir', 'DAGS_FOLDER/xcom_dag.py', '--cfg-path', '/tmp/tmpvo0xqn4o', '--error-file', '/tmp/tmpbf7dzo9e']
[2021-12-06 10:47:15,089] {standard_task_runner.py:77} INFO - Job 715: Subtask processing_tasks.training_model_c
[2021-12-06 10:47:15,315] {logging_mixin.py:104} INFO - Running <TaskInstance: xcom_dag.processing_tasks.training_model_c 2021-12-06T10:47:08.202390+00:00 [running]> on host airflowvm
[2021-12-06 10:47:15,624] {taskinstance.py:1280} INFO - Exporting the following env vars:
AIRFLOW_CTX_DAG_OWNER=airflow
AIRFLOW_CTX_DAG_ID=xcom_dag
AIRFLOW_CTX_TASK_ID=processing_tasks.training_model_c
AIRFLOW_CTX_EXECUTION_DATE=2021-12-06T10:47:08.202390+00:00
AIRFLOW_CTX_DAG_RUN_ID=manual__2021-12-06T10:47:08.202390+00:00
[2021-12-06 10:47:15,625] {logging_mixin.py:104} INFO - model's accuracy: 4.40115030715015
[2021-12-06 10:47:15,729] {python.py:151} INFO - Done. Returned value was: None
[2021-12-06 10:47:15,774] {taskinstance.py:1184} INFO - Marking task as SUCCESS. dag_id=xcom_dag, task_id=processing_tasks.training_model_c, execution_date=20211206T104708, start_date=20211206T104714, end_date=20211206T104715
[2021-12-06 10:47:15,936] {taskinstance.py:1245} INFO - 0 downstream tasks scheduled from follow-on schedule check
[2021-12-06 10:47:15,973] {local_task_job.py:151} INFO - Task exited with return code 0
