[2021-11-29 12:52:54,119] {taskinstance.py:876} INFO - Dependencies all met for <TaskInstance: parallel_dag.task_4 2020-01-27T00:00:00+00:00 [queued]>
[2021-11-29 12:52:54,281] {taskinstance.py:876} INFO - Dependencies all met for <TaskInstance: parallel_dag.task_4 2020-01-27T00:00:00+00:00 [queued]>
[2021-11-29 12:52:54,282] {taskinstance.py:1067} INFO - 
--------------------------------------------------------------------------------
[2021-11-29 12:52:54,282] {taskinstance.py:1068} INFO - Starting attempt 2 of 2
[2021-11-29 12:52:54,282] {taskinstance.py:1069} INFO - 
--------------------------------------------------------------------------------
[2021-11-29 12:52:54,377] {taskinstance.py:1087} INFO - Executing <Task(BashOperator): task_4> on 2020-01-27T00:00:00+00:00
[2021-11-29 12:52:54,430] {standard_task_runner.py:52} INFO - Started process 185684 to run task
[2021-11-29 12:52:54,455] {standard_task_runner.py:76} INFO - Running: ['airflow', 'tasks', 'run', 'parallel_dag', 'task_4', '2020-01-27T00:00:00+00:00', '--job-id', '657', '--pool', 'default_pool', '--raw', '--subdir', 'DAGS_FOLDER/parallel_dag.py', '--cfg-path', '/tmp/tmpn35afu5h', '--error-file', '/tmp/tmp_vyqg4m7']
[2021-11-29 12:52:54,559] {standard_task_runner.py:77} INFO - Job 657: Subtask task_4
[2021-11-29 12:52:55,088] {logging_mixin.py:104} INFO - Running <TaskInstance: parallel_dag.task_4 2020-01-27T00:00:00+00:00 [running]> on host airflowvm
[2021-11-29 12:52:55,806] {taskinstance.py:1280} INFO - Exporting the following env vars:
AIRFLOW_CTX_DAG_OWNER=airflow
AIRFLOW_CTX_DAG_ID=parallel_dag
AIRFLOW_CTX_TASK_ID=task_4
AIRFLOW_CTX_EXECUTION_DATE=2020-01-27T00:00:00+00:00
AIRFLOW_CTX_DAG_RUN_ID=scheduled__2020-01-27T00:00:00+00:00
[2021-11-29 12:52:55,814] {subprocess.py:52} INFO - Tmp dir root location: 
 /tmp
[2021-11-29 12:52:55,814] {subprocess.py:63} INFO - Running command: ['bash', '-c', 'sleep 3']
[2021-11-29 12:52:55,859] {subprocess.py:75} INFO - Output:
[2021-11-29 12:52:58,954] {subprocess.py:83} INFO - Command exited with return code 0
[2021-11-29 12:52:59,252] {taskinstance.py:1184} INFO - Marking task as SUCCESS. dag_id=parallel_dag, task_id=task_4, execution_date=20200127T000000, start_date=20211129T125254, end_date=20211129T125259
[2021-11-29 12:52:59,752] {local_task_job.py:196} WARNING - State of this instance has been externally set to success. Terminating instance.
[2021-11-29 12:52:59,756] {process_utils.py:100} INFO - Sending Signals.SIGTERM to GPID 185684
[2021-11-29 12:52:59,884] {taskinstance.py:1264} ERROR - Received SIGTERM. Terminating subprocesses.
[2021-11-29 12:52:59,884] {subprocess.py:89} INFO - Sending SIGTERM signal to process group
[2021-11-29 12:52:59,901] {process_utils.py:66} INFO - Process psutil.Process(pid=185684, status='terminated', exitcode=1, started='12:52:54') (185684) terminated with exit code 1
