[2021-11-29 12:36:01,856] {taskinstance.py:876} INFO - Dependencies all met for <TaskInstance: parallel_dag.task_1 2020-03-05T00:00:00+00:00 [queued]>
[2021-11-29 12:36:02,122] {taskinstance.py:876} INFO - Dependencies all met for <TaskInstance: parallel_dag.task_1 2020-03-05T00:00:00+00:00 [queued]>
[2021-11-29 12:36:02,124] {taskinstance.py:1067} INFO - 
--------------------------------------------------------------------------------
[2021-11-29 12:36:02,143] {taskinstance.py:1068} INFO - Starting attempt 1 of 1
[2021-11-29 12:36:02,143] {taskinstance.py:1069} INFO - 
--------------------------------------------------------------------------------
[2021-11-29 12:36:02,277] {taskinstance.py:1087} INFO - Executing <Task(BashOperator): task_1> on 2020-03-05T00:00:00+00:00
[2021-11-29 12:36:02,375] {standard_task_runner.py:52} INFO - Started process 157689 to run task
[2021-11-29 12:36:02,331] {standard_task_runner.py:76} INFO - Running: ['airflow', 'tasks', 'run', 'parallel_dag', 'task_1', '2020-03-05T00:00:00+00:00', '--job-id', '427', '--pool', 'default_pool', '--raw', '--subdir', 'DAGS_FOLDER/parallel_dag.py', '--cfg-path', '/tmp/tmp7h_vya70', '--error-file', '/tmp/tmpvilc3bve']
[2021-11-29 12:36:02,477] {standard_task_runner.py:77} INFO - Job 427: Subtask task_1
[2021-11-29 12:36:03,028] {logging_mixin.py:104} INFO - Running <TaskInstance: parallel_dag.task_1 2020-03-05T00:00:00+00:00 [running]> on host airflowvm
[2021-11-29 12:36:03,566] {taskinstance.py:1280} INFO - Exporting the following env vars:
AIRFLOW_CTX_DAG_OWNER=airflow
AIRFLOW_CTX_DAG_ID=parallel_dag
AIRFLOW_CTX_TASK_ID=task_1
AIRFLOW_CTX_EXECUTION_DATE=2020-03-05T00:00:00+00:00
AIRFLOW_CTX_DAG_RUN_ID=scheduled__2020-03-05T00:00:00+00:00
[2021-11-29 12:36:03,567] {subprocess.py:52} INFO - Tmp dir root location: 
 /tmp
[2021-11-29 12:36:03,568] {subprocess.py:63} INFO - Running command: ['bash', '-c', 'sleep 3']
[2021-11-29 12:36:03,811] {subprocess.py:75} INFO - Output:
[2021-11-29 12:36:06,849] {subprocess.py:83} INFO - Command exited with return code 0
[2021-11-29 12:36:07,182] {taskinstance.py:1184} INFO - Marking task as SUCCESS. dag_id=parallel_dag, task_id=task_1, execution_date=20200305T000000, start_date=20211129T123601, end_date=20211129T123607
[2021-11-29 12:36:07,814] {local_task_job.py:196} WARNING - State of this instance has been externally set to success. Terminating instance.
[2021-11-29 12:36:07,818] {process_utils.py:100} INFO - Sending Signals.SIGTERM to GPID 157689
[2021-11-29 12:36:08,315] {taskinstance.py:1264} ERROR - Received SIGTERM. Terminating subprocesses.
[2021-11-29 12:36:08,315] {subprocess.py:89} INFO - Sending SIGTERM signal to process group
[2021-11-29 12:36:08,357] {process_utils.py:66} INFO - Process psutil.Process(pid=157689, status='terminated', exitcode=1, started='12:36:01') (157689) terminated with exit code 1
