[2021-12-06 13:47:39,999] {taskinstance.py:876} INFO - Dependencies all met for <TaskInstance: trigger_rule.task_3 2021-12-06T13:47:00.589508+00:00 [queued]>
[2021-12-06 13:47:40,703] {taskinstance.py:876} INFO - Dependencies all met for <TaskInstance: trigger_rule.task_3 2021-12-06T13:47:00.589508+00:00 [queued]>
[2021-12-06 13:47:40,709] {taskinstance.py:1067} INFO - 
--------------------------------------------------------------------------------
[2021-12-06 13:47:40,743] {taskinstance.py:1068} INFO - Starting attempt 1 of 1
[2021-12-06 13:47:40,795] {taskinstance.py:1069} INFO - 
--------------------------------------------------------------------------------
[2021-12-06 13:47:41,419] {taskinstance.py:1087} INFO - Executing <Task(BashOperator): task_3> on 2021-12-06T13:47:00.589508+00:00
[2021-12-06 13:47:41,533] {standard_task_runner.py:52} INFO - Started process 55363 to run task
[2021-12-06 13:47:42,046] {standard_task_runner.py:76} INFO - Running: ['airflow', 'tasks', 'run', 'trigger_rule', 'task_3', '2021-12-06T13:47:00.589508+00:00', '--job-id', '748', '--pool', 'default_pool', '--raw', '--subdir', 'DAGS_FOLDER/trigger_rule.py', '--cfg-path', '/tmp/tmpcn2eoa36', '--error-file', '/tmp/tmpm9la009t']
[2021-12-06 13:47:42,135] {standard_task_runner.py:77} INFO - Job 748: Subtask task_3
[2021-12-06 13:47:44,703] {logging_mixin.py:104} INFO - Running <TaskInstance: trigger_rule.task_3 2021-12-06T13:47:00.589508+00:00 [running]> on host airflowvm
[2021-12-06 13:47:48,402] {taskinstance.py:1280} INFO - Exporting the following env vars:
AIRFLOW_CTX_DAG_OWNER=airflow
AIRFLOW_CTX_DAG_ID=trigger_rule
AIRFLOW_CTX_TASK_ID=task_3
AIRFLOW_CTX_EXECUTION_DATE=2021-12-06T13:47:00.589508+00:00
AIRFLOW_CTX_DAG_RUN_ID=manual__2021-12-06T13:47:00.589508+00:00
[2021-12-06 13:47:48,455] {subprocess.py:52} INFO - Tmp dir root location: 
 /tmp
[2021-12-06 13:47:48,456] {subprocess.py:63} INFO - Running command: ['bash', '-c', 'exit 0']
[2021-12-06 13:47:49,342] {subprocess.py:75} INFO - Output:
[2021-12-06 13:47:49,667] {subprocess.py:83} INFO - Command exited with return code 0
[2021-12-06 13:47:50,195] {taskinstance.py:1184} INFO - Marking task as SUCCESS. dag_id=trigger_rule, task_id=task_3, execution_date=20211206T134700, start_date=20211206T134740, end_date=20211206T134750
[2021-12-06 13:47:51,538] {taskinstance.py:1245} INFO - 0 downstream tasks scheduled from follow-on schedule check
[2021-12-06 13:47:51,629] {local_task_job.py:151} INFO - Task exited with return code 0
