[2021-11-21 15:36:48,804] {scheduler_job.py:182} INFO - Started process (PID=2187) to work on /home/airflow/airflow/dags/user_processing.py
[2021-11-21 15:36:48,902] {scheduler_job.py:633} INFO - Processing file /home/airflow/airflow/dags/user_processing.py for tasks to queue
[2021-11-21 15:36:48,974] {logging_mixin.py:104} INFO - [2021-11-21 15:36:48,923] {dagbag.py:487} INFO - Filling up the DagBag from /home/airflow/airflow/dags/user_processing.py
[2021-11-21 15:36:49,577] {logging_mixin.py:104} WARNING - /home/airflow/sandbox/lib/python3.8/site-packages/airflow/providers/sqlite/operators/sqlite.py:25 DeprecationWarning: This decorator is deprecated.

In previous versions, all subclasses of BaseOperator must use apply_default decorator for the`default_args` feature to work properly.

In current version, it is optional. The decorator is applied automatically using the metaclass.
[2021-11-21 15:36:49,679] {logging_mixin.py:104} INFO - [2021-11-21 15:36:49,619] {dagbag.py:320} ERROR - Failed to import: /home/airflow/airflow/dags/user_processing.py
Traceback (most recent call last):
  File "/home/airflow/sandbox/lib/python3.8/site-packages/airflow/models/dagbag.py", line 317, in _load_modules_from_file
    loader.exec_module(new_module)
  File "<frozen importlib._bootstrap_external>", line 783, in exec_module
  File "<frozen importlib._bootstrap>", line 219, in _call_with_frames_removed
  File "/home/airflow/airflow/dags/user_processing.py", line 24, in <module>
    creating_table = SQliteOperator(
NameError: name 'SQliteOperator' is not defined
[2021-11-21 15:36:49,721] {scheduler_job.py:645} WARNING - No viable dags retrieved from /home/airflow/airflow/dags/user_processing.py
[2021-11-21 15:36:50,493] {scheduler_job.py:190} INFO - Processing /home/airflow/airflow/dags/user_processing.py took 1.942 seconds
[2021-11-21 15:38:14,163] {scheduler_job.py:182} INFO - Started process (PID=2658) to work on /home/airflow/airflow/dags/user_processing.py
[2021-11-21 15:38:14,176] {scheduler_job.py:633} INFO - Processing file /home/airflow/airflow/dags/user_processing.py for tasks to queue
[2021-11-21 15:38:14,178] {logging_mixin.py:104} INFO - [2021-11-21 15:38:14,178] {dagbag.py:487} INFO - Filling up the DagBag from /home/airflow/airflow/dags/user_processing.py
[2021-11-21 15:38:14,382] {logging_mixin.py:104} WARNING - /home/airflow/sandbox/lib/python3.8/site-packages/airflow/providers/sqlite/operators/sqlite.py:25 DeprecationWarning: This decorator is deprecated.

In previous versions, all subclasses of BaseOperator must use apply_default decorator for the`default_args` feature to work properly.

In current version, it is optional. The decorator is applied automatically using the metaclass.
[2021-11-21 15:38:14,404] {logging_mixin.py:104} INFO - [2021-11-21 15:38:14,401] {dagbag.py:320} ERROR - Failed to import: /home/airflow/airflow/dags/user_processing.py
Traceback (most recent call last):
  File "/home/airflow/sandbox/lib/python3.8/site-packages/airflow/models/dagbag.py", line 317, in _load_modules_from_file
    loader.exec_module(new_module)
  File "<frozen importlib._bootstrap_external>", line 783, in exec_module
  File "<frozen importlib._bootstrap>", line 219, in _call_with_frames_removed
  File "/home/airflow/airflow/dags/user_processing.py", line 24, in <module>
    creating_table = SQliteOperator(
NameError: name 'SQliteOperator' is not defined
[2021-11-21 15:38:14,423] {scheduler_job.py:645} WARNING - No viable dags retrieved from /home/airflow/airflow/dags/user_processing.py
[2021-11-21 15:38:14,798] {scheduler_job.py:190} INFO - Processing /home/airflow/airflow/dags/user_processing.py took 0.657 seconds
[2021-11-21 15:43:19,484] {scheduler_job.py:182} INFO - Started process (PID=3657) to work on /home/airflow/airflow/dags/user_processing.py
[2021-11-21 15:43:19,501] {scheduler_job.py:633} INFO - Processing file /home/airflow/airflow/dags/user_processing.py for tasks to queue
[2021-11-21 15:43:19,533] {logging_mixin.py:104} INFO - [2021-11-21 15:43:19,533] {dagbag.py:487} INFO - Filling up the DagBag from /home/airflow/airflow/dags/user_processing.py
[2021-11-21 15:43:19,842] {logging_mixin.py:104} WARNING - /home/airflow/sandbox/lib/python3.8/site-packages/airflow/providers/sqlite/operators/sqlite.py:25 DeprecationWarning: This decorator is deprecated.

In previous versions, all subclasses of BaseOperator must use apply_default decorator for the`default_args` feature to work properly.

In current version, it is optional. The decorator is applied automatically using the metaclass.
[2021-11-21 15:43:20,110] {scheduler_job.py:643} INFO - DAG(s) dict_keys(['user_processing']) retrieved from /home/airflow/airflow/dags/user_processing.py
[2021-11-21 15:43:35,133] {logging_mixin.py:104} INFO - [2021-11-21 15:43:35,133] {dag.py:1832} INFO - Sync 1 DAGs
[2021-11-21 15:43:35,219] {logging_mixin.py:104} INFO - [2021-11-21 15:43:35,218] {dag.py:1851} INFO - Creating ORM DAG for user_processing
[2021-11-21 15:43:35,406] {logging_mixin.py:104} INFO - [2021-11-21 15:43:35,406] {dag.py:2305} INFO - Setting next_dagrun for user_processing to 2021-11-20 00:00:00+00:00
[2021-11-21 15:43:35,623] {scheduler_job.py:190} INFO - Processing /home/airflow/airflow/dags/user_processing.py took 16.144 seconds
[2021-11-21 15:44:44,826] {scheduler_job.py:182} INFO - Started process (PID=3851) to work on /home/airflow/airflow/dags/user_processing.py
[2021-11-21 15:44:44,829] {scheduler_job.py:633} INFO - Processing file /home/airflow/airflow/dags/user_processing.py for tasks to queue
[2021-11-21 15:44:44,831] {logging_mixin.py:104} INFO - [2021-11-21 15:44:44,830] {dagbag.py:487} INFO - Filling up the DagBag from /home/airflow/airflow/dags/user_processing.py
[2021-11-21 15:44:44,860] {logging_mixin.py:104} WARNING - /home/airflow/sandbox/lib/python3.8/site-packages/airflow/providers/sqlite/operators/sqlite.py:25 DeprecationWarning: This decorator is deprecated.

In previous versions, all subclasses of BaseOperator must use apply_default decorator for the`default_args` feature to work properly.

In current version, it is optional. The decorator is applied automatically using the metaclass.
[2021-11-21 15:44:44,896] {scheduler_job.py:643} INFO - DAG(s) dict_keys(['user_processing']) retrieved from /home/airflow/airflow/dags/user_processing.py
[2021-11-21 15:44:44,936] {logging_mixin.py:104} INFO - [2021-11-21 15:44:44,936] {dag.py:1832} INFO - Sync 1 DAGs
[2021-11-21 15:44:44,990] {logging_mixin.py:104} INFO - [2021-11-21 15:44:44,990] {dag.py:2305} INFO - Setting next_dagrun for user_processing to 2021-11-20 00:00:00+00:00
[2021-11-21 15:44:45,037] {scheduler_job.py:190} INFO - Processing /home/airflow/airflow/dags/user_processing.py took 0.219 seconds
[2021-11-21 15:45:29,435] {scheduler_job.py:182} INFO - Started process (PID=3880) to work on /home/airflow/airflow/dags/user_processing.py
[2021-11-21 15:45:29,440] {scheduler_job.py:633} INFO - Processing file /home/airflow/airflow/dags/user_processing.py for tasks to queue
[2021-11-21 15:45:29,450] {logging_mixin.py:104} INFO - [2021-11-21 15:45:29,449] {dagbag.py:487} INFO - Filling up the DagBag from /home/airflow/airflow/dags/user_processing.py
[2021-11-21 15:45:29,523] {logging_mixin.py:104} WARNING - /home/airflow/sandbox/lib/python3.8/site-packages/airflow/providers/sqlite/operators/sqlite.py:25 DeprecationWarning: This decorator is deprecated.

In previous versions, all subclasses of BaseOperator must use apply_default decorator for the`default_args` feature to work properly.

In current version, it is optional. The decorator is applied automatically using the metaclass.
[2021-11-21 15:45:29,565] {scheduler_job.py:643} INFO - DAG(s) dict_keys(['user_processing']) retrieved from /home/airflow/airflow/dags/user_processing.py
[2021-11-21 15:45:29,637] {logging_mixin.py:104} INFO - [2021-11-21 15:45:29,636] {dag.py:1832} INFO - Sync 1 DAGs
[2021-11-21 15:45:29,702] {logging_mixin.py:104} INFO - [2021-11-21 15:45:29,702] {dag.py:2305} INFO - Setting next_dagrun for user_processing to 2021-11-20 00:00:00+00:00
[2021-11-21 15:45:29,763] {scheduler_job.py:190} INFO - Processing /home/airflow/airflow/dags/user_processing.py took 0.338 seconds
[2021-11-21 15:46:09,381] {scheduler_job.py:182} INFO - Started process (PID=3907) to work on /home/airflow/airflow/dags/user_processing.py
[2021-11-21 15:46:09,403] {scheduler_job.py:633} INFO - Processing file /home/airflow/airflow/dags/user_processing.py for tasks to queue
[2021-11-21 15:46:09,420] {logging_mixin.py:104} INFO - [2021-11-21 15:46:09,420] {dagbag.py:487} INFO - Filling up the DagBag from /home/airflow/airflow/dags/user_processing.py
[2021-11-21 15:46:09,593] {logging_mixin.py:104} WARNING - /home/airflow/sandbox/lib/python3.8/site-packages/airflow/providers/sqlite/operators/sqlite.py:25 DeprecationWarning: This decorator is deprecated.

In previous versions, all subclasses of BaseOperator must use apply_default decorator for the`default_args` feature to work properly.

In current version, it is optional. The decorator is applied automatically using the metaclass.
[2021-11-21 15:46:09,794] {scheduler_job.py:643} INFO - DAG(s) dict_keys(['user_processing']) retrieved from /home/airflow/airflow/dags/user_processing.py
[2021-11-21 15:46:09,925] {logging_mixin.py:104} INFO - [2021-11-21 15:46:09,925] {dag.py:1832} INFO - Sync 1 DAGs
[2021-11-21 15:46:10,017] {logging_mixin.py:104} INFO - [2021-11-21 15:46:10,016] {dag.py:2305} INFO - Setting next_dagrun for user_processing to 2021-11-20 00:00:00+00:00
[2021-11-21 15:46:10,091] {scheduler_job.py:190} INFO - Processing /home/airflow/airflow/dags/user_processing.py took 0.741 seconds
[2021-11-21 15:47:01,057] {scheduler_job.py:182} INFO - Started process (PID=3997) to work on /home/airflow/airflow/dags/user_processing.py
[2021-11-21 15:47:01,061] {scheduler_job.py:633} INFO - Processing file /home/airflow/airflow/dags/user_processing.py for tasks to queue
[2021-11-21 15:47:01,063] {logging_mixin.py:104} INFO - [2021-11-21 15:47:01,063] {dagbag.py:487} INFO - Filling up the DagBag from /home/airflow/airflow/dags/user_processing.py
[2021-11-21 15:47:01,129] {logging_mixin.py:104} WARNING - /home/airflow/sandbox/lib/python3.8/site-packages/airflow/providers/sqlite/operators/sqlite.py:25 DeprecationWarning: This decorator is deprecated.

In previous versions, all subclasses of BaseOperator must use apply_default decorator for the`default_args` feature to work properly.

In current version, it is optional. The decorator is applied automatically using the metaclass.
[2021-11-21 15:47:01,149] {scheduler_job.py:643} INFO - DAG(s) dict_keys(['user_processing']) retrieved from /home/airflow/airflow/dags/user_processing.py
[2021-11-21 15:47:01,182] {logging_mixin.py:104} INFO - [2021-11-21 15:47:01,182] {dag.py:1832} INFO - Sync 1 DAGs
[2021-11-21 15:47:01,238] {logging_mixin.py:104} INFO - [2021-11-21 15:47:01,238] {dag.py:2305} INFO - Setting next_dagrun for user_processing to 2021-11-20 00:00:00+00:00
[2021-11-21 15:47:01,298] {scheduler_job.py:190} INFO - Processing /home/airflow/airflow/dags/user_processing.py took 0.249 seconds
[2021-11-21 15:48:01,801] {scheduler_job.py:182} INFO - Started process (PID=4029) to work on /home/airflow/airflow/dags/user_processing.py
[2021-11-21 15:48:01,816] {scheduler_job.py:633} INFO - Processing file /home/airflow/airflow/dags/user_processing.py for tasks to queue
[2021-11-21 15:48:01,843] {logging_mixin.py:104} INFO - [2021-11-21 15:48:01,843] {dagbag.py:487} INFO - Filling up the DagBag from /home/airflow/airflow/dags/user_processing.py
[2021-11-21 15:48:01,983] {logging_mixin.py:104} WARNING - /home/airflow/sandbox/lib/python3.8/site-packages/airflow/providers/sqlite/operators/sqlite.py:25 DeprecationWarning: This decorator is deprecated.

In previous versions, all subclasses of BaseOperator must use apply_default decorator for the`default_args` feature to work properly.

In current version, it is optional. The decorator is applied automatically using the metaclass.
[2021-11-21 15:48:02,052] {scheduler_job.py:643} INFO - DAG(s) dict_keys(['user_processing']) retrieved from /home/airflow/airflow/dags/user_processing.py
[2021-11-21 15:48:02,102] {logging_mixin.py:104} INFO - [2021-11-21 15:48:02,102] {dag.py:1832} INFO - Sync 1 DAGs
[2021-11-21 15:48:02,189] {logging_mixin.py:104} INFO - [2021-11-21 15:48:02,189] {dag.py:2305} INFO - Setting next_dagrun for user_processing to 2021-11-20 00:00:00+00:00
[2021-11-21 15:48:02,250] {scheduler_job.py:190} INFO - Processing /home/airflow/airflow/dags/user_processing.py took 0.475 seconds
[2021-11-21 15:49:02,917] {scheduler_job.py:182} INFO - Started process (PID=4104) to work on /home/airflow/airflow/dags/user_processing.py
[2021-11-21 15:49:02,949] {scheduler_job.py:633} INFO - Processing file /home/airflow/airflow/dags/user_processing.py for tasks to queue
[2021-11-21 15:49:03,003] {logging_mixin.py:104} INFO - [2021-11-21 15:49:03,002] {dagbag.py:487} INFO - Filling up the DagBag from /home/airflow/airflow/dags/user_processing.py
[2021-11-21 15:49:03,110] {logging_mixin.py:104} WARNING - /home/airflow/sandbox/lib/python3.8/site-packages/airflow/providers/sqlite/operators/sqlite.py:25 DeprecationWarning: This decorator is deprecated.

In previous versions, all subclasses of BaseOperator must use apply_default decorator for the`default_args` feature to work properly.

In current version, it is optional. The decorator is applied automatically using the metaclass.
[2021-11-21 15:49:03,128] {scheduler_job.py:643} INFO - DAG(s) dict_keys(['user_processing']) retrieved from /home/airflow/airflow/dags/user_processing.py
[2021-11-21 15:49:03,156] {logging_mixin.py:104} INFO - [2021-11-21 15:49:03,153] {dag.py:1832} INFO - Sync 1 DAGs
[2021-11-21 15:49:03,189] {logging_mixin.py:104} INFO - [2021-11-21 15:49:03,189] {dag.py:2305} INFO - Setting next_dagrun for user_processing to 2021-11-20 00:00:00+00:00
[2021-11-21 15:49:03,224] {scheduler_job.py:190} INFO - Processing /home/airflow/airflow/dags/user_processing.py took 0.376 seconds
[2021-11-21 15:49:34,187] {scheduler_job.py:182} INFO - Started process (PID=4171) to work on /home/airflow/airflow/dags/user_processing.py
[2021-11-21 15:49:34,193] {scheduler_job.py:633} INFO - Processing file /home/airflow/airflow/dags/user_processing.py for tasks to queue
[2021-11-21 15:49:34,196] {logging_mixin.py:104} INFO - [2021-11-21 15:49:34,196] {dagbag.py:487} INFO - Filling up the DagBag from /home/airflow/airflow/dags/user_processing.py
[2021-11-21 15:49:34,289] {logging_mixin.py:104} WARNING - /home/airflow/sandbox/lib/python3.8/site-packages/airflow/providers/sqlite/operators/sqlite.py:25 DeprecationWarning: This decorator is deprecated.

In previous versions, all subclasses of BaseOperator must use apply_default decorator for the`default_args` feature to work properly.

In current version, it is optional. The decorator is applied automatically using the metaclass.
[2021-11-21 15:49:34,314] {scheduler_job.py:643} INFO - DAG(s) dict_keys(['user_processing']) retrieved from /home/airflow/airflow/dags/user_processing.py
[2021-11-21 15:49:34,380] {logging_mixin.py:104} INFO - [2021-11-21 15:49:34,379] {dag.py:1832} INFO - Sync 1 DAGs
[2021-11-21 15:49:34,431] {logging_mixin.py:104} INFO - [2021-11-21 15:49:34,431] {dag.py:2305} INFO - Setting next_dagrun for user_processing to 2021-11-20 00:00:00+00:00
[2021-11-21 15:49:34,485] {scheduler_job.py:190} INFO - Processing /home/airflow/airflow/dags/user_processing.py took 0.314 seconds
[2021-11-21 15:50:07,775] {scheduler_job.py:182} INFO - Started process (PID=4262) to work on /home/airflow/airflow/dags/user_processing.py
[2021-11-21 15:50:07,816] {scheduler_job.py:633} INFO - Processing file /home/airflow/airflow/dags/user_processing.py for tasks to queue
[2021-11-21 15:50:07,835] {logging_mixin.py:104} INFO - [2021-11-21 15:50:07,835] {dagbag.py:487} INFO - Filling up the DagBag from /home/airflow/airflow/dags/user_processing.py
[2021-11-21 15:50:08,083] {logging_mixin.py:104} WARNING - /home/airflow/sandbox/lib/python3.8/site-packages/airflow/providers/sqlite/operators/sqlite.py:25 DeprecationWarning: This decorator is deprecated.

In previous versions, all subclasses of BaseOperator must use apply_default decorator for the`default_args` feature to work properly.

In current version, it is optional. The decorator is applied automatically using the metaclass.
[2021-11-21 15:50:08,213] {scheduler_job.py:643} INFO - DAG(s) dict_keys(['user_processing']) retrieved from /home/airflow/airflow/dags/user_processing.py
[2021-11-21 15:50:08,438] {logging_mixin.py:104} INFO - [2021-11-21 15:50:08,438] {dag.py:1832} INFO - Sync 1 DAGs
[2021-11-21 15:50:08,703] {logging_mixin.py:104} INFO - [2021-11-21 15:50:08,702] {dag.py:2305} INFO - Setting next_dagrun for user_processing to 2021-11-20 00:00:00+00:00
[2021-11-21 15:50:08,899] {scheduler_job.py:190} INFO - Processing /home/airflow/airflow/dags/user_processing.py took 1.138 seconds
[2021-11-21 15:50:41,986] {scheduler_job.py:182} INFO - Started process (PID=4364) to work on /home/airflow/airflow/dags/user_processing.py
[2021-11-21 15:50:41,998] {scheduler_job.py:633} INFO - Processing file /home/airflow/airflow/dags/user_processing.py for tasks to queue
[2021-11-21 15:50:42,014] {logging_mixin.py:104} INFO - [2021-11-21 15:50:42,014] {dagbag.py:487} INFO - Filling up the DagBag from /home/airflow/airflow/dags/user_processing.py
[2021-11-21 15:50:42,135] {logging_mixin.py:104} WARNING - /home/airflow/sandbox/lib/python3.8/site-packages/airflow/providers/sqlite/operators/sqlite.py:25 DeprecationWarning: This decorator is deprecated.

In previous versions, all subclasses of BaseOperator must use apply_default decorator for the`default_args` feature to work properly.

In current version, it is optional. The decorator is applied automatically using the metaclass.
[2021-11-21 15:50:42,202] {scheduler_job.py:643} INFO - DAG(s) dict_keys(['user_processing']) retrieved from /home/airflow/airflow/dags/user_processing.py
[2021-11-21 15:50:42,314] {logging_mixin.py:104} INFO - [2021-11-21 15:50:42,314] {dag.py:1832} INFO - Sync 1 DAGs
[2021-11-21 15:50:42,356] {logging_mixin.py:104} INFO - [2021-11-21 15:50:42,356] {dag.py:2305} INFO - Setting next_dagrun for user_processing to 2021-11-20 00:00:00+00:00
[2021-11-21 15:50:42,432] {scheduler_job.py:190} INFO - Processing /home/airflow/airflow/dags/user_processing.py took 0.470 seconds
[2021-11-21 15:51:44,466] {scheduler_job.py:182} INFO - Started process (PID=4517) to work on /home/airflow/airflow/dags/user_processing.py
[2021-11-21 15:51:44,474] {scheduler_job.py:633} INFO - Processing file /home/airflow/airflow/dags/user_processing.py for tasks to queue
[2021-11-21 15:51:44,476] {logging_mixin.py:104} INFO - [2021-11-21 15:51:44,475] {dagbag.py:487} INFO - Filling up the DagBag from /home/airflow/airflow/dags/user_processing.py
[2021-11-21 15:51:44,599] {logging_mixin.py:104} WARNING - /home/airflow/sandbox/lib/python3.8/site-packages/airflow/providers/sqlite/operators/sqlite.py:25 DeprecationWarning: This decorator is deprecated.

In previous versions, all subclasses of BaseOperator must use apply_default decorator for the`default_args` feature to work properly.

In current version, it is optional. The decorator is applied automatically using the metaclass.
[2021-11-21 15:51:44,716] {scheduler_job.py:643} INFO - DAG(s) dict_keys(['user_processing']) retrieved from /home/airflow/airflow/dags/user_processing.py
[2021-11-21 15:51:44,825] {logging_mixin.py:104} INFO - [2021-11-21 15:51:44,825] {dag.py:1832} INFO - Sync 1 DAGs
[2021-11-21 15:51:44,930] {logging_mixin.py:104} INFO - [2021-11-21 15:51:44,930] {dag.py:2305} INFO - Setting next_dagrun for user_processing to 2021-11-20 00:00:00+00:00
[2021-11-21 15:51:45,039] {scheduler_job.py:190} INFO - Processing /home/airflow/airflow/dags/user_processing.py took 0.617 seconds
[2021-11-21 15:52:42,678] {scheduler_job.py:182} INFO - Started process (PID=4645) to work on /home/airflow/airflow/dags/user_processing.py
[2021-11-21 15:52:42,698] {scheduler_job.py:633} INFO - Processing file /home/airflow/airflow/dags/user_processing.py for tasks to queue
[2021-11-21 15:52:42,712] {logging_mixin.py:104} INFO - [2021-11-21 15:52:42,712] {dagbag.py:487} INFO - Filling up the DagBag from /home/airflow/airflow/dags/user_processing.py
[2021-11-21 15:52:42,931] {logging_mixin.py:104} WARNING - /home/airflow/sandbox/lib/python3.8/site-packages/airflow/providers/sqlite/operators/sqlite.py:25 DeprecationWarning: This decorator is deprecated.

In previous versions, all subclasses of BaseOperator must use apply_default decorator for the`default_args` feature to work properly.

In current version, it is optional. The decorator is applied automatically using the metaclass.
[2021-11-21 15:52:43,002] {scheduler_job.py:643} INFO - DAG(s) dict_keys(['user_processing']) retrieved from /home/airflow/airflow/dags/user_processing.py
[2021-11-21 15:52:43,114] {logging_mixin.py:104} INFO - [2021-11-21 15:52:43,114] {dag.py:1832} INFO - Sync 1 DAGs
[2021-11-21 15:52:43,286] {logging_mixin.py:104} INFO - [2021-11-21 15:52:43,285] {dag.py:2305} INFO - Setting next_dagrun for user_processing to 2021-11-20 00:00:00+00:00
[2021-11-21 15:52:43,433] {scheduler_job.py:190} INFO - Processing /home/airflow/airflow/dags/user_processing.py took 0.785 seconds
[2021-11-21 15:53:13,613] {scheduler_job.py:182} INFO - Started process (PID=4693) to work on /home/airflow/airflow/dags/user_processing.py
[2021-11-21 15:53:13,624] {scheduler_job.py:633} INFO - Processing file /home/airflow/airflow/dags/user_processing.py for tasks to queue
[2021-11-21 15:53:13,634] {logging_mixin.py:104} INFO - [2021-11-21 15:53:13,634] {dagbag.py:487} INFO - Filling up the DagBag from /home/airflow/airflow/dags/user_processing.py
[2021-11-21 15:53:13,737] {logging_mixin.py:104} WARNING - /home/airflow/sandbox/lib/python3.8/site-packages/airflow/providers/sqlite/operators/sqlite.py:25 DeprecationWarning: This decorator is deprecated.

In previous versions, all subclasses of BaseOperator must use apply_default decorator for the`default_args` feature to work properly.

In current version, it is optional. The decorator is applied automatically using the metaclass.
[2021-11-21 15:53:13,815] {scheduler_job.py:643} INFO - DAG(s) dict_keys(['user_processing']) retrieved from /home/airflow/airflow/dags/user_processing.py
[2021-11-21 15:53:13,935] {logging_mixin.py:104} INFO - [2021-11-21 15:53:13,934] {dag.py:1832} INFO - Sync 1 DAGs
[2021-11-21 15:53:14,086] {logging_mixin.py:104} INFO - [2021-11-21 15:53:14,085] {dag.py:2305} INFO - Setting next_dagrun for user_processing to 2021-11-20 00:00:00+00:00
[2021-11-21 15:53:14,191] {scheduler_job.py:190} INFO - Processing /home/airflow/airflow/dags/user_processing.py took 0.596 seconds
[2021-11-21 15:53:48,027] {scheduler_job.py:182} INFO - Started process (PID=4872) to work on /home/airflow/airflow/dags/user_processing.py
[2021-11-21 15:53:48,039] {scheduler_job.py:633} INFO - Processing file /home/airflow/airflow/dags/user_processing.py for tasks to queue
[2021-11-21 15:53:48,047] {logging_mixin.py:104} INFO - [2021-11-21 15:53:48,046] {dagbag.py:487} INFO - Filling up the DagBag from /home/airflow/airflow/dags/user_processing.py
[2021-11-21 15:53:48,153] {logging_mixin.py:104} WARNING - /home/airflow/sandbox/lib/python3.8/site-packages/airflow/providers/sqlite/operators/sqlite.py:25 DeprecationWarning: This decorator is deprecated.

In previous versions, all subclasses of BaseOperator must use apply_default decorator for the`default_args` feature to work properly.

In current version, it is optional. The decorator is applied automatically using the metaclass.
[2021-11-21 15:53:48,203] {scheduler_job.py:643} INFO - DAG(s) dict_keys(['user_processing']) retrieved from /home/airflow/airflow/dags/user_processing.py
[2021-11-21 15:53:48,302] {logging_mixin.py:104} INFO - [2021-11-21 15:53:48,302] {dag.py:1832} INFO - Sync 1 DAGs
[2021-11-21 15:53:48,390] {logging_mixin.py:104} INFO - [2021-11-21 15:53:48,390] {dag.py:2305} INFO - Setting next_dagrun for user_processing to 2021-11-20 00:00:00+00:00
[2021-11-21 15:53:48,445] {scheduler_job.py:190} INFO - Processing /home/airflow/airflow/dags/user_processing.py took 0.435 seconds
[2021-11-21 15:54:22,564] {scheduler_job.py:182} INFO - Started process (PID=4892) to work on /home/airflow/airflow/dags/user_processing.py
[2021-11-21 15:54:22,574] {scheduler_job.py:633} INFO - Processing file /home/airflow/airflow/dags/user_processing.py for tasks to queue
[2021-11-21 15:54:22,577] {logging_mixin.py:104} INFO - [2021-11-21 15:54:22,577] {dagbag.py:487} INFO - Filling up the DagBag from /home/airflow/airflow/dags/user_processing.py
[2021-11-21 15:54:22,681] {logging_mixin.py:104} WARNING - /home/airflow/sandbox/lib/python3.8/site-packages/airflow/providers/sqlite/operators/sqlite.py:25 DeprecationWarning: This decorator is deprecated.

In previous versions, all subclasses of BaseOperator must use apply_default decorator for the`default_args` feature to work properly.

In current version, it is optional. The decorator is applied automatically using the metaclass.
[2021-11-21 15:54:22,715] {scheduler_job.py:643} INFO - DAG(s) dict_keys(['user_processing']) retrieved from /home/airflow/airflow/dags/user_processing.py
[2021-11-21 15:54:22,754] {logging_mixin.py:104} INFO - [2021-11-21 15:54:22,754] {dag.py:1832} INFO - Sync 1 DAGs
[2021-11-21 15:54:22,786] {logging_mixin.py:104} INFO - [2021-11-21 15:54:22,786] {dag.py:2305} INFO - Setting next_dagrun for user_processing to 2021-11-20 00:00:00+00:00
[2021-11-21 15:54:22,851] {scheduler_job.py:190} INFO - Processing /home/airflow/airflow/dags/user_processing.py took 0.299 seconds
[2021-11-21 15:55:07,960] {scheduler_job.py:182} INFO - Started process (PID=4981) to work on /home/airflow/airflow/dags/user_processing.py
[2021-11-21 15:55:07,970] {scheduler_job.py:633} INFO - Processing file /home/airflow/airflow/dags/user_processing.py for tasks to queue
[2021-11-21 15:55:07,974] {logging_mixin.py:104} INFO - [2021-11-21 15:55:07,974] {dagbag.py:487} INFO - Filling up the DagBag from /home/airflow/airflow/dags/user_processing.py
[2021-11-21 15:55:08,057] {logging_mixin.py:104} WARNING - /home/airflow/sandbox/lib/python3.8/site-packages/airflow/providers/sqlite/operators/sqlite.py:25 DeprecationWarning: This decorator is deprecated.

In previous versions, all subclasses of BaseOperator must use apply_default decorator for the`default_args` feature to work properly.

In current version, it is optional. The decorator is applied automatically using the metaclass.
[2021-11-21 15:55:08,097] {scheduler_job.py:643} INFO - DAG(s) dict_keys(['user_processing']) retrieved from /home/airflow/airflow/dags/user_processing.py
[2021-11-21 15:55:08,162] {logging_mixin.py:104} INFO - [2021-11-21 15:55:08,162] {dag.py:1832} INFO - Sync 1 DAGs
[2021-11-21 15:55:08,193] {logging_mixin.py:104} INFO - [2021-11-21 15:55:08,193] {dag.py:2305} INFO - Setting next_dagrun for user_processing to 2021-11-20 00:00:00+00:00
[2021-11-21 15:55:08,247] {scheduler_job.py:190} INFO - Processing /home/airflow/airflow/dags/user_processing.py took 0.298 seconds
[2021-11-21 15:55:45,164] {scheduler_job.py:182} INFO - Started process (PID=5007) to work on /home/airflow/airflow/dags/user_processing.py
[2021-11-21 15:55:45,177] {scheduler_job.py:633} INFO - Processing file /home/airflow/airflow/dags/user_processing.py for tasks to queue
[2021-11-21 15:55:45,180] {logging_mixin.py:104} INFO - [2021-11-21 15:55:45,179] {dagbag.py:487} INFO - Filling up the DagBag from /home/airflow/airflow/dags/user_processing.py
[2021-11-21 15:55:45,204] {logging_mixin.py:104} WARNING - /home/airflow/sandbox/lib/python3.8/site-packages/airflow/providers/sqlite/operators/sqlite.py:25 DeprecationWarning: This decorator is deprecated.

In previous versions, all subclasses of BaseOperator must use apply_default decorator for the`default_args` feature to work properly.

In current version, it is optional. The decorator is applied automatically using the metaclass.
[2021-11-21 15:55:45,230] {scheduler_job.py:643} INFO - DAG(s) dict_keys(['user_processing']) retrieved from /home/airflow/airflow/dags/user_processing.py
[2021-11-21 15:55:45,263] {logging_mixin.py:104} INFO - [2021-11-21 15:55:45,262] {dag.py:1832} INFO - Sync 1 DAGs
[2021-11-21 15:55:45,308] {logging_mixin.py:104} INFO - [2021-11-21 15:55:45,308] {dag.py:2305} INFO - Setting next_dagrun for user_processing to 2021-11-20 00:00:00+00:00
[2021-11-21 15:55:45,365] {scheduler_job.py:190} INFO - Processing /home/airflow/airflow/dags/user_processing.py took 0.210 seconds
[2021-11-21 15:56:24,377] {scheduler_job.py:182} INFO - Started process (PID=5092) to work on /home/airflow/airflow/dags/user_processing.py
[2021-11-21 15:56:24,411] {scheduler_job.py:633} INFO - Processing file /home/airflow/airflow/dags/user_processing.py for tasks to queue
[2021-11-21 15:56:24,417] {logging_mixin.py:104} INFO - [2021-11-21 15:56:24,417] {dagbag.py:487} INFO - Filling up the DagBag from /home/airflow/airflow/dags/user_processing.py
[2021-11-21 15:56:24,554] {logging_mixin.py:104} WARNING - /home/airflow/sandbox/lib/python3.8/site-packages/airflow/providers/sqlite/operators/sqlite.py:25 DeprecationWarning: This decorator is deprecated.

In previous versions, all subclasses of BaseOperator must use apply_default decorator for the`default_args` feature to work properly.

In current version, it is optional. The decorator is applied automatically using the metaclass.
[2021-11-21 15:56:24,621] {scheduler_job.py:643} INFO - DAG(s) dict_keys(['user_processing']) retrieved from /home/airflow/airflow/dags/user_processing.py
[2021-11-21 15:56:24,727] {logging_mixin.py:104} INFO - [2021-11-21 15:56:24,727] {dag.py:1832} INFO - Sync 1 DAGs
[2021-11-21 15:56:24,769] {logging_mixin.py:104} INFO - [2021-11-21 15:56:24,769] {dag.py:2305} INFO - Setting next_dagrun for user_processing to 2021-11-20 00:00:00+00:00
[2021-11-21 15:56:24,825] {scheduler_job.py:190} INFO - Processing /home/airflow/airflow/dags/user_processing.py took 0.469 seconds
[2021-11-21 15:57:19,835] {scheduler_job.py:182} INFO - Started process (PID=5146) to work on /home/airflow/airflow/dags/user_processing.py
[2021-11-21 15:57:19,860] {scheduler_job.py:633} INFO - Processing file /home/airflow/airflow/dags/user_processing.py for tasks to queue
[2021-11-21 15:57:19,881] {logging_mixin.py:104} INFO - [2021-11-21 15:57:19,881] {dagbag.py:487} INFO - Filling up the DagBag from /home/airflow/airflow/dags/user_processing.py
[2021-11-21 15:57:20,045] {logging_mixin.py:104} WARNING - /home/airflow/sandbox/lib/python3.8/site-packages/airflow/providers/sqlite/operators/sqlite.py:25 DeprecationWarning: This decorator is deprecated.

In previous versions, all subclasses of BaseOperator must use apply_default decorator for the`default_args` feature to work properly.

In current version, it is optional. The decorator is applied automatically using the metaclass.
[2021-11-21 15:57:20,096] {scheduler_job.py:643} INFO - DAG(s) dict_keys(['user_processing']) retrieved from /home/airflow/airflow/dags/user_processing.py
[2021-11-21 15:57:20,212] {logging_mixin.py:104} INFO - [2021-11-21 15:57:20,212] {dag.py:1832} INFO - Sync 1 DAGs
[2021-11-21 15:57:20,351] {logging_mixin.py:104} INFO - [2021-11-21 15:57:20,351] {dag.py:2305} INFO - Setting next_dagrun for user_processing to 2021-11-20 00:00:00+00:00
[2021-11-21 15:57:20,518] {scheduler_job.py:190} INFO - Processing /home/airflow/airflow/dags/user_processing.py took 0.711 seconds
[2021-11-21 15:57:56,405] {scheduler_job.py:182} INFO - Started process (PID=5281) to work on /home/airflow/airflow/dags/user_processing.py
[2021-11-21 15:57:56,413] {scheduler_job.py:633} INFO - Processing file /home/airflow/airflow/dags/user_processing.py for tasks to queue
[2021-11-21 15:57:56,414] {logging_mixin.py:104} INFO - [2021-11-21 15:57:56,414] {dagbag.py:487} INFO - Filling up the DagBag from /home/airflow/airflow/dags/user_processing.py
[2021-11-21 15:57:56,473] {logging_mixin.py:104} WARNING - /home/airflow/sandbox/lib/python3.8/site-packages/airflow/providers/sqlite/operators/sqlite.py:25 DeprecationWarning: This decorator is deprecated.

In previous versions, all subclasses of BaseOperator must use apply_default decorator for the`default_args` feature to work properly.

In current version, it is optional. The decorator is applied automatically using the metaclass.
[2021-11-21 15:57:56,490] {scheduler_job.py:643} INFO - DAG(s) dict_keys(['user_processing']) retrieved from /home/airflow/airflow/dags/user_processing.py
[2021-11-21 15:57:56,514] {logging_mixin.py:104} INFO - [2021-11-21 15:57:56,514] {dag.py:1832} INFO - Sync 1 DAGs
[2021-11-21 15:57:56,563] {logging_mixin.py:104} INFO - [2021-11-21 15:57:56,563] {dag.py:2305} INFO - Setting next_dagrun for user_processing to 2021-11-20 00:00:00+00:00
[2021-11-21 15:57:56,641] {scheduler_job.py:190} INFO - Processing /home/airflow/airflow/dags/user_processing.py took 0.242 seconds
[2021-11-21 15:58:27,599] {scheduler_job.py:182} INFO - Started process (PID=5363) to work on /home/airflow/airflow/dags/user_processing.py
[2021-11-21 15:58:27,609] {scheduler_job.py:633} INFO - Processing file /home/airflow/airflow/dags/user_processing.py for tasks to queue
[2021-11-21 15:58:27,662] {logging_mixin.py:104} INFO - [2021-11-21 15:58:27,659] {dagbag.py:487} INFO - Filling up the DagBag from /home/airflow/airflow/dags/user_processing.py
[2021-11-21 15:58:27,790] {logging_mixin.py:104} WARNING - /home/airflow/sandbox/lib/python3.8/site-packages/airflow/providers/sqlite/operators/sqlite.py:25 DeprecationWarning: This decorator is deprecated.

In previous versions, all subclasses of BaseOperator must use apply_default decorator for the`default_args` feature to work properly.

In current version, it is optional. The decorator is applied automatically using the metaclass.
[2021-11-21 15:58:27,846] {scheduler_job.py:643} INFO - DAG(s) dict_keys(['user_processing']) retrieved from /home/airflow/airflow/dags/user_processing.py
[2021-11-21 15:58:27,992] {logging_mixin.py:104} INFO - [2021-11-21 15:58:27,992] {dag.py:1832} INFO - Sync 1 DAGs
[2021-11-21 15:58:28,090] {logging_mixin.py:104} INFO - [2021-11-21 15:58:28,090] {dag.py:2305} INFO - Setting next_dagrun for user_processing to 2021-11-20 00:00:00+00:00
[2021-11-21 15:58:28,179] {scheduler_job.py:190} INFO - Processing /home/airflow/airflow/dags/user_processing.py took 0.601 seconds
[2021-11-21 15:59:26,693] {scheduler_job.py:182} INFO - Started process (PID=5457) to work on /home/airflow/airflow/dags/user_processing.py
[2021-11-21 15:59:26,701] {scheduler_job.py:633} INFO - Processing file /home/airflow/airflow/dags/user_processing.py for tasks to queue
[2021-11-21 15:59:26,703] {logging_mixin.py:104} INFO - [2021-11-21 15:59:26,703] {dagbag.py:487} INFO - Filling up the DagBag from /home/airflow/airflow/dags/user_processing.py
[2021-11-21 15:59:26,811] {logging_mixin.py:104} WARNING - /home/airflow/sandbox/lib/python3.8/site-packages/airflow/providers/sqlite/operators/sqlite.py:25 DeprecationWarning: This decorator is deprecated.

In previous versions, all subclasses of BaseOperator must use apply_default decorator for the`default_args` feature to work properly.

In current version, it is optional. The decorator is applied automatically using the metaclass.
[2021-11-21 15:59:26,881] {scheduler_job.py:643} INFO - DAG(s) dict_keys(['user_processing']) retrieved from /home/airflow/airflow/dags/user_processing.py
[2021-11-21 15:59:26,960] {logging_mixin.py:104} INFO - [2021-11-21 15:59:26,959] {dag.py:1832} INFO - Sync 1 DAGs
[2021-11-21 15:59:27,118] {logging_mixin.py:104} INFO - [2021-11-21 15:59:27,117] {dag.py:2305} INFO - Setting next_dagrun for user_processing to 2021-11-20 00:00:00+00:00
[2021-11-21 15:59:27,307] {scheduler_job.py:190} INFO - Processing /home/airflow/airflow/dags/user_processing.py took 0.628 seconds
[2021-11-21 16:00:14,041] {scheduler_job.py:182} INFO - Started process (PID=5531) to work on /home/airflow/airflow/dags/user_processing.py
[2021-11-21 16:00:14,053] {scheduler_job.py:633} INFO - Processing file /home/airflow/airflow/dags/user_processing.py for tasks to queue
[2021-11-21 16:00:14,057] {logging_mixin.py:104} INFO - [2021-11-21 16:00:14,057] {dagbag.py:487} INFO - Filling up the DagBag from /home/airflow/airflow/dags/user_processing.py
[2021-11-21 16:00:14,153] {logging_mixin.py:104} WARNING - /home/airflow/sandbox/lib/python3.8/site-packages/airflow/providers/sqlite/operators/sqlite.py:25 DeprecationWarning: This decorator is deprecated.

In previous versions, all subclasses of BaseOperator must use apply_default decorator for the`default_args` feature to work properly.

In current version, it is optional. The decorator is applied automatically using the metaclass.
[2021-11-21 16:00:14,196] {scheduler_job.py:643} INFO - DAG(s) dict_keys(['user_processing']) retrieved from /home/airflow/airflow/dags/user_processing.py
[2021-11-21 16:00:14,306] {logging_mixin.py:104} INFO - [2021-11-21 16:00:14,305] {dag.py:1832} INFO - Sync 1 DAGs
[2021-11-21 16:00:14,398] {logging_mixin.py:104} INFO - [2021-11-21 16:00:14,398] {dag.py:2305} INFO - Setting next_dagrun for user_processing to 2021-11-20 00:00:00+00:00
[2021-11-21 16:00:14,469] {scheduler_job.py:190} INFO - Processing /home/airflow/airflow/dags/user_processing.py took 0.439 seconds
[2021-11-21 16:01:01,476] {scheduler_job.py:182} INFO - Started process (PID=5635) to work on /home/airflow/airflow/dags/user_processing.py
[2021-11-21 16:01:01,489] {scheduler_job.py:633} INFO - Processing file /home/airflow/airflow/dags/user_processing.py for tasks to queue
[2021-11-21 16:01:01,492] {logging_mixin.py:104} INFO - [2021-11-21 16:01:01,492] {dagbag.py:487} INFO - Filling up the DagBag from /home/airflow/airflow/dags/user_processing.py
[2021-11-21 16:01:01,533] {logging_mixin.py:104} WARNING - /home/airflow/sandbox/lib/python3.8/site-packages/airflow/providers/sqlite/operators/sqlite.py:25 DeprecationWarning: This decorator is deprecated.

In previous versions, all subclasses of BaseOperator must use apply_default decorator for the`default_args` feature to work properly.

In current version, it is optional. The decorator is applied automatically using the metaclass.
[2021-11-21 16:01:01,558] {scheduler_job.py:643} INFO - DAG(s) dict_keys(['user_processing']) retrieved from /home/airflow/airflow/dags/user_processing.py
[2021-11-21 16:01:01,606] {logging_mixin.py:104} INFO - [2021-11-21 16:01:01,606] {dag.py:1832} INFO - Sync 1 DAGs
[2021-11-21 16:01:01,649] {logging_mixin.py:104} INFO - [2021-11-21 16:01:01,649] {dag.py:2305} INFO - Setting next_dagrun for user_processing to 2021-11-20 00:00:00+00:00
[2021-11-21 16:01:01,699] {scheduler_job.py:190} INFO - Processing /home/airflow/airflow/dags/user_processing.py took 0.235 seconds
[2021-11-21 16:01:43,969] {scheduler_job.py:182} INFO - Started process (PID=5664) to work on /home/airflow/airflow/dags/user_processing.py
[2021-11-21 16:01:43,981] {scheduler_job.py:633} INFO - Processing file /home/airflow/airflow/dags/user_processing.py for tasks to queue
[2021-11-21 16:01:43,985] {logging_mixin.py:104} INFO - [2021-11-21 16:01:43,985] {dagbag.py:487} INFO - Filling up the DagBag from /home/airflow/airflow/dags/user_processing.py
[2021-11-21 16:01:44,062] {logging_mixin.py:104} WARNING - /home/airflow/sandbox/lib/python3.8/site-packages/airflow/providers/sqlite/operators/sqlite.py:25 DeprecationWarning: This decorator is deprecated.

In previous versions, all subclasses of BaseOperator must use apply_default decorator for the`default_args` feature to work properly.

In current version, it is optional. The decorator is applied automatically using the metaclass.
[2021-11-21 16:01:44,090] {scheduler_job.py:643} INFO - DAG(s) dict_keys(['user_processing']) retrieved from /home/airflow/airflow/dags/user_processing.py
[2021-11-21 16:01:44,122] {logging_mixin.py:104} INFO - [2021-11-21 16:01:44,122] {dag.py:1832} INFO - Sync 1 DAGs
[2021-11-21 16:01:44,176] {logging_mixin.py:104} INFO - [2021-11-21 16:01:44,176] {dag.py:2305} INFO - Setting next_dagrun for user_processing to 2021-11-20 00:00:00+00:00
[2021-11-21 16:01:44,368] {scheduler_job.py:190} INFO - Processing /home/airflow/airflow/dags/user_processing.py took 0.426 seconds
[2021-11-21 16:02:22,925] {scheduler_job.py:182} INFO - Started process (PID=5753) to work on /home/airflow/airflow/dags/user_processing.py
[2021-11-21 16:02:22,930] {scheduler_job.py:633} INFO - Processing file /home/airflow/airflow/dags/user_processing.py for tasks to queue
[2021-11-21 16:02:22,941] {logging_mixin.py:104} INFO - [2021-11-21 16:02:22,941] {dagbag.py:487} INFO - Filling up the DagBag from /home/airflow/airflow/dags/user_processing.py
[2021-11-21 16:02:23,015] {logging_mixin.py:104} WARNING - /home/airflow/sandbox/lib/python3.8/site-packages/airflow/providers/sqlite/operators/sqlite.py:25 DeprecationWarning: This decorator is deprecated.

In previous versions, all subclasses of BaseOperator must use apply_default decorator for the`default_args` feature to work properly.

In current version, it is optional. The decorator is applied automatically using the metaclass.
[2021-11-21 16:02:23,049] {scheduler_job.py:643} INFO - DAG(s) dict_keys(['user_processing']) retrieved from /home/airflow/airflow/dags/user_processing.py
[2021-11-21 16:02:23,119] {logging_mixin.py:104} INFO - [2021-11-21 16:02:23,119] {dag.py:1832} INFO - Sync 1 DAGs
[2021-11-21 16:02:23,157] {logging_mixin.py:104} INFO - [2021-11-21 16:02:23,157] {dag.py:2305} INFO - Setting next_dagrun for user_processing to 2021-11-20 00:00:00+00:00
[2021-11-21 16:02:23,205] {scheduler_job.py:190} INFO - Processing /home/airflow/airflow/dags/user_processing.py took 0.291 seconds
[2021-11-21 16:03:00,076] {scheduler_job.py:182} INFO - Started process (PID=5779) to work on /home/airflow/airflow/dags/user_processing.py
[2021-11-21 16:03:00,082] {scheduler_job.py:633} INFO - Processing file /home/airflow/airflow/dags/user_processing.py for tasks to queue
[2021-11-21 16:03:00,092] {logging_mixin.py:104} INFO - [2021-11-21 16:03:00,091] {dagbag.py:487} INFO - Filling up the DagBag from /home/airflow/airflow/dags/user_processing.py
[2021-11-21 16:03:00,188] {logging_mixin.py:104} WARNING - /home/airflow/sandbox/lib/python3.8/site-packages/airflow/providers/sqlite/operators/sqlite.py:25 DeprecationWarning: This decorator is deprecated.

In previous versions, all subclasses of BaseOperator must use apply_default decorator for the`default_args` feature to work properly.

In current version, it is optional. The decorator is applied automatically using the metaclass.
[2021-11-21 16:03:00,232] {scheduler_job.py:643} INFO - DAG(s) dict_keys(['user_processing']) retrieved from /home/airflow/airflow/dags/user_processing.py
[2021-11-21 16:03:00,325] {logging_mixin.py:104} INFO - [2021-11-21 16:03:00,318] {dag.py:1832} INFO - Sync 1 DAGs
[2021-11-21 16:03:00,422] {logging_mixin.py:104} INFO - [2021-11-21 16:03:00,422] {dag.py:2305} INFO - Setting next_dagrun for user_processing to 2021-11-20 00:00:00+00:00
[2021-11-21 16:03:00,547] {scheduler_job.py:190} INFO - Processing /home/airflow/airflow/dags/user_processing.py took 0.490 seconds
[2021-11-21 16:03:35,303] {scheduler_job.py:182} INFO - Started process (PID=5845) to work on /home/airflow/airflow/dags/user_processing.py
[2021-11-21 16:03:35,315] {scheduler_job.py:633} INFO - Processing file /home/airflow/airflow/dags/user_processing.py for tasks to queue
[2021-11-21 16:03:35,318] {logging_mixin.py:104} INFO - [2021-11-21 16:03:35,318] {dagbag.py:487} INFO - Filling up the DagBag from /home/airflow/airflow/dags/user_processing.py
[2021-11-21 16:03:35,350] {logging_mixin.py:104} WARNING - /home/airflow/sandbox/lib/python3.8/site-packages/airflow/providers/sqlite/operators/sqlite.py:25 DeprecationWarning: This decorator is deprecated.

In previous versions, all subclasses of BaseOperator must use apply_default decorator for the`default_args` feature to work properly.

In current version, it is optional. The decorator is applied automatically using the metaclass.
[2021-11-21 16:03:35,378] {scheduler_job.py:643} INFO - DAG(s) dict_keys(['user_processing']) retrieved from /home/airflow/airflow/dags/user_processing.py
[2021-11-21 16:03:35,402] {logging_mixin.py:104} INFO - [2021-11-21 16:03:35,402] {dag.py:1832} INFO - Sync 1 DAGs
[2021-11-21 16:03:35,437] {logging_mixin.py:104} INFO - [2021-11-21 16:03:35,437] {dag.py:2305} INFO - Setting next_dagrun for user_processing to 2021-11-20 00:00:00+00:00
[2021-11-21 16:03:35,498] {scheduler_job.py:190} INFO - Processing /home/airflow/airflow/dags/user_processing.py took 0.216 seconds
[2021-11-21 16:04:09,621] {scheduler_job.py:182} INFO - Started process (PID=5869) to work on /home/airflow/airflow/dags/user_processing.py
[2021-11-21 16:04:09,630] {scheduler_job.py:633} INFO - Processing file /home/airflow/airflow/dags/user_processing.py for tasks to queue
[2021-11-21 16:04:09,634] {logging_mixin.py:104} INFO - [2021-11-21 16:04:09,634] {dagbag.py:487} INFO - Filling up the DagBag from /home/airflow/airflow/dags/user_processing.py
[2021-11-21 16:04:09,703] {logging_mixin.py:104} WARNING - /home/airflow/sandbox/lib/python3.8/site-packages/airflow/providers/sqlite/operators/sqlite.py:25 DeprecationWarning: This decorator is deprecated.

In previous versions, all subclasses of BaseOperator must use apply_default decorator for the`default_args` feature to work properly.

In current version, it is optional. The decorator is applied automatically using the metaclass.
[2021-11-21 16:04:09,745] {scheduler_job.py:643} INFO - DAG(s) dict_keys(['user_processing']) retrieved from /home/airflow/airflow/dags/user_processing.py
[2021-11-21 16:04:09,841] {logging_mixin.py:104} INFO - [2021-11-21 16:04:09,840] {dag.py:1832} INFO - Sync 1 DAGs
[2021-11-21 16:04:09,959] {logging_mixin.py:104} INFO - [2021-11-21 16:04:09,958] {dag.py:2305} INFO - Setting next_dagrun for user_processing to 2021-11-20 00:00:00+00:00
[2021-11-21 16:04:10,039] {scheduler_job.py:190} INFO - Processing /home/airflow/airflow/dags/user_processing.py took 0.430 seconds
[2021-11-21 16:04:42,391] {scheduler_job.py:182} INFO - Started process (PID=5893) to work on /home/airflow/airflow/dags/user_processing.py
[2021-11-21 16:04:42,396] {scheduler_job.py:633} INFO - Processing file /home/airflow/airflow/dags/user_processing.py for tasks to queue
[2021-11-21 16:04:42,402] {logging_mixin.py:104} INFO - [2021-11-21 16:04:42,401] {dagbag.py:487} INFO - Filling up the DagBag from /home/airflow/airflow/dags/user_processing.py
[2021-11-21 16:04:42,490] {logging_mixin.py:104} WARNING - /home/airflow/sandbox/lib/python3.8/site-packages/airflow/providers/sqlite/operators/sqlite.py:25 DeprecationWarning: This decorator is deprecated.

In previous versions, all subclasses of BaseOperator must use apply_default decorator for the`default_args` feature to work properly.

In current version, it is optional. The decorator is applied automatically using the metaclass.
[2021-11-21 16:04:42,539] {scheduler_job.py:643} INFO - DAG(s) dict_keys(['user_processing']) retrieved from /home/airflow/airflow/dags/user_processing.py
[2021-11-21 16:04:42,582] {logging_mixin.py:104} INFO - [2021-11-21 16:04:42,582] {dag.py:1832} INFO - Sync 1 DAGs
[2021-11-21 16:04:42,613] {logging_mixin.py:104} INFO - [2021-11-21 16:04:42,613] {dag.py:2305} INFO - Setting next_dagrun for user_processing to 2021-11-20 00:00:00+00:00
[2021-11-21 16:04:42,655] {scheduler_job.py:190} INFO - Processing /home/airflow/airflow/dags/user_processing.py took 0.281 seconds
[2021-11-21 16:05:13,880] {scheduler_job.py:182} INFO - Started process (PID=5915) to work on /home/airflow/airflow/dags/user_processing.py
[2021-11-21 16:05:13,886] {scheduler_job.py:633} INFO - Processing file /home/airflow/airflow/dags/user_processing.py for tasks to queue
[2021-11-21 16:05:13,894] {logging_mixin.py:104} INFO - [2021-11-21 16:05:13,894] {dagbag.py:487} INFO - Filling up the DagBag from /home/airflow/airflow/dags/user_processing.py
[2021-11-21 16:05:13,971] {logging_mixin.py:104} WARNING - /home/airflow/sandbox/lib/python3.8/site-packages/airflow/providers/sqlite/operators/sqlite.py:25 DeprecationWarning: This decorator is deprecated.

In previous versions, all subclasses of BaseOperator must use apply_default decorator for the`default_args` feature to work properly.

In current version, it is optional. The decorator is applied automatically using the metaclass.
[2021-11-21 16:05:14,004] {scheduler_job.py:643} INFO - DAG(s) dict_keys(['user_processing']) retrieved from /home/airflow/airflow/dags/user_processing.py
[2021-11-21 16:05:14,177] {logging_mixin.py:104} INFO - [2021-11-21 16:05:14,177] {dag.py:1832} INFO - Sync 1 DAGs
[2021-11-21 16:05:14,210] {logging_mixin.py:104} INFO - [2021-11-21 16:05:14,210] {dag.py:2305} INFO - Setting next_dagrun for user_processing to 2021-11-20 00:00:00+00:00
[2021-11-21 16:05:14,279] {scheduler_job.py:190} INFO - Processing /home/airflow/airflow/dags/user_processing.py took 0.415 seconds
[2021-11-21 16:05:51,454] {scheduler_job.py:182} INFO - Started process (PID=5938) to work on /home/airflow/airflow/dags/user_processing.py
[2021-11-21 16:05:51,471] {scheduler_job.py:633} INFO - Processing file /home/airflow/airflow/dags/user_processing.py for tasks to queue
[2021-11-21 16:05:51,473] {logging_mixin.py:104} INFO - [2021-11-21 16:05:51,473] {dagbag.py:487} INFO - Filling up the DagBag from /home/airflow/airflow/dags/user_processing.py
[2021-11-21 16:05:51,517] {logging_mixin.py:104} WARNING - /home/airflow/sandbox/lib/python3.8/site-packages/airflow/providers/sqlite/operators/sqlite.py:25 DeprecationWarning: This decorator is deprecated.

In previous versions, all subclasses of BaseOperator must use apply_default decorator for the`default_args` feature to work properly.

In current version, it is optional. The decorator is applied automatically using the metaclass.
[2021-11-21 16:05:51,572] {scheduler_job.py:643} INFO - DAG(s) dict_keys(['user_processing']) retrieved from /home/airflow/airflow/dags/user_processing.py
[2021-11-21 16:05:51,629] {logging_mixin.py:104} INFO - [2021-11-21 16:05:51,629] {dag.py:1832} INFO - Sync 1 DAGs
[2021-11-21 16:05:51,726] {logging_mixin.py:104} INFO - [2021-11-21 16:05:51,726] {dag.py:2305} INFO - Setting next_dagrun for user_processing to 2021-11-20 00:00:00+00:00
[2021-11-21 16:05:51,816] {scheduler_job.py:190} INFO - Processing /home/airflow/airflow/dags/user_processing.py took 0.372 seconds
