[2021-11-29 12:39:13,955] {taskinstance.py:876} INFO - Dependencies all met for <TaskInstance: parallel_dag.task_2 2020-04-05T00:00:00+00:00 [queued]>
[2021-11-29 12:39:14,281] {taskinstance.py:876} INFO - Dependencies all met for <TaskInstance: parallel_dag.task_2 2020-04-05T00:00:00+00:00 [queued]>
[2021-11-29 12:39:14,282] {taskinstance.py:1067} INFO - 
--------------------------------------------------------------------------------
[2021-11-29 12:39:14,283] {taskinstance.py:1068} INFO - Starting attempt 1 of 1
[2021-11-29 12:39:14,283] {taskinstance.py:1069} INFO - 
--------------------------------------------------------------------------------
[2021-11-29 12:39:14,537] {taskinstance.py:1087} INFO - Executing <Task(BashOperator): task_2> on 2020-04-05T00:00:00+00:00
[2021-11-29 12:39:14,614] {standard_task_runner.py:76} INFO - Running: ['airflow', 'tasks', 'run', 'parallel_dag', 'task_2', '2020-04-05T00:00:00+00:00', '--job-id', '569', '--pool', 'default_pool', '--raw', '--subdir', 'DAGS_FOLDER/parallel_dag.py', '--cfg-path', '/tmp/tmplvpx9txw', '--error-file', '/tmp/tmpq1skc9gy']
[2021-11-29 12:39:14,673] {standard_task_runner.py:52} INFO - Started process 169205 to run task
[2021-11-29 12:39:14,838] {standard_task_runner.py:77} INFO - Job 569: Subtask task_2
[2021-11-29 12:39:15,909] {logging_mixin.py:104} INFO - Running <TaskInstance: parallel_dag.task_2 2020-04-05T00:00:00+00:00 [running]> on host airflowvm
[2021-11-29 12:39:16,974] {taskinstance.py:1280} INFO - Exporting the following env vars:
AIRFLOW_CTX_DAG_OWNER=airflow
AIRFLOW_CTX_DAG_ID=parallel_dag
AIRFLOW_CTX_TASK_ID=task_2
AIRFLOW_CTX_EXECUTION_DATE=2020-04-05T00:00:00+00:00
AIRFLOW_CTX_DAG_RUN_ID=scheduled__2020-04-05T00:00:00+00:00
[2021-11-29 12:39:16,999] {subprocess.py:52} INFO - Tmp dir root location: 
 /tmp
[2021-11-29 12:39:17,013] {subprocess.py:63} INFO - Running command: ['bash', '-c', 'sleep 3']
[2021-11-29 12:39:17,150] {subprocess.py:75} INFO - Output:
[2021-11-29 12:39:20,305] {subprocess.py:83} INFO - Command exited with return code 0
[2021-11-29 12:39:20,932] {taskinstance.py:1184} INFO - Marking task as SUCCESS. dag_id=parallel_dag, task_id=task_2, execution_date=20200405T000000, start_date=20211129T123913, end_date=20211129T123920
[2021-11-29 12:39:22,985] {taskinstance.py:1245} INFO - 0 downstream tasks scheduled from follow-on schedule check
[2021-11-29 12:39:23,005] {local_task_job.py:151} INFO - Task exited with return code 0
