[2021-11-29 12:17:46,074] {taskinstance.py:876} INFO - Dependencies all met for <TaskInstance: parallel_dag.task_1 2020-01-07T00:00:00+00:00 [queued]>
[2021-11-29 12:17:46,280] {taskinstance.py:876} INFO - Dependencies all met for <TaskInstance: parallel_dag.task_1 2020-01-07T00:00:00+00:00 [queued]>
[2021-11-29 12:17:46,281] {taskinstance.py:1067} INFO - 
--------------------------------------------------------------------------------
[2021-11-29 12:17:46,307] {taskinstance.py:1068} INFO - Starting attempt 1 of 1
[2021-11-29 12:17:46,321] {taskinstance.py:1069} INFO - 
--------------------------------------------------------------------------------
[2021-11-29 12:17:46,525] {taskinstance.py:1087} INFO - Executing <Task(BashOperator): task_1> on 2020-01-07T00:00:00+00:00
[2021-11-29 12:17:46,569] {standard_task_runner.py:52} INFO - Started process 106436 to run task
[2021-11-29 12:17:46,683] {standard_task_runner.py:76} INFO - Running: ['airflow', 'tasks', 'run', 'parallel_dag', 'task_1', '2020-01-07T00:00:00+00:00', '--job-id', '28', '--pool', 'default_pool', '--raw', '--subdir', 'DAGS_FOLDER/parallel_dag.py', '--cfg-path', '/tmp/tmp4lym2p69', '--error-file', '/tmp/tmpdiws8x_2']
[2021-11-29 12:17:46,684] {standard_task_runner.py:77} INFO - Job 28: Subtask task_1
[2021-11-29 12:17:47,687] {logging_mixin.py:104} INFO - Running <TaskInstance: parallel_dag.task_1 2020-01-07T00:00:00+00:00 [running]> on host airflowvm
[2021-11-29 12:17:48,428] {taskinstance.py:1280} INFO - Exporting the following env vars:
AIRFLOW_CTX_DAG_OWNER=airflow
AIRFLOW_CTX_DAG_ID=parallel_dag
AIRFLOW_CTX_TASK_ID=task_1
AIRFLOW_CTX_EXECUTION_DATE=2020-01-07T00:00:00+00:00
AIRFLOW_CTX_DAG_RUN_ID=scheduled__2020-01-07T00:00:00+00:00
[2021-11-29 12:17:48,429] {subprocess.py:52} INFO - Tmp dir root location: 
 /tmp
[2021-11-29 12:17:48,434] {subprocess.py:63} INFO - Running command: ['bash', '-c', 'sleep 3']
[2021-11-29 12:17:48,639] {subprocess.py:75} INFO - Output:
[2021-11-29 12:17:51,789] {subprocess.py:83} INFO - Command exited with return code 0
[2021-11-29 12:17:52,129] {taskinstance.py:1184} INFO - Marking task as SUCCESS. dag_id=parallel_dag, task_id=task_1, execution_date=20200107T000000, start_date=20211129T121746, end_date=20211129T121752
[2021-11-29 12:17:52,697] {taskinstance.py:1245} INFO - 2 downstream tasks scheduled from follow-on schedule check
[2021-11-29 12:17:55,476] {local_task_job.py:151} INFO - Task exited with return code 0
