[2021-11-29 12:32:12,796] {taskinstance.py:876} INFO - Dependencies all met for <TaskInstance: parallel_dag.task_1 2020-01-07T00:00:00+00:00 [queued]>
[2021-11-29 12:32:13,014] {taskinstance.py:876} INFO - Dependencies all met for <TaskInstance: parallel_dag.task_1 2020-01-07T00:00:00+00:00 [queued]>
[2021-11-29 12:32:13,025] {taskinstance.py:1067} INFO - 
--------------------------------------------------------------------------------
[2021-11-29 12:32:13,026] {taskinstance.py:1068} INFO - Starting attempt 3 of 3
[2021-11-29 12:32:13,026] {taskinstance.py:1069} INFO - 
--------------------------------------------------------------------------------
[2021-11-29 12:32:13,196] {taskinstance.py:1087} INFO - Executing <Task(BashOperator): task_1> on 2020-01-07T00:00:00+00:00
[2021-11-29 12:32:13,204] {standard_task_runner.py:76} INFO - Running: ['airflow', 'tasks', 'run', 'parallel_dag', 'task_1', '2020-01-07T00:00:00+00:00', '--job-id', '261', '--pool', 'default_pool', '--raw', '--subdir', 'DAGS_FOLDER/parallel_dag.py', '--cfg-path', '/tmp/tmprkwdnqib', '--error-file', '/tmp/tmpeiw6_vut']
[2021-11-29 12:32:13,267] {standard_task_runner.py:52} INFO - Started process 143542 to run task
[2021-11-29 12:32:13,386] {standard_task_runner.py:77} INFO - Job 261: Subtask task_1
[2021-11-29 12:32:14,354] {logging_mixin.py:104} INFO - Running <TaskInstance: parallel_dag.task_1 2020-01-07T00:00:00+00:00 [running]> on host airflowvm
[2021-11-29 12:32:15,538] {taskinstance.py:1280} INFO - Exporting the following env vars:
AIRFLOW_CTX_DAG_OWNER=airflow
AIRFLOW_CTX_DAG_ID=parallel_dag
AIRFLOW_CTX_TASK_ID=task_1
AIRFLOW_CTX_EXECUTION_DATE=2020-01-07T00:00:00+00:00
AIRFLOW_CTX_DAG_RUN_ID=scheduled__2020-01-07T00:00:00+00:00
[2021-11-29 12:32:15,560] {subprocess.py:52} INFO - Tmp dir root location: 
 /tmp
[2021-11-29 12:32:15,560] {subprocess.py:63} INFO - Running command: ['bash', '-c', 'sleep 3']
[2021-11-29 12:32:15,648] {subprocess.py:75} INFO - Output:
[2021-11-29 12:32:18,834] {subprocess.py:83} INFO - Command exited with return code 0
[2021-11-29 12:32:19,319] {taskinstance.py:1184} INFO - Marking task as SUCCESS. dag_id=parallel_dag, task_id=task_1, execution_date=20200107T000000, start_date=20211129T123212, end_date=20211129T123219
[2021-11-29 12:32:20,692] {taskinstance.py:1245} INFO - 2 downstream tasks scheduled from follow-on schedule check
[2021-11-29 12:32:20,717] {local_task_job.py:151} INFO - Task exited with return code 0
