[2021-11-29 12:36:25,493] {taskinstance.py:876} INFO - Dependencies all met for <TaskInstance: parallel_dag.task_1 2020-03-13T00:00:00+00:00 [queued]>
[2021-11-29 12:36:25,920] {taskinstance.py:876} INFO - Dependencies all met for <TaskInstance: parallel_dag.task_1 2020-03-13T00:00:00+00:00 [queued]>
[2021-11-29 12:36:25,920] {taskinstance.py:1067} INFO - 
--------------------------------------------------------------------------------
[2021-11-29 12:36:25,921] {taskinstance.py:1068} INFO - Starting attempt 1 of 1
[2021-11-29 12:36:25,921] {taskinstance.py:1069} INFO - 
--------------------------------------------------------------------------------
[2021-11-29 12:36:26,421] {taskinstance.py:1087} INFO - Executing <Task(BashOperator): task_1> on 2020-03-13T00:00:00+00:00
[2021-11-29 12:36:26,610] {standard_task_runner.py:52} INFO - Started process 159010 to run task
[2021-11-29 12:36:26,843] {standard_task_runner.py:76} INFO - Running: ['airflow', 'tasks', 'run', 'parallel_dag', 'task_1', '2020-03-13T00:00:00+00:00', '--job-id', '447', '--pool', 'default_pool', '--raw', '--subdir', 'DAGS_FOLDER/parallel_dag.py', '--cfg-path', '/tmp/tmpm2o_benz', '--error-file', '/tmp/tmp85dczmdi']
[2021-11-29 12:36:26,901] {standard_task_runner.py:77} INFO - Job 447: Subtask task_1
[2021-11-29 12:36:28,442] {logging_mixin.py:104} INFO - Running <TaskInstance: parallel_dag.task_1 2020-03-13T00:00:00+00:00 [running]> on host airflowvm
[2021-11-29 12:36:29,526] {taskinstance.py:1280} INFO - Exporting the following env vars:
AIRFLOW_CTX_DAG_OWNER=airflow
AIRFLOW_CTX_DAG_ID=parallel_dag
AIRFLOW_CTX_TASK_ID=task_1
AIRFLOW_CTX_EXECUTION_DATE=2020-03-13T00:00:00+00:00
AIRFLOW_CTX_DAG_RUN_ID=scheduled__2020-03-13T00:00:00+00:00
[2021-11-29 12:36:29,526] {subprocess.py:52} INFO - Tmp dir root location: 
 /tmp
[2021-11-29 12:36:29,527] {subprocess.py:63} INFO - Running command: ['bash', '-c', 'sleep 3']
[2021-11-29 12:36:29,643] {subprocess.py:75} INFO - Output:
[2021-11-29 12:36:32,878] {subprocess.py:83} INFO - Command exited with return code 0
[2021-11-29 12:36:33,467] {taskinstance.py:1184} INFO - Marking task as SUCCESS. dag_id=parallel_dag, task_id=task_1, execution_date=20200313T000000, start_date=20211129T123625, end_date=20211129T123633
[2021-11-29 12:36:38,108] {local_task_job.py:196} WARNING - State of this instance has been externally set to success. Terminating instance.
[2021-11-29 12:36:38,356] {taskinstance.py:1245} INFO - 0 downstream tasks scheduled from follow-on schedule check
[2021-11-29 12:36:38,367] {process_utils.py:100} INFO - Sending Signals.SIGTERM to GPID 159010
[2021-11-29 12:36:38,526] {process_utils.py:66} INFO - Process psutil.Process(pid=159010, status='terminated', exitcode=0, started='12:36:26') (159010) terminated with exit code 0
