[2021-12-07 06:05:46,157] {taskinstance.py:876} INFO - Dependencies all met for <TaskInstance: xcom_dag.processing_tasks.training_model_c 2021-12-06T00:00:00+00:00 [queued]>
[2021-12-07 06:05:46,583] {taskinstance.py:876} INFO - Dependencies all met for <TaskInstance: xcom_dag.processing_tasks.training_model_c 2021-12-06T00:00:00+00:00 [queued]>
[2021-12-07 06:05:46,600] {taskinstance.py:1067} INFO - 
--------------------------------------------------------------------------------
[2021-12-07 06:05:46,620] {taskinstance.py:1068} INFO - Starting attempt 1 of 1
[2021-12-07 06:05:46,632] {taskinstance.py:1069} INFO - 
--------------------------------------------------------------------------------
[2021-12-07 06:05:47,063] {taskinstance.py:1087} INFO - Executing <Task(PythonOperator): processing_tasks.training_model_c> on 2021-12-06T00:00:00+00:00
[2021-12-07 06:05:47,123] {standard_task_runner.py:52} INFO - Started process 79466 to run task
[2021-12-07 06:05:47,149] {standard_task_runner.py:76} INFO - Running: ['airflow', 'tasks', 'run', 'xcom_dag', 'processing_tasks.training_model_c', '2021-12-06T00:00:00+00:00', '--job-id', '785', '--pool', 'default_pool', '--raw', '--subdir', 'DAGS_FOLDER/xcom_dag.py', '--cfg-path', '/tmp/tmpauqunz70', '--error-file', '/tmp/tmpoanut9sa']
[2021-12-07 06:05:47,263] {standard_task_runner.py:77} INFO - Job 785: Subtask processing_tasks.training_model_c
[2021-12-07 06:05:48,264] {logging_mixin.py:104} INFO - Running <TaskInstance: xcom_dag.processing_tasks.training_model_c 2021-12-06T00:00:00+00:00 [running]> on host airflowvm
[2021-12-07 06:05:49,254] {taskinstance.py:1280} INFO - Exporting the following env vars:
AIRFLOW_CTX_DAG_OWNER=airflow
AIRFLOW_CTX_DAG_ID=xcom_dag
AIRFLOW_CTX_TASK_ID=processing_tasks.training_model_c
AIRFLOW_CTX_EXECUTION_DATE=2021-12-06T00:00:00+00:00
AIRFLOW_CTX_DAG_RUN_ID=scheduled__2021-12-06T00:00:00+00:00
[2021-12-07 06:05:49,256] {logging_mixin.py:104} INFO - model's accuracy: 7.332441627082083
[2021-12-07 06:05:49,516] {python.py:151} INFO - Done. Returned value was: None
[2021-12-07 06:05:49,716] {taskinstance.py:1184} INFO - Marking task as SUCCESS. dag_id=xcom_dag, task_id=processing_tasks.training_model_c, execution_date=20211206T000000, start_date=20211207T060546, end_date=20211207T060549
[2021-12-07 06:05:50,133] {taskinstance.py:1245} INFO - 1 downstream tasks scheduled from follow-on schedule check
[2021-12-07 06:05:50,187] {local_task_job.py:151} INFO - Task exited with return code 0
