[2021-11-29 12:34:27,686] {taskinstance.py:876} INFO - Dependencies all met for <TaskInstance: parallel_dag.task_4 2020-02-12T00:00:00+00:00 [queued]>
[2021-11-29 12:34:27,960] {taskinstance.py:876} INFO - Dependencies all met for <TaskInstance: parallel_dag.task_4 2020-02-12T00:00:00+00:00 [queued]>
[2021-11-29 12:34:27,960] {taskinstance.py:1067} INFO - 
--------------------------------------------------------------------------------
[2021-11-29 12:34:27,960] {taskinstance.py:1068} INFO - Starting attempt 1 of 1
[2021-11-29 12:34:27,961] {taskinstance.py:1069} INFO - 
--------------------------------------------------------------------------------
[2021-11-29 12:34:28,062] {taskinstance.py:1087} INFO - Executing <Task(BashOperator): task_4> on 2020-02-12T00:00:00+00:00
[2021-11-29 12:34:28,133] {standard_task_runner.py:52} INFO - Started process 151865 to run task
[2021-11-29 12:34:28,160] {standard_task_runner.py:76} INFO - Running: ['airflow', 'tasks', 'run', 'parallel_dag', 'task_4', '2020-02-12T00:00:00+00:00', '--job-id', '361', '--pool', 'default_pool', '--raw', '--subdir', 'DAGS_FOLDER/parallel_dag.py', '--cfg-path', '/tmp/tmp7dt0i8mm', '--error-file', '/tmp/tmp3l2rjqe9']
[2021-11-29 12:34:28,223] {standard_task_runner.py:77} INFO - Job 361: Subtask task_4
[2021-11-29 12:34:29,031] {logging_mixin.py:104} INFO - Running <TaskInstance: parallel_dag.task_4 2020-02-12T00:00:00+00:00 [running]> on host airflowvm
[2021-11-29 12:34:29,954] {taskinstance.py:1280} INFO - Exporting the following env vars:
AIRFLOW_CTX_DAG_OWNER=airflow
AIRFLOW_CTX_DAG_ID=parallel_dag
AIRFLOW_CTX_TASK_ID=task_4
AIRFLOW_CTX_EXECUTION_DATE=2020-02-12T00:00:00+00:00
AIRFLOW_CTX_DAG_RUN_ID=scheduled__2020-02-12T00:00:00+00:00
[2021-11-29 12:34:29,955] {subprocess.py:52} INFO - Tmp dir root location: 
 /tmp
[2021-11-29 12:34:29,959] {subprocess.py:63} INFO - Running command: ['bash', '-c', 'sleep 3']
[2021-11-29 12:34:30,011] {subprocess.py:75} INFO - Output:
[2021-11-29 12:34:33,189] {subprocess.py:83} INFO - Command exited with return code 0
[2021-11-29 12:34:33,568] {taskinstance.py:1184} INFO - Marking task as SUCCESS. dag_id=parallel_dag, task_id=task_4, execution_date=20200212T000000, start_date=20211129T123427, end_date=20211129T123433
[2021-11-29 12:34:34,583] {taskinstance.py:1245} INFO - 0 downstream tasks scheduled from follow-on schedule check
[2021-11-29 12:34:34,689] {local_task_job.py:151} INFO - Task exited with return code 0
