[2021-11-24 04:48:45,415] {taskinstance.py:876} INFO - Dependencies all met for <TaskInstance: example_bash_operator.also_run_this 2021-11-23T00:00:00+00:00 [queued]>
[2021-11-24 04:48:45,419] {taskinstance.py:876} INFO - Dependencies all met for <TaskInstance: example_bash_operator.also_run_this 2021-11-23T00:00:00+00:00 [queued]>
[2021-11-24 04:48:45,420] {taskinstance.py:1067} INFO - 
--------------------------------------------------------------------------------
[2021-11-24 04:48:45,420] {taskinstance.py:1068} INFO - Starting attempt 1 of 1
[2021-11-24 04:48:45,420] {taskinstance.py:1069} INFO - 
--------------------------------------------------------------------------------
[2021-11-24 04:48:45,438] {taskinstance.py:1087} INFO - Executing <Task(BashOperator): also_run_this> on 2021-11-23T00:00:00+00:00
[2021-11-24 04:48:45,439] {standard_task_runner.py:52} INFO - Started process 112203 to run task
[2021-11-24 04:48:45,445] {standard_task_runner.py:76} INFO - Running: ['airflow', 'tasks', 'run', 'example_bash_operator', 'also_run_this', '2021-11-23T00:00:00+00:00', '--job-id', '41', '--pool', 'default_pool', '--raw', '--subdir', '/home/airflow/sandbox/lib/python3.8/site-packages/airflow/example_dags/example_bash_operator.py', '--cfg-path', '/tmp/tmpe2bgllfv', '--error-file', '/tmp/tmpjoobkoot']
[2021-11-24 04:48:45,446] {standard_task_runner.py:77} INFO - Job 41: Subtask also_run_this
[2021-11-24 04:48:45,515] {logging_mixin.py:104} INFO - Running <TaskInstance: example_bash_operator.also_run_this 2021-11-23T00:00:00+00:00 [running]> on host airflowvm
[2021-11-24 04:48:45,661] {taskinstance.py:1280} INFO - Exporting the following env vars:
AIRFLOW_CTX_DAG_OWNER=airflow
AIRFLOW_CTX_DAG_ID=example_bash_operator
AIRFLOW_CTX_TASK_ID=also_run_this
AIRFLOW_CTX_EXECUTION_DATE=2021-11-23T00:00:00+00:00
AIRFLOW_CTX_DAG_RUN_ID=scheduled__2021-11-23T00:00:00+00:00
[2021-11-24 04:48:45,662] {subprocess.py:52} INFO - Tmp dir root location: 
 /tmp
[2021-11-24 04:48:45,663] {subprocess.py:63} INFO - Running command: ['bash', '-c', 'echo "run_id=scheduled__2021-11-23T00:00:00+00:00 | dag_run=<DagRun example_bash_operator @ 2021-11-23 00:00:00+00:00: scheduled__2021-11-23T00:00:00+00:00, externally triggered: False>"']
[2021-11-24 04:48:45,666] {subprocess.py:75} INFO - Output:
[2021-11-24 04:48:45,671] {subprocess.py:79} INFO - run_id=scheduled__2021-11-23T00:00:00+00:00 | dag_run=<DagRun example_bash_operator @ 2021-11-23 00:00:00+00:00: scheduled__2021-11-23T00:00:00+00:00, externally triggered: False>
[2021-11-24 04:48:45,671] {subprocess.py:83} INFO - Command exited with return code 0
[2021-11-24 04:48:45,689] {taskinstance.py:1184} INFO - Marking task as SUCCESS. dag_id=example_bash_operator, task_id=also_run_this, execution_date=20211123T000000, start_date=20211124T044845, end_date=20211124T044845
[2021-11-24 04:48:45,715] {taskinstance.py:1245} INFO - 0 downstream tasks scheduled from follow-on schedule check
[2021-11-24 04:48:45,729] {local_task_job.py:151} INFO - Task exited with return code 0
