[2021-11-29 12:35:26,899] {taskinstance.py:876} INFO - Dependencies all met for <TaskInstance: parallel_dag.task_2 2020-02-27T00:00:00+00:00 [queued]>
[2021-11-29 12:35:27,307] {taskinstance.py:876} INFO - Dependencies all met for <TaskInstance: parallel_dag.task_2 2020-02-27T00:00:00+00:00 [queued]>
[2021-11-29 12:35:27,308] {taskinstance.py:1067} INFO - 
--------------------------------------------------------------------------------
[2021-11-29 12:35:27,325] {taskinstance.py:1068} INFO - Starting attempt 1 of 1
[2021-11-29 12:35:27,364] {taskinstance.py:1069} INFO - 
--------------------------------------------------------------------------------
[2021-11-29 12:35:27,557] {taskinstance.py:1087} INFO - Executing <Task(BashOperator): task_2> on 2020-02-27T00:00:00+00:00
[2021-11-29 12:35:27,666] {standard_task_runner.py:52} INFO - Started process 155476 to run task
[2021-11-29 12:35:27,656] {standard_task_runner.py:76} INFO - Running: ['airflow', 'tasks', 'run', 'parallel_dag', 'task_2', '2020-02-27T00:00:00+00:00', '--job-id', '406', '--pool', 'default_pool', '--raw', '--subdir', 'DAGS_FOLDER/parallel_dag.py', '--cfg-path', '/tmp/tmp0q9nq4mr', '--error-file', '/tmp/tmpwd9ds2u_']
[2021-11-29 12:35:27,916] {standard_task_runner.py:77} INFO - Job 406: Subtask task_2
[2021-11-29 12:35:28,997] {logging_mixin.py:104} INFO - Running <TaskInstance: parallel_dag.task_2 2020-02-27T00:00:00+00:00 [running]> on host airflowvm
[2021-11-29 12:35:30,392] {taskinstance.py:1280} INFO - Exporting the following env vars:
AIRFLOW_CTX_DAG_OWNER=airflow
AIRFLOW_CTX_DAG_ID=parallel_dag
AIRFLOW_CTX_TASK_ID=task_2
AIRFLOW_CTX_EXECUTION_DATE=2020-02-27T00:00:00+00:00
AIRFLOW_CTX_DAG_RUN_ID=scheduled__2020-02-27T00:00:00+00:00
[2021-11-29 12:35:30,393] {subprocess.py:52} INFO - Tmp dir root location: 
 /tmp
[2021-11-29 12:35:30,394] {subprocess.py:63} INFO - Running command: ['bash', '-c', 'sleep 3']
[2021-11-29 12:35:30,498] {subprocess.py:75} INFO - Output:
[2021-11-29 12:35:33,688] {subprocess.py:83} INFO - Command exited with return code 0
[2021-11-29 12:35:34,315] {taskinstance.py:1184} INFO - Marking task as SUCCESS. dag_id=parallel_dag, task_id=task_2, execution_date=20200227T000000, start_date=20211129T123526, end_date=20211129T123534
[2021-11-29 12:35:35,114] {taskinstance.py:1245} INFO - 0 downstream tasks scheduled from follow-on schedule check
[2021-11-29 12:35:35,131] {local_task_job.py:151} INFO - Task exited with return code 0
