[2021-11-29 12:35:58,608] {taskinstance.py:876} INFO - Dependencies all met for <TaskInstance: parallel_dag.task_1 2020-03-02T00:00:00+00:00 [queued]>
[2021-11-29 12:35:58,709] {taskinstance.py:876} INFO - Dependencies all met for <TaskInstance: parallel_dag.task_1 2020-03-02T00:00:00+00:00 [queued]>
[2021-11-29 12:35:58,711] {taskinstance.py:1067} INFO - 
--------------------------------------------------------------------------------
[2021-11-29 12:35:58,717] {taskinstance.py:1068} INFO - Starting attempt 1 of 1
[2021-11-29 12:35:58,718] {taskinstance.py:1069} INFO - 
--------------------------------------------------------------------------------
[2021-11-29 12:35:58,858] {taskinstance.py:1087} INFO - Executing <Task(BashOperator): task_1> on 2020-03-02T00:00:00+00:00
[2021-11-29 12:35:58,929] {standard_task_runner.py:52} INFO - Started process 157497 to run task
[2021-11-29 12:35:58,962] {standard_task_runner.py:76} INFO - Running: ['airflow', 'tasks', 'run', 'parallel_dag', 'task_1', '2020-03-02T00:00:00+00:00', '--job-id', '424', '--pool', 'default_pool', '--raw', '--subdir', 'DAGS_FOLDER/parallel_dag.py', '--cfg-path', '/tmp/tmpbjy_eq8y', '--error-file', '/tmp/tmplger2zn4']
[2021-11-29 12:35:59,015] {standard_task_runner.py:77} INFO - Job 424: Subtask task_1
[2021-11-29 12:35:59,517] {logging_mixin.py:104} INFO - Running <TaskInstance: parallel_dag.task_1 2020-03-02T00:00:00+00:00 [running]> on host airflowvm
[2021-11-29 12:36:00,164] {taskinstance.py:1280} INFO - Exporting the following env vars:
AIRFLOW_CTX_DAG_OWNER=airflow
AIRFLOW_CTX_DAG_ID=parallel_dag
AIRFLOW_CTX_TASK_ID=task_1
AIRFLOW_CTX_EXECUTION_DATE=2020-03-02T00:00:00+00:00
AIRFLOW_CTX_DAG_RUN_ID=scheduled__2020-03-02T00:00:00+00:00
[2021-11-29 12:36:00,165] {subprocess.py:52} INFO - Tmp dir root location: 
 /tmp
[2021-11-29 12:36:00,212] {subprocess.py:63} INFO - Running command: ['bash', '-c', 'sleep 3']
[2021-11-29 12:36:00,278] {subprocess.py:75} INFO - Output:
[2021-11-29 12:36:03,461] {subprocess.py:83} INFO - Command exited with return code 0
[2021-11-29 12:36:03,833] {taskinstance.py:1184} INFO - Marking task as SUCCESS. dag_id=parallel_dag, task_id=task_1, execution_date=20200302T000000, start_date=20211129T123558, end_date=20211129T123603
[2021-11-29 12:36:04,226] {local_task_job.py:196} WARNING - State of this instance has been externally set to success. Terminating instance.
[2021-11-29 12:36:04,231] {process_utils.py:100} INFO - Sending Signals.SIGTERM to GPID 157497
[2021-11-29 12:36:05,580] {taskinstance.py:1264} ERROR - Received SIGTERM. Terminating subprocesses.
[2021-11-29 12:36:05,580] {subprocess.py:89} INFO - Sending SIGTERM signal to process group
[2021-11-29 12:36:05,608] {process_utils.py:66} INFO - Process psutil.Process(pid=157497, status='terminated', exitcode=1, started='12:35:58') (157497) terminated with exit code 1
