[2021-11-29 12:38:02,699] {taskinstance.py:876} INFO - Dependencies all met for <TaskInstance: parallel_dag.task_2 2020-03-24T00:00:00+00:00 [queued]>
[2021-11-29 12:38:02,907] {taskinstance.py:876} INFO - Dependencies all met for <TaskInstance: parallel_dag.task_2 2020-03-24T00:00:00+00:00 [queued]>
[2021-11-29 12:38:02,907] {taskinstance.py:1067} INFO - 
--------------------------------------------------------------------------------
[2021-11-29 12:38:02,907] {taskinstance.py:1068} INFO - Starting attempt 1 of 1
[2021-11-29 12:38:02,907] {taskinstance.py:1069} INFO - 
--------------------------------------------------------------------------------
[2021-11-29 12:38:03,068] {taskinstance.py:1087} INFO - Executing <Task(BashOperator): task_2> on 2020-03-24T00:00:00+00:00
[2021-11-29 12:38:03,087] {standard_task_runner.py:52} INFO - Started process 164867 to run task
[2021-11-29 12:38:03,112] {standard_task_runner.py:76} INFO - Running: ['airflow', 'tasks', 'run', 'parallel_dag', 'task_2', '2020-03-24T00:00:00+00:00', '--job-id', '515', '--pool', 'default_pool', '--raw', '--subdir', 'DAGS_FOLDER/parallel_dag.py', '--cfg-path', '/tmp/tmp2taoolxw', '--error-file', '/tmp/tmpfkt8vm0k']
[2021-11-29 12:38:03,239] {standard_task_runner.py:77} INFO - Job 515: Subtask task_2
[2021-11-29 12:38:04,585] {logging_mixin.py:104} INFO - Running <TaskInstance: parallel_dag.task_2 2020-03-24T00:00:00+00:00 [running]> on host airflowvm
[2021-11-29 12:38:06,132] {taskinstance.py:1280} INFO - Exporting the following env vars:
AIRFLOW_CTX_DAG_OWNER=airflow
AIRFLOW_CTX_DAG_ID=parallel_dag
AIRFLOW_CTX_TASK_ID=task_2
AIRFLOW_CTX_EXECUTION_DATE=2020-03-24T00:00:00+00:00
AIRFLOW_CTX_DAG_RUN_ID=scheduled__2020-03-24T00:00:00+00:00
[2021-11-29 12:38:06,133] {subprocess.py:52} INFO - Tmp dir root location: 
 /tmp
[2021-11-29 12:38:06,134] {subprocess.py:63} INFO - Running command: ['bash', '-c', 'sleep 3']
[2021-11-29 12:38:06,251] {subprocess.py:75} INFO - Output:
[2021-11-29 12:38:09,450] {subprocess.py:83} INFO - Command exited with return code 0
[2021-11-29 12:38:10,198] {taskinstance.py:1184} INFO - Marking task as SUCCESS. dag_id=parallel_dag, task_id=task_2, execution_date=20200324T000000, start_date=20211129T123802, end_date=20211129T123810
[2021-11-29 12:38:13,619] {taskinstance.py:1245} INFO - 0 downstream tasks scheduled from follow-on schedule check
[2021-11-29 12:38:13,772] {local_task_job.py:151} INFO - Task exited with return code 0
