[2021-11-29 12:27:02,871] {taskinstance.py:876} INFO - Dependencies all met for <TaskInstance: parallel_dag.task_2 2020-01-20T00:00:00+00:00 [queued]>
[2021-11-29 12:27:02,894] {taskinstance.py:876} INFO - Dependencies all met for <TaskInstance: parallel_dag.task_2 2020-01-20T00:00:00+00:00 [queued]>
[2021-11-29 12:27:02,895] {taskinstance.py:1067} INFO - 
--------------------------------------------------------------------------------
[2021-11-29 12:27:02,895] {taskinstance.py:1068} INFO - Starting attempt 1 of 1
[2021-11-29 12:27:02,900] {taskinstance.py:1069} INFO - 
--------------------------------------------------------------------------------
[2021-11-29 12:27:02,913] {taskinstance.py:1087} INFO - Executing <Task(BashOperator): task_2> on 2020-01-20T00:00:00+00:00
[2021-11-29 12:27:02,916] {standard_task_runner.py:52} INFO - Started process 129939 to run task
[2021-11-29 12:27:02,923] {standard_task_runner.py:76} INFO - Running: ['airflow', 'tasks', 'run', 'parallel_dag', 'task_2', '2020-01-20T00:00:00+00:00', '--job-id', '163', '--pool', 'default_pool', '--raw', '--subdir', 'DAGS_FOLDER/parallel_dag.py', '--cfg-path', '/tmp/tmp5ef13v7h', '--error-file', '/tmp/tmpliq9v925']
[2021-11-29 12:27:02,947] {standard_task_runner.py:77} INFO - Job 163: Subtask task_2
[2021-11-29 12:27:03,105] {logging_mixin.py:104} INFO - Running <TaskInstance: parallel_dag.task_2 2020-01-20T00:00:00+00:00 [running]> on host airflowvm
[2021-11-29 12:27:03,245] {taskinstance.py:1280} INFO - Exporting the following env vars:
AIRFLOW_CTX_DAG_OWNER=airflow
AIRFLOW_CTX_DAG_ID=parallel_dag
AIRFLOW_CTX_TASK_ID=task_2
AIRFLOW_CTX_EXECUTION_DATE=2020-01-20T00:00:00+00:00
AIRFLOW_CTX_DAG_RUN_ID=scheduled__2020-01-20T00:00:00+00:00
[2021-11-29 12:27:03,246] {subprocess.py:52} INFO - Tmp dir root location: 
 /tmp
[2021-11-29 12:27:03,247] {subprocess.py:63} INFO - Running command: ['bash', '-c', 'sleep 3']
[2021-11-29 12:27:03,260] {subprocess.py:75} INFO - Output:
[2021-11-29 12:27:06,293] {subprocess.py:83} INFO - Command exited with return code 0
[2021-11-29 12:27:06,342] {taskinstance.py:1184} INFO - Marking task as SUCCESS. dag_id=parallel_dag, task_id=task_2, execution_date=20200120T000000, start_date=20211129T122702, end_date=20211129T122706
[2021-11-29 12:27:06,380] {taskinstance.py:1245} INFO - 0 downstream tasks scheduled from follow-on schedule check
[2021-11-29 12:27:06,419] {local_task_job.py:151} INFO - Task exited with return code 0
