[2021-11-29 12:38:30,579] {taskinstance.py:876} INFO - Dependencies all met for <TaskInstance: parallel_dag.task_3 2020-03-31T00:00:00+00:00 [queued]>
[2021-11-29 12:38:30,897] {taskinstance.py:876} INFO - Dependencies all met for <TaskInstance: parallel_dag.task_3 2020-03-31T00:00:00+00:00 [queued]>
[2021-11-29 12:38:30,906] {taskinstance.py:1067} INFO - 
--------------------------------------------------------------------------------
[2021-11-29 12:38:30,922] {taskinstance.py:1068} INFO - Starting attempt 1 of 1
[2021-11-29 12:38:30,968] {taskinstance.py:1069} INFO - 
--------------------------------------------------------------------------------
[2021-11-29 12:38:31,164] {taskinstance.py:1087} INFO - Executing <Task(BashOperator): task_3> on 2020-03-31T00:00:00+00:00
[2021-11-29 12:38:31,269] {standard_task_runner.py:52} INFO - Started process 166635 to run task
[2021-11-29 12:38:31,444] {standard_task_runner.py:76} INFO - Running: ['airflow', 'tasks', 'run', 'parallel_dag', 'task_3', '2020-03-31T00:00:00+00:00', '--job-id', '540', '--pool', 'default_pool', '--raw', '--subdir', 'DAGS_FOLDER/parallel_dag.py', '--cfg-path', '/tmp/tmpv931oh4n', '--error-file', '/tmp/tmphj966y10']
[2021-11-29 12:38:31,572] {standard_task_runner.py:77} INFO - Job 540: Subtask task_3
[2021-11-29 12:38:33,197] {logging_mixin.py:104} INFO - Running <TaskInstance: parallel_dag.task_3 2020-03-31T00:00:00+00:00 [running]> on host airflowvm
[2021-11-29 12:38:34,412] {taskinstance.py:1280} INFO - Exporting the following env vars:
AIRFLOW_CTX_DAG_OWNER=airflow
AIRFLOW_CTX_DAG_ID=parallel_dag
AIRFLOW_CTX_TASK_ID=task_3
AIRFLOW_CTX_EXECUTION_DATE=2020-03-31T00:00:00+00:00
AIRFLOW_CTX_DAG_RUN_ID=scheduled__2020-03-31T00:00:00+00:00
[2021-11-29 12:38:34,437] {subprocess.py:52} INFO - Tmp dir root location: 
 /tmp
[2021-11-29 12:38:34,467] {subprocess.py:63} INFO - Running command: ['bash', '-c', 'sleep 3']
[2021-11-29 12:38:34,585] {subprocess.py:75} INFO - Output:
[2021-11-29 12:38:37,817] {subprocess.py:83} INFO - Command exited with return code 0
[2021-11-29 12:38:38,482] {taskinstance.py:1184} INFO - Marking task as SUCCESS. dag_id=parallel_dag, task_id=task_3, execution_date=20200331T000000, start_date=20211129T123830, end_date=20211129T123838
[2021-11-29 12:38:39,263] {taskinstance.py:1245} INFO - 1 downstream tasks scheduled from follow-on schedule check
[2021-11-29 12:38:39,298] {local_task_job.py:151} INFO - Task exited with return code 0
