[2021-11-29 12:38:43,487] {taskinstance.py:876} INFO - Dependencies all met for <TaskInstance: parallel_dag.task_3 2020-04-03T00:00:00+00:00 [queued]>
[2021-11-29 12:38:43,762] {taskinstance.py:876} INFO - Dependencies all met for <TaskInstance: parallel_dag.task_3 2020-04-03T00:00:00+00:00 [queued]>
[2021-11-29 12:38:43,762] {taskinstance.py:1067} INFO - 
--------------------------------------------------------------------------------
[2021-11-29 12:38:43,763] {taskinstance.py:1068} INFO - Starting attempt 1 of 1
[2021-11-29 12:38:43,763] {taskinstance.py:1069} INFO - 
--------------------------------------------------------------------------------
[2021-11-29 12:38:43,913] {taskinstance.py:1087} INFO - Executing <Task(BashOperator): task_3> on 2020-04-03T00:00:00+00:00
[2021-11-29 12:38:43,973] {standard_task_runner.py:52} INFO - Started process 167403 to run task
[2021-11-29 12:38:44,088] {standard_task_runner.py:76} INFO - Running: ['airflow', 'tasks', 'run', 'parallel_dag', 'task_3', '2020-04-03T00:00:00+00:00', '--job-id', '550', '--pool', 'default_pool', '--raw', '--subdir', 'DAGS_FOLDER/parallel_dag.py', '--cfg-path', '/tmp/tmpzfzj6btk', '--error-file', '/tmp/tmp5_06d1nm']
[2021-11-29 12:38:44,088] {standard_task_runner.py:77} INFO - Job 550: Subtask task_3
[2021-11-29 12:38:44,698] {logging_mixin.py:104} INFO - Running <TaskInstance: parallel_dag.task_3 2020-04-03T00:00:00+00:00 [running]> on host airflowvm
[2021-11-29 12:38:45,366] {taskinstance.py:1280} INFO - Exporting the following env vars:
AIRFLOW_CTX_DAG_OWNER=airflow
AIRFLOW_CTX_DAG_ID=parallel_dag
AIRFLOW_CTX_TASK_ID=task_3
AIRFLOW_CTX_EXECUTION_DATE=2020-04-03T00:00:00+00:00
AIRFLOW_CTX_DAG_RUN_ID=scheduled__2020-04-03T00:00:00+00:00
[2021-11-29 12:38:45,374] {subprocess.py:52} INFO - Tmp dir root location: 
 /tmp
[2021-11-29 12:38:45,436] {subprocess.py:63} INFO - Running command: ['bash', '-c', 'sleep 3']
[2021-11-29 12:38:45,550] {subprocess.py:75} INFO - Output:
[2021-11-29 12:38:48,814] {subprocess.py:83} INFO - Command exited with return code 0
[2021-11-29 12:38:49,076] {taskinstance.py:1184} INFO - Marking task as SUCCESS. dag_id=parallel_dag, task_id=task_3, execution_date=20200403T000000, start_date=20211129T123843, end_date=20211129T123849
[2021-11-29 12:38:49,278] {local_task_job.py:196} WARNING - State of this instance has been externally set to success. Terminating instance.
[2021-11-29 12:38:49,285] {process_utils.py:100} INFO - Sending Signals.SIGTERM to GPID 167403
[2021-11-29 12:38:49,393] {taskinstance.py:1245} INFO - 0 downstream tasks scheduled from follow-on schedule check
[2021-11-29 12:38:50,137] {process_utils.py:66} INFO - Process psutil.Process(pid=167403, status='terminated', exitcode=1, started='12:38:43') (167403) terminated with exit code 1
