[2021-11-30 09:15:47,396] {taskinstance.py:876} INFO - Dependencies all met for <TaskInstance: parallel_dag.task_1 2021-11-29T00:00:00+00:00 [queued]>
[2021-11-30 09:15:47,421] {taskinstance.py:876} INFO - Dependencies all met for <TaskInstance: parallel_dag.task_1 2021-11-29T00:00:00+00:00 [queued]>
[2021-11-30 09:15:47,428] {taskinstance.py:1067} INFO - 
--------------------------------------------------------------------------------
[2021-11-30 09:15:47,429] {taskinstance.py:1068} INFO - Starting attempt 1 of 1
[2021-11-30 09:15:47,430] {taskinstance.py:1069} INFO - 
--------------------------------------------------------------------------------
[2021-11-30 09:15:47,459] {taskinstance.py:1087} INFO - Executing <Task(BashOperator): task_1> on 2021-11-29T00:00:00+00:00
[2021-11-30 09:15:47,461] {standard_task_runner.py:52} INFO - Started process 205857 to run task
[2021-11-30 09:15:47,469] {standard_task_runner.py:76} INFO - Running: ['airflow', 'tasks', 'run', 'parallel_dag', 'task_1', '2021-11-29T00:00:00+00:00', '--job-id', '678', '--pool', 'default_pool', '--raw', '--subdir', 'DAGS_FOLDER/parallel_dag.py', '--cfg-path', '/tmp/tmp3p8amk3f', '--error-file', '/tmp/tmp9fsl1006']
[2021-11-30 09:15:47,480] {standard_task_runner.py:77} INFO - Job 678: Subtask task_1
[2021-11-30 09:15:47,583] {logging_mixin.py:104} INFO - Running <TaskInstance: parallel_dag.task_1 2021-11-29T00:00:00+00:00 [running]> on host airflowvm
[2021-11-30 09:15:47,714] {taskinstance.py:1280} INFO - Exporting the following env vars:
AIRFLOW_CTX_DAG_OWNER=airflow
AIRFLOW_CTX_DAG_ID=parallel_dag
AIRFLOW_CTX_TASK_ID=task_1
AIRFLOW_CTX_EXECUTION_DATE=2021-11-29T00:00:00+00:00
AIRFLOW_CTX_DAG_RUN_ID=scheduled__2021-11-29T00:00:00+00:00
[2021-11-30 09:15:47,715] {subprocess.py:52} INFO - Tmp dir root location: 
 /tmp
[2021-11-30 09:15:47,716] {subprocess.py:63} INFO - Running command: ['bash', '-c', 'sleep 3']
[2021-11-30 09:15:47,727] {subprocess.py:75} INFO - Output:
[2021-11-30 09:15:50,739] {subprocess.py:83} INFO - Command exited with return code 0
[2021-11-30 09:15:50,874] {taskinstance.py:1184} INFO - Marking task as SUCCESS. dag_id=parallel_dag, task_id=task_1, execution_date=20211129T000000, start_date=20211130T091547, end_date=20211130T091550
[2021-11-30 09:15:51,009] {taskinstance.py:1245} INFO - 2 downstream tasks scheduled from follow-on schedule check
[2021-11-30 09:15:51,017] {local_task_job.py:151} INFO - Task exited with return code 0
