[2021-11-29 12:19:01,191] {taskinstance.py:876} INFO - Dependencies all met for <TaskInstance: parallel_dag.task_4 2020-01-11T00:00:00+00:00 [queued]>
[2021-11-29 12:19:01,542] {taskinstance.py:876} INFO - Dependencies all met for <TaskInstance: parallel_dag.task_4 2020-01-11T00:00:00+00:00 [queued]>
[2021-11-29 12:19:01,543] {taskinstance.py:1067} INFO - 
--------------------------------------------------------------------------------
[2021-11-29 12:19:01,543] {taskinstance.py:1068} INFO - Starting attempt 1 of 1
[2021-11-29 12:19:01,543] {taskinstance.py:1069} INFO - 
--------------------------------------------------------------------------------
[2021-11-29 12:19:01,723] {taskinstance.py:1087} INFO - Executing <Task(BashOperator): task_4> on 2020-01-11T00:00:00+00:00
[2021-11-29 12:19:01,731] {standard_task_runner.py:76} INFO - Running: ['airflow', 'tasks', 'run', 'parallel_dag', 'task_4', '2020-01-11T00:00:00+00:00', '--job-id', '83', '--pool', 'default_pool', '--raw', '--subdir', 'DAGS_FOLDER/parallel_dag.py', '--cfg-path', '/tmp/tmppyw9fk8k', '--error-file', '/tmp/tmpcnf79sce']
[2021-11-29 12:19:01,774] {standard_task_runner.py:52} INFO - Started process 111151 to run task
[2021-11-29 12:19:01,877] {standard_task_runner.py:77} INFO - Job 83: Subtask task_4
[2021-11-29 12:19:02,585] {logging_mixin.py:104} INFO - Running <TaskInstance: parallel_dag.task_4 2020-01-11T00:00:00+00:00 [running]> on host airflowvm
[2021-11-29 12:19:03,230] {taskinstance.py:1280} INFO - Exporting the following env vars:
AIRFLOW_CTX_DAG_OWNER=airflow
AIRFLOW_CTX_DAG_ID=parallel_dag
AIRFLOW_CTX_TASK_ID=task_4
AIRFLOW_CTX_EXECUTION_DATE=2020-01-11T00:00:00+00:00
AIRFLOW_CTX_DAG_RUN_ID=scheduled__2020-01-11T00:00:00+00:00
[2021-11-29 12:19:03,231] {subprocess.py:52} INFO - Tmp dir root location: 
 /tmp
[2021-11-29 12:19:03,231] {subprocess.py:63} INFO - Running command: ['bash', '-c', 'sleep 3']
[2021-11-29 12:19:03,266] {subprocess.py:75} INFO - Output:
[2021-11-29 12:19:06,320] {subprocess.py:83} INFO - Command exited with return code 0
[2021-11-29 12:19:07,010] {taskinstance.py:1184} INFO - Marking task as SUCCESS. dag_id=parallel_dag, task_id=task_4, execution_date=20200111T000000, start_date=20211129T121901, end_date=20211129T121907
[2021-11-29 12:19:07,459] {local_task_job.py:196} WARNING - State of this instance has been externally set to success. Terminating instance.
[2021-11-29 12:19:07,573] {process_utils.py:100} INFO - Sending Signals.SIGTERM to GPID 111151
[2021-11-29 12:19:08,597] {taskinstance.py:1264} ERROR - Received SIGTERM. Terminating subprocesses.
[2021-11-29 12:19:08,597] {subprocess.py:89} INFO - Sending SIGTERM signal to process group
[2021-11-29 12:19:08,618] {process_utils.py:66} INFO - Process psutil.Process(pid=111151, status='terminated', exitcode=1, started='12:19:01') (111151) terminated with exit code 1
