[2021-12-06 12:03:35,818] {taskinstance.py:876} INFO - Dependencies all met for <TaskInstance: xcom_dag.processing_tasks.training_model_a 2021-12-06T12:03:21.350366+00:00 [queued]>
[2021-12-06 12:03:36,110] {taskinstance.py:876} INFO - Dependencies all met for <TaskInstance: xcom_dag.processing_tasks.training_model_a 2021-12-06T12:03:21.350366+00:00 [queued]>
[2021-12-06 12:03:36,123] {taskinstance.py:1067} INFO - 
--------------------------------------------------------------------------------
[2021-12-06 12:03:36,128] {taskinstance.py:1068} INFO - Starting attempt 1 of 1
[2021-12-06 12:03:36,134] {taskinstance.py:1069} INFO - 
--------------------------------------------------------------------------------
[2021-12-06 12:03:36,310] {taskinstance.py:1087} INFO - Executing <Task(PythonOperator): processing_tasks.training_model_a> on 2021-12-06T12:03:21.350366+00:00
[2021-12-06 12:03:36,408] {standard_task_runner.py:52} INFO - Started process 23917 to run task
[2021-12-06 12:03:36,588] {standard_task_runner.py:76} INFO - Running: ['airflow', 'tasks', 'run', 'xcom_dag', 'processing_tasks.training_model_a', '2021-12-06T12:03:21.350366+00:00', '--job-id', '725', '--pool', 'default_pool', '--raw', '--subdir', 'DAGS_FOLDER/xcom_dag.py', '--cfg-path', '/tmp/tmpqdkigpi_', '--error-file', '/tmp/tmpvi7yeg_v']
[2021-12-06 12:03:36,662] {standard_task_runner.py:77} INFO - Job 725: Subtask processing_tasks.training_model_a
[2021-12-06 12:03:37,864] {logging_mixin.py:104} INFO - Running <TaskInstance: xcom_dag.processing_tasks.training_model_a 2021-12-06T12:03:21.350366+00:00 [running]> on host airflowvm
[2021-12-06 12:03:39,249] {taskinstance.py:1280} INFO - Exporting the following env vars:
AIRFLOW_CTX_DAG_OWNER=airflow
AIRFLOW_CTX_DAG_ID=xcom_dag
AIRFLOW_CTX_TASK_ID=processing_tasks.training_model_a
AIRFLOW_CTX_EXECUTION_DATE=2021-12-06T12:03:21.350366+00:00
AIRFLOW_CTX_DAG_RUN_ID=manual__2021-12-06T12:03:21.350366+00:00
[2021-12-06 12:03:39,251] {logging_mixin.py:104} INFO - model's accuracy: 4.480283964322569
[2021-12-06 12:03:39,399] {python.py:151} INFO - Done. Returned value was: None
[2021-12-06 12:03:39,543] {taskinstance.py:1184} INFO - Marking task as SUCCESS. dag_id=xcom_dag, task_id=processing_tasks.training_model_a, execution_date=20211206T120321, start_date=20211206T120335, end_date=20211206T120339
[2021-12-06 12:03:40,546] {taskinstance.py:1245} INFO - 0 downstream tasks scheduled from follow-on schedule check
[2021-12-06 12:03:40,723] {local_task_job.py:151} INFO - Task exited with return code 0
