[2021-11-24 09:11:30,627] {taskinstance.py:876} INFO - Dependencies all met for <TaskInstance: user_processing.storing_user 2021-11-24T09:11:19.603434+00:00 [queued]>
[2021-11-24 09:11:30,631] {taskinstance.py:876} INFO - Dependencies all met for <TaskInstance: user_processing.storing_user 2021-11-24T09:11:19.603434+00:00 [queued]>
[2021-11-24 09:11:30,632] {taskinstance.py:1067} INFO - 
--------------------------------------------------------------------------------
[2021-11-24 09:11:30,632] {taskinstance.py:1068} INFO - Starting attempt 1 of 1
[2021-11-24 09:11:30,632] {taskinstance.py:1069} INFO - 
--------------------------------------------------------------------------------
[2021-11-24 09:11:30,658] {taskinstance.py:1087} INFO - Executing <Task(BashOperator): storing_user> on 2021-11-24T09:11:19.603434+00:00
[2021-11-24 09:11:30,660] {standard_task_runner.py:52} INFO - Started process 133122 to run task
[2021-11-24 09:11:30,673] {standard_task_runner.py:76} INFO - Running: ['airflow', 'tasks', 'run', 'user_processing', 'storing_user', '2021-11-24T09:11:19.603434+00:00', '--job-id', '54', '--pool', 'default_pool', '--raw', '--subdir', 'DAGS_FOLDER/user_processing.py', '--cfg-path', '/tmp/tmp3vg3t921', '--error-file', '/tmp/tmpty2soh6f']
[2021-11-24 09:11:30,675] {standard_task_runner.py:77} INFO - Job 54: Subtask storing_user
[2021-11-24 09:11:30,747] {logging_mixin.py:104} INFO - Running <TaskInstance: user_processing.storing_user 2021-11-24T09:11:19.603434+00:00 [running]> on host airflowvm
[2021-11-24 09:11:30,834] {taskinstance.py:1280} INFO - Exporting the following env vars:
AIRFLOW_CTX_DAG_OWNER=airflow
AIRFLOW_CTX_DAG_ID=user_processing
AIRFLOW_CTX_TASK_ID=storing_user
AIRFLOW_CTX_EXECUTION_DATE=2021-11-24T09:11:19.603434+00:00
AIRFLOW_CTX_DAG_RUN_ID=manual__2021-11-24T09:11:19.603434+00:00
[2021-11-24 09:11:30,835] {subprocess.py:52} INFO - Tmp dir root location: 
 /tmp
[2021-11-24 09:11:30,836] {subprocess.py:63} INFO - Running command: ['bash', '-c', 'echo -e ".separator ","\n.import /tmp/processed_user.csv users" | sqlite3 /home/airflow/airflow/airflow.db']
[2021-11-24 09:11:30,855] {subprocess.py:75} INFO - Output:
[2021-11-24 09:11:30,898] {subprocess.py:83} INFO - Command exited with return code 0
[2021-11-24 09:11:30,927] {taskinstance.py:1184} INFO - Marking task as SUCCESS. dag_id=user_processing, task_id=storing_user, execution_date=20211124T091119, start_date=20211124T091130, end_date=20211124T091130
[2021-11-24 09:11:30,965] {taskinstance.py:1245} INFO - 0 downstream tasks scheduled from follow-on schedule check
[2021-11-24 09:11:30,999] {local_task_job.py:151} INFO - Task exited with return code 0
