[2021-11-22 05:52:42,898] {taskinstance.py:876} INFO - Dependencies all met for <TaskInstance: example_bash_operator.runme_0 2021-11-21T00:00:00+00:00 [queued]>
[2021-11-22 05:52:42,942] {taskinstance.py:876} INFO - Dependencies all met for <TaskInstance: example_bash_operator.runme_0 2021-11-21T00:00:00+00:00 [queued]>
[2021-11-22 05:52:42,994] {taskinstance.py:1067} INFO - 
--------------------------------------------------------------------------------
[2021-11-22 05:52:42,995] {taskinstance.py:1068} INFO - Starting attempt 1 of 1
[2021-11-22 05:52:43,000] {taskinstance.py:1069} INFO - 
--------------------------------------------------------------------------------
[2021-11-22 05:52:43,080] {taskinstance.py:1087} INFO - Executing <Task(BashOperator): runme_0> on 2021-11-21T00:00:00+00:00
[2021-11-22 05:52:43,129] {standard_task_runner.py:52} INFO - Started process 7291 to run task
[2021-11-22 05:52:43,342] {standard_task_runner.py:76} INFO - Running: ['airflow', 'tasks', 'run', 'example_bash_operator', 'runme_0', '2021-11-21T00:00:00+00:00', '--job-id', '23', '--pool', 'default_pool', '--raw', '--subdir', '/home/airflow/sandbox/lib/python3.8/site-packages/airflow/example_dags/example_bash_operator.py', '--cfg-path', '/tmp/tmp3b_hufch', '--error-file', '/tmp/tmpc4qbfdhp']
[2021-11-22 05:52:43,358] {standard_task_runner.py:77} INFO - Job 23: Subtask runme_0
[2021-11-22 05:52:43,973] {logging_mixin.py:104} INFO - Running <TaskInstance: example_bash_operator.runme_0 2021-11-21T00:00:00+00:00 [running]> on host airflowvm
[2021-11-22 05:52:46,041] {taskinstance.py:1280} INFO - Exporting the following env vars:
AIRFLOW_CTX_DAG_OWNER=airflow
AIRFLOW_CTX_DAG_ID=example_bash_operator
AIRFLOW_CTX_TASK_ID=runme_0
AIRFLOW_CTX_EXECUTION_DATE=2021-11-21T00:00:00+00:00
AIRFLOW_CTX_DAG_RUN_ID=scheduled__2021-11-21T00:00:00+00:00
[2021-11-22 05:52:46,092] {subprocess.py:52} INFO - Tmp dir root location: 
 /tmp
[2021-11-22 05:52:46,095] {subprocess.py:63} INFO - Running command: ['bash', '-c', 'echo "example_bash_operator__runme_0__20211121" && sleep 1']
[2021-11-22 05:52:46,222] {subprocess.py:75} INFO - Output:
[2021-11-22 05:52:46,251] {subprocess.py:79} INFO - example_bash_operator__runme_0__20211121
[2021-11-22 05:52:47,345] {subprocess.py:83} INFO - Command exited with return code 0
[2021-11-22 05:52:47,649] {taskinstance.py:1184} INFO - Marking task as SUCCESS. dag_id=example_bash_operator, task_id=runme_0, execution_date=20211121T000000, start_date=20211122T055242, end_date=20211122T055247
[2021-11-22 05:52:47,935] {taskinstance.py:1245} INFO - 0 downstream tasks scheduled from follow-on schedule check
[2021-11-22 05:52:48,077] {local_task_job.py:151} INFO - Task exited with return code 0
