[2021-11-24 09:11:23,668] {taskinstance.py:876} INFO - Dependencies all met for <TaskInstance: user_processing.is_api_available 2021-11-24T09:11:19.603434+00:00 [queued]>
[2021-11-24 09:11:23,689] {taskinstance.py:876} INFO - Dependencies all met for <TaskInstance: user_processing.is_api_available 2021-11-24T09:11:19.603434+00:00 [queued]>
[2021-11-24 09:11:23,698] {taskinstance.py:1067} INFO - 
--------------------------------------------------------------------------------
[2021-11-24 09:11:23,698] {taskinstance.py:1068} INFO - Starting attempt 1 of 1
[2021-11-24 09:11:23,699] {taskinstance.py:1069} INFO - 
--------------------------------------------------------------------------------
[2021-11-24 09:11:23,752] {taskinstance.py:1087} INFO - Executing <Task(HttpSensor): is_api_available> on 2021-11-24T09:11:19.603434+00:00
[2021-11-24 09:11:23,754] {standard_task_runner.py:52} INFO - Started process 133027 to run task
[2021-11-24 09:11:23,764] {standard_task_runner.py:76} INFO - Running: ['airflow', 'tasks', 'run', 'user_processing', 'is_api_available', '2021-11-24T09:11:19.603434+00:00', '--job-id', '51', '--pool', 'default_pool', '--raw', '--subdir', 'DAGS_FOLDER/user_processing.py', '--cfg-path', '/tmp/tmp2367_ubm', '--error-file', '/tmp/tmp3gcabyc_']
[2021-11-24 09:11:23,773] {standard_task_runner.py:77} INFO - Job 51: Subtask is_api_available
[2021-11-24 09:11:23,844] {logging_mixin.py:104} INFO - Running <TaskInstance: user_processing.is_api_available 2021-11-24T09:11:19.603434+00:00 [running]> on host airflowvm
[2021-11-24 09:11:24,005] {taskinstance.py:1280} INFO - Exporting the following env vars:
AIRFLOW_CTX_DAG_OWNER=airflow
AIRFLOW_CTX_DAG_ID=user_processing
AIRFLOW_CTX_TASK_ID=is_api_available
AIRFLOW_CTX_EXECUTION_DATE=2021-11-24T09:11:19.603434+00:00
AIRFLOW_CTX_DAG_RUN_ID=manual__2021-11-24T09:11:19.603434+00:00
[2021-11-24 09:11:24,006] {http.py:101} INFO - Poking: api/
[2021-11-24 09:11:24,014] {base.py:69} INFO - Using connection to: id: user_api. Host: https://randomuser.me/, Port: None, Schema: , Login: , Password: None, extra: {}
[2021-11-24 09:11:24,019] {http.py:140} INFO - Sending 'GET' to url: https://randomuser.me/api/
[2021-11-24 09:11:24,477] {base.py:243} INFO - Success criteria met. Exiting.
[2021-11-24 09:11:24,489] {taskinstance.py:1184} INFO - Marking task as SUCCESS. dag_id=user_processing, task_id=is_api_available, execution_date=20211124T091119, start_date=20211124T091123, end_date=20211124T091124
[2021-11-24 09:11:24,553] {taskinstance.py:1245} INFO - 1 downstream tasks scheduled from follow-on schedule check
[2021-11-24 09:11:24,560] {local_task_job.py:151} INFO - Task exited with return code 0
