[2021-11-20 12:20:06,305] {taskinstance.py:896} INFO - Dependencies all met for <TaskInstance: example_bash_operator.this_will_skip 2021-11-19T00:00:00+00:00 [queued]>
[2021-11-20 12:20:06,310] {taskinstance.py:896} INFO - Dependencies all met for <TaskInstance: example_bash_operator.this_will_skip 2021-11-19T00:00:00+00:00 [queued]>
[2021-11-20 12:20:06,310] {taskinstance.py:1087} INFO - 
--------------------------------------------------------------------------------
[2021-11-20 12:20:06,310] {taskinstance.py:1088} INFO - Starting attempt 1 of 1
[2021-11-20 12:20:06,310] {taskinstance.py:1089} INFO - 
--------------------------------------------------------------------------------
[2021-11-20 12:20:06,324] {taskinstance.py:1107} INFO - Executing <Task(BashOperator): this_will_skip> on 2021-11-19T00:00:00+00:00
[2021-11-20 12:20:06,325] {standard_task_runner.py:52} INFO - Started process 6796 to run task
[2021-11-20 12:20:06,333] {standard_task_runner.py:76} INFO - Running: ['airflow', 'tasks', 'run', 'example_bash_operator', 'this_will_skip', '2021-11-19T00:00:00+00:00', '--job-id', '12', '--pool', 'default_pool', '--raw', '--subdir', '/home/airflow/sandbox/lib/python3.8/site-packages/airflow/example_dags/example_bash_operator.py', '--cfg-path', '/tmp/tmp9h4h9fzt', '--error-file', '/tmp/tmproysm3gj']
[2021-11-20 12:20:06,333] {standard_task_runner.py:77} INFO - Job 12: Subtask this_will_skip
[2021-11-20 12:20:06,398] {logging_mixin.py:104} INFO - Running <TaskInstance: example_bash_operator.this_will_skip 2021-11-19T00:00:00+00:00 [running]> on host airflowvm
[2021-11-20 12:20:06,509] {taskinstance.py:1300} INFO - Exporting the following env vars:
AIRFLOW_CTX_DAG_OWNER=airflow
AIRFLOW_CTX_DAG_ID=example_bash_operator
AIRFLOW_CTX_TASK_ID=this_will_skip
AIRFLOW_CTX_EXECUTION_DATE=2021-11-19T00:00:00+00:00
AIRFLOW_CTX_DAG_RUN_ID=scheduled__2021-11-19T00:00:00+00:00
[2021-11-20 12:20:06,510] {subprocess.py:52} INFO - Tmp dir root location: 
 /tmp
[2021-11-20 12:20:06,510] {subprocess.py:63} INFO - Running command: ['bash', '-c', 'echo "hello world"; exit 99;']
[2021-11-20 12:20:06,516] {subprocess.py:75} INFO - Output:
[2021-11-20 12:20:06,518] {subprocess.py:79} INFO - hello world
[2021-11-20 12:20:06,518] {subprocess.py:83} INFO - Command exited with return code 99
[2021-11-20 12:20:06,519] {taskinstance.py:1167} INFO - Bash command returned exit code 99. Skipping.
[2021-11-20 12:20:06,523] {taskinstance.py:1170} INFO - Marking task as SKIPPED. dag_id=example_bash_operator, task_id=this_will_skip, execution_date=20211119T000000, start_date=20211120T122006, end_date=
[2021-11-20 12:20:06,523] {taskinstance.py:1204} INFO - Marking task as SUCCESS. dag_id=example_bash_operator, task_id=this_will_skip, execution_date=20211119T000000, start_date=20211120T122006, end_date=20211120T122006
[2021-11-20 12:20:06,567] {taskinstance.py:1265} INFO - 0 downstream tasks scheduled from follow-on schedule check
[2021-11-20 12:20:06,609] {local_task_job.py:151} INFO - Task exited with return code 0
