[2021-11-29 12:36:03,273] {taskinstance.py:876} INFO - Dependencies all met for <TaskInstance: parallel_dag.task_1 2020-03-06T00:00:00+00:00 [queued]>
[2021-11-29 12:36:03,477] {taskinstance.py:876} INFO - Dependencies all met for <TaskInstance: parallel_dag.task_1 2020-03-06T00:00:00+00:00 [queued]>
[2021-11-29 12:36:03,478] {taskinstance.py:1067} INFO - 
--------------------------------------------------------------------------------
[2021-11-29 12:36:03,478] {taskinstance.py:1068} INFO - Starting attempt 1 of 1
[2021-11-29 12:36:03,479] {taskinstance.py:1069} INFO - 
--------------------------------------------------------------------------------
[2021-11-29 12:36:03,655] {taskinstance.py:1087} INFO - Executing <Task(BashOperator): task_1> on 2020-03-06T00:00:00+00:00
[2021-11-29 12:36:03,739] {standard_task_runner.py:76} INFO - Running: ['airflow', 'tasks', 'run', 'parallel_dag', 'task_1', '2020-03-06T00:00:00+00:00', '--job-id', '428', '--pool', 'default_pool', '--raw', '--subdir', 'DAGS_FOLDER/parallel_dag.py', '--cfg-path', '/tmp/tmpda77vz2h', '--error-file', '/tmp/tmpstapf01k']
[2021-11-29 12:36:03,761] {standard_task_runner.py:52} INFO - Started process 157743 to run task
[2021-11-29 12:36:03,848] {standard_task_runner.py:77} INFO - Job 428: Subtask task_1
[2021-11-29 12:36:04,593] {logging_mixin.py:104} INFO - Running <TaskInstance: parallel_dag.task_1 2020-03-06T00:00:00+00:00 [running]> on host airflowvm
[2021-11-29 12:36:05,566] {taskinstance.py:1280} INFO - Exporting the following env vars:
AIRFLOW_CTX_DAG_OWNER=airflow
AIRFLOW_CTX_DAG_ID=parallel_dag
AIRFLOW_CTX_TASK_ID=task_1
AIRFLOW_CTX_EXECUTION_DATE=2020-03-06T00:00:00+00:00
AIRFLOW_CTX_DAG_RUN_ID=scheduled__2020-03-06T00:00:00+00:00
[2021-11-29 12:36:05,567] {subprocess.py:52} INFO - Tmp dir root location: 
 /tmp
[2021-11-29 12:36:05,568] {subprocess.py:63} INFO - Running command: ['bash', '-c', 'sleep 3']
[2021-11-29 12:36:05,705] {subprocess.py:75} INFO - Output:
[2021-11-29 12:36:08,827] {subprocess.py:83} INFO - Command exited with return code 0
[2021-11-29 12:36:09,181] {taskinstance.py:1184} INFO - Marking task as SUCCESS. dag_id=parallel_dag, task_id=task_1, execution_date=20200306T000000, start_date=20211129T123603, end_date=20211129T123609
[2021-11-29 12:36:09,446] {local_task_job.py:196} WARNING - State of this instance has been externally set to success. Terminating instance.
[2021-11-29 12:36:09,451] {process_utils.py:100} INFO - Sending Signals.SIGTERM to GPID 157743
[2021-11-29 12:36:11,432] {taskinstance.py:1264} ERROR - Received SIGTERM. Terminating subprocesses.
[2021-11-29 12:36:11,432] {subprocess.py:89} INFO - Sending SIGTERM signal to process group
[2021-11-29 12:36:11,441] {process_utils.py:66} INFO - Process psutil.Process(pid=157743, status='terminated', exitcode=1, started='12:36:03') (157743) terminated with exit code 1
