[2021-11-29 12:39:52,303] {taskinstance.py:876} INFO - Dependencies all met for <TaskInstance: parallel_dag.task_2 2020-04-16T00:00:00+00:00 [queued]>
[2021-11-29 12:39:52,755] {taskinstance.py:876} INFO - Dependencies all met for <TaskInstance: parallel_dag.task_2 2020-04-16T00:00:00+00:00 [queued]>
[2021-11-29 12:39:52,756] {taskinstance.py:1067} INFO - 
--------------------------------------------------------------------------------
[2021-11-29 12:39:52,795] {taskinstance.py:1068} INFO - Starting attempt 1 of 1
[2021-11-29 12:39:52,795] {taskinstance.py:1069} INFO - 
--------------------------------------------------------------------------------
[2021-11-29 12:39:53,019] {taskinstance.py:1087} INFO - Executing <Task(BashOperator): task_2> on 2020-04-16T00:00:00+00:00
[2021-11-29 12:39:53,111] {standard_task_runner.py:52} INFO - Started process 171441 to run task
[2021-11-29 12:39:53,231] {standard_task_runner.py:76} INFO - Running: ['airflow', 'tasks', 'run', 'parallel_dag', 'task_2', '2020-04-16T00:00:00+00:00', '--job-id', '605', '--pool', 'default_pool', '--raw', '--subdir', 'DAGS_FOLDER/parallel_dag.py', '--cfg-path', '/tmp/tmpuubv84u6', '--error-file', '/tmp/tmpp3qegmst']
[2021-11-29 12:39:53,257] {standard_task_runner.py:77} INFO - Job 605: Subtask task_2
[2021-11-29 12:39:54,734] {logging_mixin.py:104} INFO - Running <TaskInstance: parallel_dag.task_2 2020-04-16T00:00:00+00:00 [running]> on host airflowvm
[2021-11-29 12:39:56,428] {taskinstance.py:1280} INFO - Exporting the following env vars:
AIRFLOW_CTX_DAG_OWNER=airflow
AIRFLOW_CTX_DAG_ID=parallel_dag
AIRFLOW_CTX_TASK_ID=task_2
AIRFLOW_CTX_EXECUTION_DATE=2020-04-16T00:00:00+00:00
AIRFLOW_CTX_DAG_RUN_ID=scheduled__2020-04-16T00:00:00+00:00
[2021-11-29 12:39:56,430] {subprocess.py:52} INFO - Tmp dir root location: 
 /tmp
[2021-11-29 12:39:56,494] {subprocess.py:63} INFO - Running command: ['bash', '-c', 'sleep 3']
[2021-11-29 12:39:56,701] {subprocess.py:75} INFO - Output:
[2021-11-29 12:40:00,231] {subprocess.py:83} INFO - Command exited with return code 0
[2021-11-29 12:40:01,222] {taskinstance.py:1184} INFO - Marking task as SUCCESS. dag_id=parallel_dag, task_id=task_2, execution_date=20200416T000000, start_date=20211129T123952, end_date=20211129T124001
[2021-11-29 12:40:01,957] {taskinstance.py:1245} INFO - 1 downstream tasks scheduled from follow-on schedule check
