[2021-11-29 12:33:59,575] {taskinstance.py:876} INFO - Dependencies all met for <TaskInstance: parallel_dag.task_4 2020-02-03T00:00:00+00:00 [queued]>
[2021-11-29 12:33:59,922] {taskinstance.py:876} INFO - Dependencies all met for <TaskInstance: parallel_dag.task_4 2020-02-03T00:00:00+00:00 [queued]>
[2021-11-29 12:33:59,923] {taskinstance.py:1067} INFO - 
--------------------------------------------------------------------------------
[2021-11-29 12:33:59,923] {taskinstance.py:1068} INFO - Starting attempt 1 of 1
[2021-11-29 12:33:59,924] {taskinstance.py:1069} INFO - 
--------------------------------------------------------------------------------
[2021-11-29 12:34:00,065] {taskinstance.py:1087} INFO - Executing <Task(BashOperator): task_4> on 2020-02-03T00:00:00+00:00
[2021-11-29 12:34:00,115] {standard_task_runner.py:52} INFO - Started process 150196 to run task
[2021-11-29 12:34:00,163] {standard_task_runner.py:76} INFO - Running: ['airflow', 'tasks', 'run', 'parallel_dag', 'task_4', '2020-02-03T00:00:00+00:00', '--job-id', '342', '--pool', 'default_pool', '--raw', '--subdir', 'DAGS_FOLDER/parallel_dag.py', '--cfg-path', '/tmp/tmpj01n9hql', '--error-file', '/tmp/tmpsvy5dzf8']
[2021-11-29 12:34:00,205] {standard_task_runner.py:77} INFO - Job 342: Subtask task_4
[2021-11-29 12:34:00,729] {logging_mixin.py:104} INFO - Running <TaskInstance: parallel_dag.task_4 2020-02-03T00:00:00+00:00 [running]> on host airflowvm
[2021-11-29 12:34:01,681] {taskinstance.py:1280} INFO - Exporting the following env vars:
AIRFLOW_CTX_DAG_OWNER=airflow
AIRFLOW_CTX_DAG_ID=parallel_dag
AIRFLOW_CTX_TASK_ID=task_4
AIRFLOW_CTX_EXECUTION_DATE=2020-02-03T00:00:00+00:00
AIRFLOW_CTX_DAG_RUN_ID=scheduled__2020-02-03T00:00:00+00:00
[2021-11-29 12:34:01,682] {subprocess.py:52} INFO - Tmp dir root location: 
 /tmp
[2021-11-29 12:34:01,682] {subprocess.py:63} INFO - Running command: ['bash', '-c', 'sleep 3']
[2021-11-29 12:34:01,776] {subprocess.py:75} INFO - Output:
[2021-11-29 12:34:04,906] {subprocess.py:83} INFO - Command exited with return code 0
[2021-11-29 12:34:05,343] {taskinstance.py:1184} INFO - Marking task as SUCCESS. dag_id=parallel_dag, task_id=task_4, execution_date=20200203T000000, start_date=20211129T123359, end_date=20211129T123405
[2021-11-29 12:34:05,625] {local_task_job.py:196} WARNING - State of this instance has been externally set to success. Terminating instance.
[2021-11-29 12:34:05,721] {taskinstance.py:1245} INFO - 0 downstream tasks scheduled from follow-on schedule check
[2021-11-29 12:34:05,785] {process_utils.py:100} INFO - Sending Signals.SIGTERM to GPID 150196
[2021-11-29 12:34:05,787] {process_utils.py:66} INFO - Process psutil.Process(pid=150196, status='terminated', exitcode=0, started='12:33:59') (150196) terminated with exit code 0
