[2021-11-29 12:38:25,275] {taskinstance.py:876} INFO - Dependencies all met for <TaskInstance: parallel_dag.task_1 2020-04-04T00:00:00+00:00 [queued]>
[2021-11-29 12:38:25,621] {taskinstance.py:876} INFO - Dependencies all met for <TaskInstance: parallel_dag.task_1 2020-04-04T00:00:00+00:00 [queued]>
[2021-11-29 12:38:25,634] {taskinstance.py:1067} INFO - 
--------------------------------------------------------------------------------
[2021-11-29 12:38:25,637] {taskinstance.py:1068} INFO - Starting attempt 1 of 1
[2021-11-29 12:38:25,643] {taskinstance.py:1069} INFO - 
--------------------------------------------------------------------------------
[2021-11-29 12:38:25,829] {taskinstance.py:1087} INFO - Executing <Task(BashOperator): task_1> on 2020-04-04T00:00:00+00:00
[2021-11-29 12:38:25,836] {standard_task_runner.py:76} INFO - Running: ['airflow', 'tasks', 'run', 'parallel_dag', 'task_1', '2020-04-04T00:00:00+00:00', '--job-id', '535', '--pool', 'default_pool', '--raw', '--subdir', 'DAGS_FOLDER/parallel_dag.py', '--cfg-path', '/tmp/tmpsbqn44uk', '--error-file', '/tmp/tmp3z1t100n']
[2021-11-29 12:38:25,905] {standard_task_runner.py:52} INFO - Started process 166323 to run task
[2021-11-29 12:38:26,033] {standard_task_runner.py:77} INFO - Job 535: Subtask task_1
[2021-11-29 12:38:27,100] {logging_mixin.py:104} INFO - Running <TaskInstance: parallel_dag.task_1 2020-04-04T00:00:00+00:00 [running]> on host airflowvm
[2021-11-29 12:38:28,701] {taskinstance.py:1280} INFO - Exporting the following env vars:
AIRFLOW_CTX_DAG_OWNER=airflow
AIRFLOW_CTX_DAG_ID=parallel_dag
AIRFLOW_CTX_TASK_ID=task_1
AIRFLOW_CTX_EXECUTION_DATE=2020-04-04T00:00:00+00:00
AIRFLOW_CTX_DAG_RUN_ID=scheduled__2020-04-04T00:00:00+00:00
[2021-11-29 12:38:28,702] {subprocess.py:52} INFO - Tmp dir root location: 
 /tmp
[2021-11-29 12:38:28,795] {subprocess.py:63} INFO - Running command: ['bash', '-c', 'sleep 3']
[2021-11-29 12:38:28,906] {subprocess.py:75} INFO - Output:
[2021-11-29 12:38:32,009] {subprocess.py:83} INFO - Command exited with return code 0
[2021-11-29 12:38:32,529] {taskinstance.py:1184} INFO - Marking task as SUCCESS. dag_id=parallel_dag, task_id=task_1, execution_date=20200404T000000, start_date=20211129T123825, end_date=20211129T123832
[2021-11-29 12:38:34,505] {taskinstance.py:1245} INFO - 2 downstream tasks scheduled from follow-on schedule check
[2021-11-29 12:38:34,537] {local_task_job.py:151} INFO - Task exited with return code 0
