[2021-11-29 12:37:29,934] {taskinstance.py:876} INFO - Dependencies all met for <TaskInstance: parallel_dag.task_4 2020-03-17T00:00:00+00:00 [queued]>
[2021-11-29 12:37:30,057] {taskinstance.py:876} INFO - Dependencies all met for <TaskInstance: parallel_dag.task_4 2020-03-17T00:00:00+00:00 [queued]>
[2021-11-29 12:37:30,059] {taskinstance.py:1067} INFO - 
--------------------------------------------------------------------------------
[2021-11-29 12:37:30,063] {taskinstance.py:1068} INFO - Starting attempt 1 of 1
[2021-11-29 12:37:30,064] {taskinstance.py:1069} INFO - 
--------------------------------------------------------------------------------
[2021-11-29 12:37:30,154] {taskinstance.py:1087} INFO - Executing <Task(BashOperator): task_4> on 2020-03-17T00:00:00+00:00
[2021-11-29 12:37:30,182] {standard_task_runner.py:52} INFO - Started process 163136 to run task
[2021-11-29 12:37:30,239] {standard_task_runner.py:76} INFO - Running: ['airflow', 'tasks', 'run', 'parallel_dag', 'task_4', '2020-03-17T00:00:00+00:00', '--job-id', '493', '--pool', 'default_pool', '--raw', '--subdir', 'DAGS_FOLDER/parallel_dag.py', '--cfg-path', '/tmp/tmp7wpu6fiu', '--error-file', '/tmp/tmp1ku2fp5y']
[2021-11-29 12:37:30,240] {standard_task_runner.py:77} INFO - Job 493: Subtask task_4
[2021-11-29 12:37:30,575] {logging_mixin.py:104} INFO - Running <TaskInstance: parallel_dag.task_4 2020-03-17T00:00:00+00:00 [running]> on host airflowvm
[2021-11-29 12:37:31,068] {taskinstance.py:1280} INFO - Exporting the following env vars:
AIRFLOW_CTX_DAG_OWNER=airflow
AIRFLOW_CTX_DAG_ID=parallel_dag
AIRFLOW_CTX_TASK_ID=task_4
AIRFLOW_CTX_EXECUTION_DATE=2020-03-17T00:00:00+00:00
AIRFLOW_CTX_DAG_RUN_ID=scheduled__2020-03-17T00:00:00+00:00
[2021-11-29 12:37:31,069] {subprocess.py:52} INFO - Tmp dir root location: 
 /tmp
[2021-11-29 12:37:31,070] {subprocess.py:63} INFO - Running command: ['bash', '-c', 'sleep 3']
[2021-11-29 12:37:31,184] {subprocess.py:75} INFO - Output:
[2021-11-29 12:37:34,189] {subprocess.py:83} INFO - Command exited with return code 0
[2021-11-29 12:37:34,394] {taskinstance.py:1184} INFO - Marking task as SUCCESS. dag_id=parallel_dag, task_id=task_4, execution_date=20200317T000000, start_date=20211129T123729, end_date=20211129T123734
[2021-11-29 12:37:34,581] {taskinstance.py:1245} INFO - 0 downstream tasks scheduled from follow-on schedule check
[2021-11-29 12:37:34,593] {local_task_job.py:151} INFO - Task exited with return code 0
