[2021-12-01 05:55:17,160] {taskinstance.py:876} INFO - Dependencies all met for <TaskInstance: parallel_dag.task_1 2021-11-30T00:00:00+00:00 [queued]>
[2021-12-01 05:55:17,333] {taskinstance.py:876} INFO - Dependencies all met for <TaskInstance: parallel_dag.task_1 2021-11-30T00:00:00+00:00 [queued]>
[2021-12-01 05:55:17,335] {taskinstance.py:1067} INFO - 
--------------------------------------------------------------------------------
[2021-12-01 05:55:17,338] {taskinstance.py:1068} INFO - Starting attempt 1 of 1
[2021-12-01 05:55:17,361] {taskinstance.py:1069} INFO - 
--------------------------------------------------------------------------------
[2021-12-01 05:55:17,731] {taskinstance.py:1087} INFO - Executing <Task(BashOperator): task_1> on 2021-11-30T00:00:00+00:00
[2021-12-01 05:55:17,821] {standard_task_runner.py:52} INFO - Started process 243077 to run task
[2021-12-01 05:55:18,087] {standard_task_runner.py:76} INFO - Running: ['airflow', 'tasks', 'run', 'parallel_dag', 'task_1', '2021-11-30T00:00:00+00:00', '--job-id', '691', '--pool', 'default_pool', '--raw', '--subdir', 'DAGS_FOLDER/parallel_dag.py', '--cfg-path', '/tmp/tmphd0fyysc', '--error-file', '/tmp/tmpkupsd1qq']
[2021-12-01 05:55:18,138] {standard_task_runner.py:77} INFO - Job 691: Subtask task_1
[2021-12-01 05:55:18,879] {logging_mixin.py:104} INFO - Running <TaskInstance: parallel_dag.task_1 2021-11-30T00:00:00+00:00 [running]> on host airflowvm
[2021-12-01 05:55:19,593] {taskinstance.py:1280} INFO - Exporting the following env vars:
AIRFLOW_CTX_DAG_OWNER=airflow
AIRFLOW_CTX_DAG_ID=parallel_dag
AIRFLOW_CTX_TASK_ID=task_1
AIRFLOW_CTX_EXECUTION_DATE=2021-11-30T00:00:00+00:00
AIRFLOW_CTX_DAG_RUN_ID=scheduled__2021-11-30T00:00:00+00:00
[2021-12-01 05:55:19,595] {subprocess.py:52} INFO - Tmp dir root location: 
 /tmp
[2021-12-01 05:55:19,596] {subprocess.py:63} INFO - Running command: ['bash', '-c', 'sleep 3']
[2021-12-01 05:55:19,646] {subprocess.py:75} INFO - Output:
[2021-12-01 05:55:22,681] {subprocess.py:83} INFO - Command exited with return code 0
[2021-12-01 05:55:22,800] {taskinstance.py:1184} INFO - Marking task as SUCCESS. dag_id=parallel_dag, task_id=task_1, execution_date=20211130T000000, start_date=20211201T055517, end_date=20211201T055522
[2021-12-01 05:55:22,962] {taskinstance.py:1245} INFO - 3 downstream tasks scheduled from follow-on schedule check
[2021-12-01 05:55:23,036] {local_task_job.py:151} INFO - Task exited with return code 0
