[2021-11-29 12:34:10,694] {taskinstance.py:876} INFO - Dependencies all met for <TaskInstance: parallel_dag.task_4 2020-02-09T00:00:00+00:00 [queued]>
[2021-11-29 12:34:10,904] {taskinstance.py:876} INFO - Dependencies all met for <TaskInstance: parallel_dag.task_4 2020-02-09T00:00:00+00:00 [queued]>
[2021-11-29 12:34:10,904] {taskinstance.py:1067} INFO - 
--------------------------------------------------------------------------------
[2021-11-29 12:34:10,905] {taskinstance.py:1068} INFO - Starting attempt 1 of 1
[2021-11-29 12:34:10,905] {taskinstance.py:1069} INFO - 
--------------------------------------------------------------------------------
[2021-11-29 12:34:10,991] {taskinstance.py:1087} INFO - Executing <Task(BashOperator): task_4> on 2020-02-09T00:00:00+00:00
[2021-11-29 12:34:11,047] {standard_task_runner.py:52} INFO - Started process 150850 to run task
[2021-11-29 12:34:11,069] {standard_task_runner.py:76} INFO - Running: ['airflow', 'tasks', 'run', 'parallel_dag', 'task_4', '2020-02-09T00:00:00+00:00', '--job-id', '348', '--pool', 'default_pool', '--raw', '--subdir', 'DAGS_FOLDER/parallel_dag.py', '--cfg-path', '/tmp/tmp8rzvdqhd', '--error-file', '/tmp/tmplbvtd96w']
[2021-11-29 12:34:11,126] {standard_task_runner.py:77} INFO - Job 348: Subtask task_4
[2021-11-29 12:34:11,706] {logging_mixin.py:104} INFO - Running <TaskInstance: parallel_dag.task_4 2020-02-09T00:00:00+00:00 [running]> on host airflowvm
[2021-11-29 12:34:12,542] {taskinstance.py:1280} INFO - Exporting the following env vars:
AIRFLOW_CTX_DAG_OWNER=airflow
AIRFLOW_CTX_DAG_ID=parallel_dag
AIRFLOW_CTX_TASK_ID=task_4
AIRFLOW_CTX_EXECUTION_DATE=2020-02-09T00:00:00+00:00
AIRFLOW_CTX_DAG_RUN_ID=scheduled__2020-02-09T00:00:00+00:00
[2021-11-29 12:34:12,545] {subprocess.py:52} INFO - Tmp dir root location: 
 /tmp
[2021-11-29 12:34:12,552] {subprocess.py:63} INFO - Running command: ['bash', '-c', 'sleep 3']
[2021-11-29 12:34:12,626] {subprocess.py:75} INFO - Output:
[2021-11-29 12:34:15,711] {subprocess.py:83} INFO - Command exited with return code 0
[2021-11-29 12:34:16,009] {taskinstance.py:1184} INFO - Marking task as SUCCESS. dag_id=parallel_dag, task_id=task_4, execution_date=20200209T000000, start_date=20211129T123410, end_date=20211129T123416
[2021-11-29 12:34:16,439] {local_task_job.py:196} WARNING - State of this instance has been externally set to success. Terminating instance.
[2021-11-29 12:34:16,445] {process_utils.py:100} INFO - Sending Signals.SIGTERM to GPID 150850
[2021-11-29 12:34:17,922] {taskinstance.py:1264} ERROR - Received SIGTERM. Terminating subprocesses.
[2021-11-29 12:34:17,922] {subprocess.py:89} INFO - Sending SIGTERM signal to process group
[2021-11-29 12:34:17,945] {process_utils.py:66} INFO - Process psutil.Process(pid=150850, status='terminated', exitcode=1, started='12:34:10') (150850) terminated with exit code 1
