[2021-11-29 12:19:10,769] {taskinstance.py:876} INFO - Dependencies all met for <TaskInstance: parallel_dag.task_1 2020-01-17T00:00:00+00:00 [queued]>
[2021-11-29 12:19:11,087] {taskinstance.py:876} INFO - Dependencies all met for <TaskInstance: parallel_dag.task_1 2020-01-17T00:00:00+00:00 [queued]>
[2021-11-29 12:19:11,097] {taskinstance.py:1067} INFO - 
--------------------------------------------------------------------------------
[2021-11-29 12:19:11,097] {taskinstance.py:1068} INFO - Starting attempt 1 of 1
[2021-11-29 12:19:11,098] {taskinstance.py:1069} INFO - 
--------------------------------------------------------------------------------
[2021-11-29 12:19:11,273] {taskinstance.py:1087} INFO - Executing <Task(BashOperator): task_1> on 2020-01-17T00:00:00+00:00
[2021-11-29 12:19:11,349] {standard_task_runner.py:52} INFO - Started process 111731 to run task
[2021-11-29 12:19:11,384] {standard_task_runner.py:76} INFO - Running: ['airflow', 'tasks', 'run', 'parallel_dag', 'task_1', '2020-01-17T00:00:00+00:00', '--job-id', '85', '--pool', 'default_pool', '--raw', '--subdir', 'DAGS_FOLDER/parallel_dag.py', '--cfg-path', '/tmp/tmpoftt6xrb', '--error-file', '/tmp/tmplusdhe3u']
[2021-11-29 12:19:11,452] {standard_task_runner.py:77} INFO - Job 85: Subtask task_1
[2021-11-29 12:19:12,141] {logging_mixin.py:104} INFO - Running <TaskInstance: parallel_dag.task_1 2020-01-17T00:00:00+00:00 [running]> on host airflowvm
[2021-11-29 12:19:13,069] {taskinstance.py:1280} INFO - Exporting the following env vars:
AIRFLOW_CTX_DAG_OWNER=airflow
AIRFLOW_CTX_DAG_ID=parallel_dag
AIRFLOW_CTX_TASK_ID=task_1
AIRFLOW_CTX_EXECUTION_DATE=2020-01-17T00:00:00+00:00
AIRFLOW_CTX_DAG_RUN_ID=scheduled__2020-01-17T00:00:00+00:00
[2021-11-29 12:19:13,094] {subprocess.py:52} INFO - Tmp dir root location: 
 /tmp
[2021-11-29 12:19:13,096] {subprocess.py:63} INFO - Running command: ['bash', '-c', 'sleep 3']
[2021-11-29 12:19:13,275] {subprocess.py:75} INFO - Output:
[2021-11-29 12:19:16,511] {subprocess.py:83} INFO - Command exited with return code 0
[2021-11-29 12:19:17,232] {taskinstance.py:1184} INFO - Marking task as SUCCESS. dag_id=parallel_dag, task_id=task_1, execution_date=20200117T000000, start_date=20211129T121910, end_date=20211129T121917
[2021-11-29 12:19:18,915] {taskinstance.py:1245} INFO - 0 downstream tasks scheduled from follow-on schedule check
[2021-11-29 12:19:18,970] {local_task_job.py:151} INFO - Task exited with return code 0
