[2021-11-29 12:33:22,713] {taskinstance.py:876} INFO - Dependencies all met for <TaskInstance: parallel_dag.task_1 2020-01-17T00:00:00+00:00 [queued]>
[2021-11-29 12:33:22,807] {taskinstance.py:876} INFO - Dependencies all met for <TaskInstance: parallel_dag.task_1 2020-01-17T00:00:00+00:00 [queued]>
[2021-11-29 12:33:22,847] {taskinstance.py:1067} INFO - 
--------------------------------------------------------------------------------
[2021-11-29 12:33:22,847] {taskinstance.py:1068} INFO - Starting attempt 3 of 3
[2021-11-29 12:33:22,847] {taskinstance.py:1069} INFO - 
--------------------------------------------------------------------------------
[2021-11-29 12:33:22,885] {taskinstance.py:1087} INFO - Executing <Task(BashOperator): task_1> on 2020-01-17T00:00:00+00:00
[2021-11-29 12:33:22,954] {standard_task_runner.py:52} INFO - Started process 148029 to run task
[2021-11-29 12:33:23,025] {standard_task_runner.py:76} INFO - Running: ['airflow', 'tasks', 'run', 'parallel_dag', 'task_1', '2020-01-17T00:00:00+00:00', '--job-id', '313', '--pool', 'default_pool', '--raw', '--subdir', 'DAGS_FOLDER/parallel_dag.py', '--cfg-path', '/tmp/tmp0mefj3zr', '--error-file', '/tmp/tmpz4e2x6ev']
[2021-11-29 12:33:23,072] {standard_task_runner.py:77} INFO - Job 313: Subtask task_1
[2021-11-29 12:33:23,595] {logging_mixin.py:104} INFO - Running <TaskInstance: parallel_dag.task_1 2020-01-17T00:00:00+00:00 [running]> on host airflowvm
[2021-11-29 12:33:24,074] {taskinstance.py:1280} INFO - Exporting the following env vars:
AIRFLOW_CTX_DAG_OWNER=airflow
AIRFLOW_CTX_DAG_ID=parallel_dag
AIRFLOW_CTX_TASK_ID=task_1
AIRFLOW_CTX_EXECUTION_DATE=2020-01-17T00:00:00+00:00
AIRFLOW_CTX_DAG_RUN_ID=scheduled__2020-01-17T00:00:00+00:00
[2021-11-29 12:33:24,075] {subprocess.py:52} INFO - Tmp dir root location: 
 /tmp
[2021-11-29 12:33:24,077] {subprocess.py:63} INFO - Running command: ['bash', '-c', 'sleep 3']
[2021-11-29 12:33:24,150] {subprocess.py:75} INFO - Output:
[2021-11-29 12:33:27,257] {subprocess.py:83} INFO - Command exited with return code 0
[2021-11-29 12:33:27,458] {taskinstance.py:1184} INFO - Marking task as SUCCESS. dag_id=parallel_dag, task_id=task_1, execution_date=20200117T000000, start_date=20211129T123322, end_date=20211129T123327
[2021-11-29 12:33:27,820] {taskinstance.py:1245} INFO - 2 downstream tasks scheduled from follow-on schedule check
[2021-11-29 12:33:27,886] {local_task_job.py:151} INFO - Task exited with return code 0
