[2021-11-29 12:18:42,890] {taskinstance.py:876} INFO - Dependencies all met for <TaskInstance: parallel_dag.task_4 2020-01-01T00:00:00+00:00 [queued]>
[2021-11-29 12:18:43,826] {taskinstance.py:876} INFO - Dependencies all met for <TaskInstance: parallel_dag.task_4 2020-01-01T00:00:00+00:00 [queued]>
[2021-11-29 12:18:43,826] {taskinstance.py:1067} INFO - 
--------------------------------------------------------------------------------
[2021-11-29 12:18:43,826] {taskinstance.py:1068} INFO - Starting attempt 1 of 1
[2021-11-29 12:18:43,826] {taskinstance.py:1069} INFO - 
--------------------------------------------------------------------------------
[2021-11-29 12:18:44,129] {taskinstance.py:1087} INFO - Executing <Task(BashOperator): task_4> on 2020-01-01T00:00:00+00:00
[2021-11-29 12:18:44,245] {standard_task_runner.py:52} INFO - Started process 109796 to run task
[2021-11-29 12:18:45,149] {standard_task_runner.py:76} INFO - Running: ['airflow', 'tasks', 'run', 'parallel_dag', 'task_4', '2020-01-01T00:00:00+00:00', '--job-id', '68', '--pool', 'default_pool', '--raw', '--subdir', 'DAGS_FOLDER/parallel_dag.py', '--cfg-path', '/tmp/tmp3p_vuvz_', '--error-file', '/tmp/tmpxqmrhi70']
[2021-11-29 12:18:45,249] {standard_task_runner.py:77} INFO - Job 68: Subtask task_4
[2021-11-29 12:18:46,912] {logging_mixin.py:104} INFO - Running <TaskInstance: parallel_dag.task_4 2020-01-01T00:00:00+00:00 [running]> on host airflowvm
[2021-11-29 12:18:49,225] {taskinstance.py:1280} INFO - Exporting the following env vars:
AIRFLOW_CTX_DAG_OWNER=airflow
AIRFLOW_CTX_DAG_ID=parallel_dag
AIRFLOW_CTX_TASK_ID=task_4
AIRFLOW_CTX_EXECUTION_DATE=2020-01-01T00:00:00+00:00
AIRFLOW_CTX_DAG_RUN_ID=scheduled__2020-01-01T00:00:00+00:00
[2021-11-29 12:18:49,226] {subprocess.py:52} INFO - Tmp dir root location: 
 /tmp
[2021-11-29 12:18:49,226] {subprocess.py:63} INFO - Running command: ['bash', '-c', 'sleep 3']
[2021-11-29 12:18:49,427] {subprocess.py:75} INFO - Output:
[2021-11-29 12:18:52,629] {subprocess.py:83} INFO - Command exited with return code 0
[2021-11-29 12:18:53,377] {taskinstance.py:1184} INFO - Marking task as SUCCESS. dag_id=parallel_dag, task_id=task_4, execution_date=20200101T000000, start_date=20211129T121842, end_date=20211129T121853
[2021-11-29 12:18:54,223] {taskinstance.py:1245} INFO - 0 downstream tasks scheduled from follow-on schedule check
[2021-11-29 12:18:54,238] {local_task_job.py:151} INFO - Task exited with return code 0
