[2021-11-29 12:33:00,148] {taskinstance.py:876} INFO - Dependencies all met for <TaskInstance: parallel_dag.task_4 2020-01-01T00:00:00+00:00 [queued]>
[2021-11-29 12:33:00,526] {taskinstance.py:876} INFO - Dependencies all met for <TaskInstance: parallel_dag.task_4 2020-01-01T00:00:00+00:00 [queued]>
[2021-11-29 12:33:00,528] {taskinstance.py:1067} INFO - 
--------------------------------------------------------------------------------
[2021-11-29 12:33:00,537] {taskinstance.py:1068} INFO - Starting attempt 3 of 3
[2021-11-29 12:33:00,538] {taskinstance.py:1069} INFO - 
--------------------------------------------------------------------------------
[2021-11-29 12:33:00,732] {taskinstance.py:1087} INFO - Executing <Task(BashOperator): task_4> on 2020-01-01T00:00:00+00:00
[2021-11-29 12:33:00,801] {standard_task_runner.py:52} INFO - Started process 146379 to run task
[2021-11-29 12:33:00,987] {standard_task_runner.py:76} INFO - Running: ['airflow', 'tasks', 'run', 'parallel_dag', 'task_4', '2020-01-01T00:00:00+00:00', '--job-id', '299', '--pool', 'default_pool', '--raw', '--subdir', 'DAGS_FOLDER/parallel_dag.py', '--cfg-path', '/tmp/tmppotm_eds', '--error-file', '/tmp/tmpqw6x31bf']
[2021-11-29 12:33:00,994] {standard_task_runner.py:77} INFO - Job 299: Subtask task_4
[2021-11-29 12:33:02,399] {logging_mixin.py:104} INFO - Running <TaskInstance: parallel_dag.task_4 2020-01-01T00:00:00+00:00 [running]> on host airflowvm
[2021-11-29 12:33:03,803] {taskinstance.py:1280} INFO - Exporting the following env vars:
AIRFLOW_CTX_DAG_OWNER=airflow
AIRFLOW_CTX_DAG_ID=parallel_dag
AIRFLOW_CTX_TASK_ID=task_4
AIRFLOW_CTX_EXECUTION_DATE=2020-01-01T00:00:00+00:00
AIRFLOW_CTX_DAG_RUN_ID=scheduled__2020-01-01T00:00:00+00:00
[2021-11-29 12:33:03,805] {subprocess.py:52} INFO - Tmp dir root location: 
 /tmp
[2021-11-29 12:33:03,862] {subprocess.py:63} INFO - Running command: ['bash', '-c', 'sleep 3']
[2021-11-29 12:33:04,029] {subprocess.py:75} INFO - Output:
[2021-11-29 12:33:07,177] {subprocess.py:83} INFO - Command exited with return code 0
[2021-11-29 12:33:07,895] {taskinstance.py:1184} INFO - Marking task as SUCCESS. dag_id=parallel_dag, task_id=task_4, execution_date=20200101T000000, start_date=20211129T123300, end_date=20211129T123307
[2021-11-29 12:33:10,142] {taskinstance.py:1245} INFO - 0 downstream tasks scheduled from follow-on schedule check
[2021-11-29 12:33:10,280] {local_task_job.py:151} INFO - Task exited with return code 0
