[2021-11-24 11:04:04,629] {taskinstance.py:876} INFO - Dependencies all met for <TaskInstance: user_processing.processing_user 2020-01-02T00:00:00+00:00 [queued]>
[2021-11-24 11:04:04,644] {taskinstance.py:876} INFO - Dependencies all met for <TaskInstance: user_processing.processing_user 2020-01-02T00:00:00+00:00 [queued]>
[2021-11-24 11:04:04,645] {taskinstance.py:1067} INFO - 
--------------------------------------------------------------------------------
[2021-11-24 11:04:04,646] {taskinstance.py:1068} INFO - Starting attempt 1 of 1
[2021-11-24 11:04:04,647] {taskinstance.py:1069} INFO - 
--------------------------------------------------------------------------------
[2021-11-24 11:04:04,694] {taskinstance.py:1087} INFO - Executing <Task(PythonOperator): processing_user> on 2020-01-02T00:00:00+00:00
[2021-11-24 11:04:04,699] {standard_task_runner.py:52} INFO - Started process 151695 to run task
[2021-11-24 11:04:04,716] {standard_task_runner.py:76} INFO - Running: ['airflow', 'tasks', 'run', 'user_processing', 'processing_user', '2020-01-02T00:00:00+00:00', '--job-id', '71', '--pool', 'default_pool', '--raw', '--subdir', 'DAGS_FOLDER/user_processing.py', '--cfg-path', '/tmp/tmpvsg8mdlu', '--error-file', '/tmp/tmpl8f71150']
[2021-11-24 11:04:04,718] {standard_task_runner.py:77} INFO - Job 71: Subtask processing_user
[2021-11-24 11:04:04,832] {logging_mixin.py:104} INFO - Running <TaskInstance: user_processing.processing_user 2020-01-02T00:00:00+00:00 [running]> on host airflowvm
[2021-11-24 11:04:05,132] {taskinstance.py:1280} INFO - Exporting the following env vars:
AIRFLOW_CTX_DAG_OWNER=airflow
AIRFLOW_CTX_DAG_ID=user_processing
AIRFLOW_CTX_TASK_ID=processing_user
AIRFLOW_CTX_EXECUTION_DATE=2020-01-02T00:00:00+00:00
AIRFLOW_CTX_DAG_RUN_ID=scheduled__2020-01-02T00:00:00+00:00
[2021-11-24 11:04:05,151] {python.py:151} INFO - Done. Returned value was: None
[2021-11-24 11:04:05,159] {taskinstance.py:1184} INFO - Marking task as SUCCESS. dag_id=user_processing, task_id=processing_user, execution_date=20200102T000000, start_date=20211124T110404, end_date=20211124T110405
[2021-11-24 11:04:05,358] {taskinstance.py:1245} INFO - 1 downstream tasks scheduled from follow-on schedule check
[2021-11-24 11:04:05,397] {local_task_job.py:151} INFO - Task exited with return code 0
