[2021-11-24 11:02:52,899] {taskinstance.py:876} INFO - Dependencies all met for <TaskInstance: user_processing.extracting_user 2020-01-01T00:00:00+00:00 [queued]>
[2021-11-24 11:02:52,928] {taskinstance.py:876} INFO - Dependencies all met for <TaskInstance: user_processing.extracting_user 2020-01-01T00:00:00+00:00 [queued]>
[2021-11-24 11:02:52,929] {taskinstance.py:1067} INFO - 
--------------------------------------------------------------------------------
[2021-11-24 11:02:52,930] {taskinstance.py:1068} INFO - Starting attempt 2 of 1
[2021-11-24 11:02:52,930] {taskinstance.py:1069} INFO - 
--------------------------------------------------------------------------------
[2021-11-24 11:02:52,986] {taskinstance.py:1087} INFO - Executing <Task(SimpleHttpOperator): extracting_user> on 2020-01-01T00:00:00+00:00
[2021-11-24 11:02:52,992] {standard_task_runner.py:52} INFO - Started process 150872 to run task
[2021-11-24 11:02:53,015] {standard_task_runner.py:76} INFO - Running: ['airflow', 'tasks', 'run', 'user_processing', 'extracting_user', '2020-01-01T00:00:00+00:00', '--job-id', '61', '--pool', 'default_pool', '--raw', '--subdir', 'DAGS_FOLDER/user_processing.py', '--cfg-path', '/tmp/tmp7ajnda2k', '--error-file', '/tmp/tmpitkbofqw']
[2021-11-24 11:02:53,020] {standard_task_runner.py:77} INFO - Job 61: Subtask extracting_user
[2021-11-24 11:02:53,166] {logging_mixin.py:104} INFO - Running <TaskInstance: user_processing.extracting_user 2020-01-01T00:00:00+00:00 [running]> on host airflowvm
[2021-11-24 11:02:53,449] {taskinstance.py:1280} INFO - Exporting the following env vars:
AIRFLOW_CTX_DAG_OWNER=airflow
AIRFLOW_CTX_DAG_ID=user_processing
AIRFLOW_CTX_TASK_ID=extracting_user
AIRFLOW_CTX_EXECUTION_DATE=2020-01-01T00:00:00+00:00
AIRFLOW_CTX_DAG_RUN_ID=scheduled__2020-01-01T00:00:00+00:00
[2021-11-24 11:02:53,457] {http.py:111} INFO - Calling HTTP method
[2021-11-24 11:02:53,468] {base.py:69} INFO - Using connection to: id: user_api. Host: https://randomuser.me/, Port: None, Schema: , Login: , Password: None, extra: {}
[2021-11-24 11:02:53,470] {http.py:140} INFO - Sending 'GET' to url: https://randomuser.me/api/
[2021-11-24 11:02:54,061] {http.py:115} INFO - {"results":[{"gender":"female","name":{"title":"Miss","first":"یسنا","last":"سلطانی نژاد"},"location":{"street":{"number":6688,"name":"استاد نجات‌اللهی"},"city":"قرچک","state":"همدان","country":"Iran","postcode":46629,"coordinates":{"latitude":"32.7358","longitude":"24.0791"},"timezone":{"offset":"-8:00","description":"Pacific Time (US & Canada)"}},"email":"ysn.sltnynjd@example.com","login":{"uuid":"f502a1ab-61a3-4710-8d9f-8e45c75d58b1","username":"yellowleopard934","password":"martina","salt":"hPlBedq1","md5":"e3dcb6f90619be8a9e29791eefe5962c","sha1":"d602164b4aef3365e81bfca1311eef7313fb79cd","sha256":"0ef812362decdceeee90d3cc8a1f9e536373345d56497ab0f5193ca14df741ac"},"dob":{"date":"1961-04-26T16:47:40.329Z","age":60},"registered":{"date":"2008-06-21T07:25:59.181Z","age":13},"phone":"043-83570263","cell":"0928-503-3989","id":{"name":"","value":null},"picture":{"large":"https://randomuser.me/api/portraits/women/78.jpg","medium":"https://randomuser.me/api/portraits/med/women/78.jpg","thumbnail":"https://randomuser.me/api/portraits/thumb/women/78.jpg"},"nat":"IR"}],"info":{"seed":"5e296a485ab712f3","results":1,"page":1,"version":"1.3"}}
[2021-11-24 11:02:54,225] {taskinstance.py:1184} INFO - Marking task as SUCCESS. dag_id=user_processing, task_id=extracting_user, execution_date=20200101T000000, start_date=20211124T110252, end_date=20211124T110254
[2021-11-24 11:02:54,478] {taskinstance.py:1245} INFO - 1 downstream tasks scheduled from follow-on schedule check
[2021-11-24 11:02:54,511] {local_task_job.py:151} INFO - Task exited with return code 0
