[2021-12-06 13:52:38,983] {taskinstance.py:876} INFO - Dependencies all met for <TaskInstance: trigger_rule.task_1 2021-12-06T13:52:32.561672+00:00 [queued]>
[2021-12-06 13:52:39,410] {taskinstance.py:876} INFO - Dependencies all met for <TaskInstance: trigger_rule.task_1 2021-12-06T13:52:32.561672+00:00 [queued]>
[2021-12-06 13:52:39,412] {taskinstance.py:1067} INFO - 
--------------------------------------------------------------------------------
[2021-12-06 13:52:39,426] {taskinstance.py:1068} INFO - Starting attempt 1 of 1
[2021-12-06 13:52:39,427] {taskinstance.py:1069} INFO - 
--------------------------------------------------------------------------------
[2021-12-06 13:52:39,586] {taskinstance.py:1087} INFO - Executing <Task(BashOperator): task_1> on 2021-12-06T13:52:32.561672+00:00
[2021-12-06 13:52:39,632] {standard_task_runner.py:52} INFO - Started process 60897 to run task
[2021-12-06 13:52:39,698] {standard_task_runner.py:76} INFO - Running: ['airflow', 'tasks', 'run', 'trigger_rule', 'task_1', '2021-12-06T13:52:32.561672+00:00', '--job-id', '766', '--pool', 'default_pool', '--raw', '--subdir', 'DAGS_FOLDER/trigger_rule.py', '--cfg-path', '/tmp/tmp6uz9innn', '--error-file', '/tmp/tmp019ucckj']
[2021-12-06 13:52:39,745] {standard_task_runner.py:77} INFO - Job 766: Subtask task_1
[2021-12-06 13:52:41,348] {logging_mixin.py:104} INFO - Running <TaskInstance: trigger_rule.task_1 2021-12-06T13:52:32.561672+00:00 [running]> on host airflowvm
[2021-12-06 13:52:42,529] {taskinstance.py:1280} INFO - Exporting the following env vars:
AIRFLOW_CTX_DAG_OWNER=airflow
AIRFLOW_CTX_DAG_ID=trigger_rule
AIRFLOW_CTX_TASK_ID=task_1
AIRFLOW_CTX_EXECUTION_DATE=2021-12-06T13:52:32.561672+00:00
AIRFLOW_CTX_DAG_RUN_ID=manual__2021-12-06T13:52:32.561672+00:00
[2021-12-06 13:52:42,545] {subprocess.py:52} INFO - Tmp dir root location: 
 /tmp
[2021-12-06 13:52:42,546] {subprocess.py:63} INFO - Running command: ['bash', '-c', 'exit 1']
[2021-12-06 13:52:42,710] {subprocess.py:75} INFO - Output:
[2021-12-06 13:52:42,913] {subprocess.py:83} INFO - Command exited with return code 1
[2021-12-06 13:52:43,108] {taskinstance.py:1481} ERROR - Task failed with exception
Traceback (most recent call last):
  File "/home/airflow/sandbox/lib/python3.8/site-packages/airflow/models/taskinstance.py", line 1137, in _run_raw_task
    self._prepare_and_execute_task_with_callbacks(context, task)
  File "/home/airflow/sandbox/lib/python3.8/site-packages/airflow/models/taskinstance.py", line 1311, in _prepare_and_execute_task_with_callbacks
    result = self._execute_task(context, task_copy)
  File "/home/airflow/sandbox/lib/python3.8/site-packages/airflow/models/taskinstance.py", line 1341, in _execute_task
    result = task_copy.execute(context=context)
  File "/home/airflow/sandbox/lib/python3.8/site-packages/airflow/operators/bash.py", line 180, in execute
    raise AirflowException('Bash command failed. The command returned a non-zero exit code.')
airflow.exceptions.AirflowException: Bash command failed. The command returned a non-zero exit code.
[2021-12-06 13:52:43,188] {taskinstance.py:1524} INFO - Marking task as FAILED. dag_id=trigger_rule, task_id=task_1, execution_date=20211206T135232, start_date=20211206T135239, end_date=20211206T135243
[2021-12-06 13:52:43,861] {local_task_job.py:151} INFO - Task exited with return code 1
