[2021-12-01 05:55:25,837] {taskinstance.py:876} INFO - Dependencies all met for <TaskInstance: parallel_dag.processing_tasks.task_2 2021-11-30T00:00:00+00:00 [queued]>
[2021-12-01 05:55:26,021] {taskinstance.py:876} INFO - Dependencies all met for <TaskInstance: parallel_dag.processing_tasks.task_2 2021-11-30T00:00:00+00:00 [queued]>
[2021-12-01 05:55:26,023] {taskinstance.py:1067} INFO - 
--------------------------------------------------------------------------------
[2021-12-01 05:55:26,031] {taskinstance.py:1068} INFO - Starting attempt 1 of 1
[2021-12-01 05:55:26,061] {taskinstance.py:1069} INFO - 
--------------------------------------------------------------------------------
[2021-12-01 05:55:26,139] {taskinstance.py:1087} INFO - Executing <Task(BashOperator): processing_tasks.task_2> on 2021-11-30T00:00:00+00:00
[2021-12-01 05:55:26,179] {standard_task_runner.py:52} INFO - Started process 243473 to run task
[2021-12-01 05:55:26,168] {standard_task_runner.py:76} INFO - Running: ['airflow', 'tasks', 'run', 'parallel_dag', 'processing_tasks.task_2', '2021-11-30T00:00:00+00:00', '--job-id', '694', '--pool', 'default_pool', '--raw', '--subdir', 'DAGS_FOLDER/parallel_dag.py', '--cfg-path', '/tmp/tmpxt3ef7bw', '--error-file', '/tmp/tmpwjc1uybi']
[2021-12-01 05:55:26,238] {standard_task_runner.py:77} INFO - Job 694: Subtask processing_tasks.task_2
[2021-12-01 05:55:26,672] {logging_mixin.py:104} INFO - Running <TaskInstance: parallel_dag.processing_tasks.task_2 2021-11-30T00:00:00+00:00 [running]> on host airflowvm
[2021-12-01 05:55:27,252] {taskinstance.py:1280} INFO - Exporting the following env vars:
AIRFLOW_CTX_DAG_OWNER=airflow
AIRFLOW_CTX_DAG_ID=parallel_dag
AIRFLOW_CTX_TASK_ID=processing_tasks.task_2
AIRFLOW_CTX_EXECUTION_DATE=2021-11-30T00:00:00+00:00
AIRFLOW_CTX_DAG_RUN_ID=scheduled__2021-11-30T00:00:00+00:00
[2021-12-01 05:55:27,255] {subprocess.py:52} INFO - Tmp dir root location: 
 /tmp
[2021-12-01 05:55:27,256] {subprocess.py:63} INFO - Running command: ['bash', '-c', 'sleep 3']
[2021-12-01 05:55:27,313] {subprocess.py:75} INFO - Output:
[2021-12-01 05:55:30,402] {subprocess.py:83} INFO - Command exited with return code 0
[2021-12-01 05:55:30,561] {taskinstance.py:1184} INFO - Marking task as SUCCESS. dag_id=parallel_dag, task_id=processing_tasks.task_2, execution_date=20211130T000000, start_date=20211201T055525, end_date=20211201T055530
[2021-12-01 05:55:30,861] {taskinstance.py:1245} INFO - 0 downstream tasks scheduled from follow-on schedule check
[2021-12-01 05:55:30,913] {local_task_job.py:151} INFO - Task exited with return code 0
