[2021-11-24 04:48:37,071] {taskinstance.py:876} INFO - Dependencies all met for <TaskInstance: example_bash_operator.runme_0 2021-11-23T00:00:00+00:00 [queued]>
[2021-11-24 04:48:37,074] {taskinstance.py:876} INFO - Dependencies all met for <TaskInstance: example_bash_operator.runme_0 2021-11-23T00:00:00+00:00 [queued]>
[2021-11-24 04:48:37,075] {taskinstance.py:1067} INFO - 
--------------------------------------------------------------------------------
[2021-11-24 04:48:37,075] {taskinstance.py:1068} INFO - Starting attempt 1 of 1
[2021-11-24 04:48:37,075] {taskinstance.py:1069} INFO - 
--------------------------------------------------------------------------------
[2021-11-24 04:48:37,093] {taskinstance.py:1087} INFO - Executing <Task(BashOperator): runme_0> on 2021-11-23T00:00:00+00:00
[2021-11-24 04:48:37,094] {standard_task_runner.py:52} INFO - Started process 112152 to run task
[2021-11-24 04:48:37,100] {standard_task_runner.py:76} INFO - Running: ['airflow', 'tasks', 'run', 'example_bash_operator', 'runme_0', '2021-11-23T00:00:00+00:00', '--job-id', '37', '--pool', 'default_pool', '--raw', '--subdir', '/home/airflow/sandbox/lib/python3.8/site-packages/airflow/example_dags/example_bash_operator.py', '--cfg-path', '/tmp/tmpv3iu5q6r', '--error-file', '/tmp/tmp98afc33j']
[2021-11-24 04:48:37,101] {standard_task_runner.py:77} INFO - Job 37: Subtask runme_0
[2021-11-24 04:48:37,172] {logging_mixin.py:104} INFO - Running <TaskInstance: example_bash_operator.runme_0 2021-11-23T00:00:00+00:00 [running]> on host airflowvm
[2021-11-24 04:48:37,296] {taskinstance.py:1280} INFO - Exporting the following env vars:
AIRFLOW_CTX_DAG_OWNER=airflow
AIRFLOW_CTX_DAG_ID=example_bash_operator
AIRFLOW_CTX_TASK_ID=runme_0
AIRFLOW_CTX_EXECUTION_DATE=2021-11-23T00:00:00+00:00
AIRFLOW_CTX_DAG_RUN_ID=scheduled__2021-11-23T00:00:00+00:00
[2021-11-24 04:48:37,296] {subprocess.py:52} INFO - Tmp dir root location: 
 /tmp
[2021-11-24 04:48:37,297] {subprocess.py:63} INFO - Running command: ['bash', '-c', 'echo "example_bash_operator__runme_0__20211123" && sleep 1']
[2021-11-24 04:48:37,303] {subprocess.py:75} INFO - Output:
[2021-11-24 04:48:37,306] {subprocess.py:79} INFO - example_bash_operator__runme_0__20211123
[2021-11-24 04:48:38,309] {subprocess.py:83} INFO - Command exited with return code 0
[2021-11-24 04:48:38,337] {taskinstance.py:1184} INFO - Marking task as SUCCESS. dag_id=example_bash_operator, task_id=runme_0, execution_date=20211123T000000, start_date=20211124T044837, end_date=20211124T044838
[2021-11-24 04:48:38,360] {taskinstance.py:1245} INFO - 0 downstream tasks scheduled from follow-on schedule check
[2021-11-24 04:48:38,366] {local_task_job.py:151} INFO - Task exited with return code 0
