[2021-11-29 12:21:46,773] {taskinstance.py:876} INFO - Dependencies all met for <TaskInstance: parallel_dag.task_1 2020-01-06T00:00:00+00:00 [queued]>
[2021-11-29 12:21:46,794] {taskinstance.py:876} INFO - Dependencies all met for <TaskInstance: parallel_dag.task_1 2020-01-06T00:00:00+00:00 [queued]>
[2021-11-29 12:21:46,795] {taskinstance.py:1067} INFO - 
--------------------------------------------------------------------------------
[2021-11-29 12:21:46,795] {taskinstance.py:1068} INFO - Starting attempt 2 of 2
[2021-11-29 12:21:46,795] {taskinstance.py:1069} INFO - 
--------------------------------------------------------------------------------
[2021-11-29 12:21:46,805] {taskinstance.py:1087} INFO - Executing <Task(BashOperator): task_1> on 2020-01-06T00:00:00+00:00
[2021-11-29 12:21:46,811] {standard_task_runner.py:52} INFO - Started process 116282 to run task
[2021-11-29 12:21:46,818] {standard_task_runner.py:76} INFO - Running: ['airflow', 'tasks', 'run', 'parallel_dag', 'task_1', '2020-01-06T00:00:00+00:00', '--job-id', '100', '--pool', 'default_pool', '--raw', '--subdir', 'DAGS_FOLDER/parallel_dag.py', '--cfg-path', '/tmp/tmpxi80p63x', '--error-file', '/tmp/tmpgpxbbloe']
[2021-11-29 12:21:46,820] {standard_task_runner.py:77} INFO - Job 100: Subtask task_1
[2021-11-29 12:21:46,913] {logging_mixin.py:104} INFO - Running <TaskInstance: parallel_dag.task_1 2020-01-06T00:00:00+00:00 [running]> on host airflowvm
[2021-11-29 12:21:47,040] {taskinstance.py:1280} INFO - Exporting the following env vars:
AIRFLOW_CTX_DAG_OWNER=airflow
AIRFLOW_CTX_DAG_ID=parallel_dag
AIRFLOW_CTX_TASK_ID=task_1
AIRFLOW_CTX_EXECUTION_DATE=2020-01-06T00:00:00+00:00
AIRFLOW_CTX_DAG_RUN_ID=scheduled__2020-01-06T00:00:00+00:00
[2021-11-29 12:21:47,041] {subprocess.py:52} INFO - Tmp dir root location: 
 /tmp
[2021-11-29 12:21:47,041] {subprocess.py:63} INFO - Running command: ['bash', '-c', 'sleep 3']
[2021-11-29 12:21:47,053] {subprocess.py:75} INFO - Output:
[2021-11-29 12:21:50,070] {subprocess.py:83} INFO - Command exited with return code 0
[2021-11-29 12:21:50,211] {taskinstance.py:1184} INFO - Marking task as SUCCESS. dag_id=parallel_dag, task_id=task_1, execution_date=20200106T000000, start_date=20211129T122146, end_date=20211129T122150
[2021-11-29 12:21:50,449] {taskinstance.py:1245} INFO - 0 downstream tasks scheduled from follow-on schedule check
[2021-11-29 12:21:50,471] {local_task_job.py:151} INFO - Task exited with return code 0
