[2021-12-06 13:51:45,035] {taskinstance.py:876} INFO - Dependencies all met for <TaskInstance: trigger_rule.task_2 2021-12-06T13:51:41.111099+00:00 [queued]>
[2021-12-06 13:51:45,152] {taskinstance.py:876} INFO - Dependencies all met for <TaskInstance: trigger_rule.task_2 2021-12-06T13:51:41.111099+00:00 [queued]>
[2021-12-06 13:51:45,155] {taskinstance.py:1067} INFO - 
--------------------------------------------------------------------------------
[2021-12-06 13:51:45,156] {taskinstance.py:1068} INFO - Starting attempt 1 of 1
[2021-12-06 13:51:45,162] {taskinstance.py:1069} INFO - 
--------------------------------------------------------------------------------
[2021-12-06 13:51:45,282] {taskinstance.py:1087} INFO - Executing <Task(BashOperator): task_2> on 2021-12-06T13:51:41.111099+00:00
[2021-12-06 13:51:45,342] {standard_task_runner.py:52} INFO - Started process 59917 to run task
[2021-12-06 13:51:45,419] {standard_task_runner.py:76} INFO - Running: ['airflow', 'tasks', 'run', 'trigger_rule', 'task_2', '2021-12-06T13:51:41.111099+00:00', '--job-id', '763', '--pool', 'default_pool', '--raw', '--subdir', 'DAGS_FOLDER/trigger_rule.py', '--cfg-path', '/tmp/tmpra6tok0_', '--error-file', '/tmp/tmp9ck6wpdf']
[2021-12-06 13:51:45,435] {standard_task_runner.py:77} INFO - Job 763: Subtask task_2
[2021-12-06 13:51:46,202] {logging_mixin.py:104} INFO - Running <TaskInstance: trigger_rule.task_2 2021-12-06T13:51:41.111099+00:00 [running]> on host airflowvm
[2021-12-06 13:51:46,819] {taskinstance.py:1280} INFO - Exporting the following env vars:
AIRFLOW_CTX_DAG_OWNER=airflow
AIRFLOW_CTX_DAG_ID=trigger_rule
AIRFLOW_CTX_TASK_ID=task_2
AIRFLOW_CTX_EXECUTION_DATE=2021-12-06T13:51:41.111099+00:00
AIRFLOW_CTX_DAG_RUN_ID=manual__2021-12-06T13:51:41.111099+00:00
[2021-12-06 13:51:46,826] {subprocess.py:52} INFO - Tmp dir root location: 
 /tmp
[2021-12-06 13:51:46,827] {subprocess.py:63} INFO - Running command: ['bash', '-c', 'exit 0']
[2021-12-06 13:51:46,856] {subprocess.py:75} INFO - Output:
[2021-12-06 13:51:46,918] {subprocess.py:83} INFO - Command exited with return code 0
[2021-12-06 13:51:46,996] {taskinstance.py:1184} INFO - Marking task as SUCCESS. dag_id=trigger_rule, task_id=task_2, execution_date=20211206T135141, start_date=20211206T135145, end_date=20211206T135146
[2021-12-06 13:51:47,217] {taskinstance.py:1245} INFO - 1 downstream tasks scheduled from follow-on schedule check
[2021-12-06 13:51:47,225] {local_task_job.py:151} INFO - Task exited with return code 0
