[2021-11-29 12:33:55,790] {taskinstance.py:876} INFO - Dependencies all met for <TaskInstance: parallel_dag.task_4 2020-02-01T00:00:00+00:00 [queued]>
[2021-11-29 12:33:56,057] {taskinstance.py:876} INFO - Dependencies all met for <TaskInstance: parallel_dag.task_4 2020-02-01T00:00:00+00:00 [queued]>
[2021-11-29 12:33:56,057] {taskinstance.py:1067} INFO - 
--------------------------------------------------------------------------------
[2021-11-29 12:33:56,058] {taskinstance.py:1068} INFO - Starting attempt 1 of 1
[2021-11-29 12:33:56,058] {taskinstance.py:1069} INFO - 
--------------------------------------------------------------------------------
[2021-11-29 12:33:56,184] {taskinstance.py:1087} INFO - Executing <Task(BashOperator): task_4> on 2020-02-01T00:00:00+00:00
[2021-11-29 12:33:56,235] {standard_task_runner.py:52} INFO - Started process 149968 to run task
[2021-11-29 12:33:56,280] {standard_task_runner.py:76} INFO - Running: ['airflow', 'tasks', 'run', 'parallel_dag', 'task_4', '2020-02-01T00:00:00+00:00', '--job-id', '340', '--pool', 'default_pool', '--raw', '--subdir', 'DAGS_FOLDER/parallel_dag.py', '--cfg-path', '/tmp/tmpk16sckx2', '--error-file', '/tmp/tmpnzu4maky']
[2021-11-29 12:33:56,309] {standard_task_runner.py:77} INFO - Job 340: Subtask task_4
[2021-11-29 12:33:57,179] {logging_mixin.py:104} INFO - Running <TaskInstance: parallel_dag.task_4 2020-02-01T00:00:00+00:00 [running]> on host airflowvm
[2021-11-29 12:33:58,131] {taskinstance.py:1280} INFO - Exporting the following env vars:
AIRFLOW_CTX_DAG_OWNER=airflow
AIRFLOW_CTX_DAG_ID=parallel_dag
AIRFLOW_CTX_TASK_ID=task_4
AIRFLOW_CTX_EXECUTION_DATE=2020-02-01T00:00:00+00:00
AIRFLOW_CTX_DAG_RUN_ID=scheduled__2020-02-01T00:00:00+00:00
[2021-11-29 12:33:58,132] {subprocess.py:52} INFO - Tmp dir root location: 
 /tmp
[2021-11-29 12:33:58,133] {subprocess.py:63} INFO - Running command: ['bash', '-c', 'sleep 3']
[2021-11-29 12:33:58,201] {subprocess.py:75} INFO - Output:
[2021-11-29 12:34:01,372] {subprocess.py:83} INFO - Command exited with return code 0
[2021-11-29 12:34:01,845] {taskinstance.py:1184} INFO - Marking task as SUCCESS. dag_id=parallel_dag, task_id=task_4, execution_date=20200201T000000, start_date=20211129T123355, end_date=20211129T123401
[2021-11-29 12:34:02,736] {taskinstance.py:1245} INFO - 0 downstream tasks scheduled from follow-on schedule check
[2021-11-29 12:34:02,839] {local_task_job.py:151} INFO - Task exited with return code 0
