[2021-11-29 12:38:46,335] {taskinstance.py:876} INFO - Dependencies all met for <TaskInstance: parallel_dag.task_4 2020-03-30T00:00:00+00:00 [queued]>
[2021-11-29 12:38:46,596] {taskinstance.py:876} INFO - Dependencies all met for <TaskInstance: parallel_dag.task_4 2020-03-30T00:00:00+00:00 [queued]>
[2021-11-29 12:38:46,614] {taskinstance.py:1067} INFO - 
--------------------------------------------------------------------------------
[2021-11-29 12:38:46,615] {taskinstance.py:1068} INFO - Starting attempt 1 of 1
[2021-11-29 12:38:46,620] {taskinstance.py:1069} INFO - 
--------------------------------------------------------------------------------
[2021-11-29 12:38:46,787] {taskinstance.py:1087} INFO - Executing <Task(BashOperator): task_4> on 2020-03-30T00:00:00+00:00
[2021-11-29 12:38:46,905] {standard_task_runner.py:52} INFO - Started process 167626 to run task
[2021-11-29 12:38:47,023] {standard_task_runner.py:76} INFO - Running: ['airflow', 'tasks', 'run', 'parallel_dag', 'task_4', '2020-03-30T00:00:00+00:00', '--job-id', '554', '--pool', 'default_pool', '--raw', '--subdir', 'DAGS_FOLDER/parallel_dag.py', '--cfg-path', '/tmp/tmp5x27p4j1', '--error-file', '/tmp/tmpm7ynm60t']
[2021-11-29 12:38:47,024] {standard_task_runner.py:77} INFO - Job 554: Subtask task_4
[2021-11-29 12:38:47,773] {logging_mixin.py:104} INFO - Running <TaskInstance: parallel_dag.task_4 2020-03-30T00:00:00+00:00 [running]> on host airflowvm
[2021-11-29 12:38:48,485] {taskinstance.py:1280} INFO - Exporting the following env vars:
AIRFLOW_CTX_DAG_OWNER=airflow
AIRFLOW_CTX_DAG_ID=parallel_dag
AIRFLOW_CTX_TASK_ID=task_4
AIRFLOW_CTX_EXECUTION_DATE=2020-03-30T00:00:00+00:00
AIRFLOW_CTX_DAG_RUN_ID=scheduled__2020-03-30T00:00:00+00:00
[2021-11-29 12:38:48,486] {subprocess.py:52} INFO - Tmp dir root location: 
 /tmp
[2021-11-29 12:38:48,505] {subprocess.py:63} INFO - Running command: ['bash', '-c', 'sleep 3']
[2021-11-29 12:38:48,599] {subprocess.py:75} INFO - Output:
[2021-11-29 12:38:51,689] {subprocess.py:83} INFO - Command exited with return code 0
[2021-11-29 12:38:51,890] {taskinstance.py:1184} INFO - Marking task as SUCCESS. dag_id=parallel_dag, task_id=task_4, execution_date=20200330T000000, start_date=20211129T123846, end_date=20211129T123851
[2021-11-29 12:38:52,312] {local_task_job.py:196} WARNING - State of this instance has been externally set to success. Terminating instance.
[2021-11-29 12:38:52,317] {process_utils.py:100} INFO - Sending Signals.SIGTERM to GPID 167626
[2021-11-29 12:38:52,389] {taskinstance.py:1245} INFO - 0 downstream tasks scheduled from follow-on schedule check
[2021-11-29 12:38:52,441] {process_utils.py:66} INFO - Process psutil.Process(pid=167626, status='terminated', exitcode=0, started='12:38:46') (167626) terminated with exit code 0
