[2021-11-29 12:22:19,427] {taskinstance.py:876} INFO - Dependencies all met for <TaskInstance: parallel_dag.task_1 2020-01-12T00:00:00+00:00 [queued]>
[2021-11-29 12:22:19,455] {taskinstance.py:876} INFO - Dependencies all met for <TaskInstance: parallel_dag.task_1 2020-01-12T00:00:00+00:00 [queued]>
[2021-11-29 12:22:19,457] {taskinstance.py:1067} INFO - 
--------------------------------------------------------------------------------
[2021-11-29 12:22:19,458] {taskinstance.py:1068} INFO - Starting attempt 2 of 2
[2021-11-29 12:22:19,462] {taskinstance.py:1069} INFO - 
--------------------------------------------------------------------------------
[2021-11-29 12:22:19,494] {taskinstance.py:1087} INFO - Executing <Task(BashOperator): task_1> on 2020-01-12T00:00:00+00:00
[2021-11-29 12:22:19,498] {standard_task_runner.py:52} INFO - Started process 117679 to run task
[2021-11-29 12:22:19,511] {standard_task_runner.py:76} INFO - Running: ['airflow', 'tasks', 'run', 'parallel_dag', 'task_1', '2020-01-12T00:00:00+00:00', '--job-id', '106', '--pool', 'default_pool', '--raw', '--subdir', 'DAGS_FOLDER/parallel_dag.py', '--cfg-path', '/tmp/tmpj0ft49k0', '--error-file', '/tmp/tmpwdp7to4q']
[2021-11-29 12:22:19,529] {standard_task_runner.py:77} INFO - Job 106: Subtask task_1
[2021-11-29 12:22:19,665] {logging_mixin.py:104} INFO - Running <TaskInstance: parallel_dag.task_1 2020-01-12T00:00:00+00:00 [running]> on host airflowvm
[2021-11-29 12:22:19,823] {taskinstance.py:1280} INFO - Exporting the following env vars:
AIRFLOW_CTX_DAG_OWNER=airflow
AIRFLOW_CTX_DAG_ID=parallel_dag
AIRFLOW_CTX_TASK_ID=task_1
AIRFLOW_CTX_EXECUTION_DATE=2020-01-12T00:00:00+00:00
AIRFLOW_CTX_DAG_RUN_ID=scheduled__2020-01-12T00:00:00+00:00
[2021-11-29 12:22:19,826] {subprocess.py:52} INFO - Tmp dir root location: 
 /tmp
[2021-11-29 12:22:19,832] {subprocess.py:63} INFO - Running command: ['bash', '-c', 'sleep 3']
[2021-11-29 12:22:19,839] {subprocess.py:75} INFO - Output:
[2021-11-29 12:22:22,848] {subprocess.py:83} INFO - Command exited with return code 0
[2021-11-29 12:22:22,907] {taskinstance.py:1184} INFO - Marking task as SUCCESS. dag_id=parallel_dag, task_id=task_1, execution_date=20200112T000000, start_date=20211129T122219, end_date=20211129T122222
[2021-11-29 12:22:22,973] {taskinstance.py:1245} INFO - 2 downstream tasks scheduled from follow-on schedule check
[2021-11-29 12:22:22,989] {local_task_job.py:151} INFO - Task exited with return code 0
