[2021-11-29 12:39:58,068] {taskinstance.py:876} INFO - Dependencies all met for <TaskInstance: parallel_dag.task_4 2020-04-13T00:00:00+00:00 [queued]>
[2021-11-29 12:39:58,673] {taskinstance.py:876} INFO - Dependencies all met for <TaskInstance: parallel_dag.task_4 2020-04-13T00:00:00+00:00 [queued]>
[2021-11-29 12:39:58,673] {taskinstance.py:1067} INFO - 
--------------------------------------------------------------------------------
[2021-11-29 12:39:58,673] {taskinstance.py:1068} INFO - Starting attempt 1 of 1
[2021-11-29 12:39:58,673] {taskinstance.py:1069} INFO - 
--------------------------------------------------------------------------------
[2021-11-29 12:39:59,248] {taskinstance.py:1087} INFO - Executing <Task(BashOperator): task_4> on 2020-04-13T00:00:00+00:00
[2021-11-29 12:39:59,329] {standard_task_runner.py:76} INFO - Running: ['airflow', 'tasks', 'run', 'parallel_dag', 'task_4', '2020-04-13T00:00:00+00:00', '--job-id', '607', '--pool', 'default_pool', '--raw', '--subdir', 'DAGS_FOLDER/parallel_dag.py', '--cfg-path', '/tmp/tmpz33gw1dg', '--error-file', '/tmp/tmpb4yanzs8']
[2021-11-29 12:39:59,330] {standard_task_runner.py:77} INFO - Job 607: Subtask task_4
[2021-11-29 12:39:59,422] {standard_task_runner.py:52} INFO - Started process 171765 to run task
[2021-11-29 12:40:01,603] {logging_mixin.py:104} INFO - Running <TaskInstance: parallel_dag.task_4 2020-04-13T00:00:00+00:00 [running]> on host airflowvm
[2021-11-29 12:40:02,893] {taskinstance.py:1280} INFO - Exporting the following env vars:
AIRFLOW_CTX_DAG_OWNER=airflow
AIRFLOW_CTX_DAG_ID=parallel_dag
AIRFLOW_CTX_TASK_ID=task_4
AIRFLOW_CTX_EXECUTION_DATE=2020-04-13T00:00:00+00:00
AIRFLOW_CTX_DAG_RUN_ID=scheduled__2020-04-13T00:00:00+00:00
[2021-11-29 12:40:02,897] {subprocess.py:52} INFO - Tmp dir root location: 
 /tmp
[2021-11-29 12:40:02,915] {subprocess.py:63} INFO - Running command: ['bash', '-c', 'sleep 3']
[2021-11-29 12:40:03,016] {subprocess.py:75} INFO - Output:
[2021-11-29 12:40:06,205] {subprocess.py:83} INFO - Command exited with return code 0
[2021-11-29 12:40:06,508] {taskinstance.py:1184} INFO - Marking task as SUCCESS. dag_id=parallel_dag, task_id=task_4, execution_date=20200413T000000, start_date=20211129T123958, end_date=20211129T124006
[2021-11-29 12:40:06,782] {taskinstance.py:1245} INFO - 0 downstream tasks scheduled from follow-on schedule check
