[2021-11-22 05:53:38,784] {taskinstance.py:876} INFO - Dependencies all met for <TaskInstance: example_bash_operator.run_after_loop 2021-11-21T00:00:00+00:00 [queued]>
[2021-11-22 05:53:38,801] {taskinstance.py:876} INFO - Dependencies all met for <TaskInstance: example_bash_operator.run_after_loop 2021-11-21T00:00:00+00:00 [queued]>
[2021-11-22 05:53:38,802] {taskinstance.py:1067} INFO - 
--------------------------------------------------------------------------------
[2021-11-22 05:53:38,803] {taskinstance.py:1068} INFO - Starting attempt 1 of 1
[2021-11-22 05:53:38,803] {taskinstance.py:1069} INFO - 
--------------------------------------------------------------------------------
[2021-11-22 05:53:38,865] {taskinstance.py:1087} INFO - Executing <Task(BashOperator): run_after_loop> on 2021-11-21T00:00:00+00:00
[2021-11-22 05:53:38,867] {standard_task_runner.py:52} INFO - Started process 10129 to run task
[2021-11-22 05:53:38,882] {standard_task_runner.py:76} INFO - Running: ['airflow', 'tasks', 'run', 'example_bash_operator', 'run_after_loop', '2021-11-21T00:00:00+00:00', '--job-id', '28', '--pool', 'default_pool', '--raw', '--subdir', '/home/airflow/sandbox/lib/python3.8/site-packages/airflow/example_dags/example_bash_operator.py', '--cfg-path', '/tmp/tmpbz6wm0eq', '--error-file', '/tmp/tmpywoatctf']
[2021-11-22 05:53:38,898] {standard_task_runner.py:77} INFO - Job 28: Subtask run_after_loop
[2021-11-22 05:53:39,017] {logging_mixin.py:104} INFO - Running <TaskInstance: example_bash_operator.run_after_loop 2021-11-21T00:00:00+00:00 [running]> on host airflowvm
[2021-11-22 05:53:39,398] {taskinstance.py:1280} INFO - Exporting the following env vars:
AIRFLOW_CTX_DAG_OWNER=airflow
AIRFLOW_CTX_DAG_ID=example_bash_operator
AIRFLOW_CTX_TASK_ID=run_after_loop
AIRFLOW_CTX_EXECUTION_DATE=2021-11-21T00:00:00+00:00
AIRFLOW_CTX_DAG_RUN_ID=scheduled__2021-11-21T00:00:00+00:00
[2021-11-22 05:53:39,409] {subprocess.py:52} INFO - Tmp dir root location: 
 /tmp
[2021-11-22 05:53:39,409] {subprocess.py:63} INFO - Running command: ['bash', '-c', 'echo 1']
[2021-11-22 05:53:39,416] {subprocess.py:75} INFO - Output:
[2021-11-22 05:53:39,422] {subprocess.py:79} INFO - 1
[2021-11-22 05:53:39,425] {subprocess.py:83} INFO - Command exited with return code 0
[2021-11-22 05:53:39,475] {taskinstance.py:1184} INFO - Marking task as SUCCESS. dag_id=example_bash_operator, task_id=run_after_loop, execution_date=20211121T000000, start_date=20211122T055338, end_date=20211122T055339
[2021-11-22 05:53:39,532] {taskinstance.py:1245} INFO - 0 downstream tasks scheduled from follow-on schedule check
[2021-11-22 05:53:39,568] {local_task_job.py:151} INFO - Task exited with return code 0
