[2021-11-29 12:36:12,117] {taskinstance.py:876} INFO - Dependencies all met for <TaskInstance: parallel_dag.task_2 2020-03-02T00:00:00+00:00 [queued]>
[2021-11-29 12:36:12,382] {taskinstance.py:876} INFO - Dependencies all met for <TaskInstance: parallel_dag.task_2 2020-03-02T00:00:00+00:00 [queued]>
[2021-11-29 12:36:12,383] {taskinstance.py:1067} INFO - 
--------------------------------------------------------------------------------
[2021-11-29 12:36:12,383] {taskinstance.py:1068} INFO - Starting attempt 1 of 1
[2021-11-29 12:36:12,383] {taskinstance.py:1069} INFO - 
--------------------------------------------------------------------------------
[2021-11-29 12:36:12,545] {taskinstance.py:1087} INFO - Executing <Task(BashOperator): task_2> on 2020-03-02T00:00:00+00:00
[2021-11-29 12:36:12,663] {standard_task_runner.py:52} INFO - Started process 158176 to run task
[2021-11-29 12:36:12,769] {standard_task_runner.py:76} INFO - Running: ['airflow', 'tasks', 'run', 'parallel_dag', 'task_2', '2020-03-02T00:00:00+00:00', '--job-id', '433', '--pool', 'default_pool', '--raw', '--subdir', 'DAGS_FOLDER/parallel_dag.py', '--cfg-path', '/tmp/tmpj0o29ckb', '--error-file', '/tmp/tmp4beyluc6']
[2021-11-29 12:36:12,817] {standard_task_runner.py:77} INFO - Job 433: Subtask task_2
[2021-11-29 12:36:14,000] {logging_mixin.py:104} INFO - Running <TaskInstance: parallel_dag.task_2 2020-03-02T00:00:00+00:00 [running]> on host airflowvm
[2021-11-29 12:36:15,546] {taskinstance.py:1280} INFO - Exporting the following env vars:
AIRFLOW_CTX_DAG_OWNER=airflow
AIRFLOW_CTX_DAG_ID=parallel_dag
AIRFLOW_CTX_TASK_ID=task_2
AIRFLOW_CTX_EXECUTION_DATE=2020-03-02T00:00:00+00:00
AIRFLOW_CTX_DAG_RUN_ID=scheduled__2020-03-02T00:00:00+00:00
[2021-11-29 12:36:15,546] {subprocess.py:52} INFO - Tmp dir root location: 
 /tmp
[2021-11-29 12:36:15,547] {subprocess.py:63} INFO - Running command: ['bash', '-c', 'sleep 3']
[2021-11-29 12:36:15,665] {subprocess.py:75} INFO - Output:
[2021-11-29 12:36:18,873] {subprocess.py:83} INFO - Command exited with return code 0
[2021-11-29 12:36:19,439] {taskinstance.py:1184} INFO - Marking task as SUCCESS. dag_id=parallel_dag, task_id=task_2, execution_date=20200302T000000, start_date=20211129T123612, end_date=20211129T123619
[2021-11-29 12:36:20,729] {taskinstance.py:1245} INFO - 0 downstream tasks scheduled from follow-on schedule check
[2021-11-29 12:36:20,752] {local_task_job.py:151} INFO - Task exited with return code 0
