[2021-11-29 12:25:32,333] {taskinstance.py:876} INFO - Dependencies all met for <TaskInstance: parallel_dag.task_4 2020-01-03T00:00:00+00:00 [queued]>
[2021-11-29 12:25:32,387] {taskinstance.py:876} INFO - Dependencies all met for <TaskInstance: parallel_dag.task_4 2020-01-03T00:00:00+00:00 [queued]>
[2021-11-29 12:25:32,387] {taskinstance.py:1067} INFO - 
--------------------------------------------------------------------------------
[2021-11-29 12:25:32,388] {taskinstance.py:1068} INFO - Starting attempt 2 of 2
[2021-11-29 12:25:32,388] {taskinstance.py:1069} INFO - 
--------------------------------------------------------------------------------
[2021-11-29 12:25:32,425] {taskinstance.py:1087} INFO - Executing <Task(BashOperator): task_4> on 2020-01-03T00:00:00+00:00
[2021-11-29 12:25:32,456] {standard_task_runner.py:52} INFO - Started process 126027 to run task
[2021-11-29 12:25:32,432] {standard_task_runner.py:76} INFO - Running: ['airflow', 'tasks', 'run', 'parallel_dag', 'task_4', '2020-01-03T00:00:00+00:00', '--job-id', '145', '--pool', 'default_pool', '--raw', '--subdir', 'DAGS_FOLDER/parallel_dag.py', '--cfg-path', '/tmp/tmp8p_g8dot', '--error-file', '/tmp/tmpktd1vhcm']
[2021-11-29 12:25:32,466] {standard_task_runner.py:77} INFO - Job 145: Subtask task_4
[2021-11-29 12:25:32,622] {logging_mixin.py:104} INFO - Running <TaskInstance: parallel_dag.task_4 2020-01-03T00:00:00+00:00 [running]> on host airflowvm
[2021-11-29 12:25:32,763] {taskinstance.py:1280} INFO - Exporting the following env vars:
AIRFLOW_CTX_DAG_OWNER=airflow
AIRFLOW_CTX_DAG_ID=parallel_dag
AIRFLOW_CTX_TASK_ID=task_4
AIRFLOW_CTX_EXECUTION_DATE=2020-01-03T00:00:00+00:00
AIRFLOW_CTX_DAG_RUN_ID=scheduled__2020-01-03T00:00:00+00:00
[2021-11-29 12:25:32,764] {subprocess.py:52} INFO - Tmp dir root location: 
 /tmp
[2021-11-29 12:25:32,765] {subprocess.py:63} INFO - Running command: ['bash', '-c', 'sleep 3']
[2021-11-29 12:25:32,780] {subprocess.py:75} INFO - Output:
[2021-11-29 12:25:35,812] {subprocess.py:83} INFO - Command exited with return code 0
[2021-11-29 12:25:35,869] {taskinstance.py:1184} INFO - Marking task as SUCCESS. dag_id=parallel_dag, task_id=task_4, execution_date=20200103T000000, start_date=20211129T122532, end_date=20211129T122535
[2021-11-29 12:25:35,912] {taskinstance.py:1245} INFO - 0 downstream tasks scheduled from follow-on schedule check
[2021-11-29 12:25:35,932] {local_task_job.py:151} INFO - Task exited with return code 0
