[2021-12-06 12:18:41,053] {taskinstance.py:876} INFO - Dependencies all met for <TaskInstance: xcom_dag.downloading_data 2021-12-06T12:18:38.673600+00:00 [queued]>
[2021-12-06 12:18:41,188] {taskinstance.py:876} INFO - Dependencies all met for <TaskInstance: xcom_dag.downloading_data 2021-12-06T12:18:38.673600+00:00 [queued]>
[2021-12-06 12:18:41,193] {taskinstance.py:1067} INFO - 
--------------------------------------------------------------------------------
[2021-12-06 12:18:41,194] {taskinstance.py:1068} INFO - Starting attempt 1 of 1
[2021-12-06 12:18:41,197] {taskinstance.py:1069} INFO - 
--------------------------------------------------------------------------------
[2021-12-06 12:18:41,318] {taskinstance.py:1087} INFO - Executing <Task(BashOperator): downloading_data> on 2021-12-06T12:18:38.673600+00:00
[2021-12-06 12:18:41,334] {standard_task_runner.py:52} INFO - Started process 31805 to run task
[2021-12-06 12:18:41,391] {standard_task_runner.py:76} INFO - Running: ['airflow', 'tasks', 'run', 'xcom_dag', 'downloading_data', '2021-12-06T12:18:38.673600+00:00', '--job-id', '733', '--pool', 'default_pool', '--raw', '--subdir', 'DAGS_FOLDER/xcom_dag.py', '--cfg-path', '/tmp/tmpygh264p_', '--error-file', '/tmp/tmpe1rhbfgm']
[2021-12-06 12:18:41,414] {standard_task_runner.py:77} INFO - Job 733: Subtask downloading_data
[2021-12-06 12:18:41,705] {logging_mixin.py:104} INFO - Running <TaskInstance: xcom_dag.downloading_data 2021-12-06T12:18:38.673600+00:00 [running]> on host airflowvm
[2021-12-06 12:18:42,485] {taskinstance.py:1280} INFO - Exporting the following env vars:
AIRFLOW_CTX_DAG_OWNER=airflow
AIRFLOW_CTX_DAG_ID=xcom_dag
AIRFLOW_CTX_TASK_ID=downloading_data
AIRFLOW_CTX_EXECUTION_DATE=2021-12-06T12:18:38.673600+00:00
AIRFLOW_CTX_DAG_RUN_ID=manual__2021-12-06T12:18:38.673600+00:00
[2021-12-06 12:18:42,504] {subprocess.py:52} INFO - Tmp dir root location: 
 /tmp
[2021-12-06 12:18:42,514] {subprocess.py:63} INFO - Running command: ['bash', '-c', 'sleep 3']
[2021-12-06 12:18:42,622] {subprocess.py:75} INFO - Output:
[2021-12-06 12:18:45,748] {subprocess.py:83} INFO - Command exited with return code 0
[2021-12-06 12:18:46,094] {taskinstance.py:1184} INFO - Marking task as SUCCESS. dag_id=xcom_dag, task_id=downloading_data, execution_date=20211206T121838, start_date=20211206T121841, end_date=20211206T121846
[2021-12-06 12:18:46,721] {taskinstance.py:1245} INFO - 3 downstream tasks scheduled from follow-on schedule check
[2021-12-06 12:18:46,816] {local_task_job.py:151} INFO - Task exited with return code 0
