[2021-11-28 06:22:59,460] {scheduler_job.py:182} INFO - Started process (PID=31093) to work on /home/airflow/sandbox/lib/python3.8/site-packages/airflow/example_dags/example_xcom.py
[2021-11-28 06:22:59,506] {scheduler_job.py:633} INFO - Processing file /home/airflow/sandbox/lib/python3.8/site-packages/airflow/example_dags/example_xcom.py for tasks to queue
[2021-11-28 06:22:59,520] {logging_mixin.py:104} INFO - [2021-11-28 06:22:59,519] {dagbag.py:487} INFO - Filling up the DagBag from /home/airflow/sandbox/lib/python3.8/site-packages/airflow/example_dags/example_xcom.py
[2021-11-28 06:22:59,711] {scheduler_job.py:643} INFO - DAG(s) dict_keys(['example_xcom']) retrieved from /home/airflow/sandbox/lib/python3.8/site-packages/airflow/example_dags/example_xcom.py
[2021-11-28 06:22:59,917] {logging_mixin.py:104} INFO - [2021-11-28 06:22:59,917] {dag.py:1832} INFO - Sync 1 DAGs
[2021-11-28 06:23:00,105] {logging_mixin.py:104} INFO - [2021-11-28 06:23:00,104] {dag.py:2305} INFO - Setting next_dagrun for example_xcom to 2021-11-26 00:00:00+00:00
[2021-11-28 06:23:00,216] {scheduler_job.py:190} INFO - Processing /home/airflow/sandbox/lib/python3.8/site-packages/airflow/example_dags/example_xcom.py took 0.762 seconds
[2021-11-28 06:23:51,075] {scheduler_job.py:182} INFO - Started process (PID=31420) to work on /home/airflow/sandbox/lib/python3.8/site-packages/airflow/example_dags/example_xcom.py
[2021-11-28 06:23:51,147] {scheduler_job.py:633} INFO - Processing file /home/airflow/sandbox/lib/python3.8/site-packages/airflow/example_dags/example_xcom.py for tasks to queue
[2021-11-28 06:23:51,208] {logging_mixin.py:104} INFO - [2021-11-28 06:23:51,208] {dagbag.py:487} INFO - Filling up the DagBag from /home/airflow/sandbox/lib/python3.8/site-packages/airflow/example_dags/example_xcom.py
[2021-11-28 06:23:51,575] {scheduler_job.py:643} INFO - DAG(s) dict_keys(['example_xcom']) retrieved from /home/airflow/sandbox/lib/python3.8/site-packages/airflow/example_dags/example_xcom.py
[2021-11-28 06:23:52,015] {logging_mixin.py:104} INFO - [2021-11-28 06:23:51,990] {dag.py:1832} INFO - Sync 1 DAGs
[2021-11-28 06:23:52,464] {logging_mixin.py:104} INFO - [2021-11-28 06:23:52,463] {dag.py:2305} INFO - Setting next_dagrun for example_xcom to 2021-11-26 00:00:00+00:00
[2021-11-28 06:23:52,670] {scheduler_job.py:190} INFO - Processing /home/airflow/sandbox/lib/python3.8/site-packages/airflow/example_dags/example_xcom.py took 1.817 seconds
[2021-11-28 06:24:37,637] {scheduler_job.py:182} INFO - Started process (PID=31650) to work on /home/airflow/sandbox/lib/python3.8/site-packages/airflow/example_dags/example_xcom.py
[2021-11-28 06:24:37,648] {scheduler_job.py:633} INFO - Processing file /home/airflow/sandbox/lib/python3.8/site-packages/airflow/example_dags/example_xcom.py for tasks to queue
[2021-11-28 06:24:37,652] {logging_mixin.py:104} INFO - [2021-11-28 06:24:37,652] {dagbag.py:487} INFO - Filling up the DagBag from /home/airflow/sandbox/lib/python3.8/site-packages/airflow/example_dags/example_xcom.py
[2021-11-28 06:24:37,720] {scheduler_job.py:643} INFO - DAG(s) dict_keys(['example_xcom']) retrieved from /home/airflow/sandbox/lib/python3.8/site-packages/airflow/example_dags/example_xcom.py
[2021-11-28 06:24:37,840] {logging_mixin.py:104} INFO - [2021-11-28 06:24:37,840] {dag.py:1832} INFO - Sync 1 DAGs
[2021-11-28 06:24:37,883] {logging_mixin.py:104} INFO - [2021-11-28 06:24:37,882] {dag.py:2305} INFO - Setting next_dagrun for example_xcom to 2021-11-26 00:00:00+00:00
[2021-11-28 06:24:37,981] {scheduler_job.py:190} INFO - Processing /home/airflow/sandbox/lib/python3.8/site-packages/airflow/example_dags/example_xcom.py took 0.361 seconds
[2021-11-28 06:25:08,183] {scheduler_job.py:182} INFO - Started process (PID=31967) to work on /home/airflow/sandbox/lib/python3.8/site-packages/airflow/example_dags/example_xcom.py
[2021-11-28 06:25:08,195] {scheduler_job.py:633} INFO - Processing file /home/airflow/sandbox/lib/python3.8/site-packages/airflow/example_dags/example_xcom.py for tasks to queue
[2021-11-28 06:25:08,203] {logging_mixin.py:104} INFO - [2021-11-28 06:25:08,203] {dagbag.py:487} INFO - Filling up the DagBag from /home/airflow/sandbox/lib/python3.8/site-packages/airflow/example_dags/example_xcom.py
[2021-11-28 06:25:08,279] {scheduler_job.py:643} INFO - DAG(s) dict_keys(['example_xcom']) retrieved from /home/airflow/sandbox/lib/python3.8/site-packages/airflow/example_dags/example_xcom.py
[2021-11-28 06:25:08,351] {logging_mixin.py:104} INFO - [2021-11-28 06:25:08,351] {dag.py:1832} INFO - Sync 1 DAGs
[2021-11-28 06:25:08,389] {logging_mixin.py:104} INFO - [2021-11-28 06:25:08,389] {dag.py:2305} INFO - Setting next_dagrun for example_xcom to 2021-11-26 00:00:00+00:00
[2021-11-28 06:25:08,437] {scheduler_job.py:190} INFO - Processing /home/airflow/sandbox/lib/python3.8/site-packages/airflow/example_dags/example_xcom.py took 0.272 seconds
[2021-11-28 06:25:39,224] {scheduler_job.py:182} INFO - Started process (PID=32308) to work on /home/airflow/sandbox/lib/python3.8/site-packages/airflow/example_dags/example_xcom.py
[2021-11-28 06:25:39,228] {scheduler_job.py:633} INFO - Processing file /home/airflow/sandbox/lib/python3.8/site-packages/airflow/example_dags/example_xcom.py for tasks to queue
[2021-11-28 06:25:39,236] {logging_mixin.py:104} INFO - [2021-11-28 06:25:39,236] {dagbag.py:487} INFO - Filling up the DagBag from /home/airflow/sandbox/lib/python3.8/site-packages/airflow/example_dags/example_xcom.py
[2021-11-28 06:25:39,290] {scheduler_job.py:643} INFO - DAG(s) dict_keys(['example_xcom']) retrieved from /home/airflow/sandbox/lib/python3.8/site-packages/airflow/example_dags/example_xcom.py
[2021-11-28 06:25:39,416] {logging_mixin.py:104} INFO - [2021-11-28 06:25:39,416] {dag.py:1832} INFO - Sync 1 DAGs
[2021-11-28 06:25:39,488] {logging_mixin.py:104} INFO - [2021-11-28 06:25:39,488] {dag.py:2305} INFO - Setting next_dagrun for example_xcom to 2021-11-26 00:00:00+00:00
[2021-11-28 06:25:39,555] {scheduler_job.py:190} INFO - Processing /home/airflow/sandbox/lib/python3.8/site-packages/airflow/example_dags/example_xcom.py took 0.361 seconds
[2021-11-28 06:26:10,458] {scheduler_job.py:182} INFO - Started process (PID=32533) to work on /home/airflow/sandbox/lib/python3.8/site-packages/airflow/example_dags/example_xcom.py
[2021-11-28 06:26:10,485] {scheduler_job.py:633} INFO - Processing file /home/airflow/sandbox/lib/python3.8/site-packages/airflow/example_dags/example_xcom.py for tasks to queue
[2021-11-28 06:26:10,487] {logging_mixin.py:104} INFO - [2021-11-28 06:26:10,487] {dagbag.py:487} INFO - Filling up the DagBag from /home/airflow/sandbox/lib/python3.8/site-packages/airflow/example_dags/example_xcom.py
[2021-11-28 06:26:10,919] {scheduler_job.py:643} INFO - DAG(s) dict_keys(['example_xcom']) retrieved from /home/airflow/sandbox/lib/python3.8/site-packages/airflow/example_dags/example_xcom.py
[2021-11-28 06:26:11,474] {logging_mixin.py:104} INFO - [2021-11-28 06:26:11,474] {dag.py:1832} INFO - Sync 1 DAGs
[2021-11-28 06:26:11,749] {logging_mixin.py:104} INFO - [2021-11-28 06:26:11,749] {dag.py:2305} INFO - Setting next_dagrun for example_xcom to 2021-11-26 00:00:00+00:00
[2021-11-28 06:26:12,052] {scheduler_job.py:190} INFO - Processing /home/airflow/sandbox/lib/python3.8/site-packages/airflow/example_dags/example_xcom.py took 1.650 seconds
[2021-11-28 06:26:42,548] {scheduler_job.py:182} INFO - Started process (PID=32782) to work on /home/airflow/sandbox/lib/python3.8/site-packages/airflow/example_dags/example_xcom.py
[2021-11-28 06:26:42,577] {scheduler_job.py:633} INFO - Processing file /home/airflow/sandbox/lib/python3.8/site-packages/airflow/example_dags/example_xcom.py for tasks to queue
[2021-11-28 06:26:42,589] {logging_mixin.py:104} INFO - [2021-11-28 06:26:42,589] {dagbag.py:487} INFO - Filling up the DagBag from /home/airflow/sandbox/lib/python3.8/site-packages/airflow/example_dags/example_xcom.py
[2021-11-28 06:26:42,759] {scheduler_job.py:643} INFO - DAG(s) dict_keys(['example_xcom']) retrieved from /home/airflow/sandbox/lib/python3.8/site-packages/airflow/example_dags/example_xcom.py
[2021-11-28 06:26:42,937] {logging_mixin.py:104} INFO - [2021-11-28 06:26:42,937] {dag.py:1832} INFO - Sync 1 DAGs
[2021-11-28 06:26:43,023] {logging_mixin.py:104} INFO - [2021-11-28 06:26:43,023] {dag.py:2305} INFO - Setting next_dagrun for example_xcom to 2021-11-26 00:00:00+00:00
[2021-11-28 06:26:43,178] {scheduler_job.py:190} INFO - Processing /home/airflow/sandbox/lib/python3.8/site-packages/airflow/example_dags/example_xcom.py took 0.640 seconds
[2021-11-28 06:27:42,058] {scheduler_job.py:182} INFO - Started process (PID=33985) to work on /home/airflow/sandbox/lib/python3.8/site-packages/airflow/example_dags/example_xcom.py
[2021-11-28 06:27:42,129] {scheduler_job.py:633} INFO - Processing file /home/airflow/sandbox/lib/python3.8/site-packages/airflow/example_dags/example_xcom.py for tasks to queue
[2021-11-28 06:27:42,184] {logging_mixin.py:104} INFO - [2021-11-28 06:27:42,184] {dagbag.py:487} INFO - Filling up the DagBag from /home/airflow/sandbox/lib/python3.8/site-packages/airflow/example_dags/example_xcom.py
[2021-11-28 06:27:42,638] {scheduler_job.py:643} INFO - DAG(s) dict_keys(['example_xcom']) retrieved from /home/airflow/sandbox/lib/python3.8/site-packages/airflow/example_dags/example_xcom.py
[2021-11-28 06:27:43,489] {logging_mixin.py:104} INFO - [2021-11-28 06:27:43,489] {dag.py:1832} INFO - Sync 1 DAGs
[2021-11-28 06:27:44,781] {logging_mixin.py:104} INFO - [2021-11-28 06:27:44,781] {dag.py:2305} INFO - Setting next_dagrun for example_xcom to 2021-11-26 00:00:00+00:00
[2021-11-28 06:27:46,687] {scheduler_job.py:190} INFO - Processing /home/airflow/sandbox/lib/python3.8/site-packages/airflow/example_dags/example_xcom.py took 4.852 seconds
[2021-11-28 06:28:32,033] {scheduler_job.py:182} INFO - Started process (PID=36017) to work on /home/airflow/sandbox/lib/python3.8/site-packages/airflow/example_dags/example_xcom.py
[2021-11-28 06:28:32,061] {scheduler_job.py:633} INFO - Processing file /home/airflow/sandbox/lib/python3.8/site-packages/airflow/example_dags/example_xcom.py for tasks to queue
[2021-11-28 06:28:32,067] {logging_mixin.py:104} INFO - [2021-11-28 06:28:32,066] {dagbag.py:487} INFO - Filling up the DagBag from /home/airflow/sandbox/lib/python3.8/site-packages/airflow/example_dags/example_xcom.py
[2021-11-28 06:28:32,213] {scheduler_job.py:643} INFO - DAG(s) dict_keys(['example_xcom']) retrieved from /home/airflow/sandbox/lib/python3.8/site-packages/airflow/example_dags/example_xcom.py
[2021-11-28 06:28:32,479] {logging_mixin.py:104} INFO - [2021-11-28 06:28:32,464] {dag.py:1832} INFO - Sync 1 DAGs
[2021-11-28 06:28:32,601] {logging_mixin.py:104} INFO - [2021-11-28 06:28:32,600] {dag.py:2305} INFO - Setting next_dagrun for example_xcom to 2021-11-26 00:00:00+00:00
[2021-11-28 06:28:32,649] {scheduler_job.py:190} INFO - Processing /home/airflow/sandbox/lib/python3.8/site-packages/airflow/example_dags/example_xcom.py took 0.625 seconds
[2021-11-28 06:29:03,308] {scheduler_job.py:182} INFO - Started process (PID=36215) to work on /home/airflow/sandbox/lib/python3.8/site-packages/airflow/example_dags/example_xcom.py
[2021-11-28 06:29:03,320] {scheduler_job.py:633} INFO - Processing file /home/airflow/sandbox/lib/python3.8/site-packages/airflow/example_dags/example_xcom.py for tasks to queue
[2021-11-28 06:29:03,356] {logging_mixin.py:104} INFO - [2021-11-28 06:29:03,356] {dagbag.py:487} INFO - Filling up the DagBag from /home/airflow/sandbox/lib/python3.8/site-packages/airflow/example_dags/example_xcom.py
[2021-11-28 06:29:03,502] {scheduler_job.py:643} INFO - DAG(s) dict_keys(['example_xcom']) retrieved from /home/airflow/sandbox/lib/python3.8/site-packages/airflow/example_dags/example_xcom.py
[2021-11-28 06:29:03,637] {logging_mixin.py:104} INFO - [2021-11-28 06:29:03,636] {dag.py:1832} INFO - Sync 1 DAGs
[2021-11-28 06:29:03,725] {logging_mixin.py:104} INFO - [2021-11-28 06:29:03,725] {dag.py:2305} INFO - Setting next_dagrun for example_xcom to 2021-11-26 00:00:00+00:00
[2021-11-28 06:29:03,787] {scheduler_job.py:190} INFO - Processing /home/airflow/sandbox/lib/python3.8/site-packages/airflow/example_dags/example_xcom.py took 0.525 seconds
[2021-11-28 06:29:39,800] {scheduler_job.py:182} INFO - Started process (PID=36609) to work on /home/airflow/sandbox/lib/python3.8/site-packages/airflow/example_dags/example_xcom.py
[2021-11-28 06:29:39,813] {scheduler_job.py:633} INFO - Processing file /home/airflow/sandbox/lib/python3.8/site-packages/airflow/example_dags/example_xcom.py for tasks to queue
[2021-11-28 06:29:39,822] {logging_mixin.py:104} INFO - [2021-11-28 06:29:39,821] {dagbag.py:487} INFO - Filling up the DagBag from /home/airflow/sandbox/lib/python3.8/site-packages/airflow/example_dags/example_xcom.py
[2021-11-28 06:29:39,893] {scheduler_job.py:643} INFO - DAG(s) dict_keys(['example_xcom']) retrieved from /home/airflow/sandbox/lib/python3.8/site-packages/airflow/example_dags/example_xcom.py
[2021-11-28 06:29:40,022] {logging_mixin.py:104} INFO - [2021-11-28 06:29:40,022] {dag.py:1832} INFO - Sync 1 DAGs
[2021-11-28 06:29:40,136] {logging_mixin.py:104} INFO - [2021-11-28 06:29:40,136] {dag.py:2305} INFO - Setting next_dagrun for example_xcom to 2021-11-26 00:00:00+00:00
[2021-11-28 06:29:40,197] {scheduler_job.py:190} INFO - Processing /home/airflow/sandbox/lib/python3.8/site-packages/airflow/example_dags/example_xcom.py took 0.403 seconds
[2021-11-28 06:30:19,476] {scheduler_job.py:182} INFO - Started process (PID=36826) to work on /home/airflow/sandbox/lib/python3.8/site-packages/airflow/example_dags/example_xcom.py
[2021-11-28 06:30:19,518] {scheduler_job.py:633} INFO - Processing file /home/airflow/sandbox/lib/python3.8/site-packages/airflow/example_dags/example_xcom.py for tasks to queue
[2021-11-28 06:30:19,582] {logging_mixin.py:104} INFO - [2021-11-28 06:30:19,582] {dagbag.py:487} INFO - Filling up the DagBag from /home/airflow/sandbox/lib/python3.8/site-packages/airflow/example_dags/example_xcom.py
[2021-11-28 06:30:19,853] {scheduler_job.py:643} INFO - DAG(s) dict_keys(['example_xcom']) retrieved from /home/airflow/sandbox/lib/python3.8/site-packages/airflow/example_dags/example_xcom.py
[2021-11-28 06:30:19,983] {logging_mixin.py:104} INFO - [2021-11-28 06:30:19,983] {dag.py:1832} INFO - Sync 1 DAGs
[2021-11-28 06:30:20,176] {logging_mixin.py:104} INFO - [2021-11-28 06:30:20,175] {dag.py:2305} INFO - Setting next_dagrun for example_xcom to 2021-11-26 00:00:00+00:00
[2021-11-28 06:30:20,393] {scheduler_job.py:190} INFO - Processing /home/airflow/sandbox/lib/python3.8/site-packages/airflow/example_dags/example_xcom.py took 1.026 seconds
[2021-11-28 06:30:53,365] {scheduler_job.py:182} INFO - Started process (PID=37025) to work on /home/airflow/sandbox/lib/python3.8/site-packages/airflow/example_dags/example_xcom.py
[2021-11-28 06:30:53,373] {scheduler_job.py:633} INFO - Processing file /home/airflow/sandbox/lib/python3.8/site-packages/airflow/example_dags/example_xcom.py for tasks to queue
[2021-11-28 06:30:53,375] {logging_mixin.py:104} INFO - [2021-11-28 06:30:53,375] {dagbag.py:487} INFO - Filling up the DagBag from /home/airflow/sandbox/lib/python3.8/site-packages/airflow/example_dags/example_xcom.py
[2021-11-28 06:30:53,409] {scheduler_job.py:643} INFO - DAG(s) dict_keys(['example_xcom']) retrieved from /home/airflow/sandbox/lib/python3.8/site-packages/airflow/example_dags/example_xcom.py
[2021-11-28 06:30:53,554] {logging_mixin.py:104} INFO - [2021-11-28 06:30:53,554] {dag.py:1832} INFO - Sync 1 DAGs
[2021-11-28 06:30:53,639] {logging_mixin.py:104} INFO - [2021-11-28 06:30:53,639] {dag.py:2305} INFO - Setting next_dagrun for example_xcom to 2021-11-26 00:00:00+00:00
[2021-11-28 06:30:53,723] {scheduler_job.py:190} INFO - Processing /home/airflow/sandbox/lib/python3.8/site-packages/airflow/example_dags/example_xcom.py took 0.380 seconds
[2021-11-28 06:31:24,939] {scheduler_job.py:182} INFO - Started process (PID=37224) to work on /home/airflow/sandbox/lib/python3.8/site-packages/airflow/example_dags/example_xcom.py
[2021-11-28 06:31:24,945] {scheduler_job.py:633} INFO - Processing file /home/airflow/sandbox/lib/python3.8/site-packages/airflow/example_dags/example_xcom.py for tasks to queue
[2021-11-28 06:31:24,946] {logging_mixin.py:104} INFO - [2021-11-28 06:31:24,946] {dagbag.py:487} INFO - Filling up the DagBag from /home/airflow/sandbox/lib/python3.8/site-packages/airflow/example_dags/example_xcom.py
[2021-11-28 06:31:25,048] {scheduler_job.py:643} INFO - DAG(s) dict_keys(['example_xcom']) retrieved from /home/airflow/sandbox/lib/python3.8/site-packages/airflow/example_dags/example_xcom.py
[2021-11-28 06:31:25,188] {logging_mixin.py:104} INFO - [2021-11-28 06:31:25,188] {dag.py:1832} INFO - Sync 1 DAGs
[2021-11-28 06:31:25,398] {logging_mixin.py:104} INFO - [2021-11-28 06:31:25,398] {dag.py:2305} INFO - Setting next_dagrun for example_xcom to 2021-11-26 00:00:00+00:00
[2021-11-28 06:31:25,543] {scheduler_job.py:190} INFO - Processing /home/airflow/sandbox/lib/python3.8/site-packages/airflow/example_dags/example_xcom.py took 0.625 seconds
[2021-11-28 06:31:58,475] {scheduler_job.py:182} INFO - Started process (PID=37418) to work on /home/airflow/sandbox/lib/python3.8/site-packages/airflow/example_dags/example_xcom.py
[2021-11-28 06:31:58,496] {scheduler_job.py:633} INFO - Processing file /home/airflow/sandbox/lib/python3.8/site-packages/airflow/example_dags/example_xcom.py for tasks to queue
[2021-11-28 06:31:58,501] {logging_mixin.py:104} INFO - [2021-11-28 06:31:58,501] {dagbag.py:487} INFO - Filling up the DagBag from /home/airflow/sandbox/lib/python3.8/site-packages/airflow/example_dags/example_xcom.py
[2021-11-28 06:31:58,649] {scheduler_job.py:643} INFO - DAG(s) dict_keys(['example_xcom']) retrieved from /home/airflow/sandbox/lib/python3.8/site-packages/airflow/example_dags/example_xcom.py
[2021-11-28 06:31:59,004] {logging_mixin.py:104} INFO - [2021-11-28 06:31:59,004] {dag.py:1832} INFO - Sync 1 DAGs
[2021-11-28 06:31:59,261] {logging_mixin.py:104} INFO - [2021-11-28 06:31:59,261] {dag.py:2305} INFO - Setting next_dagrun for example_xcom to 2021-11-26 00:00:00+00:00
[2021-11-28 06:32:00,695] {scheduler_job.py:190} INFO - Processing /home/airflow/sandbox/lib/python3.8/site-packages/airflow/example_dags/example_xcom.py took 2.242 seconds
[2021-11-28 06:32:31,860] {scheduler_job.py:182} INFO - Started process (PID=37623) to work on /home/airflow/sandbox/lib/python3.8/site-packages/airflow/example_dags/example_xcom.py
[2021-11-28 06:32:31,868] {scheduler_job.py:633} INFO - Processing file /home/airflow/sandbox/lib/python3.8/site-packages/airflow/example_dags/example_xcom.py for tasks to queue
[2021-11-28 06:32:31,897] {logging_mixin.py:104} INFO - [2021-11-28 06:32:31,897] {dagbag.py:487} INFO - Filling up the DagBag from /home/airflow/sandbox/lib/python3.8/site-packages/airflow/example_dags/example_xcom.py
[2021-11-28 06:32:31,943] {scheduler_job.py:643} INFO - DAG(s) dict_keys(['example_xcom']) retrieved from /home/airflow/sandbox/lib/python3.8/site-packages/airflow/example_dags/example_xcom.py
[2021-11-28 06:32:32,006] {logging_mixin.py:104} INFO - [2021-11-28 06:32:32,006] {dag.py:1832} INFO - Sync 1 DAGs
[2021-11-28 06:32:32,054] {logging_mixin.py:104} INFO - [2021-11-28 06:32:32,054] {dag.py:2305} INFO - Setting next_dagrun for example_xcom to 2021-11-26 00:00:00+00:00
[2021-11-28 06:32:32,205] {scheduler_job.py:190} INFO - Processing /home/airflow/sandbox/lib/python3.8/site-packages/airflow/example_dags/example_xcom.py took 0.367 seconds
[2021-11-28 06:33:03,437] {scheduler_job.py:182} INFO - Started process (PID=38060) to work on /home/airflow/sandbox/lib/python3.8/site-packages/airflow/example_dags/example_xcom.py
[2021-11-28 06:33:03,463] {scheduler_job.py:633} INFO - Processing file /home/airflow/sandbox/lib/python3.8/site-packages/airflow/example_dags/example_xcom.py for tasks to queue
[2021-11-28 06:33:03,485] {logging_mixin.py:104} INFO - [2021-11-28 06:33:03,484] {dagbag.py:487} INFO - Filling up the DagBag from /home/airflow/sandbox/lib/python3.8/site-packages/airflow/example_dags/example_xcom.py
[2021-11-28 06:33:03,582] {scheduler_job.py:643} INFO - DAG(s) dict_keys(['example_xcom']) retrieved from /home/airflow/sandbox/lib/python3.8/site-packages/airflow/example_dags/example_xcom.py
[2021-11-28 06:33:03,730] {logging_mixin.py:104} INFO - [2021-11-28 06:33:03,730] {dag.py:1832} INFO - Sync 1 DAGs
[2021-11-28 06:33:04,007] {logging_mixin.py:104} INFO - [2021-11-28 06:33:04,007] {dag.py:2305} INFO - Setting next_dagrun for example_xcom to 2021-11-26 00:00:00+00:00
[2021-11-28 06:33:04,052] {scheduler_job.py:190} INFO - Processing /home/airflow/sandbox/lib/python3.8/site-packages/airflow/example_dags/example_xcom.py took 0.648 seconds
[2021-11-28 06:33:34,250] {scheduler_job.py:182} INFO - Started process (PID=38258) to work on /home/airflow/sandbox/lib/python3.8/site-packages/airflow/example_dags/example_xcom.py
[2021-11-28 06:33:34,256] {scheduler_job.py:633} INFO - Processing file /home/airflow/sandbox/lib/python3.8/site-packages/airflow/example_dags/example_xcom.py for tasks to queue
[2021-11-28 06:33:34,258] {logging_mixin.py:104} INFO - [2021-11-28 06:33:34,257] {dagbag.py:487} INFO - Filling up the DagBag from /home/airflow/sandbox/lib/python3.8/site-packages/airflow/example_dags/example_xcom.py
[2021-11-28 06:33:34,351] {scheduler_job.py:643} INFO - DAG(s) dict_keys(['example_xcom']) retrieved from /home/airflow/sandbox/lib/python3.8/site-packages/airflow/example_dags/example_xcom.py
[2021-11-28 06:33:34,513] {logging_mixin.py:104} INFO - [2021-11-28 06:33:34,513] {dag.py:1832} INFO - Sync 1 DAGs
[2021-11-28 06:33:34,904] {logging_mixin.py:104} INFO - [2021-11-28 06:33:34,904] {dag.py:2305} INFO - Setting next_dagrun for example_xcom to 2021-11-26 00:00:00+00:00
[2021-11-28 06:33:34,939] {scheduler_job.py:190} INFO - Processing /home/airflow/sandbox/lib/python3.8/site-packages/airflow/example_dags/example_xcom.py took 0.737 seconds
[2021-11-28 06:34:05,931] {scheduler_job.py:182} INFO - Started process (PID=38453) to work on /home/airflow/sandbox/lib/python3.8/site-packages/airflow/example_dags/example_xcom.py
[2021-11-28 06:34:05,947] {scheduler_job.py:633} INFO - Processing file /home/airflow/sandbox/lib/python3.8/site-packages/airflow/example_dags/example_xcom.py for tasks to queue
[2021-11-28 06:34:05,952] {logging_mixin.py:104} INFO - [2021-11-28 06:34:05,952] {dagbag.py:487} INFO - Filling up the DagBag from /home/airflow/sandbox/lib/python3.8/site-packages/airflow/example_dags/example_xcom.py
[2021-11-28 06:34:06,025] {scheduler_job.py:643} INFO - DAG(s) dict_keys(['example_xcom']) retrieved from /home/airflow/sandbox/lib/python3.8/site-packages/airflow/example_dags/example_xcom.py
[2021-11-28 06:34:06,164] {logging_mixin.py:104} INFO - [2021-11-28 06:34:06,164] {dag.py:1832} INFO - Sync 1 DAGs
[2021-11-28 06:34:06,591] {logging_mixin.py:104} INFO - [2021-11-28 06:34:06,591] {dag.py:2305} INFO - Setting next_dagrun for example_xcom to 2021-11-26 00:00:00+00:00
[2021-11-28 06:34:06,648] {scheduler_job.py:190} INFO - Processing /home/airflow/sandbox/lib/python3.8/site-packages/airflow/example_dags/example_xcom.py took 0.747 seconds
[2021-11-28 06:34:37,903] {scheduler_job.py:182} INFO - Started process (PID=38652) to work on /home/airflow/sandbox/lib/python3.8/site-packages/airflow/example_dags/example_xcom.py
[2021-11-28 06:34:37,925] {scheduler_job.py:633} INFO - Processing file /home/airflow/sandbox/lib/python3.8/site-packages/airflow/example_dags/example_xcom.py for tasks to queue
[2021-11-28 06:34:37,929] {logging_mixin.py:104} INFO - [2021-11-28 06:34:37,928] {dagbag.py:487} INFO - Filling up the DagBag from /home/airflow/sandbox/lib/python3.8/site-packages/airflow/example_dags/example_xcom.py
[2021-11-28 06:34:37,992] {scheduler_job.py:643} INFO - DAG(s) dict_keys(['example_xcom']) retrieved from /home/airflow/sandbox/lib/python3.8/site-packages/airflow/example_dags/example_xcom.py
[2021-11-28 06:34:38,127] {logging_mixin.py:104} INFO - [2021-11-28 06:34:38,127] {dag.py:1832} INFO - Sync 1 DAGs
[2021-11-28 06:34:38,515] {logging_mixin.py:104} INFO - [2021-11-28 06:34:38,514] {dag.py:2305} INFO - Setting next_dagrun for example_xcom to 2021-11-26 00:00:00+00:00
[2021-11-28 06:34:38,573] {scheduler_job.py:190} INFO - Processing /home/airflow/sandbox/lib/python3.8/site-packages/airflow/example_dags/example_xcom.py took 0.695 seconds
[2021-11-28 06:35:15,986] {scheduler_job.py:182} INFO - Started process (PID=38868) to work on /home/airflow/sandbox/lib/python3.8/site-packages/airflow/example_dags/example_xcom.py
[2021-11-28 06:35:16,006] {scheduler_job.py:633} INFO - Processing file /home/airflow/sandbox/lib/python3.8/site-packages/airflow/example_dags/example_xcom.py for tasks to queue
[2021-11-28 06:35:16,008] {logging_mixin.py:104} INFO - [2021-11-28 06:35:16,007] {dagbag.py:487} INFO - Filling up the DagBag from /home/airflow/sandbox/lib/python3.8/site-packages/airflow/example_dags/example_xcom.py
[2021-11-28 06:35:16,224] {scheduler_job.py:643} INFO - DAG(s) dict_keys(['example_xcom']) retrieved from /home/airflow/sandbox/lib/python3.8/site-packages/airflow/example_dags/example_xcom.py
[2021-11-28 06:35:17,378] {logging_mixin.py:104} INFO - [2021-11-28 06:35:17,378] {dag.py:1832} INFO - Sync 1 DAGs
[2021-11-28 06:35:17,611] {logging_mixin.py:104} INFO - [2021-11-28 06:35:17,611] {dag.py:2305} INFO - Setting next_dagrun for example_xcom to 2021-11-26 00:00:00+00:00
[2021-11-28 06:35:17,816] {scheduler_job.py:190} INFO - Processing /home/airflow/sandbox/lib/python3.8/site-packages/airflow/example_dags/example_xcom.py took 1.890 seconds
[2021-11-28 06:36:00,245] {scheduler_job.py:182} INFO - Started process (PID=39079) to work on /home/airflow/sandbox/lib/python3.8/site-packages/airflow/example_dags/example_xcom.py
[2021-11-28 06:36:00,266] {scheduler_job.py:633} INFO - Processing file /home/airflow/sandbox/lib/python3.8/site-packages/airflow/example_dags/example_xcom.py for tasks to queue
[2021-11-28 06:36:00,277] {logging_mixin.py:104} INFO - [2021-11-28 06:36:00,277] {dagbag.py:487} INFO - Filling up the DagBag from /home/airflow/sandbox/lib/python3.8/site-packages/airflow/example_dags/example_xcom.py
[2021-11-28 06:36:00,403] {scheduler_job.py:643} INFO - DAG(s) dict_keys(['example_xcom']) retrieved from /home/airflow/sandbox/lib/python3.8/site-packages/airflow/example_dags/example_xcom.py
[2021-11-28 06:36:00,884] {logging_mixin.py:104} INFO - [2021-11-28 06:36:00,884] {dag.py:1832} INFO - Sync 1 DAGs
[2021-11-28 06:36:00,988] {logging_mixin.py:104} INFO - [2021-11-28 06:36:00,988] {dag.py:2305} INFO - Setting next_dagrun for example_xcom to 2021-11-26 00:00:00+00:00
[2021-11-28 06:36:01,024] {scheduler_job.py:190} INFO - Processing /home/airflow/sandbox/lib/python3.8/site-packages/airflow/example_dags/example_xcom.py took 0.810 seconds
[2021-11-28 06:36:32,066] {scheduler_job.py:182} INFO - Started process (PID=39290) to work on /home/airflow/sandbox/lib/python3.8/site-packages/airflow/example_dags/example_xcom.py
[2021-11-28 06:36:32,091] {scheduler_job.py:633} INFO - Processing file /home/airflow/sandbox/lib/python3.8/site-packages/airflow/example_dags/example_xcom.py for tasks to queue
[2021-11-28 06:36:32,104] {logging_mixin.py:104} INFO - [2021-11-28 06:36:32,104] {dagbag.py:487} INFO - Filling up the DagBag from /home/airflow/sandbox/lib/python3.8/site-packages/airflow/example_dags/example_xcom.py
[2021-11-28 06:36:32,180] {scheduler_job.py:643} INFO - DAG(s) dict_keys(['example_xcom']) retrieved from /home/airflow/sandbox/lib/python3.8/site-packages/airflow/example_dags/example_xcom.py
[2021-11-28 06:36:32,773] {logging_mixin.py:104} INFO - [2021-11-28 06:36:32,773] {dag.py:1832} INFO - Sync 1 DAGs
[2021-11-28 06:36:32,838] {logging_mixin.py:104} INFO - [2021-11-28 06:36:32,838] {dag.py:2305} INFO - Setting next_dagrun for example_xcom to 2021-11-26 00:00:00+00:00
[2021-11-28 06:36:32,934] {scheduler_job.py:190} INFO - Processing /home/airflow/sandbox/lib/python3.8/site-packages/airflow/example_dags/example_xcom.py took 0.874 seconds
[2021-11-28 06:37:04,033] {scheduler_job.py:182} INFO - Started process (PID=39495) to work on /home/airflow/sandbox/lib/python3.8/site-packages/airflow/example_dags/example_xcom.py
[2021-11-28 06:37:04,045] {scheduler_job.py:633} INFO - Processing file /home/airflow/sandbox/lib/python3.8/site-packages/airflow/example_dags/example_xcom.py for tasks to queue
[2021-11-28 06:37:04,048] {logging_mixin.py:104} INFO - [2021-11-28 06:37:04,048] {dagbag.py:487} INFO - Filling up the DagBag from /home/airflow/sandbox/lib/python3.8/site-packages/airflow/example_dags/example_xcom.py
[2021-11-28 06:37:04,158] {scheduler_job.py:643} INFO - DAG(s) dict_keys(['example_xcom']) retrieved from /home/airflow/sandbox/lib/python3.8/site-packages/airflow/example_dags/example_xcom.py
[2021-11-28 06:37:04,734] {logging_mixin.py:104} INFO - [2021-11-28 06:37:04,734] {dag.py:1832} INFO - Sync 1 DAGs
[2021-11-28 06:37:04,815] {logging_mixin.py:104} INFO - [2021-11-28 06:37:04,815] {dag.py:2305} INFO - Setting next_dagrun for example_xcom to 2021-11-26 00:00:00+00:00
[2021-11-28 06:37:04,852] {scheduler_job.py:190} INFO - Processing /home/airflow/sandbox/lib/python3.8/site-packages/airflow/example_dags/example_xcom.py took 0.840 seconds
[2021-11-28 06:37:36,539] {scheduler_job.py:182} INFO - Started process (PID=39699) to work on /home/airflow/sandbox/lib/python3.8/site-packages/airflow/example_dags/example_xcom.py
[2021-11-28 06:37:36,557] {scheduler_job.py:633} INFO - Processing file /home/airflow/sandbox/lib/python3.8/site-packages/airflow/example_dags/example_xcom.py for tasks to queue
[2021-11-28 06:37:36,559] {logging_mixin.py:104} INFO - [2021-11-28 06:37:36,558] {dagbag.py:487} INFO - Filling up the DagBag from /home/airflow/sandbox/lib/python3.8/site-packages/airflow/example_dags/example_xcom.py
[2021-11-28 06:37:36,829] {scheduler_job.py:643} INFO - DAG(s) dict_keys(['example_xcom']) retrieved from /home/airflow/sandbox/lib/python3.8/site-packages/airflow/example_dags/example_xcom.py
[2021-11-28 06:37:37,000] {logging_mixin.py:104} INFO - [2021-11-28 06:37:37,000] {dag.py:1832} INFO - Sync 1 DAGs
[2021-11-28 06:37:37,098] {logging_mixin.py:104} INFO - [2021-11-28 06:37:37,098] {dag.py:2305} INFO - Setting next_dagrun for example_xcom to 2021-11-26 00:00:00+00:00
[2021-11-28 06:37:37,169] {scheduler_job.py:190} INFO - Processing /home/airflow/sandbox/lib/python3.8/site-packages/airflow/example_dags/example_xcom.py took 0.651 seconds
[2021-11-28 06:38:11,781] {scheduler_job.py:182} INFO - Started process (PID=40157) to work on /home/airflow/sandbox/lib/python3.8/site-packages/airflow/example_dags/example_xcom.py
[2021-11-28 06:38:11,788] {scheduler_job.py:633} INFO - Processing file /home/airflow/sandbox/lib/python3.8/site-packages/airflow/example_dags/example_xcom.py for tasks to queue
[2021-11-28 06:38:11,789] {logging_mixin.py:104} INFO - [2021-11-28 06:38:11,789] {dagbag.py:487} INFO - Filling up the DagBag from /home/airflow/sandbox/lib/python3.8/site-packages/airflow/example_dags/example_xcom.py
[2021-11-28 06:38:12,215] {scheduler_job.py:643} INFO - DAG(s) dict_keys(['example_xcom']) retrieved from /home/airflow/sandbox/lib/python3.8/site-packages/airflow/example_dags/example_xcom.py
[2021-11-28 06:38:12,340] {logging_mixin.py:104} INFO - [2021-11-28 06:38:12,339] {dag.py:1832} INFO - Sync 1 DAGs
[2021-11-28 06:38:12,441] {logging_mixin.py:104} INFO - [2021-11-28 06:38:12,422] {dag.py:2305} INFO - Setting next_dagrun for example_xcom to 2021-11-26 00:00:00+00:00
[2021-11-28 06:38:12,528] {scheduler_job.py:190} INFO - Processing /home/airflow/sandbox/lib/python3.8/site-packages/airflow/example_dags/example_xcom.py took 0.768 seconds
[2021-11-28 06:38:47,819] {scheduler_job.py:182} INFO - Started process (PID=40370) to work on /home/airflow/sandbox/lib/python3.8/site-packages/airflow/example_dags/example_xcom.py
[2021-11-28 06:38:47,838] {scheduler_job.py:633} INFO - Processing file /home/airflow/sandbox/lib/python3.8/site-packages/airflow/example_dags/example_xcom.py for tasks to queue
[2021-11-28 06:38:47,908] {logging_mixin.py:104} INFO - [2021-11-28 06:38:47,908] {dagbag.py:487} INFO - Filling up the DagBag from /home/airflow/sandbox/lib/python3.8/site-packages/airflow/example_dags/example_xcom.py
[2021-11-28 06:38:48,479] {scheduler_job.py:643} INFO - DAG(s) dict_keys(['example_xcom']) retrieved from /home/airflow/sandbox/lib/python3.8/site-packages/airflow/example_dags/example_xcom.py
[2021-11-28 06:38:48,716] {logging_mixin.py:104} INFO - [2021-11-28 06:38:48,715] {dag.py:1832} INFO - Sync 1 DAGs
[2021-11-28 06:38:48,968] {logging_mixin.py:104} INFO - [2021-11-28 06:38:48,967] {dag.py:2305} INFO - Setting next_dagrun for example_xcom to 2021-11-26 00:00:00+00:00
[2021-11-28 06:38:49,123] {scheduler_job.py:190} INFO - Processing /home/airflow/sandbox/lib/python3.8/site-packages/airflow/example_dags/example_xcom.py took 1.323 seconds
[2021-11-28 06:39:38,140] {scheduler_job.py:182} INFO - Started process (PID=40593) to work on /home/airflow/sandbox/lib/python3.8/site-packages/airflow/example_dags/example_xcom.py
[2021-11-28 06:39:38,153] {scheduler_job.py:633} INFO - Processing file /home/airflow/sandbox/lib/python3.8/site-packages/airflow/example_dags/example_xcom.py for tasks to queue
[2021-11-28 06:39:39,092] {logging_mixin.py:104} INFO - [2021-11-28 06:39:39,092] {dagbag.py:487} INFO - Filling up the DagBag from /home/airflow/sandbox/lib/python3.8/site-packages/airflow/example_dags/example_xcom.py
[2021-11-28 06:39:39,232] {scheduler_job.py:643} INFO - DAG(s) dict_keys(['example_xcom']) retrieved from /home/airflow/sandbox/lib/python3.8/site-packages/airflow/example_dags/example_xcom.py
[2021-11-28 06:39:39,564] {logging_mixin.py:104} INFO - [2021-11-28 06:39:39,564] {dag.py:1832} INFO - Sync 1 DAGs
[2021-11-28 06:39:39,755] {logging_mixin.py:104} INFO - [2021-11-28 06:39:39,755] {dag.py:2305} INFO - Setting next_dagrun for example_xcom to 2021-11-26 00:00:00+00:00
[2021-11-28 06:39:39,911] {scheduler_job.py:190} INFO - Processing /home/airflow/sandbox/lib/python3.8/site-packages/airflow/example_dags/example_xcom.py took 1.830 seconds
[2021-11-28 06:40:10,752] {scheduler_job.py:182} INFO - Started process (PID=40791) to work on /home/airflow/sandbox/lib/python3.8/site-packages/airflow/example_dags/example_xcom.py
[2021-11-28 06:40:10,765] {scheduler_job.py:633} INFO - Processing file /home/airflow/sandbox/lib/python3.8/site-packages/airflow/example_dags/example_xcom.py for tasks to queue
[2021-11-28 06:40:10,775] {logging_mixin.py:104} INFO - [2021-11-28 06:40:10,775] {dagbag.py:487} INFO - Filling up the DagBag from /home/airflow/sandbox/lib/python3.8/site-packages/airflow/example_dags/example_xcom.py
[2021-11-28 06:40:10,862] {scheduler_job.py:643} INFO - DAG(s) dict_keys(['example_xcom']) retrieved from /home/airflow/sandbox/lib/python3.8/site-packages/airflow/example_dags/example_xcom.py
[2021-11-28 06:40:11,047] {logging_mixin.py:104} INFO - [2021-11-28 06:40:11,046] {dag.py:1832} INFO - Sync 1 DAGs
[2021-11-28 06:40:11,171] {logging_mixin.py:104} INFO - [2021-11-28 06:40:11,170] {dag.py:2305} INFO - Setting next_dagrun for example_xcom to 2021-11-26 00:00:00+00:00
[2021-11-28 06:40:11,340] {scheduler_job.py:190} INFO - Processing /home/airflow/sandbox/lib/python3.8/site-packages/airflow/example_dags/example_xcom.py took 0.606 seconds
[2021-11-28 06:40:41,658] {scheduler_job.py:182} INFO - Started process (PID=40990) to work on /home/airflow/sandbox/lib/python3.8/site-packages/airflow/example_dags/example_xcom.py
[2021-11-28 06:40:41,685] {scheduler_job.py:633} INFO - Processing file /home/airflow/sandbox/lib/python3.8/site-packages/airflow/example_dags/example_xcom.py for tasks to queue
[2021-11-28 06:40:41,702] {logging_mixin.py:104} INFO - [2021-11-28 06:40:41,700] {dagbag.py:487} INFO - Filling up the DagBag from /home/airflow/sandbox/lib/python3.8/site-packages/airflow/example_dags/example_xcom.py
[2021-11-28 06:40:41,960] {scheduler_job.py:643} INFO - DAG(s) dict_keys(['example_xcom']) retrieved from /home/airflow/sandbox/lib/python3.8/site-packages/airflow/example_dags/example_xcom.py
[2021-11-28 06:40:42,117] {logging_mixin.py:104} INFO - [2021-11-28 06:40:42,117] {dag.py:1832} INFO - Sync 1 DAGs
[2021-11-28 06:40:42,194] {logging_mixin.py:104} INFO - [2021-11-28 06:40:42,193] {dag.py:2305} INFO - Setting next_dagrun for example_xcom to 2021-11-26 00:00:00+00:00
[2021-11-28 06:40:42,278] {scheduler_job.py:190} INFO - Processing /home/airflow/sandbox/lib/python3.8/site-packages/airflow/example_dags/example_xcom.py took 0.668 seconds
[2021-11-28 06:41:15,288] {scheduler_job.py:182} INFO - Started process (PID=41188) to work on /home/airflow/sandbox/lib/python3.8/site-packages/airflow/example_dags/example_xcom.py
[2021-11-28 06:41:15,301] {scheduler_job.py:633} INFO - Processing file /home/airflow/sandbox/lib/python3.8/site-packages/airflow/example_dags/example_xcom.py for tasks to queue
[2021-11-28 06:41:15,306] {logging_mixin.py:104} INFO - [2021-11-28 06:41:15,306] {dagbag.py:487} INFO - Filling up the DagBag from /home/airflow/sandbox/lib/python3.8/site-packages/airflow/example_dags/example_xcom.py
[2021-11-28 06:41:15,361] {scheduler_job.py:643} INFO - DAG(s) dict_keys(['example_xcom']) retrieved from /home/airflow/sandbox/lib/python3.8/site-packages/airflow/example_dags/example_xcom.py
[2021-11-28 06:41:15,566] {logging_mixin.py:104} INFO - [2021-11-28 06:41:15,566] {dag.py:1832} INFO - Sync 1 DAGs
[2021-11-28 06:41:15,676] {logging_mixin.py:104} INFO - [2021-11-28 06:41:15,676] {dag.py:2305} INFO - Setting next_dagrun for example_xcom to 2021-11-26 00:00:00+00:00
[2021-11-28 06:41:15,734] {scheduler_job.py:190} INFO - Processing /home/airflow/sandbox/lib/python3.8/site-packages/airflow/example_dags/example_xcom.py took 0.471 seconds
[2021-11-28 06:41:52,255] {scheduler_job.py:182} INFO - Started process (PID=41395) to work on /home/airflow/sandbox/lib/python3.8/site-packages/airflow/example_dags/example_xcom.py
[2021-11-28 06:41:52,287] {scheduler_job.py:633} INFO - Processing file /home/airflow/sandbox/lib/python3.8/site-packages/airflow/example_dags/example_xcom.py for tasks to queue
[2021-11-28 06:41:52,289] {logging_mixin.py:104} INFO - [2021-11-28 06:41:52,288] {dagbag.py:487} INFO - Filling up the DagBag from /home/airflow/sandbox/lib/python3.8/site-packages/airflow/example_dags/example_xcom.py
[2021-11-28 06:41:52,541] {scheduler_job.py:643} INFO - DAG(s) dict_keys(['example_xcom']) retrieved from /home/airflow/sandbox/lib/python3.8/site-packages/airflow/example_dags/example_xcom.py
[2021-11-28 06:41:52,729] {logging_mixin.py:104} INFO - [2021-11-28 06:41:52,729] {dag.py:1832} INFO - Sync 1 DAGs
[2021-11-28 06:41:52,847] {logging_mixin.py:104} INFO - [2021-11-28 06:41:52,846] {dag.py:2305} INFO - Setting next_dagrun for example_xcom to 2021-11-26 00:00:00+00:00
[2021-11-28 06:41:52,955] {scheduler_job.py:190} INFO - Processing /home/airflow/sandbox/lib/python3.8/site-packages/airflow/example_dags/example_xcom.py took 0.725 seconds
[2021-11-28 06:42:24,265] {scheduler_job.py:182} INFO - Started process (PID=41592) to work on /home/airflow/sandbox/lib/python3.8/site-packages/airflow/example_dags/example_xcom.py
[2021-11-28 06:42:24,301] {scheduler_job.py:633} INFO - Processing file /home/airflow/sandbox/lib/python3.8/site-packages/airflow/example_dags/example_xcom.py for tasks to queue
[2021-11-28 06:42:24,371] {logging_mixin.py:104} INFO - [2021-11-28 06:42:24,370] {dagbag.py:487} INFO - Filling up the DagBag from /home/airflow/sandbox/lib/python3.8/site-packages/airflow/example_dags/example_xcom.py
[2021-11-28 06:42:24,487] {scheduler_job.py:643} INFO - DAG(s) dict_keys(['example_xcom']) retrieved from /home/airflow/sandbox/lib/python3.8/site-packages/airflow/example_dags/example_xcom.py
[2021-11-28 06:42:24,648] {logging_mixin.py:104} INFO - [2021-11-28 06:42:24,647] {dag.py:1832} INFO - Sync 1 DAGs
[2021-11-28 06:42:24,739] {logging_mixin.py:104} INFO - [2021-11-28 06:42:24,739] {dag.py:2305} INFO - Setting next_dagrun for example_xcom to 2021-11-26 00:00:00+00:00
[2021-11-28 06:42:24,815] {scheduler_job.py:190} INFO - Processing /home/airflow/sandbox/lib/python3.8/site-packages/airflow/example_dags/example_xcom.py took 0.625 seconds
[2021-11-28 06:43:01,883] {scheduler_job.py:182} INFO - Started process (PID=42068) to work on /home/airflow/sandbox/lib/python3.8/site-packages/airflow/example_dags/example_xcom.py
[2021-11-28 06:43:01,887] {scheduler_job.py:633} INFO - Processing file /home/airflow/sandbox/lib/python3.8/site-packages/airflow/example_dags/example_xcom.py for tasks to queue
[2021-11-28 06:43:01,895] {logging_mixin.py:104} INFO - [2021-11-28 06:43:01,888] {dagbag.py:487} INFO - Filling up the DagBag from /home/airflow/sandbox/lib/python3.8/site-packages/airflow/example_dags/example_xcom.py
[2021-11-28 06:43:01,971] {scheduler_job.py:643} INFO - DAG(s) dict_keys(['example_xcom']) retrieved from /home/airflow/sandbox/lib/python3.8/site-packages/airflow/example_dags/example_xcom.py
[2021-11-28 06:43:02,106] {logging_mixin.py:104} INFO - [2021-11-28 06:43:02,105] {dag.py:1832} INFO - Sync 1 DAGs
[2021-11-28 06:43:02,190] {logging_mixin.py:104} INFO - [2021-11-28 06:43:02,190] {dag.py:2305} INFO - Setting next_dagrun for example_xcom to 2021-11-26 00:00:00+00:00
[2021-11-28 06:43:02,278] {scheduler_job.py:190} INFO - Processing /home/airflow/sandbox/lib/python3.8/site-packages/airflow/example_dags/example_xcom.py took 0.425 seconds
[2021-11-28 06:43:36,261] {scheduler_job.py:182} INFO - Started process (PID=42290) to work on /home/airflow/sandbox/lib/python3.8/site-packages/airflow/example_dags/example_xcom.py
[2021-11-28 06:43:36,274] {scheduler_job.py:633} INFO - Processing file /home/airflow/sandbox/lib/python3.8/site-packages/airflow/example_dags/example_xcom.py for tasks to queue
[2021-11-28 06:43:36,288] {logging_mixin.py:104} INFO - [2021-11-28 06:43:36,287] {dagbag.py:487} INFO - Filling up the DagBag from /home/airflow/sandbox/lib/python3.8/site-packages/airflow/example_dags/example_xcom.py
[2021-11-28 06:43:36,361] {scheduler_job.py:643} INFO - DAG(s) dict_keys(['example_xcom']) retrieved from /home/airflow/sandbox/lib/python3.8/site-packages/airflow/example_dags/example_xcom.py
[2021-11-28 06:43:36,505] {logging_mixin.py:104} INFO - [2021-11-28 06:43:36,505] {dag.py:1832} INFO - Sync 1 DAGs
[2021-11-28 06:43:36,611] {logging_mixin.py:104} INFO - [2021-11-28 06:43:36,611] {dag.py:2305} INFO - Setting next_dagrun for example_xcom to 2021-11-26 00:00:00+00:00
[2021-11-28 06:43:36,727] {scheduler_job.py:190} INFO - Processing /home/airflow/sandbox/lib/python3.8/site-packages/airflow/example_dags/example_xcom.py took 0.494 seconds
[2021-11-28 06:44:15,647] {scheduler_job.py:182} INFO - Started process (PID=42485) to work on /home/airflow/sandbox/lib/python3.8/site-packages/airflow/example_dags/example_xcom.py
[2021-11-28 06:44:15,655] {scheduler_job.py:633} INFO - Processing file /home/airflow/sandbox/lib/python3.8/site-packages/airflow/example_dags/example_xcom.py for tasks to queue
[2021-11-28 06:44:15,660] {logging_mixin.py:104} INFO - [2021-11-28 06:44:15,659] {dagbag.py:487} INFO - Filling up the DagBag from /home/airflow/sandbox/lib/python3.8/site-packages/airflow/example_dags/example_xcom.py
[2021-11-28 06:44:15,792] {scheduler_job.py:643} INFO - DAG(s) dict_keys(['example_xcom']) retrieved from /home/airflow/sandbox/lib/python3.8/site-packages/airflow/example_dags/example_xcom.py
[2021-11-28 06:44:16,083] {logging_mixin.py:104} INFO - [2021-11-28 06:44:16,083] {dag.py:1832} INFO - Sync 1 DAGs
[2021-11-28 06:44:16,205] {logging_mixin.py:104} INFO - [2021-11-28 06:44:16,205] {dag.py:2305} INFO - Setting next_dagrun for example_xcom to 2021-11-26 00:00:00+00:00
[2021-11-28 06:44:16,296] {scheduler_job.py:190} INFO - Processing /home/airflow/sandbox/lib/python3.8/site-packages/airflow/example_dags/example_xcom.py took 0.718 seconds
[2021-11-28 06:44:48,230] {scheduler_job.py:182} INFO - Started process (PID=42683) to work on /home/airflow/sandbox/lib/python3.8/site-packages/airflow/example_dags/example_xcom.py
[2021-11-28 06:44:48,250] {scheduler_job.py:633} INFO - Processing file /home/airflow/sandbox/lib/python3.8/site-packages/airflow/example_dags/example_xcom.py for tasks to queue
[2021-11-28 06:44:48,263] {logging_mixin.py:104} INFO - [2021-11-28 06:44:48,262] {dagbag.py:487} INFO - Filling up the DagBag from /home/airflow/sandbox/lib/python3.8/site-packages/airflow/example_dags/example_xcom.py
[2021-11-28 06:44:48,375] {scheduler_job.py:643} INFO - DAG(s) dict_keys(['example_xcom']) retrieved from /home/airflow/sandbox/lib/python3.8/site-packages/airflow/example_dags/example_xcom.py
[2021-11-28 06:44:48,523] {logging_mixin.py:104} INFO - [2021-11-28 06:44:48,523] {dag.py:1832} INFO - Sync 1 DAGs
[2021-11-28 06:44:48,620] {logging_mixin.py:104} INFO - [2021-11-28 06:44:48,620] {dag.py:2305} INFO - Setting next_dagrun for example_xcom to 2021-11-26 00:00:00+00:00
[2021-11-28 06:44:48,693] {scheduler_job.py:190} INFO - Processing /home/airflow/sandbox/lib/python3.8/site-packages/airflow/example_dags/example_xcom.py took 0.469 seconds
[2021-11-28 06:45:29,113] {scheduler_job.py:182} INFO - Started process (PID=42899) to work on /home/airflow/sandbox/lib/python3.8/site-packages/airflow/example_dags/example_xcom.py
[2021-11-28 06:45:29,158] {scheduler_job.py:633} INFO - Processing file /home/airflow/sandbox/lib/python3.8/site-packages/airflow/example_dags/example_xcom.py for tasks to queue
[2021-11-28 06:45:29,234] {logging_mixin.py:104} INFO - [2021-11-28 06:45:29,198] {dagbag.py:487} INFO - Filling up the DagBag from /home/airflow/sandbox/lib/python3.8/site-packages/airflow/example_dags/example_xcom.py
[2021-11-28 06:45:29,411] {scheduler_job.py:643} INFO - DAG(s) dict_keys(['example_xcom']) retrieved from /home/airflow/sandbox/lib/python3.8/site-packages/airflow/example_dags/example_xcom.py
[2021-11-28 06:45:29,820] {logging_mixin.py:104} INFO - [2021-11-28 06:45:29,819] {dag.py:1832} INFO - Sync 1 DAGs
[2021-11-28 06:45:30,040] {logging_mixin.py:104} INFO - [2021-11-28 06:45:30,039] {dag.py:2305} INFO - Setting next_dagrun for example_xcom to 2021-11-26 00:00:00+00:00
[2021-11-28 06:45:30,332] {scheduler_job.py:190} INFO - Processing /home/airflow/sandbox/lib/python3.8/site-packages/airflow/example_dags/example_xcom.py took 1.292 seconds
[2021-11-28 06:46:01,531] {scheduler_job.py:182} INFO - Started process (PID=43091) to work on /home/airflow/sandbox/lib/python3.8/site-packages/airflow/example_dags/example_xcom.py
[2021-11-28 06:46:01,590] {scheduler_job.py:633} INFO - Processing file /home/airflow/sandbox/lib/python3.8/site-packages/airflow/example_dags/example_xcom.py for tasks to queue
[2021-11-28 06:46:01,593] {logging_mixin.py:104} INFO - [2021-11-28 06:46:01,593] {dagbag.py:487} INFO - Filling up the DagBag from /home/airflow/sandbox/lib/python3.8/site-packages/airflow/example_dags/example_xcom.py
[2021-11-28 06:46:01,821] {scheduler_job.py:643} INFO - DAG(s) dict_keys(['example_xcom']) retrieved from /home/airflow/sandbox/lib/python3.8/site-packages/airflow/example_dags/example_xcom.py
[2021-11-28 06:46:02,486] {logging_mixin.py:104} INFO - [2021-11-28 06:46:02,486] {dag.py:1832} INFO - Sync 1 DAGs
[2021-11-28 06:46:02,750] {logging_mixin.py:104} INFO - [2021-11-28 06:46:02,749] {dag.py:2305} INFO - Setting next_dagrun for example_xcom to 2021-11-26 00:00:00+00:00
[2021-11-28 06:46:02,990] {scheduler_job.py:190} INFO - Processing /home/airflow/sandbox/lib/python3.8/site-packages/airflow/example_dags/example_xcom.py took 1.501 seconds
[2021-11-28 06:46:33,417] {scheduler_job.py:182} INFO - Started process (PID=43291) to work on /home/airflow/sandbox/lib/python3.8/site-packages/airflow/example_dags/example_xcom.py
[2021-11-28 06:46:33,421] {scheduler_job.py:633} INFO - Processing file /home/airflow/sandbox/lib/python3.8/site-packages/airflow/example_dags/example_xcom.py for tasks to queue
[2021-11-28 06:46:33,424] {logging_mixin.py:104} INFO - [2021-11-28 06:46:33,424] {dagbag.py:487} INFO - Filling up the DagBag from /home/airflow/sandbox/lib/python3.8/site-packages/airflow/example_dags/example_xcom.py
[2021-11-28 06:46:33,663] {scheduler_job.py:643} INFO - DAG(s) dict_keys(['example_xcom']) retrieved from /home/airflow/sandbox/lib/python3.8/site-packages/airflow/example_dags/example_xcom.py
[2021-11-28 06:46:34,111] {logging_mixin.py:104} INFO - [2021-11-28 06:46:34,110] {dag.py:1832} INFO - Sync 1 DAGs
[2021-11-28 06:46:34,467] {logging_mixin.py:104} INFO - [2021-11-28 06:46:34,467] {dag.py:2305} INFO - Setting next_dagrun for example_xcom to 2021-11-26 00:00:00+00:00
[2021-11-28 06:46:34,582] {scheduler_job.py:190} INFO - Processing /home/airflow/sandbox/lib/python3.8/site-packages/airflow/example_dags/example_xcom.py took 1.284 seconds
[2021-11-28 06:47:05,320] {scheduler_job.py:182} INFO - Started process (PID=43499) to work on /home/airflow/sandbox/lib/python3.8/site-packages/airflow/example_dags/example_xcom.py
[2021-11-28 06:47:05,375] {scheduler_job.py:633} INFO - Processing file /home/airflow/sandbox/lib/python3.8/site-packages/airflow/example_dags/example_xcom.py for tasks to queue
[2021-11-28 06:47:05,415] {logging_mixin.py:104} INFO - [2021-11-28 06:47:05,414] {dagbag.py:487} INFO - Filling up the DagBag from /home/airflow/sandbox/lib/python3.8/site-packages/airflow/example_dags/example_xcom.py
[2021-11-28 06:47:05,837] {scheduler_job.py:643} INFO - DAG(s) dict_keys(['example_xcom']) retrieved from /home/airflow/sandbox/lib/python3.8/site-packages/airflow/example_dags/example_xcom.py
[2021-11-28 06:47:06,185] {logging_mixin.py:104} INFO - [2021-11-28 06:47:06,184] {dag.py:1832} INFO - Sync 1 DAGs
[2021-11-28 06:47:06,476] {logging_mixin.py:104} INFO - [2021-11-28 06:47:06,476] {dag.py:2305} INFO - Setting next_dagrun for example_xcom to 2021-11-26 00:00:00+00:00
[2021-11-28 06:47:06,769] {scheduler_job.py:190} INFO - Processing /home/airflow/sandbox/lib/python3.8/site-packages/airflow/example_dags/example_xcom.py took 1.600 seconds
[2021-11-28 06:47:37,591] {scheduler_job.py:182} INFO - Started process (PID=43696) to work on /home/airflow/sandbox/lib/python3.8/site-packages/airflow/example_dags/example_xcom.py
[2021-11-28 06:47:37,651] {scheduler_job.py:633} INFO - Processing file /home/airflow/sandbox/lib/python3.8/site-packages/airflow/example_dags/example_xcom.py for tasks to queue
[2021-11-28 06:47:37,654] {logging_mixin.py:104} INFO - [2021-11-28 06:47:37,653] {dagbag.py:487} INFO - Filling up the DagBag from /home/airflow/sandbox/lib/python3.8/site-packages/airflow/example_dags/example_xcom.py
[2021-11-28 06:47:37,925] {scheduler_job.py:643} INFO - DAG(s) dict_keys(['example_xcom']) retrieved from /home/airflow/sandbox/lib/python3.8/site-packages/airflow/example_dags/example_xcom.py
[2021-11-28 06:47:38,634] {logging_mixin.py:104} INFO - [2021-11-28 06:47:38,634] {dag.py:1832} INFO - Sync 1 DAGs
[2021-11-28 06:47:38,961] {logging_mixin.py:104} INFO - [2021-11-28 06:47:38,960] {dag.py:2305} INFO - Setting next_dagrun for example_xcom to 2021-11-26 00:00:00+00:00
[2021-11-28 06:47:39,155] {scheduler_job.py:190} INFO - Processing /home/airflow/sandbox/lib/python3.8/site-packages/airflow/example_dags/example_xcom.py took 1.653 seconds
[2021-11-28 06:48:15,044] {scheduler_job.py:182} INFO - Started process (PID=44140) to work on /home/airflow/sandbox/lib/python3.8/site-packages/airflow/example_dags/example_xcom.py
[2021-11-28 06:48:15,050] {scheduler_job.py:633} INFO - Processing file /home/airflow/sandbox/lib/python3.8/site-packages/airflow/example_dags/example_xcom.py for tasks to queue
[2021-11-28 06:48:15,051] {logging_mixin.py:104} INFO - [2021-11-28 06:48:15,051] {dagbag.py:487} INFO - Filling up the DagBag from /home/airflow/sandbox/lib/python3.8/site-packages/airflow/example_dags/example_xcom.py
[2021-11-28 06:48:15,167] {scheduler_job.py:643} INFO - DAG(s) dict_keys(['example_xcom']) retrieved from /home/airflow/sandbox/lib/python3.8/site-packages/airflow/example_dags/example_xcom.py
[2021-11-28 06:48:15,314] {logging_mixin.py:104} INFO - [2021-11-28 06:48:15,314] {dag.py:1832} INFO - Sync 1 DAGs
[2021-11-28 06:48:15,424] {logging_mixin.py:104} INFO - [2021-11-28 06:48:15,424] {dag.py:2305} INFO - Setting next_dagrun for example_xcom to 2021-11-26 00:00:00+00:00
[2021-11-28 06:48:15,505] {scheduler_job.py:190} INFO - Processing /home/airflow/sandbox/lib/python3.8/site-packages/airflow/example_dags/example_xcom.py took 0.483 seconds
[2021-11-28 06:48:48,244] {scheduler_job.py:182} INFO - Started process (PID=44348) to work on /home/airflow/sandbox/lib/python3.8/site-packages/airflow/example_dags/example_xcom.py
[2021-11-28 06:48:48,248] {scheduler_job.py:633} INFO - Processing file /home/airflow/sandbox/lib/python3.8/site-packages/airflow/example_dags/example_xcom.py for tasks to queue
[2021-11-28 06:48:48,253] {logging_mixin.py:104} INFO - [2021-11-28 06:48:48,252] {dagbag.py:487} INFO - Filling up the DagBag from /home/airflow/sandbox/lib/python3.8/site-packages/airflow/example_dags/example_xcom.py
[2021-11-28 06:48:48,307] {scheduler_job.py:643} INFO - DAG(s) dict_keys(['example_xcom']) retrieved from /home/airflow/sandbox/lib/python3.8/site-packages/airflow/example_dags/example_xcom.py
[2021-11-28 06:48:48,646] {logging_mixin.py:104} INFO - [2021-11-28 06:48:48,645] {dag.py:1832} INFO - Sync 1 DAGs
[2021-11-28 06:48:48,920] {logging_mixin.py:104} INFO - [2021-11-28 06:48:48,920] {dag.py:2305} INFO - Setting next_dagrun for example_xcom to 2021-11-26 00:00:00+00:00
[2021-11-28 06:48:49,018] {scheduler_job.py:190} INFO - Processing /home/airflow/sandbox/lib/python3.8/site-packages/airflow/example_dags/example_xcom.py took 0.792 seconds
[2021-11-28 06:49:20,019] {scheduler_job.py:182} INFO - Started process (PID=44548) to work on /home/airflow/sandbox/lib/python3.8/site-packages/airflow/example_dags/example_xcom.py
[2021-11-28 06:49:20,028] {scheduler_job.py:633} INFO - Processing file /home/airflow/sandbox/lib/python3.8/site-packages/airflow/example_dags/example_xcom.py for tasks to queue
[2021-11-28 06:49:20,030] {logging_mixin.py:104} INFO - [2021-11-28 06:49:20,029] {dagbag.py:487} INFO - Filling up the DagBag from /home/airflow/sandbox/lib/python3.8/site-packages/airflow/example_dags/example_xcom.py
[2021-11-28 06:49:20,201] {scheduler_job.py:643} INFO - DAG(s) dict_keys(['example_xcom']) retrieved from /home/airflow/sandbox/lib/python3.8/site-packages/airflow/example_dags/example_xcom.py
[2021-11-28 06:49:20,392] {logging_mixin.py:104} INFO - [2021-11-28 06:49:20,392] {dag.py:1832} INFO - Sync 1 DAGs
[2021-11-28 06:49:20,468] {logging_mixin.py:104} INFO - [2021-11-28 06:49:20,468] {dag.py:2305} INFO - Setting next_dagrun for example_xcom to 2021-11-26 00:00:00+00:00
[2021-11-28 06:49:20,544] {scheduler_job.py:190} INFO - Processing /home/airflow/sandbox/lib/python3.8/site-packages/airflow/example_dags/example_xcom.py took 0.569 seconds
[2021-11-28 06:49:50,737] {scheduler_job.py:182} INFO - Started process (PID=44745) to work on /home/airflow/sandbox/lib/python3.8/site-packages/airflow/example_dags/example_xcom.py
[2021-11-28 06:49:50,745] {scheduler_job.py:633} INFO - Processing file /home/airflow/sandbox/lib/python3.8/site-packages/airflow/example_dags/example_xcom.py for tasks to queue
[2021-11-28 06:49:50,763] {logging_mixin.py:104} INFO - [2021-11-28 06:49:50,762] {dagbag.py:487} INFO - Filling up the DagBag from /home/airflow/sandbox/lib/python3.8/site-packages/airflow/example_dags/example_xcom.py
[2021-11-28 06:49:50,839] {scheduler_job.py:643} INFO - DAG(s) dict_keys(['example_xcom']) retrieved from /home/airflow/sandbox/lib/python3.8/site-packages/airflow/example_dags/example_xcom.py
[2021-11-28 06:49:51,085] {logging_mixin.py:104} INFO - [2021-11-28 06:49:51,084] {dag.py:1832} INFO - Sync 1 DAGs
[2021-11-28 06:49:51,187] {logging_mixin.py:104} INFO - [2021-11-28 06:49:51,186] {dag.py:2305} INFO - Setting next_dagrun for example_xcom to 2021-11-26 00:00:00+00:00
[2021-11-28 06:49:51,261] {scheduler_job.py:190} INFO - Processing /home/airflow/sandbox/lib/python3.8/site-packages/airflow/example_dags/example_xcom.py took 0.554 seconds
[2021-11-28 06:50:22,732] {scheduler_job.py:182} INFO - Started process (PID=44945) to work on /home/airflow/sandbox/lib/python3.8/site-packages/airflow/example_dags/example_xcom.py
[2021-11-28 06:50:22,738] {scheduler_job.py:633} INFO - Processing file /home/airflow/sandbox/lib/python3.8/site-packages/airflow/example_dags/example_xcom.py for tasks to queue
[2021-11-28 06:50:22,747] {logging_mixin.py:104} INFO - [2021-11-28 06:50:22,747] {dagbag.py:487} INFO - Filling up the DagBag from /home/airflow/sandbox/lib/python3.8/site-packages/airflow/example_dags/example_xcom.py
[2021-11-28 06:50:22,813] {scheduler_job.py:643} INFO - DAG(s) dict_keys(['example_xcom']) retrieved from /home/airflow/sandbox/lib/python3.8/site-packages/airflow/example_dags/example_xcom.py
[2021-11-28 06:50:22,942] {logging_mixin.py:104} INFO - [2021-11-28 06:50:22,942] {dag.py:1832} INFO - Sync 1 DAGs
[2021-11-28 06:50:22,996] {logging_mixin.py:104} INFO - [2021-11-28 06:50:22,996] {dag.py:2305} INFO - Setting next_dagrun for example_xcom to 2021-11-26 00:00:00+00:00
[2021-11-28 06:50:23,058] {scheduler_job.py:190} INFO - Processing /home/airflow/sandbox/lib/python3.8/site-packages/airflow/example_dags/example_xcom.py took 0.362 seconds
[2021-11-28 06:50:55,161] {scheduler_job.py:182} INFO - Started process (PID=45145) to work on /home/airflow/sandbox/lib/python3.8/site-packages/airflow/example_dags/example_xcom.py
[2021-11-28 06:50:55,165] {scheduler_job.py:633} INFO - Processing file /home/airflow/sandbox/lib/python3.8/site-packages/airflow/example_dags/example_xcom.py for tasks to queue
[2021-11-28 06:50:55,168] {logging_mixin.py:104} INFO - [2021-11-28 06:50:55,167] {dagbag.py:487} INFO - Filling up the DagBag from /home/airflow/sandbox/lib/python3.8/site-packages/airflow/example_dags/example_xcom.py
[2021-11-28 06:50:55,199] {scheduler_job.py:643} INFO - DAG(s) dict_keys(['example_xcom']) retrieved from /home/airflow/sandbox/lib/python3.8/site-packages/airflow/example_dags/example_xcom.py
[2021-11-28 06:50:55,288] {logging_mixin.py:104} INFO - [2021-11-28 06:50:55,288] {dag.py:1832} INFO - Sync 1 DAGs
[2021-11-28 06:50:55,317] {logging_mixin.py:104} INFO - [2021-11-28 06:50:55,317] {dag.py:2305} INFO - Setting next_dagrun for example_xcom to 2021-11-26 00:00:00+00:00
[2021-11-28 06:50:55,357] {scheduler_job.py:190} INFO - Processing /home/airflow/sandbox/lib/python3.8/site-packages/airflow/example_dags/example_xcom.py took 0.224 seconds
[2021-11-28 06:51:26,791] {scheduler_job.py:182} INFO - Started process (PID=45340) to work on /home/airflow/sandbox/lib/python3.8/site-packages/airflow/example_dags/example_xcom.py
[2021-11-28 06:51:26,804] {scheduler_job.py:633} INFO - Processing file /home/airflow/sandbox/lib/python3.8/site-packages/airflow/example_dags/example_xcom.py for tasks to queue
[2021-11-28 06:51:26,808] {logging_mixin.py:104} INFO - [2021-11-28 06:51:26,808] {dagbag.py:487} INFO - Filling up the DagBag from /home/airflow/sandbox/lib/python3.8/site-packages/airflow/example_dags/example_xcom.py
[2021-11-28 06:51:26,849] {scheduler_job.py:643} INFO - DAG(s) dict_keys(['example_xcom']) retrieved from /home/airflow/sandbox/lib/python3.8/site-packages/airflow/example_dags/example_xcom.py
[2021-11-28 06:51:26,970] {logging_mixin.py:104} INFO - [2021-11-28 06:51:26,969] {dag.py:1832} INFO - Sync 1 DAGs
[2021-11-28 06:51:27,024] {logging_mixin.py:104} INFO - [2021-11-28 06:51:27,024] {dag.py:2305} INFO - Setting next_dagrun for example_xcom to 2021-11-26 00:00:00+00:00
[2021-11-28 06:51:27,173] {scheduler_job.py:190} INFO - Processing /home/airflow/sandbox/lib/python3.8/site-packages/airflow/example_dags/example_xcom.py took 0.408 seconds
[2021-11-28 06:51:59,461] {scheduler_job.py:182} INFO - Started process (PID=45536) to work on /home/airflow/sandbox/lib/python3.8/site-packages/airflow/example_dags/example_xcom.py
[2021-11-28 06:51:59,469] {scheduler_job.py:633} INFO - Processing file /home/airflow/sandbox/lib/python3.8/site-packages/airflow/example_dags/example_xcom.py for tasks to queue
[2021-11-28 06:51:59,476] {logging_mixin.py:104} INFO - [2021-11-28 06:51:59,476] {dagbag.py:487} INFO - Filling up the DagBag from /home/airflow/sandbox/lib/python3.8/site-packages/airflow/example_dags/example_xcom.py
[2021-11-28 06:51:59,589] {scheduler_job.py:643} INFO - DAG(s) dict_keys(['example_xcom']) retrieved from /home/airflow/sandbox/lib/python3.8/site-packages/airflow/example_dags/example_xcom.py
[2021-11-28 06:51:59,703] {logging_mixin.py:104} INFO - [2021-11-28 06:51:59,702] {dag.py:1832} INFO - Sync 1 DAGs
[2021-11-28 06:51:59,751] {logging_mixin.py:104} INFO - [2021-11-28 06:51:59,751] {dag.py:2305} INFO - Setting next_dagrun for example_xcom to 2021-11-26 00:00:00+00:00
[2021-11-28 06:51:59,798] {scheduler_job.py:190} INFO - Processing /home/airflow/sandbox/lib/python3.8/site-packages/airflow/example_dags/example_xcom.py took 0.386 seconds
[2021-11-28 06:52:31,385] {scheduler_job.py:182} INFO - Started process (PID=45731) to work on /home/airflow/sandbox/lib/python3.8/site-packages/airflow/example_dags/example_xcom.py
[2021-11-28 06:52:31,396] {scheduler_job.py:633} INFO - Processing file /home/airflow/sandbox/lib/python3.8/site-packages/airflow/example_dags/example_xcom.py for tasks to queue
[2021-11-28 06:52:31,434] {logging_mixin.py:104} INFO - [2021-11-28 06:52:31,399] {dagbag.py:487} INFO - Filling up the DagBag from /home/airflow/sandbox/lib/python3.8/site-packages/airflow/example_dags/example_xcom.py
[2021-11-28 06:52:31,705] {scheduler_job.py:643} INFO - DAG(s) dict_keys(['example_xcom']) retrieved from /home/airflow/sandbox/lib/python3.8/site-packages/airflow/example_dags/example_xcom.py
[2021-11-28 06:52:32,169] {logging_mixin.py:104} INFO - [2021-11-28 06:52:32,168] {dag.py:1832} INFO - Sync 1 DAGs
[2021-11-28 06:52:32,401] {logging_mixin.py:104} INFO - [2021-11-28 06:52:32,401] {dag.py:2305} INFO - Setting next_dagrun for example_xcom to 2021-11-26 00:00:00+00:00
[2021-11-28 06:52:32,551] {scheduler_job.py:190} INFO - Processing /home/airflow/sandbox/lib/python3.8/site-packages/airflow/example_dags/example_xcom.py took 1.279 seconds
[2021-11-28 06:53:03,225] {scheduler_job.py:182} INFO - Started process (PID=46171) to work on /home/airflow/sandbox/lib/python3.8/site-packages/airflow/example_dags/example_xcom.py
[2021-11-28 06:53:03,239] {scheduler_job.py:633} INFO - Processing file /home/airflow/sandbox/lib/python3.8/site-packages/airflow/example_dags/example_xcom.py for tasks to queue
[2021-11-28 06:53:03,241] {logging_mixin.py:104} INFO - [2021-11-28 06:53:03,241] {dagbag.py:487} INFO - Filling up the DagBag from /home/airflow/sandbox/lib/python3.8/site-packages/airflow/example_dags/example_xcom.py
[2021-11-28 06:53:03,329] {scheduler_job.py:643} INFO - DAG(s) dict_keys(['example_xcom']) retrieved from /home/airflow/sandbox/lib/python3.8/site-packages/airflow/example_dags/example_xcom.py
[2021-11-28 06:53:03,504] {logging_mixin.py:104} INFO - [2021-11-28 06:53:03,504] {dag.py:1832} INFO - Sync 1 DAGs
[2021-11-28 06:53:03,623] {logging_mixin.py:104} INFO - [2021-11-28 06:53:03,622] {dag.py:2305} INFO - Setting next_dagrun for example_xcom to 2021-11-26 00:00:00+00:00
[2021-11-28 06:53:03,744] {scheduler_job.py:190} INFO - Processing /home/airflow/sandbox/lib/python3.8/site-packages/airflow/example_dags/example_xcom.py took 0.537 seconds
[2021-11-28 06:53:33,918] {scheduler_job.py:182} INFO - Started process (PID=46370) to work on /home/airflow/sandbox/lib/python3.8/site-packages/airflow/example_dags/example_xcom.py
[2021-11-28 06:53:33,927] {scheduler_job.py:633} INFO - Processing file /home/airflow/sandbox/lib/python3.8/site-packages/airflow/example_dags/example_xcom.py for tasks to queue
[2021-11-28 06:53:33,932] {logging_mixin.py:104} INFO - [2021-11-28 06:53:33,931] {dagbag.py:487} INFO - Filling up the DagBag from /home/airflow/sandbox/lib/python3.8/site-packages/airflow/example_dags/example_xcom.py
[2021-11-28 06:53:33,964] {scheduler_job.py:643} INFO - DAG(s) dict_keys(['example_xcom']) retrieved from /home/airflow/sandbox/lib/python3.8/site-packages/airflow/example_dags/example_xcom.py
[2021-11-28 06:53:34,038] {logging_mixin.py:104} INFO - [2021-11-28 06:53:34,038] {dag.py:1832} INFO - Sync 1 DAGs
[2021-11-28 06:53:34,079] {logging_mixin.py:104} INFO - [2021-11-28 06:53:34,079] {dag.py:2305} INFO - Setting next_dagrun for example_xcom to 2021-11-26 00:00:00+00:00
[2021-11-28 06:53:34,124] {scheduler_job.py:190} INFO - Processing /home/airflow/sandbox/lib/python3.8/site-packages/airflow/example_dags/example_xcom.py took 0.216 seconds
[2021-11-28 06:54:04,410] {scheduler_job.py:182} INFO - Started process (PID=46567) to work on /home/airflow/sandbox/lib/python3.8/site-packages/airflow/example_dags/example_xcom.py
[2021-11-28 06:54:04,447] {scheduler_job.py:633} INFO - Processing file /home/airflow/sandbox/lib/python3.8/site-packages/airflow/example_dags/example_xcom.py for tasks to queue
[2021-11-28 06:54:04,452] {logging_mixin.py:104} INFO - [2021-11-28 06:54:04,452] {dagbag.py:487} INFO - Filling up the DagBag from /home/airflow/sandbox/lib/python3.8/site-packages/airflow/example_dags/example_xcom.py
[2021-11-28 06:54:04,542] {scheduler_job.py:643} INFO - DAG(s) dict_keys(['example_xcom']) retrieved from /home/airflow/sandbox/lib/python3.8/site-packages/airflow/example_dags/example_xcom.py
[2021-11-28 06:54:04,756] {logging_mixin.py:104} INFO - [2021-11-28 06:54:04,756] {dag.py:1832} INFO - Sync 1 DAGs
[2021-11-28 06:54:04,826] {logging_mixin.py:104} INFO - [2021-11-28 06:54:04,826] {dag.py:2305} INFO - Setting next_dagrun for example_xcom to 2021-11-26 00:00:00+00:00
[2021-11-28 06:54:04,872] {scheduler_job.py:190} INFO - Processing /home/airflow/sandbox/lib/python3.8/site-packages/airflow/example_dags/example_xcom.py took 0.523 seconds
[2021-11-28 06:54:35,567] {scheduler_job.py:182} INFO - Started process (PID=46765) to work on /home/airflow/sandbox/lib/python3.8/site-packages/airflow/example_dags/example_xcom.py
[2021-11-28 06:54:35,572] {scheduler_job.py:633} INFO - Processing file /home/airflow/sandbox/lib/python3.8/site-packages/airflow/example_dags/example_xcom.py for tasks to queue
[2021-11-28 06:54:35,573] {logging_mixin.py:104} INFO - [2021-11-28 06:54:35,573] {dagbag.py:487} INFO - Filling up the DagBag from /home/airflow/sandbox/lib/python3.8/site-packages/airflow/example_dags/example_xcom.py
[2021-11-28 06:54:35,696] {scheduler_job.py:643} INFO - DAG(s) dict_keys(['example_xcom']) retrieved from /home/airflow/sandbox/lib/python3.8/site-packages/airflow/example_dags/example_xcom.py
[2021-11-28 06:54:35,819] {logging_mixin.py:104} INFO - [2021-11-28 06:54:35,818] {dag.py:1832} INFO - Sync 1 DAGs
[2021-11-28 06:54:35,881] {logging_mixin.py:104} INFO - [2021-11-28 06:54:35,881] {dag.py:2305} INFO - Setting next_dagrun for example_xcom to 2021-11-26 00:00:00+00:00
[2021-11-28 06:54:35,961] {scheduler_job.py:190} INFO - Processing /home/airflow/sandbox/lib/python3.8/site-packages/airflow/example_dags/example_xcom.py took 0.530 seconds
[2021-11-28 06:55:06,099] {scheduler_job.py:182} INFO - Started process (PID=46964) to work on /home/airflow/sandbox/lib/python3.8/site-packages/airflow/example_dags/example_xcom.py
[2021-11-28 06:55:06,113] {scheduler_job.py:633} INFO - Processing file /home/airflow/sandbox/lib/python3.8/site-packages/airflow/example_dags/example_xcom.py for tasks to queue
[2021-11-28 06:55:06,119] {logging_mixin.py:104} INFO - [2021-11-28 06:55:06,119] {dagbag.py:487} INFO - Filling up the DagBag from /home/airflow/sandbox/lib/python3.8/site-packages/airflow/example_dags/example_xcom.py
[2021-11-28 06:55:06,203] {scheduler_job.py:643} INFO - DAG(s) dict_keys(['example_xcom']) retrieved from /home/airflow/sandbox/lib/python3.8/site-packages/airflow/example_dags/example_xcom.py
[2021-11-28 06:55:06,293] {logging_mixin.py:104} INFO - [2021-11-28 06:55:06,292] {dag.py:1832} INFO - Sync 1 DAGs
[2021-11-28 06:55:06,329] {logging_mixin.py:104} INFO - [2021-11-28 06:55:06,328] {dag.py:2305} INFO - Setting next_dagrun for example_xcom to 2021-11-26 00:00:00+00:00
[2021-11-28 06:55:06,365] {scheduler_job.py:190} INFO - Processing /home/airflow/sandbox/lib/python3.8/site-packages/airflow/example_dags/example_xcom.py took 0.284 seconds
[2021-11-28 06:55:36,987] {scheduler_job.py:182} INFO - Started process (PID=47162) to work on /home/airflow/sandbox/lib/python3.8/site-packages/airflow/example_dags/example_xcom.py
[2021-11-28 06:55:36,991] {scheduler_job.py:633} INFO - Processing file /home/airflow/sandbox/lib/python3.8/site-packages/airflow/example_dags/example_xcom.py for tasks to queue
[2021-11-28 06:55:37,004] {logging_mixin.py:104} INFO - [2021-11-28 06:55:37,004] {dagbag.py:487} INFO - Filling up the DagBag from /home/airflow/sandbox/lib/python3.8/site-packages/airflow/example_dags/example_xcom.py
[2021-11-28 06:55:37,066] {scheduler_job.py:643} INFO - DAG(s) dict_keys(['example_xcom']) retrieved from /home/airflow/sandbox/lib/python3.8/site-packages/airflow/example_dags/example_xcom.py
[2021-11-28 06:55:37,210] {logging_mixin.py:104} INFO - [2021-11-28 06:55:37,210] {dag.py:1832} INFO - Sync 1 DAGs
[2021-11-28 06:55:37,304] {logging_mixin.py:104} INFO - [2021-11-28 06:55:37,304] {dag.py:2305} INFO - Setting next_dagrun for example_xcom to 2021-11-26 00:00:00+00:00
[2021-11-28 06:55:37,360] {scheduler_job.py:190} INFO - Processing /home/airflow/sandbox/lib/python3.8/site-packages/airflow/example_dags/example_xcom.py took 0.392 seconds
[2021-11-28 06:56:09,715] {scheduler_job.py:182} INFO - Started process (PID=47362) to work on /home/airflow/sandbox/lib/python3.8/site-packages/airflow/example_dags/example_xcom.py
[2021-11-28 06:56:09,728] {scheduler_job.py:633} INFO - Processing file /home/airflow/sandbox/lib/python3.8/site-packages/airflow/example_dags/example_xcom.py for tasks to queue
[2021-11-28 06:56:09,733] {logging_mixin.py:104} INFO - [2021-11-28 06:56:09,733] {dagbag.py:487} INFO - Filling up the DagBag from /home/airflow/sandbox/lib/python3.8/site-packages/airflow/example_dags/example_xcom.py
[2021-11-28 06:56:09,796] {scheduler_job.py:643} INFO - DAG(s) dict_keys(['example_xcom']) retrieved from /home/airflow/sandbox/lib/python3.8/site-packages/airflow/example_dags/example_xcom.py
[2021-11-28 06:56:09,959] {logging_mixin.py:104} INFO - [2021-11-28 06:56:09,959] {dag.py:1832} INFO - Sync 1 DAGs
[2021-11-28 06:56:10,038] {logging_mixin.py:104} INFO - [2021-11-28 06:56:10,038] {dag.py:2305} INFO - Setting next_dagrun for example_xcom to 2021-11-26 00:00:00+00:00
[2021-11-28 06:56:10,111] {scheduler_job.py:190} INFO - Processing /home/airflow/sandbox/lib/python3.8/site-packages/airflow/example_dags/example_xcom.py took 0.401 seconds
[2021-11-28 06:56:40,446] {scheduler_job.py:182} INFO - Started process (PID=47561) to work on /home/airflow/sandbox/lib/python3.8/site-packages/airflow/example_dags/example_xcom.py
[2021-11-28 06:56:40,456] {scheduler_job.py:633} INFO - Processing file /home/airflow/sandbox/lib/python3.8/site-packages/airflow/example_dags/example_xcom.py for tasks to queue
[2021-11-28 06:56:40,460] {logging_mixin.py:104} INFO - [2021-11-28 06:56:40,459] {dagbag.py:487} INFO - Filling up the DagBag from /home/airflow/sandbox/lib/python3.8/site-packages/airflow/example_dags/example_xcom.py
[2021-11-28 06:56:40,523] {scheduler_job.py:643} INFO - DAG(s) dict_keys(['example_xcom']) retrieved from /home/airflow/sandbox/lib/python3.8/site-packages/airflow/example_dags/example_xcom.py
[2021-11-28 06:56:40,638] {logging_mixin.py:104} INFO - [2021-11-28 06:56:40,638] {dag.py:1832} INFO - Sync 1 DAGs
[2021-11-28 06:56:40,713] {logging_mixin.py:104} INFO - [2021-11-28 06:56:40,712] {dag.py:2305} INFO - Setting next_dagrun for example_xcom to 2021-11-26 00:00:00+00:00
[2021-11-28 06:56:40,766] {scheduler_job.py:190} INFO - Processing /home/airflow/sandbox/lib/python3.8/site-packages/airflow/example_dags/example_xcom.py took 0.338 seconds
[2021-11-28 06:57:14,011] {scheduler_job.py:182} INFO - Started process (PID=47761) to work on /home/airflow/sandbox/lib/python3.8/site-packages/airflow/example_dags/example_xcom.py
[2021-11-28 06:57:14,023] {scheduler_job.py:633} INFO - Processing file /home/airflow/sandbox/lib/python3.8/site-packages/airflow/example_dags/example_xcom.py for tasks to queue
[2021-11-28 06:57:14,024] {logging_mixin.py:104} INFO - [2021-11-28 06:57:14,024] {dagbag.py:487} INFO - Filling up the DagBag from /home/airflow/sandbox/lib/python3.8/site-packages/airflow/example_dags/example_xcom.py
[2021-11-28 06:57:14,179] {scheduler_job.py:643} INFO - DAG(s) dict_keys(['example_xcom']) retrieved from /home/airflow/sandbox/lib/python3.8/site-packages/airflow/example_dags/example_xcom.py
[2021-11-28 06:57:14,393] {logging_mixin.py:104} INFO - [2021-11-28 06:57:14,392] {dag.py:1832} INFO - Sync 1 DAGs
[2021-11-28 06:57:14,463] {logging_mixin.py:104} INFO - [2021-11-28 06:57:14,463] {dag.py:2305} INFO - Setting next_dagrun for example_xcom to 2021-11-26 00:00:00+00:00
[2021-11-28 06:57:14,547] {scheduler_job.py:190} INFO - Processing /home/airflow/sandbox/lib/python3.8/site-packages/airflow/example_dags/example_xcom.py took 0.554 seconds
[2021-11-28 06:57:49,788] {scheduler_job.py:182} INFO - Started process (PID=48136) to work on /home/airflow/sandbox/lib/python3.8/site-packages/airflow/example_dags/example_xcom.py
[2021-11-28 06:57:49,794] {scheduler_job.py:633} INFO - Processing file /home/airflow/sandbox/lib/python3.8/site-packages/airflow/example_dags/example_xcom.py for tasks to queue
[2021-11-28 06:57:49,795] {logging_mixin.py:104} INFO - [2021-11-28 06:57:49,795] {dagbag.py:487} INFO - Filling up the DagBag from /home/airflow/sandbox/lib/python3.8/site-packages/airflow/example_dags/example_xcom.py
[2021-11-28 06:57:49,928] {scheduler_job.py:643} INFO - DAG(s) dict_keys(['example_xcom']) retrieved from /home/airflow/sandbox/lib/python3.8/site-packages/airflow/example_dags/example_xcom.py
[2021-11-28 06:57:50,139] {logging_mixin.py:104} INFO - [2021-11-28 06:57:50,139] {dag.py:1832} INFO - Sync 1 DAGs
[2021-11-28 06:57:50,231] {logging_mixin.py:104} INFO - [2021-11-28 06:57:50,230] {dag.py:2305} INFO - Setting next_dagrun for example_xcom to 2021-11-26 00:00:00+00:00
[2021-11-28 06:57:50,316] {scheduler_job.py:190} INFO - Processing /home/airflow/sandbox/lib/python3.8/site-packages/airflow/example_dags/example_xcom.py took 0.588 seconds
[2021-11-28 06:58:20,851] {scheduler_job.py:182} INFO - Started process (PID=48410) to work on /home/airflow/sandbox/lib/python3.8/site-packages/airflow/example_dags/example_xcom.py
[2021-11-28 06:58:20,872] {scheduler_job.py:633} INFO - Processing file /home/airflow/sandbox/lib/python3.8/site-packages/airflow/example_dags/example_xcom.py for tasks to queue
[2021-11-28 06:58:20,875] {logging_mixin.py:104} INFO - [2021-11-28 06:58:20,875] {dagbag.py:487} INFO - Filling up the DagBag from /home/airflow/sandbox/lib/python3.8/site-packages/airflow/example_dags/example_xcom.py
[2021-11-28 06:58:20,904] {scheduler_job.py:643} INFO - DAG(s) dict_keys(['example_xcom']) retrieved from /home/airflow/sandbox/lib/python3.8/site-packages/airflow/example_dags/example_xcom.py
[2021-11-28 06:58:20,989] {logging_mixin.py:104} INFO - [2021-11-28 06:58:20,989] {dag.py:1832} INFO - Sync 1 DAGs
[2021-11-28 06:58:21,035] {logging_mixin.py:104} INFO - [2021-11-28 06:58:21,035] {dag.py:2305} INFO - Setting next_dagrun for example_xcom to 2021-11-26 00:00:00+00:00
[2021-11-28 06:58:21,086] {scheduler_job.py:190} INFO - Processing /home/airflow/sandbox/lib/python3.8/site-packages/airflow/example_dags/example_xcom.py took 0.241 seconds
[2021-11-28 06:58:52,711] {scheduler_job.py:182} INFO - Started process (PID=48616) to work on /home/airflow/sandbox/lib/python3.8/site-packages/airflow/example_dags/example_xcom.py
[2021-11-28 06:58:52,716] {scheduler_job.py:633} INFO - Processing file /home/airflow/sandbox/lib/python3.8/site-packages/airflow/example_dags/example_xcom.py for tasks to queue
[2021-11-28 06:58:52,718] {logging_mixin.py:104} INFO - [2021-11-28 06:58:52,717] {dagbag.py:487} INFO - Filling up the DagBag from /home/airflow/sandbox/lib/python3.8/site-packages/airflow/example_dags/example_xcom.py
[2021-11-28 06:58:52,748] {scheduler_job.py:643} INFO - DAG(s) dict_keys(['example_xcom']) retrieved from /home/airflow/sandbox/lib/python3.8/site-packages/airflow/example_dags/example_xcom.py
[2021-11-28 06:58:52,804] {logging_mixin.py:104} INFO - [2021-11-28 06:58:52,804] {dag.py:1832} INFO - Sync 1 DAGs
[2021-11-28 06:58:52,833] {logging_mixin.py:104} INFO - [2021-11-28 06:58:52,833] {dag.py:2305} INFO - Setting next_dagrun for example_xcom to 2021-11-26 00:00:00+00:00
[2021-11-28 06:58:52,870] {scheduler_job.py:190} INFO - Processing /home/airflow/sandbox/lib/python3.8/site-packages/airflow/example_dags/example_xcom.py took 0.206 seconds
[2021-11-28 06:59:25,471] {scheduler_job.py:182} INFO - Started process (PID=48814) to work on /home/airflow/sandbox/lib/python3.8/site-packages/airflow/example_dags/example_xcom.py
[2021-11-28 06:59:25,476] {scheduler_job.py:633} INFO - Processing file /home/airflow/sandbox/lib/python3.8/site-packages/airflow/example_dags/example_xcom.py for tasks to queue
[2021-11-28 06:59:25,483] {logging_mixin.py:104} INFO - [2021-11-28 06:59:25,483] {dagbag.py:487} INFO - Filling up the DagBag from /home/airflow/sandbox/lib/python3.8/site-packages/airflow/example_dags/example_xcom.py
[2021-11-28 06:59:25,596] {scheduler_job.py:643} INFO - DAG(s) dict_keys(['example_xcom']) retrieved from /home/airflow/sandbox/lib/python3.8/site-packages/airflow/example_dags/example_xcom.py
[2021-11-28 06:59:25,736] {logging_mixin.py:104} INFO - [2021-11-28 06:59:25,735] {dag.py:1832} INFO - Sync 1 DAGs
[2021-11-28 06:59:25,835] {logging_mixin.py:104} INFO - [2021-11-28 06:59:25,835] {dag.py:2305} INFO - Setting next_dagrun for example_xcom to 2021-11-26 00:00:00+00:00
[2021-11-28 06:59:25,904] {scheduler_job.py:190} INFO - Processing /home/airflow/sandbox/lib/python3.8/site-packages/airflow/example_dags/example_xcom.py took 0.464 seconds
[2021-11-28 06:59:57,402] {scheduler_job.py:182} INFO - Started process (PID=49014) to work on /home/airflow/sandbox/lib/python3.8/site-packages/airflow/example_dags/example_xcom.py
[2021-11-28 06:59:57,428] {scheduler_job.py:633} INFO - Processing file /home/airflow/sandbox/lib/python3.8/site-packages/airflow/example_dags/example_xcom.py for tasks to queue
[2021-11-28 06:59:57,436] {logging_mixin.py:104} INFO - [2021-11-28 06:59:57,436] {dagbag.py:487} INFO - Filling up the DagBag from /home/airflow/sandbox/lib/python3.8/site-packages/airflow/example_dags/example_xcom.py
[2021-11-28 06:59:57,511] {scheduler_job.py:643} INFO - DAG(s) dict_keys(['example_xcom']) retrieved from /home/airflow/sandbox/lib/python3.8/site-packages/airflow/example_dags/example_xcom.py
[2021-11-28 06:59:57,738] {logging_mixin.py:104} INFO - [2021-11-28 06:59:57,738] {dag.py:1832} INFO - Sync 1 DAGs
[2021-11-28 06:59:57,836] {logging_mixin.py:104} INFO - [2021-11-28 06:59:57,836] {dag.py:2305} INFO - Setting next_dagrun for example_xcom to 2021-11-26 00:00:00+00:00
[2021-11-28 06:59:57,907] {scheduler_job.py:190} INFO - Processing /home/airflow/sandbox/lib/python3.8/site-packages/airflow/example_dags/example_xcom.py took 0.523 seconds
[2021-11-28 07:00:35,210] {scheduler_job.py:182} INFO - Started process (PID=49214) to work on /home/airflow/sandbox/lib/python3.8/site-packages/airflow/example_dags/example_xcom.py
[2021-11-28 07:00:35,215] {scheduler_job.py:633} INFO - Processing file /home/airflow/sandbox/lib/python3.8/site-packages/airflow/example_dags/example_xcom.py for tasks to queue
[2021-11-28 07:00:35,231] {logging_mixin.py:104} INFO - [2021-11-28 07:00:35,231] {dagbag.py:487} INFO - Filling up the DagBag from /home/airflow/sandbox/lib/python3.8/site-packages/airflow/example_dags/example_xcom.py
[2021-11-28 07:00:35,287] {scheduler_job.py:643} INFO - DAG(s) dict_keys(['example_xcom']) retrieved from /home/airflow/sandbox/lib/python3.8/site-packages/airflow/example_dags/example_xcom.py
[2021-11-28 07:00:35,566] {logging_mixin.py:104} INFO - [2021-11-28 07:00:35,566] {dag.py:1832} INFO - Sync 1 DAGs
[2021-11-28 07:00:35,590] {logging_mixin.py:104} INFO - [2021-11-28 07:00:35,588] {dag.py:2305} INFO - Setting next_dagrun for example_xcom to 2021-11-26 00:00:00+00:00
[2021-11-28 07:00:35,607] {scheduler_job.py:190} INFO - Processing /home/airflow/sandbox/lib/python3.8/site-packages/airflow/example_dags/example_xcom.py took 0.478 seconds
