[2021-11-28 06:22:52,958] {scheduler_job.py:182} INFO - Started process (PID=31031) to work on /home/airflow/sandbox/lib/python3.8/site-packages/airflow/example_dags/example_trigger_controller_dag.py
[2021-11-28 06:22:52,989] {scheduler_job.py:633} INFO - Processing file /home/airflow/sandbox/lib/python3.8/site-packages/airflow/example_dags/example_trigger_controller_dag.py for tasks to queue
[2021-11-28 06:22:52,995] {logging_mixin.py:104} INFO - [2021-11-28 06:22:52,994] {dagbag.py:487} INFO - Filling up the DagBag from /home/airflow/sandbox/lib/python3.8/site-packages/airflow/example_dags/example_trigger_controller_dag.py
[2021-11-28 06:22:53,108] {scheduler_job.py:643} INFO - DAG(s) dict_keys(['example_trigger_controller_dag']) retrieved from /home/airflow/sandbox/lib/python3.8/site-packages/airflow/example_dags/example_trigger_controller_dag.py
[2021-11-28 06:22:53,342] {logging_mixin.py:104} INFO - [2021-11-28 06:22:53,341] {dag.py:1832} INFO - Sync 1 DAGs
[2021-11-28 06:22:53,473] {logging_mixin.py:104} INFO - [2021-11-28 06:22:53,472] {dag.py:2305} INFO - Setting next_dagrun for example_trigger_controller_dag to 2021-11-26 00:00:00+00:00
[2021-11-28 06:22:53,574] {scheduler_job.py:190} INFO - Processing /home/airflow/sandbox/lib/python3.8/site-packages/airflow/example_dags/example_trigger_controller_dag.py took 0.659 seconds
[2021-11-28 06:23:40,314] {scheduler_job.py:182} INFO - Started process (PID=31350) to work on /home/airflow/sandbox/lib/python3.8/site-packages/airflow/example_dags/example_trigger_controller_dag.py
[2021-11-28 06:23:40,374] {scheduler_job.py:633} INFO - Processing file /home/airflow/sandbox/lib/python3.8/site-packages/airflow/example_dags/example_trigger_controller_dag.py for tasks to queue
[2021-11-28 06:23:40,379] {logging_mixin.py:104} INFO - [2021-11-28 06:23:40,379] {dagbag.py:487} INFO - Filling up the DagBag from /home/airflow/sandbox/lib/python3.8/site-packages/airflow/example_dags/example_trigger_controller_dag.py
[2021-11-28 06:23:40,604] {scheduler_job.py:643} INFO - DAG(s) dict_keys(['example_trigger_controller_dag']) retrieved from /home/airflow/sandbox/lib/python3.8/site-packages/airflow/example_dags/example_trigger_controller_dag.py
[2021-11-28 06:23:40,942] {logging_mixin.py:104} INFO - [2021-11-28 06:23:40,942] {dag.py:1832} INFO - Sync 1 DAGs
[2021-11-28 06:23:41,144] {logging_mixin.py:104} INFO - [2021-11-28 06:23:41,144] {dag.py:2305} INFO - Setting next_dagrun for example_trigger_controller_dag to 2021-11-26 00:00:00+00:00
[2021-11-28 06:23:41,316] {scheduler_job.py:190} INFO - Processing /home/airflow/sandbox/lib/python3.8/site-packages/airflow/example_dags/example_trigger_controller_dag.py took 1.084 seconds
[2021-11-28 06:24:24,612] {scheduler_job.py:182} INFO - Started process (PID=31582) to work on /home/airflow/sandbox/lib/python3.8/site-packages/airflow/example_dags/example_trigger_controller_dag.py
[2021-11-28 06:24:24,621] {scheduler_job.py:633} INFO - Processing file /home/airflow/sandbox/lib/python3.8/site-packages/airflow/example_dags/example_trigger_controller_dag.py for tasks to queue
[2021-11-28 06:24:24,622] {logging_mixin.py:104} INFO - [2021-11-28 06:24:24,622] {dagbag.py:487} INFO - Filling up the DagBag from /home/airflow/sandbox/lib/python3.8/site-packages/airflow/example_dags/example_trigger_controller_dag.py
[2021-11-28 06:24:24,780] {scheduler_job.py:643} INFO - DAG(s) dict_keys(['example_trigger_controller_dag']) retrieved from /home/airflow/sandbox/lib/python3.8/site-packages/airflow/example_dags/example_trigger_controller_dag.py
[2021-11-28 06:24:25,192] {logging_mixin.py:104} INFO - [2021-11-28 06:24:25,191] {dag.py:1832} INFO - Sync 1 DAGs
[2021-11-28 06:24:25,504] {logging_mixin.py:104} INFO - [2021-11-28 06:24:25,503] {dag.py:2305} INFO - Setting next_dagrun for example_trigger_controller_dag to 2021-11-26 00:00:00+00:00
[2021-11-28 06:24:25,634] {scheduler_job.py:190} INFO - Processing /home/airflow/sandbox/lib/python3.8/site-packages/airflow/example_dags/example_trigger_controller_dag.py took 1.128 seconds
[2021-11-28 06:24:58,861] {scheduler_job.py:182} INFO - Started process (PID=31842) to work on /home/airflow/sandbox/lib/python3.8/site-packages/airflow/example_dags/example_trigger_controller_dag.py
[2021-11-28 06:24:58,872] {scheduler_job.py:633} INFO - Processing file /home/airflow/sandbox/lib/python3.8/site-packages/airflow/example_dags/example_trigger_controller_dag.py for tasks to queue
[2021-11-28 06:24:58,878] {logging_mixin.py:104} INFO - [2021-11-28 06:24:58,878] {dagbag.py:487} INFO - Filling up the DagBag from /home/airflow/sandbox/lib/python3.8/site-packages/airflow/example_dags/example_trigger_controller_dag.py
[2021-11-28 06:24:58,963] {scheduler_job.py:643} INFO - DAG(s) dict_keys(['example_trigger_controller_dag']) retrieved from /home/airflow/sandbox/lib/python3.8/site-packages/airflow/example_dags/example_trigger_controller_dag.py
[2021-11-28 06:24:59,175] {logging_mixin.py:104} INFO - [2021-11-28 06:24:59,174] {dag.py:1832} INFO - Sync 1 DAGs
[2021-11-28 06:24:59,404] {logging_mixin.py:104} INFO - [2021-11-28 06:24:59,403] {dag.py:2305} INFO - Setting next_dagrun for example_trigger_controller_dag to 2021-11-26 00:00:00+00:00
[2021-11-28 06:24:59,506] {scheduler_job.py:190} INFO - Processing /home/airflow/sandbox/lib/python3.8/site-packages/airflow/example_dags/example_trigger_controller_dag.py took 0.663 seconds
[2021-11-28 06:25:30,462] {scheduler_job.py:182} INFO - Started process (PID=32253) to work on /home/airflow/sandbox/lib/python3.8/site-packages/airflow/example_dags/example_trigger_controller_dag.py
[2021-11-28 06:25:30,495] {scheduler_job.py:633} INFO - Processing file /home/airflow/sandbox/lib/python3.8/site-packages/airflow/example_dags/example_trigger_controller_dag.py for tasks to queue
[2021-11-28 06:25:30,511] {logging_mixin.py:104} INFO - [2021-11-28 06:25:30,511] {dagbag.py:487} INFO - Filling up the DagBag from /home/airflow/sandbox/lib/python3.8/site-packages/airflow/example_dags/example_trigger_controller_dag.py
[2021-11-28 06:25:30,751] {scheduler_job.py:643} INFO - DAG(s) dict_keys(['example_trigger_controller_dag']) retrieved from /home/airflow/sandbox/lib/python3.8/site-packages/airflow/example_dags/example_trigger_controller_dag.py
[2021-11-28 06:25:30,985] {logging_mixin.py:104} INFO - [2021-11-28 06:25:30,984] {dag.py:1832} INFO - Sync 1 DAGs
[2021-11-28 06:25:31,104] {logging_mixin.py:104} INFO - [2021-11-28 06:25:31,104] {dag.py:2305} INFO - Setting next_dagrun for example_trigger_controller_dag to 2021-11-26 00:00:00+00:00
[2021-11-28 06:25:31,188] {scheduler_job.py:190} INFO - Processing /home/airflow/sandbox/lib/python3.8/site-packages/airflow/example_dags/example_trigger_controller_dag.py took 0.779 seconds
[2021-11-28 06:26:01,673] {scheduler_job.py:182} INFO - Started process (PID=32483) to work on /home/airflow/sandbox/lib/python3.8/site-packages/airflow/example_dags/example_trigger_controller_dag.py
[2021-11-28 06:26:01,685] {scheduler_job.py:633} INFO - Processing file /home/airflow/sandbox/lib/python3.8/site-packages/airflow/example_dags/example_trigger_controller_dag.py for tasks to queue
[2021-11-28 06:26:01,686] {logging_mixin.py:104} INFO - [2021-11-28 06:26:01,686] {dagbag.py:487} INFO - Filling up the DagBag from /home/airflow/sandbox/lib/python3.8/site-packages/airflow/example_dags/example_trigger_controller_dag.py
[2021-11-28 06:26:01,813] {scheduler_job.py:643} INFO - DAG(s) dict_keys(['example_trigger_controller_dag']) retrieved from /home/airflow/sandbox/lib/python3.8/site-packages/airflow/example_dags/example_trigger_controller_dag.py
[2021-11-28 06:26:01,974] {logging_mixin.py:104} INFO - [2021-11-28 06:26:01,974] {dag.py:1832} INFO - Sync 1 DAGs
[2021-11-28 06:26:02,019] {logging_mixin.py:104} INFO - [2021-11-28 06:26:02,019] {dag.py:2305} INFO - Setting next_dagrun for example_trigger_controller_dag to 2021-11-26 00:00:00+00:00
[2021-11-28 06:26:02,074] {scheduler_job.py:190} INFO - Processing /home/airflow/sandbox/lib/python3.8/site-packages/airflow/example_dags/example_trigger_controller_dag.py took 0.432 seconds
[2021-11-28 06:26:40,167] {scheduler_job.py:182} INFO - Started process (PID=32718) to work on /home/airflow/sandbox/lib/python3.8/site-packages/airflow/example_dags/example_trigger_controller_dag.py
[2021-11-28 06:26:40,181] {scheduler_job.py:633} INFO - Processing file /home/airflow/sandbox/lib/python3.8/site-packages/airflow/example_dags/example_trigger_controller_dag.py for tasks to queue
[2021-11-28 06:26:40,188] {logging_mixin.py:104} INFO - [2021-11-28 06:26:40,187] {dagbag.py:487} INFO - Filling up the DagBag from /home/airflow/sandbox/lib/python3.8/site-packages/airflow/example_dags/example_trigger_controller_dag.py
[2021-11-28 06:26:40,298] {scheduler_job.py:643} INFO - DAG(s) dict_keys(['example_trigger_controller_dag']) retrieved from /home/airflow/sandbox/lib/python3.8/site-packages/airflow/example_dags/example_trigger_controller_dag.py
[2021-11-28 06:26:40,471] {logging_mixin.py:104} INFO - [2021-11-28 06:26:40,471] {dag.py:1832} INFO - Sync 1 DAGs
[2021-11-28 06:26:40,532] {logging_mixin.py:104} INFO - [2021-11-28 06:26:40,532] {dag.py:2305} INFO - Setting next_dagrun for example_trigger_controller_dag to 2021-11-26 00:00:00+00:00
[2021-11-28 06:26:40,584] {scheduler_job.py:190} INFO - Processing /home/airflow/sandbox/lib/python3.8/site-packages/airflow/example_dags/example_trigger_controller_dag.py took 0.454 seconds
[2021-11-28 06:27:28,321] {scheduler_job.py:182} INFO - Started process (PID=33626) to work on /home/airflow/sandbox/lib/python3.8/site-packages/airflow/example_dags/example_trigger_controller_dag.py
[2021-11-28 06:27:28,352] {scheduler_job.py:633} INFO - Processing file /home/airflow/sandbox/lib/python3.8/site-packages/airflow/example_dags/example_trigger_controller_dag.py for tasks to queue
[2021-11-28 06:27:28,355] {logging_mixin.py:104} INFO - [2021-11-28 06:27:28,355] {dagbag.py:487} INFO - Filling up the DagBag from /home/airflow/sandbox/lib/python3.8/site-packages/airflow/example_dags/example_trigger_controller_dag.py
[2021-11-28 06:27:28,844] {scheduler_job.py:643} INFO - DAG(s) dict_keys(['example_trigger_controller_dag']) retrieved from /home/airflow/sandbox/lib/python3.8/site-packages/airflow/example_dags/example_trigger_controller_dag.py
[2021-11-28 06:27:29,628] {logging_mixin.py:104} INFO - [2021-11-28 06:27:29,627] {dag.py:1832} INFO - Sync 1 DAGs
[2021-11-28 06:27:29,971] {logging_mixin.py:104} INFO - [2021-11-28 06:27:29,971] {dag.py:2305} INFO - Setting next_dagrun for example_trigger_controller_dag to 2021-11-26 00:00:00+00:00
[2021-11-28 06:27:30,172] {scheduler_job.py:190} INFO - Processing /home/airflow/sandbox/lib/python3.8/site-packages/airflow/example_dags/example_trigger_controller_dag.py took 2.213 seconds
[2021-11-28 06:28:29,443] {scheduler_job.py:182} INFO - Started process (PID=35968) to work on /home/airflow/sandbox/lib/python3.8/site-packages/airflow/example_dags/example_trigger_controller_dag.py
[2021-11-28 06:28:29,448] {scheduler_job.py:633} INFO - Processing file /home/airflow/sandbox/lib/python3.8/site-packages/airflow/example_dags/example_trigger_controller_dag.py for tasks to queue
[2021-11-28 06:28:29,451] {logging_mixin.py:104} INFO - [2021-11-28 06:28:29,450] {dagbag.py:487} INFO - Filling up the DagBag from /home/airflow/sandbox/lib/python3.8/site-packages/airflow/example_dags/example_trigger_controller_dag.py
[2021-11-28 06:28:29,555] {scheduler_job.py:643} INFO - DAG(s) dict_keys(['example_trigger_controller_dag']) retrieved from /home/airflow/sandbox/lib/python3.8/site-packages/airflow/example_dags/example_trigger_controller_dag.py
[2021-11-28 06:28:29,708] {logging_mixin.py:104} INFO - [2021-11-28 06:28:29,708] {dag.py:1832} INFO - Sync 1 DAGs
[2021-11-28 06:28:29,767] {logging_mixin.py:104} INFO - [2021-11-28 06:28:29,766] {dag.py:2305} INFO - Setting next_dagrun for example_trigger_controller_dag to 2021-11-26 00:00:00+00:00
[2021-11-28 06:28:29,820] {scheduler_job.py:190} INFO - Processing /home/airflow/sandbox/lib/python3.8/site-packages/airflow/example_dags/example_trigger_controller_dag.py took 0.424 seconds
[2021-11-28 06:29:00,740] {scheduler_job.py:182} INFO - Started process (PID=36173) to work on /home/airflow/sandbox/lib/python3.8/site-packages/airflow/example_dags/example_trigger_controller_dag.py
[2021-11-28 06:29:00,747] {scheduler_job.py:633} INFO - Processing file /home/airflow/sandbox/lib/python3.8/site-packages/airflow/example_dags/example_trigger_controller_dag.py for tasks to queue
[2021-11-28 06:29:00,762] {logging_mixin.py:104} INFO - [2021-11-28 06:29:00,762] {dagbag.py:487} INFO - Filling up the DagBag from /home/airflow/sandbox/lib/python3.8/site-packages/airflow/example_dags/example_trigger_controller_dag.py
[2021-11-28 06:29:00,836] {scheduler_job.py:643} INFO - DAG(s) dict_keys(['example_trigger_controller_dag']) retrieved from /home/airflow/sandbox/lib/python3.8/site-packages/airflow/example_dags/example_trigger_controller_dag.py
[2021-11-28 06:29:00,947] {logging_mixin.py:104} INFO - [2021-11-28 06:29:00,947] {dag.py:1832} INFO - Sync 1 DAGs
[2021-11-28 06:29:01,043] {logging_mixin.py:104} INFO - [2021-11-28 06:29:01,042] {dag.py:2305} INFO - Setting next_dagrun for example_trigger_controller_dag to 2021-11-26 00:00:00+00:00
[2021-11-28 06:29:01,134] {scheduler_job.py:190} INFO - Processing /home/airflow/sandbox/lib/python3.8/site-packages/airflow/example_dags/example_trigger_controller_dag.py took 0.415 seconds
[2021-11-28 06:29:33,705] {scheduler_job.py:182} INFO - Started process (PID=36520) to work on /home/airflow/sandbox/lib/python3.8/site-packages/airflow/example_dags/example_trigger_controller_dag.py
[2021-11-28 06:29:33,715] {scheduler_job.py:633} INFO - Processing file /home/airflow/sandbox/lib/python3.8/site-packages/airflow/example_dags/example_trigger_controller_dag.py for tasks to queue
[2021-11-28 06:29:33,723] {logging_mixin.py:104} INFO - [2021-11-28 06:29:33,723] {dagbag.py:487} INFO - Filling up the DagBag from /home/airflow/sandbox/lib/python3.8/site-packages/airflow/example_dags/example_trigger_controller_dag.py
[2021-11-28 06:29:33,873] {scheduler_job.py:643} INFO - DAG(s) dict_keys(['example_trigger_controller_dag']) retrieved from /home/airflow/sandbox/lib/python3.8/site-packages/airflow/example_dags/example_trigger_controller_dag.py
[2021-11-28 06:29:34,214] {logging_mixin.py:104} INFO - [2021-11-28 06:29:34,214] {dag.py:1832} INFO - Sync 1 DAGs
[2021-11-28 06:29:34,353] {logging_mixin.py:104} INFO - [2021-11-28 06:29:34,353] {dag.py:2305} INFO - Setting next_dagrun for example_trigger_controller_dag to 2021-11-26 00:00:00+00:00
[2021-11-28 06:29:34,494] {scheduler_job.py:190} INFO - Processing /home/airflow/sandbox/lib/python3.8/site-packages/airflow/example_dags/example_trigger_controller_dag.py took 0.844 seconds
[2021-11-28 06:30:13,912] {scheduler_job.py:182} INFO - Started process (PID=36783) to work on /home/airflow/sandbox/lib/python3.8/site-packages/airflow/example_dags/example_trigger_controller_dag.py
[2021-11-28 06:30:13,927] {scheduler_job.py:633} INFO - Processing file /home/airflow/sandbox/lib/python3.8/site-packages/airflow/example_dags/example_trigger_controller_dag.py for tasks to queue
[2021-11-28 06:30:13,930] {logging_mixin.py:104} INFO - [2021-11-28 06:30:13,930] {dagbag.py:487} INFO - Filling up the DagBag from /home/airflow/sandbox/lib/python3.8/site-packages/airflow/example_dags/example_trigger_controller_dag.py
[2021-11-28 06:30:13,952] {scheduler_job.py:643} INFO - DAG(s) dict_keys(['example_trigger_controller_dag']) retrieved from /home/airflow/sandbox/lib/python3.8/site-packages/airflow/example_dags/example_trigger_controller_dag.py
[2021-11-28 06:30:14,241] {logging_mixin.py:104} INFO - [2021-11-28 06:30:14,240] {dag.py:1832} INFO - Sync 1 DAGs
[2021-11-28 06:30:14,404] {logging_mixin.py:104} INFO - [2021-11-28 06:30:14,404] {dag.py:2305} INFO - Setting next_dagrun for example_trigger_controller_dag to 2021-11-26 00:00:00+00:00
[2021-11-28 06:30:14,503] {scheduler_job.py:190} INFO - Processing /home/airflow/sandbox/lib/python3.8/site-packages/airflow/example_dags/example_trigger_controller_dag.py took 0.596 seconds
[2021-11-28 06:30:45,124] {scheduler_job.py:182} INFO - Started process (PID=36979) to work on /home/airflow/sandbox/lib/python3.8/site-packages/airflow/example_dags/example_trigger_controller_dag.py
[2021-11-28 06:30:45,150] {scheduler_job.py:633} INFO - Processing file /home/airflow/sandbox/lib/python3.8/site-packages/airflow/example_dags/example_trigger_controller_dag.py for tasks to queue
[2021-11-28 06:30:45,159] {logging_mixin.py:104} INFO - [2021-11-28 06:30:45,158] {dagbag.py:487} INFO - Filling up the DagBag from /home/airflow/sandbox/lib/python3.8/site-packages/airflow/example_dags/example_trigger_controller_dag.py
[2021-11-28 06:30:45,403] {scheduler_job.py:643} INFO - DAG(s) dict_keys(['example_trigger_controller_dag']) retrieved from /home/airflow/sandbox/lib/python3.8/site-packages/airflow/example_dags/example_trigger_controller_dag.py
[2021-11-28 06:30:45,526] {logging_mixin.py:104} INFO - [2021-11-28 06:30:45,526] {dag.py:1832} INFO - Sync 1 DAGs
[2021-11-28 06:30:45,577] {logging_mixin.py:104} INFO - [2021-11-28 06:30:45,577] {dag.py:2305} INFO - Setting next_dagrun for example_trigger_controller_dag to 2021-11-26 00:00:00+00:00
[2021-11-28 06:30:45,618] {scheduler_job.py:190} INFO - Processing /home/airflow/sandbox/lib/python3.8/site-packages/airflow/example_dags/example_trigger_controller_dag.py took 0.522 seconds
[2021-11-28 06:31:19,797] {scheduler_job.py:182} INFO - Started process (PID=37177) to work on /home/airflow/sandbox/lib/python3.8/site-packages/airflow/example_dags/example_trigger_controller_dag.py
[2021-11-28 06:31:19,804] {scheduler_job.py:633} INFO - Processing file /home/airflow/sandbox/lib/python3.8/site-packages/airflow/example_dags/example_trigger_controller_dag.py for tasks to queue
[2021-11-28 06:31:19,818] {logging_mixin.py:104} INFO - [2021-11-28 06:31:19,818] {dagbag.py:487} INFO - Filling up the DagBag from /home/airflow/sandbox/lib/python3.8/site-packages/airflow/example_dags/example_trigger_controller_dag.py
[2021-11-28 06:31:19,916] {scheduler_job.py:643} INFO - DAG(s) dict_keys(['example_trigger_controller_dag']) retrieved from /home/airflow/sandbox/lib/python3.8/site-packages/airflow/example_dags/example_trigger_controller_dag.py
[2021-11-28 06:31:20,031] {logging_mixin.py:104} INFO - [2021-11-28 06:31:20,031] {dag.py:1832} INFO - Sync 1 DAGs
[2021-11-28 06:31:20,141] {logging_mixin.py:104} INFO - [2021-11-28 06:31:20,141] {dag.py:2305} INFO - Setting next_dagrun for example_trigger_controller_dag to 2021-11-26 00:00:00+00:00
[2021-11-28 06:31:20,285] {scheduler_job.py:190} INFO - Processing /home/airflow/sandbox/lib/python3.8/site-packages/airflow/example_dags/example_trigger_controller_dag.py took 0.531 seconds
[2021-11-28 06:31:50,762] {scheduler_job.py:182} INFO - Started process (PID=37376) to work on /home/airflow/sandbox/lib/python3.8/site-packages/airflow/example_dags/example_trigger_controller_dag.py
[2021-11-28 06:31:50,784] {scheduler_job.py:633} INFO - Processing file /home/airflow/sandbox/lib/python3.8/site-packages/airflow/example_dags/example_trigger_controller_dag.py for tasks to queue
[2021-11-28 06:31:50,788] {logging_mixin.py:104} INFO - [2021-11-28 06:31:50,788] {dagbag.py:487} INFO - Filling up the DagBag from /home/airflow/sandbox/lib/python3.8/site-packages/airflow/example_dags/example_trigger_controller_dag.py
[2021-11-28 06:31:50,849] {scheduler_job.py:643} INFO - DAG(s) dict_keys(['example_trigger_controller_dag']) retrieved from /home/airflow/sandbox/lib/python3.8/site-packages/airflow/example_dags/example_trigger_controller_dag.py
[2021-11-28 06:31:51,004] {logging_mixin.py:104} INFO - [2021-11-28 06:31:51,004] {dag.py:1832} INFO - Sync 1 DAGs
[2021-11-28 06:31:51,106] {logging_mixin.py:104} INFO - [2021-11-28 06:31:51,106] {dag.py:2305} INFO - Setting next_dagrun for example_trigger_controller_dag to 2021-11-26 00:00:00+00:00
[2021-11-28 06:31:51,179] {scheduler_job.py:190} INFO - Processing /home/airflow/sandbox/lib/python3.8/site-packages/airflow/example_dags/example_trigger_controller_dag.py took 0.446 seconds
[2021-11-28 06:32:27,575] {scheduler_job.py:182} INFO - Started process (PID=37569) to work on /home/airflow/sandbox/lib/python3.8/site-packages/airflow/example_dags/example_trigger_controller_dag.py
[2021-11-28 06:32:27,580] {scheduler_job.py:633} INFO - Processing file /home/airflow/sandbox/lib/python3.8/site-packages/airflow/example_dags/example_trigger_controller_dag.py for tasks to queue
[2021-11-28 06:32:27,584] {logging_mixin.py:104} INFO - [2021-11-28 06:32:27,584] {dagbag.py:487} INFO - Filling up the DagBag from /home/airflow/sandbox/lib/python3.8/site-packages/airflow/example_dags/example_trigger_controller_dag.py
[2021-11-28 06:32:27,654] {scheduler_job.py:643} INFO - DAG(s) dict_keys(['example_trigger_controller_dag']) retrieved from /home/airflow/sandbox/lib/python3.8/site-packages/airflow/example_dags/example_trigger_controller_dag.py
[2021-11-28 06:32:27,792] {logging_mixin.py:104} INFO - [2021-11-28 06:32:27,792] {dag.py:1832} INFO - Sync 1 DAGs
[2021-11-28 06:32:27,876] {logging_mixin.py:104} INFO - [2021-11-28 06:32:27,876] {dag.py:2305} INFO - Setting next_dagrun for example_trigger_controller_dag to 2021-11-26 00:00:00+00:00
[2021-11-28 06:32:27,939] {scheduler_job.py:190} INFO - Processing /home/airflow/sandbox/lib/python3.8/site-packages/airflow/example_dags/example_trigger_controller_dag.py took 0.391 seconds
[2021-11-28 06:32:59,163] {scheduler_job.py:182} INFO - Started process (PID=38012) to work on /home/airflow/sandbox/lib/python3.8/site-packages/airflow/example_dags/example_trigger_controller_dag.py
[2021-11-28 06:32:59,167] {scheduler_job.py:633} INFO - Processing file /home/airflow/sandbox/lib/python3.8/site-packages/airflow/example_dags/example_trigger_controller_dag.py for tasks to queue
[2021-11-28 06:32:59,175] {logging_mixin.py:104} INFO - [2021-11-28 06:32:59,174] {dagbag.py:487} INFO - Filling up the DagBag from /home/airflow/sandbox/lib/python3.8/site-packages/airflow/example_dags/example_trigger_controller_dag.py
[2021-11-28 06:32:59,243] {scheduler_job.py:643} INFO - DAG(s) dict_keys(['example_trigger_controller_dag']) retrieved from /home/airflow/sandbox/lib/python3.8/site-packages/airflow/example_dags/example_trigger_controller_dag.py
[2021-11-28 06:32:59,437] {logging_mixin.py:104} INFO - [2021-11-28 06:32:59,437] {dag.py:1832} INFO - Sync 1 DAGs
[2021-11-28 06:32:59,911] {logging_mixin.py:104} INFO - [2021-11-28 06:32:59,911] {dag.py:2305} INFO - Setting next_dagrun for example_trigger_controller_dag to 2021-11-26 00:00:00+00:00
[2021-11-28 06:32:59,947] {scheduler_job.py:190} INFO - Processing /home/airflow/sandbox/lib/python3.8/site-packages/airflow/example_dags/example_trigger_controller_dag.py took 0.803 seconds
[2021-11-28 06:33:30,805] {scheduler_job.py:182} INFO - Started process (PID=38211) to work on /home/airflow/sandbox/lib/python3.8/site-packages/airflow/example_dags/example_trigger_controller_dag.py
[2021-11-28 06:33:30,815] {scheduler_job.py:633} INFO - Processing file /home/airflow/sandbox/lib/python3.8/site-packages/airflow/example_dags/example_trigger_controller_dag.py for tasks to queue
[2021-11-28 06:33:30,816] {logging_mixin.py:104} INFO - [2021-11-28 06:33:30,816] {dagbag.py:487} INFO - Filling up the DagBag from /home/airflow/sandbox/lib/python3.8/site-packages/airflow/example_dags/example_trigger_controller_dag.py
[2021-11-28 06:33:30,888] {scheduler_job.py:643} INFO - DAG(s) dict_keys(['example_trigger_controller_dag']) retrieved from /home/airflow/sandbox/lib/python3.8/site-packages/airflow/example_dags/example_trigger_controller_dag.py
[2021-11-28 06:33:31,143] {logging_mixin.py:104} INFO - [2021-11-28 06:33:31,142] {dag.py:1832} INFO - Sync 1 DAGs
[2021-11-28 06:33:31,628] {logging_mixin.py:104} INFO - [2021-11-28 06:33:31,628] {dag.py:2305} INFO - Setting next_dagrun for example_trigger_controller_dag to 2021-11-26 00:00:00+00:00
[2021-11-28 06:33:31,698] {scheduler_job.py:190} INFO - Processing /home/airflow/sandbox/lib/python3.8/site-packages/airflow/example_dags/example_trigger_controller_dag.py took 0.916 seconds
[2021-11-28 06:34:02,027] {scheduler_job.py:182} INFO - Started process (PID=38410) to work on /home/airflow/sandbox/lib/python3.8/site-packages/airflow/example_dags/example_trigger_controller_dag.py
[2021-11-28 06:34:02,051] {scheduler_job.py:633} INFO - Processing file /home/airflow/sandbox/lib/python3.8/site-packages/airflow/example_dags/example_trigger_controller_dag.py for tasks to queue
[2021-11-28 06:34:02,062] {logging_mixin.py:104} INFO - [2021-11-28 06:34:02,061] {dagbag.py:487} INFO - Filling up the DagBag from /home/airflow/sandbox/lib/python3.8/site-packages/airflow/example_dags/example_trigger_controller_dag.py
[2021-11-28 06:34:02,112] {scheduler_job.py:643} INFO - DAG(s) dict_keys(['example_trigger_controller_dag']) retrieved from /home/airflow/sandbox/lib/python3.8/site-packages/airflow/example_dags/example_trigger_controller_dag.py
[2021-11-28 06:34:02,259] {logging_mixin.py:104} INFO - [2021-11-28 06:34:02,258] {dag.py:1832} INFO - Sync 1 DAGs
[2021-11-28 06:34:02,579] {logging_mixin.py:104} INFO - [2021-11-28 06:34:02,578] {dag.py:2305} INFO - Setting next_dagrun for example_trigger_controller_dag to 2021-11-26 00:00:00+00:00
[2021-11-28 06:34:02,667] {scheduler_job.py:190} INFO - Processing /home/airflow/sandbox/lib/python3.8/site-packages/airflow/example_dags/example_trigger_controller_dag.py took 0.672 seconds
[2021-11-28 06:34:33,170] {scheduler_job.py:182} INFO - Started process (PID=38605) to work on /home/airflow/sandbox/lib/python3.8/site-packages/airflow/example_dags/example_trigger_controller_dag.py
[2021-11-28 06:34:33,179] {scheduler_job.py:633} INFO - Processing file /home/airflow/sandbox/lib/python3.8/site-packages/airflow/example_dags/example_trigger_controller_dag.py for tasks to queue
[2021-11-28 06:34:33,188] {logging_mixin.py:104} INFO - [2021-11-28 06:34:33,188] {dagbag.py:487} INFO - Filling up the DagBag from /home/airflow/sandbox/lib/python3.8/site-packages/airflow/example_dags/example_trigger_controller_dag.py
[2021-11-28 06:34:33,250] {scheduler_job.py:643} INFO - DAG(s) dict_keys(['example_trigger_controller_dag']) retrieved from /home/airflow/sandbox/lib/python3.8/site-packages/airflow/example_dags/example_trigger_controller_dag.py
[2021-11-28 06:34:33,380] {logging_mixin.py:104} INFO - [2021-11-28 06:34:33,380] {dag.py:1832} INFO - Sync 1 DAGs
[2021-11-28 06:34:33,722] {logging_mixin.py:104} INFO - [2021-11-28 06:34:33,720] {dag.py:2305} INFO - Setting next_dagrun for example_trigger_controller_dag to 2021-11-26 00:00:00+00:00
[2021-11-28 06:34:33,755] {scheduler_job.py:190} INFO - Processing /home/airflow/sandbox/lib/python3.8/site-packages/airflow/example_dags/example_trigger_controller_dag.py took 0.606 seconds
[2021-11-28 06:35:04,541] {scheduler_job.py:182} INFO - Started process (PID=38801) to work on /home/airflow/sandbox/lib/python3.8/site-packages/airflow/example_dags/example_trigger_controller_dag.py
[2021-11-28 06:35:04,580] {scheduler_job.py:633} INFO - Processing file /home/airflow/sandbox/lib/python3.8/site-packages/airflow/example_dags/example_trigger_controller_dag.py for tasks to queue
[2021-11-28 06:35:04,581] {logging_mixin.py:104} INFO - [2021-11-28 06:35:04,581] {dagbag.py:487} INFO - Filling up the DagBag from /home/airflow/sandbox/lib/python3.8/site-packages/airflow/example_dags/example_trigger_controller_dag.py
[2021-11-28 06:35:04,664] {scheduler_job.py:643} INFO - DAG(s) dict_keys(['example_trigger_controller_dag']) retrieved from /home/airflow/sandbox/lib/python3.8/site-packages/airflow/example_dags/example_trigger_controller_dag.py
[2021-11-28 06:35:04,838] {logging_mixin.py:104} INFO - [2021-11-28 06:35:04,830] {dag.py:1832} INFO - Sync 1 DAGs
[2021-11-28 06:35:05,234] {logging_mixin.py:104} INFO - [2021-11-28 06:35:05,233] {dag.py:2305} INFO - Setting next_dagrun for example_trigger_controller_dag to 2021-11-26 00:00:00+00:00
[2021-11-28 06:35:05,320] {scheduler_job.py:190} INFO - Processing /home/airflow/sandbox/lib/python3.8/site-packages/airflow/example_dags/example_trigger_controller_dag.py took 0.824 seconds
[2021-11-28 06:35:48,848] {scheduler_job.py:182} INFO - Started process (PID=38983) to work on /home/airflow/sandbox/lib/python3.8/site-packages/airflow/example_dags/example_trigger_controller_dag.py
[2021-11-28 06:35:48,857] {scheduler_job.py:633} INFO - Processing file /home/airflow/sandbox/lib/python3.8/site-packages/airflow/example_dags/example_trigger_controller_dag.py for tasks to queue
[2021-11-28 06:35:48,860] {logging_mixin.py:104} INFO - [2021-11-28 06:35:48,859] {dagbag.py:487} INFO - Filling up the DagBag from /home/airflow/sandbox/lib/python3.8/site-packages/airflow/example_dags/example_trigger_controller_dag.py
[2021-11-28 06:35:49,411] {scheduler_job.py:643} INFO - DAG(s) dict_keys(['example_trigger_controller_dag']) retrieved from /home/airflow/sandbox/lib/python3.8/site-packages/airflow/example_dags/example_trigger_controller_dag.py
[2021-11-28 06:35:50,539] {logging_mixin.py:104} INFO - [2021-11-28 06:35:50,539] {dag.py:1832} INFO - Sync 1 DAGs
[2021-11-28 06:35:50,791] {logging_mixin.py:104} INFO - [2021-11-28 06:35:50,790] {dag.py:2305} INFO - Setting next_dagrun for example_trigger_controller_dag to 2021-11-26 00:00:00+00:00
[2021-11-28 06:35:50,882] {scheduler_job.py:190} INFO - Processing /home/airflow/sandbox/lib/python3.8/site-packages/airflow/example_dags/example_trigger_controller_dag.py took 2.263 seconds
[2021-11-28 06:36:21,278] {scheduler_job.py:182} INFO - Started process (PID=39201) to work on /home/airflow/sandbox/lib/python3.8/site-packages/airflow/example_dags/example_trigger_controller_dag.py
[2021-11-28 06:36:21,288] {scheduler_job.py:633} INFO - Processing file /home/airflow/sandbox/lib/python3.8/site-packages/airflow/example_dags/example_trigger_controller_dag.py for tasks to queue
[2021-11-28 06:36:21,294] {logging_mixin.py:104} INFO - [2021-11-28 06:36:21,293] {dagbag.py:487} INFO - Filling up the DagBag from /home/airflow/sandbox/lib/python3.8/site-packages/airflow/example_dags/example_trigger_controller_dag.py
[2021-11-28 06:36:21,481] {scheduler_job.py:643} INFO - DAG(s) dict_keys(['example_trigger_controller_dag']) retrieved from /home/airflow/sandbox/lib/python3.8/site-packages/airflow/example_dags/example_trigger_controller_dag.py
[2021-11-28 06:36:22,774] {logging_mixin.py:104} INFO - [2021-11-28 06:36:22,774] {dag.py:1832} INFO - Sync 1 DAGs
[2021-11-28 06:36:23,038] {logging_mixin.py:104} INFO - [2021-11-28 06:36:23,038] {dag.py:2305} INFO - Setting next_dagrun for example_trigger_controller_dag to 2021-11-26 00:00:00+00:00
[2021-11-28 06:36:23,320] {scheduler_job.py:190} INFO - Processing /home/airflow/sandbox/lib/python3.8/site-packages/airflow/example_dags/example_trigger_controller_dag.py took 2.061 seconds
[2021-11-28 06:36:53,469] {scheduler_job.py:182} INFO - Started process (PID=39402) to work on /home/airflow/sandbox/lib/python3.8/site-packages/airflow/example_dags/example_trigger_controller_dag.py
[2021-11-28 06:36:53,480] {scheduler_job.py:633} INFO - Processing file /home/airflow/sandbox/lib/python3.8/site-packages/airflow/example_dags/example_trigger_controller_dag.py for tasks to queue
[2021-11-28 06:36:53,484] {logging_mixin.py:104} INFO - [2021-11-28 06:36:53,484] {dagbag.py:487} INFO - Filling up the DagBag from /home/airflow/sandbox/lib/python3.8/site-packages/airflow/example_dags/example_trigger_controller_dag.py
[2021-11-28 06:36:53,513] {scheduler_job.py:643} INFO - DAG(s) dict_keys(['example_trigger_controller_dag']) retrieved from /home/airflow/sandbox/lib/python3.8/site-packages/airflow/example_dags/example_trigger_controller_dag.py
[2021-11-28 06:36:53,710] {logging_mixin.py:104} INFO - [2021-11-28 06:36:53,705] {dag.py:1832} INFO - Sync 1 DAGs
[2021-11-28 06:36:53,733] {logging_mixin.py:104} INFO - [2021-11-28 06:36:53,733] {dag.py:2305} INFO - Setting next_dagrun for example_trigger_controller_dag to 2021-11-26 00:00:00+00:00
[2021-11-28 06:36:53,789] {scheduler_job.py:190} INFO - Processing /home/airflow/sandbox/lib/python3.8/site-packages/airflow/example_dags/example_trigger_controller_dag.py took 0.326 seconds
[2021-11-28 06:37:24,287] {scheduler_job.py:182} INFO - Started process (PID=39600) to work on /home/airflow/sandbox/lib/python3.8/site-packages/airflow/example_dags/example_trigger_controller_dag.py
[2021-11-28 06:37:24,290] {scheduler_job.py:633} INFO - Processing file /home/airflow/sandbox/lib/python3.8/site-packages/airflow/example_dags/example_trigger_controller_dag.py for tasks to queue
[2021-11-28 06:37:24,295] {logging_mixin.py:104} INFO - [2021-11-28 06:37:24,294] {dagbag.py:487} INFO - Filling up the DagBag from /home/airflow/sandbox/lib/python3.8/site-packages/airflow/example_dags/example_trigger_controller_dag.py
[2021-11-28 06:37:24,370] {scheduler_job.py:643} INFO - DAG(s) dict_keys(['example_trigger_controller_dag']) retrieved from /home/airflow/sandbox/lib/python3.8/site-packages/airflow/example_dags/example_trigger_controller_dag.py
[2021-11-28 06:37:24,689] {logging_mixin.py:104} INFO - [2021-11-28 06:37:24,689] {dag.py:1832} INFO - Sync 1 DAGs
[2021-11-28 06:37:24,758] {logging_mixin.py:104} INFO - [2021-11-28 06:37:24,758] {dag.py:2305} INFO - Setting next_dagrun for example_trigger_controller_dag to 2021-11-26 00:00:00+00:00
[2021-11-28 06:37:24,798] {scheduler_job.py:190} INFO - Processing /home/airflow/sandbox/lib/python3.8/site-packages/airflow/example_dags/example_trigger_controller_dag.py took 0.516 seconds
[2021-11-28 06:37:55,346] {scheduler_job.py:182} INFO - Started process (PID=40036) to work on /home/airflow/sandbox/lib/python3.8/site-packages/airflow/example_dags/example_trigger_controller_dag.py
[2021-11-28 06:37:55,364] {scheduler_job.py:633} INFO - Processing file /home/airflow/sandbox/lib/python3.8/site-packages/airflow/example_dags/example_trigger_controller_dag.py for tasks to queue
[2021-11-28 06:37:55,383] {logging_mixin.py:104} INFO - [2021-11-28 06:37:55,383] {dagbag.py:487} INFO - Filling up the DagBag from /home/airflow/sandbox/lib/python3.8/site-packages/airflow/example_dags/example_trigger_controller_dag.py
[2021-11-28 06:37:56,323] {scheduler_job.py:643} INFO - DAG(s) dict_keys(['example_trigger_controller_dag']) retrieved from /home/airflow/sandbox/lib/python3.8/site-packages/airflow/example_dags/example_trigger_controller_dag.py
[2021-11-28 06:37:56,824] {logging_mixin.py:104} INFO - [2021-11-28 06:37:56,823] {dag.py:1832} INFO - Sync 1 DAGs
[2021-11-28 06:37:57,104] {logging_mixin.py:104} INFO - [2021-11-28 06:37:57,103] {dag.py:2305} INFO - Setting next_dagrun for example_trigger_controller_dag to 2021-11-26 00:00:00+00:00
[2021-11-28 06:37:57,267] {scheduler_job.py:190} INFO - Processing /home/airflow/sandbox/lib/python3.8/site-packages/airflow/example_dags/example_trigger_controller_dag.py took 2.005 seconds
[2021-11-28 06:38:28,477] {scheduler_job.py:182} INFO - Started process (PID=40236) to work on /home/airflow/sandbox/lib/python3.8/site-packages/airflow/example_dags/example_trigger_controller_dag.py
[2021-11-28 06:38:28,488] {scheduler_job.py:633} INFO - Processing file /home/airflow/sandbox/lib/python3.8/site-packages/airflow/example_dags/example_trigger_controller_dag.py for tasks to queue
[2021-11-28 06:38:28,525] {logging_mixin.py:104} INFO - [2021-11-28 06:38:28,525] {dagbag.py:487} INFO - Filling up the DagBag from /home/airflow/sandbox/lib/python3.8/site-packages/airflow/example_dags/example_trigger_controller_dag.py
[2021-11-28 06:38:29,090] {scheduler_job.py:643} INFO - DAG(s) dict_keys(['example_trigger_controller_dag']) retrieved from /home/airflow/sandbox/lib/python3.8/site-packages/airflow/example_dags/example_trigger_controller_dag.py
[2021-11-28 06:38:29,270] {logging_mixin.py:104} INFO - [2021-11-28 06:38:29,270] {dag.py:1832} INFO - Sync 1 DAGs
[2021-11-28 06:38:29,447] {logging_mixin.py:104} INFO - [2021-11-28 06:38:29,447] {dag.py:2305} INFO - Setting next_dagrun for example_trigger_controller_dag to 2021-11-26 00:00:00+00:00
[2021-11-28 06:38:29,621] {scheduler_job.py:190} INFO - Processing /home/airflow/sandbox/lib/python3.8/site-packages/airflow/example_dags/example_trigger_controller_dag.py took 1.270 seconds
[2021-11-28 06:38:59,827] {scheduler_job.py:182} INFO - Started process (PID=40438) to work on /home/airflow/sandbox/lib/python3.8/site-packages/airflow/example_dags/example_trigger_controller_dag.py
[2021-11-28 06:38:59,834] {scheduler_job.py:633} INFO - Processing file /home/airflow/sandbox/lib/python3.8/site-packages/airflow/example_dags/example_trigger_controller_dag.py for tasks to queue
[2021-11-28 06:38:59,837] {logging_mixin.py:104} INFO - [2021-11-28 06:38:59,837] {dagbag.py:487} INFO - Filling up the DagBag from /home/airflow/sandbox/lib/python3.8/site-packages/airflow/example_dags/example_trigger_controller_dag.py
[2021-11-28 06:38:59,979] {scheduler_job.py:643} INFO - DAG(s) dict_keys(['example_trigger_controller_dag']) retrieved from /home/airflow/sandbox/lib/python3.8/site-packages/airflow/example_dags/example_trigger_controller_dag.py
[2021-11-28 06:39:00,030] {logging_mixin.py:104} INFO - [2021-11-28 06:39:00,030] {dag.py:1832} INFO - Sync 1 DAGs
[2021-11-28 06:39:00,065] {logging_mixin.py:104} INFO - [2021-11-28 06:39:00,065] {dag.py:2305} INFO - Setting next_dagrun for example_trigger_controller_dag to 2021-11-26 00:00:00+00:00
[2021-11-28 06:39:00,092] {scheduler_job.py:190} INFO - Processing /home/airflow/sandbox/lib/python3.8/site-packages/airflow/example_dags/example_trigger_controller_dag.py took 0.269 seconds
[2021-11-28 06:39:47,191] {scheduler_job.py:182} INFO - Started process (PID=40647) to work on /home/airflow/sandbox/lib/python3.8/site-packages/airflow/example_dags/example_trigger_controller_dag.py
[2021-11-28 06:39:47,724] {scheduler_job.py:633} INFO - Processing file /home/airflow/sandbox/lib/python3.8/site-packages/airflow/example_dags/example_trigger_controller_dag.py for tasks to queue
[2021-11-28 06:39:47,725] {logging_mixin.py:104} INFO - [2021-11-28 06:39:47,725] {dagbag.py:487} INFO - Filling up the DagBag from /home/airflow/sandbox/lib/python3.8/site-packages/airflow/example_dags/example_trigger_controller_dag.py
[2021-11-28 06:39:47,789] {scheduler_job.py:643} INFO - DAG(s) dict_keys(['example_trigger_controller_dag']) retrieved from /home/airflow/sandbox/lib/python3.8/site-packages/airflow/example_dags/example_trigger_controller_dag.py
[2021-11-28 06:39:48,013] {logging_mixin.py:104} INFO - [2021-11-28 06:39:48,013] {dag.py:1832} INFO - Sync 1 DAGs
[2021-11-28 06:39:48,149] {logging_mixin.py:104} INFO - [2021-11-28 06:39:48,149] {dag.py:2305} INFO - Setting next_dagrun for example_trigger_controller_dag to 2021-11-26 00:00:00+00:00
[2021-11-28 06:39:48,216] {scheduler_job.py:190} INFO - Processing /home/airflow/sandbox/lib/python3.8/site-packages/airflow/example_dags/example_trigger_controller_dag.py took 1.033 seconds
[2021-11-28 06:40:22,601] {scheduler_job.py:182} INFO - Started process (PID=40856) to work on /home/airflow/sandbox/lib/python3.8/site-packages/airflow/example_dags/example_trigger_controller_dag.py
[2021-11-28 06:40:22,629] {scheduler_job.py:633} INFO - Processing file /home/airflow/sandbox/lib/python3.8/site-packages/airflow/example_dags/example_trigger_controller_dag.py for tasks to queue
[2021-11-28 06:40:22,632] {logging_mixin.py:104} INFO - [2021-11-28 06:40:22,632] {dagbag.py:487} INFO - Filling up the DagBag from /home/airflow/sandbox/lib/python3.8/site-packages/airflow/example_dags/example_trigger_controller_dag.py
[2021-11-28 06:40:22,929] {scheduler_job.py:643} INFO - DAG(s) dict_keys(['example_trigger_controller_dag']) retrieved from /home/airflow/sandbox/lib/python3.8/site-packages/airflow/example_dags/example_trigger_controller_dag.py
[2021-11-28 06:40:23,243] {logging_mixin.py:104} INFO - [2021-11-28 06:40:23,242] {dag.py:1832} INFO - Sync 1 DAGs
[2021-11-28 06:40:23,456] {logging_mixin.py:104} INFO - [2021-11-28 06:40:23,455] {dag.py:2305} INFO - Setting next_dagrun for example_trigger_controller_dag to 2021-11-26 00:00:00+00:00
[2021-11-28 06:40:23,609] {scheduler_job.py:190} INFO - Processing /home/airflow/sandbox/lib/python3.8/site-packages/airflow/example_dags/example_trigger_controller_dag.py took 1.041 seconds
[2021-11-28 06:40:54,023] {scheduler_job.py:182} INFO - Started process (PID=41055) to work on /home/airflow/sandbox/lib/python3.8/site-packages/airflow/example_dags/example_trigger_controller_dag.py
[2021-11-28 06:40:54,033] {scheduler_job.py:633} INFO - Processing file /home/airflow/sandbox/lib/python3.8/site-packages/airflow/example_dags/example_trigger_controller_dag.py for tasks to queue
[2021-11-28 06:40:54,043] {logging_mixin.py:104} INFO - [2021-11-28 06:40:54,042] {dagbag.py:487} INFO - Filling up the DagBag from /home/airflow/sandbox/lib/python3.8/site-packages/airflow/example_dags/example_trigger_controller_dag.py
[2021-11-28 06:40:54,109] {scheduler_job.py:643} INFO - DAG(s) dict_keys(['example_trigger_controller_dag']) retrieved from /home/airflow/sandbox/lib/python3.8/site-packages/airflow/example_dags/example_trigger_controller_dag.py
[2021-11-28 06:40:54,256] {logging_mixin.py:104} INFO - [2021-11-28 06:40:54,256] {dag.py:1832} INFO - Sync 1 DAGs
[2021-11-28 06:40:54,341] {logging_mixin.py:104} INFO - [2021-11-28 06:40:54,340] {dag.py:2305} INFO - Setting next_dagrun for example_trigger_controller_dag to 2021-11-26 00:00:00+00:00
[2021-11-28 06:40:54,399] {scheduler_job.py:190} INFO - Processing /home/airflow/sandbox/lib/python3.8/site-packages/airflow/example_dags/example_trigger_controller_dag.py took 0.405 seconds
[2021-11-28 06:41:28,246] {scheduler_job.py:182} INFO - Started process (PID=41253) to work on /home/airflow/sandbox/lib/python3.8/site-packages/airflow/example_dags/example_trigger_controller_dag.py
[2021-11-28 06:41:28,275] {scheduler_job.py:633} INFO - Processing file /home/airflow/sandbox/lib/python3.8/site-packages/airflow/example_dags/example_trigger_controller_dag.py for tasks to queue
[2021-11-28 06:41:28,283] {logging_mixin.py:104} INFO - [2021-11-28 06:41:28,283] {dagbag.py:487} INFO - Filling up the DagBag from /home/airflow/sandbox/lib/python3.8/site-packages/airflow/example_dags/example_trigger_controller_dag.py
[2021-11-28 06:41:28,411] {scheduler_job.py:643} INFO - DAG(s) dict_keys(['example_trigger_controller_dag']) retrieved from /home/airflow/sandbox/lib/python3.8/site-packages/airflow/example_dags/example_trigger_controller_dag.py
[2021-11-28 06:41:28,555] {logging_mixin.py:104} INFO - [2021-11-28 06:41:28,555] {dag.py:1832} INFO - Sync 1 DAGs
[2021-11-28 06:41:28,612] {logging_mixin.py:104} INFO - [2021-11-28 06:41:28,612] {dag.py:2305} INFO - Setting next_dagrun for example_trigger_controller_dag to 2021-11-26 00:00:00+00:00
[2021-11-28 06:41:28,691] {scheduler_job.py:190} INFO - Processing /home/airflow/sandbox/lib/python3.8/site-packages/airflow/example_dags/example_trigger_controller_dag.py took 0.466 seconds
[2021-11-28 06:41:59,347] {scheduler_job.py:182} INFO - Started process (PID=41447) to work on /home/airflow/sandbox/lib/python3.8/site-packages/airflow/example_dags/example_trigger_controller_dag.py
[2021-11-28 06:41:59,368] {scheduler_job.py:633} INFO - Processing file /home/airflow/sandbox/lib/python3.8/site-packages/airflow/example_dags/example_trigger_controller_dag.py for tasks to queue
[2021-11-28 06:41:59,374] {logging_mixin.py:104} INFO - [2021-11-28 06:41:59,374] {dagbag.py:487} INFO - Filling up the DagBag from /home/airflow/sandbox/lib/python3.8/site-packages/airflow/example_dags/example_trigger_controller_dag.py
[2021-11-28 06:41:59,440] {scheduler_job.py:643} INFO - DAG(s) dict_keys(['example_trigger_controller_dag']) retrieved from /home/airflow/sandbox/lib/python3.8/site-packages/airflow/example_dags/example_trigger_controller_dag.py
[2021-11-28 06:41:59,570] {logging_mixin.py:104} INFO - [2021-11-28 06:41:59,570] {dag.py:1832} INFO - Sync 1 DAGs
[2021-11-28 06:41:59,619] {logging_mixin.py:104} INFO - [2021-11-28 06:41:59,619] {dag.py:2305} INFO - Setting next_dagrun for example_trigger_controller_dag to 2021-11-26 00:00:00+00:00
[2021-11-28 06:41:59,692] {scheduler_job.py:190} INFO - Processing /home/airflow/sandbox/lib/python3.8/site-packages/airflow/example_dags/example_trigger_controller_dag.py took 0.353 seconds
[2021-11-28 06:42:31,234] {scheduler_job.py:182} INFO - Started process (PID=41640) to work on /home/airflow/sandbox/lib/python3.8/site-packages/airflow/example_dags/example_trigger_controller_dag.py
[2021-11-28 06:42:31,285] {scheduler_job.py:633} INFO - Processing file /home/airflow/sandbox/lib/python3.8/site-packages/airflow/example_dags/example_trigger_controller_dag.py for tasks to queue
[2021-11-28 06:42:31,319] {logging_mixin.py:104} INFO - [2021-11-28 06:42:31,318] {dagbag.py:487} INFO - Filling up the DagBag from /home/airflow/sandbox/lib/python3.8/site-packages/airflow/example_dags/example_trigger_controller_dag.py
[2021-11-28 06:42:31,571] {scheduler_job.py:643} INFO - DAG(s) dict_keys(['example_trigger_controller_dag']) retrieved from /home/airflow/sandbox/lib/python3.8/site-packages/airflow/example_dags/example_trigger_controller_dag.py
[2021-11-28 06:42:32,064] {logging_mixin.py:104} INFO - [2021-11-28 06:42:32,064] {dag.py:1832} INFO - Sync 1 DAGs
[2021-11-28 06:42:32,280] {logging_mixin.py:104} INFO - [2021-11-28 06:42:32,280] {dag.py:2305} INFO - Setting next_dagrun for example_trigger_controller_dag to 2021-11-26 00:00:00+00:00
[2021-11-28 06:42:32,481] {scheduler_job.py:190} INFO - Processing /home/airflow/sandbox/lib/python3.8/site-packages/airflow/example_dags/example_trigger_controller_dag.py took 1.333 seconds
[2021-11-28 06:43:02,772] {scheduler_job.py:182} INFO - Started process (PID=42087) to work on /home/airflow/sandbox/lib/python3.8/site-packages/airflow/example_dags/example_trigger_controller_dag.py
[2021-11-28 06:43:02,776] {scheduler_job.py:633} INFO - Processing file /home/airflow/sandbox/lib/python3.8/site-packages/airflow/example_dags/example_trigger_controller_dag.py for tasks to queue
[2021-11-28 06:43:02,778] {logging_mixin.py:104} INFO - [2021-11-28 06:43:02,777] {dagbag.py:487} INFO - Filling up the DagBag from /home/airflow/sandbox/lib/python3.8/site-packages/airflow/example_dags/example_trigger_controller_dag.py
[2021-11-28 06:43:02,818] {scheduler_job.py:643} INFO - DAG(s) dict_keys(['example_trigger_controller_dag']) retrieved from /home/airflow/sandbox/lib/python3.8/site-packages/airflow/example_dags/example_trigger_controller_dag.py
[2021-11-28 06:43:02,906] {logging_mixin.py:104} INFO - [2021-11-28 06:43:02,906] {dag.py:1832} INFO - Sync 1 DAGs
[2021-11-28 06:43:02,937] {logging_mixin.py:104} INFO - [2021-11-28 06:43:02,937] {dag.py:2305} INFO - Setting next_dagrun for example_trigger_controller_dag to 2021-11-26 00:00:00+00:00
[2021-11-28 06:43:02,971] {scheduler_job.py:190} INFO - Processing /home/airflow/sandbox/lib/python3.8/site-packages/airflow/example_dags/example_trigger_controller_dag.py took 0.207 seconds
[2021-11-28 06:43:35,397] {scheduler_job.py:182} INFO - Started process (PID=42278) to work on /home/airflow/sandbox/lib/python3.8/site-packages/airflow/example_dags/example_trigger_controller_dag.py
[2021-11-28 06:43:35,408] {scheduler_job.py:633} INFO - Processing file /home/airflow/sandbox/lib/python3.8/site-packages/airflow/example_dags/example_trigger_controller_dag.py for tasks to queue
[2021-11-28 06:43:35,420] {logging_mixin.py:104} INFO - [2021-11-28 06:43:35,419] {dagbag.py:487} INFO - Filling up the DagBag from /home/airflow/sandbox/lib/python3.8/site-packages/airflow/example_dags/example_trigger_controller_dag.py
[2021-11-28 06:43:35,539] {scheduler_job.py:643} INFO - DAG(s) dict_keys(['example_trigger_controller_dag']) retrieved from /home/airflow/sandbox/lib/python3.8/site-packages/airflow/example_dags/example_trigger_controller_dag.py
[2021-11-28 06:43:35,742] {logging_mixin.py:104} INFO - [2021-11-28 06:43:35,742] {dag.py:1832} INFO - Sync 1 DAGs
[2021-11-28 06:43:35,928] {logging_mixin.py:104} INFO - [2021-11-28 06:43:35,928] {dag.py:2305} INFO - Setting next_dagrun for example_trigger_controller_dag to 2021-11-26 00:00:00+00:00
[2021-11-28 06:43:36,010] {scheduler_job.py:190} INFO - Processing /home/airflow/sandbox/lib/python3.8/site-packages/airflow/example_dags/example_trigger_controller_dag.py took 0.652 seconds
[2021-11-28 06:44:14,470] {scheduler_job.py:182} INFO - Started process (PID=42467) to work on /home/airflow/sandbox/lib/python3.8/site-packages/airflow/example_dags/example_trigger_controller_dag.py
[2021-11-28 06:44:14,509] {scheduler_job.py:633} INFO - Processing file /home/airflow/sandbox/lib/python3.8/site-packages/airflow/example_dags/example_trigger_controller_dag.py for tasks to queue
[2021-11-28 06:44:14,516] {logging_mixin.py:104} INFO - [2021-11-28 06:44:14,516] {dagbag.py:487} INFO - Filling up the DagBag from /home/airflow/sandbox/lib/python3.8/site-packages/airflow/example_dags/example_trigger_controller_dag.py
[2021-11-28 06:44:14,618] {scheduler_job.py:643} INFO - DAG(s) dict_keys(['example_trigger_controller_dag']) retrieved from /home/airflow/sandbox/lib/python3.8/site-packages/airflow/example_dags/example_trigger_controller_dag.py
[2021-11-28 06:44:14,826] {logging_mixin.py:104} INFO - [2021-11-28 06:44:14,826] {dag.py:1832} INFO - Sync 1 DAGs
[2021-11-28 06:44:14,962] {logging_mixin.py:104} INFO - [2021-11-28 06:44:14,962] {dag.py:2305} INFO - Setting next_dagrun for example_trigger_controller_dag to 2021-11-26 00:00:00+00:00
[2021-11-28 06:44:15,055] {scheduler_job.py:190} INFO - Processing /home/airflow/sandbox/lib/python3.8/site-packages/airflow/example_dags/example_trigger_controller_dag.py took 0.592 seconds
[2021-11-28 06:44:47,413] {scheduler_job.py:182} INFO - Started process (PID=42666) to work on /home/airflow/sandbox/lib/python3.8/site-packages/airflow/example_dags/example_trigger_controller_dag.py
[2021-11-28 06:44:47,427] {scheduler_job.py:633} INFO - Processing file /home/airflow/sandbox/lib/python3.8/site-packages/airflow/example_dags/example_trigger_controller_dag.py for tasks to queue
[2021-11-28 06:44:47,444] {logging_mixin.py:104} INFO - [2021-11-28 06:44:47,444] {dagbag.py:487} INFO - Filling up the DagBag from /home/airflow/sandbox/lib/python3.8/site-packages/airflow/example_dags/example_trigger_controller_dag.py
[2021-11-28 06:44:47,538] {scheduler_job.py:643} INFO - DAG(s) dict_keys(['example_trigger_controller_dag']) retrieved from /home/airflow/sandbox/lib/python3.8/site-packages/airflow/example_dags/example_trigger_controller_dag.py
[2021-11-28 06:44:47,729] {logging_mixin.py:104} INFO - [2021-11-28 06:44:47,729] {dag.py:1832} INFO - Sync 1 DAGs
[2021-11-28 06:44:47,868] {logging_mixin.py:104} INFO - [2021-11-28 06:44:47,868] {dag.py:2305} INFO - Setting next_dagrun for example_trigger_controller_dag to 2021-11-26 00:00:00+00:00
[2021-11-28 06:44:47,948] {scheduler_job.py:190} INFO - Processing /home/airflow/sandbox/lib/python3.8/site-packages/airflow/example_dags/example_trigger_controller_dag.py took 0.564 seconds
[2021-11-28 06:45:24,100] {scheduler_job.py:182} INFO - Started process (PID=42869) to work on /home/airflow/sandbox/lib/python3.8/site-packages/airflow/example_dags/example_trigger_controller_dag.py
[2021-11-28 06:45:24,104] {scheduler_job.py:633} INFO - Processing file /home/airflow/sandbox/lib/python3.8/site-packages/airflow/example_dags/example_trigger_controller_dag.py for tasks to queue
[2021-11-28 06:45:24,107] {logging_mixin.py:104} INFO - [2021-11-28 06:45:24,106] {dagbag.py:487} INFO - Filling up the DagBag from /home/airflow/sandbox/lib/python3.8/site-packages/airflow/example_dags/example_trigger_controller_dag.py
[2021-11-28 06:45:24,329] {scheduler_job.py:643} INFO - DAG(s) dict_keys(['example_trigger_controller_dag']) retrieved from /home/airflow/sandbox/lib/python3.8/site-packages/airflow/example_dags/example_trigger_controller_dag.py
[2021-11-28 06:45:24,680] {logging_mixin.py:104} INFO - [2021-11-28 06:45:24,679] {dag.py:1832} INFO - Sync 1 DAGs
[2021-11-28 06:45:24,912] {logging_mixin.py:104} INFO - [2021-11-28 06:45:24,912] {dag.py:2305} INFO - Setting next_dagrun for example_trigger_controller_dag to 2021-11-26 00:00:00+00:00
[2021-11-28 06:45:25,160] {scheduler_job.py:190} INFO - Processing /home/airflow/sandbox/lib/python3.8/site-packages/airflow/example_dags/example_trigger_controller_dag.py took 1.127 seconds
[2021-11-28 06:45:57,497] {scheduler_job.py:182} INFO - Started process (PID=43068) to work on /home/airflow/sandbox/lib/python3.8/site-packages/airflow/example_dags/example_trigger_controller_dag.py
[2021-11-28 06:45:57,507] {scheduler_job.py:633} INFO - Processing file /home/airflow/sandbox/lib/python3.8/site-packages/airflow/example_dags/example_trigger_controller_dag.py for tasks to queue
[2021-11-28 06:45:57,510] {logging_mixin.py:104} INFO - [2021-11-28 06:45:57,509] {dagbag.py:487} INFO - Filling up the DagBag from /home/airflow/sandbox/lib/python3.8/site-packages/airflow/example_dags/example_trigger_controller_dag.py
[2021-11-28 06:45:57,723] {scheduler_job.py:643} INFO - DAG(s) dict_keys(['example_trigger_controller_dag']) retrieved from /home/airflow/sandbox/lib/python3.8/site-packages/airflow/example_dags/example_trigger_controller_dag.py
[2021-11-28 06:45:58,268] {logging_mixin.py:104} INFO - [2021-11-28 06:45:58,268] {dag.py:1832} INFO - Sync 1 DAGs
[2021-11-28 06:45:58,507] {logging_mixin.py:104} INFO - [2021-11-28 06:45:58,506] {dag.py:2305} INFO - Setting next_dagrun for example_trigger_controller_dag to 2021-11-26 00:00:00+00:00
[2021-11-28 06:45:58,664] {scheduler_job.py:190} INFO - Processing /home/airflow/sandbox/lib/python3.8/site-packages/airflow/example_dags/example_trigger_controller_dag.py took 1.199 seconds
[2021-11-28 06:46:28,796] {scheduler_job.py:182} INFO - Started process (PID=43264) to work on /home/airflow/sandbox/lib/python3.8/site-packages/airflow/example_dags/example_trigger_controller_dag.py
[2021-11-28 06:46:28,815] {scheduler_job.py:633} INFO - Processing file /home/airflow/sandbox/lib/python3.8/site-packages/airflow/example_dags/example_trigger_controller_dag.py for tasks to queue
[2021-11-28 06:46:28,823] {logging_mixin.py:104} INFO - [2021-11-28 06:46:28,823] {dagbag.py:487} INFO - Filling up the DagBag from /home/airflow/sandbox/lib/python3.8/site-packages/airflow/example_dags/example_trigger_controller_dag.py
[2021-11-28 06:46:28,880] {scheduler_job.py:643} INFO - DAG(s) dict_keys(['example_trigger_controller_dag']) retrieved from /home/airflow/sandbox/lib/python3.8/site-packages/airflow/example_dags/example_trigger_controller_dag.py
[2021-11-28 06:46:28,957] {logging_mixin.py:104} INFO - [2021-11-28 06:46:28,957] {dag.py:1832} INFO - Sync 1 DAGs
[2021-11-28 06:46:28,993] {logging_mixin.py:104} INFO - [2021-11-28 06:46:28,993] {dag.py:2305} INFO - Setting next_dagrun for example_trigger_controller_dag to 2021-11-26 00:00:00+00:00
[2021-11-28 06:46:29,035] {scheduler_job.py:190} INFO - Processing /home/airflow/sandbox/lib/python3.8/site-packages/airflow/example_dags/example_trigger_controller_dag.py took 0.264 seconds
[2021-11-28 06:47:00,214] {scheduler_job.py:182} INFO - Started process (PID=43460) to work on /home/airflow/sandbox/lib/python3.8/site-packages/airflow/example_dags/example_trigger_controller_dag.py
[2021-11-28 06:47:00,218] {scheduler_job.py:633} INFO - Processing file /home/airflow/sandbox/lib/python3.8/site-packages/airflow/example_dags/example_trigger_controller_dag.py for tasks to queue
[2021-11-28 06:47:00,219] {logging_mixin.py:104} INFO - [2021-11-28 06:47:00,219] {dagbag.py:487} INFO - Filling up the DagBag from /home/airflow/sandbox/lib/python3.8/site-packages/airflow/example_dags/example_trigger_controller_dag.py
[2021-11-28 06:47:00,307] {scheduler_job.py:643} INFO - DAG(s) dict_keys(['example_trigger_controller_dag']) retrieved from /home/airflow/sandbox/lib/python3.8/site-packages/airflow/example_dags/example_trigger_controller_dag.py
[2021-11-28 06:47:00,431] {logging_mixin.py:104} INFO - [2021-11-28 06:47:00,430] {dag.py:1832} INFO - Sync 1 DAGs
[2021-11-28 06:47:00,512] {logging_mixin.py:104} INFO - [2021-11-28 06:47:00,512] {dag.py:2305} INFO - Setting next_dagrun for example_trigger_controller_dag to 2021-11-26 00:00:00+00:00
[2021-11-28 06:47:00,566] {scheduler_job.py:190} INFO - Processing /home/airflow/sandbox/lib/python3.8/site-packages/airflow/example_dags/example_trigger_controller_dag.py took 0.391 seconds
[2021-11-28 06:47:32,728] {scheduler_job.py:182} INFO - Started process (PID=43663) to work on /home/airflow/sandbox/lib/python3.8/site-packages/airflow/example_dags/example_trigger_controller_dag.py
[2021-11-28 06:47:32,758] {scheduler_job.py:633} INFO - Processing file /home/airflow/sandbox/lib/python3.8/site-packages/airflow/example_dags/example_trigger_controller_dag.py for tasks to queue
[2021-11-28 06:47:32,767] {logging_mixin.py:104} INFO - [2021-11-28 06:47:32,766] {dagbag.py:487} INFO - Filling up the DagBag from /home/airflow/sandbox/lib/python3.8/site-packages/airflow/example_dags/example_trigger_controller_dag.py
[2021-11-28 06:47:32,846] {scheduler_job.py:643} INFO - DAG(s) dict_keys(['example_trigger_controller_dag']) retrieved from /home/airflow/sandbox/lib/python3.8/site-packages/airflow/example_dags/example_trigger_controller_dag.py
[2021-11-28 06:47:32,993] {logging_mixin.py:104} INFO - [2021-11-28 06:47:32,992] {dag.py:1832} INFO - Sync 1 DAGs
[2021-11-28 06:47:33,064] {logging_mixin.py:104} INFO - [2021-11-28 06:47:33,064] {dag.py:2305} INFO - Setting next_dagrun for example_trigger_controller_dag to 2021-11-26 00:00:00+00:00
[2021-11-28 06:47:33,140] {scheduler_job.py:190} INFO - Processing /home/airflow/sandbox/lib/python3.8/site-packages/airflow/example_dags/example_trigger_controller_dag.py took 0.443 seconds
[2021-11-28 06:48:08,335] {scheduler_job.py:182} INFO - Started process (PID=44092) to work on /home/airflow/sandbox/lib/python3.8/site-packages/airflow/example_dags/example_trigger_controller_dag.py
[2021-11-28 06:48:08,344] {scheduler_job.py:633} INFO - Processing file /home/airflow/sandbox/lib/python3.8/site-packages/airflow/example_dags/example_trigger_controller_dag.py for tasks to queue
[2021-11-28 06:48:08,346] {logging_mixin.py:104} INFO - [2021-11-28 06:48:08,345] {dagbag.py:487} INFO - Filling up the DagBag from /home/airflow/sandbox/lib/python3.8/site-packages/airflow/example_dags/example_trigger_controller_dag.py
[2021-11-28 06:48:08,449] {scheduler_job.py:643} INFO - DAG(s) dict_keys(['example_trigger_controller_dag']) retrieved from /home/airflow/sandbox/lib/python3.8/site-packages/airflow/example_dags/example_trigger_controller_dag.py
[2021-11-28 06:48:08,589] {logging_mixin.py:104} INFO - [2021-11-28 06:48:08,588] {dag.py:1832} INFO - Sync 1 DAGs
[2021-11-28 06:48:08,680] {logging_mixin.py:104} INFO - [2021-11-28 06:48:08,680] {dag.py:2305} INFO - Setting next_dagrun for example_trigger_controller_dag to 2021-11-26 00:00:00+00:00
[2021-11-28 06:48:08,748] {scheduler_job.py:190} INFO - Processing /home/airflow/sandbox/lib/python3.8/site-packages/airflow/example_dags/example_trigger_controller_dag.py took 0.447 seconds
[2021-11-28 06:48:40,205] {scheduler_job.py:182} INFO - Started process (PID=44284) to work on /home/airflow/sandbox/lib/python3.8/site-packages/airflow/example_dags/example_trigger_controller_dag.py
[2021-11-28 06:48:40,213] {scheduler_job.py:633} INFO - Processing file /home/airflow/sandbox/lib/python3.8/site-packages/airflow/example_dags/example_trigger_controller_dag.py for tasks to queue
[2021-11-28 06:48:40,217] {logging_mixin.py:104} INFO - [2021-11-28 06:48:40,217] {dagbag.py:487} INFO - Filling up the DagBag from /home/airflow/sandbox/lib/python3.8/site-packages/airflow/example_dags/example_trigger_controller_dag.py
[2021-11-28 06:48:40,288] {scheduler_job.py:643} INFO - DAG(s) dict_keys(['example_trigger_controller_dag']) retrieved from /home/airflow/sandbox/lib/python3.8/site-packages/airflow/example_dags/example_trigger_controller_dag.py
[2021-11-28 06:48:40,442] {logging_mixin.py:104} INFO - [2021-11-28 06:48:40,442] {dag.py:1832} INFO - Sync 1 DAGs
[2021-11-28 06:48:40,515] {logging_mixin.py:104} INFO - [2021-11-28 06:48:40,515] {dag.py:2305} INFO - Setting next_dagrun for example_trigger_controller_dag to 2021-11-26 00:00:00+00:00
[2021-11-28 06:48:40,580] {scheduler_job.py:190} INFO - Processing /home/airflow/sandbox/lib/python3.8/site-packages/airflow/example_dags/example_trigger_controller_dag.py took 0.386 seconds
[2021-11-28 06:49:10,682] {scheduler_job.py:182} INFO - Started process (PID=44479) to work on /home/airflow/sandbox/lib/python3.8/site-packages/airflow/example_dags/example_trigger_controller_dag.py
[2021-11-28 06:49:10,685] {scheduler_job.py:633} INFO - Processing file /home/airflow/sandbox/lib/python3.8/site-packages/airflow/example_dags/example_trigger_controller_dag.py for tasks to queue
[2021-11-28 06:49:10,688] {logging_mixin.py:104} INFO - [2021-11-28 06:49:10,688] {dagbag.py:487} INFO - Filling up the DagBag from /home/airflow/sandbox/lib/python3.8/site-packages/airflow/example_dags/example_trigger_controller_dag.py
[2021-11-28 06:49:10,717] {scheduler_job.py:643} INFO - DAG(s) dict_keys(['example_trigger_controller_dag']) retrieved from /home/airflow/sandbox/lib/python3.8/site-packages/airflow/example_dags/example_trigger_controller_dag.py
[2021-11-28 06:49:10,863] {logging_mixin.py:104} INFO - [2021-11-28 06:49:10,863] {dag.py:1832} INFO - Sync 1 DAGs
[2021-11-28 06:49:10,932] {logging_mixin.py:104} INFO - [2021-11-28 06:49:10,932] {dag.py:2305} INFO - Setting next_dagrun for example_trigger_controller_dag to 2021-11-26 00:00:00+00:00
[2021-11-28 06:49:10,968] {scheduler_job.py:190} INFO - Processing /home/airflow/sandbox/lib/python3.8/site-packages/airflow/example_dags/example_trigger_controller_dag.py took 0.304 seconds
[2021-11-28 06:49:42,141] {scheduler_job.py:182} INFO - Started process (PID=44677) to work on /home/airflow/sandbox/lib/python3.8/site-packages/airflow/example_dags/example_trigger_controller_dag.py
[2021-11-28 06:49:42,154] {scheduler_job.py:633} INFO - Processing file /home/airflow/sandbox/lib/python3.8/site-packages/airflow/example_dags/example_trigger_controller_dag.py for tasks to queue
[2021-11-28 06:49:42,155] {logging_mixin.py:104} INFO - [2021-11-28 06:49:42,154] {dagbag.py:487} INFO - Filling up the DagBag from /home/airflow/sandbox/lib/python3.8/site-packages/airflow/example_dags/example_trigger_controller_dag.py
[2021-11-28 06:49:42,295] {scheduler_job.py:643} INFO - DAG(s) dict_keys(['example_trigger_controller_dag']) retrieved from /home/airflow/sandbox/lib/python3.8/site-packages/airflow/example_dags/example_trigger_controller_dag.py
[2021-11-28 06:49:42,519] {logging_mixin.py:104} INFO - [2021-11-28 06:49:42,519] {dag.py:1832} INFO - Sync 1 DAGs
[2021-11-28 06:49:42,627] {logging_mixin.py:104} INFO - [2021-11-28 06:49:42,627] {dag.py:2305} INFO - Setting next_dagrun for example_trigger_controller_dag to 2021-11-26 00:00:00+00:00
[2021-11-28 06:49:42,700] {scheduler_job.py:190} INFO - Processing /home/airflow/sandbox/lib/python3.8/site-packages/airflow/example_dags/example_trigger_controller_dag.py took 0.607 seconds
[2021-11-28 06:50:13,820] {scheduler_job.py:182} INFO - Started process (PID=44872) to work on /home/airflow/sandbox/lib/python3.8/site-packages/airflow/example_dags/example_trigger_controller_dag.py
[2021-11-28 06:50:13,839] {scheduler_job.py:633} INFO - Processing file /home/airflow/sandbox/lib/python3.8/site-packages/airflow/example_dags/example_trigger_controller_dag.py for tasks to queue
[2021-11-28 06:50:13,868] {logging_mixin.py:104} INFO - [2021-11-28 06:50:13,868] {dagbag.py:487} INFO - Filling up the DagBag from /home/airflow/sandbox/lib/python3.8/site-packages/airflow/example_dags/example_trigger_controller_dag.py
[2021-11-28 06:50:14,138] {scheduler_job.py:643} INFO - DAG(s) dict_keys(['example_trigger_controller_dag']) retrieved from /home/airflow/sandbox/lib/python3.8/site-packages/airflow/example_dags/example_trigger_controller_dag.py
[2021-11-28 06:50:14,518] {logging_mixin.py:104} INFO - [2021-11-28 06:50:14,517] {dag.py:1832} INFO - Sync 1 DAGs
[2021-11-28 06:50:14,577] {logging_mixin.py:104} INFO - [2021-11-28 06:50:14,577] {dag.py:2305} INFO - Setting next_dagrun for example_trigger_controller_dag to 2021-11-26 00:00:00+00:00
[2021-11-28 06:50:14,637] {scheduler_job.py:190} INFO - Processing /home/airflow/sandbox/lib/python3.8/site-packages/airflow/example_dags/example_trigger_controller_dag.py took 0.930 seconds
[2021-11-28 06:50:45,021] {scheduler_job.py:182} INFO - Started process (PID=45072) to work on /home/airflow/sandbox/lib/python3.8/site-packages/airflow/example_dags/example_trigger_controller_dag.py
[2021-11-28 06:50:45,035] {scheduler_job.py:633} INFO - Processing file /home/airflow/sandbox/lib/python3.8/site-packages/airflow/example_dags/example_trigger_controller_dag.py for tasks to queue
[2021-11-28 06:50:45,045] {logging_mixin.py:104} INFO - [2021-11-28 06:50:45,045] {dagbag.py:487} INFO - Filling up the DagBag from /home/airflow/sandbox/lib/python3.8/site-packages/airflow/example_dags/example_trigger_controller_dag.py
[2021-11-28 06:50:45,124] {scheduler_job.py:643} INFO - DAG(s) dict_keys(['example_trigger_controller_dag']) retrieved from /home/airflow/sandbox/lib/python3.8/site-packages/airflow/example_dags/example_trigger_controller_dag.py
[2021-11-28 06:50:45,359] {logging_mixin.py:104} INFO - [2021-11-28 06:50:45,359] {dag.py:1832} INFO - Sync 1 DAGs
[2021-11-28 06:50:45,557] {logging_mixin.py:104} INFO - [2021-11-28 06:50:45,557] {dag.py:2305} INFO - Setting next_dagrun for example_trigger_controller_dag to 2021-11-26 00:00:00+00:00
[2021-11-28 06:50:45,608] {scheduler_job.py:190} INFO - Processing /home/airflow/sandbox/lib/python3.8/site-packages/airflow/example_dags/example_trigger_controller_dag.py took 0.607 seconds
[2021-11-28 06:51:16,120] {scheduler_job.py:182} INFO - Started process (PID=45274) to work on /home/airflow/sandbox/lib/python3.8/site-packages/airflow/example_dags/example_trigger_controller_dag.py
[2021-11-28 06:51:16,126] {scheduler_job.py:633} INFO - Processing file /home/airflow/sandbox/lib/python3.8/site-packages/airflow/example_dags/example_trigger_controller_dag.py for tasks to queue
[2021-11-28 06:51:16,130] {logging_mixin.py:104} INFO - [2021-11-28 06:51:16,130] {dagbag.py:487} INFO - Filling up the DagBag from /home/airflow/sandbox/lib/python3.8/site-packages/airflow/example_dags/example_trigger_controller_dag.py
[2021-11-28 06:51:16,160] {scheduler_job.py:643} INFO - DAG(s) dict_keys(['example_trigger_controller_dag']) retrieved from /home/airflow/sandbox/lib/python3.8/site-packages/airflow/example_dags/example_trigger_controller_dag.py
[2021-11-28 06:51:16,237] {logging_mixin.py:104} INFO - [2021-11-28 06:51:16,237] {dag.py:1832} INFO - Sync 1 DAGs
[2021-11-28 06:51:16,267] {logging_mixin.py:104} INFO - [2021-11-28 06:51:16,267] {dag.py:2305} INFO - Setting next_dagrun for example_trigger_controller_dag to 2021-11-26 00:00:00+00:00
[2021-11-28 06:51:16,308] {scheduler_job.py:190} INFO - Processing /home/airflow/sandbox/lib/python3.8/site-packages/airflow/example_dags/example_trigger_controller_dag.py took 0.195 seconds
[2021-11-28 06:51:47,704] {scheduler_job.py:182} INFO - Started process (PID=45471) to work on /home/airflow/sandbox/lib/python3.8/site-packages/airflow/example_dags/example_trigger_controller_dag.py
[2021-11-28 06:51:47,721] {scheduler_job.py:633} INFO - Processing file /home/airflow/sandbox/lib/python3.8/site-packages/airflow/example_dags/example_trigger_controller_dag.py for tasks to queue
[2021-11-28 06:51:47,735] {logging_mixin.py:104} INFO - [2021-11-28 06:51:47,735] {dagbag.py:487} INFO - Filling up the DagBag from /home/airflow/sandbox/lib/python3.8/site-packages/airflow/example_dags/example_trigger_controller_dag.py
[2021-11-28 06:51:47,817] {scheduler_job.py:643} INFO - DAG(s) dict_keys(['example_trigger_controller_dag']) retrieved from /home/airflow/sandbox/lib/python3.8/site-packages/airflow/example_dags/example_trigger_controller_dag.py
[2021-11-28 06:51:47,987] {logging_mixin.py:104} INFO - [2021-11-28 06:51:47,987] {dag.py:1832} INFO - Sync 1 DAGs
[2021-11-28 06:51:48,107] {logging_mixin.py:104} INFO - [2021-11-28 06:51:48,106] {dag.py:2305} INFO - Setting next_dagrun for example_trigger_controller_dag to 2021-11-26 00:00:00+00:00
[2021-11-28 06:51:48,172] {scheduler_job.py:190} INFO - Processing /home/airflow/sandbox/lib/python3.8/site-packages/airflow/example_dags/example_trigger_controller_dag.py took 0.488 seconds
[2021-11-28 06:52:21,541] {scheduler_job.py:182} INFO - Started process (PID=45676) to work on /home/airflow/sandbox/lib/python3.8/site-packages/airflow/example_dags/example_trigger_controller_dag.py
[2021-11-28 06:52:21,570] {scheduler_job.py:633} INFO - Processing file /home/airflow/sandbox/lib/python3.8/site-packages/airflow/example_dags/example_trigger_controller_dag.py for tasks to queue
[2021-11-28 06:52:21,572] {logging_mixin.py:104} INFO - [2021-11-28 06:52:21,572] {dagbag.py:487} INFO - Filling up the DagBag from /home/airflow/sandbox/lib/python3.8/site-packages/airflow/example_dags/example_trigger_controller_dag.py
[2021-11-28 06:52:21,808] {scheduler_job.py:643} INFO - DAG(s) dict_keys(['example_trigger_controller_dag']) retrieved from /home/airflow/sandbox/lib/python3.8/site-packages/airflow/example_dags/example_trigger_controller_dag.py
[2021-11-28 06:52:22,099] {logging_mixin.py:104} INFO - [2021-11-28 06:52:22,099] {dag.py:1832} INFO - Sync 1 DAGs
[2021-11-28 06:52:22,332] {logging_mixin.py:104} INFO - [2021-11-28 06:52:22,332] {dag.py:2305} INFO - Setting next_dagrun for example_trigger_controller_dag to 2021-11-26 00:00:00+00:00
[2021-11-28 06:52:22,458] {scheduler_job.py:190} INFO - Processing /home/airflow/sandbox/lib/python3.8/site-packages/airflow/example_dags/example_trigger_controller_dag.py took 0.971 seconds
[2021-11-28 06:52:52,594] {scheduler_job.py:182} INFO - Started process (PID=46117) to work on /home/airflow/sandbox/lib/python3.8/site-packages/airflow/example_dags/example_trigger_controller_dag.py
[2021-11-28 06:52:52,607] {scheduler_job.py:633} INFO - Processing file /home/airflow/sandbox/lib/python3.8/site-packages/airflow/example_dags/example_trigger_controller_dag.py for tasks to queue
[2021-11-28 06:52:52,616] {logging_mixin.py:104} INFO - [2021-11-28 06:52:52,615] {dagbag.py:487} INFO - Filling up the DagBag from /home/airflow/sandbox/lib/python3.8/site-packages/airflow/example_dags/example_trigger_controller_dag.py
[2021-11-28 06:52:52,661] {scheduler_job.py:643} INFO - DAG(s) dict_keys(['example_trigger_controller_dag']) retrieved from /home/airflow/sandbox/lib/python3.8/site-packages/airflow/example_dags/example_trigger_controller_dag.py
[2021-11-28 06:52:52,733] {logging_mixin.py:104} INFO - [2021-11-28 06:52:52,733] {dag.py:1832} INFO - Sync 1 DAGs
[2021-11-28 06:52:52,783] {logging_mixin.py:104} INFO - [2021-11-28 06:52:52,783] {dag.py:2305} INFO - Setting next_dagrun for example_trigger_controller_dag to 2021-11-26 00:00:00+00:00
[2021-11-28 06:52:52,839] {scheduler_job.py:190} INFO - Processing /home/airflow/sandbox/lib/python3.8/site-packages/airflow/example_dags/example_trigger_controller_dag.py took 0.264 seconds
[2021-11-28 06:53:23,587] {scheduler_job.py:182} INFO - Started process (PID=46316) to work on /home/airflow/sandbox/lib/python3.8/site-packages/airflow/example_dags/example_trigger_controller_dag.py
[2021-11-28 06:53:23,601] {scheduler_job.py:633} INFO - Processing file /home/airflow/sandbox/lib/python3.8/site-packages/airflow/example_dags/example_trigger_controller_dag.py for tasks to queue
[2021-11-28 06:53:23,612] {logging_mixin.py:104} INFO - [2021-11-28 06:53:23,612] {dagbag.py:487} INFO - Filling up the DagBag from /home/airflow/sandbox/lib/python3.8/site-packages/airflow/example_dags/example_trigger_controller_dag.py
[2021-11-28 06:53:23,702] {scheduler_job.py:643} INFO - DAG(s) dict_keys(['example_trigger_controller_dag']) retrieved from /home/airflow/sandbox/lib/python3.8/site-packages/airflow/example_dags/example_trigger_controller_dag.py
[2021-11-28 06:53:23,859] {logging_mixin.py:104} INFO - [2021-11-28 06:53:23,859] {dag.py:1832} INFO - Sync 1 DAGs
[2021-11-28 06:53:23,959] {logging_mixin.py:104} INFO - [2021-11-28 06:53:23,959] {dag.py:2305} INFO - Setting next_dagrun for example_trigger_controller_dag to 2021-11-26 00:00:00+00:00
[2021-11-28 06:53:23,999] {scheduler_job.py:190} INFO - Processing /home/airflow/sandbox/lib/python3.8/site-packages/airflow/example_dags/example_trigger_controller_dag.py took 0.429 seconds
[2021-11-28 06:53:55,609] {scheduler_job.py:182} INFO - Started process (PID=46513) to work on /home/airflow/sandbox/lib/python3.8/site-packages/airflow/example_dags/example_trigger_controller_dag.py
[2021-11-28 06:53:55,614] {scheduler_job.py:633} INFO - Processing file /home/airflow/sandbox/lib/python3.8/site-packages/airflow/example_dags/example_trigger_controller_dag.py for tasks to queue
[2021-11-28 06:53:55,616] {logging_mixin.py:104} INFO - [2021-11-28 06:53:55,616] {dagbag.py:487} INFO - Filling up the DagBag from /home/airflow/sandbox/lib/python3.8/site-packages/airflow/example_dags/example_trigger_controller_dag.py
[2021-11-28 06:53:55,726] {scheduler_job.py:643} INFO - DAG(s) dict_keys(['example_trigger_controller_dag']) retrieved from /home/airflow/sandbox/lib/python3.8/site-packages/airflow/example_dags/example_trigger_controller_dag.py
[2021-11-28 06:53:55,946] {logging_mixin.py:104} INFO - [2021-11-28 06:53:55,946] {dag.py:1832} INFO - Sync 1 DAGs
[2021-11-28 06:53:56,035] {logging_mixin.py:104} INFO - [2021-11-28 06:53:56,035] {dag.py:2305} INFO - Setting next_dagrun for example_trigger_controller_dag to 2021-11-26 00:00:00+00:00
[2021-11-28 06:53:56,096] {scheduler_job.py:190} INFO - Processing /home/airflow/sandbox/lib/python3.8/site-packages/airflow/example_dags/example_trigger_controller_dag.py took 0.507 seconds
[2021-11-28 06:54:26,321] {scheduler_job.py:182} INFO - Started process (PID=46710) to work on /home/airflow/sandbox/lib/python3.8/site-packages/airflow/example_dags/example_trigger_controller_dag.py
[2021-11-28 06:54:26,324] {scheduler_job.py:633} INFO - Processing file /home/airflow/sandbox/lib/python3.8/site-packages/airflow/example_dags/example_trigger_controller_dag.py for tasks to queue
[2021-11-28 06:54:26,325] {logging_mixin.py:104} INFO - [2021-11-28 06:54:26,325] {dagbag.py:487} INFO - Filling up the DagBag from /home/airflow/sandbox/lib/python3.8/site-packages/airflow/example_dags/example_trigger_controller_dag.py
[2021-11-28 06:54:26,379] {scheduler_job.py:643} INFO - DAG(s) dict_keys(['example_trigger_controller_dag']) retrieved from /home/airflow/sandbox/lib/python3.8/site-packages/airflow/example_dags/example_trigger_controller_dag.py
[2021-11-28 06:54:26,523] {logging_mixin.py:104} INFO - [2021-11-28 06:54:26,522] {dag.py:1832} INFO - Sync 1 DAGs
[2021-11-28 06:54:26,673] {logging_mixin.py:104} INFO - [2021-11-28 06:54:26,673] {dag.py:2305} INFO - Setting next_dagrun for example_trigger_controller_dag to 2021-11-26 00:00:00+00:00
[2021-11-28 06:54:26,755] {scheduler_job.py:190} INFO - Processing /home/airflow/sandbox/lib/python3.8/site-packages/airflow/example_dags/example_trigger_controller_dag.py took 0.464 seconds
[2021-11-28 06:55:01,592] {scheduler_job.py:182} INFO - Started process (PID=46908) to work on /home/airflow/sandbox/lib/python3.8/site-packages/airflow/example_dags/example_trigger_controller_dag.py
[2021-11-28 06:55:01,598] {scheduler_job.py:633} INFO - Processing file /home/airflow/sandbox/lib/python3.8/site-packages/airflow/example_dags/example_trigger_controller_dag.py for tasks to queue
[2021-11-28 06:55:01,612] {logging_mixin.py:104} INFO - [2021-11-28 06:55:01,612] {dagbag.py:487} INFO - Filling up the DagBag from /home/airflow/sandbox/lib/python3.8/site-packages/airflow/example_dags/example_trigger_controller_dag.py
[2021-11-28 06:55:01,660] {scheduler_job.py:643} INFO - DAG(s) dict_keys(['example_trigger_controller_dag']) retrieved from /home/airflow/sandbox/lib/python3.8/site-packages/airflow/example_dags/example_trigger_controller_dag.py
[2021-11-28 06:55:01,778] {logging_mixin.py:104} INFO - [2021-11-28 06:55:01,778] {dag.py:1832} INFO - Sync 1 DAGs
[2021-11-28 06:55:01,875] {logging_mixin.py:104} INFO - [2021-11-28 06:55:01,875] {dag.py:2305} INFO - Setting next_dagrun for example_trigger_controller_dag to 2021-11-26 00:00:00+00:00
[2021-11-28 06:55:01,976] {scheduler_job.py:190} INFO - Processing /home/airflow/sandbox/lib/python3.8/site-packages/airflow/example_dags/example_trigger_controller_dag.py took 0.414 seconds
[2021-11-28 06:55:33,429] {scheduler_job.py:182} INFO - Started process (PID=47108) to work on /home/airflow/sandbox/lib/python3.8/site-packages/airflow/example_dags/example_trigger_controller_dag.py
[2021-11-28 06:55:33,458] {scheduler_job.py:633} INFO - Processing file /home/airflow/sandbox/lib/python3.8/site-packages/airflow/example_dags/example_trigger_controller_dag.py for tasks to queue
[2021-11-28 06:55:33,462] {logging_mixin.py:104} INFO - [2021-11-28 06:55:33,462] {dagbag.py:487} INFO - Filling up the DagBag from /home/airflow/sandbox/lib/python3.8/site-packages/airflow/example_dags/example_trigger_controller_dag.py
[2021-11-28 06:55:33,546] {scheduler_job.py:643} INFO - DAG(s) dict_keys(['example_trigger_controller_dag']) retrieved from /home/airflow/sandbox/lib/python3.8/site-packages/airflow/example_dags/example_trigger_controller_dag.py
[2021-11-28 06:55:33,719] {logging_mixin.py:104} INFO - [2021-11-28 06:55:33,718] {dag.py:1832} INFO - Sync 1 DAGs
[2021-11-28 06:55:33,927] {logging_mixin.py:104} INFO - [2021-11-28 06:55:33,927] {dag.py:2305} INFO - Setting next_dagrun for example_trigger_controller_dag to 2021-11-26 00:00:00+00:00
[2021-11-28 06:55:34,066] {scheduler_job.py:190} INFO - Processing /home/airflow/sandbox/lib/python3.8/site-packages/airflow/example_dags/example_trigger_controller_dag.py took 0.670 seconds
[2021-11-28 06:56:05,149] {scheduler_job.py:182} INFO - Started process (PID=47308) to work on /home/airflow/sandbox/lib/python3.8/site-packages/airflow/example_dags/example_trigger_controller_dag.py
[2021-11-28 06:56:05,164] {scheduler_job.py:633} INFO - Processing file /home/airflow/sandbox/lib/python3.8/site-packages/airflow/example_dags/example_trigger_controller_dag.py for tasks to queue
[2021-11-28 06:56:05,166] {logging_mixin.py:104} INFO - [2021-11-28 06:56:05,165] {dagbag.py:487} INFO - Filling up the DagBag from /home/airflow/sandbox/lib/python3.8/site-packages/airflow/example_dags/example_trigger_controller_dag.py
[2021-11-28 06:56:05,231] {scheduler_job.py:643} INFO - DAG(s) dict_keys(['example_trigger_controller_dag']) retrieved from /home/airflow/sandbox/lib/python3.8/site-packages/airflow/example_dags/example_trigger_controller_dag.py
[2021-11-28 06:56:05,362] {logging_mixin.py:104} INFO - [2021-11-28 06:56:05,362] {dag.py:1832} INFO - Sync 1 DAGs
[2021-11-28 06:56:05,420] {logging_mixin.py:104} INFO - [2021-11-28 06:56:05,420] {dag.py:2305} INFO - Setting next_dagrun for example_trigger_controller_dag to 2021-11-26 00:00:00+00:00
[2021-11-28 06:56:05,453] {scheduler_job.py:190} INFO - Processing /home/airflow/sandbox/lib/python3.8/site-packages/airflow/example_dags/example_trigger_controller_dag.py took 0.322 seconds
[2021-11-28 06:56:36,280] {scheduler_job.py:182} INFO - Started process (PID=47507) to work on /home/airflow/sandbox/lib/python3.8/site-packages/airflow/example_dags/example_trigger_controller_dag.py
[2021-11-28 06:56:36,285] {scheduler_job.py:633} INFO - Processing file /home/airflow/sandbox/lib/python3.8/site-packages/airflow/example_dags/example_trigger_controller_dag.py for tasks to queue
[2021-11-28 06:56:36,286] {logging_mixin.py:104} INFO - [2021-11-28 06:56:36,286] {dagbag.py:487} INFO - Filling up the DagBag from /home/airflow/sandbox/lib/python3.8/site-packages/airflow/example_dags/example_trigger_controller_dag.py
[2021-11-28 06:56:36,335] {scheduler_job.py:643} INFO - DAG(s) dict_keys(['example_trigger_controller_dag']) retrieved from /home/airflow/sandbox/lib/python3.8/site-packages/airflow/example_dags/example_trigger_controller_dag.py
[2021-11-28 06:56:36,500] {logging_mixin.py:104} INFO - [2021-11-28 06:56:36,499] {dag.py:1832} INFO - Sync 1 DAGs
[2021-11-28 06:56:36,585] {logging_mixin.py:104} INFO - [2021-11-28 06:56:36,584] {dag.py:2305} INFO - Setting next_dagrun for example_trigger_controller_dag to 2021-11-26 00:00:00+00:00
[2021-11-28 06:56:36,628] {scheduler_job.py:190} INFO - Processing /home/airflow/sandbox/lib/python3.8/site-packages/airflow/example_dags/example_trigger_controller_dag.py took 0.355 seconds
[2021-11-28 06:57:07,333] {scheduler_job.py:182} INFO - Started process (PID=47699) to work on /home/airflow/sandbox/lib/python3.8/site-packages/airflow/example_dags/example_trigger_controller_dag.py
[2021-11-28 06:57:07,361] {scheduler_job.py:633} INFO - Processing file /home/airflow/sandbox/lib/python3.8/site-packages/airflow/example_dags/example_trigger_controller_dag.py for tasks to queue
[2021-11-28 06:57:07,365] {logging_mixin.py:104} INFO - [2021-11-28 06:57:07,364] {dagbag.py:487} INFO - Filling up the DagBag from /home/airflow/sandbox/lib/python3.8/site-packages/airflow/example_dags/example_trigger_controller_dag.py
[2021-11-28 06:57:07,574] {scheduler_job.py:643} INFO - DAG(s) dict_keys(['example_trigger_controller_dag']) retrieved from /home/airflow/sandbox/lib/python3.8/site-packages/airflow/example_dags/example_trigger_controller_dag.py
[2021-11-28 06:57:07,781] {logging_mixin.py:104} INFO - [2021-11-28 06:57:07,780] {dag.py:1832} INFO - Sync 1 DAGs
[2021-11-28 06:57:07,870] {logging_mixin.py:104} INFO - [2021-11-28 06:57:07,870] {dag.py:2305} INFO - Setting next_dagrun for example_trigger_controller_dag to 2021-11-26 00:00:00+00:00
[2021-11-28 06:57:07,928] {scheduler_job.py:190} INFO - Processing /home/airflow/sandbox/lib/python3.8/site-packages/airflow/example_dags/example_trigger_controller_dag.py took 0.684 seconds
[2021-11-28 06:57:38,202] {scheduler_job.py:182} INFO - Started process (PID=47898) to work on /home/airflow/sandbox/lib/python3.8/site-packages/airflow/example_dags/example_trigger_controller_dag.py
[2021-11-28 06:57:38,212] {scheduler_job.py:633} INFO - Processing file /home/airflow/sandbox/lib/python3.8/site-packages/airflow/example_dags/example_trigger_controller_dag.py for tasks to queue
[2021-11-28 06:57:38,213] {logging_mixin.py:104} INFO - [2021-11-28 06:57:38,212] {dagbag.py:487} INFO - Filling up the DagBag from /home/airflow/sandbox/lib/python3.8/site-packages/airflow/example_dags/example_trigger_controller_dag.py
[2021-11-28 06:57:38,266] {scheduler_job.py:643} INFO - DAG(s) dict_keys(['example_trigger_controller_dag']) retrieved from /home/airflow/sandbox/lib/python3.8/site-packages/airflow/example_dags/example_trigger_controller_dag.py
[2021-11-28 06:57:38,394] {logging_mixin.py:104} INFO - [2021-11-28 06:57:38,394] {dag.py:1832} INFO - Sync 1 DAGs
[2021-11-28 06:57:38,479] {logging_mixin.py:104} INFO - [2021-11-28 06:57:38,479] {dag.py:2305} INFO - Setting next_dagrun for example_trigger_controller_dag to 2021-11-26 00:00:00+00:00
[2021-11-28 06:57:38,526] {scheduler_job.py:190} INFO - Processing /home/airflow/sandbox/lib/python3.8/site-packages/airflow/example_dags/example_trigger_controller_dag.py took 0.363 seconds
[2021-11-28 06:58:09,845] {scheduler_job.py:182} INFO - Started process (PID=48342) to work on /home/airflow/sandbox/lib/python3.8/site-packages/airflow/example_dags/example_trigger_controller_dag.py
[2021-11-28 06:58:09,848] {scheduler_job.py:633} INFO - Processing file /home/airflow/sandbox/lib/python3.8/site-packages/airflow/example_dags/example_trigger_controller_dag.py for tasks to queue
[2021-11-28 06:58:09,850] {logging_mixin.py:104} INFO - [2021-11-28 06:58:09,850] {dagbag.py:487} INFO - Filling up the DagBag from /home/airflow/sandbox/lib/python3.8/site-packages/airflow/example_dags/example_trigger_controller_dag.py
[2021-11-28 06:58:10,057] {scheduler_job.py:643} INFO - DAG(s) dict_keys(['example_trigger_controller_dag']) retrieved from /home/airflow/sandbox/lib/python3.8/site-packages/airflow/example_dags/example_trigger_controller_dag.py
[2021-11-28 06:58:10,275] {logging_mixin.py:104} INFO - [2021-11-28 06:58:10,275] {dag.py:1832} INFO - Sync 1 DAGs
[2021-11-28 06:58:10,407] {logging_mixin.py:104} INFO - [2021-11-28 06:58:10,407] {dag.py:2305} INFO - Setting next_dagrun for example_trigger_controller_dag to 2021-11-26 00:00:00+00:00
[2021-11-28 06:58:10,481] {scheduler_job.py:190} INFO - Processing /home/airflow/sandbox/lib/python3.8/site-packages/airflow/example_dags/example_trigger_controller_dag.py took 0.710 seconds
[2021-11-28 06:58:41,542] {scheduler_job.py:182} INFO - Started process (PID=48541) to work on /home/airflow/sandbox/lib/python3.8/site-packages/airflow/example_dags/example_trigger_controller_dag.py
[2021-11-28 06:58:41,598] {scheduler_job.py:633} INFO - Processing file /home/airflow/sandbox/lib/python3.8/site-packages/airflow/example_dags/example_trigger_controller_dag.py for tasks to queue
[2021-11-28 06:58:41,613] {logging_mixin.py:104} INFO - [2021-11-28 06:58:41,612] {dagbag.py:487} INFO - Filling up the DagBag from /home/airflow/sandbox/lib/python3.8/site-packages/airflow/example_dags/example_trigger_controller_dag.py
[2021-11-28 06:58:41,740] {scheduler_job.py:643} INFO - DAG(s) dict_keys(['example_trigger_controller_dag']) retrieved from /home/airflow/sandbox/lib/python3.8/site-packages/airflow/example_dags/example_trigger_controller_dag.py
[2021-11-28 06:58:41,917] {logging_mixin.py:104} INFO - [2021-11-28 06:58:41,916] {dag.py:1832} INFO - Sync 1 DAGs
[2021-11-28 06:58:42,023] {logging_mixin.py:104} INFO - [2021-11-28 06:58:42,022] {dag.py:2305} INFO - Setting next_dagrun for example_trigger_controller_dag to 2021-11-26 00:00:00+00:00
[2021-11-28 06:58:42,139] {scheduler_job.py:190} INFO - Processing /home/airflow/sandbox/lib/python3.8/site-packages/airflow/example_dags/example_trigger_controller_dag.py took 0.608 seconds
[2021-11-28 06:59:13,000] {scheduler_job.py:182} INFO - Started process (PID=48737) to work on /home/airflow/sandbox/lib/python3.8/site-packages/airflow/example_dags/example_trigger_controller_dag.py
[2021-11-28 06:59:13,043] {scheduler_job.py:633} INFO - Processing file /home/airflow/sandbox/lib/python3.8/site-packages/airflow/example_dags/example_trigger_controller_dag.py for tasks to queue
[2021-11-28 06:59:13,091] {logging_mixin.py:104} INFO - [2021-11-28 06:59:13,091] {dagbag.py:487} INFO - Filling up the DagBag from /home/airflow/sandbox/lib/python3.8/site-packages/airflow/example_dags/example_trigger_controller_dag.py
[2021-11-28 06:59:13,253] {scheduler_job.py:643} INFO - DAG(s) dict_keys(['example_trigger_controller_dag']) retrieved from /home/airflow/sandbox/lib/python3.8/site-packages/airflow/example_dags/example_trigger_controller_dag.py
[2021-11-28 06:59:13,658] {logging_mixin.py:104} INFO - [2021-11-28 06:59:13,658] {dag.py:1832} INFO - Sync 1 DAGs
[2021-11-28 06:59:13,898] {logging_mixin.py:104} INFO - [2021-11-28 06:59:13,898] {dag.py:2305} INFO - Setting next_dagrun for example_trigger_controller_dag to 2021-11-26 00:00:00+00:00
[2021-11-28 06:59:14,056] {scheduler_job.py:190} INFO - Processing /home/airflow/sandbox/lib/python3.8/site-packages/airflow/example_dags/example_trigger_controller_dag.py took 1.196 seconds
[2021-11-28 06:59:44,392] {scheduler_job.py:182} INFO - Started process (PID=48936) to work on /home/airflow/sandbox/lib/python3.8/site-packages/airflow/example_dags/example_trigger_controller_dag.py
[2021-11-28 06:59:44,401] {scheduler_job.py:633} INFO - Processing file /home/airflow/sandbox/lib/python3.8/site-packages/airflow/example_dags/example_trigger_controller_dag.py for tasks to queue
[2021-11-28 06:59:44,404] {logging_mixin.py:104} INFO - [2021-11-28 06:59:44,404] {dagbag.py:487} INFO - Filling up the DagBag from /home/airflow/sandbox/lib/python3.8/site-packages/airflow/example_dags/example_trigger_controller_dag.py
[2021-11-28 06:59:44,434] {scheduler_job.py:643} INFO - DAG(s) dict_keys(['example_trigger_controller_dag']) retrieved from /home/airflow/sandbox/lib/python3.8/site-packages/airflow/example_dags/example_trigger_controller_dag.py
[2021-11-28 06:59:44,622] {logging_mixin.py:104} INFO - [2021-11-28 06:59:44,622] {dag.py:1832} INFO - Sync 1 DAGs
[2021-11-28 06:59:44,727] {logging_mixin.py:104} INFO - [2021-11-28 06:59:44,727] {dag.py:2305} INFO - Setting next_dagrun for example_trigger_controller_dag to 2021-11-26 00:00:00+00:00
[2021-11-28 06:59:44,768] {scheduler_job.py:190} INFO - Processing /home/airflow/sandbox/lib/python3.8/site-packages/airflow/example_dags/example_trigger_controller_dag.py took 0.381 seconds
[2021-11-28 07:00:18,178] {scheduler_job.py:182} INFO - Started process (PID=49142) to work on /home/airflow/sandbox/lib/python3.8/site-packages/airflow/example_dags/example_trigger_controller_dag.py
[2021-11-28 07:00:18,202] {scheduler_job.py:633} INFO - Processing file /home/airflow/sandbox/lib/python3.8/site-packages/airflow/example_dags/example_trigger_controller_dag.py for tasks to queue
[2021-11-28 07:00:18,226] {logging_mixin.py:104} INFO - [2021-11-28 07:00:18,225] {dagbag.py:487} INFO - Filling up the DagBag from /home/airflow/sandbox/lib/python3.8/site-packages/airflow/example_dags/example_trigger_controller_dag.py
[2021-11-28 07:00:18,460] {scheduler_job.py:643} INFO - DAG(s) dict_keys(['example_trigger_controller_dag']) retrieved from /home/airflow/sandbox/lib/python3.8/site-packages/airflow/example_dags/example_trigger_controller_dag.py
[2021-11-28 07:00:18,932] {logging_mixin.py:104} INFO - [2021-11-28 07:00:18,932] {dag.py:1832} INFO - Sync 1 DAGs
[2021-11-28 07:00:19,351] {logging_mixin.py:104} INFO - [2021-11-28 07:00:19,350] {dag.py:2305} INFO - Setting next_dagrun for example_trigger_controller_dag to 2021-11-26 00:00:00+00:00
[2021-11-28 07:00:19,695] {scheduler_job.py:190} INFO - Processing /home/airflow/sandbox/lib/python3.8/site-packages/airflow/example_dags/example_trigger_controller_dag.py took 1.610 seconds
[2021-11-28 07:00:53,273] {scheduler_job.py:182} INFO - Started process (PID=49358) to work on /home/airflow/sandbox/lib/python3.8/site-packages/airflow/example_dags/example_trigger_controller_dag.py
[2021-11-28 07:00:53,290] {scheduler_job.py:633} INFO - Processing file /home/airflow/sandbox/lib/python3.8/site-packages/airflow/example_dags/example_trigger_controller_dag.py for tasks to queue
[2021-11-28 07:00:53,306] {logging_mixin.py:104} INFO - [2021-11-28 07:00:53,306] {dagbag.py:487} INFO - Filling up the DagBag from /home/airflow/sandbox/lib/python3.8/site-packages/airflow/example_dags/example_trigger_controller_dag.py
[2021-11-28 07:00:53,411] {scheduler_job.py:643} INFO - DAG(s) dict_keys(['example_trigger_controller_dag']) retrieved from /home/airflow/sandbox/lib/python3.8/site-packages/airflow/example_dags/example_trigger_controller_dag.py
[2021-11-28 07:00:53,731] {logging_mixin.py:104} INFO - [2021-11-28 07:00:53,730] {dag.py:1832} INFO - Sync 1 DAGs
[2021-11-28 07:00:53,913] {logging_mixin.py:104} INFO - [2021-11-28 07:00:53,912] {dag.py:2305} INFO - Setting next_dagrun for example_trigger_controller_dag to 2021-11-26 00:00:00+00:00
[2021-11-28 07:00:54,024] {scheduler_job.py:190} INFO - Processing /home/airflow/sandbox/lib/python3.8/site-packages/airflow/example_dags/example_trigger_controller_dag.py took 0.794 seconds
