[2021-11-28 06:22:46,749] {scheduler_job.py:182} INFO - Started process (PID=30976) to work on /home/airflow/sandbox/lib/python3.8/site-packages/airflow/example_dags/example_bash_operator.py
[2021-11-28 06:22:46,759] {scheduler_job.py:633} INFO - Processing file /home/airflow/sandbox/lib/python3.8/site-packages/airflow/example_dags/example_bash_operator.py for tasks to queue
[2021-11-28 06:22:46,765] {logging_mixin.py:104} INFO - [2021-11-28 06:22:46,764] {dagbag.py:487} INFO - Filling up the DagBag from /home/airflow/sandbox/lib/python3.8/site-packages/airflow/example_dags/example_bash_operator.py
[2021-11-28 06:22:46,924] {scheduler_job.py:643} INFO - DAG(s) dict_keys(['example_bash_operator']) retrieved from /home/airflow/sandbox/lib/python3.8/site-packages/airflow/example_dags/example_bash_operator.py
[2021-11-28 06:22:47,100] {logging_mixin.py:104} INFO - [2021-11-28 06:22:47,100] {dag.py:1832} INFO - Sync 1 DAGs
[2021-11-28 06:22:47,228] {logging_mixin.py:104} INFO - [2021-11-28 06:22:47,228] {dag.py:2305} INFO - Setting next_dagrun for example_bash_operator to 2021-11-26 00:00:00+00:00
[2021-11-28 06:22:47,376] {scheduler_job.py:190} INFO - Processing /home/airflow/sandbox/lib/python3.8/site-packages/airflow/example_dags/example_bash_operator.py took 0.634 seconds
[2021-11-28 06:23:28,155] {scheduler_job.py:182} INFO - Started process (PID=31283) to work on /home/airflow/sandbox/lib/python3.8/site-packages/airflow/example_dags/example_bash_operator.py
[2021-11-28 06:23:28,168] {scheduler_job.py:633} INFO - Processing file /home/airflow/sandbox/lib/python3.8/site-packages/airflow/example_dags/example_bash_operator.py for tasks to queue
[2021-11-28 06:23:28,184] {logging_mixin.py:104} INFO - [2021-11-28 06:23:28,184] {dagbag.py:487} INFO - Filling up the DagBag from /home/airflow/sandbox/lib/python3.8/site-packages/airflow/example_dags/example_bash_operator.py
[2021-11-28 06:23:28,387] {scheduler_job.py:643} INFO - DAG(s) dict_keys(['example_bash_operator']) retrieved from /home/airflow/sandbox/lib/python3.8/site-packages/airflow/example_dags/example_bash_operator.py
[2021-11-28 06:23:28,924] {logging_mixin.py:104} INFO - [2021-11-28 06:23:28,923] {dag.py:1832} INFO - Sync 1 DAGs
[2021-11-28 06:23:29,143] {logging_mixin.py:104} INFO - [2021-11-28 06:23:29,143] {dag.py:2305} INFO - Setting next_dagrun for example_bash_operator to 2021-11-26 00:00:00+00:00
[2021-11-28 06:23:29,303] {scheduler_job.py:190} INFO - Processing /home/airflow/sandbox/lib/python3.8/site-packages/airflow/example_dags/example_bash_operator.py took 1.245 seconds
[2021-11-28 06:24:11,688] {scheduler_job.py:182} INFO - Started process (PID=31511) to work on /home/airflow/sandbox/lib/python3.8/site-packages/airflow/example_dags/example_bash_operator.py
[2021-11-28 06:24:11,730] {scheduler_job.py:633} INFO - Processing file /home/airflow/sandbox/lib/python3.8/site-packages/airflow/example_dags/example_bash_operator.py for tasks to queue
[2021-11-28 06:24:11,732] {logging_mixin.py:104} INFO - [2021-11-28 06:24:11,731] {dagbag.py:487} INFO - Filling up the DagBag from /home/airflow/sandbox/lib/python3.8/site-packages/airflow/example_dags/example_bash_operator.py
[2021-11-28 06:24:12,257] {scheduler_job.py:643} INFO - DAG(s) dict_keys(['example_bash_operator']) retrieved from /home/airflow/sandbox/lib/python3.8/site-packages/airflow/example_dags/example_bash_operator.py
[2021-11-28 06:24:12,655] {logging_mixin.py:104} INFO - [2021-11-28 06:24:12,655] {dag.py:1832} INFO - Sync 1 DAGs
[2021-11-28 06:24:12,919] {logging_mixin.py:104} INFO - [2021-11-28 06:24:12,919] {dag.py:2305} INFO - Setting next_dagrun for example_bash_operator to 2021-11-26 00:00:00+00:00
[2021-11-28 06:24:13,050] {scheduler_job.py:190} INFO - Processing /home/airflow/sandbox/lib/python3.8/site-packages/airflow/example_dags/example_bash_operator.py took 1.404 seconds
[2021-11-28 06:24:44,723] {scheduler_job.py:182} INFO - Started process (PID=31734) to work on /home/airflow/sandbox/lib/python3.8/site-packages/airflow/example_dags/example_bash_operator.py
[2021-11-28 06:24:44,743] {scheduler_job.py:633} INFO - Processing file /home/airflow/sandbox/lib/python3.8/site-packages/airflow/example_dags/example_bash_operator.py for tasks to queue
[2021-11-28 06:24:44,752] {logging_mixin.py:104} INFO - [2021-11-28 06:24:44,752] {dagbag.py:487} INFO - Filling up the DagBag from /home/airflow/sandbox/lib/python3.8/site-packages/airflow/example_dags/example_bash_operator.py
[2021-11-28 06:24:44,839] {scheduler_job.py:643} INFO - DAG(s) dict_keys(['example_bash_operator']) retrieved from /home/airflow/sandbox/lib/python3.8/site-packages/airflow/example_dags/example_bash_operator.py
[2021-11-28 06:24:44,967] {logging_mixin.py:104} INFO - [2021-11-28 06:24:44,967] {dag.py:1832} INFO - Sync 1 DAGs
[2021-11-28 06:24:45,089] {logging_mixin.py:104} INFO - [2021-11-28 06:24:45,089] {dag.py:2305} INFO - Setting next_dagrun for example_bash_operator to 2021-11-26 00:00:00+00:00
[2021-11-28 06:24:45,194] {scheduler_job.py:190} INFO - Processing /home/airflow/sandbox/lib/python3.8/site-packages/airflow/example_dags/example_bash_operator.py took 0.512 seconds
[2021-11-28 06:25:22,010] {scheduler_job.py:182} INFO - Started process (PID=32165) to work on /home/airflow/sandbox/lib/python3.8/site-packages/airflow/example_dags/example_bash_operator.py
[2021-11-28 06:25:22,041] {scheduler_job.py:633} INFO - Processing file /home/airflow/sandbox/lib/python3.8/site-packages/airflow/example_dags/example_bash_operator.py for tasks to queue
[2021-11-28 06:25:22,043] {logging_mixin.py:104} INFO - [2021-11-28 06:25:22,042] {dagbag.py:487} INFO - Filling up the DagBag from /home/airflow/sandbox/lib/python3.8/site-packages/airflow/example_dags/example_bash_operator.py
[2021-11-28 06:25:22,257] {scheduler_job.py:643} INFO - DAG(s) dict_keys(['example_bash_operator']) retrieved from /home/airflow/sandbox/lib/python3.8/site-packages/airflow/example_dags/example_bash_operator.py
[2021-11-28 06:25:22,564] {logging_mixin.py:104} INFO - [2021-11-28 06:25:22,563] {dag.py:1832} INFO - Sync 1 DAGs
[2021-11-28 06:25:23,009] {logging_mixin.py:104} INFO - [2021-11-28 06:25:23,008] {dag.py:2305} INFO - Setting next_dagrun for example_bash_operator to 2021-11-26 00:00:00+00:00
[2021-11-28 06:25:23,161] {scheduler_job.py:190} INFO - Processing /home/airflow/sandbox/lib/python3.8/site-packages/airflow/example_dags/example_bash_operator.py took 1.172 seconds
[2021-11-28 06:25:53,462] {scheduler_job.py:182} INFO - Started process (PID=32407) to work on /home/airflow/sandbox/lib/python3.8/site-packages/airflow/example_dags/example_bash_operator.py
[2021-11-28 06:25:53,472] {scheduler_job.py:633} INFO - Processing file /home/airflow/sandbox/lib/python3.8/site-packages/airflow/example_dags/example_bash_operator.py for tasks to queue
[2021-11-28 06:25:53,489] {logging_mixin.py:104} INFO - [2021-11-28 06:25:53,488] {dagbag.py:487} INFO - Filling up the DagBag from /home/airflow/sandbox/lib/python3.8/site-packages/airflow/example_dags/example_bash_operator.py
[2021-11-28 06:25:53,634] {scheduler_job.py:643} INFO - DAG(s) dict_keys(['example_bash_operator']) retrieved from /home/airflow/sandbox/lib/python3.8/site-packages/airflow/example_dags/example_bash_operator.py
[2021-11-28 06:25:53,815] {logging_mixin.py:104} INFO - [2021-11-28 06:25:53,814] {dag.py:1832} INFO - Sync 1 DAGs
[2021-11-28 06:25:53,868] {logging_mixin.py:104} INFO - [2021-11-28 06:25:53,868] {dag.py:2305} INFO - Setting next_dagrun for example_bash_operator to 2021-11-26 00:00:00+00:00
[2021-11-28 06:25:53,911] {scheduler_job.py:190} INFO - Processing /home/airflow/sandbox/lib/python3.8/site-packages/airflow/example_dags/example_bash_operator.py took 0.471 seconds
[2021-11-28 06:26:29,140] {scheduler_job.py:182} INFO - Started process (PID=32604) to work on /home/airflow/sandbox/lib/python3.8/site-packages/airflow/example_dags/example_bash_operator.py
[2021-11-28 06:26:29,163] {scheduler_job.py:633} INFO - Processing file /home/airflow/sandbox/lib/python3.8/site-packages/airflow/example_dags/example_bash_operator.py for tasks to queue
[2021-11-28 06:26:29,204] {logging_mixin.py:104} INFO - [2021-11-28 06:26:29,204] {dagbag.py:487} INFO - Filling up the DagBag from /home/airflow/sandbox/lib/python3.8/site-packages/airflow/example_dags/example_bash_operator.py
[2021-11-28 06:26:29,686] {scheduler_job.py:643} INFO - DAG(s) dict_keys(['example_bash_operator']) retrieved from /home/airflow/sandbox/lib/python3.8/site-packages/airflow/example_dags/example_bash_operator.py
[2021-11-28 06:26:30,069] {logging_mixin.py:104} INFO - [2021-11-28 06:26:30,069] {dag.py:1832} INFO - Sync 1 DAGs
[2021-11-28 06:26:30,143] {logging_mixin.py:104} INFO - [2021-11-28 06:26:30,143] {dag.py:2305} INFO - Setting next_dagrun for example_bash_operator to 2021-11-26 00:00:00+00:00
[2021-11-28 06:26:30,276] {scheduler_job.py:190} INFO - Processing /home/airflow/sandbox/lib/python3.8/site-packages/airflow/example_dags/example_bash_operator.py took 1.181 seconds
[2021-11-28 06:27:01,053] {scheduler_job.py:182} INFO - Started process (PID=32959) to work on /home/airflow/sandbox/lib/python3.8/site-packages/airflow/example_dags/example_bash_operator.py
[2021-11-28 06:27:01,077] {scheduler_job.py:633} INFO - Processing file /home/airflow/sandbox/lib/python3.8/site-packages/airflow/example_dags/example_bash_operator.py for tasks to queue
[2021-11-28 06:27:01,078] {logging_mixin.py:104} INFO - [2021-11-28 06:27:01,078] {dagbag.py:487} INFO - Filling up the DagBag from /home/airflow/sandbox/lib/python3.8/site-packages/airflow/example_dags/example_bash_operator.py
[2021-11-28 06:27:01,142] {scheduler_job.py:643} INFO - DAG(s) dict_keys(['example_bash_operator']) retrieved from /home/airflow/sandbox/lib/python3.8/site-packages/airflow/example_dags/example_bash_operator.py
[2021-11-28 06:27:01,416] {logging_mixin.py:104} INFO - [2021-11-28 06:27:01,416] {dag.py:1832} INFO - Sync 1 DAGs
[2021-11-28 06:27:01,734] {logging_mixin.py:104} INFO - [2021-11-28 06:27:01,733] {dag.py:2305} INFO - Setting next_dagrun for example_bash_operator to 2021-11-26 00:00:00+00:00
[2021-11-28 06:27:02,007] {scheduler_job.py:190} INFO - Processing /home/airflow/sandbox/lib/python3.8/site-packages/airflow/example_dags/example_bash_operator.py took 0.972 seconds
[2021-11-28 06:28:10,733] {scheduler_job.py:182} INFO - Started process (PID=35215) to work on /home/airflow/sandbox/lib/python3.8/site-packages/airflow/example_dags/example_bash_operator.py
[2021-11-28 06:28:10,833] {scheduler_job.py:633} INFO - Processing file /home/airflow/sandbox/lib/python3.8/site-packages/airflow/example_dags/example_bash_operator.py for tasks to queue
[2021-11-28 06:28:10,834] {logging_mixin.py:104} INFO - [2021-11-28 06:28:10,834] {dagbag.py:487} INFO - Filling up the DagBag from /home/airflow/sandbox/lib/python3.8/site-packages/airflow/example_dags/example_bash_operator.py
[2021-11-28 06:28:11,197] {scheduler_job.py:643} INFO - DAG(s) dict_keys(['example_bash_operator']) retrieved from /home/airflow/sandbox/lib/python3.8/site-packages/airflow/example_dags/example_bash_operator.py
[2021-11-28 06:28:11,642] {logging_mixin.py:104} INFO - [2021-11-28 06:28:11,642] {dag.py:1832} INFO - Sync 1 DAGs
[2021-11-28 06:28:11,849] {logging_mixin.py:104} INFO - [2021-11-28 06:28:11,848] {dag.py:2305} INFO - Setting next_dagrun for example_bash_operator to 2021-11-26 00:00:00+00:00
[2021-11-28 06:28:12,125] {scheduler_job.py:190} INFO - Processing /home/airflow/sandbox/lib/python3.8/site-packages/airflow/example_dags/example_bash_operator.py took 1.521 seconds
[2021-11-28 06:28:42,865] {scheduler_job.py:182} INFO - Started process (PID=36074) to work on /home/airflow/sandbox/lib/python3.8/site-packages/airflow/example_dags/example_bash_operator.py
[2021-11-28 06:28:42,876] {scheduler_job.py:633} INFO - Processing file /home/airflow/sandbox/lib/python3.8/site-packages/airflow/example_dags/example_bash_operator.py for tasks to queue
[2021-11-28 06:28:42,891] {logging_mixin.py:104} INFO - [2021-11-28 06:28:42,891] {dagbag.py:487} INFO - Filling up the DagBag from /home/airflow/sandbox/lib/python3.8/site-packages/airflow/example_dags/example_bash_operator.py
[2021-11-28 06:28:42,947] {scheduler_job.py:643} INFO - DAG(s) dict_keys(['example_bash_operator']) retrieved from /home/airflow/sandbox/lib/python3.8/site-packages/airflow/example_dags/example_bash_operator.py
[2021-11-28 06:28:43,023] {logging_mixin.py:104} INFO - [2021-11-28 06:28:43,023] {dag.py:1832} INFO - Sync 1 DAGs
[2021-11-28 06:28:43,067] {logging_mixin.py:104} INFO - [2021-11-28 06:28:43,066] {dag.py:2305} INFO - Setting next_dagrun for example_bash_operator to 2021-11-26 00:00:00+00:00
[2021-11-28 06:28:43,109] {scheduler_job.py:190} INFO - Processing /home/airflow/sandbox/lib/python3.8/site-packages/airflow/example_dags/example_bash_operator.py took 0.291 seconds
[2021-11-28 06:29:14,175] {scheduler_job.py:182} INFO - Started process (PID=36315) to work on /home/airflow/sandbox/lib/python3.8/site-packages/airflow/example_dags/example_bash_operator.py
[2021-11-28 06:29:14,179] {scheduler_job.py:633} INFO - Processing file /home/airflow/sandbox/lib/python3.8/site-packages/airflow/example_dags/example_bash_operator.py for tasks to queue
[2021-11-28 06:29:14,180] {logging_mixin.py:104} INFO - [2021-11-28 06:29:14,180] {dagbag.py:487} INFO - Filling up the DagBag from /home/airflow/sandbox/lib/python3.8/site-packages/airflow/example_dags/example_bash_operator.py
[2021-11-28 06:29:14,292] {scheduler_job.py:643} INFO - DAG(s) dict_keys(['example_bash_operator']) retrieved from /home/airflow/sandbox/lib/python3.8/site-packages/airflow/example_dags/example_bash_operator.py
[2021-11-28 06:29:14,461] {logging_mixin.py:104} INFO - [2021-11-28 06:29:14,461] {dag.py:1832} INFO - Sync 1 DAGs
[2021-11-28 06:29:14,644] {logging_mixin.py:104} INFO - [2021-11-28 06:29:14,644] {dag.py:2305} INFO - Setting next_dagrun for example_bash_operator to 2021-11-26 00:00:00+00:00
[2021-11-28 06:29:14,697] {scheduler_job.py:190} INFO - Processing /home/airflow/sandbox/lib/python3.8/site-packages/airflow/example_dags/example_bash_operator.py took 0.541 seconds
[2021-11-28 06:29:47,987] {scheduler_job.py:182} INFO - Started process (PID=36680) to work on /home/airflow/sandbox/lib/python3.8/site-packages/airflow/example_dags/example_bash_operator.py
[2021-11-28 06:29:48,033] {scheduler_job.py:633} INFO - Processing file /home/airflow/sandbox/lib/python3.8/site-packages/airflow/example_dags/example_bash_operator.py for tasks to queue
[2021-11-28 06:29:48,044] {logging_mixin.py:104} INFO - [2021-11-28 06:29:48,044] {dagbag.py:487} INFO - Filling up the DagBag from /home/airflow/sandbox/lib/python3.8/site-packages/airflow/example_dags/example_bash_operator.py
[2021-11-28 06:29:48,360] {scheduler_job.py:643} INFO - DAG(s) dict_keys(['example_bash_operator']) retrieved from /home/airflow/sandbox/lib/python3.8/site-packages/airflow/example_dags/example_bash_operator.py
[2021-11-28 06:29:48,864] {logging_mixin.py:104} INFO - [2021-11-28 06:29:48,863] {dag.py:1832} INFO - Sync 1 DAGs
[2021-11-28 06:29:49,278] {logging_mixin.py:104} INFO - [2021-11-28 06:29:49,278] {dag.py:2305} INFO - Setting next_dagrun for example_bash_operator to 2021-11-26 00:00:00+00:00
[2021-11-28 06:29:49,408] {scheduler_job.py:190} INFO - Processing /home/airflow/sandbox/lib/python3.8/site-packages/airflow/example_dags/example_bash_operator.py took 1.479 seconds
[2021-11-28 06:30:25,678] {scheduler_job.py:182} INFO - Started process (PID=36880) to work on /home/airflow/sandbox/lib/python3.8/site-packages/airflow/example_dags/example_bash_operator.py
[2021-11-28 06:30:25,680] {scheduler_job.py:633} INFO - Processing file /home/airflow/sandbox/lib/python3.8/site-packages/airflow/example_dags/example_bash_operator.py for tasks to queue
[2021-11-28 06:30:25,704] {logging_mixin.py:104} INFO - [2021-11-28 06:30:25,704] {dagbag.py:487} INFO - Filling up the DagBag from /home/airflow/sandbox/lib/python3.8/site-packages/airflow/example_dags/example_bash_operator.py
[2021-11-28 06:30:25,818] {scheduler_job.py:643} INFO - DAG(s) dict_keys(['example_bash_operator']) retrieved from /home/airflow/sandbox/lib/python3.8/site-packages/airflow/example_dags/example_bash_operator.py
[2021-11-28 06:30:25,981] {logging_mixin.py:104} INFO - [2021-11-28 06:30:25,981] {dag.py:1832} INFO - Sync 1 DAGs
[2021-11-28 06:30:26,068] {logging_mixin.py:104} INFO - [2021-11-28 06:30:26,068] {dag.py:2305} INFO - Setting next_dagrun for example_bash_operator to 2021-11-26 00:00:00+00:00
[2021-11-28 06:30:26,368] {scheduler_job.py:190} INFO - Processing /home/airflow/sandbox/lib/python3.8/site-packages/airflow/example_dags/example_bash_operator.py took 0.701 seconds
[2021-11-28 06:31:01,036] {scheduler_job.py:182} INFO - Started process (PID=37078) to work on /home/airflow/sandbox/lib/python3.8/site-packages/airflow/example_dags/example_bash_operator.py
[2021-11-28 06:31:01,050] {scheduler_job.py:633} INFO - Processing file /home/airflow/sandbox/lib/python3.8/site-packages/airflow/example_dags/example_bash_operator.py for tasks to queue
[2021-11-28 06:31:01,071] {logging_mixin.py:104} INFO - [2021-11-28 06:31:01,051] {dagbag.py:487} INFO - Filling up the DagBag from /home/airflow/sandbox/lib/python3.8/site-packages/airflow/example_dags/example_bash_operator.py
[2021-11-28 06:31:01,257] {scheduler_job.py:643} INFO - DAG(s) dict_keys(['example_bash_operator']) retrieved from /home/airflow/sandbox/lib/python3.8/site-packages/airflow/example_dags/example_bash_operator.py
[2021-11-28 06:31:01,693] {logging_mixin.py:104} INFO - [2021-11-28 06:31:01,693] {dag.py:1832} INFO - Sync 1 DAGs
[2021-11-28 06:31:01,929] {logging_mixin.py:104} INFO - [2021-11-28 06:31:01,929] {dag.py:2305} INFO - Setting next_dagrun for example_bash_operator to 2021-11-26 00:00:00+00:00
[2021-11-28 06:31:02,876] {scheduler_job.py:190} INFO - Processing /home/airflow/sandbox/lib/python3.8/site-packages/airflow/example_dags/example_bash_operator.py took 1.884 seconds
[2021-11-28 06:31:33,195] {scheduler_job.py:182} INFO - Started process (PID=37281) to work on /home/airflow/sandbox/lib/python3.8/site-packages/airflow/example_dags/example_bash_operator.py
[2021-11-28 06:31:33,208] {scheduler_job.py:633} INFO - Processing file /home/airflow/sandbox/lib/python3.8/site-packages/airflow/example_dags/example_bash_operator.py for tasks to queue
[2021-11-28 06:31:33,224] {logging_mixin.py:104} INFO - [2021-11-28 06:31:33,224] {dagbag.py:487} INFO - Filling up the DagBag from /home/airflow/sandbox/lib/python3.8/site-packages/airflow/example_dags/example_bash_operator.py
[2021-11-28 06:31:33,329] {scheduler_job.py:643} INFO - DAG(s) dict_keys(['example_bash_operator']) retrieved from /home/airflow/sandbox/lib/python3.8/site-packages/airflow/example_dags/example_bash_operator.py
[2021-11-28 06:31:33,477] {logging_mixin.py:104} INFO - [2021-11-28 06:31:33,477] {dag.py:1832} INFO - Sync 1 DAGs
[2021-11-28 06:31:33,535] {logging_mixin.py:104} INFO - [2021-11-28 06:31:33,534] {dag.py:2305} INFO - Setting next_dagrun for example_bash_operator to 2021-11-26 00:00:00+00:00
[2021-11-28 06:31:33,748] {scheduler_job.py:190} INFO - Processing /home/airflow/sandbox/lib/python3.8/site-packages/airflow/example_dags/example_bash_operator.py took 0.599 seconds
[2021-11-28 06:32:17,235] {scheduler_job.py:182} INFO - Started process (PID=37491) to work on /home/airflow/sandbox/lib/python3.8/site-packages/airflow/example_dags/example_bash_operator.py
[2021-11-28 06:32:17,244] {scheduler_job.py:633} INFO - Processing file /home/airflow/sandbox/lib/python3.8/site-packages/airflow/example_dags/example_bash_operator.py for tasks to queue
[2021-11-28 06:32:17,247] {logging_mixin.py:104} INFO - [2021-11-28 06:32:17,246] {dagbag.py:487} INFO - Filling up the DagBag from /home/airflow/sandbox/lib/python3.8/site-packages/airflow/example_dags/example_bash_operator.py
[2021-11-28 06:32:17,526] {scheduler_job.py:643} INFO - DAG(s) dict_keys(['example_bash_operator']) retrieved from /home/airflow/sandbox/lib/python3.8/site-packages/airflow/example_dags/example_bash_operator.py
[2021-11-28 06:32:17,978] {logging_mixin.py:104} INFO - [2021-11-28 06:32:17,978] {dag.py:1832} INFO - Sync 1 DAGs
[2021-11-28 06:32:18,093] {logging_mixin.py:104} INFO - [2021-11-28 06:32:18,093] {dag.py:2305} INFO - Setting next_dagrun for example_bash_operator to 2021-11-26 00:00:00+00:00
[2021-11-28 06:32:18,770] {scheduler_job.py:190} INFO - Processing /home/airflow/sandbox/lib/python3.8/site-packages/airflow/example_dags/example_bash_operator.py took 1.611 seconds
[2021-11-28 06:32:49,406] {scheduler_job.py:182} INFO - Started process (PID=37929) to work on /home/airflow/sandbox/lib/python3.8/site-packages/airflow/example_dags/example_bash_operator.py
[2021-11-28 06:32:49,413] {scheduler_job.py:633} INFO - Processing file /home/airflow/sandbox/lib/python3.8/site-packages/airflow/example_dags/example_bash_operator.py for tasks to queue
[2021-11-28 06:32:49,415] {logging_mixin.py:104} INFO - [2021-11-28 06:32:49,414] {dagbag.py:487} INFO - Filling up the DagBag from /home/airflow/sandbox/lib/python3.8/site-packages/airflow/example_dags/example_bash_operator.py
[2021-11-28 06:32:49,461] {scheduler_job.py:643} INFO - DAG(s) dict_keys(['example_bash_operator']) retrieved from /home/airflow/sandbox/lib/python3.8/site-packages/airflow/example_dags/example_bash_operator.py
[2021-11-28 06:32:49,596] {logging_mixin.py:104} INFO - [2021-11-28 06:32:49,595] {dag.py:1832} INFO - Sync 1 DAGs
[2021-11-28 06:32:49,767] {logging_mixin.py:104} INFO - [2021-11-28 06:32:49,766] {dag.py:2305} INFO - Setting next_dagrun for example_bash_operator to 2021-11-26 00:00:00+00:00
[2021-11-28 06:32:49,811] {scheduler_job.py:190} INFO - Processing /home/airflow/sandbox/lib/python3.8/site-packages/airflow/example_dags/example_bash_operator.py took 0.504 seconds
[2021-11-28 06:33:20,190] {scheduler_job.py:182} INFO - Started process (PID=38129) to work on /home/airflow/sandbox/lib/python3.8/site-packages/airflow/example_dags/example_bash_operator.py
[2021-11-28 06:33:20,205] {scheduler_job.py:633} INFO - Processing file /home/airflow/sandbox/lib/python3.8/site-packages/airflow/example_dags/example_bash_operator.py for tasks to queue
[2021-11-28 06:33:20,206] {logging_mixin.py:104} INFO - [2021-11-28 06:33:20,206] {dagbag.py:487} INFO - Filling up the DagBag from /home/airflow/sandbox/lib/python3.8/site-packages/airflow/example_dags/example_bash_operator.py
[2021-11-28 06:33:20,272] {scheduler_job.py:643} INFO - DAG(s) dict_keys(['example_bash_operator']) retrieved from /home/airflow/sandbox/lib/python3.8/site-packages/airflow/example_dags/example_bash_operator.py
[2021-11-28 06:33:20,342] {logging_mixin.py:104} INFO - [2021-11-28 06:33:20,342] {dag.py:1832} INFO - Sync 1 DAGs
[2021-11-28 06:33:20,484] {logging_mixin.py:104} INFO - [2021-11-28 06:33:20,484] {dag.py:2305} INFO - Setting next_dagrun for example_bash_operator to 2021-11-26 00:00:00+00:00
[2021-11-28 06:33:20,523] {scheduler_job.py:190} INFO - Processing /home/airflow/sandbox/lib/python3.8/site-packages/airflow/example_dags/example_bash_operator.py took 0.356 seconds
[2021-11-28 06:33:50,743] {scheduler_job.py:182} INFO - Started process (PID=38329) to work on /home/airflow/sandbox/lib/python3.8/site-packages/airflow/example_dags/example_bash_operator.py
[2021-11-28 06:33:50,772] {scheduler_job.py:633} INFO - Processing file /home/airflow/sandbox/lib/python3.8/site-packages/airflow/example_dags/example_bash_operator.py for tasks to queue
[2021-11-28 06:33:50,779] {logging_mixin.py:104} INFO - [2021-11-28 06:33:50,778] {dagbag.py:487} INFO - Filling up the DagBag from /home/airflow/sandbox/lib/python3.8/site-packages/airflow/example_dags/example_bash_operator.py
[2021-11-28 06:33:50,838] {scheduler_job.py:643} INFO - DAG(s) dict_keys(['example_bash_operator']) retrieved from /home/airflow/sandbox/lib/python3.8/site-packages/airflow/example_dags/example_bash_operator.py
[2021-11-28 06:33:50,929] {logging_mixin.py:104} INFO - [2021-11-28 06:33:50,929] {dag.py:1832} INFO - Sync 1 DAGs
[2021-11-28 06:33:51,121] {logging_mixin.py:104} INFO - [2021-11-28 06:33:51,121] {dag.py:2305} INFO - Setting next_dagrun for example_bash_operator to 2021-11-26 00:00:00+00:00
[2021-11-28 06:33:51,151] {scheduler_job.py:190} INFO - Processing /home/airflow/sandbox/lib/python3.8/site-packages/airflow/example_dags/example_bash_operator.py took 0.451 seconds
[2021-11-28 06:34:21,647] {scheduler_job.py:182} INFO - Started process (PID=38529) to work on /home/airflow/sandbox/lib/python3.8/site-packages/airflow/example_dags/example_bash_operator.py
[2021-11-28 06:34:21,655] {scheduler_job.py:633} INFO - Processing file /home/airflow/sandbox/lib/python3.8/site-packages/airflow/example_dags/example_bash_operator.py for tasks to queue
[2021-11-28 06:34:21,660] {logging_mixin.py:104} INFO - [2021-11-28 06:34:21,659] {dagbag.py:487} INFO - Filling up the DagBag from /home/airflow/sandbox/lib/python3.8/site-packages/airflow/example_dags/example_bash_operator.py
[2021-11-28 06:34:21,722] {scheduler_job.py:643} INFO - DAG(s) dict_keys(['example_bash_operator']) retrieved from /home/airflow/sandbox/lib/python3.8/site-packages/airflow/example_dags/example_bash_operator.py
[2021-11-28 06:34:21,811] {logging_mixin.py:104} INFO - [2021-11-28 06:34:21,811] {dag.py:1832} INFO - Sync 1 DAGs
[2021-11-28 06:34:21,970] {logging_mixin.py:104} INFO - [2021-11-28 06:34:21,970] {dag.py:2305} INFO - Setting next_dagrun for example_bash_operator to 2021-11-26 00:00:00+00:00
[2021-11-28 06:34:22,009] {scheduler_job.py:190} INFO - Processing /home/airflow/sandbox/lib/python3.8/site-packages/airflow/example_dags/example_bash_operator.py took 0.389 seconds
[2021-11-28 06:34:54,307] {scheduler_job.py:182} INFO - Started process (PID=38725) to work on /home/airflow/sandbox/lib/python3.8/site-packages/airflow/example_dags/example_bash_operator.py
[2021-11-28 06:34:54,350] {scheduler_job.py:633} INFO - Processing file /home/airflow/sandbox/lib/python3.8/site-packages/airflow/example_dags/example_bash_operator.py for tasks to queue
[2021-11-28 06:34:54,385] {logging_mixin.py:104} INFO - [2021-11-28 06:34:54,385] {dagbag.py:487} INFO - Filling up the DagBag from /home/airflow/sandbox/lib/python3.8/site-packages/airflow/example_dags/example_bash_operator.py
[2021-11-28 06:34:54,650] {scheduler_job.py:643} INFO - DAG(s) dict_keys(['example_bash_operator']) retrieved from /home/airflow/sandbox/lib/python3.8/site-packages/airflow/example_dags/example_bash_operator.py
[2021-11-28 06:34:54,857] {logging_mixin.py:104} INFO - [2021-11-28 06:34:54,856] {dag.py:1832} INFO - Sync 1 DAGs
[2021-11-28 06:34:55,302] {logging_mixin.py:104} INFO - [2021-11-28 06:34:55,290] {dag.py:2305} INFO - Setting next_dagrun for example_bash_operator to 2021-11-26 00:00:00+00:00
[2021-11-28 06:34:55,339] {scheduler_job.py:190} INFO - Processing /home/airflow/sandbox/lib/python3.8/site-packages/airflow/example_dags/example_bash_operator.py took 1.099 seconds
[2021-11-28 06:35:32,155] {scheduler_job.py:182} INFO - Started process (PID=38927) to work on /home/airflow/sandbox/lib/python3.8/site-packages/airflow/example_dags/example_bash_operator.py
[2021-11-28 06:35:32,200] {scheduler_job.py:633} INFO - Processing file /home/airflow/sandbox/lib/python3.8/site-packages/airflow/example_dags/example_bash_operator.py for tasks to queue
[2021-11-28 06:35:32,240] {logging_mixin.py:104} INFO - [2021-11-28 06:35:32,239] {dagbag.py:487} INFO - Filling up the DagBag from /home/airflow/sandbox/lib/python3.8/site-packages/airflow/example_dags/example_bash_operator.py
[2021-11-28 06:35:32,751] {scheduler_job.py:643} INFO - DAG(s) dict_keys(['example_bash_operator']) retrieved from /home/airflow/sandbox/lib/python3.8/site-packages/airflow/example_dags/example_bash_operator.py
[2021-11-28 06:35:33,958] {logging_mixin.py:104} INFO - [2021-11-28 06:35:33,958] {dag.py:1832} INFO - Sync 1 DAGs
[2021-11-28 06:35:34,342] {logging_mixin.py:104} INFO - [2021-11-28 06:35:34,315] {dag.py:2305} INFO - Setting next_dagrun for example_bash_operator to 2021-11-26 00:00:00+00:00
[2021-11-28 06:35:34,467] {scheduler_job.py:190} INFO - Processing /home/airflow/sandbox/lib/python3.8/site-packages/airflow/example_dags/example_bash_operator.py took 2.370 seconds
[2021-11-28 06:36:05,032] {scheduler_job.py:182} INFO - Started process (PID=39123) to work on /home/airflow/sandbox/lib/python3.8/site-packages/airflow/example_dags/example_bash_operator.py
[2021-11-28 06:36:05,044] {scheduler_job.py:633} INFO - Processing file /home/airflow/sandbox/lib/python3.8/site-packages/airflow/example_dags/example_bash_operator.py for tasks to queue
[2021-11-28 06:36:05,055] {logging_mixin.py:104} INFO - [2021-11-28 06:36:05,055] {dagbag.py:487} INFO - Filling up the DagBag from /home/airflow/sandbox/lib/python3.8/site-packages/airflow/example_dags/example_bash_operator.py
[2021-11-28 06:36:05,170] {scheduler_job.py:643} INFO - DAG(s) dict_keys(['example_bash_operator']) retrieved from /home/airflow/sandbox/lib/python3.8/site-packages/airflow/example_dags/example_bash_operator.py
[2021-11-28 06:36:05,362] {logging_mixin.py:104} INFO - [2021-11-28 06:36:05,362] {dag.py:1832} INFO - Sync 1 DAGs
[2021-11-28 06:36:05,397] {logging_mixin.py:104} INFO - [2021-11-28 06:36:05,397] {dag.py:2305} INFO - Setting next_dagrun for example_bash_operator to 2021-11-26 00:00:00+00:00
[2021-11-28 06:36:05,459] {scheduler_job.py:190} INFO - Processing /home/airflow/sandbox/lib/python3.8/site-packages/airflow/example_dags/example_bash_operator.py took 0.451 seconds
[2021-11-28 06:36:37,617] {scheduler_job.py:182} INFO - Started process (PID=39339) to work on /home/airflow/sandbox/lib/python3.8/site-packages/airflow/example_dags/example_bash_operator.py
[2021-11-28 06:36:37,629] {scheduler_job.py:633} INFO - Processing file /home/airflow/sandbox/lib/python3.8/site-packages/airflow/example_dags/example_bash_operator.py for tasks to queue
[2021-11-28 06:36:37,645] {logging_mixin.py:104} INFO - [2021-11-28 06:36:37,631] {dagbag.py:487} INFO - Filling up the DagBag from /home/airflow/sandbox/lib/python3.8/site-packages/airflow/example_dags/example_bash_operator.py
[2021-11-28 06:36:37,761] {scheduler_job.py:643} INFO - DAG(s) dict_keys(['example_bash_operator']) retrieved from /home/airflow/sandbox/lib/python3.8/site-packages/airflow/example_dags/example_bash_operator.py
[2021-11-28 06:36:38,223] {logging_mixin.py:104} INFO - [2021-11-28 06:36:38,223] {dag.py:1832} INFO - Sync 1 DAGs
[2021-11-28 06:36:38,362] {logging_mixin.py:104} INFO - [2021-11-28 06:36:38,361] {dag.py:2305} INFO - Setting next_dagrun for example_bash_operator to 2021-11-26 00:00:00+00:00
[2021-11-28 06:36:38,442] {scheduler_job.py:190} INFO - Processing /home/airflow/sandbox/lib/python3.8/site-packages/airflow/example_dags/example_bash_operator.py took 0.909 seconds
[2021-11-28 06:37:09,398] {scheduler_job.py:182} INFO - Started process (PID=39537) to work on /home/airflow/sandbox/lib/python3.8/site-packages/airflow/example_dags/example_bash_operator.py
[2021-11-28 06:37:09,402] {scheduler_job.py:633} INFO - Processing file /home/airflow/sandbox/lib/python3.8/site-packages/airflow/example_dags/example_bash_operator.py for tasks to queue
[2021-11-28 06:37:09,406] {logging_mixin.py:104} INFO - [2021-11-28 06:37:09,406] {dagbag.py:487} INFO - Filling up the DagBag from /home/airflow/sandbox/lib/python3.8/site-packages/airflow/example_dags/example_bash_operator.py
[2021-11-28 06:37:09,505] {scheduler_job.py:643} INFO - DAG(s) dict_keys(['example_bash_operator']) retrieved from /home/airflow/sandbox/lib/python3.8/site-packages/airflow/example_dags/example_bash_operator.py
[2021-11-28 06:37:09,930] {logging_mixin.py:104} INFO - [2021-11-28 06:37:09,930] {dag.py:1832} INFO - Sync 1 DAGs
[2021-11-28 06:37:10,007] {logging_mixin.py:104} INFO - [2021-11-28 06:37:10,006] {dag.py:2305} INFO - Setting next_dagrun for example_bash_operator to 2021-11-26 00:00:00+00:00
[2021-11-28 06:37:10,054] {scheduler_job.py:190} INFO - Processing /home/airflow/sandbox/lib/python3.8/site-packages/airflow/example_dags/example_bash_operator.py took 0.684 seconds
[2021-11-28 06:37:41,065] {scheduler_job.py:182} INFO - Started process (PID=39732) to work on /home/airflow/sandbox/lib/python3.8/site-packages/airflow/example_dags/example_bash_operator.py
[2021-11-28 06:37:41,069] {scheduler_job.py:633} INFO - Processing file /home/airflow/sandbox/lib/python3.8/site-packages/airflow/example_dags/example_bash_operator.py for tasks to queue
[2021-11-28 06:37:41,106] {logging_mixin.py:104} INFO - [2021-11-28 06:37:41,106] {dagbag.py:487} INFO - Filling up the DagBag from /home/airflow/sandbox/lib/python3.8/site-packages/airflow/example_dags/example_bash_operator.py
[2021-11-28 06:37:41,687] {scheduler_job.py:643} INFO - DAG(s) dict_keys(['example_bash_operator']) retrieved from /home/airflow/sandbox/lib/python3.8/site-packages/airflow/example_dags/example_bash_operator.py
[2021-11-28 06:37:41,940] {logging_mixin.py:104} INFO - [2021-11-28 06:37:41,940] {dag.py:1832} INFO - Sync 1 DAGs
[2021-11-28 06:37:42,218] {logging_mixin.py:104} INFO - [2021-11-28 06:37:42,218] {dag.py:2305} INFO - Setting next_dagrun for example_bash_operator to 2021-11-26 00:00:00+00:00
[2021-11-28 06:37:42,430] {scheduler_job.py:190} INFO - Processing /home/airflow/sandbox/lib/python3.8/site-packages/airflow/example_dags/example_bash_operator.py took 1.471 seconds
[2021-11-28 06:38:13,389] {scheduler_job.py:182} INFO - Started process (PID=40176) to work on /home/airflow/sandbox/lib/python3.8/site-packages/airflow/example_dags/example_bash_operator.py
[2021-11-28 06:38:13,398] {scheduler_job.py:633} INFO - Processing file /home/airflow/sandbox/lib/python3.8/site-packages/airflow/example_dags/example_bash_operator.py for tasks to queue
[2021-11-28 06:38:13,399] {logging_mixin.py:104} INFO - [2021-11-28 06:38:13,399] {dagbag.py:487} INFO - Filling up the DagBag from /home/airflow/sandbox/lib/python3.8/site-packages/airflow/example_dags/example_bash_operator.py
[2021-11-28 06:38:13,867] {scheduler_job.py:643} INFO - DAG(s) dict_keys(['example_bash_operator']) retrieved from /home/airflow/sandbox/lib/python3.8/site-packages/airflow/example_dags/example_bash_operator.py
[2021-11-28 06:38:13,979] {logging_mixin.py:104} INFO - [2021-11-28 06:38:13,979] {dag.py:1832} INFO - Sync 1 DAGs
[2021-11-28 06:38:14,050] {logging_mixin.py:104} INFO - [2021-11-28 06:38:14,050] {dag.py:2305} INFO - Setting next_dagrun for example_bash_operator to 2021-11-26 00:00:00+00:00
[2021-11-28 06:38:14,119] {scheduler_job.py:190} INFO - Processing /home/airflow/sandbox/lib/python3.8/site-packages/airflow/example_dags/example_bash_operator.py took 0.755 seconds
[2021-11-28 06:38:46,891] {scheduler_job.py:182} INFO - Started process (PID=40358) to work on /home/airflow/sandbox/lib/python3.8/site-packages/airflow/example_dags/example_bash_operator.py
[2021-11-28 06:38:46,900] {scheduler_job.py:633} INFO - Processing file /home/airflow/sandbox/lib/python3.8/site-packages/airflow/example_dags/example_bash_operator.py for tasks to queue
[2021-11-28 06:38:46,903] {logging_mixin.py:104} INFO - [2021-11-28 06:38:46,903] {dagbag.py:487} INFO - Filling up the DagBag from /home/airflow/sandbox/lib/python3.8/site-packages/airflow/example_dags/example_bash_operator.py
[2021-11-28 06:38:47,320] {scheduler_job.py:643} INFO - DAG(s) dict_keys(['example_bash_operator']) retrieved from /home/airflow/sandbox/lib/python3.8/site-packages/airflow/example_dags/example_bash_operator.py
[2021-11-28 06:38:47,440] {logging_mixin.py:104} INFO - [2021-11-28 06:38:47,440] {dag.py:1832} INFO - Sync 1 DAGs
[2021-11-28 06:38:47,590] {logging_mixin.py:104} INFO - [2021-11-28 06:38:47,590] {dag.py:2305} INFO - Setting next_dagrun for example_bash_operator to 2021-11-26 00:00:00+00:00
[2021-11-28 06:38:47,703] {scheduler_job.py:190} INFO - Processing /home/airflow/sandbox/lib/python3.8/site-packages/airflow/example_dags/example_bash_operator.py took 0.851 seconds
[2021-11-28 06:39:31,267] {scheduler_job.py:182} INFO - Started process (PID=40563) to work on /home/airflow/sandbox/lib/python3.8/site-packages/airflow/example_dags/example_bash_operator.py
[2021-11-28 06:39:31,287] {scheduler_job.py:633} INFO - Processing file /home/airflow/sandbox/lib/python3.8/site-packages/airflow/example_dags/example_bash_operator.py for tasks to queue
[2021-11-28 06:39:31,290] {logging_mixin.py:104} INFO - [2021-11-28 06:39:31,290] {dagbag.py:487} INFO - Filling up the DagBag from /home/airflow/sandbox/lib/python3.8/site-packages/airflow/example_dags/example_bash_operator.py
[2021-11-28 06:39:32,140] {scheduler_job.py:643} INFO - DAG(s) dict_keys(['example_bash_operator']) retrieved from /home/airflow/sandbox/lib/python3.8/site-packages/airflow/example_dags/example_bash_operator.py
[2021-11-28 06:39:32,576] {logging_mixin.py:104} INFO - [2021-11-28 06:39:32,576] {dag.py:1832} INFO - Sync 1 DAGs
[2021-11-28 06:39:32,793] {logging_mixin.py:104} INFO - [2021-11-28 06:39:32,792] {dag.py:2305} INFO - Setting next_dagrun for example_bash_operator to 2021-11-26 00:00:00+00:00
[2021-11-28 06:39:32,930] {scheduler_job.py:190} INFO - Processing /home/airflow/sandbox/lib/python3.8/site-packages/airflow/example_dags/example_bash_operator.py took 1.668 seconds
[2021-11-28 06:40:03,271] {scheduler_job.py:182} INFO - Started process (PID=40765) to work on /home/airflow/sandbox/lib/python3.8/site-packages/airflow/example_dags/example_bash_operator.py
[2021-11-28 06:40:03,540] {scheduler_job.py:633} INFO - Processing file /home/airflow/sandbox/lib/python3.8/site-packages/airflow/example_dags/example_bash_operator.py for tasks to queue
[2021-11-28 06:40:03,543] {logging_mixin.py:104} INFO - [2021-11-28 06:40:03,543] {dagbag.py:487} INFO - Filling up the DagBag from /home/airflow/sandbox/lib/python3.8/site-packages/airflow/example_dags/example_bash_operator.py
[2021-11-28 06:40:03,572] {scheduler_job.py:643} INFO - DAG(s) dict_keys(['example_bash_operator']) retrieved from /home/airflow/sandbox/lib/python3.8/site-packages/airflow/example_dags/example_bash_operator.py
[2021-11-28 06:40:03,724] {logging_mixin.py:104} INFO - [2021-11-28 06:40:03,724] {dag.py:1832} INFO - Sync 1 DAGs
[2021-11-28 06:40:03,813] {logging_mixin.py:104} INFO - [2021-11-28 06:40:03,813] {dag.py:2305} INFO - Setting next_dagrun for example_bash_operator to 2021-11-26 00:00:00+00:00
[2021-11-28 06:40:03,835] {scheduler_job.py:190} INFO - Processing /home/airflow/sandbox/lib/python3.8/site-packages/airflow/example_dags/example_bash_operator.py took 0.577 seconds
[2021-11-28 06:40:34,055] {scheduler_job.py:182} INFO - Started process (PID=40964) to work on /home/airflow/sandbox/lib/python3.8/site-packages/airflow/example_dags/example_bash_operator.py
[2021-11-28 06:40:34,060] {scheduler_job.py:633} INFO - Processing file /home/airflow/sandbox/lib/python3.8/site-packages/airflow/example_dags/example_bash_operator.py for tasks to queue
[2021-11-28 06:40:34,061] {logging_mixin.py:104} INFO - [2021-11-28 06:40:34,060] {dagbag.py:487} INFO - Filling up the DagBag from /home/airflow/sandbox/lib/python3.8/site-packages/airflow/example_dags/example_bash_operator.py
[2021-11-28 06:40:34,146] {scheduler_job.py:643} INFO - DAG(s) dict_keys(['example_bash_operator']) retrieved from /home/airflow/sandbox/lib/python3.8/site-packages/airflow/example_dags/example_bash_operator.py
[2021-11-28 06:40:34,358] {logging_mixin.py:104} INFO - [2021-11-28 06:40:34,357] {dag.py:1832} INFO - Sync 1 DAGs
[2021-11-28 06:40:34,455] {logging_mixin.py:104} INFO - [2021-11-28 06:40:34,455] {dag.py:2305} INFO - Setting next_dagrun for example_bash_operator to 2021-11-26 00:00:00+00:00
[2021-11-28 06:40:34,503] {scheduler_job.py:190} INFO - Processing /home/airflow/sandbox/lib/python3.8/site-packages/airflow/example_dags/example_bash_operator.py took 0.467 seconds
[2021-11-28 06:41:11,286] {scheduler_job.py:182} INFO - Started process (PID=41163) to work on /home/airflow/sandbox/lib/python3.8/site-packages/airflow/example_dags/example_bash_operator.py
[2021-11-28 06:41:11,352] {scheduler_job.py:633} INFO - Processing file /home/airflow/sandbox/lib/python3.8/site-packages/airflow/example_dags/example_bash_operator.py for tasks to queue
[2021-11-28 06:41:11,391] {logging_mixin.py:104} INFO - [2021-11-28 06:41:11,354] {dagbag.py:487} INFO - Filling up the DagBag from /home/airflow/sandbox/lib/python3.8/site-packages/airflow/example_dags/example_bash_operator.py
[2021-11-28 06:41:11,701] {scheduler_job.py:643} INFO - DAG(s) dict_keys(['example_bash_operator']) retrieved from /home/airflow/sandbox/lib/python3.8/site-packages/airflow/example_dags/example_bash_operator.py
[2021-11-28 06:41:12,221] {logging_mixin.py:104} INFO - [2021-11-28 06:41:12,221] {dag.py:1832} INFO - Sync 1 DAGs
[2021-11-28 06:41:12,552] {logging_mixin.py:104} INFO - [2021-11-28 06:41:12,552] {dag.py:2305} INFO - Setting next_dagrun for example_bash_operator to 2021-11-26 00:00:00+00:00
[2021-11-28 06:41:12,859] {scheduler_job.py:190} INFO - Processing /home/airflow/sandbox/lib/python3.8/site-packages/airflow/example_dags/example_bash_operator.py took 1.643 seconds
[2021-11-28 06:41:43,455] {scheduler_job.py:182} INFO - Started process (PID=41357) to work on /home/airflow/sandbox/lib/python3.8/site-packages/airflow/example_dags/example_bash_operator.py
[2021-11-28 06:41:43,528] {scheduler_job.py:633} INFO - Processing file /home/airflow/sandbox/lib/python3.8/site-packages/airflow/example_dags/example_bash_operator.py for tasks to queue
[2021-11-28 06:41:43,548] {logging_mixin.py:104} INFO - [2021-11-28 06:41:43,547] {dagbag.py:487} INFO - Filling up the DagBag from /home/airflow/sandbox/lib/python3.8/site-packages/airflow/example_dags/example_bash_operator.py
[2021-11-28 06:41:43,889] {scheduler_job.py:643} INFO - DAG(s) dict_keys(['example_bash_operator']) retrieved from /home/airflow/sandbox/lib/python3.8/site-packages/airflow/example_dags/example_bash_operator.py
[2021-11-28 06:41:44,237] {logging_mixin.py:104} INFO - [2021-11-28 06:41:44,236] {dag.py:1832} INFO - Sync 1 DAGs
[2021-11-28 06:41:44,650] {logging_mixin.py:104} INFO - [2021-11-28 06:41:44,649] {dag.py:2305} INFO - Setting next_dagrun for example_bash_operator to 2021-11-26 00:00:00+00:00
[2021-11-28 06:41:44,864] {scheduler_job.py:190} INFO - Processing /home/airflow/sandbox/lib/python3.8/site-packages/airflow/example_dags/example_bash_operator.py took 1.471 seconds
[2021-11-28 06:42:15,567] {scheduler_job.py:182} INFO - Started process (PID=41552) to work on /home/airflow/sandbox/lib/python3.8/site-packages/airflow/example_dags/example_bash_operator.py
[2021-11-28 06:42:15,579] {scheduler_job.py:633} INFO - Processing file /home/airflow/sandbox/lib/python3.8/site-packages/airflow/example_dags/example_bash_operator.py for tasks to queue
[2021-11-28 06:42:15,583] {logging_mixin.py:104} INFO - [2021-11-28 06:42:15,583] {dagbag.py:487} INFO - Filling up the DagBag from /home/airflow/sandbox/lib/python3.8/site-packages/airflow/example_dags/example_bash_operator.py
[2021-11-28 06:42:15,617] {scheduler_job.py:643} INFO - DAG(s) dict_keys(['example_bash_operator']) retrieved from /home/airflow/sandbox/lib/python3.8/site-packages/airflow/example_dags/example_bash_operator.py
[2021-11-28 06:42:15,726] {logging_mixin.py:104} INFO - [2021-11-28 06:42:15,725] {dag.py:1832} INFO - Sync 1 DAGs
[2021-11-28 06:42:15,790] {logging_mixin.py:104} INFO - [2021-11-28 06:42:15,790] {dag.py:2305} INFO - Setting next_dagrun for example_bash_operator to 2021-11-26 00:00:00+00:00
[2021-11-28 06:42:15,829] {scheduler_job.py:190} INFO - Processing /home/airflow/sandbox/lib/python3.8/site-packages/airflow/example_dags/example_bash_operator.py took 0.282 seconds
[2021-11-28 06:42:53,135] {scheduler_job.py:182} INFO - Started process (PID=41887) to work on /home/airflow/sandbox/lib/python3.8/site-packages/airflow/example_dags/example_bash_operator.py
[2021-11-28 06:42:53,159] {scheduler_job.py:633} INFO - Processing file /home/airflow/sandbox/lib/python3.8/site-packages/airflow/example_dags/example_bash_operator.py for tasks to queue
[2021-11-28 06:42:53,165] {logging_mixin.py:104} INFO - [2021-11-28 06:42:53,164] {dagbag.py:487} INFO - Filling up the DagBag from /home/airflow/sandbox/lib/python3.8/site-packages/airflow/example_dags/example_bash_operator.py
[2021-11-28 06:42:53,296] {scheduler_job.py:643} INFO - DAG(s) dict_keys(['example_bash_operator']) retrieved from /home/airflow/sandbox/lib/python3.8/site-packages/airflow/example_dags/example_bash_operator.py
[2021-11-28 06:42:53,518] {logging_mixin.py:104} INFO - [2021-11-28 06:42:53,518] {dag.py:1832} INFO - Sync 1 DAGs
[2021-11-28 06:42:53,713] {logging_mixin.py:104} INFO - [2021-11-28 06:42:53,712] {dag.py:2305} INFO - Setting next_dagrun for example_bash_operator to 2021-11-26 00:00:00+00:00
[2021-11-28 06:42:53,792] {scheduler_job.py:190} INFO - Processing /home/airflow/sandbox/lib/python3.8/site-packages/airflow/example_dags/example_bash_operator.py took 0.681 seconds
[2021-11-28 06:43:26,008] {scheduler_job.py:182} INFO - Started process (PID=42165) to work on /home/airflow/sandbox/lib/python3.8/site-packages/airflow/example_dags/example_bash_operator.py
[2021-11-28 06:43:26,019] {scheduler_job.py:633} INFO - Processing file /home/airflow/sandbox/lib/python3.8/site-packages/airflow/example_dags/example_bash_operator.py for tasks to queue
[2021-11-28 06:43:26,022] {logging_mixin.py:104} INFO - [2021-11-28 06:43:26,022] {dagbag.py:487} INFO - Filling up the DagBag from /home/airflow/sandbox/lib/python3.8/site-packages/airflow/example_dags/example_bash_operator.py
[2021-11-28 06:43:26,082] {scheduler_job.py:643} INFO - DAG(s) dict_keys(['example_bash_operator']) retrieved from /home/airflow/sandbox/lib/python3.8/site-packages/airflow/example_dags/example_bash_operator.py
[2021-11-28 06:43:26,297] {logging_mixin.py:104} INFO - [2021-11-28 06:43:26,297] {dag.py:1832} INFO - Sync 1 DAGs
[2021-11-28 06:43:26,636] {logging_mixin.py:104} INFO - [2021-11-28 06:43:26,636] {dag.py:2305} INFO - Setting next_dagrun for example_bash_operator to 2021-11-26 00:00:00+00:00
[2021-11-28 06:43:26,792] {scheduler_job.py:190} INFO - Processing /home/airflow/sandbox/lib/python3.8/site-packages/airflow/example_dags/example_bash_operator.py took 0.804 seconds
[2021-11-28 06:43:58,957] {scheduler_job.py:182} INFO - Started process (PID=42351) to work on /home/airflow/sandbox/lib/python3.8/site-packages/airflow/example_dags/example_bash_operator.py
[2021-11-28 06:43:58,977] {scheduler_job.py:633} INFO - Processing file /home/airflow/sandbox/lib/python3.8/site-packages/airflow/example_dags/example_bash_operator.py for tasks to queue
[2021-11-28 06:43:58,980] {logging_mixin.py:104} INFO - [2021-11-28 06:43:58,979] {dagbag.py:487} INFO - Filling up the DagBag from /home/airflow/sandbox/lib/python3.8/site-packages/airflow/example_dags/example_bash_operator.py
[2021-11-28 06:43:59,442] {scheduler_job.py:643} INFO - DAG(s) dict_keys(['example_bash_operator']) retrieved from /home/airflow/sandbox/lib/python3.8/site-packages/airflow/example_dags/example_bash_operator.py
[2021-11-28 06:43:59,855] {logging_mixin.py:104} INFO - [2021-11-28 06:43:59,855] {dag.py:1832} INFO - Sync 1 DAGs
[2021-11-28 06:44:00,227] {logging_mixin.py:104} INFO - [2021-11-28 06:44:00,227] {dag.py:2305} INFO - Setting next_dagrun for example_bash_operator to 2021-11-26 00:00:00+00:00
[2021-11-28 06:44:00,464] {scheduler_job.py:190} INFO - Processing /home/airflow/sandbox/lib/python3.8/site-packages/airflow/example_dags/example_bash_operator.py took 1.607 seconds
[2021-11-28 06:44:31,358] {scheduler_job.py:182} INFO - Started process (PID=42553) to work on /home/airflow/sandbox/lib/python3.8/site-packages/airflow/example_dags/example_bash_operator.py
[2021-11-28 06:44:31,372] {scheduler_job.py:633} INFO - Processing file /home/airflow/sandbox/lib/python3.8/site-packages/airflow/example_dags/example_bash_operator.py for tasks to queue
[2021-11-28 06:44:31,385] {logging_mixin.py:104} INFO - [2021-11-28 06:44:31,384] {dagbag.py:487} INFO - Filling up the DagBag from /home/airflow/sandbox/lib/python3.8/site-packages/airflow/example_dags/example_bash_operator.py
[2021-11-28 06:44:31,540] {scheduler_job.py:643} INFO - DAG(s) dict_keys(['example_bash_operator']) retrieved from /home/airflow/sandbox/lib/python3.8/site-packages/airflow/example_dags/example_bash_operator.py
[2021-11-28 06:44:31,615] {logging_mixin.py:104} INFO - [2021-11-28 06:44:31,615] {dag.py:1832} INFO - Sync 1 DAGs
[2021-11-28 06:44:31,651] {logging_mixin.py:104} INFO - [2021-11-28 06:44:31,651] {dag.py:2305} INFO - Setting next_dagrun for example_bash_operator to 2021-11-26 00:00:00+00:00
[2021-11-28 06:44:31,704] {scheduler_job.py:190} INFO - Processing /home/airflow/sandbox/lib/python3.8/site-packages/airflow/example_dags/example_bash_operator.py took 0.363 seconds
[2021-11-28 06:45:09,522] {scheduler_job.py:182} INFO - Started process (PID=42760) to work on /home/airflow/sandbox/lib/python3.8/site-packages/airflow/example_dags/example_bash_operator.py
[2021-11-28 06:45:09,580] {scheduler_job.py:633} INFO - Processing file /home/airflow/sandbox/lib/python3.8/site-packages/airflow/example_dags/example_bash_operator.py for tasks to queue
[2021-11-28 06:45:09,605] {logging_mixin.py:104} INFO - [2021-11-28 06:45:09,604] {dagbag.py:487} INFO - Filling up the DagBag from /home/airflow/sandbox/lib/python3.8/site-packages/airflow/example_dags/example_bash_operator.py
[2021-11-28 06:45:09,952] {scheduler_job.py:643} INFO - DAG(s) dict_keys(['example_bash_operator']) retrieved from /home/airflow/sandbox/lib/python3.8/site-packages/airflow/example_dags/example_bash_operator.py
[2021-11-28 06:45:10,492] {logging_mixin.py:104} INFO - [2021-11-28 06:45:10,492] {dag.py:1832} INFO - Sync 1 DAGs
[2021-11-28 06:45:10,826] {logging_mixin.py:104} INFO - [2021-11-28 06:45:10,826] {dag.py:2305} INFO - Setting next_dagrun for example_bash_operator to 2021-11-26 00:00:00+00:00
[2021-11-28 06:45:11,106] {scheduler_job.py:190} INFO - Processing /home/airflow/sandbox/lib/python3.8/site-packages/airflow/example_dags/example_bash_operator.py took 1.691 seconds
[2021-11-28 06:45:44,595] {scheduler_job.py:182} INFO - Started process (PID=42959) to work on /home/airflow/sandbox/lib/python3.8/site-packages/airflow/example_dags/example_bash_operator.py
[2021-11-28 06:45:44,616] {scheduler_job.py:633} INFO - Processing file /home/airflow/sandbox/lib/python3.8/site-packages/airflow/example_dags/example_bash_operator.py for tasks to queue
[2021-11-28 06:45:44,617] {logging_mixin.py:104} INFO - [2021-11-28 06:45:44,617] {dagbag.py:487} INFO - Filling up the DagBag from /home/airflow/sandbox/lib/python3.8/site-packages/airflow/example_dags/example_bash_operator.py
[2021-11-28 06:45:44,759] {scheduler_job.py:643} INFO - DAG(s) dict_keys(['example_bash_operator']) retrieved from /home/airflow/sandbox/lib/python3.8/site-packages/airflow/example_dags/example_bash_operator.py
[2021-11-28 06:45:44,929] {logging_mixin.py:104} INFO - [2021-11-28 06:45:44,929] {dag.py:1832} INFO - Sync 1 DAGs
[2021-11-28 06:45:45,054] {logging_mixin.py:104} INFO - [2021-11-28 06:45:45,054] {dag.py:2305} INFO - Setting next_dagrun for example_bash_operator to 2021-11-26 00:00:00+00:00
[2021-11-28 06:45:45,139] {scheduler_job.py:190} INFO - Processing /home/airflow/sandbox/lib/python3.8/site-packages/airflow/example_dags/example_bash_operator.py took 0.584 seconds
[2021-11-28 06:46:15,395] {scheduler_job.py:182} INFO - Started process (PID=43156) to work on /home/airflow/sandbox/lib/python3.8/site-packages/airflow/example_dags/example_bash_operator.py
[2021-11-28 06:46:15,415] {scheduler_job.py:633} INFO - Processing file /home/airflow/sandbox/lib/python3.8/site-packages/airflow/example_dags/example_bash_operator.py for tasks to queue
[2021-11-28 06:46:15,436] {logging_mixin.py:104} INFO - [2021-11-28 06:46:15,436] {dagbag.py:487} INFO - Filling up the DagBag from /home/airflow/sandbox/lib/python3.8/site-packages/airflow/example_dags/example_bash_operator.py
[2021-11-28 06:46:15,684] {scheduler_job.py:643} INFO - DAG(s) dict_keys(['example_bash_operator']) retrieved from /home/airflow/sandbox/lib/python3.8/site-packages/airflow/example_dags/example_bash_operator.py
[2021-11-28 06:46:16,088] {logging_mixin.py:104} INFO - [2021-11-28 06:46:16,087] {dag.py:1832} INFO - Sync 1 DAGs
[2021-11-28 06:46:16,352] {logging_mixin.py:104} INFO - [2021-11-28 06:46:16,352] {dag.py:2305} INFO - Setting next_dagrun for example_bash_operator to 2021-11-26 00:00:00+00:00
[2021-11-28 06:46:16,443] {scheduler_job.py:190} INFO - Processing /home/airflow/sandbox/lib/python3.8/site-packages/airflow/example_dags/example_bash_operator.py took 1.094 seconds
[2021-11-28 06:46:48,286] {scheduler_job.py:182} INFO - Started process (PID=43353) to work on /home/airflow/sandbox/lib/python3.8/site-packages/airflow/example_dags/example_bash_operator.py
[2021-11-28 06:46:48,322] {scheduler_job.py:633} INFO - Processing file /home/airflow/sandbox/lib/python3.8/site-packages/airflow/example_dags/example_bash_operator.py for tasks to queue
[2021-11-28 06:46:48,326] {logging_mixin.py:104} INFO - [2021-11-28 06:46:48,325] {dagbag.py:487} INFO - Filling up the DagBag from /home/airflow/sandbox/lib/python3.8/site-packages/airflow/example_dags/example_bash_operator.py
[2021-11-28 06:46:48,629] {scheduler_job.py:643} INFO - DAG(s) dict_keys(['example_bash_operator']) retrieved from /home/airflow/sandbox/lib/python3.8/site-packages/airflow/example_dags/example_bash_operator.py
[2021-11-28 06:46:49,087] {logging_mixin.py:104} INFO - [2021-11-28 06:46:49,087] {dag.py:1832} INFO - Sync 1 DAGs
[2021-11-28 06:46:49,326] {logging_mixin.py:104} INFO - [2021-11-28 06:46:49,325] {dag.py:2305} INFO - Setting next_dagrun for example_bash_operator to 2021-11-26 00:00:00+00:00
[2021-11-28 06:46:49,414] {scheduler_job.py:190} INFO - Processing /home/airflow/sandbox/lib/python3.8/site-packages/airflow/example_dags/example_bash_operator.py took 1.220 seconds
[2021-11-28 06:47:19,701] {scheduler_job.py:182} INFO - Started process (PID=43557) to work on /home/airflow/sandbox/lib/python3.8/site-packages/airflow/example_dags/example_bash_operator.py
[2021-11-28 06:47:19,731] {scheduler_job.py:633} INFO - Processing file /home/airflow/sandbox/lib/python3.8/site-packages/airflow/example_dags/example_bash_operator.py for tasks to queue
[2021-11-28 06:47:19,734] {logging_mixin.py:104} INFO - [2021-11-28 06:47:19,733] {dagbag.py:487} INFO - Filling up the DagBag from /home/airflow/sandbox/lib/python3.8/site-packages/airflow/example_dags/example_bash_operator.py
[2021-11-28 06:47:19,893] {scheduler_job.py:643} INFO - DAG(s) dict_keys(['example_bash_operator']) retrieved from /home/airflow/sandbox/lib/python3.8/site-packages/airflow/example_dags/example_bash_operator.py
[2021-11-28 06:47:20,116] {logging_mixin.py:104} INFO - [2021-11-28 06:47:20,115] {dag.py:1832} INFO - Sync 1 DAGs
[2021-11-28 06:47:20,296] {logging_mixin.py:104} INFO - [2021-11-28 06:47:20,295] {dag.py:2305} INFO - Setting next_dagrun for example_bash_operator to 2021-11-26 00:00:00+00:00
[2021-11-28 06:47:20,531] {scheduler_job.py:190} INFO - Processing /home/airflow/sandbox/lib/python3.8/site-packages/airflow/example_dags/example_bash_operator.py took 0.889 seconds
[2021-11-28 06:47:51,220] {scheduler_job.py:182} INFO - Started process (PID=43918) to work on /home/airflow/sandbox/lib/python3.8/site-packages/airflow/example_dags/example_bash_operator.py
[2021-11-28 06:47:51,272] {scheduler_job.py:633} INFO - Processing file /home/airflow/sandbox/lib/python3.8/site-packages/airflow/example_dags/example_bash_operator.py for tasks to queue
[2021-11-28 06:47:51,273] {logging_mixin.py:104} INFO - [2021-11-28 06:47:51,273] {dagbag.py:487} INFO - Filling up the DagBag from /home/airflow/sandbox/lib/python3.8/site-packages/airflow/example_dags/example_bash_operator.py
[2021-11-28 06:47:51,396] {scheduler_job.py:643} INFO - DAG(s) dict_keys(['example_bash_operator']) retrieved from /home/airflow/sandbox/lib/python3.8/site-packages/airflow/example_dags/example_bash_operator.py
[2021-11-28 06:47:51,482] {logging_mixin.py:104} INFO - [2021-11-28 06:47:51,482] {dag.py:1832} INFO - Sync 1 DAGs
[2021-11-28 06:47:51,564] {logging_mixin.py:104} INFO - [2021-11-28 06:47:51,564] {dag.py:2305} INFO - Setting next_dagrun for example_bash_operator to 2021-11-26 00:00:00+00:00
[2021-11-28 06:47:51,597] {scheduler_job.py:190} INFO - Processing /home/airflow/sandbox/lib/python3.8/site-packages/airflow/example_dags/example_bash_operator.py took 0.384 seconds
[2021-11-28 06:48:24,188] {scheduler_job.py:182} INFO - Started process (PID=44195) to work on /home/airflow/sandbox/lib/python3.8/site-packages/airflow/example_dags/example_bash_operator.py
[2021-11-28 06:48:24,211] {scheduler_job.py:633} INFO - Processing file /home/airflow/sandbox/lib/python3.8/site-packages/airflow/example_dags/example_bash_operator.py for tasks to queue
[2021-11-28 06:48:24,213] {logging_mixin.py:104} INFO - [2021-11-28 06:48:24,213] {dagbag.py:487} INFO - Filling up the DagBag from /home/airflow/sandbox/lib/python3.8/site-packages/airflow/example_dags/example_bash_operator.py
[2021-11-28 06:48:24,451] {scheduler_job.py:643} INFO - DAG(s) dict_keys(['example_bash_operator']) retrieved from /home/airflow/sandbox/lib/python3.8/site-packages/airflow/example_dags/example_bash_operator.py
[2021-11-28 06:48:24,828] {logging_mixin.py:104} INFO - [2021-11-28 06:48:24,828] {dag.py:1832} INFO - Sync 1 DAGs
[2021-11-28 06:48:25,128] {logging_mixin.py:104} INFO - [2021-11-28 06:48:25,128] {dag.py:2305} INFO - Setting next_dagrun for example_bash_operator to 2021-11-26 00:00:00+00:00
[2021-11-28 06:48:25,335] {scheduler_job.py:190} INFO - Processing /home/airflow/sandbox/lib/python3.8/site-packages/airflow/example_dags/example_bash_operator.py took 1.345 seconds
[2021-11-28 06:48:55,885] {scheduler_job.py:182} INFO - Started process (PID=44390) to work on /home/airflow/sandbox/lib/python3.8/site-packages/airflow/example_dags/example_bash_operator.py
[2021-11-28 06:48:55,893] {scheduler_job.py:633} INFO - Processing file /home/airflow/sandbox/lib/python3.8/site-packages/airflow/example_dags/example_bash_operator.py for tasks to queue
[2021-11-28 06:48:55,895] {logging_mixin.py:104} INFO - [2021-11-28 06:48:55,895] {dagbag.py:487} INFO - Filling up the DagBag from /home/airflow/sandbox/lib/python3.8/site-packages/airflow/example_dags/example_bash_operator.py
[2021-11-28 06:48:56,012] {scheduler_job.py:643} INFO - DAG(s) dict_keys(['example_bash_operator']) retrieved from /home/airflow/sandbox/lib/python3.8/site-packages/airflow/example_dags/example_bash_operator.py
[2021-11-28 06:48:56,135] {logging_mixin.py:104} INFO - [2021-11-28 06:48:56,135] {dag.py:1832} INFO - Sync 1 DAGs
[2021-11-28 06:48:56,170] {logging_mixin.py:104} INFO - [2021-11-28 06:48:56,169] {dag.py:2305} INFO - Setting next_dagrun for example_bash_operator to 2021-11-26 00:00:00+00:00
[2021-11-28 06:48:56,219] {scheduler_job.py:190} INFO - Processing /home/airflow/sandbox/lib/python3.8/site-packages/airflow/example_dags/example_bash_operator.py took 0.366 seconds
[2021-11-28 06:49:26,763] {scheduler_job.py:182} INFO - Started process (PID=44593) to work on /home/airflow/sandbox/lib/python3.8/site-packages/airflow/example_dags/example_bash_operator.py
[2021-11-28 06:49:26,768] {scheduler_job.py:633} INFO - Processing file /home/airflow/sandbox/lib/python3.8/site-packages/airflow/example_dags/example_bash_operator.py for tasks to queue
[2021-11-28 06:49:26,784] {logging_mixin.py:104} INFO - [2021-11-28 06:49:26,784] {dagbag.py:487} INFO - Filling up the DagBag from /home/airflow/sandbox/lib/python3.8/site-packages/airflow/example_dags/example_bash_operator.py
[2021-11-28 06:49:26,833] {scheduler_job.py:643} INFO - DAG(s) dict_keys(['example_bash_operator']) retrieved from /home/airflow/sandbox/lib/python3.8/site-packages/airflow/example_dags/example_bash_operator.py
[2021-11-28 06:49:26,948] {logging_mixin.py:104} INFO - [2021-11-28 06:49:26,947] {dag.py:1832} INFO - Sync 1 DAGs
[2021-11-28 06:49:27,068] {logging_mixin.py:104} INFO - [2021-11-28 06:49:27,068] {dag.py:2305} INFO - Setting next_dagrun for example_bash_operator to 2021-11-26 00:00:00+00:00
[2021-11-28 06:49:27,100] {scheduler_job.py:190} INFO - Processing /home/airflow/sandbox/lib/python3.8/site-packages/airflow/example_dags/example_bash_operator.py took 0.365 seconds
[2021-11-28 06:49:57,248] {scheduler_job.py:182} INFO - Started process (PID=44790) to work on /home/airflow/sandbox/lib/python3.8/site-packages/airflow/example_dags/example_bash_operator.py
[2021-11-28 06:49:57,252] {scheduler_job.py:633} INFO - Processing file /home/airflow/sandbox/lib/python3.8/site-packages/airflow/example_dags/example_bash_operator.py for tasks to queue
[2021-11-28 06:49:57,270] {logging_mixin.py:104} INFO - [2021-11-28 06:49:57,270] {dagbag.py:487} INFO - Filling up the DagBag from /home/airflow/sandbox/lib/python3.8/site-packages/airflow/example_dags/example_bash_operator.py
[2021-11-28 06:49:57,302] {scheduler_job.py:643} INFO - DAG(s) dict_keys(['example_bash_operator']) retrieved from /home/airflow/sandbox/lib/python3.8/site-packages/airflow/example_dags/example_bash_operator.py
[2021-11-28 06:49:57,447] {logging_mixin.py:104} INFO - [2021-11-28 06:49:57,447] {dag.py:1832} INFO - Sync 1 DAGs
[2021-11-28 06:49:57,540] {logging_mixin.py:104} INFO - [2021-11-28 06:49:57,540] {dag.py:2305} INFO - Setting next_dagrun for example_bash_operator to 2021-11-26 00:00:00+00:00
[2021-11-28 06:49:57,601] {scheduler_job.py:190} INFO - Processing /home/airflow/sandbox/lib/python3.8/site-packages/airflow/example_dags/example_bash_operator.py took 0.382 seconds
[2021-11-28 06:50:27,873] {scheduler_job.py:182} INFO - Started process (PID=44990) to work on /home/airflow/sandbox/lib/python3.8/site-packages/airflow/example_dags/example_bash_operator.py
[2021-11-28 06:50:27,884] {scheduler_job.py:633} INFO - Processing file /home/airflow/sandbox/lib/python3.8/site-packages/airflow/example_dags/example_bash_operator.py for tasks to queue
[2021-11-28 06:50:27,887] {logging_mixin.py:104} INFO - [2021-11-28 06:50:27,887] {dagbag.py:487} INFO - Filling up the DagBag from /home/airflow/sandbox/lib/python3.8/site-packages/airflow/example_dags/example_bash_operator.py
[2021-11-28 06:50:27,949] {scheduler_job.py:643} INFO - DAG(s) dict_keys(['example_bash_operator']) retrieved from /home/airflow/sandbox/lib/python3.8/site-packages/airflow/example_dags/example_bash_operator.py
[2021-11-28 06:50:28,078] {logging_mixin.py:104} INFO - [2021-11-28 06:50:28,078] {dag.py:1832} INFO - Sync 1 DAGs
[2021-11-28 06:50:28,188] {logging_mixin.py:104} INFO - [2021-11-28 06:50:28,188] {dag.py:2305} INFO - Setting next_dagrun for example_bash_operator to 2021-11-26 00:00:00+00:00
[2021-11-28 06:50:28,218] {scheduler_job.py:190} INFO - Processing /home/airflow/sandbox/lib/python3.8/site-packages/airflow/example_dags/example_bash_operator.py took 0.416 seconds
[2021-11-28 06:50:58,764] {scheduler_job.py:182} INFO - Started process (PID=45191) to work on /home/airflow/sandbox/lib/python3.8/site-packages/airflow/example_dags/example_bash_operator.py
[2021-11-28 06:50:58,769] {scheduler_job.py:633} INFO - Processing file /home/airflow/sandbox/lib/python3.8/site-packages/airflow/example_dags/example_bash_operator.py for tasks to queue
[2021-11-28 06:50:58,779] {logging_mixin.py:104} INFO - [2021-11-28 06:50:58,778] {dagbag.py:487} INFO - Filling up the DagBag from /home/airflow/sandbox/lib/python3.8/site-packages/airflow/example_dags/example_bash_operator.py
[2021-11-28 06:50:58,948] {scheduler_job.py:643} INFO - DAG(s) dict_keys(['example_bash_operator']) retrieved from /home/airflow/sandbox/lib/python3.8/site-packages/airflow/example_dags/example_bash_operator.py
[2021-11-28 06:50:59,185] {logging_mixin.py:104} INFO - [2021-11-28 06:50:59,184] {dag.py:1832} INFO - Sync 1 DAGs
[2021-11-28 06:50:59,322] {logging_mixin.py:104} INFO - [2021-11-28 06:50:59,322] {dag.py:2305} INFO - Setting next_dagrun for example_bash_operator to 2021-11-26 00:00:00+00:00
[2021-11-28 06:50:59,378] {scheduler_job.py:190} INFO - Processing /home/airflow/sandbox/lib/python3.8/site-packages/airflow/example_dags/example_bash_operator.py took 0.736 seconds
[2021-11-28 06:51:29,829] {scheduler_job.py:182} INFO - Started process (PID=45389) to work on /home/airflow/sandbox/lib/python3.8/site-packages/airflow/example_dags/example_bash_operator.py
[2021-11-28 06:51:29,887] {scheduler_job.py:633} INFO - Processing file /home/airflow/sandbox/lib/python3.8/site-packages/airflow/example_dags/example_bash_operator.py for tasks to queue
[2021-11-28 06:51:29,888] {logging_mixin.py:104} INFO - [2021-11-28 06:51:29,888] {dagbag.py:487} INFO - Filling up the DagBag from /home/airflow/sandbox/lib/python3.8/site-packages/airflow/example_dags/example_bash_operator.py
[2021-11-28 06:51:29,989] {scheduler_job.py:643} INFO - DAG(s) dict_keys(['example_bash_operator']) retrieved from /home/airflow/sandbox/lib/python3.8/site-packages/airflow/example_dags/example_bash_operator.py
[2021-11-28 06:51:30,146] {logging_mixin.py:104} INFO - [2021-11-28 06:51:30,146] {dag.py:1832} INFO - Sync 1 DAGs
[2021-11-28 06:51:30,225] {logging_mixin.py:104} INFO - [2021-11-28 06:51:30,224] {dag.py:2305} INFO - Setting next_dagrun for example_bash_operator to 2021-11-26 00:00:00+00:00
[2021-11-28 06:51:30,284] {scheduler_job.py:190} INFO - Processing /home/airflow/sandbox/lib/python3.8/site-packages/airflow/example_dags/example_bash_operator.py took 0.511 seconds
[2021-11-28 06:52:02,850] {scheduler_job.py:182} INFO - Started process (PID=45591) to work on /home/airflow/sandbox/lib/python3.8/site-packages/airflow/example_dags/example_bash_operator.py
[2021-11-28 06:52:02,889] {scheduler_job.py:633} INFO - Processing file /home/airflow/sandbox/lib/python3.8/site-packages/airflow/example_dags/example_bash_operator.py for tasks to queue
[2021-11-28 06:52:02,892] {logging_mixin.py:104} INFO - [2021-11-28 06:52:02,892] {dagbag.py:487} INFO - Filling up the DagBag from /home/airflow/sandbox/lib/python3.8/site-packages/airflow/example_dags/example_bash_operator.py
[2021-11-28 06:52:02,982] {scheduler_job.py:643} INFO - DAG(s) dict_keys(['example_bash_operator']) retrieved from /home/airflow/sandbox/lib/python3.8/site-packages/airflow/example_dags/example_bash_operator.py
[2021-11-28 06:52:03,138] {logging_mixin.py:104} INFO - [2021-11-28 06:52:03,137] {dag.py:1832} INFO - Sync 1 DAGs
[2021-11-28 06:52:03,255] {logging_mixin.py:104} INFO - [2021-11-28 06:52:03,255] {dag.py:2305} INFO - Setting next_dagrun for example_bash_operator to 2021-11-26 00:00:00+00:00
[2021-11-28 06:52:03,311] {scheduler_job.py:190} INFO - Processing /home/airflow/sandbox/lib/python3.8/site-packages/airflow/example_dags/example_bash_operator.py took 0.467 seconds
[2021-11-28 06:52:40,408] {scheduler_job.py:182} INFO - Started process (PID=45787) to work on /home/airflow/sandbox/lib/python3.8/site-packages/airflow/example_dags/example_bash_operator.py
[2021-11-28 06:52:40,416] {scheduler_job.py:633} INFO - Processing file /home/airflow/sandbox/lib/python3.8/site-packages/airflow/example_dags/example_bash_operator.py for tasks to queue
[2021-11-28 06:52:40,418] {logging_mixin.py:104} INFO - [2021-11-28 06:52:40,418] {dagbag.py:487} INFO - Filling up the DagBag from /home/airflow/sandbox/lib/python3.8/site-packages/airflow/example_dags/example_bash_operator.py
[2021-11-28 06:52:40,523] {scheduler_job.py:643} INFO - DAG(s) dict_keys(['example_bash_operator']) retrieved from /home/airflow/sandbox/lib/python3.8/site-packages/airflow/example_dags/example_bash_operator.py
[2021-11-28 06:52:40,646] {logging_mixin.py:104} INFO - [2021-11-28 06:52:40,646] {dag.py:1832} INFO - Sync 1 DAGs
[2021-11-28 06:52:40,721] {logging_mixin.py:104} INFO - [2021-11-28 06:52:40,721] {dag.py:2305} INFO - Setting next_dagrun for example_bash_operator to 2021-11-26 00:00:00+00:00
[2021-11-28 06:52:40,824] {scheduler_job.py:190} INFO - Processing /home/airflow/sandbox/lib/python3.8/site-packages/airflow/example_dags/example_bash_operator.py took 0.439 seconds
[2021-11-28 06:53:13,384] {scheduler_job.py:182} INFO - Started process (PID=46230) to work on /home/airflow/sandbox/lib/python3.8/site-packages/airflow/example_dags/example_bash_operator.py
[2021-11-28 06:53:13,404] {scheduler_job.py:633} INFO - Processing file /home/airflow/sandbox/lib/python3.8/site-packages/airflow/example_dags/example_bash_operator.py for tasks to queue
[2021-11-28 06:53:13,406] {logging_mixin.py:104} INFO - [2021-11-28 06:53:13,405] {dagbag.py:487} INFO - Filling up the DagBag from /home/airflow/sandbox/lib/python3.8/site-packages/airflow/example_dags/example_bash_operator.py
[2021-11-28 06:53:13,493] {scheduler_job.py:643} INFO - DAG(s) dict_keys(['example_bash_operator']) retrieved from /home/airflow/sandbox/lib/python3.8/site-packages/airflow/example_dags/example_bash_operator.py
[2021-11-28 06:53:13,619] {logging_mixin.py:104} INFO - [2021-11-28 06:53:13,619] {dag.py:1832} INFO - Sync 1 DAGs
[2021-11-28 06:53:13,739] {logging_mixin.py:104} INFO - [2021-11-28 06:53:13,739] {dag.py:2305} INFO - Setting next_dagrun for example_bash_operator to 2021-11-26 00:00:00+00:00
[2021-11-28 06:53:13,804] {scheduler_job.py:190} INFO - Processing /home/airflow/sandbox/lib/python3.8/site-packages/airflow/example_dags/example_bash_operator.py took 0.426 seconds
[2021-11-28 06:53:44,695] {scheduler_job.py:182} INFO - Started process (PID=46422) to work on /home/airflow/sandbox/lib/python3.8/site-packages/airflow/example_dags/example_bash_operator.py
[2021-11-28 06:53:44,714] {scheduler_job.py:633} INFO - Processing file /home/airflow/sandbox/lib/python3.8/site-packages/airflow/example_dags/example_bash_operator.py for tasks to queue
[2021-11-28 06:53:44,718] {logging_mixin.py:104} INFO - [2021-11-28 06:53:44,717] {dagbag.py:487} INFO - Filling up the DagBag from /home/airflow/sandbox/lib/python3.8/site-packages/airflow/example_dags/example_bash_operator.py
[2021-11-28 06:53:44,765] {scheduler_job.py:643} INFO - DAG(s) dict_keys(['example_bash_operator']) retrieved from /home/airflow/sandbox/lib/python3.8/site-packages/airflow/example_dags/example_bash_operator.py
[2021-11-28 06:53:44,955] {logging_mixin.py:104} INFO - [2021-11-28 06:53:44,955] {dag.py:1832} INFO - Sync 1 DAGs
[2021-11-28 06:53:45,034] {logging_mixin.py:104} INFO - [2021-11-28 06:53:45,033] {dag.py:2305} INFO - Setting next_dagrun for example_bash_operator to 2021-11-26 00:00:00+00:00
[2021-11-28 06:53:45,111] {scheduler_job.py:190} INFO - Processing /home/airflow/sandbox/lib/python3.8/site-packages/airflow/example_dags/example_bash_operator.py took 0.434 seconds
[2021-11-28 06:54:15,476] {scheduler_job.py:182} INFO - Started process (PID=46620) to work on /home/airflow/sandbox/lib/python3.8/site-packages/airflow/example_dags/example_bash_operator.py
[2021-11-28 06:54:15,503] {scheduler_job.py:633} INFO - Processing file /home/airflow/sandbox/lib/python3.8/site-packages/airflow/example_dags/example_bash_operator.py for tasks to queue
[2021-11-28 06:54:15,506] {logging_mixin.py:104} INFO - [2021-11-28 06:54:15,506] {dagbag.py:487} INFO - Filling up the DagBag from /home/airflow/sandbox/lib/python3.8/site-packages/airflow/example_dags/example_bash_operator.py
[2021-11-28 06:54:15,650] {scheduler_job.py:643} INFO - DAG(s) dict_keys(['example_bash_operator']) retrieved from /home/airflow/sandbox/lib/python3.8/site-packages/airflow/example_dags/example_bash_operator.py
[2021-11-28 06:54:15,751] {logging_mixin.py:104} INFO - [2021-11-28 06:54:15,751] {dag.py:1832} INFO - Sync 1 DAGs
[2021-11-28 06:54:15,825] {logging_mixin.py:104} INFO - [2021-11-28 06:54:15,825] {dag.py:2305} INFO - Setting next_dagrun for example_bash_operator to 2021-11-26 00:00:00+00:00
[2021-11-28 06:54:15,902] {scheduler_job.py:190} INFO - Processing /home/airflow/sandbox/lib/python3.8/site-packages/airflow/example_dags/example_bash_operator.py took 0.435 seconds
[2021-11-28 06:54:46,838] {scheduler_job.py:182} INFO - Started process (PID=46817) to work on /home/airflow/sandbox/lib/python3.8/site-packages/airflow/example_dags/example_bash_operator.py
[2021-11-28 06:54:46,847] {scheduler_job.py:633} INFO - Processing file /home/airflow/sandbox/lib/python3.8/site-packages/airflow/example_dags/example_bash_operator.py for tasks to queue
[2021-11-28 06:54:46,855] {logging_mixin.py:104} INFO - [2021-11-28 06:54:46,855] {dagbag.py:487} INFO - Filling up the DagBag from /home/airflow/sandbox/lib/python3.8/site-packages/airflow/example_dags/example_bash_operator.py
[2021-11-28 06:54:46,957] {scheduler_job.py:643} INFO - DAG(s) dict_keys(['example_bash_operator']) retrieved from /home/airflow/sandbox/lib/python3.8/site-packages/airflow/example_dags/example_bash_operator.py
[2021-11-28 06:54:47,056] {logging_mixin.py:104} INFO - [2021-11-28 06:54:47,056] {dag.py:1832} INFO - Sync 1 DAGs
[2021-11-28 06:54:47,159] {logging_mixin.py:104} INFO - [2021-11-28 06:54:47,158] {dag.py:2305} INFO - Setting next_dagrun for example_bash_operator to 2021-11-26 00:00:00+00:00
[2021-11-28 06:54:47,220] {scheduler_job.py:190} INFO - Processing /home/airflow/sandbox/lib/python3.8/site-packages/airflow/example_dags/example_bash_operator.py took 0.447 seconds
[2021-11-28 06:55:17,904] {scheduler_job.py:182} INFO - Started process (PID=47017) to work on /home/airflow/sandbox/lib/python3.8/site-packages/airflow/example_dags/example_bash_operator.py
[2021-11-28 06:55:17,919] {scheduler_job.py:633} INFO - Processing file /home/airflow/sandbox/lib/python3.8/site-packages/airflow/example_dags/example_bash_operator.py for tasks to queue
[2021-11-28 06:55:17,956] {logging_mixin.py:104} INFO - [2021-11-28 06:55:17,955] {dagbag.py:487} INFO - Filling up the DagBag from /home/airflow/sandbox/lib/python3.8/site-packages/airflow/example_dags/example_bash_operator.py
[2021-11-28 06:55:18,266] {scheduler_job.py:643} INFO - DAG(s) dict_keys(['example_bash_operator']) retrieved from /home/airflow/sandbox/lib/python3.8/site-packages/airflow/example_dags/example_bash_operator.py
[2021-11-28 06:55:18,451] {logging_mixin.py:104} INFO - [2021-11-28 06:55:18,451] {dag.py:1832} INFO - Sync 1 DAGs
[2021-11-28 06:55:18,541] {logging_mixin.py:104} INFO - [2021-11-28 06:55:18,540] {dag.py:2305} INFO - Setting next_dagrun for example_bash_operator to 2021-11-26 00:00:00+00:00
[2021-11-28 06:55:18,686] {scheduler_job.py:190} INFO - Processing /home/airflow/sandbox/lib/python3.8/site-packages/airflow/example_dags/example_bash_operator.py took 0.838 seconds
[2021-11-28 06:55:48,933] {scheduler_job.py:182} INFO - Started process (PID=47217) to work on /home/airflow/sandbox/lib/python3.8/site-packages/airflow/example_dags/example_bash_operator.py
[2021-11-28 06:55:48,937] {scheduler_job.py:633} INFO - Processing file /home/airflow/sandbox/lib/python3.8/site-packages/airflow/example_dags/example_bash_operator.py for tasks to queue
[2021-11-28 06:55:48,943] {logging_mixin.py:104} INFO - [2021-11-28 06:55:48,942] {dagbag.py:487} INFO - Filling up the DagBag from /home/airflow/sandbox/lib/python3.8/site-packages/airflow/example_dags/example_bash_operator.py
[2021-11-28 06:55:49,003] {scheduler_job.py:643} INFO - DAG(s) dict_keys(['example_bash_operator']) retrieved from /home/airflow/sandbox/lib/python3.8/site-packages/airflow/example_dags/example_bash_operator.py
[2021-11-28 06:55:49,148] {logging_mixin.py:104} INFO - [2021-11-28 06:55:49,148] {dag.py:1832} INFO - Sync 1 DAGs
[2021-11-28 06:55:49,267] {logging_mixin.py:104} INFO - [2021-11-28 06:55:49,267] {dag.py:2305} INFO - Setting next_dagrun for example_bash_operator to 2021-11-26 00:00:00+00:00
[2021-11-28 06:55:49,342] {scheduler_job.py:190} INFO - Processing /home/airflow/sandbox/lib/python3.8/site-packages/airflow/example_dags/example_bash_operator.py took 0.427 seconds
[2021-11-28 06:56:20,111] {scheduler_job.py:182} INFO - Started process (PID=47411) to work on /home/airflow/sandbox/lib/python3.8/site-packages/airflow/example_dags/example_bash_operator.py
[2021-11-28 06:56:20,142] {scheduler_job.py:633} INFO - Processing file /home/airflow/sandbox/lib/python3.8/site-packages/airflow/example_dags/example_bash_operator.py for tasks to queue
[2021-11-28 06:56:20,146] {logging_mixin.py:104} INFO - [2021-11-28 06:56:20,146] {dagbag.py:487} INFO - Filling up the DagBag from /home/airflow/sandbox/lib/python3.8/site-packages/airflow/example_dags/example_bash_operator.py
[2021-11-28 06:56:20,269] {scheduler_job.py:643} INFO - DAG(s) dict_keys(['example_bash_operator']) retrieved from /home/airflow/sandbox/lib/python3.8/site-packages/airflow/example_dags/example_bash_operator.py
[2021-11-28 06:56:20,468] {logging_mixin.py:104} INFO - [2021-11-28 06:56:20,467] {dag.py:1832} INFO - Sync 1 DAGs
[2021-11-28 06:56:20,544] {logging_mixin.py:104} INFO - [2021-11-28 06:56:20,544] {dag.py:2305} INFO - Setting next_dagrun for example_bash_operator to 2021-11-26 00:00:00+00:00
[2021-11-28 06:56:20,714] {scheduler_job.py:190} INFO - Processing /home/airflow/sandbox/lib/python3.8/site-packages/airflow/example_dags/example_bash_operator.py took 0.655 seconds
[2021-11-28 06:56:51,124] {scheduler_job.py:182} INFO - Started process (PID=47610) to work on /home/airflow/sandbox/lib/python3.8/site-packages/airflow/example_dags/example_bash_operator.py
[2021-11-28 06:56:51,130] {scheduler_job.py:633} INFO - Processing file /home/airflow/sandbox/lib/python3.8/site-packages/airflow/example_dags/example_bash_operator.py for tasks to queue
[2021-11-28 06:56:51,131] {logging_mixin.py:104} INFO - [2021-11-28 06:56:51,131] {dagbag.py:487} INFO - Filling up the DagBag from /home/airflow/sandbox/lib/python3.8/site-packages/airflow/example_dags/example_bash_operator.py
[2021-11-28 06:56:51,227] {scheduler_job.py:643} INFO - DAG(s) dict_keys(['example_bash_operator']) retrieved from /home/airflow/sandbox/lib/python3.8/site-packages/airflow/example_dags/example_bash_operator.py
[2021-11-28 06:56:51,353] {logging_mixin.py:104} INFO - [2021-11-28 06:56:51,353] {dag.py:1832} INFO - Sync 1 DAGs
[2021-11-28 06:56:51,454] {logging_mixin.py:104} INFO - [2021-11-28 06:56:51,454] {dag.py:2305} INFO - Setting next_dagrun for example_bash_operator to 2021-11-26 00:00:00+00:00
[2021-11-28 06:56:51,549] {scheduler_job.py:190} INFO - Processing /home/airflow/sandbox/lib/python3.8/site-packages/airflow/example_dags/example_bash_operator.py took 0.451 seconds
[2021-11-28 06:57:22,843] {scheduler_job.py:182} INFO - Started process (PID=47811) to work on /home/airflow/sandbox/lib/python3.8/site-packages/airflow/example_dags/example_bash_operator.py
[2021-11-28 06:57:22,852] {scheduler_job.py:633} INFO - Processing file /home/airflow/sandbox/lib/python3.8/site-packages/airflow/example_dags/example_bash_operator.py for tasks to queue
[2021-11-28 06:57:22,871] {logging_mixin.py:104} INFO - [2021-11-28 06:57:22,871] {dagbag.py:487} INFO - Filling up the DagBag from /home/airflow/sandbox/lib/python3.8/site-packages/airflow/example_dags/example_bash_operator.py
[2021-11-28 06:57:22,970] {scheduler_job.py:643} INFO - DAG(s) dict_keys(['example_bash_operator']) retrieved from /home/airflow/sandbox/lib/python3.8/site-packages/airflow/example_dags/example_bash_operator.py
[2021-11-28 06:57:23,122] {logging_mixin.py:104} INFO - [2021-11-28 06:57:23,122] {dag.py:1832} INFO - Sync 1 DAGs
[2021-11-28 06:57:23,243] {logging_mixin.py:104} INFO - [2021-11-28 06:57:23,243] {dag.py:2305} INFO - Setting next_dagrun for example_bash_operator to 2021-11-26 00:00:00+00:00
[2021-11-28 06:57:23,313] {scheduler_job.py:190} INFO - Processing /home/airflow/sandbox/lib/python3.8/site-packages/airflow/example_dags/example_bash_operator.py took 0.504 seconds
[2021-11-28 06:57:53,469] {scheduler_job.py:182} INFO - Started process (PID=48254) to work on /home/airflow/sandbox/lib/python3.8/site-packages/airflow/example_dags/example_bash_operator.py
[2021-11-28 06:57:53,485] {scheduler_job.py:633} INFO - Processing file /home/airflow/sandbox/lib/python3.8/site-packages/airflow/example_dags/example_bash_operator.py for tasks to queue
[2021-11-28 06:57:53,490] {logging_mixin.py:104} INFO - [2021-11-28 06:57:53,490] {dagbag.py:487} INFO - Filling up the DagBag from /home/airflow/sandbox/lib/python3.8/site-packages/airflow/example_dags/example_bash_operator.py
[2021-11-28 06:57:53,549] {scheduler_job.py:643} INFO - DAG(s) dict_keys(['example_bash_operator']) retrieved from /home/airflow/sandbox/lib/python3.8/site-packages/airflow/example_dags/example_bash_operator.py
[2021-11-28 06:57:53,675] {logging_mixin.py:104} INFO - [2021-11-28 06:57:53,675] {dag.py:1832} INFO - Sync 1 DAGs
[2021-11-28 06:57:53,749] {logging_mixin.py:104} INFO - [2021-11-28 06:57:53,749] {dag.py:2305} INFO - Setting next_dagrun for example_bash_operator to 2021-11-26 00:00:00+00:00
[2021-11-28 06:57:53,781] {scheduler_job.py:190} INFO - Processing /home/airflow/sandbox/lib/python3.8/site-packages/airflow/example_dags/example_bash_operator.py took 0.324 seconds
[2021-11-28 06:58:24,107] {scheduler_job.py:182} INFO - Started process (PID=48451) to work on /home/airflow/sandbox/lib/python3.8/site-packages/airflow/example_dags/example_bash_operator.py
[2021-11-28 06:58:24,136] {scheduler_job.py:633} INFO - Processing file /home/airflow/sandbox/lib/python3.8/site-packages/airflow/example_dags/example_bash_operator.py for tasks to queue
[2021-11-28 06:58:24,142] {logging_mixin.py:104} INFO - [2021-11-28 06:58:24,142] {dagbag.py:487} INFO - Filling up the DagBag from /home/airflow/sandbox/lib/python3.8/site-packages/airflow/example_dags/example_bash_operator.py
[2021-11-28 06:58:24,209] {scheduler_job.py:643} INFO - DAG(s) dict_keys(['example_bash_operator']) retrieved from /home/airflow/sandbox/lib/python3.8/site-packages/airflow/example_dags/example_bash_operator.py
[2021-11-28 06:58:24,387] {logging_mixin.py:104} INFO - [2021-11-28 06:58:24,386] {dag.py:1832} INFO - Sync 1 DAGs
[2021-11-28 06:58:24,487] {logging_mixin.py:104} INFO - [2021-11-28 06:58:24,487] {dag.py:2305} INFO - Setting next_dagrun for example_bash_operator to 2021-11-26 00:00:00+00:00
[2021-11-28 06:58:24,554] {scheduler_job.py:190} INFO - Processing /home/airflow/sandbox/lib/python3.8/site-packages/airflow/example_dags/example_bash_operator.py took 0.454 seconds
[2021-11-28 06:58:55,539] {scheduler_job.py:182} INFO - Started process (PID=48646) to work on /home/airflow/sandbox/lib/python3.8/site-packages/airflow/example_dags/example_bash_operator.py
[2021-11-28 06:58:55,543] {scheduler_job.py:633} INFO - Processing file /home/airflow/sandbox/lib/python3.8/site-packages/airflow/example_dags/example_bash_operator.py for tasks to queue
[2021-11-28 06:58:55,548] {logging_mixin.py:104} INFO - [2021-11-28 06:58:55,547] {dagbag.py:487} INFO - Filling up the DagBag from /home/airflow/sandbox/lib/python3.8/site-packages/airflow/example_dags/example_bash_operator.py
[2021-11-28 06:58:55,634] {scheduler_job.py:643} INFO - DAG(s) dict_keys(['example_bash_operator']) retrieved from /home/airflow/sandbox/lib/python3.8/site-packages/airflow/example_dags/example_bash_operator.py
[2021-11-28 06:58:55,802] {logging_mixin.py:104} INFO - [2021-11-28 06:58:55,802] {dag.py:1832} INFO - Sync 1 DAGs
[2021-11-28 06:58:55,904] {logging_mixin.py:104} INFO - [2021-11-28 06:58:55,903] {dag.py:2305} INFO - Setting next_dagrun for example_bash_operator to 2021-11-26 00:00:00+00:00
[2021-11-28 06:58:55,995] {scheduler_job.py:190} INFO - Processing /home/airflow/sandbox/lib/python3.8/site-packages/airflow/example_dags/example_bash_operator.py took 0.461 seconds
[2021-11-28 06:59:26,598] {scheduler_job.py:182} INFO - Started process (PID=48838) to work on /home/airflow/sandbox/lib/python3.8/site-packages/airflow/example_dags/example_bash_operator.py
[2021-11-28 06:59:26,607] {scheduler_job.py:633} INFO - Processing file /home/airflow/sandbox/lib/python3.8/site-packages/airflow/example_dags/example_bash_operator.py for tasks to queue
[2021-11-28 06:59:26,619] {logging_mixin.py:104} INFO - [2021-11-28 06:59:26,619] {dagbag.py:487} INFO - Filling up the DagBag from /home/airflow/sandbox/lib/python3.8/site-packages/airflow/example_dags/example_bash_operator.py
[2021-11-28 06:59:26,714] {scheduler_job.py:643} INFO - DAG(s) dict_keys(['example_bash_operator']) retrieved from /home/airflow/sandbox/lib/python3.8/site-packages/airflow/example_dags/example_bash_operator.py
[2021-11-28 06:59:26,876] {logging_mixin.py:104} INFO - [2021-11-28 06:59:26,875] {dag.py:1832} INFO - Sync 1 DAGs
[2021-11-28 06:59:26,973] {logging_mixin.py:104} INFO - [2021-11-28 06:59:26,972] {dag.py:2305} INFO - Setting next_dagrun for example_bash_operator to 2021-11-26 00:00:00+00:00
[2021-11-28 06:59:27,039] {scheduler_job.py:190} INFO - Processing /home/airflow/sandbox/lib/python3.8/site-packages/airflow/example_dags/example_bash_operator.py took 0.450 seconds
[2021-11-28 06:59:58,248] {scheduler_job.py:182} INFO - Started process (PID=49031) to work on /home/airflow/sandbox/lib/python3.8/site-packages/airflow/example_dags/example_bash_operator.py
[2021-11-28 06:59:58,276] {scheduler_job.py:633} INFO - Processing file /home/airflow/sandbox/lib/python3.8/site-packages/airflow/example_dags/example_bash_operator.py for tasks to queue
[2021-11-28 06:59:58,287] {logging_mixin.py:104} INFO - [2021-11-28 06:59:58,287] {dagbag.py:487} INFO - Filling up the DagBag from /home/airflow/sandbox/lib/python3.8/site-packages/airflow/example_dags/example_bash_operator.py
[2021-11-28 06:59:58,413] {scheduler_job.py:643} INFO - DAG(s) dict_keys(['example_bash_operator']) retrieved from /home/airflow/sandbox/lib/python3.8/site-packages/airflow/example_dags/example_bash_operator.py
[2021-11-28 06:59:58,588] {logging_mixin.py:104} INFO - [2021-11-28 06:59:58,587] {dag.py:1832} INFO - Sync 1 DAGs
[2021-11-28 06:59:58,725] {logging_mixin.py:104} INFO - [2021-11-28 06:59:58,724] {dag.py:2305} INFO - Setting next_dagrun for example_bash_operator to 2021-11-26 00:00:00+00:00
[2021-11-28 06:59:58,795] {scheduler_job.py:190} INFO - Processing /home/airflow/sandbox/lib/python3.8/site-packages/airflow/example_dags/example_bash_operator.py took 0.590 seconds
[2021-11-28 07:00:38,500] {scheduler_job.py:182} INFO - Started process (PID=49238) to work on /home/airflow/sandbox/lib/python3.8/site-packages/airflow/example_dags/example_bash_operator.py
[2021-11-28 07:00:38,521] {scheduler_job.py:633} INFO - Processing file /home/airflow/sandbox/lib/python3.8/site-packages/airflow/example_dags/example_bash_operator.py for tasks to queue
[2021-11-28 07:00:38,533] {logging_mixin.py:104} INFO - [2021-11-28 07:00:38,532] {dagbag.py:487} INFO - Filling up the DagBag from /home/airflow/sandbox/lib/python3.8/site-packages/airflow/example_dags/example_bash_operator.py
[2021-11-28 07:00:38,743] {scheduler_job.py:643} INFO - DAG(s) dict_keys(['example_bash_operator']) retrieved from /home/airflow/sandbox/lib/python3.8/site-packages/airflow/example_dags/example_bash_operator.py
[2021-11-28 07:00:39,203] {logging_mixin.py:104} INFO - [2021-11-28 07:00:39,203] {dag.py:1832} INFO - Sync 1 DAGs
[2021-11-28 07:00:39,378] {logging_mixin.py:104} INFO - [2021-11-28 07:00:39,378] {dag.py:2305} INFO - Setting next_dagrun for example_bash_operator to 2021-11-26 00:00:00+00:00
[2021-11-28 07:00:39,536] {scheduler_job.py:190} INFO - Processing /home/airflow/sandbox/lib/python3.8/site-packages/airflow/example_dags/example_bash_operator.py took 1.078 seconds
