[2021-11-28 06:22:47,465] {scheduler_job.py:182} INFO - Started process (PID=30983) to work on /home/airflow/sandbox/lib/python3.8/site-packages/airflow/example_dags/example_kubernetes_executor.py
[2021-11-28 06:22:47,467] {scheduler_job.py:633} INFO - Processing file /home/airflow/sandbox/lib/python3.8/site-packages/airflow/example_dags/example_kubernetes_executor.py for tasks to queue
[2021-11-28 06:22:47,502] {logging_mixin.py:104} INFO - [2021-11-28 06:22:47,468] {dagbag.py:487} INFO - Filling up the DagBag from /home/airflow/sandbox/lib/python3.8/site-packages/airflow/example_dags/example_kubernetes_executor.py
[2021-11-28 06:22:47,532] {scheduler_job.py:643} INFO - DAG(s) dict_keys(['example_kubernetes_executor']) retrieved from /home/airflow/sandbox/lib/python3.8/site-packages/airflow/example_dags/example_kubernetes_executor.py
[2021-11-28 06:22:47,728] {logging_mixin.py:104} INFO - [2021-11-28 06:22:47,728] {dag.py:1832} INFO - Sync 1 DAGs
[2021-11-28 06:22:47,805] {logging_mixin.py:104} INFO - [2021-11-28 06:22:47,804] {dag.py:2305} INFO - Setting next_dagrun for example_kubernetes_executor to None
[2021-11-28 06:22:47,902] {scheduler_job.py:190} INFO - Processing /home/airflow/sandbox/lib/python3.8/site-packages/airflow/example_dags/example_kubernetes_executor.py took 0.443 seconds
[2021-11-28 06:23:29,185] {scheduler_job.py:182} INFO - Started process (PID=31290) to work on /home/airflow/sandbox/lib/python3.8/site-packages/airflow/example_dags/example_kubernetes_executor.py
[2021-11-28 06:23:29,193] {scheduler_job.py:633} INFO - Processing file /home/airflow/sandbox/lib/python3.8/site-packages/airflow/example_dags/example_kubernetes_executor.py for tasks to queue
[2021-11-28 06:23:29,194] {logging_mixin.py:104} INFO - [2021-11-28 06:23:29,194] {dagbag.py:487} INFO - Filling up the DagBag from /home/airflow/sandbox/lib/python3.8/site-packages/airflow/example_dags/example_kubernetes_executor.py
[2021-11-28 06:23:29,455] {scheduler_job.py:643} INFO - DAG(s) dict_keys(['example_kubernetes_executor']) retrieved from /home/airflow/sandbox/lib/python3.8/site-packages/airflow/example_dags/example_kubernetes_executor.py
[2021-11-28 06:23:29,901] {logging_mixin.py:104} INFO - [2021-11-28 06:23:29,901] {dag.py:1832} INFO - Sync 1 DAGs
[2021-11-28 06:23:30,184] {logging_mixin.py:104} INFO - [2021-11-28 06:23:30,184] {dag.py:2305} INFO - Setting next_dagrun for example_kubernetes_executor to None
[2021-11-28 06:23:30,356] {scheduler_job.py:190} INFO - Processing /home/airflow/sandbox/lib/python3.8/site-packages/airflow/example_dags/example_kubernetes_executor.py took 1.276 seconds
[2021-11-28 06:24:13,254] {scheduler_job.py:182} INFO - Started process (PID=31523) to work on /home/airflow/sandbox/lib/python3.8/site-packages/airflow/example_dags/example_kubernetes_executor.py
[2021-11-28 06:24:13,293] {scheduler_job.py:633} INFO - Processing file /home/airflow/sandbox/lib/python3.8/site-packages/airflow/example_dags/example_kubernetes_executor.py for tasks to queue
[2021-11-28 06:24:13,311] {logging_mixin.py:104} INFO - [2021-11-28 06:24:13,311] {dagbag.py:487} INFO - Filling up the DagBag from /home/airflow/sandbox/lib/python3.8/site-packages/airflow/example_dags/example_kubernetes_executor.py
[2021-11-28 06:24:13,520] {scheduler_job.py:643} INFO - DAG(s) dict_keys(['example_kubernetes_executor']) retrieved from /home/airflow/sandbox/lib/python3.8/site-packages/airflow/example_dags/example_kubernetes_executor.py
[2021-11-28 06:24:13,807] {logging_mixin.py:104} INFO - [2021-11-28 06:24:13,807] {dag.py:1832} INFO - Sync 1 DAGs
[2021-11-28 06:24:13,987] {logging_mixin.py:104} INFO - [2021-11-28 06:24:13,986] {dag.py:2305} INFO - Setting next_dagrun for example_kubernetes_executor to None
[2021-11-28 06:24:14,103] {scheduler_job.py:190} INFO - Processing /home/airflow/sandbox/lib/python3.8/site-packages/airflow/example_dags/example_kubernetes_executor.py took 0.880 seconds
[2021-11-28 06:24:45,497] {scheduler_job.py:182} INFO - Started process (PID=31740) to work on /home/airflow/sandbox/lib/python3.8/site-packages/airflow/example_dags/example_kubernetes_executor.py
[2021-11-28 06:24:45,589] {scheduler_job.py:633} INFO - Processing file /home/airflow/sandbox/lib/python3.8/site-packages/airflow/example_dags/example_kubernetes_executor.py for tasks to queue
[2021-11-28 06:24:45,612] {logging_mixin.py:104} INFO - [2021-11-28 06:24:45,611] {dagbag.py:487} INFO - Filling up the DagBag from /home/airflow/sandbox/lib/python3.8/site-packages/airflow/example_dags/example_kubernetes_executor.py
[2021-11-28 06:24:45,840] {scheduler_job.py:643} INFO - DAG(s) dict_keys(['example_kubernetes_executor']) retrieved from /home/airflow/sandbox/lib/python3.8/site-packages/airflow/example_dags/example_kubernetes_executor.py
[2021-11-28 06:24:46,256] {logging_mixin.py:104} INFO - [2021-11-28 06:24:46,255] {dag.py:1832} INFO - Sync 1 DAGs
[2021-11-28 06:24:46,451] {logging_mixin.py:104} INFO - [2021-11-28 06:24:46,451] {dag.py:2305} INFO - Setting next_dagrun for example_kubernetes_executor to None
[2021-11-28 06:24:46,540] {scheduler_job.py:190} INFO - Processing /home/airflow/sandbox/lib/python3.8/site-packages/airflow/example_dags/example_kubernetes_executor.py took 1.129 seconds
[2021-11-28 06:25:23,278] {scheduler_job.py:182} INFO - Started process (PID=32175) to work on /home/airflow/sandbox/lib/python3.8/site-packages/airflow/example_dags/example_kubernetes_executor.py
[2021-11-28 06:25:23,307] {scheduler_job.py:633} INFO - Processing file /home/airflow/sandbox/lib/python3.8/site-packages/airflow/example_dags/example_kubernetes_executor.py for tasks to queue
[2021-11-28 06:25:23,324] {logging_mixin.py:104} INFO - [2021-11-28 06:25:23,323] {dagbag.py:487} INFO - Filling up the DagBag from /home/airflow/sandbox/lib/python3.8/site-packages/airflow/example_dags/example_kubernetes_executor.py
[2021-11-28 06:25:23,450] {scheduler_job.py:643} INFO - DAG(s) dict_keys(['example_kubernetes_executor']) retrieved from /home/airflow/sandbox/lib/python3.8/site-packages/airflow/example_dags/example_kubernetes_executor.py
[2021-11-28 06:25:23,705] {logging_mixin.py:104} INFO - [2021-11-28 06:25:23,705] {dag.py:1832} INFO - Sync 1 DAGs
[2021-11-28 06:25:23,824] {logging_mixin.py:104} INFO - [2021-11-28 06:25:23,824] {dag.py:2305} INFO - Setting next_dagrun for example_kubernetes_executor to None
[2021-11-28 06:25:23,903] {scheduler_job.py:190} INFO - Processing /home/airflow/sandbox/lib/python3.8/site-packages/airflow/example_dags/example_kubernetes_executor.py took 0.631 seconds
[2021-11-28 06:25:54,522] {scheduler_job.py:182} INFO - Started process (PID=32413) to work on /home/airflow/sandbox/lib/python3.8/site-packages/airflow/example_dags/example_kubernetes_executor.py
[2021-11-28 06:25:54,532] {scheduler_job.py:633} INFO - Processing file /home/airflow/sandbox/lib/python3.8/site-packages/airflow/example_dags/example_kubernetes_executor.py for tasks to queue
[2021-11-28 06:25:54,539] {logging_mixin.py:104} INFO - [2021-11-28 06:25:54,539] {dagbag.py:487} INFO - Filling up the DagBag from /home/airflow/sandbox/lib/python3.8/site-packages/airflow/example_dags/example_kubernetes_executor.py
[2021-11-28 06:25:54,640] {scheduler_job.py:643} INFO - DAG(s) dict_keys(['example_kubernetes_executor']) retrieved from /home/airflow/sandbox/lib/python3.8/site-packages/airflow/example_dags/example_kubernetes_executor.py
[2021-11-28 06:25:54,805] {logging_mixin.py:104} INFO - [2021-11-28 06:25:54,804] {dag.py:1832} INFO - Sync 1 DAGs
[2021-11-28 06:25:54,844] {logging_mixin.py:104} INFO - [2021-11-28 06:25:54,844] {dag.py:2305} INFO - Setting next_dagrun for example_kubernetes_executor to None
[2021-11-28 06:25:54,904] {scheduler_job.py:190} INFO - Processing /home/airflow/sandbox/lib/python3.8/site-packages/airflow/example_dags/example_kubernetes_executor.py took 0.396 seconds
[2021-11-28 06:26:29,438] {scheduler_job.py:182} INFO - Started process (PID=32609) to work on /home/airflow/sandbox/lib/python3.8/site-packages/airflow/example_dags/example_kubernetes_executor.py
[2021-11-28 06:26:29,468] {scheduler_job.py:633} INFO - Processing file /home/airflow/sandbox/lib/python3.8/site-packages/airflow/example_dags/example_kubernetes_executor.py for tasks to queue
[2021-11-28 06:26:29,471] {logging_mixin.py:104} INFO - [2021-11-28 06:26:29,470] {dagbag.py:487} INFO - Filling up the DagBag from /home/airflow/sandbox/lib/python3.8/site-packages/airflow/example_dags/example_kubernetes_executor.py
[2021-11-28 06:26:29,859] {scheduler_job.py:643} INFO - DAG(s) dict_keys(['example_kubernetes_executor']) retrieved from /home/airflow/sandbox/lib/python3.8/site-packages/airflow/example_dags/example_kubernetes_executor.py
[2021-11-28 06:26:30,119] {logging_mixin.py:104} INFO - [2021-11-28 06:26:30,119] {dag.py:1832} INFO - Sync 1 DAGs
[2021-11-28 06:26:30,287] {logging_mixin.py:104} INFO - [2021-11-28 06:26:30,287] {dag.py:2305} INFO - Setting next_dagrun for example_kubernetes_executor to None
[2021-11-28 06:26:30,448] {scheduler_job.py:190} INFO - Processing /home/airflow/sandbox/lib/python3.8/site-packages/airflow/example_dags/example_kubernetes_executor.py took 1.075 seconds
[2021-11-28 06:27:01,443] {scheduler_job.py:182} INFO - Started process (PID=32965) to work on /home/airflow/sandbox/lib/python3.8/site-packages/airflow/example_dags/example_kubernetes_executor.py
[2021-11-28 06:27:01,449] {scheduler_job.py:633} INFO - Processing file /home/airflow/sandbox/lib/python3.8/site-packages/airflow/example_dags/example_kubernetes_executor.py for tasks to queue
[2021-11-28 06:27:01,451] {logging_mixin.py:104} INFO - [2021-11-28 06:27:01,451] {dagbag.py:487} INFO - Filling up the DagBag from /home/airflow/sandbox/lib/python3.8/site-packages/airflow/example_dags/example_kubernetes_executor.py
[2021-11-28 06:27:01,763] {scheduler_job.py:643} INFO - DAG(s) dict_keys(['example_kubernetes_executor']) retrieved from /home/airflow/sandbox/lib/python3.8/site-packages/airflow/example_dags/example_kubernetes_executor.py
[2021-11-28 06:27:02,392] {logging_mixin.py:104} INFO - [2021-11-28 06:27:02,391] {dag.py:1832} INFO - Sync 1 DAGs
[2021-11-28 06:27:02,658] {logging_mixin.py:104} INFO - [2021-11-28 06:27:02,657] {dag.py:2305} INFO - Setting next_dagrun for example_kubernetes_executor to None
[2021-11-28 06:27:02,823] {scheduler_job.py:190} INFO - Processing /home/airflow/sandbox/lib/python3.8/site-packages/airflow/example_dags/example_kubernetes_executor.py took 1.421 seconds
[2021-11-28 06:28:12,451] {scheduler_job.py:182} INFO - Started process (PID=35312) to work on /home/airflow/sandbox/lib/python3.8/site-packages/airflow/example_dags/example_kubernetes_executor.py
[2021-11-28 06:28:12,483] {scheduler_job.py:633} INFO - Processing file /home/airflow/sandbox/lib/python3.8/site-packages/airflow/example_dags/example_kubernetes_executor.py for tasks to queue
[2021-11-28 06:28:12,498] {logging_mixin.py:104} INFO - [2021-11-28 06:28:12,497] {dagbag.py:487} INFO - Filling up the DagBag from /home/airflow/sandbox/lib/python3.8/site-packages/airflow/example_dags/example_kubernetes_executor.py
[2021-11-28 06:28:12,743] {scheduler_job.py:643} INFO - DAG(s) dict_keys(['example_kubernetes_executor']) retrieved from /home/airflow/sandbox/lib/python3.8/site-packages/airflow/example_dags/example_kubernetes_executor.py
[2021-11-28 06:28:13,179] {logging_mixin.py:104} INFO - [2021-11-28 06:28:13,179] {dag.py:1832} INFO - Sync 1 DAGs
[2021-11-28 06:28:13,391] {logging_mixin.py:104} INFO - [2021-11-28 06:28:13,390] {dag.py:2305} INFO - Setting next_dagrun for example_kubernetes_executor to None
[2021-11-28 06:28:13,549] {scheduler_job.py:190} INFO - Processing /home/airflow/sandbox/lib/python3.8/site-packages/airflow/example_dags/example_kubernetes_executor.py took 1.139 seconds
[2021-11-28 06:28:43,973] {scheduler_job.py:182} INFO - Started process (PID=36080) to work on /home/airflow/sandbox/lib/python3.8/site-packages/airflow/example_dags/example_kubernetes_executor.py
[2021-11-28 06:28:44,003] {scheduler_job.py:633} INFO - Processing file /home/airflow/sandbox/lib/python3.8/site-packages/airflow/example_dags/example_kubernetes_executor.py for tasks to queue
[2021-11-28 06:28:44,012] {logging_mixin.py:104} INFO - [2021-11-28 06:28:44,011] {dagbag.py:487} INFO - Filling up the DagBag from /home/airflow/sandbox/lib/python3.8/site-packages/airflow/example_dags/example_kubernetes_executor.py
[2021-11-28 06:28:44,090] {scheduler_job.py:643} INFO - DAG(s) dict_keys(['example_kubernetes_executor']) retrieved from /home/airflow/sandbox/lib/python3.8/site-packages/airflow/example_dags/example_kubernetes_executor.py
[2021-11-28 06:28:44,179] {logging_mixin.py:104} INFO - [2021-11-28 06:28:44,179] {dag.py:1832} INFO - Sync 1 DAGs
[2021-11-28 06:28:44,206] {logging_mixin.py:104} INFO - [2021-11-28 06:28:44,206] {dag.py:2305} INFO - Setting next_dagrun for example_kubernetes_executor to None
[2021-11-28 06:28:44,251] {scheduler_job.py:190} INFO - Processing /home/airflow/sandbox/lib/python3.8/site-packages/airflow/example_dags/example_kubernetes_executor.py took 0.293 seconds
[2021-11-28 06:29:14,582] {scheduler_job.py:182} INFO - Started process (PID=36322) to work on /home/airflow/sandbox/lib/python3.8/site-packages/airflow/example_dags/example_kubernetes_executor.py
[2021-11-28 06:29:14,601] {scheduler_job.py:633} INFO - Processing file /home/airflow/sandbox/lib/python3.8/site-packages/airflow/example_dags/example_kubernetes_executor.py for tasks to queue
[2021-11-28 06:29:14,604] {logging_mixin.py:104} INFO - [2021-11-28 06:29:14,604] {dagbag.py:487} INFO - Filling up the DagBag from /home/airflow/sandbox/lib/python3.8/site-packages/airflow/example_dags/example_kubernetes_executor.py
[2021-11-28 06:29:14,680] {scheduler_job.py:643} INFO - DAG(s) dict_keys(['example_kubernetes_executor']) retrieved from /home/airflow/sandbox/lib/python3.8/site-packages/airflow/example_dags/example_kubernetes_executor.py
[2021-11-28 06:29:14,791] {logging_mixin.py:104} INFO - [2021-11-28 06:29:14,791] {dag.py:1832} INFO - Sync 1 DAGs
[2021-11-28 06:29:14,830] {logging_mixin.py:104} INFO - [2021-11-28 06:29:14,828] {dag.py:2305} INFO - Setting next_dagrun for example_kubernetes_executor to None
[2021-11-28 06:29:14,876] {scheduler_job.py:190} INFO - Processing /home/airflow/sandbox/lib/python3.8/site-packages/airflow/example_dags/example_kubernetes_executor.py took 0.301 seconds
[2021-11-28 06:29:49,543] {scheduler_job.py:182} INFO - Started process (PID=36688) to work on /home/airflow/sandbox/lib/python3.8/site-packages/airflow/example_dags/example_kubernetes_executor.py
[2021-11-28 06:29:49,550] {scheduler_job.py:633} INFO - Processing file /home/airflow/sandbox/lib/python3.8/site-packages/airflow/example_dags/example_kubernetes_executor.py for tasks to queue
[2021-11-28 06:29:49,580] {logging_mixin.py:104} INFO - [2021-11-28 06:29:49,580] {dagbag.py:487} INFO - Filling up the DagBag from /home/airflow/sandbox/lib/python3.8/site-packages/airflow/example_dags/example_kubernetes_executor.py
[2021-11-28 06:29:49,751] {scheduler_job.py:643} INFO - DAG(s) dict_keys(['example_kubernetes_executor']) retrieved from /home/airflow/sandbox/lib/python3.8/site-packages/airflow/example_dags/example_kubernetes_executor.py
[2021-11-28 06:29:50,204] {logging_mixin.py:104} INFO - [2021-11-28 06:29:50,204] {dag.py:1832} INFO - Sync 1 DAGs
[2021-11-28 06:29:50,801] {logging_mixin.py:104} INFO - [2021-11-28 06:29:50,800] {dag.py:2305} INFO - Setting next_dagrun for example_kubernetes_executor to None
[2021-11-28 06:29:51,040] {scheduler_job.py:190} INFO - Processing /home/airflow/sandbox/lib/python3.8/site-packages/airflow/example_dags/example_kubernetes_executor.py took 1.536 seconds
[2021-11-28 06:30:26,512] {scheduler_job.py:182} INFO - Started process (PID=36892) to work on /home/airflow/sandbox/lib/python3.8/site-packages/airflow/example_dags/example_kubernetes_executor.py
[2021-11-28 06:30:26,530] {scheduler_job.py:633} INFO - Processing file /home/airflow/sandbox/lib/python3.8/site-packages/airflow/example_dags/example_kubernetes_executor.py for tasks to queue
[2021-11-28 06:30:26,534] {logging_mixin.py:104} INFO - [2021-11-28 06:30:26,533] {dagbag.py:487} INFO - Filling up the DagBag from /home/airflow/sandbox/lib/python3.8/site-packages/airflow/example_dags/example_kubernetes_executor.py
[2021-11-28 06:30:26,601] {scheduler_job.py:643} INFO - DAG(s) dict_keys(['example_kubernetes_executor']) retrieved from /home/airflow/sandbox/lib/python3.8/site-packages/airflow/example_dags/example_kubernetes_executor.py
[2021-11-28 06:30:26,720] {logging_mixin.py:104} INFO - [2021-11-28 06:30:26,720] {dag.py:1832} INFO - Sync 1 DAGs
[2021-11-28 06:30:26,803] {logging_mixin.py:104} INFO - [2021-11-28 06:30:26,803] {dag.py:2305} INFO - Setting next_dagrun for example_kubernetes_executor to None
[2021-11-28 06:30:26,866] {scheduler_job.py:190} INFO - Processing /home/airflow/sandbox/lib/python3.8/site-packages/airflow/example_dags/example_kubernetes_executor.py took 0.353 seconds
[2021-11-28 06:31:01,873] {scheduler_job.py:182} INFO - Started process (PID=37085) to work on /home/airflow/sandbox/lib/python3.8/site-packages/airflow/example_dags/example_kubernetes_executor.py
[2021-11-28 06:31:01,907] {scheduler_job.py:633} INFO - Processing file /home/airflow/sandbox/lib/python3.8/site-packages/airflow/example_dags/example_kubernetes_executor.py for tasks to queue
[2021-11-28 06:31:01,916] {logging_mixin.py:104} INFO - [2021-11-28 06:31:01,915] {dagbag.py:487} INFO - Filling up the DagBag from /home/airflow/sandbox/lib/python3.8/site-packages/airflow/example_dags/example_kubernetes_executor.py
[2021-11-28 06:31:02,115] {scheduler_job.py:643} INFO - DAG(s) dict_keys(['example_kubernetes_executor']) retrieved from /home/airflow/sandbox/lib/python3.8/site-packages/airflow/example_dags/example_kubernetes_executor.py
[2021-11-28 06:31:02,533] {logging_mixin.py:104} INFO - [2021-11-28 06:31:02,532] {dag.py:1832} INFO - Sync 1 DAGs
[2021-11-28 06:31:02,690] {logging_mixin.py:104} INFO - [2021-11-28 06:31:02,689] {dag.py:2305} INFO - Setting next_dagrun for example_kubernetes_executor to None
[2021-11-28 06:31:03,700] {scheduler_job.py:190} INFO - Processing /home/airflow/sandbox/lib/python3.8/site-packages/airflow/example_dags/example_kubernetes_executor.py took 1.866 seconds
[2021-11-28 06:31:34,407] {scheduler_job.py:182} INFO - Started process (PID=37287) to work on /home/airflow/sandbox/lib/python3.8/site-packages/airflow/example_dags/example_kubernetes_executor.py
[2021-11-28 06:31:34,417] {scheduler_job.py:633} INFO - Processing file /home/airflow/sandbox/lib/python3.8/site-packages/airflow/example_dags/example_kubernetes_executor.py for tasks to queue
[2021-11-28 06:31:34,419] {logging_mixin.py:104} INFO - [2021-11-28 06:31:34,418] {dagbag.py:487} INFO - Filling up the DagBag from /home/airflow/sandbox/lib/python3.8/site-packages/airflow/example_dags/example_kubernetes_executor.py
[2021-11-28 06:31:34,505] {scheduler_job.py:643} INFO - DAG(s) dict_keys(['example_kubernetes_executor']) retrieved from /home/airflow/sandbox/lib/python3.8/site-packages/airflow/example_dags/example_kubernetes_executor.py
[2021-11-28 06:31:34,669] {logging_mixin.py:104} INFO - [2021-11-28 06:31:34,669] {dag.py:1832} INFO - Sync 1 DAGs
[2021-11-28 06:31:34,757] {logging_mixin.py:104} INFO - [2021-11-28 06:31:34,756] {dag.py:2305} INFO - Setting next_dagrun for example_kubernetes_executor to None
[2021-11-28 06:31:35,564] {scheduler_job.py:190} INFO - Processing /home/airflow/sandbox/lib/python3.8/site-packages/airflow/example_dags/example_kubernetes_executor.py took 1.199 seconds
[2021-11-28 06:32:19,036] {scheduler_job.py:182} INFO - Started process (PID=37497) to work on /home/airflow/sandbox/lib/python3.8/site-packages/airflow/example_dags/example_kubernetes_executor.py
[2021-11-28 06:32:19,067] {scheduler_job.py:633} INFO - Processing file /home/airflow/sandbox/lib/python3.8/site-packages/airflow/example_dags/example_kubernetes_executor.py for tasks to queue
[2021-11-28 06:32:19,068] {logging_mixin.py:104} INFO - [2021-11-28 06:32:19,068] {dagbag.py:487} INFO - Filling up the DagBag from /home/airflow/sandbox/lib/python3.8/site-packages/airflow/example_dags/example_kubernetes_executor.py
[2021-11-28 06:32:19,193] {scheduler_job.py:643} INFO - DAG(s) dict_keys(['example_kubernetes_executor']) retrieved from /home/airflow/sandbox/lib/python3.8/site-packages/airflow/example_dags/example_kubernetes_executor.py
[2021-11-28 06:32:19,456] {logging_mixin.py:104} INFO - [2021-11-28 06:32:19,456] {dag.py:1832} INFO - Sync 1 DAGs
[2021-11-28 06:32:19,603] {logging_mixin.py:104} INFO - [2021-11-28 06:32:19,603] {dag.py:2305} INFO - Setting next_dagrun for example_kubernetes_executor to None
[2021-11-28 06:32:20,043] {scheduler_job.py:190} INFO - Processing /home/airflow/sandbox/lib/python3.8/site-packages/airflow/example_dags/example_kubernetes_executor.py took 1.059 seconds
[2021-11-28 06:32:50,828] {scheduler_job.py:182} INFO - Started process (PID=37938) to work on /home/airflow/sandbox/lib/python3.8/site-packages/airflow/example_dags/example_kubernetes_executor.py
[2021-11-28 06:32:50,847] {scheduler_job.py:633} INFO - Processing file /home/airflow/sandbox/lib/python3.8/site-packages/airflow/example_dags/example_kubernetes_executor.py for tasks to queue
[2021-11-28 06:32:50,850] {logging_mixin.py:104} INFO - [2021-11-28 06:32:50,850] {dagbag.py:487} INFO - Filling up the DagBag from /home/airflow/sandbox/lib/python3.8/site-packages/airflow/example_dags/example_kubernetes_executor.py
[2021-11-28 06:32:50,886] {scheduler_job.py:643} INFO - DAG(s) dict_keys(['example_kubernetes_executor']) retrieved from /home/airflow/sandbox/lib/python3.8/site-packages/airflow/example_dags/example_kubernetes_executor.py
[2021-11-28 06:32:51,282] {logging_mixin.py:104} INFO - [2021-11-28 06:32:51,282] {dag.py:1832} INFO - Sync 1 DAGs
[2021-11-28 06:32:51,707] {logging_mixin.py:104} INFO - [2021-11-28 06:32:51,707] {dag.py:2305} INFO - Setting next_dagrun for example_kubernetes_executor to None
[2021-11-28 06:32:51,851] {scheduler_job.py:190} INFO - Processing /home/airflow/sandbox/lib/python3.8/site-packages/airflow/example_dags/example_kubernetes_executor.py took 1.030 seconds
[2021-11-28 06:33:22,339] {scheduler_job.py:182} INFO - Started process (PID=38135) to work on /home/airflow/sandbox/lib/python3.8/site-packages/airflow/example_dags/example_kubernetes_executor.py
[2021-11-28 06:33:22,382] {scheduler_job.py:633} INFO - Processing file /home/airflow/sandbox/lib/python3.8/site-packages/airflow/example_dags/example_kubernetes_executor.py for tasks to queue
[2021-11-28 06:33:22,385] {logging_mixin.py:104} INFO - [2021-11-28 06:33:22,385] {dagbag.py:487} INFO - Filling up the DagBag from /home/airflow/sandbox/lib/python3.8/site-packages/airflow/example_dags/example_kubernetes_executor.py
[2021-11-28 06:33:22,529] {scheduler_job.py:643} INFO - DAG(s) dict_keys(['example_kubernetes_executor']) retrieved from /home/airflow/sandbox/lib/python3.8/site-packages/airflow/example_dags/example_kubernetes_executor.py
[2021-11-28 06:33:22,629] {logging_mixin.py:104} INFO - [2021-11-28 06:33:22,629] {dag.py:1832} INFO - Sync 1 DAGs
[2021-11-28 06:33:22,765] {logging_mixin.py:104} INFO - [2021-11-28 06:33:22,765] {dag.py:2305} INFO - Setting next_dagrun for example_kubernetes_executor to None
[2021-11-28 06:33:22,798] {scheduler_job.py:190} INFO - Processing /home/airflow/sandbox/lib/python3.8/site-packages/airflow/example_dags/example_kubernetes_executor.py took 0.479 seconds
[2021-11-28 06:33:53,253] {scheduler_job.py:182} INFO - Started process (PID=38335) to work on /home/airflow/sandbox/lib/python3.8/site-packages/airflow/example_dags/example_kubernetes_executor.py
[2021-11-28 06:33:53,271] {scheduler_job.py:633} INFO - Processing file /home/airflow/sandbox/lib/python3.8/site-packages/airflow/example_dags/example_kubernetes_executor.py for tasks to queue
[2021-11-28 06:33:53,275] {logging_mixin.py:104} INFO - [2021-11-28 06:33:53,274] {dagbag.py:487} INFO - Filling up the DagBag from /home/airflow/sandbox/lib/python3.8/site-packages/airflow/example_dags/example_kubernetes_executor.py
[2021-11-28 06:33:53,422] {scheduler_job.py:643} INFO - DAG(s) dict_keys(['example_kubernetes_executor']) retrieved from /home/airflow/sandbox/lib/python3.8/site-packages/airflow/example_dags/example_kubernetes_executor.py
[2021-11-28 06:33:53,506] {logging_mixin.py:104} INFO - [2021-11-28 06:33:53,505] {dag.py:1832} INFO - Sync 1 DAGs
[2021-11-28 06:33:53,719] {logging_mixin.py:104} INFO - [2021-11-28 06:33:53,718] {dag.py:2305} INFO - Setting next_dagrun for example_kubernetes_executor to None
[2021-11-28 06:33:53,756] {scheduler_job.py:190} INFO - Processing /home/airflow/sandbox/lib/python3.8/site-packages/airflow/example_dags/example_kubernetes_executor.py took 0.517 seconds
[2021-11-28 06:34:24,127] {scheduler_job.py:182} INFO - Started process (PID=38535) to work on /home/airflow/sandbox/lib/python3.8/site-packages/airflow/example_dags/example_kubernetes_executor.py
[2021-11-28 06:34:24,137] {scheduler_job.py:633} INFO - Processing file /home/airflow/sandbox/lib/python3.8/site-packages/airflow/example_dags/example_kubernetes_executor.py for tasks to queue
[2021-11-28 06:34:24,139] {logging_mixin.py:104} INFO - [2021-11-28 06:34:24,139] {dagbag.py:487} INFO - Filling up the DagBag from /home/airflow/sandbox/lib/python3.8/site-packages/airflow/example_dags/example_kubernetes_executor.py
[2021-11-28 06:34:24,236] {scheduler_job.py:643} INFO - DAG(s) dict_keys(['example_kubernetes_executor']) retrieved from /home/airflow/sandbox/lib/python3.8/site-packages/airflow/example_dags/example_kubernetes_executor.py
[2021-11-28 06:34:24,316] {logging_mixin.py:104} INFO - [2021-11-28 06:34:24,315] {dag.py:1832} INFO - Sync 1 DAGs
[2021-11-28 06:34:24,499] {logging_mixin.py:104} INFO - [2021-11-28 06:34:24,498] {dag.py:2305} INFO - Setting next_dagrun for example_kubernetes_executor to None
[2021-11-28 06:34:24,535] {scheduler_job.py:190} INFO - Processing /home/airflow/sandbox/lib/python3.8/site-packages/airflow/example_dags/example_kubernetes_executor.py took 0.422 seconds
[2021-11-28 06:34:55,436] {scheduler_job.py:182} INFO - Started process (PID=38731) to work on /home/airflow/sandbox/lib/python3.8/site-packages/airflow/example_dags/example_kubernetes_executor.py
[2021-11-28 06:34:55,443] {scheduler_job.py:633} INFO - Processing file /home/airflow/sandbox/lib/python3.8/site-packages/airflow/example_dags/example_kubernetes_executor.py for tasks to queue
[2021-11-28 06:34:55,444] {logging_mixin.py:104} INFO - [2021-11-28 06:34:55,444] {dagbag.py:487} INFO - Filling up the DagBag from /home/airflow/sandbox/lib/python3.8/site-packages/airflow/example_dags/example_kubernetes_executor.py
[2021-11-28 06:34:55,521] {scheduler_job.py:643} INFO - DAG(s) dict_keys(['example_kubernetes_executor']) retrieved from /home/airflow/sandbox/lib/python3.8/site-packages/airflow/example_dags/example_kubernetes_executor.py
[2021-11-28 06:34:55,876] {logging_mixin.py:104} INFO - [2021-11-28 06:34:55,876] {dag.py:1832} INFO - Sync 1 DAGs
[2021-11-28 06:34:55,944] {logging_mixin.py:104} INFO - [2021-11-28 06:34:55,944] {dag.py:2305} INFO - Setting next_dagrun for example_kubernetes_executor to None
[2021-11-28 06:34:56,023] {scheduler_job.py:190} INFO - Processing /home/airflow/sandbox/lib/python3.8/site-packages/airflow/example_dags/example_kubernetes_executor.py took 0.607 seconds
[2021-11-28 06:35:34,708] {scheduler_job.py:182} INFO - Started process (PID=38933) to work on /home/airflow/sandbox/lib/python3.8/site-packages/airflow/example_dags/example_kubernetes_executor.py
[2021-11-28 06:35:34,733] {scheduler_job.py:633} INFO - Processing file /home/airflow/sandbox/lib/python3.8/site-packages/airflow/example_dags/example_kubernetes_executor.py for tasks to queue
[2021-11-28 06:35:34,735] {logging_mixin.py:104} INFO - [2021-11-28 06:35:34,735] {dagbag.py:487} INFO - Filling up the DagBag from /home/airflow/sandbox/lib/python3.8/site-packages/airflow/example_dags/example_kubernetes_executor.py
[2021-11-28 06:35:35,010] {scheduler_job.py:643} INFO - DAG(s) dict_keys(['example_kubernetes_executor']) retrieved from /home/airflow/sandbox/lib/python3.8/site-packages/airflow/example_dags/example_kubernetes_executor.py
[2021-11-28 06:35:35,390] {logging_mixin.py:104} INFO - [2021-11-28 06:35:35,390] {dag.py:1832} INFO - Sync 1 DAGs
[2021-11-28 06:35:35,452] {logging_mixin.py:104} INFO - [2021-11-28 06:35:35,451] {dag.py:2305} INFO - Setting next_dagrun for example_kubernetes_executor to None
[2021-11-28 06:35:35,580] {scheduler_job.py:190} INFO - Processing /home/airflow/sandbox/lib/python3.8/site-packages/airflow/example_dags/example_kubernetes_executor.py took 0.912 seconds
[2021-11-28 06:36:06,293] {scheduler_job.py:182} INFO - Started process (PID=39129) to work on /home/airflow/sandbox/lib/python3.8/site-packages/airflow/example_dags/example_kubernetes_executor.py
[2021-11-28 06:36:06,306] {scheduler_job.py:633} INFO - Processing file /home/airflow/sandbox/lib/python3.8/site-packages/airflow/example_dags/example_kubernetes_executor.py for tasks to queue
[2021-11-28 06:36:06,309] {logging_mixin.py:104} INFO - [2021-11-28 06:36:06,309] {dagbag.py:487} INFO - Filling up the DagBag from /home/airflow/sandbox/lib/python3.8/site-packages/airflow/example_dags/example_kubernetes_executor.py
[2021-11-28 06:36:06,442] {scheduler_job.py:643} INFO - DAG(s) dict_keys(['example_kubernetes_executor']) retrieved from /home/airflow/sandbox/lib/python3.8/site-packages/airflow/example_dags/example_kubernetes_executor.py
[2021-11-28 06:36:07,008] {logging_mixin.py:104} INFO - [2021-11-28 06:36:07,008] {dag.py:1832} INFO - Sync 1 DAGs
[2021-11-28 06:36:07,054] {logging_mixin.py:104} INFO - [2021-11-28 06:36:07,054] {dag.py:2305} INFO - Setting next_dagrun for example_kubernetes_executor to None
[2021-11-28 06:36:07,098] {scheduler_job.py:190} INFO - Processing /home/airflow/sandbox/lib/python3.8/site-packages/airflow/example_dags/example_kubernetes_executor.py took 0.827 seconds
[2021-11-28 06:36:38,569] {scheduler_job.py:182} INFO - Started process (PID=39345) to work on /home/airflow/sandbox/lib/python3.8/site-packages/airflow/example_dags/example_kubernetes_executor.py
[2021-11-28 06:36:38,587] {scheduler_job.py:633} INFO - Processing file /home/airflow/sandbox/lib/python3.8/site-packages/airflow/example_dags/example_kubernetes_executor.py for tasks to queue
[2021-11-28 06:36:38,593] {logging_mixin.py:104} INFO - [2021-11-28 06:36:38,593] {dagbag.py:487} INFO - Filling up the DagBag from /home/airflow/sandbox/lib/python3.8/site-packages/airflow/example_dags/example_kubernetes_executor.py
[2021-11-28 06:36:38,692] {scheduler_job.py:643} INFO - DAG(s) dict_keys(['example_kubernetes_executor']) retrieved from /home/airflow/sandbox/lib/python3.8/site-packages/airflow/example_dags/example_kubernetes_executor.py
[2021-11-28 06:36:39,307] {logging_mixin.py:104} INFO - [2021-11-28 06:36:39,307] {dag.py:1832} INFO - Sync 1 DAGs
[2021-11-28 06:36:39,399] {logging_mixin.py:104} INFO - [2021-11-28 06:36:39,399] {dag.py:2305} INFO - Setting next_dagrun for example_kubernetes_executor to None
[2021-11-28 06:36:39,492] {scheduler_job.py:190} INFO - Processing /home/airflow/sandbox/lib/python3.8/site-packages/airflow/example_dags/example_kubernetes_executor.py took 0.943 seconds
[2021-11-28 06:37:10,201] {scheduler_job.py:182} INFO - Started process (PID=39545) to work on /home/airflow/sandbox/lib/python3.8/site-packages/airflow/example_dags/example_kubernetes_executor.py
[2021-11-28 06:37:10,210] {scheduler_job.py:633} INFO - Processing file /home/airflow/sandbox/lib/python3.8/site-packages/airflow/example_dags/example_kubernetes_executor.py for tasks to queue
[2021-11-28 06:37:10,228] {logging_mixin.py:104} INFO - [2021-11-28 06:37:10,228] {dagbag.py:487} INFO - Filling up the DagBag from /home/airflow/sandbox/lib/python3.8/site-packages/airflow/example_dags/example_kubernetes_executor.py
[2021-11-28 06:37:10,562] {scheduler_job.py:643} INFO - DAG(s) dict_keys(['example_kubernetes_executor']) retrieved from /home/airflow/sandbox/lib/python3.8/site-packages/airflow/example_dags/example_kubernetes_executor.py
[2021-11-28 06:37:10,716] {logging_mixin.py:104} INFO - [2021-11-28 06:37:10,716] {dag.py:1832} INFO - Sync 1 DAGs
[2021-11-28 06:37:10,809] {logging_mixin.py:104} INFO - [2021-11-28 06:37:10,808] {dag.py:2305} INFO - Setting next_dagrun for example_kubernetes_executor to None
[2021-11-28 06:37:10,903] {scheduler_job.py:190} INFO - Processing /home/airflow/sandbox/lib/python3.8/site-packages/airflow/example_dags/example_kubernetes_executor.py took 0.731 seconds
[2021-11-28 06:37:41,216] {scheduler_job.py:182} INFO - Started process (PID=39740) to work on /home/airflow/sandbox/lib/python3.8/site-packages/airflow/example_dags/example_kubernetes_executor.py
[2021-11-28 06:37:41,225] {scheduler_job.py:633} INFO - Processing file /home/airflow/sandbox/lib/python3.8/site-packages/airflow/example_dags/example_kubernetes_executor.py for tasks to queue
[2021-11-28 06:37:41,226] {logging_mixin.py:104} INFO - [2021-11-28 06:37:41,226] {dagbag.py:487} INFO - Filling up the DagBag from /home/airflow/sandbox/lib/python3.8/site-packages/airflow/example_dags/example_kubernetes_executor.py
[2021-11-28 06:37:41,825] {scheduler_job.py:643} INFO - DAG(s) dict_keys(['example_kubernetes_executor']) retrieved from /home/airflow/sandbox/lib/python3.8/site-packages/airflow/example_dags/example_kubernetes_executor.py
[2021-11-28 06:37:42,043] {logging_mixin.py:104} INFO - [2021-11-28 06:37:42,043] {dag.py:1832} INFO - Sync 1 DAGs
[2021-11-28 06:37:42,407] {logging_mixin.py:104} INFO - [2021-11-28 06:37:42,407] {dag.py:2305} INFO - Setting next_dagrun for example_kubernetes_executor to None
[2021-11-28 06:37:42,533] {scheduler_job.py:190} INFO - Processing /home/airflow/sandbox/lib/python3.8/site-packages/airflow/example_dags/example_kubernetes_executor.py took 1.386 seconds
[2021-11-28 06:38:14,223] {scheduler_job.py:182} INFO - Started process (PID=40182) to work on /home/airflow/sandbox/lib/python3.8/site-packages/airflow/example_dags/example_kubernetes_executor.py
[2021-11-28 06:38:14,240] {scheduler_job.py:633} INFO - Processing file /home/airflow/sandbox/lib/python3.8/site-packages/airflow/example_dags/example_kubernetes_executor.py for tasks to queue
[2021-11-28 06:38:14,244] {logging_mixin.py:104} INFO - [2021-11-28 06:38:14,244] {dagbag.py:487} INFO - Filling up the DagBag from /home/airflow/sandbox/lib/python3.8/site-packages/airflow/example_dags/example_kubernetes_executor.py
[2021-11-28 06:38:14,712] {scheduler_job.py:643} INFO - DAG(s) dict_keys(['example_kubernetes_executor']) retrieved from /home/airflow/sandbox/lib/python3.8/site-packages/airflow/example_dags/example_kubernetes_executor.py
[2021-11-28 06:38:14,855] {logging_mixin.py:104} INFO - [2021-11-28 06:38:14,855] {dag.py:1832} INFO - Sync 1 DAGs
[2021-11-28 06:38:14,915] {logging_mixin.py:104} INFO - [2021-11-28 06:38:14,915] {dag.py:2305} INFO - Setting next_dagrun for example_kubernetes_executor to None
[2021-11-28 06:38:14,962] {scheduler_job.py:190} INFO - Processing /home/airflow/sandbox/lib/python3.8/site-packages/airflow/example_dags/example_kubernetes_executor.py took 0.757 seconds
[2021-11-28 06:38:50,304] {scheduler_job.py:182} INFO - Started process (PID=40382) to work on /home/airflow/sandbox/lib/python3.8/site-packages/airflow/example_dags/example_kubernetes_executor.py
[2021-11-28 06:38:50,309] {scheduler_job.py:633} INFO - Processing file /home/airflow/sandbox/lib/python3.8/site-packages/airflow/example_dags/example_kubernetes_executor.py for tasks to queue
[2021-11-28 06:38:50,315] {logging_mixin.py:104} INFO - [2021-11-28 06:38:50,314] {dagbag.py:487} INFO - Filling up the DagBag from /home/airflow/sandbox/lib/python3.8/site-packages/airflow/example_dags/example_kubernetes_executor.py
[2021-11-28 06:38:50,760] {scheduler_job.py:643} INFO - DAG(s) dict_keys(['example_kubernetes_executor']) retrieved from /home/airflow/sandbox/lib/python3.8/site-packages/airflow/example_dags/example_kubernetes_executor.py
[2021-11-28 06:38:50,854] {logging_mixin.py:104} INFO - [2021-11-28 06:38:50,854] {dag.py:1832} INFO - Sync 1 DAGs
[2021-11-28 06:38:50,901] {logging_mixin.py:104} INFO - [2021-11-28 06:38:50,901] {dag.py:2305} INFO - Setting next_dagrun for example_kubernetes_executor to None
[2021-11-28 06:38:50,951] {scheduler_job.py:190} INFO - Processing /home/airflow/sandbox/lib/python3.8/site-packages/airflow/example_dags/example_kubernetes_executor.py took 0.689 seconds
[2021-11-28 06:39:31,733] {scheduler_job.py:182} INFO - Started process (PID=40568) to work on /home/airflow/sandbox/lib/python3.8/site-packages/airflow/example_dags/example_kubernetes_executor.py
[2021-11-28 06:39:31,747] {scheduler_job.py:633} INFO - Processing file /home/airflow/sandbox/lib/python3.8/site-packages/airflow/example_dags/example_kubernetes_executor.py for tasks to queue
[2021-11-28 06:39:31,800] {logging_mixin.py:104} INFO - [2021-11-28 06:39:31,749] {dagbag.py:487} INFO - Filling up the DagBag from /home/airflow/sandbox/lib/python3.8/site-packages/airflow/example_dags/example_kubernetes_executor.py
[2021-11-28 06:39:32,852] {scheduler_job.py:643} INFO - DAG(s) dict_keys(['example_kubernetes_executor']) retrieved from /home/airflow/sandbox/lib/python3.8/site-packages/airflow/example_dags/example_kubernetes_executor.py
[2021-11-28 06:39:33,279] {logging_mixin.py:104} INFO - [2021-11-28 06:39:33,258] {dag.py:1832} INFO - Sync 1 DAGs
[2021-11-28 06:39:33,628] {logging_mixin.py:104} INFO - [2021-11-28 06:39:33,628] {dag.py:2305} INFO - Setting next_dagrun for example_kubernetes_executor to None
[2021-11-28 06:39:33,872] {scheduler_job.py:190} INFO - Processing /home/airflow/sandbox/lib/python3.8/site-packages/airflow/example_dags/example_kubernetes_executor.py took 2.252 seconds
[2021-11-28 06:40:04,324] {scheduler_job.py:182} INFO - Started process (PID=40771) to work on /home/airflow/sandbox/lib/python3.8/site-packages/airflow/example_dags/example_kubernetes_executor.py
[2021-11-28 06:40:04,517] {scheduler_job.py:633} INFO - Processing file /home/airflow/sandbox/lib/python3.8/site-packages/airflow/example_dags/example_kubernetes_executor.py for tasks to queue
[2021-11-28 06:40:04,522] {logging_mixin.py:104} INFO - [2021-11-28 06:40:04,522] {dagbag.py:487} INFO - Filling up the DagBag from /home/airflow/sandbox/lib/python3.8/site-packages/airflow/example_dags/example_kubernetes_executor.py
[2021-11-28 06:40:04,553] {scheduler_job.py:643} INFO - DAG(s) dict_keys(['example_kubernetes_executor']) retrieved from /home/airflow/sandbox/lib/python3.8/site-packages/airflow/example_dags/example_kubernetes_executor.py
[2021-11-28 06:40:04,639] {logging_mixin.py:104} INFO - [2021-11-28 06:40:04,639] {dag.py:1832} INFO - Sync 1 DAGs
[2021-11-28 06:40:04,734] {logging_mixin.py:104} INFO - [2021-11-28 06:40:04,733] {dag.py:2305} INFO - Setting next_dagrun for example_kubernetes_executor to None
[2021-11-28 06:40:04,842] {scheduler_job.py:190} INFO - Processing /home/airflow/sandbox/lib/python3.8/site-packages/airflow/example_dags/example_kubernetes_executor.py took 0.547 seconds
[2021-11-28 06:40:35,616] {scheduler_job.py:182} INFO - Started process (PID=40972) to work on /home/airflow/sandbox/lib/python3.8/site-packages/airflow/example_dags/example_kubernetes_executor.py
[2021-11-28 06:40:35,633] {scheduler_job.py:633} INFO - Processing file /home/airflow/sandbox/lib/python3.8/site-packages/airflow/example_dags/example_kubernetes_executor.py for tasks to queue
[2021-11-28 06:40:35,634] {logging_mixin.py:104} INFO - [2021-11-28 06:40:35,634] {dagbag.py:487} INFO - Filling up the DagBag from /home/airflow/sandbox/lib/python3.8/site-packages/airflow/example_dags/example_kubernetes_executor.py
[2021-11-28 06:40:35,714] {scheduler_job.py:643} INFO - DAG(s) dict_keys(['example_kubernetes_executor']) retrieved from /home/airflow/sandbox/lib/python3.8/site-packages/airflow/example_dags/example_kubernetes_executor.py
[2021-11-28 06:40:35,839] {logging_mixin.py:104} INFO - [2021-11-28 06:40:35,838] {dag.py:1832} INFO - Sync 1 DAGs
[2021-11-28 06:40:35,999] {logging_mixin.py:104} INFO - [2021-11-28 06:40:35,999] {dag.py:2305} INFO - Setting next_dagrun for example_kubernetes_executor to None
[2021-11-28 06:40:36,073] {scheduler_job.py:190} INFO - Processing /home/airflow/sandbox/lib/python3.8/site-packages/airflow/example_dags/example_kubernetes_executor.py took 0.473 seconds
[2021-11-28 06:41:13,388] {scheduler_job.py:182} INFO - Started process (PID=41170) to work on /home/airflow/sandbox/lib/python3.8/site-packages/airflow/example_dags/example_kubernetes_executor.py
[2021-11-28 06:41:13,403] {scheduler_job.py:633} INFO - Processing file /home/airflow/sandbox/lib/python3.8/site-packages/airflow/example_dags/example_kubernetes_executor.py for tasks to queue
[2021-11-28 06:41:13,406] {logging_mixin.py:104} INFO - [2021-11-28 06:41:13,406] {dagbag.py:487} INFO - Filling up the DagBag from /home/airflow/sandbox/lib/python3.8/site-packages/airflow/example_dags/example_kubernetes_executor.py
[2021-11-28 06:41:13,697] {scheduler_job.py:643} INFO - DAG(s) dict_keys(['example_kubernetes_executor']) retrieved from /home/airflow/sandbox/lib/python3.8/site-packages/airflow/example_dags/example_kubernetes_executor.py
[2021-11-28 06:41:13,996] {logging_mixin.py:104} INFO - [2021-11-28 06:41:13,995] {dag.py:1832} INFO - Sync 1 DAGs
[2021-11-28 06:41:14,317] {logging_mixin.py:104} INFO - [2021-11-28 06:41:14,316] {dag.py:2305} INFO - Setting next_dagrun for example_kubernetes_executor to None
[2021-11-28 06:41:14,591] {scheduler_job.py:190} INFO - Processing /home/airflow/sandbox/lib/python3.8/site-packages/airflow/example_dags/example_kubernetes_executor.py took 1.279 seconds
[2021-11-28 06:41:46,721] {scheduler_job.py:182} INFO - Started process (PID=41369) to work on /home/airflow/sandbox/lib/python3.8/site-packages/airflow/example_dags/example_kubernetes_executor.py
[2021-11-28 06:41:46,751] {scheduler_job.py:633} INFO - Processing file /home/airflow/sandbox/lib/python3.8/site-packages/airflow/example_dags/example_kubernetes_executor.py for tasks to queue
[2021-11-28 06:41:46,815] {logging_mixin.py:104} INFO - [2021-11-28 06:41:46,814] {dagbag.py:487} INFO - Filling up the DagBag from /home/airflow/sandbox/lib/python3.8/site-packages/airflow/example_dags/example_kubernetes_executor.py
[2021-11-28 06:41:47,076] {scheduler_job.py:643} INFO - DAG(s) dict_keys(['example_kubernetes_executor']) retrieved from /home/airflow/sandbox/lib/python3.8/site-packages/airflow/example_dags/example_kubernetes_executor.py
[2021-11-28 06:41:47,507] {logging_mixin.py:104} INFO - [2021-11-28 06:41:47,506] {dag.py:1832} INFO - Sync 1 DAGs
[2021-11-28 06:41:47,763] {logging_mixin.py:104} INFO - [2021-11-28 06:41:47,763] {dag.py:2305} INFO - Setting next_dagrun for example_kubernetes_executor to None
[2021-11-28 06:41:48,010] {scheduler_job.py:190} INFO - Processing /home/airflow/sandbox/lib/python3.8/site-packages/airflow/example_dags/example_kubernetes_executor.py took 1.393 seconds
[2021-11-28 06:42:18,355] {scheduler_job.py:182} INFO - Started process (PID=41564) to work on /home/airflow/sandbox/lib/python3.8/site-packages/airflow/example_dags/example_kubernetes_executor.py
[2021-11-28 06:42:18,365] {scheduler_job.py:633} INFO - Processing file /home/airflow/sandbox/lib/python3.8/site-packages/airflow/example_dags/example_kubernetes_executor.py for tasks to queue
[2021-11-28 06:42:18,367] {logging_mixin.py:104} INFO - [2021-11-28 06:42:18,367] {dagbag.py:487} INFO - Filling up the DagBag from /home/airflow/sandbox/lib/python3.8/site-packages/airflow/example_dags/example_kubernetes_executor.py
[2021-11-28 06:42:18,557] {scheduler_job.py:643} INFO - DAG(s) dict_keys(['example_kubernetes_executor']) retrieved from /home/airflow/sandbox/lib/python3.8/site-packages/airflow/example_dags/example_kubernetes_executor.py
[2021-11-28 06:42:18,925] {logging_mixin.py:104} INFO - [2021-11-28 06:42:18,924] {dag.py:1832} INFO - Sync 1 DAGs
[2021-11-28 06:42:19,060] {logging_mixin.py:104} INFO - [2021-11-28 06:42:19,060] {dag.py:2305} INFO - Setting next_dagrun for example_kubernetes_executor to None
[2021-11-28 06:42:19,176] {scheduler_job.py:190} INFO - Processing /home/airflow/sandbox/lib/python3.8/site-packages/airflow/example_dags/example_kubernetes_executor.py took 0.861 seconds
[2021-11-28 06:42:53,606] {scheduler_job.py:182} INFO - Started process (PID=41896) to work on /home/airflow/sandbox/lib/python3.8/site-packages/airflow/example_dags/example_kubernetes_executor.py
[2021-11-28 06:42:53,627] {scheduler_job.py:633} INFO - Processing file /home/airflow/sandbox/lib/python3.8/site-packages/airflow/example_dags/example_kubernetes_executor.py for tasks to queue
[2021-11-28 06:42:53,637] {logging_mixin.py:104} INFO - [2021-11-28 06:42:53,637] {dagbag.py:487} INFO - Filling up the DagBag from /home/airflow/sandbox/lib/python3.8/site-packages/airflow/example_dags/example_kubernetes_executor.py
[2021-11-28 06:42:53,764] {scheduler_job.py:643} INFO - DAG(s) dict_keys(['example_kubernetes_executor']) retrieved from /home/airflow/sandbox/lib/python3.8/site-packages/airflow/example_dags/example_kubernetes_executor.py
[2021-11-28 06:42:54,362] {logging_mixin.py:104} INFO - [2021-11-28 06:42:54,362] {dag.py:1832} INFO - Sync 1 DAGs
[2021-11-28 06:42:54,713] {logging_mixin.py:104} INFO - [2021-11-28 06:42:54,712] {dag.py:2305} INFO - Setting next_dagrun for example_kubernetes_executor to None
[2021-11-28 06:42:55,012] {scheduler_job.py:190} INFO - Processing /home/airflow/sandbox/lib/python3.8/site-packages/airflow/example_dags/example_kubernetes_executor.py took 1.449 seconds
[2021-11-28 06:43:26,128] {scheduler_job.py:182} INFO - Started process (PID=42170) to work on /home/airflow/sandbox/lib/python3.8/site-packages/airflow/example_dags/example_kubernetes_executor.py
[2021-11-28 06:43:26,165] {scheduler_job.py:633} INFO - Processing file /home/airflow/sandbox/lib/python3.8/site-packages/airflow/example_dags/example_kubernetes_executor.py for tasks to queue
[2021-11-28 06:43:26,166] {logging_mixin.py:104} INFO - [2021-11-28 06:43:26,166] {dagbag.py:487} INFO - Filling up the DagBag from /home/airflow/sandbox/lib/python3.8/site-packages/airflow/example_dags/example_kubernetes_executor.py
[2021-11-28 06:43:26,339] {scheduler_job.py:643} INFO - DAG(s) dict_keys(['example_kubernetes_executor']) retrieved from /home/airflow/sandbox/lib/python3.8/site-packages/airflow/example_dags/example_kubernetes_executor.py
[2021-11-28 06:43:26,757] {logging_mixin.py:104} INFO - [2021-11-28 06:43:26,757] {dag.py:1832} INFO - Sync 1 DAGs
[2021-11-28 06:43:26,945] {logging_mixin.py:104} INFO - [2021-11-28 06:43:26,944] {dag.py:2305} INFO - Setting next_dagrun for example_kubernetes_executor to None
[2021-11-28 06:43:27,070] {scheduler_job.py:190} INFO - Processing /home/airflow/sandbox/lib/python3.8/site-packages/airflow/example_dags/example_kubernetes_executor.py took 0.976 seconds
[2021-11-28 06:44:03,142] {scheduler_job.py:182} INFO - Started process (PID=42376) to work on /home/airflow/sandbox/lib/python3.8/site-packages/airflow/example_dags/example_kubernetes_executor.py
[2021-11-28 06:44:03,174] {scheduler_job.py:633} INFO - Processing file /home/airflow/sandbox/lib/python3.8/site-packages/airflow/example_dags/example_kubernetes_executor.py for tasks to queue
[2021-11-28 06:44:03,177] {logging_mixin.py:104} INFO - [2021-11-28 06:44:03,177] {dagbag.py:487} INFO - Filling up the DagBag from /home/airflow/sandbox/lib/python3.8/site-packages/airflow/example_dags/example_kubernetes_executor.py
[2021-11-28 06:44:03,475] {scheduler_job.py:643} INFO - DAG(s) dict_keys(['example_kubernetes_executor']) retrieved from /home/airflow/sandbox/lib/python3.8/site-packages/airflow/example_dags/example_kubernetes_executor.py
[2021-11-28 06:44:03,823] {logging_mixin.py:104} INFO - [2021-11-28 06:44:03,823] {dag.py:1832} INFO - Sync 1 DAGs
[2021-11-28 06:44:04,080] {logging_mixin.py:104} INFO - [2021-11-28 06:44:04,080] {dag.py:2305} INFO - Setting next_dagrun for example_kubernetes_executor to None
[2021-11-28 06:44:04,187] {scheduler_job.py:190} INFO - Processing /home/airflow/sandbox/lib/python3.8/site-packages/airflow/example_dags/example_kubernetes_executor.py took 1.171 seconds
[2021-11-28 06:44:34,675] {scheduler_job.py:182} INFO - Started process (PID=42574) to work on /home/airflow/sandbox/lib/python3.8/site-packages/airflow/example_dags/example_kubernetes_executor.py
[2021-11-28 06:44:34,693] {scheduler_job.py:633} INFO - Processing file /home/airflow/sandbox/lib/python3.8/site-packages/airflow/example_dags/example_kubernetes_executor.py for tasks to queue
[2021-11-28 06:44:34,695] {logging_mixin.py:104} INFO - [2021-11-28 06:44:34,694] {dagbag.py:487} INFO - Filling up the DagBag from /home/airflow/sandbox/lib/python3.8/site-packages/airflow/example_dags/example_kubernetes_executor.py
[2021-11-28 06:44:34,850] {scheduler_job.py:643} INFO - DAG(s) dict_keys(['example_kubernetes_executor']) retrieved from /home/airflow/sandbox/lib/python3.8/site-packages/airflow/example_dags/example_kubernetes_executor.py
[2021-11-28 06:44:35,087] {logging_mixin.py:104} INFO - [2021-11-28 06:44:35,086] {dag.py:1832} INFO - Sync 1 DAGs
[2021-11-28 06:44:35,144] {logging_mixin.py:104} INFO - [2021-11-28 06:44:35,143] {dag.py:2305} INFO - Setting next_dagrun for example_kubernetes_executor to None
[2021-11-28 06:44:35,238] {scheduler_job.py:190} INFO - Processing /home/airflow/sandbox/lib/python3.8/site-packages/airflow/example_dags/example_kubernetes_executor.py took 0.636 seconds
[2021-11-28 06:45:10,472] {scheduler_job.py:182} INFO - Started process (PID=42766) to work on /home/airflow/sandbox/lib/python3.8/site-packages/airflow/example_dags/example_kubernetes_executor.py
[2021-11-28 06:45:10,549] {scheduler_job.py:633} INFO - Processing file /home/airflow/sandbox/lib/python3.8/site-packages/airflow/example_dags/example_kubernetes_executor.py for tasks to queue
[2021-11-28 06:45:10,563] {logging_mixin.py:104} INFO - [2021-11-28 06:45:10,562] {dagbag.py:487} INFO - Filling up the DagBag from /home/airflow/sandbox/lib/python3.8/site-packages/airflow/example_dags/example_kubernetes_executor.py
[2021-11-28 06:45:10,849] {scheduler_job.py:643} INFO - DAG(s) dict_keys(['example_kubernetes_executor']) retrieved from /home/airflow/sandbox/lib/python3.8/site-packages/airflow/example_dags/example_kubernetes_executor.py
[2021-11-28 06:45:11,458] {logging_mixin.py:104} INFO - [2021-11-28 06:45:11,458] {dag.py:1832} INFO - Sync 1 DAGs
[2021-11-28 06:45:11,864] {logging_mixin.py:104} INFO - [2021-11-28 06:45:11,864] {dag.py:2305} INFO - Setting next_dagrun for example_kubernetes_executor to None
[2021-11-28 06:45:12,104] {scheduler_job.py:190} INFO - Processing /home/airflow/sandbox/lib/python3.8/site-packages/airflow/example_dags/example_kubernetes_executor.py took 1.708 seconds
[2021-11-28 06:45:45,271] {scheduler_job.py:182} INFO - Started process (PID=42965) to work on /home/airflow/sandbox/lib/python3.8/site-packages/airflow/example_dags/example_kubernetes_executor.py
[2021-11-28 06:45:45,295] {scheduler_job.py:633} INFO - Processing file /home/airflow/sandbox/lib/python3.8/site-packages/airflow/example_dags/example_kubernetes_executor.py for tasks to queue
[2021-11-28 06:45:45,318] {logging_mixin.py:104} INFO - [2021-11-28 06:45:45,318] {dagbag.py:487} INFO - Filling up the DagBag from /home/airflow/sandbox/lib/python3.8/site-packages/airflow/example_dags/example_kubernetes_executor.py
[2021-11-28 06:45:45,451] {scheduler_job.py:643} INFO - DAG(s) dict_keys(['example_kubernetes_executor']) retrieved from /home/airflow/sandbox/lib/python3.8/site-packages/airflow/example_dags/example_kubernetes_executor.py
[2021-11-28 06:45:45,637] {logging_mixin.py:104} INFO - [2021-11-28 06:45:45,637] {dag.py:1832} INFO - Sync 1 DAGs
[2021-11-28 06:45:45,859] {logging_mixin.py:104} INFO - [2021-11-28 06:45:45,859] {dag.py:2305} INFO - Setting next_dagrun for example_kubernetes_executor to None
[2021-11-28 06:45:45,934] {scheduler_job.py:190} INFO - Processing /home/airflow/sandbox/lib/python3.8/site-packages/airflow/example_dags/example_kubernetes_executor.py took 0.687 seconds
[2021-11-28 06:46:16,598] {scheduler_job.py:182} INFO - Started process (PID=43165) to work on /home/airflow/sandbox/lib/python3.8/site-packages/airflow/example_dags/example_kubernetes_executor.py
[2021-11-28 06:46:16,623] {scheduler_job.py:633} INFO - Processing file /home/airflow/sandbox/lib/python3.8/site-packages/airflow/example_dags/example_kubernetes_executor.py for tasks to queue
[2021-11-28 06:46:16,647] {logging_mixin.py:104} INFO - [2021-11-28 06:46:16,647] {dagbag.py:487} INFO - Filling up the DagBag from /home/airflow/sandbox/lib/python3.8/site-packages/airflow/example_dags/example_kubernetes_executor.py
[2021-11-28 06:46:17,116] {scheduler_job.py:643} INFO - DAG(s) dict_keys(['example_kubernetes_executor']) retrieved from /home/airflow/sandbox/lib/python3.8/site-packages/airflow/example_dags/example_kubernetes_executor.py
[2021-11-28 06:46:17,471] {logging_mixin.py:104} INFO - [2021-11-28 06:46:17,471] {dag.py:1832} INFO - Sync 1 DAGs
[2021-11-28 06:46:17,707] {logging_mixin.py:104} INFO - [2021-11-28 06:46:17,706] {dag.py:2305} INFO - Setting next_dagrun for example_kubernetes_executor to None
[2021-11-28 06:46:17,896] {scheduler_job.py:190} INFO - Processing /home/airflow/sandbox/lib/python3.8/site-packages/airflow/example_dags/example_kubernetes_executor.py took 1.347 seconds
[2021-11-28 06:46:49,530] {scheduler_job.py:182} INFO - Started process (PID=43359) to work on /home/airflow/sandbox/lib/python3.8/site-packages/airflow/example_dags/example_kubernetes_executor.py
[2021-11-28 06:46:49,546] {scheduler_job.py:633} INFO - Processing file /home/airflow/sandbox/lib/python3.8/site-packages/airflow/example_dags/example_kubernetes_executor.py for tasks to queue
[2021-11-28 06:46:49,553] {logging_mixin.py:104} INFO - [2021-11-28 06:46:49,552] {dagbag.py:487} INFO - Filling up the DagBag from /home/airflow/sandbox/lib/python3.8/site-packages/airflow/example_dags/example_kubernetes_executor.py
[2021-11-28 06:46:49,680] {scheduler_job.py:643} INFO - DAG(s) dict_keys(['example_kubernetes_executor']) retrieved from /home/airflow/sandbox/lib/python3.8/site-packages/airflow/example_dags/example_kubernetes_executor.py
[2021-11-28 06:46:49,835] {logging_mixin.py:104} INFO - [2021-11-28 06:46:49,834] {dag.py:1832} INFO - Sync 1 DAGs
[2021-11-28 06:46:49,914] {logging_mixin.py:104} INFO - [2021-11-28 06:46:49,913] {dag.py:2305} INFO - Setting next_dagrun for example_kubernetes_executor to None
[2021-11-28 06:46:49,970] {scheduler_job.py:190} INFO - Processing /home/airflow/sandbox/lib/python3.8/site-packages/airflow/example_dags/example_kubernetes_executor.py took 0.470 seconds
[2021-11-28 06:47:22,996] {scheduler_job.py:182} INFO - Started process (PID=43573) to work on /home/airflow/sandbox/lib/python3.8/site-packages/airflow/example_dags/example_kubernetes_executor.py
[2021-11-28 06:47:23,038] {scheduler_job.py:633} INFO - Processing file /home/airflow/sandbox/lib/python3.8/site-packages/airflow/example_dags/example_kubernetes_executor.py for tasks to queue
[2021-11-28 06:47:23,056] {logging_mixin.py:104} INFO - [2021-11-28 06:47:23,056] {dagbag.py:487} INFO - Filling up the DagBag from /home/airflow/sandbox/lib/python3.8/site-packages/airflow/example_dags/example_kubernetes_executor.py
[2021-11-28 06:47:23,242] {scheduler_job.py:643} INFO - DAG(s) dict_keys(['example_kubernetes_executor']) retrieved from /home/airflow/sandbox/lib/python3.8/site-packages/airflow/example_dags/example_kubernetes_executor.py
[2021-11-28 06:47:23,345] {logging_mixin.py:104} INFO - [2021-11-28 06:47:23,345] {dag.py:1832} INFO - Sync 1 DAGs
[2021-11-28 06:47:23,447] {logging_mixin.py:104} INFO - [2021-11-28 06:47:23,447] {dag.py:2305} INFO - Setting next_dagrun for example_kubernetes_executor to None
[2021-11-28 06:47:23,520] {scheduler_job.py:190} INFO - Processing /home/airflow/sandbox/lib/python3.8/site-packages/airflow/example_dags/example_kubernetes_executor.py took 0.608 seconds
[2021-11-28 06:47:53,990] {scheduler_job.py:182} INFO - Started process (PID=44007) to work on /home/airflow/sandbox/lib/python3.8/site-packages/airflow/example_dags/example_kubernetes_executor.py
[2021-11-28 06:47:54,044] {scheduler_job.py:633} INFO - Processing file /home/airflow/sandbox/lib/python3.8/site-packages/airflow/example_dags/example_kubernetes_executor.py for tasks to queue
[2021-11-28 06:47:54,083] {logging_mixin.py:104} INFO - [2021-11-28 06:47:54,083] {dagbag.py:487} INFO - Filling up the DagBag from /home/airflow/sandbox/lib/python3.8/site-packages/airflow/example_dags/example_kubernetes_executor.py
[2021-11-28 06:47:54,346] {scheduler_job.py:643} INFO - DAG(s) dict_keys(['example_kubernetes_executor']) retrieved from /home/airflow/sandbox/lib/python3.8/site-packages/airflow/example_dags/example_kubernetes_executor.py
[2021-11-28 06:47:54,544] {logging_mixin.py:104} INFO - [2021-11-28 06:47:54,544] {dag.py:1832} INFO - Sync 1 DAGs
[2021-11-28 06:47:54,646] {logging_mixin.py:104} INFO - [2021-11-28 06:47:54,646] {dag.py:2305} INFO - Setting next_dagrun for example_kubernetes_executor to None
[2021-11-28 06:47:54,719] {scheduler_job.py:190} INFO - Processing /home/airflow/sandbox/lib/python3.8/site-packages/airflow/example_dags/example_kubernetes_executor.py took 0.824 seconds
[2021-11-28 06:48:26,346] {scheduler_job.py:182} INFO - Started process (PID=44207) to work on /home/airflow/sandbox/lib/python3.8/site-packages/airflow/example_dags/example_kubernetes_executor.py
[2021-11-28 06:48:26,364] {scheduler_job.py:633} INFO - Processing file /home/airflow/sandbox/lib/python3.8/site-packages/airflow/example_dags/example_kubernetes_executor.py for tasks to queue
[2021-11-28 06:48:26,367] {logging_mixin.py:104} INFO - [2021-11-28 06:48:26,367] {dagbag.py:487} INFO - Filling up the DagBag from /home/airflow/sandbox/lib/python3.8/site-packages/airflow/example_dags/example_kubernetes_executor.py
[2021-11-28 06:48:26,443] {scheduler_job.py:643} INFO - DAG(s) dict_keys(['example_kubernetes_executor']) retrieved from /home/airflow/sandbox/lib/python3.8/site-packages/airflow/example_dags/example_kubernetes_executor.py
[2021-11-28 06:48:26,659] {logging_mixin.py:104} INFO - [2021-11-28 06:48:26,658] {dag.py:1832} INFO - Sync 1 DAGs
[2021-11-28 06:48:26,786] {logging_mixin.py:104} INFO - [2021-11-28 06:48:26,786] {dag.py:2305} INFO - Setting next_dagrun for example_kubernetes_executor to None
[2021-11-28 06:48:26,858] {scheduler_job.py:190} INFO - Processing /home/airflow/sandbox/lib/python3.8/site-packages/airflow/example_dags/example_kubernetes_executor.py took 0.531 seconds
[2021-11-28 06:48:57,440] {scheduler_job.py:182} INFO - Started process (PID=44403) to work on /home/airflow/sandbox/lib/python3.8/site-packages/airflow/example_dags/example_kubernetes_executor.py
[2021-11-28 06:48:57,453] {scheduler_job.py:633} INFO - Processing file /home/airflow/sandbox/lib/python3.8/site-packages/airflow/example_dags/example_kubernetes_executor.py for tasks to queue
[2021-11-28 06:48:57,476] {logging_mixin.py:104} INFO - [2021-11-28 06:48:57,475] {dagbag.py:487} INFO - Filling up the DagBag from /home/airflow/sandbox/lib/python3.8/site-packages/airflow/example_dags/example_kubernetes_executor.py
[2021-11-28 06:48:57,587] {scheduler_job.py:643} INFO - DAG(s) dict_keys(['example_kubernetes_executor']) retrieved from /home/airflow/sandbox/lib/python3.8/site-packages/airflow/example_dags/example_kubernetes_executor.py
[2021-11-28 06:48:57,717] {logging_mixin.py:104} INFO - [2021-11-28 06:48:57,717] {dag.py:1832} INFO - Sync 1 DAGs
[2021-11-28 06:48:57,794] {logging_mixin.py:104} INFO - [2021-11-28 06:48:57,794] {dag.py:2305} INFO - Setting next_dagrun for example_kubernetes_executor to None
[2021-11-28 06:48:57,891] {scheduler_job.py:190} INFO - Processing /home/airflow/sandbox/lib/python3.8/site-packages/airflow/example_dags/example_kubernetes_executor.py took 0.500 seconds
[2021-11-28 06:49:28,176] {scheduler_job.py:182} INFO - Started process (PID=44602) to work on /home/airflow/sandbox/lib/python3.8/site-packages/airflow/example_dags/example_kubernetes_executor.py
[2021-11-28 06:49:28,187] {scheduler_job.py:633} INFO - Processing file /home/airflow/sandbox/lib/python3.8/site-packages/airflow/example_dags/example_kubernetes_executor.py for tasks to queue
[2021-11-28 06:49:28,208] {logging_mixin.py:104} INFO - [2021-11-28 06:49:28,207] {dagbag.py:487} INFO - Filling up the DagBag from /home/airflow/sandbox/lib/python3.8/site-packages/airflow/example_dags/example_kubernetes_executor.py
[2021-11-28 06:49:28,276] {scheduler_job.py:643} INFO - DAG(s) dict_keys(['example_kubernetes_executor']) retrieved from /home/airflow/sandbox/lib/python3.8/site-packages/airflow/example_dags/example_kubernetes_executor.py
[2021-11-28 06:49:28,400] {logging_mixin.py:104} INFO - [2021-11-28 06:49:28,400] {dag.py:1832} INFO - Sync 1 DAGs
[2021-11-28 06:49:28,419] {logging_mixin.py:104} INFO - [2021-11-28 06:49:28,419] {dag.py:2305} INFO - Setting next_dagrun for example_kubernetes_executor to None
[2021-11-28 06:49:28,440] {scheduler_job.py:190} INFO - Processing /home/airflow/sandbox/lib/python3.8/site-packages/airflow/example_dags/example_kubernetes_executor.py took 0.296 seconds
[2021-11-28 06:49:58,765] {scheduler_job.py:182} INFO - Started process (PID=44801) to work on /home/airflow/sandbox/lib/python3.8/site-packages/airflow/example_dags/example_kubernetes_executor.py
[2021-11-28 06:49:58,791] {scheduler_job.py:633} INFO - Processing file /home/airflow/sandbox/lib/python3.8/site-packages/airflow/example_dags/example_kubernetes_executor.py for tasks to queue
[2021-11-28 06:49:58,807] {logging_mixin.py:104} INFO - [2021-11-28 06:49:58,807] {dagbag.py:487} INFO - Filling up the DagBag from /home/airflow/sandbox/lib/python3.8/site-packages/airflow/example_dags/example_kubernetes_executor.py
[2021-11-28 06:49:58,987] {scheduler_job.py:643} INFO - DAG(s) dict_keys(['example_kubernetes_executor']) retrieved from /home/airflow/sandbox/lib/python3.8/site-packages/airflow/example_dags/example_kubernetes_executor.py
[2021-11-28 06:49:59,030] {logging_mixin.py:104} INFO - [2021-11-28 06:49:59,027] {dag.py:1832} INFO - Sync 1 DAGs
[2021-11-28 06:49:59,065] {logging_mixin.py:104} INFO - [2021-11-28 06:49:59,065] {dag.py:2305} INFO - Setting next_dagrun for example_kubernetes_executor to None
[2021-11-28 06:49:59,090] {scheduler_job.py:190} INFO - Processing /home/airflow/sandbox/lib/python3.8/site-packages/airflow/example_dags/example_kubernetes_executor.py took 0.360 seconds
[2021-11-28 06:50:29,281] {scheduler_job.py:182} INFO - Started process (PID=45001) to work on /home/airflow/sandbox/lib/python3.8/site-packages/airflow/example_dags/example_kubernetes_executor.py
[2021-11-28 06:50:29,310] {scheduler_job.py:633} INFO - Processing file /home/airflow/sandbox/lib/python3.8/site-packages/airflow/example_dags/example_kubernetes_executor.py for tasks to queue
[2021-11-28 06:50:29,319] {logging_mixin.py:104} INFO - [2021-11-28 06:50:29,319] {dagbag.py:487} INFO - Filling up the DagBag from /home/airflow/sandbox/lib/python3.8/site-packages/airflow/example_dags/example_kubernetes_executor.py
[2021-11-28 06:50:29,375] {scheduler_job.py:643} INFO - DAG(s) dict_keys(['example_kubernetes_executor']) retrieved from /home/airflow/sandbox/lib/python3.8/site-packages/airflow/example_dags/example_kubernetes_executor.py
[2021-11-28 06:50:29,450] {logging_mixin.py:104} INFO - [2021-11-28 06:50:29,449] {dag.py:1832} INFO - Sync 1 DAGs
[2021-11-28 06:50:29,500] {logging_mixin.py:104} INFO - [2021-11-28 06:50:29,500] {dag.py:2305} INFO - Setting next_dagrun for example_kubernetes_executor to None
[2021-11-28 06:50:29,550] {scheduler_job.py:190} INFO - Processing /home/airflow/sandbox/lib/python3.8/site-packages/airflow/example_dags/example_kubernetes_executor.py took 0.289 seconds
[2021-11-28 06:51:00,472] {scheduler_job.py:182} INFO - Started process (PID=45201) to work on /home/airflow/sandbox/lib/python3.8/site-packages/airflow/example_dags/example_kubernetes_executor.py
[2021-11-28 06:51:00,478] {scheduler_job.py:633} INFO - Processing file /home/airflow/sandbox/lib/python3.8/site-packages/airflow/example_dags/example_kubernetes_executor.py for tasks to queue
[2021-11-28 06:51:00,489] {logging_mixin.py:104} INFO - [2021-11-28 06:51:00,489] {dagbag.py:487} INFO - Filling up the DagBag from /home/airflow/sandbox/lib/python3.8/site-packages/airflow/example_dags/example_kubernetes_executor.py
[2021-11-28 06:51:00,538] {scheduler_job.py:643} INFO - DAG(s) dict_keys(['example_kubernetes_executor']) retrieved from /home/airflow/sandbox/lib/python3.8/site-packages/airflow/example_dags/example_kubernetes_executor.py
[2021-11-28 06:51:00,630] {logging_mixin.py:104} INFO - [2021-11-28 06:51:00,630] {dag.py:1832} INFO - Sync 1 DAGs
[2021-11-28 06:51:00,658] {logging_mixin.py:104} INFO - [2021-11-28 06:51:00,658] {dag.py:2305} INFO - Setting next_dagrun for example_kubernetes_executor to None
[2021-11-28 06:51:00,693] {scheduler_job.py:190} INFO - Processing /home/airflow/sandbox/lib/python3.8/site-packages/airflow/example_dags/example_kubernetes_executor.py took 0.248 seconds
[2021-11-28 06:51:31,313] {scheduler_job.py:182} INFO - Started process (PID=45400) to work on /home/airflow/sandbox/lib/python3.8/site-packages/airflow/example_dags/example_kubernetes_executor.py
[2021-11-28 06:51:31,319] {scheduler_job.py:633} INFO - Processing file /home/airflow/sandbox/lib/python3.8/site-packages/airflow/example_dags/example_kubernetes_executor.py for tasks to queue
[2021-11-28 06:51:31,324] {logging_mixin.py:104} INFO - [2021-11-28 06:51:31,323] {dagbag.py:487} INFO - Filling up the DagBag from /home/airflow/sandbox/lib/python3.8/site-packages/airflow/example_dags/example_kubernetes_executor.py
[2021-11-28 06:51:31,360] {scheduler_job.py:643} INFO - DAG(s) dict_keys(['example_kubernetes_executor']) retrieved from /home/airflow/sandbox/lib/python3.8/site-packages/airflow/example_dags/example_kubernetes_executor.py
[2021-11-28 06:51:31,455] {logging_mixin.py:104} INFO - [2021-11-28 06:51:31,454] {dag.py:1832} INFO - Sync 1 DAGs
[2021-11-28 06:51:31,498] {logging_mixin.py:104} INFO - [2021-11-28 06:51:31,498] {dag.py:2305} INFO - Setting next_dagrun for example_kubernetes_executor to None
[2021-11-28 06:51:31,533] {scheduler_job.py:190} INFO - Processing /home/airflow/sandbox/lib/python3.8/site-packages/airflow/example_dags/example_kubernetes_executor.py took 0.231 seconds
[2021-11-28 06:52:03,035] {scheduler_job.py:182} INFO - Started process (PID=45596) to work on /home/airflow/sandbox/lib/python3.8/site-packages/airflow/example_dags/example_kubernetes_executor.py
[2021-11-28 06:52:03,057] {scheduler_job.py:633} INFO - Processing file /home/airflow/sandbox/lib/python3.8/site-packages/airflow/example_dags/example_kubernetes_executor.py for tasks to queue
[2021-11-28 06:52:03,058] {logging_mixin.py:104} INFO - [2021-11-28 06:52:03,058] {dagbag.py:487} INFO - Filling up the DagBag from /home/airflow/sandbox/lib/python3.8/site-packages/airflow/example_dags/example_kubernetes_executor.py
[2021-11-28 06:52:03,154] {scheduler_job.py:643} INFO - DAG(s) dict_keys(['example_kubernetes_executor']) retrieved from /home/airflow/sandbox/lib/python3.8/site-packages/airflow/example_dags/example_kubernetes_executor.py
[2021-11-28 06:52:03,296] {logging_mixin.py:104} INFO - [2021-11-28 06:52:03,296] {dag.py:1832} INFO - Sync 1 DAGs
[2021-11-28 06:52:03,416] {logging_mixin.py:104} INFO - [2021-11-28 06:52:03,416] {dag.py:2305} INFO - Setting next_dagrun for example_kubernetes_executor to None
[2021-11-28 06:52:03,503] {scheduler_job.py:190} INFO - Processing /home/airflow/sandbox/lib/python3.8/site-packages/airflow/example_dags/example_kubernetes_executor.py took 0.490 seconds
[2021-11-28 06:52:40,959] {scheduler_job.py:182} INFO - Started process (PID=45795) to work on /home/airflow/sandbox/lib/python3.8/site-packages/airflow/example_dags/example_kubernetes_executor.py
[2021-11-28 06:52:40,963] {scheduler_job.py:633} INFO - Processing file /home/airflow/sandbox/lib/python3.8/site-packages/airflow/example_dags/example_kubernetes_executor.py for tasks to queue
[2021-11-28 06:52:40,979] {logging_mixin.py:104} INFO - [2021-11-28 06:52:40,978] {dagbag.py:487} INFO - Filling up the DagBag from /home/airflow/sandbox/lib/python3.8/site-packages/airflow/example_dags/example_kubernetes_executor.py
[2021-11-28 06:52:41,073] {scheduler_job.py:643} INFO - DAG(s) dict_keys(['example_kubernetes_executor']) retrieved from /home/airflow/sandbox/lib/python3.8/site-packages/airflow/example_dags/example_kubernetes_executor.py
[2021-11-28 06:52:41,259] {logging_mixin.py:104} INFO - [2021-11-28 06:52:41,259] {dag.py:1832} INFO - Sync 1 DAGs
[2021-11-28 06:52:41,372] {logging_mixin.py:104} INFO - [2021-11-28 06:52:41,372] {dag.py:2305} INFO - Setting next_dagrun for example_kubernetes_executor to None
[2021-11-28 06:52:41,447] {scheduler_job.py:190} INFO - Processing /home/airflow/sandbox/lib/python3.8/site-packages/airflow/example_dags/example_kubernetes_executor.py took 0.511 seconds
[2021-11-28 06:53:13,930] {scheduler_job.py:182} INFO - Started process (PID=46236) to work on /home/airflow/sandbox/lib/python3.8/site-packages/airflow/example_dags/example_kubernetes_executor.py
[2021-11-28 06:53:13,949] {scheduler_job.py:633} INFO - Processing file /home/airflow/sandbox/lib/python3.8/site-packages/airflow/example_dags/example_kubernetes_executor.py for tasks to queue
[2021-11-28 06:53:13,950] {logging_mixin.py:104} INFO - [2021-11-28 06:53:13,950] {dagbag.py:487} INFO - Filling up the DagBag from /home/airflow/sandbox/lib/python3.8/site-packages/airflow/example_dags/example_kubernetes_executor.py
[2021-11-28 06:53:14,089] {scheduler_job.py:643} INFO - DAG(s) dict_keys(['example_kubernetes_executor']) retrieved from /home/airflow/sandbox/lib/python3.8/site-packages/airflow/example_dags/example_kubernetes_executor.py
[2021-11-28 06:53:14,234] {logging_mixin.py:104} INFO - [2021-11-28 06:53:14,234] {dag.py:1832} INFO - Sync 1 DAGs
[2021-11-28 06:53:14,306] {logging_mixin.py:104} INFO - [2021-11-28 06:53:14,306] {dag.py:2305} INFO - Setting next_dagrun for example_kubernetes_executor to None
[2021-11-28 06:53:14,380] {scheduler_job.py:190} INFO - Processing /home/airflow/sandbox/lib/python3.8/site-packages/airflow/example_dags/example_kubernetes_executor.py took 0.472 seconds
[2021-11-28 06:53:45,231] {scheduler_job.py:182} INFO - Started process (PID=46429) to work on /home/airflow/sandbox/lib/python3.8/site-packages/airflow/example_dags/example_kubernetes_executor.py
[2021-11-28 06:53:45,244] {scheduler_job.py:633} INFO - Processing file /home/airflow/sandbox/lib/python3.8/site-packages/airflow/example_dags/example_kubernetes_executor.py for tasks to queue
[2021-11-28 06:53:45,248] {logging_mixin.py:104} INFO - [2021-11-28 06:53:45,248] {dagbag.py:487} INFO - Filling up the DagBag from /home/airflow/sandbox/lib/python3.8/site-packages/airflow/example_dags/example_kubernetes_executor.py
[2021-11-28 06:53:45,332] {scheduler_job.py:643} INFO - DAG(s) dict_keys(['example_kubernetes_executor']) retrieved from /home/airflow/sandbox/lib/python3.8/site-packages/airflow/example_dags/example_kubernetes_executor.py
[2021-11-28 06:53:45,470] {logging_mixin.py:104} INFO - [2021-11-28 06:53:45,470] {dag.py:1832} INFO - Sync 1 DAGs
[2021-11-28 06:53:45,575] {logging_mixin.py:104} INFO - [2021-11-28 06:53:45,574] {dag.py:2305} INFO - Setting next_dagrun for example_kubernetes_executor to None
[2021-11-28 06:53:45,622] {scheduler_job.py:190} INFO - Processing /home/airflow/sandbox/lib/python3.8/site-packages/airflow/example_dags/example_kubernetes_executor.py took 0.422 seconds
[2021-11-28 06:54:16,069] {scheduler_job.py:182} INFO - Started process (PID=46627) to work on /home/airflow/sandbox/lib/python3.8/site-packages/airflow/example_dags/example_kubernetes_executor.py
[2021-11-28 06:54:16,110] {scheduler_job.py:633} INFO - Processing file /home/airflow/sandbox/lib/python3.8/site-packages/airflow/example_dags/example_kubernetes_executor.py for tasks to queue
[2021-11-28 06:54:16,112] {logging_mixin.py:104} INFO - [2021-11-28 06:54:16,112] {dagbag.py:487} INFO - Filling up the DagBag from /home/airflow/sandbox/lib/python3.8/site-packages/airflow/example_dags/example_kubernetes_executor.py
[2021-11-28 06:54:16,237] {scheduler_job.py:643} INFO - DAG(s) dict_keys(['example_kubernetes_executor']) retrieved from /home/airflow/sandbox/lib/python3.8/site-packages/airflow/example_dags/example_kubernetes_executor.py
[2021-11-28 06:54:16,375] {logging_mixin.py:104} INFO - [2021-11-28 06:54:16,374] {dag.py:1832} INFO - Sync 1 DAGs
[2021-11-28 06:54:16,417] {logging_mixin.py:104} INFO - [2021-11-28 06:54:16,417] {dag.py:2305} INFO - Setting next_dagrun for example_kubernetes_executor to None
[2021-11-28 06:54:16,484] {scheduler_job.py:190} INFO - Processing /home/airflow/sandbox/lib/python3.8/site-packages/airflow/example_dags/example_kubernetes_executor.py took 0.482 seconds
[2021-11-28 06:54:46,910] {scheduler_job.py:182} INFO - Started process (PID=46819) to work on /home/airflow/sandbox/lib/python3.8/site-packages/airflow/example_dags/example_kubernetes_executor.py
[2021-11-28 06:54:46,915] {scheduler_job.py:633} INFO - Processing file /home/airflow/sandbox/lib/python3.8/site-packages/airflow/example_dags/example_kubernetes_executor.py for tasks to queue
[2021-11-28 06:54:46,933] {logging_mixin.py:104} INFO - [2021-11-28 06:54:46,932] {dagbag.py:487} INFO - Filling up the DagBag from /home/airflow/sandbox/lib/python3.8/site-packages/airflow/example_dags/example_kubernetes_executor.py
[2021-11-28 06:54:47,006] {scheduler_job.py:643} INFO - DAG(s) dict_keys(['example_kubernetes_executor']) retrieved from /home/airflow/sandbox/lib/python3.8/site-packages/airflow/example_dags/example_kubernetes_executor.py
[2021-11-28 06:54:47,127] {logging_mixin.py:104} INFO - [2021-11-28 06:54:47,127] {dag.py:1832} INFO - Sync 1 DAGs
[2021-11-28 06:54:47,190] {logging_mixin.py:104} INFO - [2021-11-28 06:54:47,190] {dag.py:2305} INFO - Setting next_dagrun for example_kubernetes_executor to None
[2021-11-28 06:54:47,249] {scheduler_job.py:190} INFO - Processing /home/airflow/sandbox/lib/python3.8/site-packages/airflow/example_dags/example_kubernetes_executor.py took 0.419 seconds
[2021-11-28 06:55:18,842] {scheduler_job.py:182} INFO - Started process (PID=47024) to work on /home/airflow/sandbox/lib/python3.8/site-packages/airflow/example_dags/example_kubernetes_executor.py
[2021-11-28 06:55:18,854] {scheduler_job.py:633} INFO - Processing file /home/airflow/sandbox/lib/python3.8/site-packages/airflow/example_dags/example_kubernetes_executor.py for tasks to queue
[2021-11-28 06:55:18,857] {logging_mixin.py:104} INFO - [2021-11-28 06:55:18,856] {dagbag.py:487} INFO - Filling up the DagBag from /home/airflow/sandbox/lib/python3.8/site-packages/airflow/example_dags/example_kubernetes_executor.py
[2021-11-28 06:55:18,967] {scheduler_job.py:643} INFO - DAG(s) dict_keys(['example_kubernetes_executor']) retrieved from /home/airflow/sandbox/lib/python3.8/site-packages/airflow/example_dags/example_kubernetes_executor.py
[2021-11-28 06:55:19,104] {logging_mixin.py:104} INFO - [2021-11-28 06:55:19,104] {dag.py:1832} INFO - Sync 1 DAGs
[2021-11-28 06:55:19,147] {logging_mixin.py:104} INFO - [2021-11-28 06:55:19,146] {dag.py:2305} INFO - Setting next_dagrun for example_kubernetes_executor to None
[2021-11-28 06:55:19,209] {scheduler_job.py:190} INFO - Processing /home/airflow/sandbox/lib/python3.8/site-packages/airflow/example_dags/example_kubernetes_executor.py took 0.404 seconds
[2021-11-28 06:55:49,427] {scheduler_job.py:182} INFO - Started process (PID=47226) to work on /home/airflow/sandbox/lib/python3.8/site-packages/airflow/example_dags/example_kubernetes_executor.py
[2021-11-28 06:55:49,431] {scheduler_job.py:633} INFO - Processing file /home/airflow/sandbox/lib/python3.8/site-packages/airflow/example_dags/example_kubernetes_executor.py for tasks to queue
[2021-11-28 06:55:49,437] {logging_mixin.py:104} INFO - [2021-11-28 06:55:49,437] {dagbag.py:487} INFO - Filling up the DagBag from /home/airflow/sandbox/lib/python3.8/site-packages/airflow/example_dags/example_kubernetes_executor.py
[2021-11-28 06:55:49,491] {scheduler_job.py:643} INFO - DAG(s) dict_keys(['example_kubernetes_executor']) retrieved from /home/airflow/sandbox/lib/python3.8/site-packages/airflow/example_dags/example_kubernetes_executor.py
[2021-11-28 06:55:49,578] {logging_mixin.py:104} INFO - [2021-11-28 06:55:49,578] {dag.py:1832} INFO - Sync 1 DAGs
[2021-11-28 06:55:49,674] {logging_mixin.py:104} INFO - [2021-11-28 06:55:49,673] {dag.py:2305} INFO - Setting next_dagrun for example_kubernetes_executor to None
[2021-11-28 06:55:49,702] {scheduler_job.py:190} INFO - Processing /home/airflow/sandbox/lib/python3.8/site-packages/airflow/example_dags/example_kubernetes_executor.py took 0.298 seconds
[2021-11-28 06:56:20,203] {scheduler_job.py:182} INFO - Started process (PID=47416) to work on /home/airflow/sandbox/lib/python3.8/site-packages/airflow/example_dags/example_kubernetes_executor.py
[2021-11-28 06:56:20,208] {scheduler_job.py:633} INFO - Processing file /home/airflow/sandbox/lib/python3.8/site-packages/airflow/example_dags/example_kubernetes_executor.py for tasks to queue
[2021-11-28 06:56:20,209] {logging_mixin.py:104} INFO - [2021-11-28 06:56:20,209] {dagbag.py:487} INFO - Filling up the DagBag from /home/airflow/sandbox/lib/python3.8/site-packages/airflow/example_dags/example_kubernetes_executor.py
[2021-11-28 06:56:20,282] {scheduler_job.py:643} INFO - DAG(s) dict_keys(['example_kubernetes_executor']) retrieved from /home/airflow/sandbox/lib/python3.8/site-packages/airflow/example_dags/example_kubernetes_executor.py
[2021-11-28 06:56:20,489] {logging_mixin.py:104} INFO - [2021-11-28 06:56:20,489] {dag.py:1832} INFO - Sync 1 DAGs
[2021-11-28 06:56:20,688] {logging_mixin.py:104} INFO - [2021-11-28 06:56:20,688] {dag.py:2305} INFO - Setting next_dagrun for example_kubernetes_executor to None
[2021-11-28 06:56:20,945] {scheduler_job.py:190} INFO - Processing /home/airflow/sandbox/lib/python3.8/site-packages/airflow/example_dags/example_kubernetes_executor.py took 0.782 seconds
[2021-11-28 06:56:51,120] {scheduler_job.py:182} INFO - Started process (PID=47613) to work on /home/airflow/sandbox/lib/python3.8/site-packages/airflow/example_dags/example_kubernetes_executor.py
[2021-11-28 06:56:51,143] {scheduler_job.py:633} INFO - Processing file /home/airflow/sandbox/lib/python3.8/site-packages/airflow/example_dags/example_kubernetes_executor.py for tasks to queue
[2021-11-28 06:56:51,145] {logging_mixin.py:104} INFO - [2021-11-28 06:56:51,144] {dagbag.py:487} INFO - Filling up the DagBag from /home/airflow/sandbox/lib/python3.8/site-packages/airflow/example_dags/example_kubernetes_executor.py
[2021-11-28 06:56:51,248] {scheduler_job.py:643} INFO - DAG(s) dict_keys(['example_kubernetes_executor']) retrieved from /home/airflow/sandbox/lib/python3.8/site-packages/airflow/example_dags/example_kubernetes_executor.py
[2021-11-28 06:56:51,375] {logging_mixin.py:104} INFO - [2021-11-28 06:56:51,374] {dag.py:1832} INFO - Sync 1 DAGs
[2021-11-28 06:56:51,447] {logging_mixin.py:104} INFO - [2021-11-28 06:56:51,446] {dag.py:2305} INFO - Setting next_dagrun for example_kubernetes_executor to None
[2021-11-28 06:56:51,540] {scheduler_job.py:190} INFO - Processing /home/airflow/sandbox/lib/python3.8/site-packages/airflow/example_dags/example_kubernetes_executor.py took 0.428 seconds
[2021-11-28 06:57:22,937] {scheduler_job.py:182} INFO - Started process (PID=47814) to work on /home/airflow/sandbox/lib/python3.8/site-packages/airflow/example_dags/example_kubernetes_executor.py
[2021-11-28 06:57:22,947] {scheduler_job.py:633} INFO - Processing file /home/airflow/sandbox/lib/python3.8/site-packages/airflow/example_dags/example_kubernetes_executor.py for tasks to queue
[2021-11-28 06:57:22,951] {logging_mixin.py:104} INFO - [2021-11-28 06:57:22,951] {dagbag.py:487} INFO - Filling up the DagBag from /home/airflow/sandbox/lib/python3.8/site-packages/airflow/example_dags/example_kubernetes_executor.py
[2021-11-28 06:57:23,050] {scheduler_job.py:643} INFO - DAG(s) dict_keys(['example_kubernetes_executor']) retrieved from /home/airflow/sandbox/lib/python3.8/site-packages/airflow/example_dags/example_kubernetes_executor.py
[2021-11-28 06:57:23,201] {logging_mixin.py:104} INFO - [2021-11-28 06:57:23,200] {dag.py:1832} INFO - Sync 1 DAGs
[2021-11-28 06:57:23,280] {logging_mixin.py:104} INFO - [2021-11-28 06:57:23,280] {dag.py:2305} INFO - Setting next_dagrun for example_kubernetes_executor to None
[2021-11-28 06:57:23,405] {scheduler_job.py:190} INFO - Processing /home/airflow/sandbox/lib/python3.8/site-packages/airflow/example_dags/example_kubernetes_executor.py took 0.508 seconds
[2021-11-28 06:57:53,867] {scheduler_job.py:182} INFO - Started process (PID=48260) to work on /home/airflow/sandbox/lib/python3.8/site-packages/airflow/example_dags/example_kubernetes_executor.py
[2021-11-28 06:57:53,876] {scheduler_job.py:633} INFO - Processing file /home/airflow/sandbox/lib/python3.8/site-packages/airflow/example_dags/example_kubernetes_executor.py for tasks to queue
[2021-11-28 06:57:53,881] {logging_mixin.py:104} INFO - [2021-11-28 06:57:53,881] {dagbag.py:487} INFO - Filling up the DagBag from /home/airflow/sandbox/lib/python3.8/site-packages/airflow/example_dags/example_kubernetes_executor.py
[2021-11-28 06:57:53,974] {scheduler_job.py:643} INFO - DAG(s) dict_keys(['example_kubernetes_executor']) retrieved from /home/airflow/sandbox/lib/python3.8/site-packages/airflow/example_dags/example_kubernetes_executor.py
[2021-11-28 06:57:54,158] {logging_mixin.py:104} INFO - [2021-11-28 06:57:54,158] {dag.py:1832} INFO - Sync 1 DAGs
[2021-11-28 06:57:54,238] {logging_mixin.py:104} INFO - [2021-11-28 06:57:54,238] {dag.py:2305} INFO - Setting next_dagrun for example_kubernetes_executor to None
[2021-11-28 06:57:54,294] {scheduler_job.py:190} INFO - Processing /home/airflow/sandbox/lib/python3.8/site-packages/airflow/example_dags/example_kubernetes_executor.py took 0.447 seconds
[2021-11-28 06:58:24,702] {scheduler_job.py:182} INFO - Started process (PID=48458) to work on /home/airflow/sandbox/lib/python3.8/site-packages/airflow/example_dags/example_kubernetes_executor.py
[2021-11-28 06:58:24,712] {scheduler_job.py:633} INFO - Processing file /home/airflow/sandbox/lib/python3.8/site-packages/airflow/example_dags/example_kubernetes_executor.py for tasks to queue
[2021-11-28 06:58:24,715] {logging_mixin.py:104} INFO - [2021-11-28 06:58:24,715] {dagbag.py:487} INFO - Filling up the DagBag from /home/airflow/sandbox/lib/python3.8/site-packages/airflow/example_dags/example_kubernetes_executor.py
[2021-11-28 06:58:24,798] {scheduler_job.py:643} INFO - DAG(s) dict_keys(['example_kubernetes_executor']) retrieved from /home/airflow/sandbox/lib/python3.8/site-packages/airflow/example_dags/example_kubernetes_executor.py
[2021-11-28 06:58:24,911] {logging_mixin.py:104} INFO - [2021-11-28 06:58:24,910] {dag.py:1832} INFO - Sync 1 DAGs
[2021-11-28 06:58:24,977] {logging_mixin.py:104} INFO - [2021-11-28 06:58:24,977] {dag.py:2305} INFO - Setting next_dagrun for example_kubernetes_executor to None
[2021-11-28 06:58:25,036] {scheduler_job.py:190} INFO - Processing /home/airflow/sandbox/lib/python3.8/site-packages/airflow/example_dags/example_kubernetes_executor.py took 0.364 seconds
[2021-11-28 06:58:56,350] {scheduler_job.py:182} INFO - Started process (PID=48652) to work on /home/airflow/sandbox/lib/python3.8/site-packages/airflow/example_dags/example_kubernetes_executor.py
[2021-11-28 06:58:56,364] {scheduler_job.py:633} INFO - Processing file /home/airflow/sandbox/lib/python3.8/site-packages/airflow/example_dags/example_kubernetes_executor.py for tasks to queue
[2021-11-28 06:58:56,382] {logging_mixin.py:104} INFO - [2021-11-28 06:58:56,381] {dagbag.py:487} INFO - Filling up the DagBag from /home/airflow/sandbox/lib/python3.8/site-packages/airflow/example_dags/example_kubernetes_executor.py
[2021-11-28 06:58:56,524] {scheduler_job.py:643} INFO - DAG(s) dict_keys(['example_kubernetes_executor']) retrieved from /home/airflow/sandbox/lib/python3.8/site-packages/airflow/example_dags/example_kubernetes_executor.py
[2021-11-28 06:58:56,667] {logging_mixin.py:104} INFO - [2021-11-28 06:58:56,667] {dag.py:1832} INFO - Sync 1 DAGs
[2021-11-28 06:58:56,732] {logging_mixin.py:104} INFO - [2021-11-28 06:58:56,731] {dag.py:2305} INFO - Setting next_dagrun for example_kubernetes_executor to None
[2021-11-28 06:58:56,816] {scheduler_job.py:190} INFO - Processing /home/airflow/sandbox/lib/python3.8/site-packages/airflow/example_dags/example_kubernetes_executor.py took 0.525 seconds
[2021-11-28 06:59:27,156] {scheduler_job.py:182} INFO - Started process (PID=48850) to work on /home/airflow/sandbox/lib/python3.8/site-packages/airflow/example_dags/example_kubernetes_executor.py
[2021-11-28 06:59:27,162] {scheduler_job.py:633} INFO - Processing file /home/airflow/sandbox/lib/python3.8/site-packages/airflow/example_dags/example_kubernetes_executor.py for tasks to queue
[2021-11-28 06:59:27,171] {logging_mixin.py:104} INFO - [2021-11-28 06:59:27,171] {dagbag.py:487} INFO - Filling up the DagBag from /home/airflow/sandbox/lib/python3.8/site-packages/airflow/example_dags/example_kubernetes_executor.py
[2021-11-28 06:59:27,271] {scheduler_job.py:643} INFO - DAG(s) dict_keys(['example_kubernetes_executor']) retrieved from /home/airflow/sandbox/lib/python3.8/site-packages/airflow/example_dags/example_kubernetes_executor.py
[2021-11-28 06:59:27,801] {logging_mixin.py:104} INFO - [2021-11-28 06:59:27,800] {dag.py:1832} INFO - Sync 1 DAGs
[2021-11-28 06:59:27,931] {logging_mixin.py:104} INFO - [2021-11-28 06:59:27,931] {dag.py:2305} INFO - Setting next_dagrun for example_kubernetes_executor to None
[2021-11-28 06:59:28,008] {scheduler_job.py:190} INFO - Processing /home/airflow/sandbox/lib/python3.8/site-packages/airflow/example_dags/example_kubernetes_executor.py took 0.883 seconds
[2021-11-28 06:59:58,956] {scheduler_job.py:182} INFO - Started process (PID=49044) to work on /home/airflow/sandbox/lib/python3.8/site-packages/airflow/example_dags/example_kubernetes_executor.py
[2021-11-28 06:59:59,004] {scheduler_job.py:633} INFO - Processing file /home/airflow/sandbox/lib/python3.8/site-packages/airflow/example_dags/example_kubernetes_executor.py for tasks to queue
[2021-11-28 06:59:59,012] {logging_mixin.py:104} INFO - [2021-11-28 06:59:59,012] {dagbag.py:487} INFO - Filling up the DagBag from /home/airflow/sandbox/lib/python3.8/site-packages/airflow/example_dags/example_kubernetes_executor.py
[2021-11-28 06:59:59,117] {scheduler_job.py:643} INFO - DAG(s) dict_keys(['example_kubernetes_executor']) retrieved from /home/airflow/sandbox/lib/python3.8/site-packages/airflow/example_dags/example_kubernetes_executor.py
[2021-11-28 06:59:59,303] {logging_mixin.py:104} INFO - [2021-11-28 06:59:59,302] {dag.py:1832} INFO - Sync 1 DAGs
[2021-11-28 06:59:59,384] {logging_mixin.py:104} INFO - [2021-11-28 06:59:59,384] {dag.py:2305} INFO - Setting next_dagrun for example_kubernetes_executor to None
[2021-11-28 06:59:59,432] {scheduler_job.py:190} INFO - Processing /home/airflow/sandbox/lib/python3.8/site-packages/airflow/example_dags/example_kubernetes_executor.py took 0.495 seconds
[2021-11-28 07:00:39,687] {scheduler_job.py:182} INFO - Started process (PID=49244) to work on /home/airflow/sandbox/lib/python3.8/site-packages/airflow/example_dags/example_kubernetes_executor.py
[2021-11-28 07:00:39,706] {scheduler_job.py:633} INFO - Processing file /home/airflow/sandbox/lib/python3.8/site-packages/airflow/example_dags/example_kubernetes_executor.py for tasks to queue
[2021-11-28 07:00:39,713] {logging_mixin.py:104} INFO - [2021-11-28 07:00:39,713] {dagbag.py:487} INFO - Filling up the DagBag from /home/airflow/sandbox/lib/python3.8/site-packages/airflow/example_dags/example_kubernetes_executor.py
[2021-11-28 07:00:39,808] {scheduler_job.py:643} INFO - DAG(s) dict_keys(['example_kubernetes_executor']) retrieved from /home/airflow/sandbox/lib/python3.8/site-packages/airflow/example_dags/example_kubernetes_executor.py
[2021-11-28 07:00:40,179] {logging_mixin.py:104} INFO - [2021-11-28 07:00:40,178] {dag.py:1832} INFO - Sync 1 DAGs
[2021-11-28 07:00:40,461] {logging_mixin.py:104} INFO - [2021-11-28 07:00:40,461] {dag.py:2305} INFO - Setting next_dagrun for example_kubernetes_executor to None
[2021-11-28 07:00:40,687] {scheduler_job.py:190} INFO - Processing /home/airflow/sandbox/lib/python3.8/site-packages/airflow/example_dags/example_kubernetes_executor.py took 1.007 seconds
