[2021-11-28 06:22:43,646] {scheduler_job.py:182} INFO - Started process (PID=30930) to work on /home/airflow/sandbox/lib/python3.8/site-packages/airflow/example_dags/example_short_circuit_operator.py
[2021-11-28 06:22:43,669] {scheduler_job.py:633} INFO - Processing file /home/airflow/sandbox/lib/python3.8/site-packages/airflow/example_dags/example_short_circuit_operator.py for tasks to queue
[2021-11-28 06:22:43,694] {logging_mixin.py:104} INFO - [2021-11-28 06:22:43,694] {dagbag.py:487} INFO - Filling up the DagBag from /home/airflow/sandbox/lib/python3.8/site-packages/airflow/example_dags/example_short_circuit_operator.py
[2021-11-28 06:22:43,816] {scheduler_job.py:643} INFO - DAG(s) dict_keys(['example_short_circuit_operator']) retrieved from /home/airflow/sandbox/lib/python3.8/site-packages/airflow/example_dags/example_short_circuit_operator.py
[2021-11-28 06:22:44,022] {logging_mixin.py:104} INFO - [2021-11-28 06:22:44,022] {dag.py:1832} INFO - Sync 1 DAGs
[2021-11-28 06:22:44,103] {logging_mixin.py:104} INFO - [2021-11-28 06:22:44,103] {dag.py:2305} INFO - Setting next_dagrun for example_short_circuit_operator to 2021-11-26 00:00:00+00:00
[2021-11-28 06:22:44,183] {scheduler_job.py:190} INFO - Processing /home/airflow/sandbox/lib/python3.8/site-packages/airflow/example_dags/example_short_circuit_operator.py took 0.624 seconds
[2021-11-28 06:23:15,717] {scheduler_job.py:182} INFO - Started process (PID=31187) to work on /home/airflow/sandbox/lib/python3.8/site-packages/airflow/example_dags/example_short_circuit_operator.py
[2021-11-28 06:23:15,844] {scheduler_job.py:633} INFO - Processing file /home/airflow/sandbox/lib/python3.8/site-packages/airflow/example_dags/example_short_circuit_operator.py for tasks to queue
[2021-11-28 06:23:15,856] {logging_mixin.py:104} INFO - [2021-11-28 06:23:15,856] {dagbag.py:487} INFO - Filling up the DagBag from /home/airflow/sandbox/lib/python3.8/site-packages/airflow/example_dags/example_short_circuit_operator.py
[2021-11-28 06:23:16,227] {scheduler_job.py:643} INFO - DAG(s) dict_keys(['example_short_circuit_operator']) retrieved from /home/airflow/sandbox/lib/python3.8/site-packages/airflow/example_dags/example_short_circuit_operator.py
[2021-11-28 06:23:16,732] {logging_mixin.py:104} INFO - [2021-11-28 06:23:16,732] {dag.py:1832} INFO - Sync 1 DAGs
[2021-11-28 06:23:17,047] {logging_mixin.py:104} INFO - [2021-11-28 06:23:17,047] {dag.py:2305} INFO - Setting next_dagrun for example_short_circuit_operator to 2021-11-26 00:00:00+00:00
[2021-11-28 06:23:17,294] {scheduler_job.py:190} INFO - Processing /home/airflow/sandbox/lib/python3.8/site-packages/airflow/example_dags/example_short_circuit_operator.py took 1.725 seconds
[2021-11-28 06:24:07,861] {scheduler_job.py:182} INFO - Started process (PID=31475) to work on /home/airflow/sandbox/lib/python3.8/site-packages/airflow/example_dags/example_short_circuit_operator.py
[2021-11-28 06:24:07,885] {scheduler_job.py:633} INFO - Processing file /home/airflow/sandbox/lib/python3.8/site-packages/airflow/example_dags/example_short_circuit_operator.py for tasks to queue
[2021-11-28 06:24:07,903] {logging_mixin.py:104} INFO - [2021-11-28 06:24:07,903] {dagbag.py:487} INFO - Filling up the DagBag from /home/airflow/sandbox/lib/python3.8/site-packages/airflow/example_dags/example_short_circuit_operator.py
[2021-11-28 06:24:08,178] {scheduler_job.py:643} INFO - DAG(s) dict_keys(['example_short_circuit_operator']) retrieved from /home/airflow/sandbox/lib/python3.8/site-packages/airflow/example_dags/example_short_circuit_operator.py
[2021-11-28 06:24:08,567] {logging_mixin.py:104} INFO - [2021-11-28 06:24:08,567] {dag.py:1832} INFO - Sync 1 DAGs
[2021-11-28 06:24:08,776] {logging_mixin.py:104} INFO - [2021-11-28 06:24:08,776] {dag.py:2305} INFO - Setting next_dagrun for example_short_circuit_operator to 2021-11-26 00:00:00+00:00
[2021-11-28 06:24:08,987] {scheduler_job.py:190} INFO - Processing /home/airflow/sandbox/lib/python3.8/site-packages/airflow/example_dags/example_short_circuit_operator.py took 1.215 seconds
[2021-11-28 06:24:42,095] {scheduler_job.py:182} INFO - Started process (PID=31702) to work on /home/airflow/sandbox/lib/python3.8/site-packages/airflow/example_dags/example_short_circuit_operator.py
[2021-11-28 06:24:42,112] {scheduler_job.py:633} INFO - Processing file /home/airflow/sandbox/lib/python3.8/site-packages/airflow/example_dags/example_short_circuit_operator.py for tasks to queue
[2021-11-28 06:24:42,114] {logging_mixin.py:104} INFO - [2021-11-28 06:24:42,114] {dagbag.py:487} INFO - Filling up the DagBag from /home/airflow/sandbox/lib/python3.8/site-packages/airflow/example_dags/example_short_circuit_operator.py
[2021-11-28 06:24:42,182] {scheduler_job.py:643} INFO - DAG(s) dict_keys(['example_short_circuit_operator']) retrieved from /home/airflow/sandbox/lib/python3.8/site-packages/airflow/example_dags/example_short_circuit_operator.py
[2021-11-28 06:24:42,385] {logging_mixin.py:104} INFO - [2021-11-28 06:24:42,384] {dag.py:1832} INFO - Sync 1 DAGs
[2021-11-28 06:24:42,465] {logging_mixin.py:104} INFO - [2021-11-28 06:24:42,465] {dag.py:2305} INFO - Setting next_dagrun for example_short_circuit_operator to 2021-11-26 00:00:00+00:00
[2021-11-28 06:24:42,517] {scheduler_job.py:190} INFO - Processing /home/airflow/sandbox/lib/python3.8/site-packages/airflow/example_dags/example_short_circuit_operator.py took 0.428 seconds
[2021-11-28 06:25:15,199] {scheduler_job.py:182} INFO - Started process (PID=32066) to work on /home/airflow/sandbox/lib/python3.8/site-packages/airflow/example_dags/example_short_circuit_operator.py
[2021-11-28 06:25:15,264] {scheduler_job.py:633} INFO - Processing file /home/airflow/sandbox/lib/python3.8/site-packages/airflow/example_dags/example_short_circuit_operator.py for tasks to queue
[2021-11-28 06:25:15,271] {logging_mixin.py:104} INFO - [2021-11-28 06:25:15,270] {dagbag.py:487} INFO - Filling up the DagBag from /home/airflow/sandbox/lib/python3.8/site-packages/airflow/example_dags/example_short_circuit_operator.py
[2021-11-28 06:25:15,431] {scheduler_job.py:643} INFO - DAG(s) dict_keys(['example_short_circuit_operator']) retrieved from /home/airflow/sandbox/lib/python3.8/site-packages/airflow/example_dags/example_short_circuit_operator.py
[2021-11-28 06:25:15,695] {logging_mixin.py:104} INFO - [2021-11-28 06:25:15,695] {dag.py:1832} INFO - Sync 1 DAGs
[2021-11-28 06:25:15,888] {logging_mixin.py:104} INFO - [2021-11-28 06:25:15,888] {dag.py:2305} INFO - Setting next_dagrun for example_short_circuit_operator to 2021-11-26 00:00:00+00:00
[2021-11-28 06:25:16,039] {scheduler_job.py:190} INFO - Processing /home/airflow/sandbox/lib/python3.8/site-packages/airflow/example_dags/example_short_circuit_operator.py took 0.847 seconds
[2021-11-28 06:25:48,198] {scheduler_job.py:182} INFO - Started process (PID=32353) to work on /home/airflow/sandbox/lib/python3.8/site-packages/airflow/example_dags/example_short_circuit_operator.py
[2021-11-28 06:25:48,202] {scheduler_job.py:633} INFO - Processing file /home/airflow/sandbox/lib/python3.8/site-packages/airflow/example_dags/example_short_circuit_operator.py for tasks to queue
[2021-11-28 06:25:48,207] {logging_mixin.py:104} INFO - [2021-11-28 06:25:48,206] {dagbag.py:487} INFO - Filling up the DagBag from /home/airflow/sandbox/lib/python3.8/site-packages/airflow/example_dags/example_short_circuit_operator.py
[2021-11-28 06:25:48,274] {scheduler_job.py:643} INFO - DAG(s) dict_keys(['example_short_circuit_operator']) retrieved from /home/airflow/sandbox/lib/python3.8/site-packages/airflow/example_dags/example_short_circuit_operator.py
[2021-11-28 06:25:48,454] {logging_mixin.py:104} INFO - [2021-11-28 06:25:48,454] {dag.py:1832} INFO - Sync 1 DAGs
[2021-11-28 06:25:48,539] {logging_mixin.py:104} INFO - [2021-11-28 06:25:48,539] {dag.py:2305} INFO - Setting next_dagrun for example_short_circuit_operator to 2021-11-26 00:00:00+00:00
[2021-11-28 06:25:48,592] {scheduler_job.py:190} INFO - Processing /home/airflow/sandbox/lib/python3.8/site-packages/airflow/example_dags/example_short_circuit_operator.py took 0.412 seconds
[2021-11-28 06:26:24,165] {scheduler_job.py:182} INFO - Started process (PID=32568) to work on /home/airflow/sandbox/lib/python3.8/site-packages/airflow/example_dags/example_short_circuit_operator.py
[2021-11-28 06:26:24,205] {scheduler_job.py:633} INFO - Processing file /home/airflow/sandbox/lib/python3.8/site-packages/airflow/example_dags/example_short_circuit_operator.py for tasks to queue
[2021-11-28 06:26:24,251] {logging_mixin.py:104} INFO - [2021-11-28 06:26:24,217] {dagbag.py:487} INFO - Filling up the DagBag from /home/airflow/sandbox/lib/python3.8/site-packages/airflow/example_dags/example_short_circuit_operator.py
[2021-11-28 06:26:24,502] {scheduler_job.py:643} INFO - DAG(s) dict_keys(['example_short_circuit_operator']) retrieved from /home/airflow/sandbox/lib/python3.8/site-packages/airflow/example_dags/example_short_circuit_operator.py
[2021-11-28 06:26:24,831] {logging_mixin.py:104} INFO - [2021-11-28 06:26:24,831] {dag.py:1832} INFO - Sync 1 DAGs
[2021-11-28 06:26:25,028] {logging_mixin.py:104} INFO - [2021-11-28 06:26:25,028] {dag.py:2305} INFO - Setting next_dagrun for example_short_circuit_operator to 2021-11-26 00:00:00+00:00
[2021-11-28 06:26:25,227] {scheduler_job.py:190} INFO - Processing /home/airflow/sandbox/lib/python3.8/site-packages/airflow/example_dags/example_short_circuit_operator.py took 1.217 seconds
[2021-11-28 06:26:58,871] {scheduler_job.py:182} INFO - Started process (PID=32908) to work on /home/airflow/sandbox/lib/python3.8/site-packages/airflow/example_dags/example_short_circuit_operator.py
[2021-11-28 06:26:58,912] {scheduler_job.py:633} INFO - Processing file /home/airflow/sandbox/lib/python3.8/site-packages/airflow/example_dags/example_short_circuit_operator.py for tasks to queue
[2021-11-28 06:26:58,913] {logging_mixin.py:104} INFO - [2021-11-28 06:26:58,913] {dagbag.py:487} INFO - Filling up the DagBag from /home/airflow/sandbox/lib/python3.8/site-packages/airflow/example_dags/example_short_circuit_operator.py
[2021-11-28 06:26:59,187] {scheduler_job.py:643} INFO - DAG(s) dict_keys(['example_short_circuit_operator']) retrieved from /home/airflow/sandbox/lib/python3.8/site-packages/airflow/example_dags/example_short_circuit_operator.py
[2021-11-28 06:26:59,553] {logging_mixin.py:104} INFO - [2021-11-28 06:26:59,553] {dag.py:1832} INFO - Sync 1 DAGs
[2021-11-28 06:26:59,729] {logging_mixin.py:104} INFO - [2021-11-28 06:26:59,729] {dag.py:2305} INFO - Setting next_dagrun for example_short_circuit_operator to 2021-11-26 00:00:00+00:00
[2021-11-28 06:26:59,806] {scheduler_job.py:190} INFO - Processing /home/airflow/sandbox/lib/python3.8/site-packages/airflow/example_dags/example_short_circuit_operator.py took 0.942 seconds
[2021-11-28 06:28:03,735] {scheduler_job.py:182} INFO - Started process (PID=34918) to work on /home/airflow/sandbox/lib/python3.8/site-packages/airflow/example_dags/example_short_circuit_operator.py
[2021-11-28 06:28:03,915] {scheduler_job.py:633} INFO - Processing file /home/airflow/sandbox/lib/python3.8/site-packages/airflow/example_dags/example_short_circuit_operator.py for tasks to queue
[2021-11-28 06:28:03,916] {logging_mixin.py:104} INFO - [2021-11-28 06:28:03,916] {dagbag.py:487} INFO - Filling up the DagBag from /home/airflow/sandbox/lib/python3.8/site-packages/airflow/example_dags/example_short_circuit_operator.py
[2021-11-28 06:28:04,194] {scheduler_job.py:643} INFO - DAG(s) dict_keys(['example_short_circuit_operator']) retrieved from /home/airflow/sandbox/lib/python3.8/site-packages/airflow/example_dags/example_short_circuit_operator.py
[2021-11-28 06:28:04,899] {logging_mixin.py:104} INFO - [2021-11-28 06:28:04,899] {dag.py:1832} INFO - Sync 1 DAGs
[2021-11-28 06:28:05,630] {logging_mixin.py:104} INFO - [2021-11-28 06:28:05,630] {dag.py:2305} INFO - Setting next_dagrun for example_short_circuit_operator to 2021-11-26 00:00:00+00:00
[2021-11-28 06:28:06,111] {scheduler_job.py:190} INFO - Processing /home/airflow/sandbox/lib/python3.8/site-packages/airflow/example_dags/example_short_circuit_operator.py took 2.382 seconds
[2021-11-28 06:28:36,747] {scheduler_job.py:182} INFO - Started process (PID=36041) to work on /home/airflow/sandbox/lib/python3.8/site-packages/airflow/example_dags/example_short_circuit_operator.py
[2021-11-28 06:28:36,761] {scheduler_job.py:633} INFO - Processing file /home/airflow/sandbox/lib/python3.8/site-packages/airflow/example_dags/example_short_circuit_operator.py for tasks to queue
[2021-11-28 06:28:36,762] {logging_mixin.py:104} INFO - [2021-11-28 06:28:36,762] {dagbag.py:487} INFO - Filling up the DagBag from /home/airflow/sandbox/lib/python3.8/site-packages/airflow/example_dags/example_short_circuit_operator.py
[2021-11-28 06:28:36,791] {scheduler_job.py:643} INFO - DAG(s) dict_keys(['example_short_circuit_operator']) retrieved from /home/airflow/sandbox/lib/python3.8/site-packages/airflow/example_dags/example_short_circuit_operator.py
[2021-11-28 06:28:36,858] {logging_mixin.py:104} INFO - [2021-11-28 06:28:36,858] {dag.py:1832} INFO - Sync 1 DAGs
[2021-11-28 06:28:36,889] {logging_mixin.py:104} INFO - [2021-11-28 06:28:36,889] {dag.py:2305} INFO - Setting next_dagrun for example_short_circuit_operator to 2021-11-26 00:00:00+00:00
[2021-11-28 06:28:36,923] {scheduler_job.py:190} INFO - Processing /home/airflow/sandbox/lib/python3.8/site-packages/airflow/example_dags/example_short_circuit_operator.py took 0.196 seconds
[2021-11-28 06:29:10,612] {scheduler_job.py:182} INFO - Started process (PID=36267) to work on /home/airflow/sandbox/lib/python3.8/site-packages/airflow/example_dags/example_short_circuit_operator.py
[2021-11-28 06:29:10,640] {scheduler_job.py:633} INFO - Processing file /home/airflow/sandbox/lib/python3.8/site-packages/airflow/example_dags/example_short_circuit_operator.py for tasks to queue
[2021-11-28 06:29:10,642] {logging_mixin.py:104} INFO - [2021-11-28 06:29:10,642] {dagbag.py:487} INFO - Filling up the DagBag from /home/airflow/sandbox/lib/python3.8/site-packages/airflow/example_dags/example_short_circuit_operator.py
[2021-11-28 06:29:11,059] {scheduler_job.py:643} INFO - DAG(s) dict_keys(['example_short_circuit_operator']) retrieved from /home/airflow/sandbox/lib/python3.8/site-packages/airflow/example_dags/example_short_circuit_operator.py
[2021-11-28 06:29:11,793] {logging_mixin.py:104} INFO - [2021-11-28 06:29:11,793] {dag.py:1832} INFO - Sync 1 DAGs
[2021-11-28 06:29:11,931] {logging_mixin.py:104} INFO - [2021-11-28 06:29:11,931] {dag.py:2305} INFO - Setting next_dagrun for example_short_circuit_operator to 2021-11-26 00:00:00+00:00
[2021-11-28 06:29:12,040] {scheduler_job.py:190} INFO - Processing /home/airflow/sandbox/lib/python3.8/site-packages/airflow/example_dags/example_short_circuit_operator.py took 1.498 seconds
[2021-11-28 06:29:42,502] {scheduler_job.py:182} INFO - Started process (PID=36646) to work on /home/airflow/sandbox/lib/python3.8/site-packages/airflow/example_dags/example_short_circuit_operator.py
[2021-11-28 06:29:42,518] {scheduler_job.py:633} INFO - Processing file /home/airflow/sandbox/lib/python3.8/site-packages/airflow/example_dags/example_short_circuit_operator.py for tasks to queue
[2021-11-28 06:29:42,536] {logging_mixin.py:104} INFO - [2021-11-28 06:29:42,536] {dagbag.py:487} INFO - Filling up the DagBag from /home/airflow/sandbox/lib/python3.8/site-packages/airflow/example_dags/example_short_circuit_operator.py
[2021-11-28 06:29:42,664] {scheduler_job.py:643} INFO - DAG(s) dict_keys(['example_short_circuit_operator']) retrieved from /home/airflow/sandbox/lib/python3.8/site-packages/airflow/example_dags/example_short_circuit_operator.py
[2021-11-28 06:29:42,840] {logging_mixin.py:104} INFO - [2021-11-28 06:29:42,839] {dag.py:1832} INFO - Sync 1 DAGs
[2021-11-28 06:29:43,013] {logging_mixin.py:104} INFO - [2021-11-28 06:29:43,013] {dag.py:2305} INFO - Setting next_dagrun for example_short_circuit_operator to 2021-11-26 00:00:00+00:00
[2021-11-28 06:29:43,172] {scheduler_job.py:190} INFO - Processing /home/airflow/sandbox/lib/python3.8/site-packages/airflow/example_dags/example_short_circuit_operator.py took 0.697 seconds
[2021-11-28 06:30:24,334] {scheduler_job.py:182} INFO - Started process (PID=36850) to work on /home/airflow/sandbox/lib/python3.8/site-packages/airflow/example_dags/example_short_circuit_operator.py
[2021-11-28 06:30:24,338] {scheduler_job.py:633} INFO - Processing file /home/airflow/sandbox/lib/python3.8/site-packages/airflow/example_dags/example_short_circuit_operator.py for tasks to queue
[2021-11-28 06:30:24,340] {logging_mixin.py:104} INFO - [2021-11-28 06:30:24,339] {dagbag.py:487} INFO - Filling up the DagBag from /home/airflow/sandbox/lib/python3.8/site-packages/airflow/example_dags/example_short_circuit_operator.py
[2021-11-28 06:30:24,415] {scheduler_job.py:643} INFO - DAG(s) dict_keys(['example_short_circuit_operator']) retrieved from /home/airflow/sandbox/lib/python3.8/site-packages/airflow/example_dags/example_short_circuit_operator.py
[2021-11-28 06:30:24,616] {logging_mixin.py:104} INFO - [2021-11-28 06:30:24,616] {dag.py:1832} INFO - Sync 1 DAGs
[2021-11-28 06:30:24,711] {logging_mixin.py:104} INFO - [2021-11-28 06:30:24,711] {dag.py:2305} INFO - Setting next_dagrun for example_short_circuit_operator to 2021-11-26 00:00:00+00:00
[2021-11-28 06:30:24,784] {scheduler_job.py:190} INFO - Processing /home/airflow/sandbox/lib/python3.8/site-packages/airflow/example_dags/example_short_circuit_operator.py took 0.470 seconds
[2021-11-28 06:30:57,517] {scheduler_job.py:182} INFO - Started process (PID=37049) to work on /home/airflow/sandbox/lib/python3.8/site-packages/airflow/example_dags/example_short_circuit_operator.py
[2021-11-28 06:30:57,547] {scheduler_job.py:633} INFO - Processing file /home/airflow/sandbox/lib/python3.8/site-packages/airflow/example_dags/example_short_circuit_operator.py for tasks to queue
[2021-11-28 06:30:57,557] {logging_mixin.py:104} INFO - [2021-11-28 06:30:57,556] {dagbag.py:487} INFO - Filling up the DagBag from /home/airflow/sandbox/lib/python3.8/site-packages/airflow/example_dags/example_short_circuit_operator.py
[2021-11-28 06:30:57,759] {scheduler_job.py:643} INFO - DAG(s) dict_keys(['example_short_circuit_operator']) retrieved from /home/airflow/sandbox/lib/python3.8/site-packages/airflow/example_dags/example_short_circuit_operator.py
[2021-11-28 06:30:58,218] {logging_mixin.py:104} INFO - [2021-11-28 06:30:58,217] {dag.py:1832} INFO - Sync 1 DAGs
[2021-11-28 06:30:58,343] {logging_mixin.py:104} INFO - [2021-11-28 06:30:58,343] {dag.py:2305} INFO - Setting next_dagrun for example_short_circuit_operator to 2021-11-26 00:00:00+00:00
[2021-11-28 06:30:59,103] {scheduler_job.py:190} INFO - Processing /home/airflow/sandbox/lib/python3.8/site-packages/airflow/example_dags/example_short_circuit_operator.py took 1.606 seconds
[2021-11-28 06:31:29,482] {scheduler_job.py:182} INFO - Started process (PID=37255) to work on /home/airflow/sandbox/lib/python3.8/site-packages/airflow/example_dags/example_short_circuit_operator.py
[2021-11-28 06:31:29,501] {scheduler_job.py:633} INFO - Processing file /home/airflow/sandbox/lib/python3.8/site-packages/airflow/example_dags/example_short_circuit_operator.py for tasks to queue
[2021-11-28 06:31:29,502] {logging_mixin.py:104} INFO - [2021-11-28 06:31:29,502] {dagbag.py:487} INFO - Filling up the DagBag from /home/airflow/sandbox/lib/python3.8/site-packages/airflow/example_dags/example_short_circuit_operator.py
[2021-11-28 06:31:29,643] {scheduler_job.py:643} INFO - DAG(s) dict_keys(['example_short_circuit_operator']) retrieved from /home/airflow/sandbox/lib/python3.8/site-packages/airflow/example_dags/example_short_circuit_operator.py
[2021-11-28 06:31:29,767] {logging_mixin.py:104} INFO - [2021-11-28 06:31:29,767] {dag.py:1832} INFO - Sync 1 DAGs
[2021-11-28 06:31:29,852] {logging_mixin.py:104} INFO - [2021-11-28 06:31:29,851] {dag.py:2305} INFO - Setting next_dagrun for example_short_circuit_operator to 2021-11-26 00:00:00+00:00
[2021-11-28 06:31:30,203] {scheduler_job.py:190} INFO - Processing /home/airflow/sandbox/lib/python3.8/site-packages/airflow/example_dags/example_short_circuit_operator.py took 0.743 seconds
[2021-11-28 06:32:09,231] {scheduler_job.py:182} INFO - Started process (PID=37448) to work on /home/airflow/sandbox/lib/python3.8/site-packages/airflow/example_dags/example_short_circuit_operator.py
[2021-11-28 06:32:09,301] {scheduler_job.py:633} INFO - Processing file /home/airflow/sandbox/lib/python3.8/site-packages/airflow/example_dags/example_short_circuit_operator.py for tasks to queue
[2021-11-28 06:32:09,390] {logging_mixin.py:104} INFO - [2021-11-28 06:32:09,372] {dagbag.py:487} INFO - Filling up the DagBag from /home/airflow/sandbox/lib/python3.8/site-packages/airflow/example_dags/example_short_circuit_operator.py
[2021-11-28 06:32:09,940] {scheduler_job.py:643} INFO - DAG(s) dict_keys(['example_short_circuit_operator']) retrieved from /home/airflow/sandbox/lib/python3.8/site-packages/airflow/example_dags/example_short_circuit_operator.py
[2021-11-28 06:32:10,488] {logging_mixin.py:104} INFO - [2021-11-28 06:32:10,488] {dag.py:1832} INFO - Sync 1 DAGs
[2021-11-28 06:32:10,768] {logging_mixin.py:104} INFO - [2021-11-28 06:32:10,767] {dag.py:2305} INFO - Setting next_dagrun for example_short_circuit_operator to 2021-11-26 00:00:00+00:00
[2021-11-28 06:32:12,028] {scheduler_job.py:190} INFO - Processing /home/airflow/sandbox/lib/python3.8/site-packages/airflow/example_dags/example_short_circuit_operator.py took 2.921 seconds
[2021-11-28 06:32:42,689] {scheduler_job.py:182} INFO - Started process (PID=37702) to work on /home/airflow/sandbox/lib/python3.8/site-packages/airflow/example_dags/example_short_circuit_operator.py
[2021-11-28 06:32:42,700] {scheduler_job.py:633} INFO - Processing file /home/airflow/sandbox/lib/python3.8/site-packages/airflow/example_dags/example_short_circuit_operator.py for tasks to queue
[2021-11-28 06:32:42,705] {logging_mixin.py:104} INFO - [2021-11-28 06:32:42,705] {dagbag.py:487} INFO - Filling up the DagBag from /home/airflow/sandbox/lib/python3.8/site-packages/airflow/example_dags/example_short_circuit_operator.py
[2021-11-28 06:32:42,812] {scheduler_job.py:643} INFO - DAG(s) dict_keys(['example_short_circuit_operator']) retrieved from /home/airflow/sandbox/lib/python3.8/site-packages/airflow/example_dags/example_short_circuit_operator.py
[2021-11-28 06:32:42,907] {logging_mixin.py:104} INFO - [2021-11-28 06:32:42,907] {dag.py:1832} INFO - Sync 1 DAGs
[2021-11-28 06:32:43,051] {logging_mixin.py:104} INFO - [2021-11-28 06:32:43,051] {dag.py:2305} INFO - Setting next_dagrun for example_short_circuit_operator to 2021-11-26 00:00:00+00:00
[2021-11-28 06:32:43,092] {scheduler_job.py:190} INFO - Processing /home/airflow/sandbox/lib/python3.8/site-packages/airflow/example_dags/example_short_circuit_operator.py took 0.410 seconds
[2021-11-28 06:33:14,609] {scheduler_job.py:182} INFO - Started process (PID=38096) to work on /home/airflow/sandbox/lib/python3.8/site-packages/airflow/example_dags/example_short_circuit_operator.py
[2021-11-28 06:33:14,632] {scheduler_job.py:633} INFO - Processing file /home/airflow/sandbox/lib/python3.8/site-packages/airflow/example_dags/example_short_circuit_operator.py for tasks to queue
[2021-11-28 06:33:14,647] {logging_mixin.py:104} INFO - [2021-11-28 06:33:14,647] {dagbag.py:487} INFO - Filling up the DagBag from /home/airflow/sandbox/lib/python3.8/site-packages/airflow/example_dags/example_short_circuit_operator.py
[2021-11-28 06:33:14,733] {scheduler_job.py:643} INFO - DAG(s) dict_keys(['example_short_circuit_operator']) retrieved from /home/airflow/sandbox/lib/python3.8/site-packages/airflow/example_dags/example_short_circuit_operator.py
[2021-11-28 06:33:14,882] {logging_mixin.py:104} INFO - [2021-11-28 06:33:14,882] {dag.py:1832} INFO - Sync 1 DAGs
[2021-11-28 06:33:15,238] {logging_mixin.py:104} INFO - [2021-11-28 06:33:15,238] {dag.py:2305} INFO - Setting next_dagrun for example_short_circuit_operator to 2021-11-26 00:00:00+00:00
[2021-11-28 06:33:15,291] {scheduler_job.py:190} INFO - Processing /home/airflow/sandbox/lib/python3.8/site-packages/airflow/example_dags/example_short_circuit_operator.py took 0.693 seconds
[2021-11-28 06:33:45,446] {scheduler_job.py:182} INFO - Started process (PID=38293) to work on /home/airflow/sandbox/lib/python3.8/site-packages/airflow/example_dags/example_short_circuit_operator.py
[2021-11-28 06:33:45,455] {scheduler_job.py:633} INFO - Processing file /home/airflow/sandbox/lib/python3.8/site-packages/airflow/example_dags/example_short_circuit_operator.py for tasks to queue
[2021-11-28 06:33:45,457] {logging_mixin.py:104} INFO - [2021-11-28 06:33:45,457] {dagbag.py:487} INFO - Filling up the DagBag from /home/airflow/sandbox/lib/python3.8/site-packages/airflow/example_dags/example_short_circuit_operator.py
[2021-11-28 06:33:45,528] {scheduler_job.py:643} INFO - DAG(s) dict_keys(['example_short_circuit_operator']) retrieved from /home/airflow/sandbox/lib/python3.8/site-packages/airflow/example_dags/example_short_circuit_operator.py
[2021-11-28 06:33:45,616] {logging_mixin.py:104} INFO - [2021-11-28 06:33:45,615] {dag.py:1832} INFO - Sync 1 DAGs
[2021-11-28 06:33:45,767] {logging_mixin.py:104} INFO - [2021-11-28 06:33:45,767] {dag.py:2305} INFO - Setting next_dagrun for example_short_circuit_operator to 2021-11-26 00:00:00+00:00
[2021-11-28 06:33:45,799] {scheduler_job.py:190} INFO - Processing /home/airflow/sandbox/lib/python3.8/site-packages/airflow/example_dags/example_short_circuit_operator.py took 0.378 seconds
[2021-11-28 06:34:16,758] {scheduler_job.py:182} INFO - Started process (PID=38493) to work on /home/airflow/sandbox/lib/python3.8/site-packages/airflow/example_dags/example_short_circuit_operator.py
[2021-11-28 06:34:16,766] {scheduler_job.py:633} INFO - Processing file /home/airflow/sandbox/lib/python3.8/site-packages/airflow/example_dags/example_short_circuit_operator.py for tasks to queue
[2021-11-28 06:34:16,768] {logging_mixin.py:104} INFO - [2021-11-28 06:34:16,767] {dagbag.py:487} INFO - Filling up the DagBag from /home/airflow/sandbox/lib/python3.8/site-packages/airflow/example_dags/example_short_circuit_operator.py
[2021-11-28 06:34:16,841] {scheduler_job.py:643} INFO - DAG(s) dict_keys(['example_short_circuit_operator']) retrieved from /home/airflow/sandbox/lib/python3.8/site-packages/airflow/example_dags/example_short_circuit_operator.py
[2021-11-28 06:34:16,924] {logging_mixin.py:104} INFO - [2021-11-28 06:34:16,923] {dag.py:1832} INFO - Sync 1 DAGs
[2021-11-28 06:34:17,083] {logging_mixin.py:104} INFO - [2021-11-28 06:34:17,083] {dag.py:2305} INFO - Setting next_dagrun for example_short_circuit_operator to 2021-11-26 00:00:00+00:00
[2021-11-28 06:34:17,130] {scheduler_job.py:190} INFO - Processing /home/airflow/sandbox/lib/python3.8/site-packages/airflow/example_dags/example_short_circuit_operator.py took 0.396 seconds
[2021-11-28 06:34:48,195] {scheduler_job.py:182} INFO - Started process (PID=38690) to work on /home/airflow/sandbox/lib/python3.8/site-packages/airflow/example_dags/example_short_circuit_operator.py
[2021-11-28 06:34:48,234] {scheduler_job.py:633} INFO - Processing file /home/airflow/sandbox/lib/python3.8/site-packages/airflow/example_dags/example_short_circuit_operator.py for tasks to queue
[2021-11-28 06:34:48,236] {logging_mixin.py:104} INFO - [2021-11-28 06:34:48,236] {dagbag.py:487} INFO - Filling up the DagBag from /home/airflow/sandbox/lib/python3.8/site-packages/airflow/example_dags/example_short_circuit_operator.py
[2021-11-28 06:34:48,381] {scheduler_job.py:643} INFO - DAG(s) dict_keys(['example_short_circuit_operator']) retrieved from /home/airflow/sandbox/lib/python3.8/site-packages/airflow/example_dags/example_short_circuit_operator.py
[2021-11-28 06:34:49,588] {logging_mixin.py:104} INFO - [2021-11-28 06:34:49,588] {dag.py:1832} INFO - Sync 1 DAGs
[2021-11-28 06:34:49,796] {logging_mixin.py:104} INFO - [2021-11-28 06:34:49,795] {dag.py:2305} INFO - Setting next_dagrun for example_short_circuit_operator to 2021-11-26 00:00:00+00:00
[2021-11-28 06:34:49,924] {scheduler_job.py:190} INFO - Processing /home/airflow/sandbox/lib/python3.8/site-packages/airflow/example_dags/example_short_circuit_operator.py took 1.756 seconds
[2021-11-28 06:35:20,392] {scheduler_job.py:182} INFO - Started process (PID=38888) to work on /home/airflow/sandbox/lib/python3.8/site-packages/airflow/example_dags/example_short_circuit_operator.py
[2021-11-28 06:35:20,411] {scheduler_job.py:633} INFO - Processing file /home/airflow/sandbox/lib/python3.8/site-packages/airflow/example_dags/example_short_circuit_operator.py for tasks to queue
[2021-11-28 06:35:20,431] {logging_mixin.py:104} INFO - [2021-11-28 06:35:20,417] {dagbag.py:487} INFO - Filling up the DagBag from /home/airflow/sandbox/lib/python3.8/site-packages/airflow/example_dags/example_short_circuit_operator.py
[2021-11-28 06:35:20,574] {scheduler_job.py:643} INFO - DAG(s) dict_keys(['example_short_circuit_operator']) retrieved from /home/airflow/sandbox/lib/python3.8/site-packages/airflow/example_dags/example_short_circuit_operator.py
[2021-11-28 06:35:21,363] {logging_mixin.py:104} INFO - [2021-11-28 06:35:21,363] {dag.py:1832} INFO - Sync 1 DAGs
[2021-11-28 06:35:21,511] {logging_mixin.py:104} INFO - [2021-11-28 06:35:21,506] {dag.py:2305} INFO - Setting next_dagrun for example_short_circuit_operator to 2021-11-26 00:00:00+00:00
[2021-11-28 06:35:21,627] {scheduler_job.py:190} INFO - Processing /home/airflow/sandbox/lib/python3.8/site-packages/airflow/example_dags/example_short_circuit_operator.py took 1.257 seconds
[2021-11-28 06:35:54,504] {scheduler_job.py:182} INFO - Started process (PID=39025) to work on /home/airflow/sandbox/lib/python3.8/site-packages/airflow/example_dags/example_short_circuit_operator.py
[2021-11-28 06:35:54,522] {scheduler_job.py:633} INFO - Processing file /home/airflow/sandbox/lib/python3.8/site-packages/airflow/example_dags/example_short_circuit_operator.py for tasks to queue
[2021-11-28 06:35:54,527] {logging_mixin.py:104} INFO - [2021-11-28 06:35:54,527] {dagbag.py:487} INFO - Filling up the DagBag from /home/airflow/sandbox/lib/python3.8/site-packages/airflow/example_dags/example_short_circuit_operator.py
[2021-11-28 06:35:54,624] {scheduler_job.py:643} INFO - DAG(s) dict_keys(['example_short_circuit_operator']) retrieved from /home/airflow/sandbox/lib/python3.8/site-packages/airflow/example_dags/example_short_circuit_operator.py
[2021-11-28 06:35:54,957] {logging_mixin.py:104} INFO - [2021-11-28 06:35:54,957] {dag.py:1832} INFO - Sync 1 DAGs
[2021-11-28 06:35:55,010] {logging_mixin.py:104} INFO - [2021-11-28 06:35:55,010] {dag.py:2305} INFO - Setting next_dagrun for example_short_circuit_operator to 2021-11-26 00:00:00+00:00
[2021-11-28 06:35:55,059] {scheduler_job.py:190} INFO - Processing /home/airflow/sandbox/lib/python3.8/site-packages/airflow/example_dags/example_short_circuit_operator.py took 0.561 seconds
[2021-11-28 06:36:25,357] {scheduler_job.py:182} INFO - Started process (PID=39236) to work on /home/airflow/sandbox/lib/python3.8/site-packages/airflow/example_dags/example_short_circuit_operator.py
[2021-11-28 06:36:25,377] {scheduler_job.py:633} INFO - Processing file /home/airflow/sandbox/lib/python3.8/site-packages/airflow/example_dags/example_short_circuit_operator.py for tasks to queue
[2021-11-28 06:36:25,379] {logging_mixin.py:104} INFO - [2021-11-28 06:36:25,379] {dagbag.py:487} INFO - Filling up the DagBag from /home/airflow/sandbox/lib/python3.8/site-packages/airflow/example_dags/example_short_circuit_operator.py
[2021-11-28 06:36:25,501] {scheduler_job.py:643} INFO - DAG(s) dict_keys(['example_short_circuit_operator']) retrieved from /home/airflow/sandbox/lib/python3.8/site-packages/airflow/example_dags/example_short_circuit_operator.py
[2021-11-28 06:36:26,026] {logging_mixin.py:104} INFO - [2021-11-28 06:36:26,026] {dag.py:1832} INFO - Sync 1 DAGs
[2021-11-28 06:36:26,066] {logging_mixin.py:104} INFO - [2021-11-28 06:36:26,066] {dag.py:2305} INFO - Setting next_dagrun for example_short_circuit_operator to 2021-11-26 00:00:00+00:00
[2021-11-28 06:36:26,134] {scheduler_job.py:190} INFO - Processing /home/airflow/sandbox/lib/python3.8/site-packages/airflow/example_dags/example_short_circuit_operator.py took 0.798 seconds
[2021-11-28 06:36:56,713] {scheduler_job.py:182} INFO - Started process (PID=39432) to work on /home/airflow/sandbox/lib/python3.8/site-packages/airflow/example_dags/example_short_circuit_operator.py
[2021-11-28 06:36:56,729] {scheduler_job.py:633} INFO - Processing file /home/airflow/sandbox/lib/python3.8/site-packages/airflow/example_dags/example_short_circuit_operator.py for tasks to queue
[2021-11-28 06:36:56,731] {logging_mixin.py:104} INFO - [2021-11-28 06:36:56,731] {dagbag.py:487} INFO - Filling up the DagBag from /home/airflow/sandbox/lib/python3.8/site-packages/airflow/example_dags/example_short_circuit_operator.py
[2021-11-28 06:36:56,791] {scheduler_job.py:643} INFO - DAG(s) dict_keys(['example_short_circuit_operator']) retrieved from /home/airflow/sandbox/lib/python3.8/site-packages/airflow/example_dags/example_short_circuit_operator.py
[2021-11-28 06:36:57,036] {logging_mixin.py:104} INFO - [2021-11-28 06:36:57,036] {dag.py:1832} INFO - Sync 1 DAGs
[2021-11-28 06:36:57,114] {logging_mixin.py:104} INFO - [2021-11-28 06:36:57,114] {dag.py:2305} INFO - Setting next_dagrun for example_short_circuit_operator to 2021-11-26 00:00:00+00:00
[2021-11-28 06:36:57,223] {scheduler_job.py:190} INFO - Processing /home/airflow/sandbox/lib/python3.8/site-packages/airflow/example_dags/example_short_circuit_operator.py took 0.532 seconds
[2021-11-28 06:37:28,401] {scheduler_job.py:182} INFO - Started process (PID=39623) to work on /home/airflow/sandbox/lib/python3.8/site-packages/airflow/example_dags/example_short_circuit_operator.py
[2021-11-28 06:37:28,430] {scheduler_job.py:633} INFO - Processing file /home/airflow/sandbox/lib/python3.8/site-packages/airflow/example_dags/example_short_circuit_operator.py for tasks to queue
[2021-11-28 06:37:28,454] {logging_mixin.py:104} INFO - [2021-11-28 06:37:28,453] {dagbag.py:487} INFO - Filling up the DagBag from /home/airflow/sandbox/lib/python3.8/site-packages/airflow/example_dags/example_short_circuit_operator.py
[2021-11-28 06:37:29,377] {scheduler_job.py:643} INFO - DAG(s) dict_keys(['example_short_circuit_operator']) retrieved from /home/airflow/sandbox/lib/python3.8/site-packages/airflow/example_dags/example_short_circuit_operator.py
[2021-11-28 06:37:29,606] {logging_mixin.py:104} INFO - [2021-11-28 06:37:29,606] {dag.py:1832} INFO - Sync 1 DAGs
[2021-11-28 06:37:29,695] {logging_mixin.py:104} INFO - [2021-11-28 06:37:29,694] {dag.py:2305} INFO - Setting next_dagrun for example_short_circuit_operator to 2021-11-26 00:00:00+00:00
[2021-11-28 06:37:29,741] {scheduler_job.py:190} INFO - Processing /home/airflow/sandbox/lib/python3.8/site-packages/airflow/example_dags/example_short_circuit_operator.py took 1.365 seconds
[2021-11-28 06:38:00,768] {scheduler_job.py:182} INFO - Started process (PID=40060) to work on /home/airflow/sandbox/lib/python3.8/site-packages/airflow/example_dags/example_short_circuit_operator.py
[2021-11-28 06:38:00,773] {scheduler_job.py:633} INFO - Processing file /home/airflow/sandbox/lib/python3.8/site-packages/airflow/example_dags/example_short_circuit_operator.py for tasks to queue
[2021-11-28 06:38:00,774] {logging_mixin.py:104} INFO - [2021-11-28 06:38:00,774] {dagbag.py:487} INFO - Filling up the DagBag from /home/airflow/sandbox/lib/python3.8/site-packages/airflow/example_dags/example_short_circuit_operator.py
[2021-11-28 06:38:01,513] {scheduler_job.py:643} INFO - DAG(s) dict_keys(['example_short_circuit_operator']) retrieved from /home/airflow/sandbox/lib/python3.8/site-packages/airflow/example_dags/example_short_circuit_operator.py
[2021-11-28 06:38:01,669] {logging_mixin.py:104} INFO - [2021-11-28 06:38:01,668] {dag.py:1832} INFO - Sync 1 DAGs
[2021-11-28 06:38:01,745] {logging_mixin.py:104} INFO - [2021-11-28 06:38:01,744] {dag.py:2305} INFO - Setting next_dagrun for example_short_circuit_operator to 2021-11-26 00:00:00+00:00
[2021-11-28 06:38:01,809] {scheduler_job.py:190} INFO - Processing /home/airflow/sandbox/lib/python3.8/site-packages/airflow/example_dags/example_short_circuit_operator.py took 1.060 seconds
[2021-11-28 06:38:32,775] {scheduler_job.py:182} INFO - Started process (PID=40254) to work on /home/airflow/sandbox/lib/python3.8/site-packages/airflow/example_dags/example_short_circuit_operator.py
[2021-11-28 06:38:32,830] {scheduler_job.py:633} INFO - Processing file /home/airflow/sandbox/lib/python3.8/site-packages/airflow/example_dags/example_short_circuit_operator.py for tasks to queue
[2021-11-28 06:38:32,869] {logging_mixin.py:104} INFO - [2021-11-28 06:38:32,868] {dagbag.py:487} INFO - Filling up the DagBag from /home/airflow/sandbox/lib/python3.8/site-packages/airflow/example_dags/example_short_circuit_operator.py
[2021-11-28 06:38:33,702] {scheduler_job.py:643} INFO - DAG(s) dict_keys(['example_short_circuit_operator']) retrieved from /home/airflow/sandbox/lib/python3.8/site-packages/airflow/example_dags/example_short_circuit_operator.py
[2021-11-28 06:38:33,829] {logging_mixin.py:104} INFO - [2021-11-28 06:38:33,828] {dag.py:1832} INFO - Sync 1 DAGs
[2021-11-28 06:38:33,892] {logging_mixin.py:104} INFO - [2021-11-28 06:38:33,892] {dag.py:2305} INFO - Setting next_dagrun for example_short_circuit_operator to 2021-11-26 00:00:00+00:00
[2021-11-28 06:38:33,945] {scheduler_job.py:190} INFO - Processing /home/airflow/sandbox/lib/python3.8/site-packages/airflow/example_dags/example_short_circuit_operator.py took 1.215 seconds
[2021-11-28 06:39:04,217] {scheduler_job.py:182} INFO - Started process (PID=40450) to work on /home/airflow/sandbox/lib/python3.8/site-packages/airflow/example_dags/example_short_circuit_operator.py
[2021-11-28 06:39:04,230] {scheduler_job.py:633} INFO - Processing file /home/airflow/sandbox/lib/python3.8/site-packages/airflow/example_dags/example_short_circuit_operator.py for tasks to queue
[2021-11-28 06:39:04,236] {logging_mixin.py:104} INFO - [2021-11-28 06:39:04,236] {dagbag.py:487} INFO - Filling up the DagBag from /home/airflow/sandbox/lib/python3.8/site-packages/airflow/example_dags/example_short_circuit_operator.py
[2021-11-28 06:39:04,431] {scheduler_job.py:643} INFO - DAG(s) dict_keys(['example_short_circuit_operator']) retrieved from /home/airflow/sandbox/lib/python3.8/site-packages/airflow/example_dags/example_short_circuit_operator.py
[2021-11-28 06:39:04,481] {logging_mixin.py:104} INFO - [2021-11-28 06:39:04,481] {dag.py:1832} INFO - Sync 1 DAGs
[2021-11-28 06:39:04,517] {logging_mixin.py:104} INFO - [2021-11-28 06:39:04,517] {dag.py:2305} INFO - Setting next_dagrun for example_short_circuit_operator to 2021-11-26 00:00:00+00:00
[2021-11-28 06:39:04,563] {scheduler_job.py:190} INFO - Processing /home/airflow/sandbox/lib/python3.8/site-packages/airflow/example_dags/example_short_circuit_operator.py took 0.366 seconds
[2021-11-28 06:39:41,209] {scheduler_job.py:182} INFO - Started process (PID=40604) to work on /home/airflow/sandbox/lib/python3.8/site-packages/airflow/example_dags/example_short_circuit_operator.py
[2021-11-28 06:39:41,216] {scheduler_job.py:633} INFO - Processing file /home/airflow/sandbox/lib/python3.8/site-packages/airflow/example_dags/example_short_circuit_operator.py for tasks to queue
[2021-11-28 06:39:42,128] {logging_mixin.py:104} INFO - [2021-11-28 06:39:42,127] {dagbag.py:487} INFO - Filling up the DagBag from /home/airflow/sandbox/lib/python3.8/site-packages/airflow/example_dags/example_short_circuit_operator.py
[2021-11-28 06:39:42,271] {scheduler_job.py:643} INFO - DAG(s) dict_keys(['example_short_circuit_operator']) retrieved from /home/airflow/sandbox/lib/python3.8/site-packages/airflow/example_dags/example_short_circuit_operator.py
[2021-11-28 06:39:42,434] {logging_mixin.py:104} INFO - [2021-11-28 06:39:42,433] {dag.py:1832} INFO - Sync 1 DAGs
[2021-11-28 06:39:42,470] {logging_mixin.py:104} INFO - [2021-11-28 06:39:42,470] {dag.py:2305} INFO - Setting next_dagrun for example_short_circuit_operator to 2021-11-26 00:00:00+00:00
[2021-11-28 06:39:42,513] {scheduler_job.py:190} INFO - Processing /home/airflow/sandbox/lib/python3.8/site-packages/airflow/example_dags/example_short_circuit_operator.py took 1.312 seconds
[2021-11-28 06:40:12,896] {scheduler_job.py:182} INFO - Started process (PID=40802) to work on /home/airflow/sandbox/lib/python3.8/site-packages/airflow/example_dags/example_short_circuit_operator.py
[2021-11-28 06:40:12,928] {scheduler_job.py:633} INFO - Processing file /home/airflow/sandbox/lib/python3.8/site-packages/airflow/example_dags/example_short_circuit_operator.py for tasks to queue
[2021-11-28 06:40:12,946] {logging_mixin.py:104} INFO - [2021-11-28 06:40:12,946] {dagbag.py:487} INFO - Filling up the DagBag from /home/airflow/sandbox/lib/python3.8/site-packages/airflow/example_dags/example_short_circuit_operator.py
[2021-11-28 06:40:13,194] {scheduler_job.py:643} INFO - DAG(s) dict_keys(['example_short_circuit_operator']) retrieved from /home/airflow/sandbox/lib/python3.8/site-packages/airflow/example_dags/example_short_circuit_operator.py
[2021-11-28 06:40:13,499] {logging_mixin.py:104} INFO - [2021-11-28 06:40:13,499] {dag.py:1832} INFO - Sync 1 DAGs
[2021-11-28 06:40:13,689] {logging_mixin.py:104} INFO - [2021-11-28 06:40:13,689] {dag.py:2305} INFO - Setting next_dagrun for example_short_circuit_operator to 2021-11-26 00:00:00+00:00
[2021-11-28 06:40:13,834] {scheduler_job.py:190} INFO - Processing /home/airflow/sandbox/lib/python3.8/site-packages/airflow/example_dags/example_short_circuit_operator.py took 1.004 seconds
[2021-11-28 06:40:44,411] {scheduler_job.py:182} INFO - Started process (PID=40997) to work on /home/airflow/sandbox/lib/python3.8/site-packages/airflow/example_dags/example_short_circuit_operator.py
[2021-11-28 06:40:44,438] {scheduler_job.py:633} INFO - Processing file /home/airflow/sandbox/lib/python3.8/site-packages/airflow/example_dags/example_short_circuit_operator.py for tasks to queue
[2021-11-28 06:40:44,446] {logging_mixin.py:104} INFO - [2021-11-28 06:40:44,444] {dagbag.py:487} INFO - Filling up the DagBag from /home/airflow/sandbox/lib/python3.8/site-packages/airflow/example_dags/example_short_circuit_operator.py
[2021-11-28 06:40:44,517] {scheduler_job.py:643} INFO - DAG(s) dict_keys(['example_short_circuit_operator']) retrieved from /home/airflow/sandbox/lib/python3.8/site-packages/airflow/example_dags/example_short_circuit_operator.py
[2021-11-28 06:40:44,620] {logging_mixin.py:104} INFO - [2021-11-28 06:40:44,620] {dag.py:1832} INFO - Sync 1 DAGs
[2021-11-28 06:40:44,650] {logging_mixin.py:104} INFO - [2021-11-28 06:40:44,650] {dag.py:2305} INFO - Setting next_dagrun for example_short_circuit_operator to 2021-11-26 00:00:00+00:00
[2021-11-28 06:40:44,692] {scheduler_job.py:190} INFO - Processing /home/airflow/sandbox/lib/python3.8/site-packages/airflow/example_dags/example_short_circuit_operator.py took 0.295 seconds
[2021-11-28 06:41:15,580] {scheduler_job.py:182} INFO - Started process (PID=41194) to work on /home/airflow/sandbox/lib/python3.8/site-packages/airflow/example_dags/example_short_circuit_operator.py
[2021-11-28 06:41:15,599] {scheduler_job.py:633} INFO - Processing file /home/airflow/sandbox/lib/python3.8/site-packages/airflow/example_dags/example_short_circuit_operator.py for tasks to queue
[2021-11-28 06:41:15,602] {logging_mixin.py:104} INFO - [2021-11-28 06:41:15,602] {dagbag.py:487} INFO - Filling up the DagBag from /home/airflow/sandbox/lib/python3.8/site-packages/airflow/example_dags/example_short_circuit_operator.py
[2021-11-28 06:41:15,691] {scheduler_job.py:643} INFO - DAG(s) dict_keys(['example_short_circuit_operator']) retrieved from /home/airflow/sandbox/lib/python3.8/site-packages/airflow/example_dags/example_short_circuit_operator.py
[2021-11-28 06:41:15,849] {logging_mixin.py:104} INFO - [2021-11-28 06:41:15,849] {dag.py:1832} INFO - Sync 1 DAGs
[2021-11-28 06:41:15,917] {logging_mixin.py:104} INFO - [2021-11-28 06:41:15,917] {dag.py:2305} INFO - Setting next_dagrun for example_short_circuit_operator to 2021-11-26 00:00:00+00:00
[2021-11-28 06:41:15,944] {scheduler_job.py:190} INFO - Processing /home/airflow/sandbox/lib/python3.8/site-packages/airflow/example_dags/example_short_circuit_operator.py took 0.395 seconds
[2021-11-28 06:41:48,468] {scheduler_job.py:182} INFO - Started process (PID=41375) to work on /home/airflow/sandbox/lib/python3.8/site-packages/airflow/example_dags/example_short_circuit_operator.py
[2021-11-28 06:41:48,476] {scheduler_job.py:633} INFO - Processing file /home/airflow/sandbox/lib/python3.8/site-packages/airflow/example_dags/example_short_circuit_operator.py for tasks to queue
[2021-11-28 06:41:48,477] {logging_mixin.py:104} INFO - [2021-11-28 06:41:48,477] {dagbag.py:487} INFO - Filling up the DagBag from /home/airflow/sandbox/lib/python3.8/site-packages/airflow/example_dags/example_short_circuit_operator.py
[2021-11-28 06:41:48,631] {scheduler_job.py:643} INFO - DAG(s) dict_keys(['example_short_circuit_operator']) retrieved from /home/airflow/sandbox/lib/python3.8/site-packages/airflow/example_dags/example_short_circuit_operator.py
[2021-11-28 06:41:48,950] {logging_mixin.py:104} INFO - [2021-11-28 06:41:48,950] {dag.py:1832} INFO - Sync 1 DAGs
[2021-11-28 06:41:49,215] {logging_mixin.py:104} INFO - [2021-11-28 06:41:49,215] {dag.py:2305} INFO - Setting next_dagrun for example_short_circuit_operator to 2021-11-26 00:00:00+00:00
[2021-11-28 06:41:49,389] {scheduler_job.py:190} INFO - Processing /home/airflow/sandbox/lib/python3.8/site-packages/airflow/example_dags/example_short_circuit_operator.py took 0.996 seconds
[2021-11-28 06:42:20,085] {scheduler_job.py:182} INFO - Started process (PID=41570) to work on /home/airflow/sandbox/lib/python3.8/site-packages/airflow/example_dags/example_short_circuit_operator.py
[2021-11-28 06:42:20,116] {scheduler_job.py:633} INFO - Processing file /home/airflow/sandbox/lib/python3.8/site-packages/airflow/example_dags/example_short_circuit_operator.py for tasks to queue
[2021-11-28 06:42:20,126] {logging_mixin.py:104} INFO - [2021-11-28 06:42:20,126] {dagbag.py:487} INFO - Filling up the DagBag from /home/airflow/sandbox/lib/python3.8/site-packages/airflow/example_dags/example_short_circuit_operator.py
[2021-11-28 06:42:20,225] {scheduler_job.py:643} INFO - DAG(s) dict_keys(['example_short_circuit_operator']) retrieved from /home/airflow/sandbox/lib/python3.8/site-packages/airflow/example_dags/example_short_circuit_operator.py
[2021-11-28 06:42:20,492] {logging_mixin.py:104} INFO - [2021-11-28 06:42:20,492] {dag.py:1832} INFO - Sync 1 DAGs
[2021-11-28 06:42:20,629] {logging_mixin.py:104} INFO - [2021-11-28 06:42:20,628] {dag.py:2305} INFO - Setting next_dagrun for example_short_circuit_operator to 2021-11-26 00:00:00+00:00
[2021-11-28 06:42:20,722] {scheduler_job.py:190} INFO - Processing /home/airflow/sandbox/lib/python3.8/site-packages/airflow/example_dags/example_short_circuit_operator.py took 0.699 seconds
[2021-11-28 06:42:52,476] {scheduler_job.py:182} INFO - Started process (PID=41875) to work on /home/airflow/sandbox/lib/python3.8/site-packages/airflow/example_dags/example_short_circuit_operator.py
[2021-11-28 06:42:52,488] {scheduler_job.py:633} INFO - Processing file /home/airflow/sandbox/lib/python3.8/site-packages/airflow/example_dags/example_short_circuit_operator.py for tasks to queue
[2021-11-28 06:42:52,489] {logging_mixin.py:104} INFO - [2021-11-28 06:42:52,489] {dagbag.py:487} INFO - Filling up the DagBag from /home/airflow/sandbox/lib/python3.8/site-packages/airflow/example_dags/example_short_circuit_operator.py
[2021-11-28 06:42:52,555] {scheduler_job.py:643} INFO - DAG(s) dict_keys(['example_short_circuit_operator']) retrieved from /home/airflow/sandbox/lib/python3.8/site-packages/airflow/example_dags/example_short_circuit_operator.py
[2021-11-28 06:42:52,841] {logging_mixin.py:104} INFO - [2021-11-28 06:42:52,841] {dag.py:1832} INFO - Sync 1 DAGs
[2021-11-28 06:42:52,960] {logging_mixin.py:104} INFO - [2021-11-28 06:42:52,960] {dag.py:2305} INFO - Setting next_dagrun for example_short_circuit_operator to 2021-11-26 00:00:00+00:00
[2021-11-28 06:42:53,024] {scheduler_job.py:190} INFO - Processing /home/airflow/sandbox/lib/python3.8/site-packages/airflow/example_dags/example_short_circuit_operator.py took 0.567 seconds
[2021-11-28 06:43:24,291] {scheduler_job.py:182} INFO - Started process (PID=42153) to work on /home/airflow/sandbox/lib/python3.8/site-packages/airflow/example_dags/example_short_circuit_operator.py
[2021-11-28 06:43:24,321] {scheduler_job.py:633} INFO - Processing file /home/airflow/sandbox/lib/python3.8/site-packages/airflow/example_dags/example_short_circuit_operator.py for tasks to queue
[2021-11-28 06:43:24,323] {logging_mixin.py:104} INFO - [2021-11-28 06:43:24,322] {dagbag.py:487} INFO - Filling up the DagBag from /home/airflow/sandbox/lib/python3.8/site-packages/airflow/example_dags/example_short_circuit_operator.py
[2021-11-28 06:43:24,638] {scheduler_job.py:643} INFO - DAG(s) dict_keys(['example_short_circuit_operator']) retrieved from /home/airflow/sandbox/lib/python3.8/site-packages/airflow/example_dags/example_short_circuit_operator.py
[2021-11-28 06:43:24,928] {logging_mixin.py:104} INFO - [2021-11-28 06:43:24,928] {dag.py:1832} INFO - Sync 1 DAGs
[2021-11-28 06:43:25,447] {logging_mixin.py:104} INFO - [2021-11-28 06:43:25,446] {dag.py:2305} INFO - Setting next_dagrun for example_short_circuit_operator to 2021-11-26 00:00:00+00:00
[2021-11-28 06:43:25,688] {scheduler_job.py:190} INFO - Processing /home/airflow/sandbox/lib/python3.8/site-packages/airflow/example_dags/example_short_circuit_operator.py took 1.432 seconds
[2021-11-28 06:43:57,264] {scheduler_job.py:182} INFO - Started process (PID=42339) to work on /home/airflow/sandbox/lib/python3.8/site-packages/airflow/example_dags/example_short_circuit_operator.py
[2021-11-28 06:43:57,277] {scheduler_job.py:633} INFO - Processing file /home/airflow/sandbox/lib/python3.8/site-packages/airflow/example_dags/example_short_circuit_operator.py for tasks to queue
[2021-11-28 06:43:57,302] {logging_mixin.py:104} INFO - [2021-11-28 06:43:57,279] {dagbag.py:487} INFO - Filling up the DagBag from /home/airflow/sandbox/lib/python3.8/site-packages/airflow/example_dags/example_short_circuit_operator.py
[2021-11-28 06:43:57,757] {scheduler_job.py:643} INFO - DAG(s) dict_keys(['example_short_circuit_operator']) retrieved from /home/airflow/sandbox/lib/python3.8/site-packages/airflow/example_dags/example_short_circuit_operator.py
[2021-11-28 06:43:58,180] {logging_mixin.py:104} INFO - [2021-11-28 06:43:58,179] {dag.py:1832} INFO - Sync 1 DAGs
[2021-11-28 06:43:58,456] {logging_mixin.py:104} INFO - [2021-11-28 06:43:58,456] {dag.py:2305} INFO - Setting next_dagrun for example_short_circuit_operator to 2021-11-26 00:00:00+00:00
[2021-11-28 06:43:58,639] {scheduler_job.py:190} INFO - Processing /home/airflow/sandbox/lib/python3.8/site-packages/airflow/example_dags/example_short_circuit_operator.py took 1.428 seconds
[2021-11-28 06:44:28,790] {scheduler_job.py:182} INFO - Started process (PID=42533) to work on /home/airflow/sandbox/lib/python3.8/site-packages/airflow/example_dags/example_short_circuit_operator.py
[2021-11-28 06:44:28,809] {scheduler_job.py:633} INFO - Processing file /home/airflow/sandbox/lib/python3.8/site-packages/airflow/example_dags/example_short_circuit_operator.py for tasks to queue
[2021-11-28 06:44:28,814] {logging_mixin.py:104} INFO - [2021-11-28 06:44:28,813] {dagbag.py:487} INFO - Filling up the DagBag from /home/airflow/sandbox/lib/python3.8/site-packages/airflow/example_dags/example_short_circuit_operator.py
[2021-11-28 06:44:28,886] {scheduler_job.py:643} INFO - DAG(s) dict_keys(['example_short_circuit_operator']) retrieved from /home/airflow/sandbox/lib/python3.8/site-packages/airflow/example_dags/example_short_circuit_operator.py
[2021-11-28 06:44:28,999] {logging_mixin.py:104} INFO - [2021-11-28 06:44:28,999] {dag.py:1832} INFO - Sync 1 DAGs
[2021-11-28 06:44:29,063] {logging_mixin.py:104} INFO - [2021-11-28 06:44:29,063] {dag.py:2305} INFO - Setting next_dagrun for example_short_circuit_operator to 2021-11-26 00:00:00+00:00
[2021-11-28 06:44:29,116] {scheduler_job.py:190} INFO - Processing /home/airflow/sandbox/lib/python3.8/site-packages/airflow/example_dags/example_short_circuit_operator.py took 0.354 seconds
[2021-11-28 06:45:04,493] {scheduler_job.py:182} INFO - Started process (PID=42734) to work on /home/airflow/sandbox/lib/python3.8/site-packages/airflow/example_dags/example_short_circuit_operator.py
[2021-11-28 06:45:04,517] {scheduler_job.py:633} INFO - Processing file /home/airflow/sandbox/lib/python3.8/site-packages/airflow/example_dags/example_short_circuit_operator.py for tasks to queue
[2021-11-28 06:45:04,632] {logging_mixin.py:104} INFO - [2021-11-28 06:45:04,631] {dagbag.py:487} INFO - Filling up the DagBag from /home/airflow/sandbox/lib/python3.8/site-packages/airflow/example_dags/example_short_circuit_operator.py
[2021-11-28 06:45:04,839] {scheduler_job.py:643} INFO - DAG(s) dict_keys(['example_short_circuit_operator']) retrieved from /home/airflow/sandbox/lib/python3.8/site-packages/airflow/example_dags/example_short_circuit_operator.py
[2021-11-28 06:45:05,314] {logging_mixin.py:104} INFO - [2021-11-28 06:45:05,313] {dag.py:1832} INFO - Sync 1 DAGs
[2021-11-28 06:45:05,676] {logging_mixin.py:104} INFO - [2021-11-28 06:45:05,675] {dag.py:2305} INFO - Setting next_dagrun for example_short_circuit_operator to 2021-11-26 00:00:00+00:00
[2021-11-28 06:45:05,875] {scheduler_job.py:190} INFO - Processing /home/airflow/sandbox/lib/python3.8/site-packages/airflow/example_dags/example_short_circuit_operator.py took 1.436 seconds
[2021-11-28 06:45:36,465] {scheduler_job.py:182} INFO - Started process (PID=42929) to work on /home/airflow/sandbox/lib/python3.8/site-packages/airflow/example_dags/example_short_circuit_operator.py
[2021-11-28 06:45:36,473] {scheduler_job.py:633} INFO - Processing file /home/airflow/sandbox/lib/python3.8/site-packages/airflow/example_dags/example_short_circuit_operator.py for tasks to queue
[2021-11-28 06:45:36,476] {logging_mixin.py:104} INFO - [2021-11-28 06:45:36,475] {dagbag.py:487} INFO - Filling up the DagBag from /home/airflow/sandbox/lib/python3.8/site-packages/airflow/example_dags/example_short_circuit_operator.py
[2021-11-28 06:45:36,768] {scheduler_job.py:643} INFO - DAG(s) dict_keys(['example_short_circuit_operator']) retrieved from /home/airflow/sandbox/lib/python3.8/site-packages/airflow/example_dags/example_short_circuit_operator.py
[2021-11-28 06:45:37,164] {logging_mixin.py:104} INFO - [2021-11-28 06:45:37,163] {dag.py:1832} INFO - Sync 1 DAGs
[2021-11-28 06:45:37,506] {logging_mixin.py:104} INFO - [2021-11-28 06:45:37,505] {dag.py:2305} INFO - Setting next_dagrun for example_short_circuit_operator to 2021-11-26 00:00:00+00:00
[2021-11-28 06:45:37,728] {scheduler_job.py:190} INFO - Processing /home/airflow/sandbox/lib/python3.8/site-packages/airflow/example_dags/example_short_circuit_operator.py took 1.329 seconds
[2021-11-28 06:46:08,179] {scheduler_job.py:182} INFO - Started process (PID=43123) to work on /home/airflow/sandbox/lib/python3.8/site-packages/airflow/example_dags/example_short_circuit_operator.py
[2021-11-28 06:46:08,236] {scheduler_job.py:633} INFO - Processing file /home/airflow/sandbox/lib/python3.8/site-packages/airflow/example_dags/example_short_circuit_operator.py for tasks to queue
[2021-11-28 06:46:08,324] {logging_mixin.py:104} INFO - [2021-11-28 06:46:08,323] {dagbag.py:487} INFO - Filling up the DagBag from /home/airflow/sandbox/lib/python3.8/site-packages/airflow/example_dags/example_short_circuit_operator.py
[2021-11-28 06:46:08,572] {scheduler_job.py:643} INFO - DAG(s) dict_keys(['example_short_circuit_operator']) retrieved from /home/airflow/sandbox/lib/python3.8/site-packages/airflow/example_dags/example_short_circuit_operator.py
[2021-11-28 06:46:08,794] {logging_mixin.py:104} INFO - [2021-11-28 06:46:08,794] {dag.py:1832} INFO - Sync 1 DAGs
[2021-11-28 06:46:08,907] {logging_mixin.py:104} INFO - [2021-11-28 06:46:08,907] {dag.py:2305} INFO - Setting next_dagrun for example_short_circuit_operator to 2021-11-26 00:00:00+00:00
[2021-11-28 06:46:09,051] {scheduler_job.py:190} INFO - Processing /home/airflow/sandbox/lib/python3.8/site-packages/airflow/example_dags/example_short_circuit_operator.py took 0.937 seconds
[2021-11-28 06:46:40,149] {scheduler_job.py:182} INFO - Started process (PID=43318) to work on /home/airflow/sandbox/lib/python3.8/site-packages/airflow/example_dags/example_short_circuit_operator.py
[2021-11-28 06:46:40,197] {scheduler_job.py:633} INFO - Processing file /home/airflow/sandbox/lib/python3.8/site-packages/airflow/example_dags/example_short_circuit_operator.py for tasks to queue
[2021-11-28 06:46:40,200] {logging_mixin.py:104} INFO - [2021-11-28 06:46:40,199] {dagbag.py:487} INFO - Filling up the DagBag from /home/airflow/sandbox/lib/python3.8/site-packages/airflow/example_dags/example_short_circuit_operator.py
[2021-11-28 06:46:40,552] {scheduler_job.py:643} INFO - DAG(s) dict_keys(['example_short_circuit_operator']) retrieved from /home/airflow/sandbox/lib/python3.8/site-packages/airflow/example_dags/example_short_circuit_operator.py
[2021-11-28 06:46:41,093] {logging_mixin.py:104} INFO - [2021-11-28 06:46:41,093] {dag.py:1832} INFO - Sync 1 DAGs
[2021-11-28 06:46:41,336] {logging_mixin.py:104} INFO - [2021-11-28 06:46:41,336] {dag.py:2305} INFO - Setting next_dagrun for example_short_circuit_operator to 2021-11-26 00:00:00+00:00
[2021-11-28 06:46:41,508] {scheduler_job.py:190} INFO - Processing /home/airflow/sandbox/lib/python3.8/site-packages/airflow/example_dags/example_short_circuit_operator.py took 1.400 seconds
[2021-11-28 06:47:12,405] {scheduler_job.py:182} INFO - Started process (PID=43527) to work on /home/airflow/sandbox/lib/python3.8/site-packages/airflow/example_dags/example_short_circuit_operator.py
[2021-11-28 06:47:12,445] {scheduler_job.py:633} INFO - Processing file /home/airflow/sandbox/lib/python3.8/site-packages/airflow/example_dags/example_short_circuit_operator.py for tasks to queue
[2021-11-28 06:47:12,475] {logging_mixin.py:104} INFO - [2021-11-28 06:47:12,474] {dagbag.py:487} INFO - Filling up the DagBag from /home/airflow/sandbox/lib/python3.8/site-packages/airflow/example_dags/example_short_circuit_operator.py
[2021-11-28 06:47:12,667] {scheduler_job.py:643} INFO - DAG(s) dict_keys(['example_short_circuit_operator']) retrieved from /home/airflow/sandbox/lib/python3.8/site-packages/airflow/example_dags/example_short_circuit_operator.py
[2021-11-28 06:47:12,876] {logging_mixin.py:104} INFO - [2021-11-28 06:47:12,876] {dag.py:1832} INFO - Sync 1 DAGs
[2021-11-28 06:47:12,990] {logging_mixin.py:104} INFO - [2021-11-28 06:47:12,989] {dag.py:2305} INFO - Setting next_dagrun for example_short_circuit_operator to 2021-11-26 00:00:00+00:00
[2021-11-28 06:47:13,034] {scheduler_job.py:190} INFO - Processing /home/airflow/sandbox/lib/python3.8/site-packages/airflow/example_dags/example_short_circuit_operator.py took 0.675 seconds
[2021-11-28 06:47:43,246] {scheduler_job.py:182} INFO - Started process (PID=43771) to work on /home/airflow/sandbox/lib/python3.8/site-packages/airflow/example_dags/example_short_circuit_operator.py
[2021-11-28 06:47:43,263] {scheduler_job.py:633} INFO - Processing file /home/airflow/sandbox/lib/python3.8/site-packages/airflow/example_dags/example_short_circuit_operator.py for tasks to queue
[2021-11-28 06:47:43,266] {logging_mixin.py:104} INFO - [2021-11-28 06:47:43,265] {dagbag.py:487} INFO - Filling up the DagBag from /home/airflow/sandbox/lib/python3.8/site-packages/airflow/example_dags/example_short_circuit_operator.py
[2021-11-28 06:47:43,447] {scheduler_job.py:643} INFO - DAG(s) dict_keys(['example_short_circuit_operator']) retrieved from /home/airflow/sandbox/lib/python3.8/site-packages/airflow/example_dags/example_short_circuit_operator.py
[2021-11-28 06:47:43,960] {logging_mixin.py:104} INFO - [2021-11-28 06:47:43,958] {dag.py:1832} INFO - Sync 1 DAGs
[2021-11-28 06:47:44,466] {logging_mixin.py:104} INFO - [2021-11-28 06:47:44,465] {dag.py:2305} INFO - Setting next_dagrun for example_short_circuit_operator to 2021-11-26 00:00:00+00:00
[2021-11-28 06:47:44,687] {scheduler_job.py:190} INFO - Processing /home/airflow/sandbox/lib/python3.8/site-packages/airflow/example_dags/example_short_circuit_operator.py took 1.469 seconds
[2021-11-28 06:48:16,287] {scheduler_job.py:182} INFO - Started process (PID=44165) to work on /home/airflow/sandbox/lib/python3.8/site-packages/airflow/example_dags/example_short_circuit_operator.py
[2021-11-28 06:48:16,310] {scheduler_job.py:633} INFO - Processing file /home/airflow/sandbox/lib/python3.8/site-packages/airflow/example_dags/example_short_circuit_operator.py for tasks to queue
[2021-11-28 06:48:16,314] {logging_mixin.py:104} INFO - [2021-11-28 06:48:16,314] {dagbag.py:487} INFO - Filling up the DagBag from /home/airflow/sandbox/lib/python3.8/site-packages/airflow/example_dags/example_short_circuit_operator.py
[2021-11-28 06:48:16,430] {scheduler_job.py:643} INFO - DAG(s) dict_keys(['example_short_circuit_operator']) retrieved from /home/airflow/sandbox/lib/python3.8/site-packages/airflow/example_dags/example_short_circuit_operator.py
[2021-11-28 06:48:16,568] {logging_mixin.py:104} INFO - [2021-11-28 06:48:16,568] {dag.py:1832} INFO - Sync 1 DAGs
[2021-11-28 06:48:16,614] {logging_mixin.py:104} INFO - [2021-11-28 06:48:16,614] {dag.py:2305} INFO - Setting next_dagrun for example_short_circuit_operator to 2021-11-26 00:00:00+00:00
[2021-11-28 06:48:16,656] {scheduler_job.py:190} INFO - Processing /home/airflow/sandbox/lib/python3.8/site-packages/airflow/example_dags/example_short_circuit_operator.py took 0.376 seconds
[2021-11-28 06:48:47,116] {scheduler_job.py:182} INFO - Started process (PID=44336) to work on /home/airflow/sandbox/lib/python3.8/site-packages/airflow/example_dags/example_short_circuit_operator.py
[2021-11-28 06:48:47,151] {scheduler_job.py:633} INFO - Processing file /home/airflow/sandbox/lib/python3.8/site-packages/airflow/example_dags/example_short_circuit_operator.py for tasks to queue
[2021-11-28 06:48:47,180] {logging_mixin.py:104} INFO - [2021-11-28 06:48:47,179] {dagbag.py:487} INFO - Filling up the DagBag from /home/airflow/sandbox/lib/python3.8/site-packages/airflow/example_dags/example_short_circuit_operator.py
[2021-11-28 06:48:47,443] {scheduler_job.py:643} INFO - DAG(s) dict_keys(['example_short_circuit_operator']) retrieved from /home/airflow/sandbox/lib/python3.8/site-packages/airflow/example_dags/example_short_circuit_operator.py
[2021-11-28 06:48:47,861] {logging_mixin.py:104} INFO - [2021-11-28 06:48:47,860] {dag.py:1832} INFO - Sync 1 DAGs
[2021-11-28 06:48:47,998] {logging_mixin.py:104} INFO - [2021-11-28 06:48:47,998] {dag.py:2305} INFO - Setting next_dagrun for example_short_circuit_operator to 2021-11-26 00:00:00+00:00
[2021-11-28 06:48:48,129] {scheduler_job.py:190} INFO - Processing /home/airflow/sandbox/lib/python3.8/site-packages/airflow/example_dags/example_short_circuit_operator.py took 1.064 seconds
[2021-11-28 06:49:18,384] {scheduler_job.py:182} INFO - Started process (PID=44536) to work on /home/airflow/sandbox/lib/python3.8/site-packages/airflow/example_dags/example_short_circuit_operator.py
[2021-11-28 06:49:18,413] {scheduler_job.py:633} INFO - Processing file /home/airflow/sandbox/lib/python3.8/site-packages/airflow/example_dags/example_short_circuit_operator.py for tasks to queue
[2021-11-28 06:49:18,419] {logging_mixin.py:104} INFO - [2021-11-28 06:49:18,418] {dagbag.py:487} INFO - Filling up the DagBag from /home/airflow/sandbox/lib/python3.8/site-packages/airflow/example_dags/example_short_circuit_operator.py
[2021-11-28 06:49:18,569] {scheduler_job.py:643} INFO - DAG(s) dict_keys(['example_short_circuit_operator']) retrieved from /home/airflow/sandbox/lib/python3.8/site-packages/airflow/example_dags/example_short_circuit_operator.py
[2021-11-28 06:49:18,728] {logging_mixin.py:104} INFO - [2021-11-28 06:49:18,728] {dag.py:1832} INFO - Sync 1 DAGs
[2021-11-28 06:49:18,815] {logging_mixin.py:104} INFO - [2021-11-28 06:49:18,815] {dag.py:2305} INFO - Setting next_dagrun for example_short_circuit_operator to 2021-11-26 00:00:00+00:00
[2021-11-28 06:49:18,876] {scheduler_job.py:190} INFO - Processing /home/airflow/sandbox/lib/python3.8/site-packages/airflow/example_dags/example_short_circuit_operator.py took 0.502 seconds
[2021-11-28 06:49:49,878] {scheduler_job.py:182} INFO - Started process (PID=44733) to work on /home/airflow/sandbox/lib/python3.8/site-packages/airflow/example_dags/example_short_circuit_operator.py
[2021-11-28 06:49:49,888] {scheduler_job.py:633} INFO - Processing file /home/airflow/sandbox/lib/python3.8/site-packages/airflow/example_dags/example_short_circuit_operator.py for tasks to queue
[2021-11-28 06:49:49,891] {logging_mixin.py:104} INFO - [2021-11-28 06:49:49,891] {dagbag.py:487} INFO - Filling up the DagBag from /home/airflow/sandbox/lib/python3.8/site-packages/airflow/example_dags/example_short_circuit_operator.py
[2021-11-28 06:49:49,955] {scheduler_job.py:643} INFO - DAG(s) dict_keys(['example_short_circuit_operator']) retrieved from /home/airflow/sandbox/lib/python3.8/site-packages/airflow/example_dags/example_short_circuit_operator.py
[2021-11-28 06:49:50,075] {logging_mixin.py:104} INFO - [2021-11-28 06:49:50,075] {dag.py:1832} INFO - Sync 1 DAGs
[2021-11-28 06:49:50,122] {logging_mixin.py:104} INFO - [2021-11-28 06:49:50,122] {dag.py:2305} INFO - Setting next_dagrun for example_short_circuit_operator to 2021-11-26 00:00:00+00:00
[2021-11-28 06:49:50,174] {scheduler_job.py:190} INFO - Processing /home/airflow/sandbox/lib/python3.8/site-packages/airflow/example_dags/example_short_circuit_operator.py took 0.305 seconds
[2021-11-28 06:50:20,366] {scheduler_job.py:182} INFO - Started process (PID=44920) to work on /home/airflow/sandbox/lib/python3.8/site-packages/airflow/example_dags/example_short_circuit_operator.py
[2021-11-28 06:50:20,384] {scheduler_job.py:633} INFO - Processing file /home/airflow/sandbox/lib/python3.8/site-packages/airflow/example_dags/example_short_circuit_operator.py for tasks to queue
[2021-11-28 06:50:20,388] {logging_mixin.py:104} INFO - [2021-11-28 06:50:20,387] {dagbag.py:487} INFO - Filling up the DagBag from /home/airflow/sandbox/lib/python3.8/site-packages/airflow/example_dags/example_short_circuit_operator.py
[2021-11-28 06:50:20,454] {scheduler_job.py:643} INFO - DAG(s) dict_keys(['example_short_circuit_operator']) retrieved from /home/airflow/sandbox/lib/python3.8/site-packages/airflow/example_dags/example_short_circuit_operator.py
[2021-11-28 06:50:20,577] {logging_mixin.py:104} INFO - [2021-11-28 06:50:20,577] {dag.py:1832} INFO - Sync 1 DAGs
[2021-11-28 06:50:20,657] {logging_mixin.py:104} INFO - [2021-11-28 06:50:20,657] {dag.py:2305} INFO - Setting next_dagrun for example_short_circuit_operator to 2021-11-26 00:00:00+00:00
[2021-11-28 06:50:20,725] {scheduler_job.py:190} INFO - Processing /home/airflow/sandbox/lib/python3.8/site-packages/airflow/example_dags/example_short_circuit_operator.py took 0.388 seconds
[2021-11-28 06:50:52,356] {scheduler_job.py:182} INFO - Started process (PID=45120) to work on /home/airflow/sandbox/lib/python3.8/site-packages/airflow/example_dags/example_short_circuit_operator.py
[2021-11-28 06:50:52,362] {scheduler_job.py:633} INFO - Processing file /home/airflow/sandbox/lib/python3.8/site-packages/airflow/example_dags/example_short_circuit_operator.py for tasks to queue
[2021-11-28 06:50:52,364] {logging_mixin.py:104} INFO - [2021-11-28 06:50:52,364] {dagbag.py:487} INFO - Filling up the DagBag from /home/airflow/sandbox/lib/python3.8/site-packages/airflow/example_dags/example_short_circuit_operator.py
[2021-11-28 06:50:52,538] {scheduler_job.py:643} INFO - DAG(s) dict_keys(['example_short_circuit_operator']) retrieved from /home/airflow/sandbox/lib/python3.8/site-packages/airflow/example_dags/example_short_circuit_operator.py
[2021-11-28 06:50:52,821] {logging_mixin.py:104} INFO - [2021-11-28 06:50:52,821] {dag.py:1832} INFO - Sync 1 DAGs
[2021-11-28 06:50:52,897] {logging_mixin.py:104} INFO - [2021-11-28 06:50:52,897] {dag.py:2305} INFO - Setting next_dagrun for example_short_circuit_operator to 2021-11-26 00:00:00+00:00
[2021-11-28 06:50:52,929] {scheduler_job.py:190} INFO - Processing /home/airflow/sandbox/lib/python3.8/site-packages/airflow/example_dags/example_short_circuit_operator.py took 0.596 seconds
[2021-11-28 06:51:23,273] {scheduler_job.py:182} INFO - Started process (PID=45314) to work on /home/airflow/sandbox/lib/python3.8/site-packages/airflow/example_dags/example_short_circuit_operator.py
[2021-11-28 06:51:23,280] {scheduler_job.py:633} INFO - Processing file /home/airflow/sandbox/lib/python3.8/site-packages/airflow/example_dags/example_short_circuit_operator.py for tasks to queue
[2021-11-28 06:51:23,291] {logging_mixin.py:104} INFO - [2021-11-28 06:51:23,291] {dagbag.py:487} INFO - Filling up the DagBag from /home/airflow/sandbox/lib/python3.8/site-packages/airflow/example_dags/example_short_circuit_operator.py
[2021-11-28 06:51:23,382] {scheduler_job.py:643} INFO - DAG(s) dict_keys(['example_short_circuit_operator']) retrieved from /home/airflow/sandbox/lib/python3.8/site-packages/airflow/example_dags/example_short_circuit_operator.py
[2021-11-28 06:51:23,550] {logging_mixin.py:104} INFO - [2021-11-28 06:51:23,550] {dag.py:1832} INFO - Sync 1 DAGs
[2021-11-28 06:51:23,636] {logging_mixin.py:104} INFO - [2021-11-28 06:51:23,636] {dag.py:2305} INFO - Setting next_dagrun for example_short_circuit_operator to 2021-11-26 00:00:00+00:00
[2021-11-28 06:51:23,679] {scheduler_job.py:190} INFO - Processing /home/airflow/sandbox/lib/python3.8/site-packages/airflow/example_dags/example_short_circuit_operator.py took 0.431 seconds
[2021-11-28 06:51:53,827] {scheduler_job.py:182} INFO - Started process (PID=45509) to work on /home/airflow/sandbox/lib/python3.8/site-packages/airflow/example_dags/example_short_circuit_operator.py
[2021-11-28 06:51:53,834] {scheduler_job.py:633} INFO - Processing file /home/airflow/sandbox/lib/python3.8/site-packages/airflow/example_dags/example_short_circuit_operator.py for tasks to queue
[2021-11-28 06:51:53,835] {logging_mixin.py:104} INFO - [2021-11-28 06:51:53,835] {dagbag.py:487} INFO - Filling up the DagBag from /home/airflow/sandbox/lib/python3.8/site-packages/airflow/example_dags/example_short_circuit_operator.py
[2021-11-28 06:51:53,908] {scheduler_job.py:643} INFO - DAG(s) dict_keys(['example_short_circuit_operator']) retrieved from /home/airflow/sandbox/lib/python3.8/site-packages/airflow/example_dags/example_short_circuit_operator.py
[2021-11-28 06:51:54,078] {logging_mixin.py:104} INFO - [2021-11-28 06:51:54,070] {dag.py:1832} INFO - Sync 1 DAGs
[2021-11-28 06:51:54,159] {logging_mixin.py:104} INFO - [2021-11-28 06:51:54,158] {dag.py:2305} INFO - Setting next_dagrun for example_short_circuit_operator to 2021-11-26 00:00:00+00:00
[2021-11-28 06:51:54,215] {scheduler_job.py:190} INFO - Processing /home/airflow/sandbox/lib/python3.8/site-packages/airflow/example_dags/example_short_circuit_operator.py took 0.430 seconds
[2021-11-28 06:52:25,894] {scheduler_job.py:182} INFO - Started process (PID=45709) to work on /home/airflow/sandbox/lib/python3.8/site-packages/airflow/example_dags/example_short_circuit_operator.py
[2021-11-28 06:52:25,939] {scheduler_job.py:633} INFO - Processing file /home/airflow/sandbox/lib/python3.8/site-packages/airflow/example_dags/example_short_circuit_operator.py for tasks to queue
[2021-11-28 06:52:25,942] {logging_mixin.py:104} INFO - [2021-11-28 06:52:25,942] {dagbag.py:487} INFO - Filling up the DagBag from /home/airflow/sandbox/lib/python3.8/site-packages/airflow/example_dags/example_short_circuit_operator.py
[2021-11-28 06:52:26,256] {scheduler_job.py:643} INFO - DAG(s) dict_keys(['example_short_circuit_operator']) retrieved from /home/airflow/sandbox/lib/python3.8/site-packages/airflow/example_dags/example_short_circuit_operator.py
[2021-11-28 06:52:26,700] {logging_mixin.py:104} INFO - [2021-11-28 06:52:26,700] {dag.py:1832} INFO - Sync 1 DAGs
[2021-11-28 06:52:27,029] {logging_mixin.py:104} INFO - [2021-11-28 06:52:27,029] {dag.py:2305} INFO - Setting next_dagrun for example_short_circuit_operator to 2021-11-26 00:00:00+00:00
[2021-11-28 06:52:27,202] {scheduler_job.py:190} INFO - Processing /home/airflow/sandbox/lib/python3.8/site-packages/airflow/example_dags/example_short_circuit_operator.py took 1.375 seconds
[2021-11-28 06:52:57,836] {scheduler_job.py:182} INFO - Started process (PID=46153) to work on /home/airflow/sandbox/lib/python3.8/site-packages/airflow/example_dags/example_short_circuit_operator.py
[2021-11-28 06:52:57,855] {scheduler_job.py:633} INFO - Processing file /home/airflow/sandbox/lib/python3.8/site-packages/airflow/example_dags/example_short_circuit_operator.py for tasks to queue
[2021-11-28 06:52:57,863] {logging_mixin.py:104} INFO - [2021-11-28 06:52:57,863] {dagbag.py:487} INFO - Filling up the DagBag from /home/airflow/sandbox/lib/python3.8/site-packages/airflow/example_dags/example_short_circuit_operator.py
[2021-11-28 06:52:57,929] {scheduler_job.py:643} INFO - DAG(s) dict_keys(['example_short_circuit_operator']) retrieved from /home/airflow/sandbox/lib/python3.8/site-packages/airflow/example_dags/example_short_circuit_operator.py
[2021-11-28 06:52:57,999] {logging_mixin.py:104} INFO - [2021-11-28 06:52:57,999] {dag.py:1832} INFO - Sync 1 DAGs
[2021-11-28 06:52:58,027] {logging_mixin.py:104} INFO - [2021-11-28 06:52:58,026] {dag.py:2305} INFO - Setting next_dagrun for example_short_circuit_operator to 2021-11-26 00:00:00+00:00
[2021-11-28 06:52:58,069] {scheduler_job.py:190} INFO - Processing /home/airflow/sandbox/lib/python3.8/site-packages/airflow/example_dags/example_short_circuit_operator.py took 0.239 seconds
[2021-11-28 06:53:28,443] {scheduler_job.py:182} INFO - Started process (PID=46348) to work on /home/airflow/sandbox/lib/python3.8/site-packages/airflow/example_dags/example_short_circuit_operator.py
[2021-11-28 06:53:28,450] {scheduler_job.py:633} INFO - Processing file /home/airflow/sandbox/lib/python3.8/site-packages/airflow/example_dags/example_short_circuit_operator.py for tasks to queue
[2021-11-28 06:53:28,451] {logging_mixin.py:104} INFO - [2021-11-28 06:53:28,450] {dagbag.py:487} INFO - Filling up the DagBag from /home/airflow/sandbox/lib/python3.8/site-packages/airflow/example_dags/example_short_circuit_operator.py
[2021-11-28 06:53:28,527] {scheduler_job.py:643} INFO - DAG(s) dict_keys(['example_short_circuit_operator']) retrieved from /home/airflow/sandbox/lib/python3.8/site-packages/airflow/example_dags/example_short_circuit_operator.py
[2021-11-28 06:53:28,727] {logging_mixin.py:104} INFO - [2021-11-28 06:53:28,727] {dag.py:1832} INFO - Sync 1 DAGs
[2021-11-28 06:53:28,843] {logging_mixin.py:104} INFO - [2021-11-28 06:53:28,843] {dag.py:2305} INFO - Setting next_dagrun for example_short_circuit_operator to 2021-11-26 00:00:00+00:00
[2021-11-28 06:53:28,905] {scheduler_job.py:190} INFO - Processing /home/airflow/sandbox/lib/python3.8/site-packages/airflow/example_dags/example_short_circuit_operator.py took 0.506 seconds
[2021-11-28 06:53:59,825] {scheduler_job.py:182} INFO - Started process (PID=46547) to work on /home/airflow/sandbox/lib/python3.8/site-packages/airflow/example_dags/example_short_circuit_operator.py
[2021-11-28 06:53:59,855] {scheduler_job.py:633} INFO - Processing file /home/airflow/sandbox/lib/python3.8/site-packages/airflow/example_dags/example_short_circuit_operator.py for tasks to queue
[2021-11-28 06:53:59,856] {logging_mixin.py:104} INFO - [2021-11-28 06:53:59,856] {dagbag.py:487} INFO - Filling up the DagBag from /home/airflow/sandbox/lib/python3.8/site-packages/airflow/example_dags/example_short_circuit_operator.py
[2021-11-28 06:53:59,941] {scheduler_job.py:643} INFO - DAG(s) dict_keys(['example_short_circuit_operator']) retrieved from /home/airflow/sandbox/lib/python3.8/site-packages/airflow/example_dags/example_short_circuit_operator.py
[2021-11-28 06:54:00,065] {logging_mixin.py:104} INFO - [2021-11-28 06:54:00,065] {dag.py:1832} INFO - Sync 1 DAGs
[2021-11-28 06:54:00,153] {logging_mixin.py:104} INFO - [2021-11-28 06:54:00,153] {dag.py:2305} INFO - Setting next_dagrun for example_short_circuit_operator to 2021-11-26 00:00:00+00:00
[2021-11-28 06:54:00,188] {scheduler_job.py:190} INFO - Processing /home/airflow/sandbox/lib/python3.8/site-packages/airflow/example_dags/example_short_circuit_operator.py took 0.381 seconds
[2021-11-28 06:54:31,022] {scheduler_job.py:182} INFO - Started process (PID=46744) to work on /home/airflow/sandbox/lib/python3.8/site-packages/airflow/example_dags/example_short_circuit_operator.py
[2021-11-28 06:54:31,039] {scheduler_job.py:633} INFO - Processing file /home/airflow/sandbox/lib/python3.8/site-packages/airflow/example_dags/example_short_circuit_operator.py for tasks to queue
[2021-11-28 06:54:31,061] {logging_mixin.py:104} INFO - [2021-11-28 06:54:31,061] {dagbag.py:487} INFO - Filling up the DagBag from /home/airflow/sandbox/lib/python3.8/site-packages/airflow/example_dags/example_short_circuit_operator.py
[2021-11-28 06:54:31,151] {scheduler_job.py:643} INFO - DAG(s) dict_keys(['example_short_circuit_operator']) retrieved from /home/airflow/sandbox/lib/python3.8/site-packages/airflow/example_dags/example_short_circuit_operator.py
[2021-11-28 06:54:31,467] {logging_mixin.py:104} INFO - [2021-11-28 06:54:31,467] {dag.py:1832} INFO - Sync 1 DAGs
[2021-11-28 06:54:31,621] {logging_mixin.py:104} INFO - [2021-11-28 06:54:31,621] {dag.py:2305} INFO - Setting next_dagrun for example_short_circuit_operator to 2021-11-26 00:00:00+00:00
[2021-11-28 06:54:31,815] {scheduler_job.py:190} INFO - Processing /home/airflow/sandbox/lib/python3.8/site-packages/airflow/example_dags/example_short_circuit_operator.py took 0.816 seconds
[2021-11-28 06:55:04,959] {scheduler_job.py:182} INFO - Started process (PID=46950) to work on /home/airflow/sandbox/lib/python3.8/site-packages/airflow/example_dags/example_short_circuit_operator.py
[2021-11-28 06:55:04,965] {scheduler_job.py:633} INFO - Processing file /home/airflow/sandbox/lib/python3.8/site-packages/airflow/example_dags/example_short_circuit_operator.py for tasks to queue
[2021-11-28 06:55:04,966] {logging_mixin.py:104} INFO - [2021-11-28 06:55:04,966] {dagbag.py:487} INFO - Filling up the DagBag from /home/airflow/sandbox/lib/python3.8/site-packages/airflow/example_dags/example_short_circuit_operator.py
[2021-11-28 06:55:05,039] {scheduler_job.py:643} INFO - DAG(s) dict_keys(['example_short_circuit_operator']) retrieved from /home/airflow/sandbox/lib/python3.8/site-packages/airflow/example_dags/example_short_circuit_operator.py
[2021-11-28 06:55:05,194] {logging_mixin.py:104} INFO - [2021-11-28 06:55:05,194] {dag.py:1832} INFO - Sync 1 DAGs
[2021-11-28 06:55:05,276] {logging_mixin.py:104} INFO - [2021-11-28 06:55:05,276] {dag.py:2305} INFO - Setting next_dagrun for example_short_circuit_operator to 2021-11-26 00:00:00+00:00
[2021-11-28 06:55:05,334] {scheduler_job.py:190} INFO - Processing /home/airflow/sandbox/lib/python3.8/site-packages/airflow/example_dags/example_short_circuit_operator.py took 0.401 seconds
[2021-11-28 06:55:35,843] {scheduler_job.py:182} INFO - Started process (PID=47146) to work on /home/airflow/sandbox/lib/python3.8/site-packages/airflow/example_dags/example_short_circuit_operator.py
[2021-11-28 06:55:35,861] {scheduler_job.py:633} INFO - Processing file /home/airflow/sandbox/lib/python3.8/site-packages/airflow/example_dags/example_short_circuit_operator.py for tasks to queue
[2021-11-28 06:55:35,868] {logging_mixin.py:104} INFO - [2021-11-28 06:55:35,868] {dagbag.py:487} INFO - Filling up the DagBag from /home/airflow/sandbox/lib/python3.8/site-packages/airflow/example_dags/example_short_circuit_operator.py
[2021-11-28 06:55:35,954] {scheduler_job.py:643} INFO - DAG(s) dict_keys(['example_short_circuit_operator']) retrieved from /home/airflow/sandbox/lib/python3.8/site-packages/airflow/example_dags/example_short_circuit_operator.py
[2021-11-28 06:55:36,114] {logging_mixin.py:104} INFO - [2021-11-28 06:55:36,114] {dag.py:1832} INFO - Sync 1 DAGs
[2021-11-28 06:55:36,231] {logging_mixin.py:104} INFO - [2021-11-28 06:55:36,231] {dag.py:2305} INFO - Setting next_dagrun for example_short_circuit_operator to 2021-11-26 00:00:00+00:00
[2021-11-28 06:55:36,303] {scheduler_job.py:190} INFO - Processing /home/airflow/sandbox/lib/python3.8/site-packages/airflow/example_dags/example_short_circuit_operator.py took 0.469 seconds
[2021-11-28 06:56:07,176] {scheduler_job.py:182} INFO - Started process (PID=47338) to work on /home/airflow/sandbox/lib/python3.8/site-packages/airflow/example_dags/example_short_circuit_operator.py
[2021-11-28 06:56:07,185] {scheduler_job.py:633} INFO - Processing file /home/airflow/sandbox/lib/python3.8/site-packages/airflow/example_dags/example_short_circuit_operator.py for tasks to queue
[2021-11-28 06:56:07,189] {logging_mixin.py:104} INFO - [2021-11-28 06:56:07,189] {dagbag.py:487} INFO - Filling up the DagBag from /home/airflow/sandbox/lib/python3.8/site-packages/airflow/example_dags/example_short_circuit_operator.py
[2021-11-28 06:56:07,311] {scheduler_job.py:643} INFO - DAG(s) dict_keys(['example_short_circuit_operator']) retrieved from /home/airflow/sandbox/lib/python3.8/site-packages/airflow/example_dags/example_short_circuit_operator.py
[2021-11-28 06:56:07,466] {logging_mixin.py:104} INFO - [2021-11-28 06:56:07,466] {dag.py:1832} INFO - Sync 1 DAGs
[2021-11-28 06:56:07,598] {logging_mixin.py:104} INFO - [2021-11-28 06:56:07,598] {dag.py:2305} INFO - Setting next_dagrun for example_short_circuit_operator to 2021-11-26 00:00:00+00:00
[2021-11-28 06:56:07,705] {scheduler_job.py:190} INFO - Processing /home/airflow/sandbox/lib/python3.8/site-packages/airflow/example_dags/example_short_circuit_operator.py took 0.562 seconds
[2021-11-28 06:56:38,218] {scheduler_job.py:182} INFO - Started process (PID=47537) to work on /home/airflow/sandbox/lib/python3.8/site-packages/airflow/example_dags/example_short_circuit_operator.py
[2021-11-28 06:56:38,222] {scheduler_job.py:633} INFO - Processing file /home/airflow/sandbox/lib/python3.8/site-packages/airflow/example_dags/example_short_circuit_operator.py for tasks to queue
[2021-11-28 06:56:38,223] {logging_mixin.py:104} INFO - [2021-11-28 06:56:38,223] {dagbag.py:487} INFO - Filling up the DagBag from /home/airflow/sandbox/lib/python3.8/site-packages/airflow/example_dags/example_short_circuit_operator.py
[2021-11-28 06:56:38,299] {scheduler_job.py:643} INFO - DAG(s) dict_keys(['example_short_circuit_operator']) retrieved from /home/airflow/sandbox/lib/python3.8/site-packages/airflow/example_dags/example_short_circuit_operator.py
[2021-11-28 06:56:38,506] {logging_mixin.py:104} INFO - [2021-11-28 06:56:38,506] {dag.py:1832} INFO - Sync 1 DAGs
[2021-11-28 06:56:38,605] {logging_mixin.py:104} INFO - [2021-11-28 06:56:38,604] {dag.py:2305} INFO - Setting next_dagrun for example_short_circuit_operator to 2021-11-26 00:00:00+00:00
[2021-11-28 06:56:38,722] {scheduler_job.py:190} INFO - Processing /home/airflow/sandbox/lib/python3.8/site-packages/airflow/example_dags/example_short_circuit_operator.py took 0.521 seconds
[2021-11-28 06:57:09,059] {scheduler_job.py:182} INFO - Started process (PID=47730) to work on /home/airflow/sandbox/lib/python3.8/site-packages/airflow/example_dags/example_short_circuit_operator.py
[2021-11-28 06:57:09,064] {scheduler_job.py:633} INFO - Processing file /home/airflow/sandbox/lib/python3.8/site-packages/airflow/example_dags/example_short_circuit_operator.py for tasks to queue
[2021-11-28 06:57:09,070] {logging_mixin.py:104} INFO - [2021-11-28 06:57:09,070] {dagbag.py:487} INFO - Filling up the DagBag from /home/airflow/sandbox/lib/python3.8/site-packages/airflow/example_dags/example_short_circuit_operator.py
[2021-11-28 06:57:09,153] {scheduler_job.py:643} INFO - DAG(s) dict_keys(['example_short_circuit_operator']) retrieved from /home/airflow/sandbox/lib/python3.8/site-packages/airflow/example_dags/example_short_circuit_operator.py
[2021-11-28 06:57:09,323] {logging_mixin.py:104} INFO - [2021-11-28 06:57:09,323] {dag.py:1832} INFO - Sync 1 DAGs
[2021-11-28 06:57:09,435] {logging_mixin.py:104} INFO - [2021-11-28 06:57:09,435] {dag.py:2305} INFO - Setting next_dagrun for example_short_circuit_operator to 2021-11-26 00:00:00+00:00
[2021-11-28 06:57:09,515] {scheduler_job.py:190} INFO - Processing /home/airflow/sandbox/lib/python3.8/site-packages/airflow/example_dags/example_short_circuit_operator.py took 0.488 seconds
[2021-11-28 06:57:40,083] {scheduler_job.py:182} INFO - Started process (PID=47925) to work on /home/airflow/sandbox/lib/python3.8/site-packages/airflow/example_dags/example_short_circuit_operator.py
[2021-11-28 06:57:40,100] {scheduler_job.py:633} INFO - Processing file /home/airflow/sandbox/lib/python3.8/site-packages/airflow/example_dags/example_short_circuit_operator.py for tasks to queue
[2021-11-28 06:57:40,114] {logging_mixin.py:104} INFO - [2021-11-28 06:57:40,111] {dagbag.py:487} INFO - Filling up the DagBag from /home/airflow/sandbox/lib/python3.8/site-packages/airflow/example_dags/example_short_circuit_operator.py
[2021-11-28 06:57:40,164] {scheduler_job.py:643} INFO - DAG(s) dict_keys(['example_short_circuit_operator']) retrieved from /home/airflow/sandbox/lib/python3.8/site-packages/airflow/example_dags/example_short_circuit_operator.py
[2021-11-28 06:57:40,268] {logging_mixin.py:104} INFO - [2021-11-28 06:57:40,267] {dag.py:1832} INFO - Sync 1 DAGs
[2021-11-28 06:57:40,306] {logging_mixin.py:104} INFO - [2021-11-28 06:57:40,306] {dag.py:2305} INFO - Setting next_dagrun for example_short_circuit_operator to 2021-11-26 00:00:00+00:00
[2021-11-28 06:57:40,344] {scheduler_job.py:190} INFO - Processing /home/airflow/sandbox/lib/python3.8/site-packages/airflow/example_dags/example_short_circuit_operator.py took 0.284 seconds
[2021-11-28 06:58:11,374] {scheduler_job.py:182} INFO - Started process (PID=48367) to work on /home/airflow/sandbox/lib/python3.8/site-packages/airflow/example_dags/example_short_circuit_operator.py
[2021-11-28 06:58:11,382] {scheduler_job.py:633} INFO - Processing file /home/airflow/sandbox/lib/python3.8/site-packages/airflow/example_dags/example_short_circuit_operator.py for tasks to queue
[2021-11-28 06:58:11,398] {logging_mixin.py:104} INFO - [2021-11-28 06:58:11,397] {dagbag.py:487} INFO - Filling up the DagBag from /home/airflow/sandbox/lib/python3.8/site-packages/airflow/example_dags/example_short_circuit_operator.py
[2021-11-28 06:58:11,452] {scheduler_job.py:643} INFO - DAG(s) dict_keys(['example_short_circuit_operator']) retrieved from /home/airflow/sandbox/lib/python3.8/site-packages/airflow/example_dags/example_short_circuit_operator.py
[2021-11-28 06:58:11,536] {logging_mixin.py:104} INFO - [2021-11-28 06:58:11,535] {dag.py:1832} INFO - Sync 1 DAGs
[2021-11-28 06:58:11,571] {logging_mixin.py:104} INFO - [2021-11-28 06:58:11,571] {dag.py:2305} INFO - Setting next_dagrun for example_short_circuit_operator to 2021-11-26 00:00:00+00:00
[2021-11-28 06:58:11,623] {scheduler_job.py:190} INFO - Processing /home/airflow/sandbox/lib/python3.8/site-packages/airflow/example_dags/example_short_circuit_operator.py took 0.271 seconds
[2021-11-28 06:58:42,353] {scheduler_job.py:182} INFO - Started process (PID=48548) to work on /home/airflow/sandbox/lib/python3.8/site-packages/airflow/example_dags/example_short_circuit_operator.py
[2021-11-28 06:58:42,386] {scheduler_job.py:633} INFO - Processing file /home/airflow/sandbox/lib/python3.8/site-packages/airflow/example_dags/example_short_circuit_operator.py for tasks to queue
[2021-11-28 06:58:42,424] {logging_mixin.py:104} INFO - [2021-11-28 06:58:42,424] {dagbag.py:487} INFO - Filling up the DagBag from /home/airflow/sandbox/lib/python3.8/site-packages/airflow/example_dags/example_short_circuit_operator.py
[2021-11-28 06:58:42,607] {scheduler_job.py:643} INFO - DAG(s) dict_keys(['example_short_circuit_operator']) retrieved from /home/airflow/sandbox/lib/python3.8/site-packages/airflow/example_dags/example_short_circuit_operator.py
[2021-11-28 06:58:42,878] {logging_mixin.py:104} INFO - [2021-11-28 06:58:42,878] {dag.py:1832} INFO - Sync 1 DAGs
[2021-11-28 06:58:43,058] {logging_mixin.py:104} INFO - [2021-11-28 06:58:43,058] {dag.py:2305} INFO - Setting next_dagrun for example_short_circuit_operator to 2021-11-26 00:00:00+00:00
[2021-11-28 06:58:43,148] {scheduler_job.py:190} INFO - Processing /home/airflow/sandbox/lib/python3.8/site-packages/airflow/example_dags/example_short_circuit_operator.py took 0.839 seconds
[2021-11-28 06:59:14,289] {scheduler_job.py:182} INFO - Started process (PID=48748) to work on /home/airflow/sandbox/lib/python3.8/site-packages/airflow/example_dags/example_short_circuit_operator.py
[2021-11-28 06:59:14,299] {scheduler_job.py:633} INFO - Processing file /home/airflow/sandbox/lib/python3.8/site-packages/airflow/example_dags/example_short_circuit_operator.py for tasks to queue
[2021-11-28 06:59:14,303] {logging_mixin.py:104} INFO - [2021-11-28 06:59:14,302] {dagbag.py:487} INFO - Filling up the DagBag from /home/airflow/sandbox/lib/python3.8/site-packages/airflow/example_dags/example_short_circuit_operator.py
[2021-11-28 06:59:14,376] {scheduler_job.py:643} INFO - DAG(s) dict_keys(['example_short_circuit_operator']) retrieved from /home/airflow/sandbox/lib/python3.8/site-packages/airflow/example_dags/example_short_circuit_operator.py
[2021-11-28 06:59:14,728] {logging_mixin.py:104} INFO - [2021-11-28 06:59:14,728] {dag.py:1832} INFO - Sync 1 DAGs
[2021-11-28 06:59:14,826] {logging_mixin.py:104} INFO - [2021-11-28 06:59:14,826] {dag.py:2305} INFO - Setting next_dagrun for example_short_circuit_operator to 2021-11-26 00:00:00+00:00
[2021-11-28 06:59:14,892] {scheduler_job.py:190} INFO - Processing /home/airflow/sandbox/lib/python3.8/site-packages/airflow/example_dags/example_short_circuit_operator.py took 0.615 seconds
[2021-11-28 06:59:45,463] {scheduler_job.py:182} INFO - Started process (PID=48944) to work on /home/airflow/sandbox/lib/python3.8/site-packages/airflow/example_dags/example_short_circuit_operator.py
[2021-11-28 06:59:45,474] {scheduler_job.py:633} INFO - Processing file /home/airflow/sandbox/lib/python3.8/site-packages/airflow/example_dags/example_short_circuit_operator.py for tasks to queue
[2021-11-28 06:59:45,476] {logging_mixin.py:104} INFO - [2021-11-28 06:59:45,475] {dagbag.py:487} INFO - Filling up the DagBag from /home/airflow/sandbox/lib/python3.8/site-packages/airflow/example_dags/example_short_circuit_operator.py
[2021-11-28 06:59:45,577] {scheduler_job.py:643} INFO - DAG(s) dict_keys(['example_short_circuit_operator']) retrieved from /home/airflow/sandbox/lib/python3.8/site-packages/airflow/example_dags/example_short_circuit_operator.py
[2021-11-28 06:59:45,769] {logging_mixin.py:104} INFO - [2021-11-28 06:59:45,769] {dag.py:1832} INFO - Sync 1 DAGs
[2021-11-28 06:59:45,845] {logging_mixin.py:104} INFO - [2021-11-28 06:59:45,833] {dag.py:2305} INFO - Setting next_dagrun for example_short_circuit_operator to 2021-11-26 00:00:00+00:00
[2021-11-28 06:59:45,903] {scheduler_job.py:190} INFO - Processing /home/airflow/sandbox/lib/python3.8/site-packages/airflow/example_dags/example_short_circuit_operator.py took 0.455 seconds
[2021-11-28 07:00:16,603] {scheduler_job.py:182} INFO - Started process (PID=49132) to work on /home/airflow/sandbox/lib/python3.8/site-packages/airflow/example_dags/example_short_circuit_operator.py
[2021-11-28 07:00:16,633] {scheduler_job.py:633} INFO - Processing file /home/airflow/sandbox/lib/python3.8/site-packages/airflow/example_dags/example_short_circuit_operator.py for tasks to queue
[2021-11-28 07:00:16,635] {logging_mixin.py:104} INFO - [2021-11-28 07:00:16,635] {dagbag.py:487} INFO - Filling up the DagBag from /home/airflow/sandbox/lib/python3.8/site-packages/airflow/example_dags/example_short_circuit_operator.py
[2021-11-28 07:00:16,943] {scheduler_job.py:643} INFO - DAG(s) dict_keys(['example_short_circuit_operator']) retrieved from /home/airflow/sandbox/lib/python3.8/site-packages/airflow/example_dags/example_short_circuit_operator.py
[2021-11-28 07:00:17,284] {logging_mixin.py:104} INFO - [2021-11-28 07:00:17,284] {dag.py:1832} INFO - Sync 1 DAGs
[2021-11-28 07:00:17,495] {logging_mixin.py:104} INFO - [2021-11-28 07:00:17,494] {dag.py:2305} INFO - Setting next_dagrun for example_short_circuit_operator to 2021-11-26 00:00:00+00:00
[2021-11-28 07:00:17,731] {scheduler_job.py:190} INFO - Processing /home/airflow/sandbox/lib/python3.8/site-packages/airflow/example_dags/example_short_circuit_operator.py took 1.199 seconds
[2021-11-28 07:00:49,092] {scheduler_job.py:182} INFO - Started process (PID=49299) to work on /home/airflow/sandbox/lib/python3.8/site-packages/airflow/example_dags/example_short_circuit_operator.py
[2021-11-28 07:00:49,108] {scheduler_job.py:633} INFO - Processing file /home/airflow/sandbox/lib/python3.8/site-packages/airflow/example_dags/example_short_circuit_operator.py for tasks to queue
[2021-11-28 07:00:49,118] {logging_mixin.py:104} INFO - [2021-11-28 07:00:49,118] {dagbag.py:487} INFO - Filling up the DagBag from /home/airflow/sandbox/lib/python3.8/site-packages/airflow/example_dags/example_short_circuit_operator.py
[2021-11-28 07:00:49,206] {scheduler_job.py:643} INFO - DAG(s) dict_keys(['example_short_circuit_operator']) retrieved from /home/airflow/sandbox/lib/python3.8/site-packages/airflow/example_dags/example_short_circuit_operator.py
[2021-11-28 07:00:49,318] {logging_mixin.py:104} INFO - [2021-11-28 07:00:49,317] {dag.py:1832} INFO - Sync 1 DAGs
[2021-11-28 07:00:49,359] {logging_mixin.py:104} INFO - [2021-11-28 07:00:49,359] {dag.py:2305} INFO - Setting next_dagrun for example_short_circuit_operator to 2021-11-26 00:00:00+00:00
[2021-11-28 07:00:49,435] {scheduler_job.py:190} INFO - Processing /home/airflow/sandbox/lib/python3.8/site-packages/airflow/example_dags/example_short_circuit_operator.py took 0.364 seconds
