[2021-11-28 06:22:54,201] {scheduler_job.py:182} INFO - Started process (PID=31049) to work on /home/airflow/sandbox/lib/python3.8/site-packages/airflow/example_dags/example_branch_operator.py
[2021-11-28 06:22:54,219] {scheduler_job.py:633} INFO - Processing file /home/airflow/sandbox/lib/python3.8/site-packages/airflow/example_dags/example_branch_operator.py for tasks to queue
[2021-11-28 06:22:54,227] {logging_mixin.py:104} INFO - [2021-11-28 06:22:54,227] {dagbag.py:487} INFO - Filling up the DagBag from /home/airflow/sandbox/lib/python3.8/site-packages/airflow/example_dags/example_branch_operator.py
[2021-11-28 06:22:54,326] {scheduler_job.py:643} INFO - DAG(s) dict_keys(['example_branch_operator']) retrieved from /home/airflow/sandbox/lib/python3.8/site-packages/airflow/example_dags/example_branch_operator.py
[2021-11-28 06:22:54,586] {logging_mixin.py:104} INFO - [2021-11-28 06:22:54,586] {dag.py:1832} INFO - Sync 1 DAGs
[2021-11-28 06:22:54,697] {logging_mixin.py:104} INFO - [2021-11-28 06:22:54,697] {dag.py:2305} INFO - Setting next_dagrun for example_branch_operator to 2021-11-26 00:00:00+00:00
[2021-11-28 06:22:54,790] {scheduler_job.py:190} INFO - Processing /home/airflow/sandbox/lib/python3.8/site-packages/airflow/example_dags/example_branch_operator.py took 0.610 seconds
[2021-11-28 06:23:42,019] {scheduler_job.py:182} INFO - Started process (PID=31368) to work on /home/airflow/sandbox/lib/python3.8/site-packages/airflow/example_dags/example_branch_operator.py
[2021-11-28 06:23:42,093] {scheduler_job.py:633} INFO - Processing file /home/airflow/sandbox/lib/python3.8/site-packages/airflow/example_dags/example_branch_operator.py for tasks to queue
[2021-11-28 06:23:42,127] {logging_mixin.py:104} INFO - [2021-11-28 06:23:42,127] {dagbag.py:487} INFO - Filling up the DagBag from /home/airflow/sandbox/lib/python3.8/site-packages/airflow/example_dags/example_branch_operator.py
[2021-11-28 06:23:42,415] {scheduler_job.py:643} INFO - DAG(s) dict_keys(['example_branch_operator']) retrieved from /home/airflow/sandbox/lib/python3.8/site-packages/airflow/example_dags/example_branch_operator.py
[2021-11-28 06:23:42,746] {logging_mixin.py:104} INFO - [2021-11-28 06:23:42,745] {dag.py:1832} INFO - Sync 1 DAGs
[2021-11-28 06:23:43,019] {logging_mixin.py:104} INFO - [2021-11-28 06:23:43,018] {dag.py:2305} INFO - Setting next_dagrun for example_branch_operator to 2021-11-26 00:00:00+00:00
[2021-11-28 06:23:43,239] {scheduler_job.py:190} INFO - Processing /home/airflow/sandbox/lib/python3.8/site-packages/airflow/example_dags/example_branch_operator.py took 1.297 seconds
[2021-11-28 06:24:29,254] {scheduler_job.py:182} INFO - Started process (PID=31614) to work on /home/airflow/sandbox/lib/python3.8/site-packages/airflow/example_dags/example_branch_operator.py
[2021-11-28 06:24:29,271] {scheduler_job.py:633} INFO - Processing file /home/airflow/sandbox/lib/python3.8/site-packages/airflow/example_dags/example_branch_operator.py for tasks to queue
[2021-11-28 06:24:29,297] {logging_mixin.py:104} INFO - [2021-11-28 06:24:29,297] {dagbag.py:487} INFO - Filling up the DagBag from /home/airflow/sandbox/lib/python3.8/site-packages/airflow/example_dags/example_branch_operator.py
[2021-11-28 06:24:29,564] {scheduler_job.py:643} INFO - DAG(s) dict_keys(['example_branch_operator']) retrieved from /home/airflow/sandbox/lib/python3.8/site-packages/airflow/example_dags/example_branch_operator.py
[2021-11-28 06:24:30,050] {logging_mixin.py:104} INFO - [2021-11-28 06:24:30,050] {dag.py:1832} INFO - Sync 1 DAGs
[2021-11-28 06:24:30,356] {logging_mixin.py:104} INFO - [2021-11-28 06:24:30,355] {dag.py:2305} INFO - Setting next_dagrun for example_branch_operator to 2021-11-26 00:00:00+00:00
[2021-11-28 06:24:30,632] {scheduler_job.py:190} INFO - Processing /home/airflow/sandbox/lib/python3.8/site-packages/airflow/example_dags/example_branch_operator.py took 1.464 seconds
[2021-11-28 06:25:01,500] {scheduler_job.py:182} INFO - Started process (PID=31884) to work on /home/airflow/sandbox/lib/python3.8/site-packages/airflow/example_dags/example_branch_operator.py
[2021-11-28 06:25:01,519] {scheduler_job.py:633} INFO - Processing file /home/airflow/sandbox/lib/python3.8/site-packages/airflow/example_dags/example_branch_operator.py for tasks to queue
[2021-11-28 06:25:01,522] {logging_mixin.py:104} INFO - [2021-11-28 06:25:01,521] {dagbag.py:487} INFO - Filling up the DagBag from /home/airflow/sandbox/lib/python3.8/site-packages/airflow/example_dags/example_branch_operator.py
[2021-11-28 06:25:01,766] {scheduler_job.py:643} INFO - DAG(s) dict_keys(['example_branch_operator']) retrieved from /home/airflow/sandbox/lib/python3.8/site-packages/airflow/example_dags/example_branch_operator.py
[2021-11-28 06:25:02,100] {logging_mixin.py:104} INFO - [2021-11-28 06:25:02,100] {dag.py:1832} INFO - Sync 1 DAGs
[2021-11-28 06:25:02,285] {logging_mixin.py:104} INFO - [2021-11-28 06:25:02,284] {dag.py:2305} INFO - Setting next_dagrun for example_branch_operator to 2021-11-26 00:00:00+00:00
[2021-11-28 06:25:02,657] {scheduler_job.py:190} INFO - Processing /home/airflow/sandbox/lib/python3.8/site-packages/airflow/example_dags/example_branch_operator.py took 1.194 seconds
[2021-11-28 06:25:33,828] {scheduler_job.py:182} INFO - Started process (PID=32274) to work on /home/airflow/sandbox/lib/python3.8/site-packages/airflow/example_dags/example_branch_operator.py
[2021-11-28 06:25:33,840] {scheduler_job.py:633} INFO - Processing file /home/airflow/sandbox/lib/python3.8/site-packages/airflow/example_dags/example_branch_operator.py for tasks to queue
[2021-11-28 06:25:33,845] {logging_mixin.py:104} INFO - [2021-11-28 06:25:33,845] {dagbag.py:487} INFO - Filling up the DagBag from /home/airflow/sandbox/lib/python3.8/site-packages/airflow/example_dags/example_branch_operator.py
[2021-11-28 06:25:33,881] {scheduler_job.py:643} INFO - DAG(s) dict_keys(['example_branch_operator']) retrieved from /home/airflow/sandbox/lib/python3.8/site-packages/airflow/example_dags/example_branch_operator.py
[2021-11-28 06:25:33,952] {logging_mixin.py:104} INFO - [2021-11-28 06:25:33,951] {dag.py:1832} INFO - Sync 1 DAGs
[2021-11-28 06:25:33,993] {logging_mixin.py:104} INFO - [2021-11-28 06:25:33,992] {dag.py:2305} INFO - Setting next_dagrun for example_branch_operator to 2021-11-26 00:00:00+00:00
[2021-11-28 06:25:34,035] {scheduler_job.py:190} INFO - Processing /home/airflow/sandbox/lib/python3.8/site-packages/airflow/example_dags/example_branch_operator.py took 0.220 seconds
[2021-11-28 06:26:04,469] {scheduler_job.py:182} INFO - Started process (PID=32509) to work on /home/airflow/sandbox/lib/python3.8/site-packages/airflow/example_dags/example_branch_operator.py
[2021-11-28 06:26:04,519] {scheduler_job.py:633} INFO - Processing file /home/airflow/sandbox/lib/python3.8/site-packages/airflow/example_dags/example_branch_operator.py for tasks to queue
[2021-11-28 06:26:04,524] {logging_mixin.py:104} INFO - [2021-11-28 06:26:04,524] {dagbag.py:487} INFO - Filling up the DagBag from /home/airflow/sandbox/lib/python3.8/site-packages/airflow/example_dags/example_branch_operator.py
[2021-11-28 06:26:04,788] {scheduler_job.py:643} INFO - DAG(s) dict_keys(['example_branch_operator']) retrieved from /home/airflow/sandbox/lib/python3.8/site-packages/airflow/example_dags/example_branch_operator.py
[2021-11-28 06:26:04,914] {logging_mixin.py:104} INFO - [2021-11-28 06:26:04,914] {dag.py:1832} INFO - Sync 1 DAGs
[2021-11-28 06:26:05,087] {logging_mixin.py:104} INFO - [2021-11-28 06:26:05,087] {dag.py:2305} INFO - Setting next_dagrun for example_branch_operator to 2021-11-26 00:00:00+00:00
[2021-11-28 06:26:05,164] {scheduler_job.py:190} INFO - Processing /home/airflow/sandbox/lib/python3.8/site-packages/airflow/example_dags/example_branch_operator.py took 0.709 seconds
[2021-11-28 06:26:41,129] {scheduler_job.py:182} INFO - Started process (PID=32742) to work on /home/airflow/sandbox/lib/python3.8/site-packages/airflow/example_dags/example_branch_operator.py
[2021-11-28 06:26:41,134] {scheduler_job.py:633} INFO - Processing file /home/airflow/sandbox/lib/python3.8/site-packages/airflow/example_dags/example_branch_operator.py for tasks to queue
[2021-11-28 06:26:41,135] {logging_mixin.py:104} INFO - [2021-11-28 06:26:41,135] {dagbag.py:487} INFO - Filling up the DagBag from /home/airflow/sandbox/lib/python3.8/site-packages/airflow/example_dags/example_branch_operator.py
[2021-11-28 06:26:41,231] {scheduler_job.py:643} INFO - DAG(s) dict_keys(['example_branch_operator']) retrieved from /home/airflow/sandbox/lib/python3.8/site-packages/airflow/example_dags/example_branch_operator.py
[2021-11-28 06:26:41,432] {logging_mixin.py:104} INFO - [2021-11-28 06:26:41,432] {dag.py:1832} INFO - Sync 1 DAGs
[2021-11-28 06:26:41,623] {logging_mixin.py:104} INFO - [2021-11-28 06:26:41,623] {dag.py:2305} INFO - Setting next_dagrun for example_branch_operator to 2021-11-26 00:00:00+00:00
[2021-11-28 06:26:41,693] {scheduler_job.py:190} INFO - Processing /home/airflow/sandbox/lib/python3.8/site-packages/airflow/example_dags/example_branch_operator.py took 0.639 seconds
[2021-11-28 06:27:31,406] {scheduler_job.py:182} INFO - Started process (PID=33737) to work on /home/airflow/sandbox/lib/python3.8/site-packages/airflow/example_dags/example_branch_operator.py
[2021-11-28 06:27:31,411] {scheduler_job.py:633} INFO - Processing file /home/airflow/sandbox/lib/python3.8/site-packages/airflow/example_dags/example_branch_operator.py for tasks to queue
[2021-11-28 06:27:31,413] {logging_mixin.py:104} INFO - [2021-11-28 06:27:31,413] {dagbag.py:487} INFO - Filling up the DagBag from /home/airflow/sandbox/lib/python3.8/site-packages/airflow/example_dags/example_branch_operator.py
[2021-11-28 06:27:32,089] {scheduler_job.py:643} INFO - DAG(s) dict_keys(['example_branch_operator']) retrieved from /home/airflow/sandbox/lib/python3.8/site-packages/airflow/example_dags/example_branch_operator.py
[2021-11-28 06:27:33,041] {logging_mixin.py:104} INFO - [2021-11-28 06:27:33,040] {dag.py:1832} INFO - Sync 1 DAGs
[2021-11-28 06:27:33,460] {logging_mixin.py:104} INFO - [2021-11-28 06:27:33,459] {dag.py:2305} INFO - Setting next_dagrun for example_branch_operator to 2021-11-26 00:00:00+00:00
[2021-11-28 06:27:33,788] {scheduler_job.py:190} INFO - Processing /home/airflow/sandbox/lib/python3.8/site-packages/airflow/example_dags/example_branch_operator.py took 2.470 seconds
[2021-11-28 06:28:30,511] {scheduler_job.py:182} INFO - Started process (PID=35993) to work on /home/airflow/sandbox/lib/python3.8/site-packages/airflow/example_dags/example_branch_operator.py
[2021-11-28 06:28:30,514] {scheduler_job.py:633} INFO - Processing file /home/airflow/sandbox/lib/python3.8/site-packages/airflow/example_dags/example_branch_operator.py for tasks to queue
[2021-11-28 06:28:30,518] {logging_mixin.py:104} INFO - [2021-11-28 06:28:30,517] {dagbag.py:487} INFO - Filling up the DagBag from /home/airflow/sandbox/lib/python3.8/site-packages/airflow/example_dags/example_branch_operator.py
[2021-11-28 06:28:30,604] {scheduler_job.py:643} INFO - DAG(s) dict_keys(['example_branch_operator']) retrieved from /home/airflow/sandbox/lib/python3.8/site-packages/airflow/example_dags/example_branch_operator.py
[2021-11-28 06:28:30,860] {logging_mixin.py:104} INFO - [2021-11-28 06:28:30,860] {dag.py:1832} INFO - Sync 1 DAGs
[2021-11-28 06:28:31,061] {logging_mixin.py:104} INFO - [2021-11-28 06:28:31,060] {dag.py:2305} INFO - Setting next_dagrun for example_branch_operator to 2021-11-26 00:00:00+00:00
[2021-11-28 06:28:31,195] {scheduler_job.py:190} INFO - Processing /home/airflow/sandbox/lib/python3.8/site-packages/airflow/example_dags/example_branch_operator.py took 0.713 seconds
[2021-11-28 06:29:02,103] {scheduler_job.py:182} INFO - Started process (PID=36192) to work on /home/airflow/sandbox/lib/python3.8/site-packages/airflow/example_dags/example_branch_operator.py
[2021-11-28 06:29:02,148] {scheduler_job.py:633} INFO - Processing file /home/airflow/sandbox/lib/python3.8/site-packages/airflow/example_dags/example_branch_operator.py for tasks to queue
[2021-11-28 06:29:02,161] {logging_mixin.py:104} INFO - [2021-11-28 06:29:02,161] {dagbag.py:487} INFO - Filling up the DagBag from /home/airflow/sandbox/lib/python3.8/site-packages/airflow/example_dags/example_branch_operator.py
[2021-11-28 06:29:02,310] {scheduler_job.py:643} INFO - DAG(s) dict_keys(['example_branch_operator']) retrieved from /home/airflow/sandbox/lib/python3.8/site-packages/airflow/example_dags/example_branch_operator.py
[2021-11-28 06:29:02,469] {logging_mixin.py:104} INFO - [2021-11-28 06:29:02,469] {dag.py:1832} INFO - Sync 1 DAGs
[2021-11-28 06:29:02,558] {logging_mixin.py:104} INFO - [2021-11-28 06:29:02,558] {dag.py:2305} INFO - Setting next_dagrun for example_branch_operator to 2021-11-26 00:00:00+00:00
[2021-11-28 06:29:02,644] {scheduler_job.py:190} INFO - Processing /home/airflow/sandbox/lib/python3.8/site-packages/airflow/example_dags/example_branch_operator.py took 0.547 seconds
[2021-11-28 06:29:37,393] {scheduler_job.py:182} INFO - Started process (PID=36570) to work on /home/airflow/sandbox/lib/python3.8/site-packages/airflow/example_dags/example_branch_operator.py
[2021-11-28 06:29:37,401] {scheduler_job.py:633} INFO - Processing file /home/airflow/sandbox/lib/python3.8/site-packages/airflow/example_dags/example_branch_operator.py for tasks to queue
[2021-11-28 06:29:37,404] {logging_mixin.py:104} INFO - [2021-11-28 06:29:37,404] {dagbag.py:487} INFO - Filling up the DagBag from /home/airflow/sandbox/lib/python3.8/site-packages/airflow/example_dags/example_branch_operator.py
[2021-11-28 06:29:37,513] {scheduler_job.py:643} INFO - DAG(s) dict_keys(['example_branch_operator']) retrieved from /home/airflow/sandbox/lib/python3.8/site-packages/airflow/example_dags/example_branch_operator.py
[2021-11-28 06:29:37,644] {logging_mixin.py:104} INFO - [2021-11-28 06:29:37,644] {dag.py:1832} INFO - Sync 1 DAGs
[2021-11-28 06:29:37,741] {logging_mixin.py:104} INFO - [2021-11-28 06:29:37,741] {dag.py:2305} INFO - Setting next_dagrun for example_branch_operator to 2021-11-26 00:00:00+00:00
[2021-11-28 06:29:37,790] {scheduler_job.py:190} INFO - Processing /home/airflow/sandbox/lib/python3.8/site-packages/airflow/example_dags/example_branch_operator.py took 0.431 seconds
[2021-11-28 06:30:16,428] {scheduler_job.py:182} INFO - Started process (PID=36801) to work on /home/airflow/sandbox/lib/python3.8/site-packages/airflow/example_dags/example_branch_operator.py
[2021-11-28 06:30:16,434] {scheduler_job.py:633} INFO - Processing file /home/airflow/sandbox/lib/python3.8/site-packages/airflow/example_dags/example_branch_operator.py for tasks to queue
[2021-11-28 06:30:16,435] {logging_mixin.py:104} INFO - [2021-11-28 06:30:16,435] {dagbag.py:487} INFO - Filling up the DagBag from /home/airflow/sandbox/lib/python3.8/site-packages/airflow/example_dags/example_branch_operator.py
[2021-11-28 06:30:16,559] {scheduler_job.py:643} INFO - DAG(s) dict_keys(['example_branch_operator']) retrieved from /home/airflow/sandbox/lib/python3.8/site-packages/airflow/example_dags/example_branch_operator.py
[2021-11-28 06:30:16,695] {logging_mixin.py:104} INFO - [2021-11-28 06:30:16,694] {dag.py:1832} INFO - Sync 1 DAGs
[2021-11-28 06:30:16,816] {logging_mixin.py:104} INFO - [2021-11-28 06:30:16,816] {dag.py:2305} INFO - Setting next_dagrun for example_branch_operator to 2021-11-26 00:00:00+00:00
[2021-11-28 06:30:17,310] {scheduler_job.py:190} INFO - Processing /home/airflow/sandbox/lib/python3.8/site-packages/airflow/example_dags/example_branch_operator.py took 0.942 seconds
[2021-11-28 06:30:49,167] {scheduler_job.py:182} INFO - Started process (PID=37000) to work on /home/airflow/sandbox/lib/python3.8/site-packages/airflow/example_dags/example_branch_operator.py
[2021-11-28 06:30:49,188] {scheduler_job.py:633} INFO - Processing file /home/airflow/sandbox/lib/python3.8/site-packages/airflow/example_dags/example_branch_operator.py for tasks to queue
[2021-11-28 06:30:49,190] {logging_mixin.py:104} INFO - [2021-11-28 06:30:49,190] {dagbag.py:487} INFO - Filling up the DagBag from /home/airflow/sandbox/lib/python3.8/site-packages/airflow/example_dags/example_branch_operator.py
[2021-11-28 06:30:49,342] {scheduler_job.py:643} INFO - DAG(s) dict_keys(['example_branch_operator']) retrieved from /home/airflow/sandbox/lib/python3.8/site-packages/airflow/example_dags/example_branch_operator.py
[2021-11-28 06:30:49,519] {logging_mixin.py:104} INFO - [2021-11-28 06:30:49,519] {dag.py:1832} INFO - Sync 1 DAGs
[2021-11-28 06:30:49,713] {logging_mixin.py:104} INFO - [2021-11-28 06:30:49,713] {dag.py:2305} INFO - Setting next_dagrun for example_branch_operator to 2021-11-26 00:00:00+00:00
[2021-11-28 06:30:50,057] {scheduler_job.py:190} INFO - Processing /home/airflow/sandbox/lib/python3.8/site-packages/airflow/example_dags/example_branch_operator.py took 0.914 seconds
[2021-11-28 06:31:21,082] {scheduler_job.py:182} INFO - Started process (PID=37195) to work on /home/airflow/sandbox/lib/python3.8/site-packages/airflow/example_dags/example_branch_operator.py
[2021-11-28 06:31:21,099] {scheduler_job.py:633} INFO - Processing file /home/airflow/sandbox/lib/python3.8/site-packages/airflow/example_dags/example_branch_operator.py for tasks to queue
[2021-11-28 06:31:21,103] {logging_mixin.py:104} INFO - [2021-11-28 06:31:21,103] {dagbag.py:487} INFO - Filling up the DagBag from /home/airflow/sandbox/lib/python3.8/site-packages/airflow/example_dags/example_branch_operator.py
[2021-11-28 06:31:21,167] {scheduler_job.py:643} INFO - DAG(s) dict_keys(['example_branch_operator']) retrieved from /home/airflow/sandbox/lib/python3.8/site-packages/airflow/example_dags/example_branch_operator.py
[2021-11-28 06:31:21,300] {logging_mixin.py:104} INFO - [2021-11-28 06:31:21,300] {dag.py:1832} INFO - Sync 1 DAGs
[2021-11-28 06:31:21,517] {logging_mixin.py:104} INFO - [2021-11-28 06:31:21,516] {dag.py:2305} INFO - Setting next_dagrun for example_branch_operator to 2021-11-26 00:00:00+00:00
[2021-11-28 06:31:21,566] {scheduler_job.py:190} INFO - Processing /home/airflow/sandbox/lib/python3.8/site-packages/airflow/example_dags/example_branch_operator.py took 0.505 seconds
[2021-11-28 06:31:53,359] {scheduler_job.py:182} INFO - Started process (PID=37394) to work on /home/airflow/sandbox/lib/python3.8/site-packages/airflow/example_dags/example_branch_operator.py
[2021-11-28 06:31:53,368] {scheduler_job.py:633} INFO - Processing file /home/airflow/sandbox/lib/python3.8/site-packages/airflow/example_dags/example_branch_operator.py for tasks to queue
[2021-11-28 06:31:53,370] {logging_mixin.py:104} INFO - [2021-11-28 06:31:53,370] {dagbag.py:487} INFO - Filling up the DagBag from /home/airflow/sandbox/lib/python3.8/site-packages/airflow/example_dags/example_branch_operator.py
[2021-11-28 06:31:53,674] {scheduler_job.py:643} INFO - DAG(s) dict_keys(['example_branch_operator']) retrieved from /home/airflow/sandbox/lib/python3.8/site-packages/airflow/example_dags/example_branch_operator.py
[2021-11-28 06:31:54,359] {logging_mixin.py:104} INFO - [2021-11-28 06:31:54,359] {dag.py:1832} INFO - Sync 1 DAGs
[2021-11-28 06:31:55,534] {logging_mixin.py:104} INFO - [2021-11-28 06:31:55,534] {dag.py:2305} INFO - Setting next_dagrun for example_branch_operator to 2021-11-26 00:00:00+00:00
[2021-11-28 06:31:55,797] {scheduler_job.py:190} INFO - Processing /home/airflow/sandbox/lib/python3.8/site-packages/airflow/example_dags/example_branch_operator.py took 2.483 seconds
[2021-11-28 06:32:28,928] {scheduler_job.py:182} INFO - Started process (PID=37592) to work on /home/airflow/sandbox/lib/python3.8/site-packages/airflow/example_dags/example_branch_operator.py
[2021-11-28 06:32:28,932] {scheduler_job.py:633} INFO - Processing file /home/airflow/sandbox/lib/python3.8/site-packages/airflow/example_dags/example_branch_operator.py for tasks to queue
[2021-11-28 06:32:28,950] {logging_mixin.py:104} INFO - [2021-11-28 06:32:28,950] {dagbag.py:487} INFO - Filling up the DagBag from /home/airflow/sandbox/lib/python3.8/site-packages/airflow/example_dags/example_branch_operator.py
[2021-11-28 06:32:29,089] {scheduler_job.py:643} INFO - DAG(s) dict_keys(['example_branch_operator']) retrieved from /home/airflow/sandbox/lib/python3.8/site-packages/airflow/example_dags/example_branch_operator.py
[2021-11-28 06:32:29,263] {logging_mixin.py:104} INFO - [2021-11-28 06:32:29,262] {dag.py:1832} INFO - Sync 1 DAGs
[2021-11-28 06:32:29,684] {logging_mixin.py:104} INFO - [2021-11-28 06:32:29,683] {dag.py:2305} INFO - Setting next_dagrun for example_branch_operator to 2021-11-26 00:00:00+00:00
[2021-11-28 06:32:29,767] {scheduler_job.py:190} INFO - Processing /home/airflow/sandbox/lib/python3.8/site-packages/airflow/example_dags/example_branch_operator.py took 0.847 seconds
[2021-11-28 06:33:00,566] {scheduler_job.py:182} INFO - Started process (PID=38030) to work on /home/airflow/sandbox/lib/python3.8/site-packages/airflow/example_dags/example_branch_operator.py
[2021-11-28 06:33:00,570] {scheduler_job.py:633} INFO - Processing file /home/airflow/sandbox/lib/python3.8/site-packages/airflow/example_dags/example_branch_operator.py for tasks to queue
[2021-11-28 06:33:00,579] {logging_mixin.py:104} INFO - [2021-11-28 06:33:00,578] {dagbag.py:487} INFO - Filling up the DagBag from /home/airflow/sandbox/lib/python3.8/site-packages/airflow/example_dags/example_branch_operator.py
[2021-11-28 06:33:00,687] {scheduler_job.py:643} INFO - DAG(s) dict_keys(['example_branch_operator']) retrieved from /home/airflow/sandbox/lib/python3.8/site-packages/airflow/example_dags/example_branch_operator.py
[2021-11-28 06:33:00,995] {logging_mixin.py:104} INFO - [2021-11-28 06:33:00,995] {dag.py:1832} INFO - Sync 1 DAGs
[2021-11-28 06:33:01,318] {logging_mixin.py:104} INFO - [2021-11-28 06:33:01,318] {dag.py:2305} INFO - Setting next_dagrun for example_branch_operator to 2021-11-26 00:00:00+00:00
[2021-11-28 06:33:01,367] {scheduler_job.py:190} INFO - Processing /home/airflow/sandbox/lib/python3.8/site-packages/airflow/example_dags/example_branch_operator.py took 0.822 seconds
[2021-11-28 06:33:32,032] {scheduler_job.py:182} INFO - Started process (PID=38230) to work on /home/airflow/sandbox/lib/python3.8/site-packages/airflow/example_dags/example_branch_operator.py
[2021-11-28 06:33:32,052] {scheduler_job.py:633} INFO - Processing file /home/airflow/sandbox/lib/python3.8/site-packages/airflow/example_dags/example_branch_operator.py for tasks to queue
[2021-11-28 06:33:32,056] {logging_mixin.py:104} INFO - [2021-11-28 06:33:32,056] {dagbag.py:487} INFO - Filling up the DagBag from /home/airflow/sandbox/lib/python3.8/site-packages/airflow/example_dags/example_branch_operator.py
[2021-11-28 06:33:32,141] {scheduler_job.py:643} INFO - DAG(s) dict_keys(['example_branch_operator']) retrieved from /home/airflow/sandbox/lib/python3.8/site-packages/airflow/example_dags/example_branch_operator.py
[2021-11-28 06:33:32,298] {logging_mixin.py:104} INFO - [2021-11-28 06:33:32,298] {dag.py:1832} INFO - Sync 1 DAGs
[2021-11-28 06:33:32,740] {logging_mixin.py:104} INFO - [2021-11-28 06:33:32,739] {dag.py:2305} INFO - Setting next_dagrun for example_branch_operator to 2021-11-26 00:00:00+00:00
[2021-11-28 06:33:32,812] {scheduler_job.py:190} INFO - Processing /home/airflow/sandbox/lib/python3.8/site-packages/airflow/example_dags/example_branch_operator.py took 0.787 seconds
[2021-11-28 06:34:04,140] {scheduler_job.py:182} INFO - Started process (PID=38429) to work on /home/airflow/sandbox/lib/python3.8/site-packages/airflow/example_dags/example_branch_operator.py
[2021-11-28 06:34:04,152] {scheduler_job.py:633} INFO - Processing file /home/airflow/sandbox/lib/python3.8/site-packages/airflow/example_dags/example_branch_operator.py for tasks to queue
[2021-11-28 06:34:04,155] {logging_mixin.py:104} INFO - [2021-11-28 06:34:04,155] {dagbag.py:487} INFO - Filling up the DagBag from /home/airflow/sandbox/lib/python3.8/site-packages/airflow/example_dags/example_branch_operator.py
[2021-11-28 06:34:04,251] {scheduler_job.py:643} INFO - DAG(s) dict_keys(['example_branch_operator']) retrieved from /home/airflow/sandbox/lib/python3.8/site-packages/airflow/example_dags/example_branch_operator.py
[2021-11-28 06:34:04,818] {logging_mixin.py:104} INFO - [2021-11-28 06:34:04,817] {dag.py:1832} INFO - Sync 1 DAGs
[2021-11-28 06:34:04,896] {logging_mixin.py:104} INFO - [2021-11-28 06:34:04,895] {dag.py:2305} INFO - Setting next_dagrun for example_branch_operator to 2021-11-26 00:00:00+00:00
[2021-11-28 06:34:04,968] {scheduler_job.py:190} INFO - Processing /home/airflow/sandbox/lib/python3.8/site-packages/airflow/example_dags/example_branch_operator.py took 0.868 seconds
[2021-11-28 06:34:36,395] {scheduler_job.py:182} INFO - Started process (PID=38631) to work on /home/airflow/sandbox/lib/python3.8/site-packages/airflow/example_dags/example_branch_operator.py
[2021-11-28 06:34:36,403] {scheduler_job.py:633} INFO - Processing file /home/airflow/sandbox/lib/python3.8/site-packages/airflow/example_dags/example_branch_operator.py for tasks to queue
[2021-11-28 06:34:36,411] {logging_mixin.py:104} INFO - [2021-11-28 06:34:36,411] {dagbag.py:487} INFO - Filling up the DagBag from /home/airflow/sandbox/lib/python3.8/site-packages/airflow/example_dags/example_branch_operator.py
[2021-11-28 06:34:36,467] {scheduler_job.py:643} INFO - DAG(s) dict_keys(['example_branch_operator']) retrieved from /home/airflow/sandbox/lib/python3.8/site-packages/airflow/example_dags/example_branch_operator.py
[2021-11-28 06:34:36,689] {logging_mixin.py:104} INFO - [2021-11-28 06:34:36,689] {dag.py:1832} INFO - Sync 1 DAGs
[2021-11-28 06:34:36,731] {logging_mixin.py:104} INFO - [2021-11-28 06:34:36,731] {dag.py:2305} INFO - Setting next_dagrun for example_branch_operator to 2021-11-26 00:00:00+00:00
[2021-11-28 06:34:36,787] {scheduler_job.py:190} INFO - Processing /home/airflow/sandbox/lib/python3.8/site-packages/airflow/example_dags/example_branch_operator.py took 0.422 seconds
[2021-11-28 06:35:08,526] {scheduler_job.py:182} INFO - Started process (PID=38831) to work on /home/airflow/sandbox/lib/python3.8/site-packages/airflow/example_dags/example_branch_operator.py
[2021-11-28 06:35:08,556] {scheduler_job.py:633} INFO - Processing file /home/airflow/sandbox/lib/python3.8/site-packages/airflow/example_dags/example_branch_operator.py for tasks to queue
[2021-11-28 06:35:08,563] {logging_mixin.py:104} INFO - [2021-11-28 06:35:08,561] {dagbag.py:487} INFO - Filling up the DagBag from /home/airflow/sandbox/lib/python3.8/site-packages/airflow/example_dags/example_branch_operator.py
[2021-11-28 06:35:08,711] {scheduler_job.py:643} INFO - DAG(s) dict_keys(['example_branch_operator']) retrieved from /home/airflow/sandbox/lib/python3.8/site-packages/airflow/example_dags/example_branch_operator.py
[2021-11-28 06:35:09,436] {logging_mixin.py:104} INFO - [2021-11-28 06:35:09,436] {dag.py:1832} INFO - Sync 1 DAGs
[2021-11-28 06:35:09,603] {logging_mixin.py:104} INFO - [2021-11-28 06:35:09,603] {dag.py:2305} INFO - Setting next_dagrun for example_branch_operator to 2021-11-26 00:00:00+00:00
[2021-11-28 06:35:09,967] {scheduler_job.py:190} INFO - Processing /home/airflow/sandbox/lib/python3.8/site-packages/airflow/example_dags/example_branch_operator.py took 1.463 seconds
[2021-11-28 06:35:57,227] {scheduler_job.py:182} INFO - Started process (PID=39049) to work on /home/airflow/sandbox/lib/python3.8/site-packages/airflow/example_dags/example_branch_operator.py
[2021-11-28 06:35:57,236] {scheduler_job.py:633} INFO - Processing file /home/airflow/sandbox/lib/python3.8/site-packages/airflow/example_dags/example_branch_operator.py for tasks to queue
[2021-11-28 06:35:57,239] {logging_mixin.py:104} INFO - [2021-11-28 06:35:57,239] {dagbag.py:487} INFO - Filling up the DagBag from /home/airflow/sandbox/lib/python3.8/site-packages/airflow/example_dags/example_branch_operator.py
[2021-11-28 06:35:57,328] {scheduler_job.py:643} INFO - DAG(s) dict_keys(['example_branch_operator']) retrieved from /home/airflow/sandbox/lib/python3.8/site-packages/airflow/example_dags/example_branch_operator.py
[2021-11-28 06:35:57,783] {logging_mixin.py:104} INFO - [2021-11-28 06:35:57,783] {dag.py:1832} INFO - Sync 1 DAGs
[2021-11-28 06:35:57,871] {logging_mixin.py:104} INFO - [2021-11-28 06:35:57,871] {dag.py:2305} INFO - Setting next_dagrun for example_branch_operator to 2021-11-26 00:00:00+00:00
[2021-11-28 06:35:57,918] {scheduler_job.py:190} INFO - Processing /home/airflow/sandbox/lib/python3.8/site-packages/airflow/example_dags/example_branch_operator.py took 0.698 seconds
[2021-11-28 06:36:28,686] {scheduler_job.py:182} INFO - Started process (PID=39266) to work on /home/airflow/sandbox/lib/python3.8/site-packages/airflow/example_dags/example_branch_operator.py
[2021-11-28 06:36:28,692] {scheduler_job.py:633} INFO - Processing file /home/airflow/sandbox/lib/python3.8/site-packages/airflow/example_dags/example_branch_operator.py for tasks to queue
[2021-11-28 06:36:28,706] {logging_mixin.py:104} INFO - [2021-11-28 06:36:28,706] {dagbag.py:487} INFO - Filling up the DagBag from /home/airflow/sandbox/lib/python3.8/site-packages/airflow/example_dags/example_branch_operator.py
[2021-11-28 06:36:28,780] {scheduler_job.py:643} INFO - DAG(s) dict_keys(['example_branch_operator']) retrieved from /home/airflow/sandbox/lib/python3.8/site-packages/airflow/example_dags/example_branch_operator.py
[2021-11-28 06:36:29,775] {logging_mixin.py:104} INFO - [2021-11-28 06:36:29,774] {dag.py:1832} INFO - Sync 1 DAGs
[2021-11-28 06:36:29,924] {logging_mixin.py:104} INFO - [2021-11-28 06:36:29,924] {dag.py:2305} INFO - Setting next_dagrun for example_branch_operator to 2021-11-26 00:00:00+00:00
[2021-11-28 06:36:30,031] {scheduler_job.py:190} INFO - Processing /home/airflow/sandbox/lib/python3.8/site-packages/airflow/example_dags/example_branch_operator.py took 1.363 seconds
[2021-11-28 06:37:00,559] {scheduler_job.py:182} INFO - Started process (PID=39462) to work on /home/airflow/sandbox/lib/python3.8/site-packages/airflow/example_dags/example_branch_operator.py
[2021-11-28 06:37:00,567] {scheduler_job.py:633} INFO - Processing file /home/airflow/sandbox/lib/python3.8/site-packages/airflow/example_dags/example_branch_operator.py for tasks to queue
[2021-11-28 06:37:00,572] {logging_mixin.py:104} INFO - [2021-11-28 06:37:00,572] {dagbag.py:487} INFO - Filling up the DagBag from /home/airflow/sandbox/lib/python3.8/site-packages/airflow/example_dags/example_branch_operator.py
[2021-11-28 06:37:00,879] {scheduler_job.py:643} INFO - DAG(s) dict_keys(['example_branch_operator']) retrieved from /home/airflow/sandbox/lib/python3.8/site-packages/airflow/example_dags/example_branch_operator.py
[2021-11-28 06:37:01,072] {logging_mixin.py:104} INFO - [2021-11-28 06:37:01,072] {dag.py:1832} INFO - Sync 1 DAGs
[2021-11-28 06:37:01,277] {logging_mixin.py:104} INFO - [2021-11-28 06:37:01,277] {dag.py:2305} INFO - Setting next_dagrun for example_branch_operator to 2021-11-26 00:00:00+00:00
[2021-11-28 06:37:01,364] {scheduler_job.py:190} INFO - Processing /home/airflow/sandbox/lib/python3.8/site-packages/airflow/example_dags/example_branch_operator.py took 0.825 seconds
[2021-11-28 06:37:32,499] {scheduler_job.py:182} INFO - Started process (PID=39660) to work on /home/airflow/sandbox/lib/python3.8/site-packages/airflow/example_dags/example_branch_operator.py
[2021-11-28 06:37:32,524] {scheduler_job.py:633} INFO - Processing file /home/airflow/sandbox/lib/python3.8/site-packages/airflow/example_dags/example_branch_operator.py for tasks to queue
[2021-11-28 06:37:32,531] {logging_mixin.py:104} INFO - [2021-11-28 06:37:32,531] {dagbag.py:487} INFO - Filling up the DagBag from /home/airflow/sandbox/lib/python3.8/site-packages/airflow/example_dags/example_branch_operator.py
[2021-11-28 06:37:32,875] {scheduler_job.py:643} INFO - DAG(s) dict_keys(['example_branch_operator']) retrieved from /home/airflow/sandbox/lib/python3.8/site-packages/airflow/example_dags/example_branch_operator.py
[2021-11-28 06:37:33,004] {logging_mixin.py:104} INFO - [2021-11-28 06:37:33,004] {dag.py:1832} INFO - Sync 1 DAGs
[2021-11-28 06:37:33,107] {logging_mixin.py:104} INFO - [2021-11-28 06:37:33,107] {dag.py:2305} INFO - Setting next_dagrun for example_branch_operator to 2021-11-26 00:00:00+00:00
[2021-11-28 06:37:33,150] {scheduler_job.py:190} INFO - Processing /home/airflow/sandbox/lib/python3.8/site-packages/airflow/example_dags/example_branch_operator.py took 0.657 seconds
[2021-11-28 06:38:03,596] {scheduler_job.py:182} INFO - Started process (PID=40096) to work on /home/airflow/sandbox/lib/python3.8/site-packages/airflow/example_dags/example_branch_operator.py
[2021-11-28 06:38:03,600] {scheduler_job.py:633} INFO - Processing file /home/airflow/sandbox/lib/python3.8/site-packages/airflow/example_dags/example_branch_operator.py for tasks to queue
[2021-11-28 06:38:03,606] {logging_mixin.py:104} INFO - [2021-11-28 06:38:03,606] {dagbag.py:487} INFO - Filling up the DagBag from /home/airflow/sandbox/lib/python3.8/site-packages/airflow/example_dags/example_branch_operator.py
[2021-11-28 06:38:04,363] {scheduler_job.py:643} INFO - DAG(s) dict_keys(['example_branch_operator']) retrieved from /home/airflow/sandbox/lib/python3.8/site-packages/airflow/example_dags/example_branch_operator.py
[2021-11-28 06:38:04,545] {logging_mixin.py:104} INFO - [2021-11-28 06:38:04,544] {dag.py:1832} INFO - Sync 1 DAGs
[2021-11-28 06:38:04,623] {logging_mixin.py:104} INFO - [2021-11-28 06:38:04,623] {dag.py:2305} INFO - Setting next_dagrun for example_branch_operator to 2021-11-26 00:00:00+00:00
[2021-11-28 06:38:04,673] {scheduler_job.py:190} INFO - Processing /home/airflow/sandbox/lib/python3.8/site-packages/airflow/example_dags/example_branch_operator.py took 1.107 seconds
[2021-11-28 06:38:38,995] {scheduler_job.py:182} INFO - Started process (PID=40285) to work on /home/airflow/sandbox/lib/python3.8/site-packages/airflow/example_dags/example_branch_operator.py
[2021-11-28 06:38:39,003] {scheduler_job.py:633} INFO - Processing file /home/airflow/sandbox/lib/python3.8/site-packages/airflow/example_dags/example_branch_operator.py for tasks to queue
[2021-11-28 06:38:39,004] {logging_mixin.py:104} INFO - [2021-11-28 06:38:39,004] {dagbag.py:487} INFO - Filling up the DagBag from /home/airflow/sandbox/lib/python3.8/site-packages/airflow/example_dags/example_branch_operator.py
[2021-11-28 06:38:39,538] {scheduler_job.py:643} INFO - DAG(s) dict_keys(['example_branch_operator']) retrieved from /home/airflow/sandbox/lib/python3.8/site-packages/airflow/example_dags/example_branch_operator.py
[2021-11-28 06:38:39,813] {logging_mixin.py:104} INFO - [2021-11-28 06:38:39,813] {dag.py:1832} INFO - Sync 1 DAGs
[2021-11-28 06:38:39,948] {logging_mixin.py:104} INFO - [2021-11-28 06:38:39,948] {dag.py:2305} INFO - Setting next_dagrun for example_branch_operator to 2021-11-26 00:00:00+00:00
[2021-11-28 06:38:40,095] {scheduler_job.py:190} INFO - Processing /home/airflow/sandbox/lib/python3.8/site-packages/airflow/example_dags/example_branch_operator.py took 1.121 seconds
[2021-11-28 06:39:10,512] {scheduler_job.py:182} INFO - Started process (PID=40486) to work on /home/airflow/sandbox/lib/python3.8/site-packages/airflow/example_dags/example_branch_operator.py
[2021-11-28 06:39:10,517] {scheduler_job.py:633} INFO - Processing file /home/airflow/sandbox/lib/python3.8/site-packages/airflow/example_dags/example_branch_operator.py for tasks to queue
[2021-11-28 06:39:10,523] {logging_mixin.py:104} INFO - [2021-11-28 06:39:10,523] {dagbag.py:487} INFO - Filling up the DagBag from /home/airflow/sandbox/lib/python3.8/site-packages/airflow/example_dags/example_branch_operator.py
[2021-11-28 06:39:10,802] {scheduler_job.py:643} INFO - DAG(s) dict_keys(['example_branch_operator']) retrieved from /home/airflow/sandbox/lib/python3.8/site-packages/airflow/example_dags/example_branch_operator.py
[2021-11-28 06:39:10,996] {logging_mixin.py:104} INFO - [2021-11-28 06:39:10,996] {dag.py:1832} INFO - Sync 1 DAGs
[2021-11-28 06:39:11,280] {logging_mixin.py:104} INFO - [2021-11-28 06:39:11,280] {dag.py:2305} INFO - Setting next_dagrun for example_branch_operator to 2021-11-26 00:00:00+00:00
[2021-11-28 06:39:11,421] {scheduler_job.py:190} INFO - Processing /home/airflow/sandbox/lib/python3.8/site-packages/airflow/example_dags/example_branch_operator.py took 0.919 seconds
[2021-11-28 06:39:52,357] {scheduler_job.py:182} INFO - Started process (PID=40690) to work on /home/airflow/sandbox/lib/python3.8/site-packages/airflow/example_dags/example_branch_operator.py
[2021-11-28 06:39:52,642] {scheduler_job.py:633} INFO - Processing file /home/airflow/sandbox/lib/python3.8/site-packages/airflow/example_dags/example_branch_operator.py for tasks to queue
[2021-11-28 06:39:52,659] {logging_mixin.py:104} INFO - [2021-11-28 06:39:52,658] {dagbag.py:487} INFO - Filling up the DagBag from /home/airflow/sandbox/lib/python3.8/site-packages/airflow/example_dags/example_branch_operator.py
[2021-11-28 06:39:52,695] {scheduler_job.py:643} INFO - DAG(s) dict_keys(['example_branch_operator']) retrieved from /home/airflow/sandbox/lib/python3.8/site-packages/airflow/example_dags/example_branch_operator.py
[2021-11-28 06:39:52,772] {logging_mixin.py:104} INFO - [2021-11-28 06:39:52,772] {dag.py:1832} INFO - Sync 1 DAGs
[2021-11-28 06:39:52,819] {logging_mixin.py:104} INFO - [2021-11-28 06:39:52,819] {dag.py:2305} INFO - Setting next_dagrun for example_branch_operator to 2021-11-26 00:00:00+00:00
[2021-11-28 06:39:52,876] {scheduler_job.py:190} INFO - Processing /home/airflow/sandbox/lib/python3.8/site-packages/airflow/example_dags/example_branch_operator.py took 0.572 seconds
[2021-11-28 06:40:25,440] {scheduler_job.py:182} INFO - Started process (PID=40885) to work on /home/airflow/sandbox/lib/python3.8/site-packages/airflow/example_dags/example_branch_operator.py
[2021-11-28 06:40:25,447] {scheduler_job.py:633} INFO - Processing file /home/airflow/sandbox/lib/python3.8/site-packages/airflow/example_dags/example_branch_operator.py for tasks to queue
[2021-11-28 06:40:25,450] {logging_mixin.py:104} INFO - [2021-11-28 06:40:25,450] {dagbag.py:487} INFO - Filling up the DagBag from /home/airflow/sandbox/lib/python3.8/site-packages/airflow/example_dags/example_branch_operator.py
[2021-11-28 06:40:25,524] {scheduler_job.py:643} INFO - DAG(s) dict_keys(['example_branch_operator']) retrieved from /home/airflow/sandbox/lib/python3.8/site-packages/airflow/example_dags/example_branch_operator.py
[2021-11-28 06:40:25,712] {logging_mixin.py:104} INFO - [2021-11-28 06:40:25,712] {dag.py:1832} INFO - Sync 1 DAGs
[2021-11-28 06:40:25,848] {logging_mixin.py:104} INFO - [2021-11-28 06:40:25,848] {dag.py:2305} INFO - Setting next_dagrun for example_branch_operator to 2021-11-26 00:00:00+00:00
[2021-11-28 06:40:25,969] {scheduler_job.py:190} INFO - Processing /home/airflow/sandbox/lib/python3.8/site-packages/airflow/example_dags/example_branch_operator.py took 0.550 seconds
[2021-11-28 06:40:56,775] {scheduler_job.py:182} INFO - Started process (PID=41085) to work on /home/airflow/sandbox/lib/python3.8/site-packages/airflow/example_dags/example_branch_operator.py
[2021-11-28 06:40:56,803] {scheduler_job.py:633} INFO - Processing file /home/airflow/sandbox/lib/python3.8/site-packages/airflow/example_dags/example_branch_operator.py for tasks to queue
[2021-11-28 06:40:56,807] {logging_mixin.py:104} INFO - [2021-11-28 06:40:56,806] {dagbag.py:487} INFO - Filling up the DagBag from /home/airflow/sandbox/lib/python3.8/site-packages/airflow/example_dags/example_branch_operator.py
[2021-11-28 06:40:56,910] {scheduler_job.py:643} INFO - DAG(s) dict_keys(['example_branch_operator']) retrieved from /home/airflow/sandbox/lib/python3.8/site-packages/airflow/example_dags/example_branch_operator.py
[2021-11-28 06:40:57,064] {logging_mixin.py:104} INFO - [2021-11-28 06:40:57,064] {dag.py:1832} INFO - Sync 1 DAGs
[2021-11-28 06:40:57,150] {logging_mixin.py:104} INFO - [2021-11-28 06:40:57,137] {dag.py:2305} INFO - Setting next_dagrun for example_branch_operator to 2021-11-26 00:00:00+00:00
[2021-11-28 06:40:57,212] {scheduler_job.py:190} INFO - Processing /home/airflow/sandbox/lib/python3.8/site-packages/airflow/example_dags/example_branch_operator.py took 0.471 seconds
[2021-11-28 06:41:31,235] {scheduler_job.py:182} INFO - Started process (PID=41284) to work on /home/airflow/sandbox/lib/python3.8/site-packages/airflow/example_dags/example_branch_operator.py
[2021-11-28 06:41:31,242] {scheduler_job.py:633} INFO - Processing file /home/airflow/sandbox/lib/python3.8/site-packages/airflow/example_dags/example_branch_operator.py for tasks to queue
[2021-11-28 06:41:31,243] {logging_mixin.py:104} INFO - [2021-11-28 06:41:31,243] {dagbag.py:487} INFO - Filling up the DagBag from /home/airflow/sandbox/lib/python3.8/site-packages/airflow/example_dags/example_branch_operator.py
[2021-11-28 06:41:31,330] {scheduler_job.py:643} INFO - DAG(s) dict_keys(['example_branch_operator']) retrieved from /home/airflow/sandbox/lib/python3.8/site-packages/airflow/example_dags/example_branch_operator.py
[2021-11-28 06:41:31,468] {logging_mixin.py:104} INFO - [2021-11-28 06:41:31,466] {dag.py:1832} INFO - Sync 1 DAGs
[2021-11-28 06:41:31,548] {logging_mixin.py:104} INFO - [2021-11-28 06:41:31,547] {dag.py:2305} INFO - Setting next_dagrun for example_branch_operator to 2021-11-26 00:00:00+00:00
[2021-11-28 06:41:31,633] {scheduler_job.py:190} INFO - Processing /home/airflow/sandbox/lib/python3.8/site-packages/airflow/example_dags/example_branch_operator.py took 0.418 seconds
[2021-11-28 06:42:01,741] {scheduler_job.py:182} INFO - Started process (PID=41476) to work on /home/airflow/sandbox/lib/python3.8/site-packages/airflow/example_dags/example_branch_operator.py
[2021-11-28 06:42:01,758] {scheduler_job.py:633} INFO - Processing file /home/airflow/sandbox/lib/python3.8/site-packages/airflow/example_dags/example_branch_operator.py for tasks to queue
[2021-11-28 06:42:01,759] {logging_mixin.py:104} INFO - [2021-11-28 06:42:01,759] {dagbag.py:487} INFO - Filling up the DagBag from /home/airflow/sandbox/lib/python3.8/site-packages/airflow/example_dags/example_branch_operator.py
[2021-11-28 06:42:01,827] {scheduler_job.py:643} INFO - DAG(s) dict_keys(['example_branch_operator']) retrieved from /home/airflow/sandbox/lib/python3.8/site-packages/airflow/example_dags/example_branch_operator.py
[2021-11-28 06:42:01,955] {logging_mixin.py:104} INFO - [2021-11-28 06:42:01,954] {dag.py:1832} INFO - Sync 1 DAGs
[2021-11-28 06:42:02,055] {logging_mixin.py:104} INFO - [2021-11-28 06:42:02,055] {dag.py:2305} INFO - Setting next_dagrun for example_branch_operator to 2021-11-26 00:00:00+00:00
[2021-11-28 06:42:02,133] {scheduler_job.py:190} INFO - Processing /home/airflow/sandbox/lib/python3.8/site-packages/airflow/example_dags/example_branch_operator.py took 0.398 seconds
[2021-11-28 06:42:49,737] {scheduler_job.py:182} INFO - Started process (PID=41792) to work on /home/airflow/sandbox/lib/python3.8/site-packages/airflow/example_dags/example_branch_operator.py
[2021-11-28 06:42:49,806] {scheduler_job.py:633} INFO - Processing file /home/airflow/sandbox/lib/python3.8/site-packages/airflow/example_dags/example_branch_operator.py for tasks to queue
[2021-11-28 06:42:49,809] {logging_mixin.py:104} INFO - [2021-11-28 06:42:49,808] {dagbag.py:487} INFO - Filling up the DagBag from /home/airflow/sandbox/lib/python3.8/site-packages/airflow/example_dags/example_branch_operator.py
[2021-11-28 06:42:50,621] {scheduler_job.py:643} INFO - DAG(s) dict_keys(['example_branch_operator']) retrieved from /home/airflow/sandbox/lib/python3.8/site-packages/airflow/example_dags/example_branch_operator.py
[2021-11-28 06:42:50,882] {logging_mixin.py:104} INFO - [2021-11-28 06:42:50,868] {dag.py:1832} INFO - Sync 1 DAGs
[2021-11-28 06:42:51,443] {logging_mixin.py:104} INFO - [2021-11-28 06:42:51,442] {dag.py:2305} INFO - Setting next_dagrun for example_branch_operator to 2021-11-26 00:00:00+00:00
[2021-11-28 06:42:51,783] {scheduler_job.py:190} INFO - Processing /home/airflow/sandbox/lib/python3.8/site-packages/airflow/example_dags/example_branch_operator.py took 2.090 seconds
[2021-11-28 06:43:22,400] {scheduler_job.py:182} INFO - Started process (PID=42137) to work on /home/airflow/sandbox/lib/python3.8/site-packages/airflow/example_dags/example_branch_operator.py
[2021-11-28 06:43:22,421] {scheduler_job.py:633} INFO - Processing file /home/airflow/sandbox/lib/python3.8/site-packages/airflow/example_dags/example_branch_operator.py for tasks to queue
[2021-11-28 06:43:22,448] {logging_mixin.py:104} INFO - [2021-11-28 06:43:22,447] {dagbag.py:487} INFO - Filling up the DagBag from /home/airflow/sandbox/lib/python3.8/site-packages/airflow/example_dags/example_branch_operator.py
[2021-11-28 06:43:22,596] {scheduler_job.py:643} INFO - DAG(s) dict_keys(['example_branch_operator']) retrieved from /home/airflow/sandbox/lib/python3.8/site-packages/airflow/example_dags/example_branch_operator.py
[2021-11-28 06:43:22,788] {logging_mixin.py:104} INFO - [2021-11-28 06:43:22,788] {dag.py:1832} INFO - Sync 1 DAGs
[2021-11-28 06:43:22,832] {logging_mixin.py:104} INFO - [2021-11-28 06:43:22,831] {dag.py:2305} INFO - Setting next_dagrun for example_branch_operator to 2021-11-26 00:00:00+00:00
[2021-11-28 06:43:22,888] {scheduler_job.py:190} INFO - Processing /home/airflow/sandbox/lib/python3.8/site-packages/airflow/example_dags/example_branch_operator.py took 0.553 seconds
[2021-11-28 06:43:56,903] {scheduler_job.py:182} INFO - Started process (PID=42334) to work on /home/airflow/sandbox/lib/python3.8/site-packages/airflow/example_dags/example_branch_operator.py
[2021-11-28 06:43:56,928] {scheduler_job.py:633} INFO - Processing file /home/airflow/sandbox/lib/python3.8/site-packages/airflow/example_dags/example_branch_operator.py for tasks to queue
[2021-11-28 06:43:56,949] {logging_mixin.py:104} INFO - [2021-11-28 06:43:56,949] {dagbag.py:487} INFO - Filling up the DagBag from /home/airflow/sandbox/lib/python3.8/site-packages/airflow/example_dags/example_branch_operator.py
[2021-11-28 06:43:57,288] {scheduler_job.py:643} INFO - DAG(s) dict_keys(['example_branch_operator']) retrieved from /home/airflow/sandbox/lib/python3.8/site-packages/airflow/example_dags/example_branch_operator.py
[2021-11-28 06:43:57,900] {logging_mixin.py:104} INFO - [2021-11-28 06:43:57,900] {dag.py:1832} INFO - Sync 1 DAGs
[2021-11-28 06:43:58,161] {logging_mixin.py:104} INFO - [2021-11-28 06:43:58,160] {dag.py:2305} INFO - Setting next_dagrun for example_branch_operator to 2021-11-26 00:00:00+00:00
[2021-11-28 06:43:58,311] {scheduler_job.py:190} INFO - Processing /home/airflow/sandbox/lib/python3.8/site-packages/airflow/example_dags/example_branch_operator.py took 1.479 seconds
[2021-11-28 06:44:28,834] {scheduler_job.py:182} INFO - Started process (PID=42537) to work on /home/airflow/sandbox/lib/python3.8/site-packages/airflow/example_dags/example_branch_operator.py
[2021-11-28 06:44:28,841] {scheduler_job.py:633} INFO - Processing file /home/airflow/sandbox/lib/python3.8/site-packages/airflow/example_dags/example_branch_operator.py for tasks to queue
[2021-11-28 06:44:28,844] {logging_mixin.py:104} INFO - [2021-11-28 06:44:28,842] {dagbag.py:487} INFO - Filling up the DagBag from /home/airflow/sandbox/lib/python3.8/site-packages/airflow/example_dags/example_branch_operator.py
[2021-11-28 06:44:28,953] {scheduler_job.py:643} INFO - DAG(s) dict_keys(['example_branch_operator']) retrieved from /home/airflow/sandbox/lib/python3.8/site-packages/airflow/example_dags/example_branch_operator.py
[2021-11-28 06:44:29,098] {logging_mixin.py:104} INFO - [2021-11-28 06:44:29,098] {dag.py:1832} INFO - Sync 1 DAGs
[2021-11-28 06:44:29,201] {logging_mixin.py:104} INFO - [2021-11-28 06:44:29,201] {dag.py:2305} INFO - Setting next_dagrun for example_branch_operator to 2021-11-26 00:00:00+00:00
[2021-11-28 06:44:29,250] {scheduler_job.py:190} INFO - Processing /home/airflow/sandbox/lib/python3.8/site-packages/airflow/example_dags/example_branch_operator.py took 0.446 seconds
[2021-11-28 06:45:06,152] {scheduler_job.py:182} INFO - Started process (PID=42740) to work on /home/airflow/sandbox/lib/python3.8/site-packages/airflow/example_dags/example_branch_operator.py
[2021-11-28 06:45:06,197] {scheduler_job.py:633} INFO - Processing file /home/airflow/sandbox/lib/python3.8/site-packages/airflow/example_dags/example_branch_operator.py for tasks to queue
[2021-11-28 06:45:06,217] {logging_mixin.py:104} INFO - [2021-11-28 06:45:06,216] {dagbag.py:487} INFO - Filling up the DagBag from /home/airflow/sandbox/lib/python3.8/site-packages/airflow/example_dags/example_branch_operator.py
[2021-11-28 06:45:06,553] {scheduler_job.py:643} INFO - DAG(s) dict_keys(['example_branch_operator']) retrieved from /home/airflow/sandbox/lib/python3.8/site-packages/airflow/example_dags/example_branch_operator.py
[2021-11-28 06:45:07,075] {logging_mixin.py:104} INFO - [2021-11-28 06:45:07,074] {dag.py:1832} INFO - Sync 1 DAGs
[2021-11-28 06:45:07,388] {logging_mixin.py:104} INFO - [2021-11-28 06:45:07,388] {dag.py:2305} INFO - Setting next_dagrun for example_branch_operator to 2021-11-26 00:00:00+00:00
[2021-11-28 06:45:07,470] {scheduler_job.py:190} INFO - Processing /home/airflow/sandbox/lib/python3.8/site-packages/airflow/example_dags/example_branch_operator.py took 1.350 seconds
[2021-11-28 06:45:39,982] {scheduler_job.py:182} INFO - Started process (PID=42940) to work on /home/airflow/sandbox/lib/python3.8/site-packages/airflow/example_dags/example_branch_operator.py
[2021-11-28 06:45:40,003] {scheduler_job.py:633} INFO - Processing file /home/airflow/sandbox/lib/python3.8/site-packages/airflow/example_dags/example_branch_operator.py for tasks to queue
[2021-11-28 06:45:40,007] {logging_mixin.py:104} INFO - [2021-11-28 06:45:40,006] {dagbag.py:487} INFO - Filling up the DagBag from /home/airflow/sandbox/lib/python3.8/site-packages/airflow/example_dags/example_branch_operator.py
[2021-11-28 06:45:40,457] {scheduler_job.py:643} INFO - DAG(s) dict_keys(['example_branch_operator']) retrieved from /home/airflow/sandbox/lib/python3.8/site-packages/airflow/example_dags/example_branch_operator.py
[2021-11-28 06:45:40,935] {logging_mixin.py:104} INFO - [2021-11-28 06:45:40,934] {dag.py:1832} INFO - Sync 1 DAGs
[2021-11-28 06:45:41,218] {logging_mixin.py:104} INFO - [2021-11-28 06:45:41,190] {dag.py:2305} INFO - Setting next_dagrun for example_branch_operator to 2021-11-26 00:00:00+00:00
[2021-11-28 06:45:41,409] {scheduler_job.py:190} INFO - Processing /home/airflow/sandbox/lib/python3.8/site-packages/airflow/example_dags/example_branch_operator.py took 1.489 seconds
[2021-11-28 06:46:11,855] {scheduler_job.py:182} INFO - Started process (PID=43135) to work on /home/airflow/sandbox/lib/python3.8/site-packages/airflow/example_dags/example_branch_operator.py
[2021-11-28 06:46:11,882] {scheduler_job.py:633} INFO - Processing file /home/airflow/sandbox/lib/python3.8/site-packages/airflow/example_dags/example_branch_operator.py for tasks to queue
[2021-11-28 06:46:11,967] {logging_mixin.py:104} INFO - [2021-11-28 06:46:11,966] {dagbag.py:487} INFO - Filling up the DagBag from /home/airflow/sandbox/lib/python3.8/site-packages/airflow/example_dags/example_branch_operator.py
[2021-11-28 06:46:12,101] {scheduler_job.py:643} INFO - DAG(s) dict_keys(['example_branch_operator']) retrieved from /home/airflow/sandbox/lib/python3.8/site-packages/airflow/example_dags/example_branch_operator.py
[2021-11-28 06:46:12,258] {logging_mixin.py:104} INFO - [2021-11-28 06:46:12,258] {dag.py:1832} INFO - Sync 1 DAGs
[2021-11-28 06:46:12,386] {logging_mixin.py:104} INFO - [2021-11-28 06:46:12,386] {dag.py:2305} INFO - Setting next_dagrun for example_branch_operator to 2021-11-26 00:00:00+00:00
[2021-11-28 06:46:12,507] {scheduler_job.py:190} INFO - Processing /home/airflow/sandbox/lib/python3.8/site-packages/airflow/example_dags/example_branch_operator.py took 0.723 seconds
[2021-11-28 06:46:42,983] {scheduler_job.py:182} INFO - Started process (PID=43331) to work on /home/airflow/sandbox/lib/python3.8/site-packages/airflow/example_dags/example_branch_operator.py
[2021-11-28 06:46:43,025] {scheduler_job.py:633} INFO - Processing file /home/airflow/sandbox/lib/python3.8/site-packages/airflow/example_dags/example_branch_operator.py for tasks to queue
[2021-11-28 06:46:43,066] {logging_mixin.py:104} INFO - [2021-11-28 06:46:43,065] {dagbag.py:487} INFO - Filling up the DagBag from /home/airflow/sandbox/lib/python3.8/site-packages/airflow/example_dags/example_branch_operator.py
[2021-11-28 06:46:43,694] {scheduler_job.py:643} INFO - DAG(s) dict_keys(['example_branch_operator']) retrieved from /home/airflow/sandbox/lib/python3.8/site-packages/airflow/example_dags/example_branch_operator.py
[2021-11-28 06:46:44,167] {logging_mixin.py:104} INFO - [2021-11-28 06:46:44,167] {dag.py:1832} INFO - Sync 1 DAGs
[2021-11-28 06:46:44,499] {logging_mixin.py:104} INFO - [2021-11-28 06:46:44,499] {dag.py:2305} INFO - Setting next_dagrun for example_branch_operator to 2021-11-26 00:00:00+00:00
[2021-11-28 06:46:44,681] {scheduler_job.py:190} INFO - Processing /home/airflow/sandbox/lib/python3.8/site-packages/airflow/example_dags/example_branch_operator.py took 1.867 seconds
[2021-11-28 06:47:15,477] {scheduler_job.py:182} INFO - Started process (PID=43539) to work on /home/airflow/sandbox/lib/python3.8/site-packages/airflow/example_dags/example_branch_operator.py
[2021-11-28 06:47:15,486] {scheduler_job.py:633} INFO - Processing file /home/airflow/sandbox/lib/python3.8/site-packages/airflow/example_dags/example_branch_operator.py for tasks to queue
[2021-11-28 06:47:15,489] {logging_mixin.py:104} INFO - [2021-11-28 06:47:15,488] {dagbag.py:487} INFO - Filling up the DagBag from /home/airflow/sandbox/lib/python3.8/site-packages/airflow/example_dags/example_branch_operator.py
[2021-11-28 06:47:15,824] {scheduler_job.py:643} INFO - DAG(s) dict_keys(['example_branch_operator']) retrieved from /home/airflow/sandbox/lib/python3.8/site-packages/airflow/example_dags/example_branch_operator.py
[2021-11-28 06:47:15,996] {logging_mixin.py:104} INFO - [2021-11-28 06:47:15,996] {dag.py:1832} INFO - Sync 1 DAGs
[2021-11-28 06:47:16,080] {logging_mixin.py:104} INFO - [2021-11-28 06:47:16,080] {dag.py:2305} INFO - Setting next_dagrun for example_branch_operator to 2021-11-26 00:00:00+00:00
[2021-11-28 06:47:16,164] {scheduler_job.py:190} INFO - Processing /home/airflow/sandbox/lib/python3.8/site-packages/airflow/example_dags/example_branch_operator.py took 0.713 seconds
[2021-11-28 06:47:46,696] {scheduler_job.py:182} INFO - Started process (PID=43835) to work on /home/airflow/sandbox/lib/python3.8/site-packages/airflow/example_dags/example_branch_operator.py
[2021-11-28 06:47:46,712] {scheduler_job.py:633} INFO - Processing file /home/airflow/sandbox/lib/python3.8/site-packages/airflow/example_dags/example_branch_operator.py for tasks to queue
[2021-11-28 06:47:46,791] {logging_mixin.py:104} INFO - [2021-11-28 06:47:46,790] {dagbag.py:487} INFO - Filling up the DagBag from /home/airflow/sandbox/lib/python3.8/site-packages/airflow/example_dags/example_branch_operator.py
[2021-11-28 06:47:47,227] {scheduler_job.py:643} INFO - DAG(s) dict_keys(['example_branch_operator']) retrieved from /home/airflow/sandbox/lib/python3.8/site-packages/airflow/example_dags/example_branch_operator.py
[2021-11-28 06:47:47,871] {logging_mixin.py:104} INFO - [2021-11-28 06:47:47,870] {dag.py:1832} INFO - Sync 1 DAGs
[2021-11-28 06:47:48,348] {logging_mixin.py:104} INFO - [2021-11-28 06:47:48,348] {dag.py:2305} INFO - Setting next_dagrun for example_branch_operator to 2021-11-26 00:00:00+00:00
[2021-11-28 06:47:48,689] {scheduler_job.py:190} INFO - Processing /home/airflow/sandbox/lib/python3.8/site-packages/airflow/example_dags/example_branch_operator.py took 2.146 seconds
[2021-11-28 06:48:19,816] {scheduler_job.py:182} INFO - Started process (PID=44173) to work on /home/airflow/sandbox/lib/python3.8/site-packages/airflow/example_dags/example_branch_operator.py
[2021-11-28 06:48:19,838] {scheduler_job.py:633} INFO - Processing file /home/airflow/sandbox/lib/python3.8/site-packages/airflow/example_dags/example_branch_operator.py for tasks to queue
[2021-11-28 06:48:19,852] {logging_mixin.py:104} INFO - [2021-11-28 06:48:19,852] {dagbag.py:487} INFO - Filling up the DagBag from /home/airflow/sandbox/lib/python3.8/site-packages/airflow/example_dags/example_branch_operator.py
[2021-11-28 06:48:20,027] {scheduler_job.py:643} INFO - DAG(s) dict_keys(['example_branch_operator']) retrieved from /home/airflow/sandbox/lib/python3.8/site-packages/airflow/example_dags/example_branch_operator.py
[2021-11-28 06:48:20,368] {logging_mixin.py:104} INFO - [2021-11-28 06:48:20,368] {dag.py:1832} INFO - Sync 1 DAGs
[2021-11-28 06:48:20,570] {logging_mixin.py:104} INFO - [2021-11-28 06:48:20,570] {dag.py:2305} INFO - Setting next_dagrun for example_branch_operator to 2021-11-26 00:00:00+00:00
[2021-11-28 06:48:20,723] {scheduler_job.py:190} INFO - Processing /home/airflow/sandbox/lib/python3.8/site-packages/airflow/example_dags/example_branch_operator.py took 0.956 seconds
[2021-11-28 06:48:51,028] {scheduler_job.py:182} INFO - Started process (PID=44372) to work on /home/airflow/sandbox/lib/python3.8/site-packages/airflow/example_dags/example_branch_operator.py
[2021-11-28 06:48:51,037] {scheduler_job.py:633} INFO - Processing file /home/airflow/sandbox/lib/python3.8/site-packages/airflow/example_dags/example_branch_operator.py for tasks to queue
[2021-11-28 06:48:51,039] {logging_mixin.py:104} INFO - [2021-11-28 06:48:51,039] {dagbag.py:487} INFO - Filling up the DagBag from /home/airflow/sandbox/lib/python3.8/site-packages/airflow/example_dags/example_branch_operator.py
[2021-11-28 06:48:51,144] {scheduler_job.py:643} INFO - DAG(s) dict_keys(['example_branch_operator']) retrieved from /home/airflow/sandbox/lib/python3.8/site-packages/airflow/example_dags/example_branch_operator.py
[2021-11-28 06:48:51,275] {logging_mixin.py:104} INFO - [2021-11-28 06:48:51,275] {dag.py:1832} INFO - Sync 1 DAGs
[2021-11-28 06:48:51,347] {logging_mixin.py:104} INFO - [2021-11-28 06:48:51,342] {dag.py:2305} INFO - Setting next_dagrun for example_branch_operator to 2021-11-26 00:00:00+00:00
[2021-11-28 06:48:51,381] {scheduler_job.py:190} INFO - Processing /home/airflow/sandbox/lib/python3.8/site-packages/airflow/example_dags/example_branch_operator.py took 0.397 seconds
[2021-11-28 06:49:21,974] {scheduler_job.py:182} INFO - Started process (PID=44572) to work on /home/airflow/sandbox/lib/python3.8/site-packages/airflow/example_dags/example_branch_operator.py
[2021-11-28 06:49:21,986] {scheduler_job.py:633} INFO - Processing file /home/airflow/sandbox/lib/python3.8/site-packages/airflow/example_dags/example_branch_operator.py for tasks to queue
[2021-11-28 06:49:21,996] {logging_mixin.py:104} INFO - [2021-11-28 06:49:21,995] {dagbag.py:487} INFO - Filling up the DagBag from /home/airflow/sandbox/lib/python3.8/site-packages/airflow/example_dags/example_branch_operator.py
[2021-11-28 06:49:22,086] {scheduler_job.py:643} INFO - DAG(s) dict_keys(['example_branch_operator']) retrieved from /home/airflow/sandbox/lib/python3.8/site-packages/airflow/example_dags/example_branch_operator.py
[2021-11-28 06:49:22,190] {logging_mixin.py:104} INFO - [2021-11-28 06:49:22,190] {dag.py:1832} INFO - Sync 1 DAGs
[2021-11-28 06:49:22,234] {logging_mixin.py:104} INFO - [2021-11-28 06:49:22,234] {dag.py:2305} INFO - Setting next_dagrun for example_branch_operator to 2021-11-26 00:00:00+00:00
[2021-11-28 06:49:22,267] {scheduler_job.py:190} INFO - Processing /home/airflow/sandbox/lib/python3.8/site-packages/airflow/example_dags/example_branch_operator.py took 0.311 seconds
[2021-11-28 06:49:52,726] {scheduler_job.py:182} INFO - Started process (PID=44771) to work on /home/airflow/sandbox/lib/python3.8/site-packages/airflow/example_dags/example_branch_operator.py
[2021-11-28 06:49:52,750] {scheduler_job.py:633} INFO - Processing file /home/airflow/sandbox/lib/python3.8/site-packages/airflow/example_dags/example_branch_operator.py for tasks to queue
[2021-11-28 06:49:52,756] {logging_mixin.py:104} INFO - [2021-11-28 06:49:52,756] {dagbag.py:487} INFO - Filling up the DagBag from /home/airflow/sandbox/lib/python3.8/site-packages/airflow/example_dags/example_branch_operator.py
[2021-11-28 06:49:52,792] {scheduler_job.py:643} INFO - DAG(s) dict_keys(['example_branch_operator']) retrieved from /home/airflow/sandbox/lib/python3.8/site-packages/airflow/example_dags/example_branch_operator.py
[2021-11-28 06:49:52,893] {logging_mixin.py:104} INFO - [2021-11-28 06:49:52,892] {dag.py:1832} INFO - Sync 1 DAGs
[2021-11-28 06:49:52,931] {logging_mixin.py:104} INFO - [2021-11-28 06:49:52,931] {dag.py:2305} INFO - Setting next_dagrun for example_branch_operator to 2021-11-26 00:00:00+00:00
[2021-11-28 06:49:52,977] {scheduler_job.py:190} INFO - Processing /home/airflow/sandbox/lib/python3.8/site-packages/airflow/example_dags/example_branch_operator.py took 0.274 seconds
[2021-11-28 06:50:23,838] {scheduler_job.py:182} INFO - Started process (PID=44968) to work on /home/airflow/sandbox/lib/python3.8/site-packages/airflow/example_dags/example_branch_operator.py
[2021-11-28 06:50:23,854] {scheduler_job.py:633} INFO - Processing file /home/airflow/sandbox/lib/python3.8/site-packages/airflow/example_dags/example_branch_operator.py for tasks to queue
[2021-11-28 06:50:23,855] {logging_mixin.py:104} INFO - [2021-11-28 06:50:23,855] {dagbag.py:487} INFO - Filling up the DagBag from /home/airflow/sandbox/lib/python3.8/site-packages/airflow/example_dags/example_branch_operator.py
[2021-11-28 06:50:23,959] {scheduler_job.py:643} INFO - DAG(s) dict_keys(['example_branch_operator']) retrieved from /home/airflow/sandbox/lib/python3.8/site-packages/airflow/example_dags/example_branch_operator.py
[2021-11-28 06:50:24,034] {logging_mixin.py:104} INFO - [2021-11-28 06:50:24,033] {dag.py:1832} INFO - Sync 1 DAGs
[2021-11-28 06:50:24,081] {logging_mixin.py:104} INFO - [2021-11-28 06:50:24,081] {dag.py:2305} INFO - Setting next_dagrun for example_branch_operator to 2021-11-26 00:00:00+00:00
[2021-11-28 06:50:24,129] {scheduler_job.py:190} INFO - Processing /home/airflow/sandbox/lib/python3.8/site-packages/airflow/example_dags/example_branch_operator.py took 0.312 seconds
[2021-11-28 06:50:56,106] {scheduler_job.py:182} INFO - Started process (PID=45157) to work on /home/airflow/sandbox/lib/python3.8/site-packages/airflow/example_dags/example_branch_operator.py
[2021-11-28 06:50:56,111] {scheduler_job.py:633} INFO - Processing file /home/airflow/sandbox/lib/python3.8/site-packages/airflow/example_dags/example_branch_operator.py for tasks to queue
[2021-11-28 06:50:56,112] {logging_mixin.py:104} INFO - [2021-11-28 06:50:56,112] {dagbag.py:487} INFO - Filling up the DagBag from /home/airflow/sandbox/lib/python3.8/site-packages/airflow/example_dags/example_branch_operator.py
[2021-11-28 06:50:56,212] {scheduler_job.py:643} INFO - DAG(s) dict_keys(['example_branch_operator']) retrieved from /home/airflow/sandbox/lib/python3.8/site-packages/airflow/example_dags/example_branch_operator.py
[2021-11-28 06:50:56,344] {logging_mixin.py:104} INFO - [2021-11-28 06:50:56,344] {dag.py:1832} INFO - Sync 1 DAGs
[2021-11-28 06:50:56,453] {logging_mixin.py:104} INFO - [2021-11-28 06:50:56,453] {dag.py:2305} INFO - Setting next_dagrun for example_branch_operator to 2021-11-26 00:00:00+00:00
[2021-11-28 06:50:56,523] {scheduler_job.py:190} INFO - Processing /home/airflow/sandbox/lib/python3.8/site-packages/airflow/example_dags/example_branch_operator.py took 0.437 seconds
[2021-11-28 06:51:27,332] {scheduler_job.py:182} INFO - Started process (PID=45350) to work on /home/airflow/sandbox/lib/python3.8/site-packages/airflow/example_dags/example_branch_operator.py
[2021-11-28 06:51:27,341] {scheduler_job.py:633} INFO - Processing file /home/airflow/sandbox/lib/python3.8/site-packages/airflow/example_dags/example_branch_operator.py for tasks to queue
[2021-11-28 06:51:27,344] {logging_mixin.py:104} INFO - [2021-11-28 06:51:27,344] {dagbag.py:487} INFO - Filling up the DagBag from /home/airflow/sandbox/lib/python3.8/site-packages/airflow/example_dags/example_branch_operator.py
[2021-11-28 06:51:27,407] {scheduler_job.py:643} INFO - DAG(s) dict_keys(['example_branch_operator']) retrieved from /home/airflow/sandbox/lib/python3.8/site-packages/airflow/example_dags/example_branch_operator.py
[2021-11-28 06:51:27,555] {logging_mixin.py:104} INFO - [2021-11-28 06:51:27,554] {dag.py:1832} INFO - Sync 1 DAGs
[2021-11-28 06:51:27,635] {logging_mixin.py:104} INFO - [2021-11-28 06:51:27,635] {dag.py:2305} INFO - Setting next_dagrun for example_branch_operator to 2021-11-26 00:00:00+00:00
[2021-11-28 06:51:27,681] {scheduler_job.py:190} INFO - Processing /home/airflow/sandbox/lib/python3.8/site-packages/airflow/example_dags/example_branch_operator.py took 0.368 seconds
[2021-11-28 06:52:00,488] {scheduler_job.py:182} INFO - Started process (PID=45554) to work on /home/airflow/sandbox/lib/python3.8/site-packages/airflow/example_dags/example_branch_operator.py
[2021-11-28 06:52:00,508] {scheduler_job.py:633} INFO - Processing file /home/airflow/sandbox/lib/python3.8/site-packages/airflow/example_dags/example_branch_operator.py for tasks to queue
[2021-11-28 06:52:00,517] {logging_mixin.py:104} INFO - [2021-11-28 06:52:00,517] {dagbag.py:487} INFO - Filling up the DagBag from /home/airflow/sandbox/lib/python3.8/site-packages/airflow/example_dags/example_branch_operator.py
[2021-11-28 06:52:00,671] {scheduler_job.py:643} INFO - DAG(s) dict_keys(['example_branch_operator']) retrieved from /home/airflow/sandbox/lib/python3.8/site-packages/airflow/example_dags/example_branch_operator.py
[2021-11-28 06:52:00,850] {logging_mixin.py:104} INFO - [2021-11-28 06:52:00,843] {dag.py:1832} INFO - Sync 1 DAGs
[2021-11-28 06:52:00,935] {logging_mixin.py:104} INFO - [2021-11-28 06:52:00,935] {dag.py:2305} INFO - Setting next_dagrun for example_branch_operator to 2021-11-26 00:00:00+00:00
[2021-11-28 06:52:01,018] {scheduler_job.py:190} INFO - Processing /home/airflow/sandbox/lib/python3.8/site-packages/airflow/example_dags/example_branch_operator.py took 0.550 seconds
[2021-11-28 06:52:37,525] {scheduler_job.py:182} INFO - Started process (PID=45756) to work on /home/airflow/sandbox/lib/python3.8/site-packages/airflow/example_dags/example_branch_operator.py
[2021-11-28 06:52:37,533] {scheduler_job.py:633} INFO - Processing file /home/airflow/sandbox/lib/python3.8/site-packages/airflow/example_dags/example_branch_operator.py for tasks to queue
[2021-11-28 06:52:37,534] {logging_mixin.py:104} INFO - [2021-11-28 06:52:37,534] {dagbag.py:487} INFO - Filling up the DagBag from /home/airflow/sandbox/lib/python3.8/site-packages/airflow/example_dags/example_branch_operator.py
[2021-11-28 06:52:37,635] {scheduler_job.py:643} INFO - DAG(s) dict_keys(['example_branch_operator']) retrieved from /home/airflow/sandbox/lib/python3.8/site-packages/airflow/example_dags/example_branch_operator.py
[2021-11-28 06:52:37,851] {logging_mixin.py:104} INFO - [2021-11-28 06:52:37,851] {dag.py:1832} INFO - Sync 1 DAGs
[2021-11-28 06:52:38,017] {logging_mixin.py:104} INFO - [2021-11-28 06:52:38,016] {dag.py:2305} INFO - Setting next_dagrun for example_branch_operator to 2021-11-26 00:00:00+00:00
[2021-11-28 06:52:38,090] {scheduler_job.py:190} INFO - Processing /home/airflow/sandbox/lib/python3.8/site-packages/airflow/example_dags/example_branch_operator.py took 0.563 seconds
[2021-11-28 06:53:08,573] {scheduler_job.py:182} INFO - Started process (PID=46193) to work on /home/airflow/sandbox/lib/python3.8/site-packages/airflow/example_dags/example_branch_operator.py
[2021-11-28 06:53:08,607] {scheduler_job.py:633} INFO - Processing file /home/airflow/sandbox/lib/python3.8/site-packages/airflow/example_dags/example_branch_operator.py for tasks to queue
[2021-11-28 06:53:08,625] {logging_mixin.py:104} INFO - [2021-11-28 06:53:08,624] {dagbag.py:487} INFO - Filling up the DagBag from /home/airflow/sandbox/lib/python3.8/site-packages/airflow/example_dags/example_branch_operator.py
[2021-11-28 06:53:08,894] {scheduler_job.py:643} INFO - DAG(s) dict_keys(['example_branch_operator']) retrieved from /home/airflow/sandbox/lib/python3.8/site-packages/airflow/example_dags/example_branch_operator.py
[2021-11-28 06:53:09,152] {logging_mixin.py:104} INFO - [2021-11-28 06:53:09,151] {dag.py:1832} INFO - Sync 1 DAGs
[2021-11-28 06:53:09,274] {logging_mixin.py:104} INFO - [2021-11-28 06:53:09,274] {dag.py:2305} INFO - Setting next_dagrun for example_branch_operator to 2021-11-26 00:00:00+00:00
[2021-11-28 06:53:09,327] {scheduler_job.py:190} INFO - Processing /home/airflow/sandbox/lib/python3.8/site-packages/airflow/example_dags/example_branch_operator.py took 0.892 seconds
[2021-11-28 06:53:39,604] {scheduler_job.py:182} INFO - Started process (PID=46392) to work on /home/airflow/sandbox/lib/python3.8/site-packages/airflow/example_dags/example_branch_operator.py
[2021-11-28 06:53:39,612] {scheduler_job.py:633} INFO - Processing file /home/airflow/sandbox/lib/python3.8/site-packages/airflow/example_dags/example_branch_operator.py for tasks to queue
[2021-11-28 06:53:39,621] {logging_mixin.py:104} INFO - [2021-11-28 06:53:39,620] {dagbag.py:487} INFO - Filling up the DagBag from /home/airflow/sandbox/lib/python3.8/site-packages/airflow/example_dags/example_branch_operator.py
[2021-11-28 06:53:39,690] {scheduler_job.py:643} INFO - DAG(s) dict_keys(['example_branch_operator']) retrieved from /home/airflow/sandbox/lib/python3.8/site-packages/airflow/example_dags/example_branch_operator.py
[2021-11-28 06:53:39,822] {logging_mixin.py:104} INFO - [2021-11-28 06:53:39,822] {dag.py:1832} INFO - Sync 1 DAGs
[2021-11-28 06:53:39,929] {logging_mixin.py:104} INFO - [2021-11-28 06:53:39,929] {dag.py:2305} INFO - Setting next_dagrun for example_branch_operator to 2021-11-26 00:00:00+00:00
[2021-11-28 06:53:40,010] {scheduler_job.py:190} INFO - Processing /home/airflow/sandbox/lib/python3.8/site-packages/airflow/example_dags/example_branch_operator.py took 0.426 seconds
[2021-11-28 06:54:11,914] {scheduler_job.py:182} INFO - Started process (PID=46592) to work on /home/airflow/sandbox/lib/python3.8/site-packages/airflow/example_dags/example_branch_operator.py
[2021-11-28 06:54:11,922] {scheduler_job.py:633} INFO - Processing file /home/airflow/sandbox/lib/python3.8/site-packages/airflow/example_dags/example_branch_operator.py for tasks to queue
[2021-11-28 06:54:11,925] {logging_mixin.py:104} INFO - [2021-11-28 06:54:11,924] {dagbag.py:487} INFO - Filling up the DagBag from /home/airflow/sandbox/lib/python3.8/site-packages/airflow/example_dags/example_branch_operator.py
[2021-11-28 06:54:12,041] {scheduler_job.py:643} INFO - DAG(s) dict_keys(['example_branch_operator']) retrieved from /home/airflow/sandbox/lib/python3.8/site-packages/airflow/example_dags/example_branch_operator.py
[2021-11-28 06:54:12,244] {logging_mixin.py:104} INFO - [2021-11-28 06:54:12,244] {dag.py:1832} INFO - Sync 1 DAGs
[2021-11-28 06:54:12,390] {logging_mixin.py:104} INFO - [2021-11-28 06:54:12,389] {dag.py:2305} INFO - Setting next_dagrun for example_branch_operator to 2021-11-26 00:00:00+00:00
[2021-11-28 06:54:12,489] {scheduler_job.py:190} INFO - Processing /home/airflow/sandbox/lib/python3.8/site-packages/airflow/example_dags/example_branch_operator.py took 0.601 seconds
[2021-11-28 06:54:43,357] {scheduler_job.py:182} INFO - Started process (PID=46791) to work on /home/airflow/sandbox/lib/python3.8/site-packages/airflow/example_dags/example_branch_operator.py
[2021-11-28 06:54:43,376] {scheduler_job.py:633} INFO - Processing file /home/airflow/sandbox/lib/python3.8/site-packages/airflow/example_dags/example_branch_operator.py for tasks to queue
[2021-11-28 06:54:43,393] {logging_mixin.py:104} INFO - [2021-11-28 06:54:43,392] {dagbag.py:487} INFO - Filling up the DagBag from /home/airflow/sandbox/lib/python3.8/site-packages/airflow/example_dags/example_branch_operator.py
[2021-11-28 06:54:43,491] {scheduler_job.py:643} INFO - DAG(s) dict_keys(['example_branch_operator']) retrieved from /home/airflow/sandbox/lib/python3.8/site-packages/airflow/example_dags/example_branch_operator.py
[2021-11-28 06:54:43,596] {logging_mixin.py:104} INFO - [2021-11-28 06:54:43,596] {dag.py:1832} INFO - Sync 1 DAGs
[2021-11-28 06:54:43,661] {logging_mixin.py:104} INFO - [2021-11-28 06:54:43,661] {dag.py:2305} INFO - Setting next_dagrun for example_branch_operator to 2021-11-26 00:00:00+00:00
[2021-11-28 06:54:43,731] {scheduler_job.py:190} INFO - Processing /home/airflow/sandbox/lib/python3.8/site-packages/airflow/example_dags/example_branch_operator.py took 0.399 seconds
[2021-11-28 06:55:13,919] {scheduler_job.py:182} INFO - Started process (PID=46990) to work on /home/airflow/sandbox/lib/python3.8/site-packages/airflow/example_dags/example_branch_operator.py
[2021-11-28 06:55:13,928] {scheduler_job.py:633} INFO - Processing file /home/airflow/sandbox/lib/python3.8/site-packages/airflow/example_dags/example_branch_operator.py for tasks to queue
[2021-11-28 06:55:13,933] {logging_mixin.py:104} INFO - [2021-11-28 06:55:13,933] {dagbag.py:487} INFO - Filling up the DagBag from /home/airflow/sandbox/lib/python3.8/site-packages/airflow/example_dags/example_branch_operator.py
[2021-11-28 06:55:13,994] {scheduler_job.py:643} INFO - DAG(s) dict_keys(['example_branch_operator']) retrieved from /home/airflow/sandbox/lib/python3.8/site-packages/airflow/example_dags/example_branch_operator.py
[2021-11-28 06:55:14,096] {logging_mixin.py:104} INFO - [2021-11-28 06:55:14,096] {dag.py:1832} INFO - Sync 1 DAGs
[2021-11-28 06:55:14,209] {logging_mixin.py:104} INFO - [2021-11-28 06:55:14,208] {dag.py:2305} INFO - Setting next_dagrun for example_branch_operator to 2021-11-26 00:00:00+00:00
[2021-11-28 06:55:14,260] {scheduler_job.py:190} INFO - Processing /home/airflow/sandbox/lib/python3.8/site-packages/airflow/example_dags/example_branch_operator.py took 0.356 seconds
[2021-11-28 06:55:44,584] {scheduler_job.py:182} INFO - Started process (PID=47186) to work on /home/airflow/sandbox/lib/python3.8/site-packages/airflow/example_dags/example_branch_operator.py
[2021-11-28 06:55:44,586] {scheduler_job.py:633} INFO - Processing file /home/airflow/sandbox/lib/python3.8/site-packages/airflow/example_dags/example_branch_operator.py for tasks to queue
[2021-11-28 06:55:44,587] {logging_mixin.py:104} INFO - [2021-11-28 06:55:44,587] {dagbag.py:487} INFO - Filling up the DagBag from /home/airflow/sandbox/lib/python3.8/site-packages/airflow/example_dags/example_branch_operator.py
[2021-11-28 06:55:44,691] {scheduler_job.py:643} INFO - DAG(s) dict_keys(['example_branch_operator']) retrieved from /home/airflow/sandbox/lib/python3.8/site-packages/airflow/example_dags/example_branch_operator.py
[2021-11-28 06:55:44,863] {logging_mixin.py:104} INFO - [2021-11-28 06:55:44,863] {dag.py:1832} INFO - Sync 1 DAGs
[2021-11-28 06:55:44,976] {logging_mixin.py:104} INFO - [2021-11-28 06:55:44,976] {dag.py:2305} INFO - Setting next_dagrun for example_branch_operator to 2021-11-26 00:00:00+00:00
[2021-11-28 06:55:45,006] {scheduler_job.py:190} INFO - Processing /home/airflow/sandbox/lib/python3.8/site-packages/airflow/example_dags/example_branch_operator.py took 0.453 seconds
[2021-11-28 06:56:15,490] {scheduler_job.py:182} INFO - Started process (PID=47389) to work on /home/airflow/sandbox/lib/python3.8/site-packages/airflow/example_dags/example_branch_operator.py
[2021-11-28 06:56:15,497] {scheduler_job.py:633} INFO - Processing file /home/airflow/sandbox/lib/python3.8/site-packages/airflow/example_dags/example_branch_operator.py for tasks to queue
[2021-11-28 06:56:15,500] {logging_mixin.py:104} INFO - [2021-11-28 06:56:15,500] {dagbag.py:487} INFO - Filling up the DagBag from /home/airflow/sandbox/lib/python3.8/site-packages/airflow/example_dags/example_branch_operator.py
[2021-11-28 06:56:15,534] {scheduler_job.py:643} INFO - DAG(s) dict_keys(['example_branch_operator']) retrieved from /home/airflow/sandbox/lib/python3.8/site-packages/airflow/example_dags/example_branch_operator.py
[2021-11-28 06:56:15,640] {logging_mixin.py:104} INFO - [2021-11-28 06:56:15,639] {dag.py:1832} INFO - Sync 1 DAGs
[2021-11-28 06:56:15,679] {logging_mixin.py:104} INFO - [2021-11-28 06:56:15,679] {dag.py:2305} INFO - Setting next_dagrun for example_branch_operator to 2021-11-26 00:00:00+00:00
[2021-11-28 06:56:15,715] {scheduler_job.py:190} INFO - Processing /home/airflow/sandbox/lib/python3.8/site-packages/airflow/example_dags/example_branch_operator.py took 0.235 seconds
[2021-11-28 06:56:45,924] {scheduler_job.py:182} INFO - Started process (PID=47586) to work on /home/airflow/sandbox/lib/python3.8/site-packages/airflow/example_dags/example_branch_operator.py
[2021-11-28 06:56:45,934] {scheduler_job.py:633} INFO - Processing file /home/airflow/sandbox/lib/python3.8/site-packages/airflow/example_dags/example_branch_operator.py for tasks to queue
[2021-11-28 06:56:45,936] {logging_mixin.py:104} INFO - [2021-11-28 06:56:45,936] {dagbag.py:487} INFO - Filling up the DagBag from /home/airflow/sandbox/lib/python3.8/site-packages/airflow/example_dags/example_branch_operator.py
[2021-11-28 06:56:46,194] {scheduler_job.py:643} INFO - DAG(s) dict_keys(['example_branch_operator']) retrieved from /home/airflow/sandbox/lib/python3.8/site-packages/airflow/example_dags/example_branch_operator.py
[2021-11-28 06:56:46,320] {logging_mixin.py:104} INFO - [2021-11-28 06:56:46,319] {dag.py:1832} INFO - Sync 1 DAGs
[2021-11-28 06:56:46,393] {logging_mixin.py:104} INFO - [2021-11-28 06:56:46,393] {dag.py:2305} INFO - Setting next_dagrun for example_branch_operator to 2021-11-26 00:00:00+00:00
[2021-11-28 06:56:46,437] {scheduler_job.py:190} INFO - Processing /home/airflow/sandbox/lib/python3.8/site-packages/airflow/example_dags/example_branch_operator.py took 0.553 seconds
[2021-11-28 06:57:16,735] {scheduler_job.py:182} INFO - Started process (PID=47782) to work on /home/airflow/sandbox/lib/python3.8/site-packages/airflow/example_dags/example_branch_operator.py
[2021-11-28 06:57:16,750] {scheduler_job.py:633} INFO - Processing file /home/airflow/sandbox/lib/python3.8/site-packages/airflow/example_dags/example_branch_operator.py for tasks to queue
[2021-11-28 06:57:16,752] {logging_mixin.py:104} INFO - [2021-11-28 06:57:16,752] {dagbag.py:487} INFO - Filling up the DagBag from /home/airflow/sandbox/lib/python3.8/site-packages/airflow/example_dags/example_branch_operator.py
[2021-11-28 06:57:16,910] {scheduler_job.py:643} INFO - DAG(s) dict_keys(['example_branch_operator']) retrieved from /home/airflow/sandbox/lib/python3.8/site-packages/airflow/example_dags/example_branch_operator.py
[2021-11-28 06:57:17,093] {logging_mixin.py:104} INFO - [2021-11-28 06:57:17,093] {dag.py:1832} INFO - Sync 1 DAGs
[2021-11-28 06:57:17,286] {logging_mixin.py:104} INFO - [2021-11-28 06:57:17,285] {dag.py:2305} INFO - Setting next_dagrun for example_branch_operator to 2021-11-26 00:00:00+00:00
[2021-11-28 06:57:17,379] {scheduler_job.py:190} INFO - Processing /home/airflow/sandbox/lib/python3.8/site-packages/airflow/example_dags/example_branch_operator.py took 0.671 seconds
[2021-11-28 06:57:51,003] {scheduler_job.py:182} INFO - Started process (PID=48153) to work on /home/airflow/sandbox/lib/python3.8/site-packages/airflow/example_dags/example_branch_operator.py
[2021-11-28 06:57:51,014] {scheduler_job.py:633} INFO - Processing file /home/airflow/sandbox/lib/python3.8/site-packages/airflow/example_dags/example_branch_operator.py for tasks to queue
[2021-11-28 06:57:51,025] {logging_mixin.py:104} INFO - [2021-11-28 06:57:51,024] {dagbag.py:487} INFO - Filling up the DagBag from /home/airflow/sandbox/lib/python3.8/site-packages/airflow/example_dags/example_branch_operator.py
[2021-11-28 06:57:51,120] {scheduler_job.py:643} INFO - DAG(s) dict_keys(['example_branch_operator']) retrieved from /home/airflow/sandbox/lib/python3.8/site-packages/airflow/example_dags/example_branch_operator.py
[2021-11-28 06:57:51,235] {logging_mixin.py:104} INFO - [2021-11-28 06:57:51,235] {dag.py:1832} INFO - Sync 1 DAGs
[2021-11-28 06:57:51,340] {logging_mixin.py:104} INFO - [2021-11-28 06:57:51,339] {dag.py:2305} INFO - Setting next_dagrun for example_branch_operator to 2021-11-26 00:00:00+00:00
[2021-11-28 06:57:51,407] {scheduler_job.py:190} INFO - Processing /home/airflow/sandbox/lib/python3.8/site-packages/airflow/example_dags/example_branch_operator.py took 0.449 seconds
[2021-11-28 06:58:22,357] {scheduler_job.py:182} INFO - Started process (PID=48426) to work on /home/airflow/sandbox/lib/python3.8/site-packages/airflow/example_dags/example_branch_operator.py
[2021-11-28 06:58:22,361] {scheduler_job.py:633} INFO - Processing file /home/airflow/sandbox/lib/python3.8/site-packages/airflow/example_dags/example_branch_operator.py for tasks to queue
[2021-11-28 06:58:22,363] {logging_mixin.py:104} INFO - [2021-11-28 06:58:22,363] {dagbag.py:487} INFO - Filling up the DagBag from /home/airflow/sandbox/lib/python3.8/site-packages/airflow/example_dags/example_branch_operator.py
[2021-11-28 06:58:22,441] {scheduler_job.py:643} INFO - DAG(s) dict_keys(['example_branch_operator']) retrieved from /home/airflow/sandbox/lib/python3.8/site-packages/airflow/example_dags/example_branch_operator.py
[2021-11-28 06:58:22,565] {logging_mixin.py:104} INFO - [2021-11-28 06:58:22,565] {dag.py:1832} INFO - Sync 1 DAGs
[2021-11-28 06:58:22,642] {logging_mixin.py:104} INFO - [2021-11-28 06:58:22,641] {dag.py:2305} INFO - Setting next_dagrun for example_branch_operator to 2021-11-26 00:00:00+00:00
[2021-11-28 06:58:22,715] {scheduler_job.py:190} INFO - Processing /home/airflow/sandbox/lib/python3.8/site-packages/airflow/example_dags/example_branch_operator.py took 0.428 seconds
[2021-11-28 06:58:52,911] {scheduler_job.py:182} INFO - Started process (PID=48624) to work on /home/airflow/sandbox/lib/python3.8/site-packages/airflow/example_dags/example_branch_operator.py
[2021-11-28 06:58:52,919] {scheduler_job.py:633} INFO - Processing file /home/airflow/sandbox/lib/python3.8/site-packages/airflow/example_dags/example_branch_operator.py for tasks to queue
[2021-11-28 06:58:52,922] {logging_mixin.py:104} INFO - [2021-11-28 06:58:52,922] {dagbag.py:487} INFO - Filling up the DagBag from /home/airflow/sandbox/lib/python3.8/site-packages/airflow/example_dags/example_branch_operator.py
[2021-11-28 06:58:52,964] {scheduler_job.py:643} INFO - DAG(s) dict_keys(['example_branch_operator']) retrieved from /home/airflow/sandbox/lib/python3.8/site-packages/airflow/example_dags/example_branch_operator.py
[2021-11-28 06:58:53,049] {logging_mixin.py:104} INFO - [2021-11-28 06:58:53,048] {dag.py:1832} INFO - Sync 1 DAGs
[2021-11-28 06:58:53,092] {logging_mixin.py:104} INFO - [2021-11-28 06:58:53,092] {dag.py:2305} INFO - Setting next_dagrun for example_branch_operator to 2021-11-26 00:00:00+00:00
[2021-11-28 06:58:53,134] {scheduler_job.py:190} INFO - Processing /home/airflow/sandbox/lib/python3.8/site-packages/airflow/example_dags/example_branch_operator.py took 0.229 seconds
[2021-11-28 06:59:26,505] {scheduler_job.py:182} INFO - Started process (PID=48833) to work on /home/airflow/sandbox/lib/python3.8/site-packages/airflow/example_dags/example_branch_operator.py
[2021-11-28 06:59:26,533] {scheduler_job.py:633} INFO - Processing file /home/airflow/sandbox/lib/python3.8/site-packages/airflow/example_dags/example_branch_operator.py for tasks to queue
[2021-11-28 06:59:26,552] {logging_mixin.py:104} INFO - [2021-11-28 06:59:26,551] {dagbag.py:487} INFO - Filling up the DagBag from /home/airflow/sandbox/lib/python3.8/site-packages/airflow/example_dags/example_branch_operator.py
[2021-11-28 06:59:26,671] {scheduler_job.py:643} INFO - DAG(s) dict_keys(['example_branch_operator']) retrieved from /home/airflow/sandbox/lib/python3.8/site-packages/airflow/example_dags/example_branch_operator.py
[2021-11-28 06:59:26,816] {logging_mixin.py:104} INFO - [2021-11-28 06:59:26,815] {dag.py:1832} INFO - Sync 1 DAGs
[2021-11-28 06:59:26,926] {logging_mixin.py:104} INFO - [2021-11-28 06:59:26,925] {dag.py:2305} INFO - Setting next_dagrun for example_branch_operator to 2021-11-26 00:00:00+00:00
[2021-11-28 06:59:26,987] {scheduler_job.py:190} INFO - Processing /home/airflow/sandbox/lib/python3.8/site-packages/airflow/example_dags/example_branch_operator.py took 0.497 seconds
[2021-11-28 06:59:58,730] {scheduler_job.py:182} INFO - Started process (PID=49038) to work on /home/airflow/sandbox/lib/python3.8/site-packages/airflow/example_dags/example_branch_operator.py
[2021-11-28 06:59:58,735] {scheduler_job.py:633} INFO - Processing file /home/airflow/sandbox/lib/python3.8/site-packages/airflow/example_dags/example_branch_operator.py for tasks to queue
[2021-11-28 06:59:58,736] {logging_mixin.py:104} INFO - [2021-11-28 06:59:58,736] {dagbag.py:487} INFO - Filling up the DagBag from /home/airflow/sandbox/lib/python3.8/site-packages/airflow/example_dags/example_branch_operator.py
[2021-11-28 06:59:58,847] {scheduler_job.py:643} INFO - DAG(s) dict_keys(['example_branch_operator']) retrieved from /home/airflow/sandbox/lib/python3.8/site-packages/airflow/example_dags/example_branch_operator.py
[2021-11-28 06:59:59,036] {logging_mixin.py:104} INFO - [2021-11-28 06:59:59,036] {dag.py:1832} INFO - Sync 1 DAGs
[2021-11-28 06:59:59,137] {logging_mixin.py:104} INFO - [2021-11-28 06:59:59,137] {dag.py:2305} INFO - Setting next_dagrun for example_branch_operator to 2021-11-26 00:00:00+00:00
[2021-11-28 06:59:59,218] {scheduler_job.py:190} INFO - Processing /home/airflow/sandbox/lib/python3.8/site-packages/airflow/example_dags/example_branch_operator.py took 0.513 seconds
[2021-11-28 07:00:40,619] {scheduler_job.py:182} INFO - Started process (PID=49250) to work on /home/airflow/sandbox/lib/python3.8/site-packages/airflow/example_dags/example_branch_operator.py
[2021-11-28 07:00:40,655] {scheduler_job.py:633} INFO - Processing file /home/airflow/sandbox/lib/python3.8/site-packages/airflow/example_dags/example_branch_operator.py for tasks to queue
[2021-11-28 07:00:40,657] {logging_mixin.py:104} INFO - [2021-11-28 07:00:40,656] {dagbag.py:487} INFO - Filling up the DagBag from /home/airflow/sandbox/lib/python3.8/site-packages/airflow/example_dags/example_branch_operator.py
[2021-11-28 07:00:40,965] {scheduler_job.py:643} INFO - DAG(s) dict_keys(['example_branch_operator']) retrieved from /home/airflow/sandbox/lib/python3.8/site-packages/airflow/example_dags/example_branch_operator.py
[2021-11-28 07:00:41,387] {logging_mixin.py:104} INFO - [2021-11-28 07:00:41,387] {dag.py:1832} INFO - Sync 1 DAGs
[2021-11-28 07:00:41,814] {logging_mixin.py:104} INFO - [2021-11-28 07:00:41,778] {dag.py:2305} INFO - Setting next_dagrun for example_branch_operator to 2021-11-26 00:00:00+00:00
[2021-11-28 07:00:42,000] {scheduler_job.py:190} INFO - Processing /home/airflow/sandbox/lib/python3.8/site-packages/airflow/example_dags/example_branch_operator.py took 1.486 seconds
