[2021-11-28 06:22:46,011] {scheduler_job.py:182} INFO - Started process (PID=30965) to work on /home/airflow/sandbox/lib/python3.8/site-packages/airflow/example_dags/example_branch_datetime_operator.py
[2021-11-28 06:22:46,016] {scheduler_job.py:633} INFO - Processing file /home/airflow/sandbox/lib/python3.8/site-packages/airflow/example_dags/example_branch_datetime_operator.py for tasks to queue
[2021-11-28 06:22:46,017] {logging_mixin.py:104} INFO - [2021-11-28 06:22:46,017] {dagbag.py:487} INFO - Filling up the DagBag from /home/airflow/sandbox/lib/python3.8/site-packages/airflow/example_dags/example_branch_datetime_operator.py
[2021-11-28 06:22:46,172] {scheduler_job.py:643} INFO - DAG(s) dict_keys(['example_branch_datetime_operator_2']) retrieved from /home/airflow/sandbox/lib/python3.8/site-packages/airflow/example_dags/example_branch_datetime_operator.py
[2021-11-28 06:22:46,405] {logging_mixin.py:104} INFO - [2021-11-28 06:22:46,404] {dag.py:1832} INFO - Sync 1 DAGs
[2021-11-28 06:22:46,536] {logging_mixin.py:104} INFO - [2021-11-28 06:22:46,536] {dag.py:2305} INFO - Setting next_dagrun for example_branch_datetime_operator_2 to 2021-11-26 00:00:00+00:00
[2021-11-28 06:22:46,643] {scheduler_job.py:190} INFO - Processing /home/airflow/sandbox/lib/python3.8/site-packages/airflow/example_dags/example_branch_datetime_operator.py took 0.677 seconds
[2021-11-28 06:23:27,944] {scheduler_job.py:182} INFO - Started process (PID=31278) to work on /home/airflow/sandbox/lib/python3.8/site-packages/airflow/example_dags/example_branch_datetime_operator.py
[2021-11-28 06:23:27,967] {scheduler_job.py:633} INFO - Processing file /home/airflow/sandbox/lib/python3.8/site-packages/airflow/example_dags/example_branch_datetime_operator.py for tasks to queue
[2021-11-28 06:23:27,969] {logging_mixin.py:104} INFO - [2021-11-28 06:23:27,968] {dagbag.py:487} INFO - Filling up the DagBag from /home/airflow/sandbox/lib/python3.8/site-packages/airflow/example_dags/example_branch_datetime_operator.py
[2021-11-28 06:23:28,180] {scheduler_job.py:643} INFO - DAG(s) dict_keys(['example_branch_datetime_operator_2']) retrieved from /home/airflow/sandbox/lib/python3.8/site-packages/airflow/example_dags/example_branch_datetime_operator.py
[2021-11-28 06:23:28,396] {logging_mixin.py:104} INFO - [2021-11-28 06:23:28,396] {dag.py:1832} INFO - Sync 1 DAGs
[2021-11-28 06:23:28,706] {logging_mixin.py:104} INFO - [2021-11-28 06:23:28,706] {dag.py:2305} INFO - Setting next_dagrun for example_branch_datetime_operator_2 to 2021-11-26 00:00:00+00:00
[2021-11-28 06:23:28,936] {scheduler_job.py:190} INFO - Processing /home/airflow/sandbox/lib/python3.8/site-packages/airflow/example_dags/example_branch_datetime_operator.py took 1.042 seconds
[2021-11-28 06:24:11,444] {scheduler_job.py:182} INFO - Started process (PID=31506) to work on /home/airflow/sandbox/lib/python3.8/site-packages/airflow/example_dags/example_branch_datetime_operator.py
[2021-11-28 06:24:11,484] {scheduler_job.py:633} INFO - Processing file /home/airflow/sandbox/lib/python3.8/site-packages/airflow/example_dags/example_branch_datetime_operator.py for tasks to queue
[2021-11-28 06:24:11,485] {logging_mixin.py:104} INFO - [2021-11-28 06:24:11,485] {dagbag.py:487} INFO - Filling up the DagBag from /home/airflow/sandbox/lib/python3.8/site-packages/airflow/example_dags/example_branch_datetime_operator.py
[2021-11-28 06:24:11,712] {scheduler_job.py:643} INFO - DAG(s) dict_keys(['example_branch_datetime_operator_2']) retrieved from /home/airflow/sandbox/lib/python3.8/site-packages/airflow/example_dags/example_branch_datetime_operator.py
[2021-11-28 06:24:12,240] {logging_mixin.py:104} INFO - [2021-11-28 06:24:12,240] {dag.py:1832} INFO - Sync 1 DAGs
[2021-11-28 06:24:12,643] {logging_mixin.py:104} INFO - [2021-11-28 06:24:12,608] {dag.py:2305} INFO - Setting next_dagrun for example_branch_datetime_operator_2 to 2021-11-26 00:00:00+00:00
[2021-11-28 06:24:12,792] {scheduler_job.py:190} INFO - Processing /home/airflow/sandbox/lib/python3.8/site-packages/airflow/example_dags/example_branch_datetime_operator.py took 1.438 seconds
[2021-11-28 06:24:44,120] {scheduler_job.py:182} INFO - Started process (PID=31728) to work on /home/airflow/sandbox/lib/python3.8/site-packages/airflow/example_dags/example_branch_datetime_operator.py
[2021-11-28 06:24:44,137] {scheduler_job.py:633} INFO - Processing file /home/airflow/sandbox/lib/python3.8/site-packages/airflow/example_dags/example_branch_datetime_operator.py for tasks to queue
[2021-11-28 06:24:44,138] {logging_mixin.py:104} INFO - [2021-11-28 06:24:44,138] {dagbag.py:487} INFO - Filling up the DagBag from /home/airflow/sandbox/lib/python3.8/site-packages/airflow/example_dags/example_branch_datetime_operator.py
[2021-11-28 06:24:44,227] {scheduler_job.py:643} INFO - DAG(s) dict_keys(['example_branch_datetime_operator_2']) retrieved from /home/airflow/sandbox/lib/python3.8/site-packages/airflow/example_dags/example_branch_datetime_operator.py
[2021-11-28 06:24:44,357] {logging_mixin.py:104} INFO - [2021-11-28 06:24:44,357] {dag.py:1832} INFO - Sync 1 DAGs
[2021-11-28 06:24:44,484] {logging_mixin.py:104} INFO - [2021-11-28 06:24:44,484] {dag.py:2305} INFO - Setting next_dagrun for example_branch_datetime_operator_2 to 2021-11-26 00:00:00+00:00
[2021-11-28 06:24:44,574] {scheduler_job.py:190} INFO - Processing /home/airflow/sandbox/lib/python3.8/site-packages/airflow/example_dags/example_branch_datetime_operator.py took 0.475 seconds
[2021-11-28 06:25:20,607] {scheduler_job.py:182} INFO - Started process (PID=32158) to work on /home/airflow/sandbox/lib/python3.8/site-packages/airflow/example_dags/example_branch_datetime_operator.py
[2021-11-28 06:25:20,619] {scheduler_job.py:633} INFO - Processing file /home/airflow/sandbox/lib/python3.8/site-packages/airflow/example_dags/example_branch_datetime_operator.py for tasks to queue
[2021-11-28 06:25:20,639] {logging_mixin.py:104} INFO - [2021-11-28 06:25:20,638] {dagbag.py:487} INFO - Filling up the DagBag from /home/airflow/sandbox/lib/python3.8/site-packages/airflow/example_dags/example_branch_datetime_operator.py
[2021-11-28 06:25:20,776] {scheduler_job.py:643} INFO - DAG(s) dict_keys(['example_branch_datetime_operator_2']) retrieved from /home/airflow/sandbox/lib/python3.8/site-packages/airflow/example_dags/example_branch_datetime_operator.py
[2021-11-28 06:25:21,187] {logging_mixin.py:104} INFO - [2021-11-28 06:25:21,187] {dag.py:1832} INFO - Sync 1 DAGs
[2021-11-28 06:25:21,540] {logging_mixin.py:104} INFO - [2021-11-28 06:25:21,540] {dag.py:2305} INFO - Setting next_dagrun for example_branch_datetime_operator_2 to 2021-11-26 00:00:00+00:00
[2021-11-28 06:25:21,803] {scheduler_job.py:190} INFO - Processing /home/airflow/sandbox/lib/python3.8/site-packages/airflow/example_dags/example_branch_datetime_operator.py took 1.228 seconds
[2021-11-28 06:25:52,088] {scheduler_job.py:182} INFO - Started process (PID=32395) to work on /home/airflow/sandbox/lib/python3.8/site-packages/airflow/example_dags/example_branch_datetime_operator.py
[2021-11-28 06:25:52,109] {scheduler_job.py:633} INFO - Processing file /home/airflow/sandbox/lib/python3.8/site-packages/airflow/example_dags/example_branch_datetime_operator.py for tasks to queue
[2021-11-28 06:25:52,111] {logging_mixin.py:104} INFO - [2021-11-28 06:25:52,111] {dagbag.py:487} INFO - Filling up the DagBag from /home/airflow/sandbox/lib/python3.8/site-packages/airflow/example_dags/example_branch_datetime_operator.py
[2021-11-28 06:25:52,197] {scheduler_job.py:643} INFO - DAG(s) dict_keys(['example_branch_datetime_operator_2']) retrieved from /home/airflow/sandbox/lib/python3.8/site-packages/airflow/example_dags/example_branch_datetime_operator.py
[2021-11-28 06:25:52,282] {logging_mixin.py:104} INFO - [2021-11-28 06:25:52,282] {dag.py:1832} INFO - Sync 1 DAGs
[2021-11-28 06:25:52,318] {logging_mixin.py:104} INFO - [2021-11-28 06:25:52,317] {dag.py:2305} INFO - Setting next_dagrun for example_branch_datetime_operator_2 to 2021-11-26 00:00:00+00:00
[2021-11-28 06:25:52,358] {scheduler_job.py:190} INFO - Processing /home/airflow/sandbox/lib/python3.8/site-packages/airflow/example_dags/example_branch_datetime_operator.py took 0.293 seconds
[2021-11-28 06:26:27,771] {scheduler_job.py:182} INFO - Started process (PID=32596) to work on /home/airflow/sandbox/lib/python3.8/site-packages/airflow/example_dags/example_branch_datetime_operator.py
[2021-11-28 06:26:27,793] {scheduler_job.py:633} INFO - Processing file /home/airflow/sandbox/lib/python3.8/site-packages/airflow/example_dags/example_branch_datetime_operator.py for tasks to queue
[2021-11-28 06:26:27,835] {logging_mixin.py:104} INFO - [2021-11-28 06:26:27,834] {dagbag.py:487} INFO - Filling up the DagBag from /home/airflow/sandbox/lib/python3.8/site-packages/airflow/example_dags/example_branch_datetime_operator.py
[2021-11-28 06:26:28,283] {scheduler_job.py:643} INFO - DAG(s) dict_keys(['example_branch_datetime_operator_2']) retrieved from /home/airflow/sandbox/lib/python3.8/site-packages/airflow/example_dags/example_branch_datetime_operator.py
[2021-11-28 06:26:28,722] {logging_mixin.py:104} INFO - [2021-11-28 06:26:28,722] {dag.py:1832} INFO - Sync 1 DAGs
[2021-11-28 06:26:28,997] {logging_mixin.py:104} INFO - [2021-11-28 06:26:28,996] {dag.py:2305} INFO - Setting next_dagrun for example_branch_datetime_operator_2 to 2021-11-26 00:00:00+00:00
[2021-11-28 06:26:29,171] {scheduler_job.py:190} INFO - Processing /home/airflow/sandbox/lib/python3.8/site-packages/airflow/example_dags/example_branch_datetime_operator.py took 1.571 seconds
[2021-11-28 06:27:00,669] {scheduler_job.py:182} INFO - Started process (PID=32953) to work on /home/airflow/sandbox/lib/python3.8/site-packages/airflow/example_dags/example_branch_datetime_operator.py
[2021-11-28 06:27:00,700] {scheduler_job.py:633} INFO - Processing file /home/airflow/sandbox/lib/python3.8/site-packages/airflow/example_dags/example_branch_datetime_operator.py for tasks to queue
[2021-11-28 06:27:00,722] {logging_mixin.py:104} INFO - [2021-11-28 06:27:00,707] {dagbag.py:487} INFO - Filling up the DagBag from /home/airflow/sandbox/lib/python3.8/site-packages/airflow/example_dags/example_branch_datetime_operator.py
[2021-11-28 06:27:00,852] {scheduler_job.py:643} INFO - DAG(s) dict_keys(['example_branch_datetime_operator_2']) retrieved from /home/airflow/sandbox/lib/python3.8/site-packages/airflow/example_dags/example_branch_datetime_operator.py
[2021-11-28 06:27:01,060] {logging_mixin.py:104} INFO - [2021-11-28 06:27:01,060] {dag.py:1832} INFO - Sync 1 DAGs
[2021-11-28 06:27:01,135] {logging_mixin.py:104} INFO - [2021-11-28 06:27:01,135] {dag.py:2305} INFO - Setting next_dagrun for example_branch_datetime_operator_2 to 2021-11-26 00:00:00+00:00
[2021-11-28 06:27:01,202] {scheduler_job.py:190} INFO - Processing /home/airflow/sandbox/lib/python3.8/site-packages/airflow/example_dags/example_branch_datetime_operator.py took 0.597 seconds
[2021-11-28 06:28:08,606] {scheduler_job.py:182} INFO - Started process (PID=35126) to work on /home/airflow/sandbox/lib/python3.8/site-packages/airflow/example_dags/example_branch_datetime_operator.py
[2021-11-28 06:28:08,713] {scheduler_job.py:633} INFO - Processing file /home/airflow/sandbox/lib/python3.8/site-packages/airflow/example_dags/example_branch_datetime_operator.py for tasks to queue
[2021-11-28 06:28:08,714] {logging_mixin.py:104} INFO - [2021-11-28 06:28:08,714] {dagbag.py:487} INFO - Filling up the DagBag from /home/airflow/sandbox/lib/python3.8/site-packages/airflow/example_dags/example_branch_datetime_operator.py
[2021-11-28 06:28:09,096] {scheduler_job.py:643} INFO - DAG(s) dict_keys(['example_branch_datetime_operator_2']) retrieved from /home/airflow/sandbox/lib/python3.8/site-packages/airflow/example_dags/example_branch_datetime_operator.py
[2021-11-28 06:28:09,404] {logging_mixin.py:104} INFO - [2021-11-28 06:28:09,404] {dag.py:1832} INFO - Sync 1 DAGs
[2021-11-28 06:28:09,973] {logging_mixin.py:104} INFO - [2021-11-28 06:28:09,973] {dag.py:2305} INFO - Setting next_dagrun for example_branch_datetime_operator_2 to 2021-11-26 00:00:00+00:00
[2021-11-28 06:28:10,291] {scheduler_job.py:190} INFO - Processing /home/airflow/sandbox/lib/python3.8/site-packages/airflow/example_dags/example_branch_datetime_operator.py took 1.866 seconds
[2021-11-28 06:28:40,777] {scheduler_job.py:182} INFO - Started process (PID=36067) to work on /home/airflow/sandbox/lib/python3.8/site-packages/airflow/example_dags/example_branch_datetime_operator.py
[2021-11-28 06:28:40,782] {scheduler_job.py:633} INFO - Processing file /home/airflow/sandbox/lib/python3.8/site-packages/airflow/example_dags/example_branch_datetime_operator.py for tasks to queue
[2021-11-28 06:28:40,783] {logging_mixin.py:104} INFO - [2021-11-28 06:28:40,783] {dagbag.py:487} INFO - Filling up the DagBag from /home/airflow/sandbox/lib/python3.8/site-packages/airflow/example_dags/example_branch_datetime_operator.py
[2021-11-28 06:28:40,823] {scheduler_job.py:643} INFO - DAG(s) dict_keys(['example_branch_datetime_operator_2']) retrieved from /home/airflow/sandbox/lib/python3.8/site-packages/airflow/example_dags/example_branch_datetime_operator.py
[2021-11-28 06:28:40,891] {logging_mixin.py:104} INFO - [2021-11-28 06:28:40,891] {dag.py:1832} INFO - Sync 1 DAGs
[2021-11-28 06:28:41,037] {logging_mixin.py:104} INFO - [2021-11-28 06:28:41,037] {dag.py:2305} INFO - Setting next_dagrun for example_branch_datetime_operator_2 to 2021-11-26 00:00:00+00:00
[2021-11-28 06:28:41,087] {scheduler_job.py:190} INFO - Processing /home/airflow/sandbox/lib/python3.8/site-packages/airflow/example_dags/example_branch_datetime_operator.py took 0.326 seconds
[2021-11-28 06:29:14,061] {scheduler_job.py:182} INFO - Started process (PID=36310) to work on /home/airflow/sandbox/lib/python3.8/site-packages/airflow/example_dags/example_branch_datetime_operator.py
[2021-11-28 06:29:14,066] {scheduler_job.py:633} INFO - Processing file /home/airflow/sandbox/lib/python3.8/site-packages/airflow/example_dags/example_branch_datetime_operator.py for tasks to queue
[2021-11-28 06:29:14,068] {logging_mixin.py:104} INFO - [2021-11-28 06:29:14,068] {dagbag.py:487} INFO - Filling up the DagBag from /home/airflow/sandbox/lib/python3.8/site-packages/airflow/example_dags/example_branch_datetime_operator.py
[2021-11-28 06:29:14,137] {scheduler_job.py:643} INFO - DAG(s) dict_keys(['example_branch_datetime_operator_2']) retrieved from /home/airflow/sandbox/lib/python3.8/site-packages/airflow/example_dags/example_branch_datetime_operator.py
[2021-11-28 06:29:14,269] {logging_mixin.py:104} INFO - [2021-11-28 06:29:14,269] {dag.py:1832} INFO - Sync 1 DAGs
[2021-11-28 06:29:14,336] {logging_mixin.py:104} INFO - [2021-11-28 06:29:14,335] {dag.py:2305} INFO - Setting next_dagrun for example_branch_datetime_operator_2 to 2021-11-26 00:00:00+00:00
[2021-11-28 06:29:14,472] {scheduler_job.py:190} INFO - Processing /home/airflow/sandbox/lib/python3.8/site-packages/airflow/example_dags/example_branch_datetime_operator.py took 0.433 seconds
[2021-11-28 06:29:46,461] {scheduler_job.py:182} INFO - Started process (PID=36674) to work on /home/airflow/sandbox/lib/python3.8/site-packages/airflow/example_dags/example_branch_datetime_operator.py
[2021-11-28 06:29:46,480] {scheduler_job.py:633} INFO - Processing file /home/airflow/sandbox/lib/python3.8/site-packages/airflow/example_dags/example_branch_datetime_operator.py for tasks to queue
[2021-11-28 06:29:46,507] {logging_mixin.py:104} INFO - [2021-11-28 06:29:46,507] {dagbag.py:487} INFO - Filling up the DagBag from /home/airflow/sandbox/lib/python3.8/site-packages/airflow/example_dags/example_branch_datetime_operator.py
[2021-11-28 06:29:46,734] {scheduler_job.py:643} INFO - DAG(s) dict_keys(['example_branch_datetime_operator_2']) retrieved from /home/airflow/sandbox/lib/python3.8/site-packages/airflow/example_dags/example_branch_datetime_operator.py
[2021-11-28 06:29:47,086] {logging_mixin.py:104} INFO - [2021-11-28 06:29:47,085] {dag.py:1832} INFO - Sync 1 DAGs
[2021-11-28 06:29:47,416] {logging_mixin.py:104} INFO - [2021-11-28 06:29:47,416] {dag.py:2305} INFO - Setting next_dagrun for example_branch_datetime_operator_2 to 2021-11-26 00:00:00+00:00
[2021-11-28 06:29:47,627] {scheduler_job.py:190} INFO - Processing /home/airflow/sandbox/lib/python3.8/site-packages/airflow/example_dags/example_branch_datetime_operator.py took 1.188 seconds
[2021-11-28 06:30:25,384] {scheduler_job.py:182} INFO - Started process (PID=36873) to work on /home/airflow/sandbox/lib/python3.8/site-packages/airflow/example_dags/example_branch_datetime_operator.py
[2021-11-28 06:30:25,420] {scheduler_job.py:633} INFO - Processing file /home/airflow/sandbox/lib/python3.8/site-packages/airflow/example_dags/example_branch_datetime_operator.py for tasks to queue
[2021-11-28 06:30:25,430] {logging_mixin.py:104} INFO - [2021-11-28 06:30:25,430] {dagbag.py:487} INFO - Filling up the DagBag from /home/airflow/sandbox/lib/python3.8/site-packages/airflow/example_dags/example_branch_datetime_operator.py
[2021-11-28 06:30:25,506] {scheduler_job.py:643} INFO - DAG(s) dict_keys(['example_branch_datetime_operator_2']) retrieved from /home/airflow/sandbox/lib/python3.8/site-packages/airflow/example_dags/example_branch_datetime_operator.py
[2021-11-28 06:30:25,645] {logging_mixin.py:104} INFO - [2021-11-28 06:30:25,645] {dag.py:1832} INFO - Sync 1 DAGs
[2021-11-28 06:30:25,697] {logging_mixin.py:104} INFO - [2021-11-28 06:30:25,697] {dag.py:2305} INFO - Setting next_dagrun for example_branch_datetime_operator_2 to 2021-11-26 00:00:00+00:00
[2021-11-28 06:30:25,799] {scheduler_job.py:190} INFO - Processing /home/airflow/sandbox/lib/python3.8/site-packages/airflow/example_dags/example_branch_datetime_operator.py took 0.422 seconds
[2021-11-28 06:31:00,485] {scheduler_job.py:182} INFO - Started process (PID=37073) to work on /home/airflow/sandbox/lib/python3.8/site-packages/airflow/example_dags/example_branch_datetime_operator.py
[2021-11-28 06:31:00,517] {scheduler_job.py:633} INFO - Processing file /home/airflow/sandbox/lib/python3.8/site-packages/airflow/example_dags/example_branch_datetime_operator.py for tasks to queue
[2021-11-28 06:31:00,537] {logging_mixin.py:104} INFO - [2021-11-28 06:31:00,536] {dagbag.py:487} INFO - Filling up the DagBag from /home/airflow/sandbox/lib/python3.8/site-packages/airflow/example_dags/example_branch_datetime_operator.py
[2021-11-28 06:31:00,844] {scheduler_job.py:643} INFO - DAG(s) dict_keys(['example_branch_datetime_operator_2']) retrieved from /home/airflow/sandbox/lib/python3.8/site-packages/airflow/example_dags/example_branch_datetime_operator.py
[2021-11-28 06:31:01,106] {logging_mixin.py:104} INFO - [2021-11-28 06:31:01,106] {dag.py:1832} INFO - Sync 1 DAGs
[2021-11-28 06:31:01,384] {logging_mixin.py:104} INFO - [2021-11-28 06:31:01,383] {dag.py:2305} INFO - Setting next_dagrun for example_branch_datetime_operator_2 to 2021-11-26 00:00:00+00:00
[2021-11-28 06:31:01,605] {scheduler_job.py:190} INFO - Processing /home/airflow/sandbox/lib/python3.8/site-packages/airflow/example_dags/example_branch_datetime_operator.py took 1.159 seconds
[2021-11-28 06:31:31,900] {scheduler_job.py:182} INFO - Started process (PID=37275) to work on /home/airflow/sandbox/lib/python3.8/site-packages/airflow/example_dags/example_branch_datetime_operator.py
[2021-11-28 06:31:31,910] {scheduler_job.py:633} INFO - Processing file /home/airflow/sandbox/lib/python3.8/site-packages/airflow/example_dags/example_branch_datetime_operator.py for tasks to queue
[2021-11-28 06:31:31,921] {logging_mixin.py:104} INFO - [2021-11-28 06:31:31,920] {dagbag.py:487} INFO - Filling up the DagBag from /home/airflow/sandbox/lib/python3.8/site-packages/airflow/example_dags/example_branch_datetime_operator.py
[2021-11-28 06:31:32,003] {scheduler_job.py:643} INFO - DAG(s) dict_keys(['example_branch_datetime_operator_2']) retrieved from /home/airflow/sandbox/lib/python3.8/site-packages/airflow/example_dags/example_branch_datetime_operator.py
[2021-11-28 06:31:32,172] {logging_mixin.py:104} INFO - [2021-11-28 06:31:32,172] {dag.py:1832} INFO - Sync 1 DAGs
[2021-11-28 06:31:32,260] {logging_mixin.py:104} INFO - [2021-11-28 06:31:32,260] {dag.py:2305} INFO - Setting next_dagrun for example_branch_datetime_operator_2 to 2021-11-26 00:00:00+00:00
[2021-11-28 06:31:32,296] {scheduler_job.py:190} INFO - Processing /home/airflow/sandbox/lib/python3.8/site-packages/airflow/example_dags/example_branch_datetime_operator.py took 0.409 seconds
[2021-11-28 06:32:14,384] {scheduler_job.py:182} INFO - Started process (PID=37479) to work on /home/airflow/sandbox/lib/python3.8/site-packages/airflow/example_dags/example_branch_datetime_operator.py
[2021-11-28 06:32:14,412] {scheduler_job.py:633} INFO - Processing file /home/airflow/sandbox/lib/python3.8/site-packages/airflow/example_dags/example_branch_datetime_operator.py for tasks to queue
[2021-11-28 06:32:14,415] {logging_mixin.py:104} INFO - [2021-11-28 06:32:14,414] {dagbag.py:487} INFO - Filling up the DagBag from /home/airflow/sandbox/lib/python3.8/site-packages/airflow/example_dags/example_branch_datetime_operator.py
[2021-11-28 06:32:14,876] {scheduler_job.py:643} INFO - DAG(s) dict_keys(['example_branch_datetime_operator_2']) retrieved from /home/airflow/sandbox/lib/python3.8/site-packages/airflow/example_dags/example_branch_datetime_operator.py
[2021-11-28 06:32:15,501] {logging_mixin.py:104} INFO - [2021-11-28 06:32:15,501] {dag.py:1832} INFO - Sync 1 DAGs
[2021-11-28 06:32:15,838] {logging_mixin.py:104} INFO - [2021-11-28 06:32:15,837] {dag.py:2305} INFO - Setting next_dagrun for example_branch_datetime_operator_2 to 2021-11-26 00:00:00+00:00
[2021-11-28 06:32:17,076] {scheduler_job.py:190} INFO - Processing /home/airflow/sandbox/lib/python3.8/site-packages/airflow/example_dags/example_branch_datetime_operator.py took 2.829 seconds
[2021-11-28 06:32:47,650] {scheduler_job.py:182} INFO - Started process (PID=37884) to work on /home/airflow/sandbox/lib/python3.8/site-packages/airflow/example_dags/example_branch_datetime_operator.py
[2021-11-28 06:32:47,666] {scheduler_job.py:633} INFO - Processing file /home/airflow/sandbox/lib/python3.8/site-packages/airflow/example_dags/example_branch_datetime_operator.py for tasks to queue
[2021-11-28 06:32:47,670] {logging_mixin.py:104} INFO - [2021-11-28 06:32:47,670] {dagbag.py:487} INFO - Filling up the DagBag from /home/airflow/sandbox/lib/python3.8/site-packages/airflow/example_dags/example_branch_datetime_operator.py
[2021-11-28 06:32:47,725] {scheduler_job.py:643} INFO - DAG(s) dict_keys(['example_branch_datetime_operator_2']) retrieved from /home/airflow/sandbox/lib/python3.8/site-packages/airflow/example_dags/example_branch_datetime_operator.py
[2021-11-28 06:32:47,864] {logging_mixin.py:104} INFO - [2021-11-28 06:32:47,864] {dag.py:1832} INFO - Sync 1 DAGs
[2021-11-28 06:32:48,089] {logging_mixin.py:104} INFO - [2021-11-28 06:32:48,089] {dag.py:2305} INFO - Setting next_dagrun for example_branch_datetime_operator_2 to 2021-11-26 00:00:00+00:00
[2021-11-28 06:32:48,133] {scheduler_job.py:190} INFO - Processing /home/airflow/sandbox/lib/python3.8/site-packages/airflow/example_dags/example_branch_datetime_operator.py took 0.488 seconds
[2021-11-28 06:33:18,734] {scheduler_job.py:182} INFO - Started process (PID=38123) to work on /home/airflow/sandbox/lib/python3.8/site-packages/airflow/example_dags/example_branch_datetime_operator.py
[2021-11-28 06:33:18,745] {scheduler_job.py:633} INFO - Processing file /home/airflow/sandbox/lib/python3.8/site-packages/airflow/example_dags/example_branch_datetime_operator.py for tasks to queue
[2021-11-28 06:33:18,747] {logging_mixin.py:104} INFO - [2021-11-28 06:33:18,746] {dagbag.py:487} INFO - Filling up the DagBag from /home/airflow/sandbox/lib/python3.8/site-packages/airflow/example_dags/example_branch_datetime_operator.py
[2021-11-28 06:33:18,821] {scheduler_job.py:643} INFO - DAG(s) dict_keys(['example_branch_datetime_operator_2']) retrieved from /home/airflow/sandbox/lib/python3.8/site-packages/airflow/example_dags/example_branch_datetime_operator.py
[2021-11-28 06:33:18,942] {logging_mixin.py:104} INFO - [2021-11-28 06:33:18,942] {dag.py:1832} INFO - Sync 1 DAGs
[2021-11-28 06:33:19,160] {logging_mixin.py:104} INFO - [2021-11-28 06:33:19,160] {dag.py:2305} INFO - Setting next_dagrun for example_branch_datetime_operator_2 to 2021-11-26 00:00:00+00:00
[2021-11-28 06:33:19,195] {scheduler_job.py:190} INFO - Processing /home/airflow/sandbox/lib/python3.8/site-packages/airflow/example_dags/example_branch_datetime_operator.py took 0.477 seconds
[2021-11-28 06:33:49,324] {scheduler_job.py:182} INFO - Started process (PID=38323) to work on /home/airflow/sandbox/lib/python3.8/site-packages/airflow/example_dags/example_branch_datetime_operator.py
[2021-11-28 06:33:49,331] {scheduler_job.py:633} INFO - Processing file /home/airflow/sandbox/lib/python3.8/site-packages/airflow/example_dags/example_branch_datetime_operator.py for tasks to queue
[2021-11-28 06:33:49,335] {logging_mixin.py:104} INFO - [2021-11-28 06:33:49,334] {dagbag.py:487} INFO - Filling up the DagBag from /home/airflow/sandbox/lib/python3.8/site-packages/airflow/example_dags/example_branch_datetime_operator.py
[2021-11-28 06:33:49,375] {scheduler_job.py:643} INFO - DAG(s) dict_keys(['example_branch_datetime_operator_2']) retrieved from /home/airflow/sandbox/lib/python3.8/site-packages/airflow/example_dags/example_branch_datetime_operator.py
[2021-11-28 06:33:49,454] {logging_mixin.py:104} INFO - [2021-11-28 06:33:49,454] {dag.py:1832} INFO - Sync 1 DAGs
[2021-11-28 06:33:49,614] {logging_mixin.py:104} INFO - [2021-11-28 06:33:49,614] {dag.py:2305} INFO - Setting next_dagrun for example_branch_datetime_operator_2 to 2021-11-26 00:00:00+00:00
[2021-11-28 06:33:49,636] {scheduler_job.py:190} INFO - Processing /home/airflow/sandbox/lib/python3.8/site-packages/airflow/example_dags/example_branch_datetime_operator.py took 0.319 seconds
[2021-11-28 06:34:19,858] {scheduler_job.py:182} INFO - Started process (PID=38519) to work on /home/airflow/sandbox/lib/python3.8/site-packages/airflow/example_dags/example_branch_datetime_operator.py
[2021-11-28 06:34:19,898] {scheduler_job.py:633} INFO - Processing file /home/airflow/sandbox/lib/python3.8/site-packages/airflow/example_dags/example_branch_datetime_operator.py for tasks to queue
[2021-11-28 06:34:19,906] {logging_mixin.py:104} INFO - [2021-11-28 06:34:19,906] {dagbag.py:487} INFO - Filling up the DagBag from /home/airflow/sandbox/lib/python3.8/site-packages/airflow/example_dags/example_branch_datetime_operator.py
[2021-11-28 06:34:20,063] {scheduler_job.py:643} INFO - DAG(s) dict_keys(['example_branch_datetime_operator_2']) retrieved from /home/airflow/sandbox/lib/python3.8/site-packages/airflow/example_dags/example_branch_datetime_operator.py
[2021-11-28 06:34:20,204] {logging_mixin.py:104} INFO - [2021-11-28 06:34:20,204] {dag.py:1832} INFO - Sync 1 DAGs
[2021-11-28 06:34:20,551] {logging_mixin.py:104} INFO - [2021-11-28 06:34:20,550] {dag.py:2305} INFO - Setting next_dagrun for example_branch_datetime_operator_2 to 2021-11-26 00:00:00+00:00
[2021-11-28 06:34:20,624] {scheduler_job.py:190} INFO - Processing /home/airflow/sandbox/lib/python3.8/site-packages/airflow/example_dags/example_branch_datetime_operator.py took 0.788 seconds
[2021-11-28 06:34:53,187] {scheduler_job.py:182} INFO - Started process (PID=38719) to work on /home/airflow/sandbox/lib/python3.8/site-packages/airflow/example_dags/example_branch_datetime_operator.py
[2021-11-28 06:34:53,197] {scheduler_job.py:633} INFO - Processing file /home/airflow/sandbox/lib/python3.8/site-packages/airflow/example_dags/example_branch_datetime_operator.py for tasks to queue
[2021-11-28 06:34:53,208] {logging_mixin.py:104} INFO - [2021-11-28 06:34:53,208] {dagbag.py:487} INFO - Filling up the DagBag from /home/airflow/sandbox/lib/python3.8/site-packages/airflow/example_dags/example_branch_datetime_operator.py
[2021-11-28 06:34:53,346] {scheduler_job.py:643} INFO - DAG(s) dict_keys(['example_branch_datetime_operator_2']) retrieved from /home/airflow/sandbox/lib/python3.8/site-packages/airflow/example_dags/example_branch_datetime_operator.py
[2021-11-28 06:34:53,523] {logging_mixin.py:104} INFO - [2021-11-28 06:34:53,523] {dag.py:1832} INFO - Sync 1 DAGs
[2021-11-28 06:34:54,081] {logging_mixin.py:104} INFO - [2021-11-28 06:34:54,081] {dag.py:2305} INFO - Setting next_dagrun for example_branch_datetime_operator_2 to 2021-11-26 00:00:00+00:00
[2021-11-28 06:34:54,151] {scheduler_job.py:190} INFO - Processing /home/airflow/sandbox/lib/python3.8/site-packages/airflow/example_dags/example_branch_datetime_operator.py took 0.992 seconds
[2021-11-28 06:35:29,857] {scheduler_job.py:182} INFO - Started process (PID=38921) to work on /home/airflow/sandbox/lib/python3.8/site-packages/airflow/example_dags/example_branch_datetime_operator.py
[2021-11-28 06:35:29,896] {scheduler_job.py:633} INFO - Processing file /home/airflow/sandbox/lib/python3.8/site-packages/airflow/example_dags/example_branch_datetime_operator.py for tasks to queue
[2021-11-28 06:35:29,903] {logging_mixin.py:104} INFO - [2021-11-28 06:35:29,902] {dagbag.py:487} INFO - Filling up the DagBag from /home/airflow/sandbox/lib/python3.8/site-packages/airflow/example_dags/example_branch_datetime_operator.py
[2021-11-28 06:35:30,176] {scheduler_job.py:643} INFO - DAG(s) dict_keys(['example_branch_datetime_operator_2']) retrieved from /home/airflow/sandbox/lib/python3.8/site-packages/airflow/example_dags/example_branch_datetime_operator.py
[2021-11-28 06:35:31,414] {logging_mixin.py:104} INFO - [2021-11-28 06:35:31,412] {dag.py:1832} INFO - Sync 1 DAGs
[2021-11-28 06:35:31,697] {logging_mixin.py:104} INFO - [2021-11-28 06:35:31,697] {dag.py:2305} INFO - Setting next_dagrun for example_branch_datetime_operator_2 to 2021-11-26 00:00:00+00:00
[2021-11-28 06:35:31,885] {scheduler_job.py:190} INFO - Processing /home/airflow/sandbox/lib/python3.8/site-packages/airflow/example_dags/example_branch_datetime_operator.py took 2.034 seconds
[2021-11-28 06:36:03,774] {scheduler_job.py:182} INFO - Started process (PID=39115) to work on /home/airflow/sandbox/lib/python3.8/site-packages/airflow/example_dags/example_branch_datetime_operator.py
[2021-11-28 06:36:03,779] {scheduler_job.py:633} INFO - Processing file /home/airflow/sandbox/lib/python3.8/site-packages/airflow/example_dags/example_branch_datetime_operator.py for tasks to queue
[2021-11-28 06:36:03,783] {logging_mixin.py:104} INFO - [2021-11-28 06:36:03,783] {dagbag.py:487} INFO - Filling up the DagBag from /home/airflow/sandbox/lib/python3.8/site-packages/airflow/example_dags/example_branch_datetime_operator.py
[2021-11-28 06:36:03,884] {scheduler_job.py:643} INFO - DAG(s) dict_keys(['example_branch_datetime_operator_2']) retrieved from /home/airflow/sandbox/lib/python3.8/site-packages/airflow/example_dags/example_branch_datetime_operator.py
[2021-11-28 06:36:04,105] {logging_mixin.py:104} INFO - [2021-11-28 06:36:04,105] {dag.py:1832} INFO - Sync 1 DAGs
[2021-11-28 06:36:04,150] {logging_mixin.py:104} INFO - [2021-11-28 06:36:04,148] {dag.py:2305} INFO - Setting next_dagrun for example_branch_datetime_operator_2 to 2021-11-26 00:00:00+00:00
[2021-11-28 06:36:04,191] {scheduler_job.py:190} INFO - Processing /home/airflow/sandbox/lib/python3.8/site-packages/airflow/example_dags/example_branch_datetime_operator.py took 0.438 seconds
[2021-11-28 06:36:36,638] {scheduler_job.py:182} INFO - Started process (PID=39332) to work on /home/airflow/sandbox/lib/python3.8/site-packages/airflow/example_dags/example_branch_datetime_operator.py
[2021-11-28 06:36:36,656] {scheduler_job.py:633} INFO - Processing file /home/airflow/sandbox/lib/python3.8/site-packages/airflow/example_dags/example_branch_datetime_operator.py for tasks to queue
[2021-11-28 06:36:36,661] {logging_mixin.py:104} INFO - [2021-11-28 06:36:36,661] {dagbag.py:487} INFO - Filling up the DagBag from /home/airflow/sandbox/lib/python3.8/site-packages/airflow/example_dags/example_branch_datetime_operator.py
[2021-11-28 06:36:36,734] {scheduler_job.py:643} INFO - DAG(s) dict_keys(['example_branch_datetime_operator_2']) retrieved from /home/airflow/sandbox/lib/python3.8/site-packages/airflow/example_dags/example_branch_datetime_operator.py
[2021-11-28 06:36:37,149] {logging_mixin.py:104} INFO - [2021-11-28 06:36:37,149] {dag.py:1832} INFO - Sync 1 DAGs
[2021-11-28 06:36:37,307] {logging_mixin.py:104} INFO - [2021-11-28 06:36:37,306] {dag.py:2305} INFO - Setting next_dagrun for example_branch_datetime_operator_2 to 2021-11-26 00:00:00+00:00
[2021-11-28 06:36:37,385] {scheduler_job.py:190} INFO - Processing /home/airflow/sandbox/lib/python3.8/site-packages/airflow/example_dags/example_branch_datetime_operator.py took 0.754 seconds
[2021-11-28 06:37:07,632] {scheduler_job.py:182} INFO - Started process (PID=39527) to work on /home/airflow/sandbox/lib/python3.8/site-packages/airflow/example_dags/example_branch_datetime_operator.py
[2021-11-28 06:37:07,639] {scheduler_job.py:633} INFO - Processing file /home/airflow/sandbox/lib/python3.8/site-packages/airflow/example_dags/example_branch_datetime_operator.py for tasks to queue
[2021-11-28 06:37:07,640] {logging_mixin.py:104} INFO - [2021-11-28 06:37:07,640] {dagbag.py:487} INFO - Filling up the DagBag from /home/airflow/sandbox/lib/python3.8/site-packages/airflow/example_dags/example_branch_datetime_operator.py
[2021-11-28 06:37:07,756] {scheduler_job.py:643} INFO - DAG(s) dict_keys(['example_branch_datetime_operator_2']) retrieved from /home/airflow/sandbox/lib/python3.8/site-packages/airflow/example_dags/example_branch_datetime_operator.py
[2021-11-28 06:37:08,078] {logging_mixin.py:104} INFO - [2021-11-28 06:37:08,078] {dag.py:1832} INFO - Sync 1 DAGs
[2021-11-28 06:37:08,162] {logging_mixin.py:104} INFO - [2021-11-28 06:37:08,162] {dag.py:2305} INFO - Setting next_dagrun for example_branch_datetime_operator_2 to 2021-11-26 00:00:00+00:00
[2021-11-28 06:37:08,200] {scheduler_job.py:190} INFO - Processing /home/airflow/sandbox/lib/python3.8/site-packages/airflow/example_dags/example_branch_datetime_operator.py took 0.595 seconds
[2021-11-28 06:37:38,832] {scheduler_job.py:182} INFO - Started process (PID=39722) to work on /home/airflow/sandbox/lib/python3.8/site-packages/airflow/example_dags/example_branch_datetime_operator.py
[2021-11-28 06:37:38,838] {scheduler_job.py:633} INFO - Processing file /home/airflow/sandbox/lib/python3.8/site-packages/airflow/example_dags/example_branch_datetime_operator.py for tasks to queue
[2021-11-28 06:37:38,857] {logging_mixin.py:104} INFO - [2021-11-28 06:37:38,857] {dagbag.py:487} INFO - Filling up the DagBag from /home/airflow/sandbox/lib/python3.8/site-packages/airflow/example_dags/example_branch_datetime_operator.py
[2021-11-28 06:37:39,332] {scheduler_job.py:643} INFO - DAG(s) dict_keys(['example_branch_datetime_operator_2']) retrieved from /home/airflow/sandbox/lib/python3.8/site-packages/airflow/example_dags/example_branch_datetime_operator.py
[2021-11-28 06:37:39,456] {logging_mixin.py:104} INFO - [2021-11-28 06:37:39,456] {dag.py:1832} INFO - Sync 1 DAGs
[2021-11-28 06:37:39,561] {logging_mixin.py:104} INFO - [2021-11-28 06:37:39,560] {dag.py:2305} INFO - Setting next_dagrun for example_branch_datetime_operator_2 to 2021-11-26 00:00:00+00:00
[2021-11-28 06:37:39,653] {scheduler_job.py:190} INFO - Processing /home/airflow/sandbox/lib/python3.8/site-packages/airflow/example_dags/example_branch_datetime_operator.py took 0.880 seconds
[2021-11-28 06:38:12,553] {scheduler_job.py:182} INFO - Started process (PID=40164) to work on /home/airflow/sandbox/lib/python3.8/site-packages/airflow/example_dags/example_branch_datetime_operator.py
[2021-11-28 06:38:12,564] {scheduler_job.py:633} INFO - Processing file /home/airflow/sandbox/lib/python3.8/site-packages/airflow/example_dags/example_branch_datetime_operator.py for tasks to queue
[2021-11-28 06:38:12,565] {logging_mixin.py:104} INFO - [2021-11-28 06:38:12,565] {dagbag.py:487} INFO - Filling up the DagBag from /home/airflow/sandbox/lib/python3.8/site-packages/airflow/example_dags/example_branch_datetime_operator.py
[2021-11-28 06:38:12,954] {scheduler_job.py:643} INFO - DAG(s) dict_keys(['example_branch_datetime_operator_2']) retrieved from /home/airflow/sandbox/lib/python3.8/site-packages/airflow/example_dags/example_branch_datetime_operator.py
[2021-11-28 06:38:13,077] {logging_mixin.py:104} INFO - [2021-11-28 06:38:13,077] {dag.py:1832} INFO - Sync 1 DAGs
[2021-11-28 06:38:13,155] {logging_mixin.py:104} INFO - [2021-11-28 06:38:13,155] {dag.py:2305} INFO - Setting next_dagrun for example_branch_datetime_operator_2 to 2021-11-26 00:00:00+00:00
[2021-11-28 06:38:13,247] {scheduler_job.py:190} INFO - Processing /home/airflow/sandbox/lib/python3.8/site-packages/airflow/example_dags/example_branch_datetime_operator.py took 0.732 seconds
[2021-11-28 06:38:45,762] {scheduler_job.py:182} INFO - Started process (PID=40350) to work on /home/airflow/sandbox/lib/python3.8/site-packages/airflow/example_dags/example_branch_datetime_operator.py
[2021-11-28 06:38:45,786] {scheduler_job.py:633} INFO - Processing file /home/airflow/sandbox/lib/python3.8/site-packages/airflow/example_dags/example_branch_datetime_operator.py for tasks to queue
[2021-11-28 06:38:45,787] {logging_mixin.py:104} INFO - [2021-11-28 06:38:45,787] {dagbag.py:487} INFO - Filling up the DagBag from /home/airflow/sandbox/lib/python3.8/site-packages/airflow/example_dags/example_branch_datetime_operator.py
[2021-11-28 06:38:46,314] {scheduler_job.py:643} INFO - DAG(s) dict_keys(['example_branch_datetime_operator_2']) retrieved from /home/airflow/sandbox/lib/python3.8/site-packages/airflow/example_dags/example_branch_datetime_operator.py
[2021-11-28 06:38:46,717] {logging_mixin.py:104} INFO - [2021-11-28 06:38:46,716] {dag.py:1832} INFO - Sync 1 DAGs
[2021-11-28 06:38:46,896] {logging_mixin.py:104} INFO - [2021-11-28 06:38:46,896] {dag.py:2305} INFO - Setting next_dagrun for example_branch_datetime_operator_2 to 2021-11-26 00:00:00+00:00
[2021-11-28 06:38:46,947] {scheduler_job.py:190} INFO - Processing /home/airflow/sandbox/lib/python3.8/site-packages/airflow/example_dags/example_branch_datetime_operator.py took 1.192 seconds
[2021-11-28 06:39:28,623] {scheduler_job.py:182} INFO - Started process (PID=40557) to work on /home/airflow/sandbox/lib/python3.8/site-packages/airflow/example_dags/example_branch_datetime_operator.py
[2021-11-28 06:39:28,633] {scheduler_job.py:633} INFO - Processing file /home/airflow/sandbox/lib/python3.8/site-packages/airflow/example_dags/example_branch_datetime_operator.py for tasks to queue
[2021-11-28 06:39:28,636] {logging_mixin.py:104} INFO - [2021-11-28 06:39:28,635] {dagbag.py:487} INFO - Filling up the DagBag from /home/airflow/sandbox/lib/python3.8/site-packages/airflow/example_dags/example_branch_datetime_operator.py
[2021-11-28 06:39:29,982] {scheduler_job.py:643} INFO - DAG(s) dict_keys(['example_branch_datetime_operator_2']) retrieved from /home/airflow/sandbox/lib/python3.8/site-packages/airflow/example_dags/example_branch_datetime_operator.py
[2021-11-28 06:39:30,312] {logging_mixin.py:104} INFO - [2021-11-28 06:39:30,311] {dag.py:1832} INFO - Sync 1 DAGs
[2021-11-28 06:39:30,538] {logging_mixin.py:104} INFO - [2021-11-28 06:39:30,537] {dag.py:2305} INFO - Setting next_dagrun for example_branch_datetime_operator_2 to 2021-11-26 00:00:00+00:00
[2021-11-28 06:39:30,799] {scheduler_job.py:190} INFO - Processing /home/airflow/sandbox/lib/python3.8/site-packages/airflow/example_dags/example_branch_datetime_operator.py took 2.237 seconds
[2021-11-28 06:40:01,261] {scheduler_job.py:182} INFO - Started process (PID=40752) to work on /home/airflow/sandbox/lib/python3.8/site-packages/airflow/example_dags/example_branch_datetime_operator.py
[2021-11-28 06:40:01,545] {scheduler_job.py:633} INFO - Processing file /home/airflow/sandbox/lib/python3.8/site-packages/airflow/example_dags/example_branch_datetime_operator.py for tasks to queue
[2021-11-28 06:40:01,551] {logging_mixin.py:104} INFO - [2021-11-28 06:40:01,551] {dagbag.py:487} INFO - Filling up the DagBag from /home/airflow/sandbox/lib/python3.8/site-packages/airflow/example_dags/example_branch_datetime_operator.py
[2021-11-28 06:40:01,618] {scheduler_job.py:643} INFO - DAG(s) dict_keys(['example_branch_datetime_operator_2']) retrieved from /home/airflow/sandbox/lib/python3.8/site-packages/airflow/example_dags/example_branch_datetime_operator.py
[2021-11-28 06:40:01,667] {logging_mixin.py:104} INFO - [2021-11-28 06:40:01,667] {dag.py:1832} INFO - Sync 1 DAGs
[2021-11-28 06:40:01,741] {logging_mixin.py:104} INFO - [2021-11-28 06:40:01,740] {dag.py:2305} INFO - Setting next_dagrun for example_branch_datetime_operator_2 to 2021-11-26 00:00:00+00:00
[2021-11-28 06:40:01,789] {scheduler_job.py:190} INFO - Processing /home/airflow/sandbox/lib/python3.8/site-packages/airflow/example_dags/example_branch_datetime_operator.py took 0.573 seconds
[2021-11-28 06:40:31,990] {scheduler_job.py:182} INFO - Started process (PID=40954) to work on /home/airflow/sandbox/lib/python3.8/site-packages/airflow/example_dags/example_branch_datetime_operator.py
[2021-11-28 06:40:31,997] {scheduler_job.py:633} INFO - Processing file /home/airflow/sandbox/lib/python3.8/site-packages/airflow/example_dags/example_branch_datetime_operator.py for tasks to queue
[2021-11-28 06:40:32,010] {logging_mixin.py:104} INFO - [2021-11-28 06:40:32,010] {dagbag.py:487} INFO - Filling up the DagBag from /home/airflow/sandbox/lib/python3.8/site-packages/airflow/example_dags/example_branch_datetime_operator.py
[2021-11-28 06:40:32,092] {scheduler_job.py:643} INFO - DAG(s) dict_keys(['example_branch_datetime_operator_2']) retrieved from /home/airflow/sandbox/lib/python3.8/site-packages/airflow/example_dags/example_branch_datetime_operator.py
[2021-11-28 06:40:32,173] {logging_mixin.py:104} INFO - [2021-11-28 06:40:32,173] {dag.py:1832} INFO - Sync 1 DAGs
[2021-11-28 06:40:32,210] {logging_mixin.py:104} INFO - [2021-11-28 06:40:32,210] {dag.py:2305} INFO - Setting next_dagrun for example_branch_datetime_operator_2 to 2021-11-26 00:00:00+00:00
[2021-11-28 06:40:32,256] {scheduler_job.py:190} INFO - Processing /home/airflow/sandbox/lib/python3.8/site-packages/airflow/example_dags/example_branch_datetime_operator.py took 0.294 seconds
[2021-11-28 06:41:09,485] {scheduler_job.py:182} INFO - Started process (PID=41157) to work on /home/airflow/sandbox/lib/python3.8/site-packages/airflow/example_dags/example_branch_datetime_operator.py
[2021-11-28 06:41:09,494] {scheduler_job.py:633} INFO - Processing file /home/airflow/sandbox/lib/python3.8/site-packages/airflow/example_dags/example_branch_datetime_operator.py for tasks to queue
[2021-11-28 06:41:09,497] {logging_mixin.py:104} INFO - [2021-11-28 06:41:09,497] {dagbag.py:487} INFO - Filling up the DagBag from /home/airflow/sandbox/lib/python3.8/site-packages/airflow/example_dags/example_branch_datetime_operator.py
[2021-11-28 06:41:09,770] {scheduler_job.py:643} INFO - DAG(s) dict_keys(['example_branch_datetime_operator_2']) retrieved from /home/airflow/sandbox/lib/python3.8/site-packages/airflow/example_dags/example_branch_datetime_operator.py
[2021-11-28 06:41:10,207] {logging_mixin.py:104} INFO - [2021-11-28 06:41:10,206] {dag.py:1832} INFO - Sync 1 DAGs
[2021-11-28 06:41:10,600] {logging_mixin.py:104} INFO - [2021-11-28 06:41:10,600] {dag.py:2305} INFO - Setting next_dagrun for example_branch_datetime_operator_2 to 2021-11-26 00:00:00+00:00
[2021-11-28 06:41:10,940] {scheduler_job.py:190} INFO - Processing /home/airflow/sandbox/lib/python3.8/site-packages/airflow/example_dags/example_branch_datetime_operator.py took 1.524 seconds
[2021-11-28 06:41:41,568] {scheduler_job.py:182} INFO - Started process (PID=41350) to work on /home/airflow/sandbox/lib/python3.8/site-packages/airflow/example_dags/example_branch_datetime_operator.py
[2021-11-28 06:41:41,591] {scheduler_job.py:633} INFO - Processing file /home/airflow/sandbox/lib/python3.8/site-packages/airflow/example_dags/example_branch_datetime_operator.py for tasks to queue
[2021-11-28 06:41:41,613] {logging_mixin.py:104} INFO - [2021-11-28 06:41:41,612] {dagbag.py:487} INFO - Filling up the DagBag from /home/airflow/sandbox/lib/python3.8/site-packages/airflow/example_dags/example_branch_datetime_operator.py
[2021-11-28 06:41:41,781] {scheduler_job.py:643} INFO - DAG(s) dict_keys(['example_branch_datetime_operator_2']) retrieved from /home/airflow/sandbox/lib/python3.8/site-packages/airflow/example_dags/example_branch_datetime_operator.py
[2021-11-28 06:41:42,566] {logging_mixin.py:104} INFO - [2021-11-28 06:41:42,566] {dag.py:1832} INFO - Sync 1 DAGs
[2021-11-28 06:41:42,820] {logging_mixin.py:104} INFO - [2021-11-28 06:41:42,819] {dag.py:2305} INFO - Setting next_dagrun for example_branch_datetime_operator_2 to 2021-11-26 00:00:00+00:00
[2021-11-28 06:41:43,077] {scheduler_job.py:190} INFO - Processing /home/airflow/sandbox/lib/python3.8/site-packages/airflow/example_dags/example_branch_datetime_operator.py took 1.551 seconds
[2021-11-28 06:42:13,656] {scheduler_job.py:182} INFO - Started process (PID=41544) to work on /home/airflow/sandbox/lib/python3.8/site-packages/airflow/example_dags/example_branch_datetime_operator.py
[2021-11-28 06:42:13,679] {scheduler_job.py:633} INFO - Processing file /home/airflow/sandbox/lib/python3.8/site-packages/airflow/example_dags/example_branch_datetime_operator.py for tasks to queue
[2021-11-28 06:42:13,716] {logging_mixin.py:104} INFO - [2021-11-28 06:42:13,715] {dagbag.py:487} INFO - Filling up the DagBag from /home/airflow/sandbox/lib/python3.8/site-packages/airflow/example_dags/example_branch_datetime_operator.py
[2021-11-28 06:42:13,919] {scheduler_job.py:643} INFO - DAG(s) dict_keys(['example_branch_datetime_operator_2']) retrieved from /home/airflow/sandbox/lib/python3.8/site-packages/airflow/example_dags/example_branch_datetime_operator.py
[2021-11-28 06:42:14,367] {logging_mixin.py:104} INFO - [2021-11-28 06:42:14,367] {dag.py:1832} INFO - Sync 1 DAGs
[2021-11-28 06:42:14,545] {logging_mixin.py:104} INFO - [2021-11-28 06:42:14,545] {dag.py:2305} INFO - Setting next_dagrun for example_branch_datetime_operator_2 to 2021-11-26 00:00:00+00:00
[2021-11-28 06:42:14,785] {scheduler_job.py:190} INFO - Processing /home/airflow/sandbox/lib/python3.8/site-packages/airflow/example_dags/example_branch_datetime_operator.py took 1.233 seconds
[2021-11-28 06:42:52,928] {scheduler_job.py:182} INFO - Started process (PID=41882) to work on /home/airflow/sandbox/lib/python3.8/site-packages/airflow/example_dags/example_branch_datetime_operator.py
[2021-11-28 06:42:52,934] {scheduler_job.py:633} INFO - Processing file /home/airflow/sandbox/lib/python3.8/site-packages/airflow/example_dags/example_branch_datetime_operator.py for tasks to queue
[2021-11-28 06:42:52,935] {logging_mixin.py:104} INFO - [2021-11-28 06:42:52,935] {dagbag.py:487} INFO - Filling up the DagBag from /home/airflow/sandbox/lib/python3.8/site-packages/airflow/example_dags/example_branch_datetime_operator.py
[2021-11-28 06:42:53,072] {scheduler_job.py:643} INFO - DAG(s) dict_keys(['example_branch_datetime_operator_2']) retrieved from /home/airflow/sandbox/lib/python3.8/site-packages/airflow/example_dags/example_branch_datetime_operator.py
[2021-11-28 06:42:53,232] {logging_mixin.py:104} INFO - [2021-11-28 06:42:53,232] {dag.py:1832} INFO - Sync 1 DAGs
[2021-11-28 06:42:53,321] {logging_mixin.py:104} INFO - [2021-11-28 06:42:53,321] {dag.py:2305} INFO - Setting next_dagrun for example_branch_datetime_operator_2 to 2021-11-26 00:00:00+00:00
[2021-11-28 06:42:53,407] {scheduler_job.py:190} INFO - Processing /home/airflow/sandbox/lib/python3.8/site-packages/airflow/example_dags/example_branch_datetime_operator.py took 0.519 seconds
[2021-11-28 06:43:24,511] {scheduler_job.py:182} INFO - Started process (PID=42158) to work on /home/airflow/sandbox/lib/python3.8/site-packages/airflow/example_dags/example_branch_datetime_operator.py
[2021-11-28 06:43:24,540] {scheduler_job.py:633} INFO - Processing file /home/airflow/sandbox/lib/python3.8/site-packages/airflow/example_dags/example_branch_datetime_operator.py for tasks to queue
[2021-11-28 06:43:24,542] {logging_mixin.py:104} INFO - [2021-11-28 06:43:24,542] {dagbag.py:487} INFO - Filling up the DagBag from /home/airflow/sandbox/lib/python3.8/site-packages/airflow/example_dags/example_branch_datetime_operator.py
[2021-11-28 06:43:24,716] {scheduler_job.py:643} INFO - DAG(s) dict_keys(['example_branch_datetime_operator_2']) retrieved from /home/airflow/sandbox/lib/python3.8/site-packages/airflow/example_dags/example_branch_datetime_operator.py
[2021-11-28 06:43:25,275] {logging_mixin.py:104} INFO - [2021-11-28 06:43:25,274] {dag.py:1832} INFO - Sync 1 DAGs
[2021-11-28 06:43:25,829] {logging_mixin.py:104} INFO - [2021-11-28 06:43:25,829] {dag.py:2305} INFO - Setting next_dagrun for example_branch_datetime_operator_2 to 2021-11-26 00:00:00+00:00
[2021-11-28 06:43:25,995] {scheduler_job.py:190} INFO - Processing /home/airflow/sandbox/lib/python3.8/site-packages/airflow/example_dags/example_branch_datetime_operator.py took 1.586 seconds
[2021-11-28 06:43:58,675] {scheduler_job.py:182} INFO - Started process (PID=42346) to work on /home/airflow/sandbox/lib/python3.8/site-packages/airflow/example_dags/example_branch_datetime_operator.py
[2021-11-28 06:43:58,734] {scheduler_job.py:633} INFO - Processing file /home/airflow/sandbox/lib/python3.8/site-packages/airflow/example_dags/example_branch_datetime_operator.py for tasks to queue
[2021-11-28 06:43:58,738] {logging_mixin.py:104} INFO - [2021-11-28 06:43:58,737] {dagbag.py:487} INFO - Filling up the DagBag from /home/airflow/sandbox/lib/python3.8/site-packages/airflow/example_dags/example_branch_datetime_operator.py
[2021-11-28 06:43:59,006] {scheduler_job.py:643} INFO - DAG(s) dict_keys(['example_branch_datetime_operator_2']) retrieved from /home/airflow/sandbox/lib/python3.8/site-packages/airflow/example_dags/example_branch_datetime_operator.py
[2021-11-28 06:43:59,548] {logging_mixin.py:104} INFO - [2021-11-28 06:43:59,547] {dag.py:1832} INFO - Sync 1 DAGs
[2021-11-28 06:43:59,876] {logging_mixin.py:104} INFO - [2021-11-28 06:43:59,876] {dag.py:2305} INFO - Setting next_dagrun for example_branch_datetime_operator_2 to 2021-11-26 00:00:00+00:00
[2021-11-28 06:44:00,011] {scheduler_job.py:190} INFO - Processing /home/airflow/sandbox/lib/python3.8/site-packages/airflow/example_dags/example_branch_datetime_operator.py took 1.432 seconds
[2021-11-28 06:44:30,237] {scheduler_job.py:182} INFO - Started process (PID=42547) to work on /home/airflow/sandbox/lib/python3.8/site-packages/airflow/example_dags/example_branch_datetime_operator.py
[2021-11-28 06:44:30,250] {scheduler_job.py:633} INFO - Processing file /home/airflow/sandbox/lib/python3.8/site-packages/airflow/example_dags/example_branch_datetime_operator.py for tasks to queue
[2021-11-28 06:44:30,270] {logging_mixin.py:104} INFO - [2021-11-28 06:44:30,270] {dagbag.py:487} INFO - Filling up the DagBag from /home/airflow/sandbox/lib/python3.8/site-packages/airflow/example_dags/example_branch_datetime_operator.py
[2021-11-28 06:44:30,399] {scheduler_job.py:643} INFO - DAG(s) dict_keys(['example_branch_datetime_operator_2']) retrieved from /home/airflow/sandbox/lib/python3.8/site-packages/airflow/example_dags/example_branch_datetime_operator.py
[2021-11-28 06:44:30,449] {logging_mixin.py:104} INFO - [2021-11-28 06:44:30,449] {dag.py:1832} INFO - Sync 1 DAGs
[2021-11-28 06:44:30,502] {logging_mixin.py:104} INFO - [2021-11-28 06:44:30,501] {dag.py:2305} INFO - Setting next_dagrun for example_branch_datetime_operator_2 to 2021-11-26 00:00:00+00:00
[2021-11-28 06:44:30,545] {scheduler_job.py:190} INFO - Processing /home/airflow/sandbox/lib/python3.8/site-packages/airflow/example_dags/example_branch_datetime_operator.py took 0.322 seconds
[2021-11-28 06:45:08,614] {scheduler_job.py:182} INFO - Started process (PID=42754) to work on /home/airflow/sandbox/lib/python3.8/site-packages/airflow/example_dags/example_branch_datetime_operator.py
[2021-11-28 06:45:08,657] {scheduler_job.py:633} INFO - Processing file /home/airflow/sandbox/lib/python3.8/site-packages/airflow/example_dags/example_branch_datetime_operator.py for tasks to queue
[2021-11-28 06:45:08,683] {logging_mixin.py:104} INFO - [2021-11-28 06:45:08,683] {dagbag.py:487} INFO - Filling up the DagBag from /home/airflow/sandbox/lib/python3.8/site-packages/airflow/example_dags/example_branch_datetime_operator.py
[2021-11-28 06:45:09,010] {scheduler_job.py:643} INFO - DAG(s) dict_keys(['example_branch_datetime_operator_2']) retrieved from /home/airflow/sandbox/lib/python3.8/site-packages/airflow/example_dags/example_branch_datetime_operator.py
[2021-11-28 06:45:09,457] {logging_mixin.py:104} INFO - [2021-11-28 06:45:09,456] {dag.py:1832} INFO - Sync 1 DAGs
[2021-11-28 06:45:09,892] {logging_mixin.py:104} INFO - [2021-11-28 06:45:09,891] {dag.py:2305} INFO - Setting next_dagrun for example_branch_datetime_operator_2 to 2021-11-26 00:00:00+00:00
[2021-11-28 06:45:10,058] {scheduler_job.py:190} INFO - Processing /home/airflow/sandbox/lib/python3.8/site-packages/airflow/example_dags/example_branch_datetime_operator.py took 1.479 seconds
[2021-11-28 06:45:43,396] {scheduler_job.py:182} INFO - Started process (PID=42953) to work on /home/airflow/sandbox/lib/python3.8/site-packages/airflow/example_dags/example_branch_datetime_operator.py
[2021-11-28 06:45:43,417] {scheduler_job.py:633} INFO - Processing file /home/airflow/sandbox/lib/python3.8/site-packages/airflow/example_dags/example_branch_datetime_operator.py for tasks to queue
[2021-11-28 06:45:43,423] {logging_mixin.py:104} INFO - [2021-11-28 06:45:43,423] {dagbag.py:487} INFO - Filling up the DagBag from /home/airflow/sandbox/lib/python3.8/site-packages/airflow/example_dags/example_branch_datetime_operator.py
[2021-11-28 06:45:43,511] {scheduler_job.py:643} INFO - DAG(s) dict_keys(['example_branch_datetime_operator_2']) retrieved from /home/airflow/sandbox/lib/python3.8/site-packages/airflow/example_dags/example_branch_datetime_operator.py
[2021-11-28 06:45:43,677] {logging_mixin.py:104} INFO - [2021-11-28 06:45:43,677] {dag.py:1832} INFO - Sync 1 DAGs
[2021-11-28 06:45:44,073] {logging_mixin.py:104} INFO - [2021-11-28 06:45:44,073] {dag.py:2305} INFO - Setting next_dagrun for example_branch_datetime_operator_2 to 2021-11-26 00:00:00+00:00
[2021-11-28 06:45:44,309] {scheduler_job.py:190} INFO - Processing /home/airflow/sandbox/lib/python3.8/site-packages/airflow/example_dags/example_branch_datetime_operator.py took 0.933 seconds
[2021-11-28 06:46:14,760] {scheduler_job.py:182} INFO - Started process (PID=43150) to work on /home/airflow/sandbox/lib/python3.8/site-packages/airflow/example_dags/example_branch_datetime_operator.py
[2021-11-28 06:46:14,783] {scheduler_job.py:633} INFO - Processing file /home/airflow/sandbox/lib/python3.8/site-packages/airflow/example_dags/example_branch_datetime_operator.py for tasks to queue
[2021-11-28 06:46:14,790] {logging_mixin.py:104} INFO - [2021-11-28 06:46:14,790] {dagbag.py:487} INFO - Filling up the DagBag from /home/airflow/sandbox/lib/python3.8/site-packages/airflow/example_dags/example_branch_datetime_operator.py
[2021-11-28 06:46:14,948] {scheduler_job.py:643} INFO - DAG(s) dict_keys(['example_branch_datetime_operator_2']) retrieved from /home/airflow/sandbox/lib/python3.8/site-packages/airflow/example_dags/example_branch_datetime_operator.py
[2021-11-28 06:46:15,079] {logging_mixin.py:104} INFO - [2021-11-28 06:46:15,079] {dag.py:1832} INFO - Sync 1 DAGs
[2021-11-28 06:46:15,135] {logging_mixin.py:104} INFO - [2021-11-28 06:46:15,134] {dag.py:2305} INFO - Setting next_dagrun for example_branch_datetime_operator_2 to 2021-11-26 00:00:00+00:00
[2021-11-28 06:46:15,196] {scheduler_job.py:190} INFO - Processing /home/airflow/sandbox/lib/python3.8/site-packages/airflow/example_dags/example_branch_datetime_operator.py took 0.465 seconds
[2021-11-28 06:46:46,584] {scheduler_job.py:182} INFO - Started process (PID=43347) to work on /home/airflow/sandbox/lib/python3.8/site-packages/airflow/example_dags/example_branch_datetime_operator.py
[2021-11-28 06:46:46,627] {scheduler_job.py:633} INFO - Processing file /home/airflow/sandbox/lib/python3.8/site-packages/airflow/example_dags/example_branch_datetime_operator.py for tasks to queue
[2021-11-28 06:46:46,631] {logging_mixin.py:104} INFO - [2021-11-28 06:46:46,630] {dagbag.py:487} INFO - Filling up the DagBag from /home/airflow/sandbox/lib/python3.8/site-packages/airflow/example_dags/example_branch_datetime_operator.py
[2021-11-28 06:46:46,922] {scheduler_job.py:643} INFO - DAG(s) dict_keys(['example_branch_datetime_operator_2']) retrieved from /home/airflow/sandbox/lib/python3.8/site-packages/airflow/example_dags/example_branch_datetime_operator.py
[2021-11-28 06:46:47,276] {logging_mixin.py:104} INFO - [2021-11-28 06:46:47,275] {dag.py:1832} INFO - Sync 1 DAGs
[2021-11-28 06:46:47,594] {logging_mixin.py:104} INFO - [2021-11-28 06:46:47,593] {dag.py:2305} INFO - Setting next_dagrun for example_branch_datetime_operator_2 to 2021-11-26 00:00:00+00:00
[2021-11-28 06:46:47,804] {scheduler_job.py:190} INFO - Processing /home/airflow/sandbox/lib/python3.8/site-packages/airflow/example_dags/example_branch_datetime_operator.py took 1.305 seconds
[2021-11-28 06:47:18,363] {scheduler_job.py:182} INFO - Started process (PID=43551) to work on /home/airflow/sandbox/lib/python3.8/site-packages/airflow/example_dags/example_branch_datetime_operator.py
[2021-11-28 06:47:18,383] {scheduler_job.py:633} INFO - Processing file /home/airflow/sandbox/lib/python3.8/site-packages/airflow/example_dags/example_branch_datetime_operator.py for tasks to queue
[2021-11-28 06:47:18,409] {logging_mixin.py:104} INFO - [2021-11-28 06:47:18,409] {dagbag.py:487} INFO - Filling up the DagBag from /home/airflow/sandbox/lib/python3.8/site-packages/airflow/example_dags/example_branch_datetime_operator.py
[2021-11-28 06:47:18,628] {scheduler_job.py:643} INFO - DAG(s) dict_keys(['example_branch_datetime_operator_2']) retrieved from /home/airflow/sandbox/lib/python3.8/site-packages/airflow/example_dags/example_branch_datetime_operator.py
[2021-11-28 06:47:18,880] {logging_mixin.py:104} INFO - [2021-11-28 06:47:18,879] {dag.py:1832} INFO - Sync 1 DAGs
[2021-11-28 06:47:19,075] {logging_mixin.py:104} INFO - [2021-11-28 06:47:19,072] {dag.py:2305} INFO - Setting next_dagrun for example_branch_datetime_operator_2 to 2021-11-26 00:00:00+00:00
[2021-11-28 06:47:19,187] {scheduler_job.py:190} INFO - Processing /home/airflow/sandbox/lib/python3.8/site-packages/airflow/example_dags/example_branch_datetime_operator.py took 0.846 seconds
[2021-11-28 06:47:50,660] {scheduler_job.py:182} INFO - Started process (PID=43899) to work on /home/airflow/sandbox/lib/python3.8/site-packages/airflow/example_dags/example_branch_datetime_operator.py
[2021-11-28 06:47:50,678] {scheduler_job.py:633} INFO - Processing file /home/airflow/sandbox/lib/python3.8/site-packages/airflow/example_dags/example_branch_datetime_operator.py for tasks to queue
[2021-11-28 06:47:50,684] {logging_mixin.py:104} INFO - [2021-11-28 06:47:50,683] {dagbag.py:487} INFO - Filling up the DagBag from /home/airflow/sandbox/lib/python3.8/site-packages/airflow/example_dags/example_branch_datetime_operator.py
[2021-11-28 06:47:50,816] {scheduler_job.py:643} INFO - DAG(s) dict_keys(['example_branch_datetime_operator_2']) retrieved from /home/airflow/sandbox/lib/python3.8/site-packages/airflow/example_dags/example_branch_datetime_operator.py
[2021-11-28 06:47:51,004] {logging_mixin.py:104} INFO - [2021-11-28 06:47:51,004] {dag.py:1832} INFO - Sync 1 DAGs
[2021-11-28 06:47:51,187] {logging_mixin.py:104} INFO - [2021-11-28 06:47:51,187] {dag.py:2305} INFO - Setting next_dagrun for example_branch_datetime_operator_2 to 2021-11-26 00:00:00+00:00
[2021-11-28 06:47:51,294] {scheduler_job.py:190} INFO - Processing /home/airflow/sandbox/lib/python3.8/site-packages/airflow/example_dags/example_branch_datetime_operator.py took 0.660 seconds
[2021-11-28 06:48:22,137] {scheduler_job.py:182} INFO - Started process (PID=44183) to work on /home/airflow/sandbox/lib/python3.8/site-packages/airflow/example_dags/example_branch_datetime_operator.py
[2021-11-28 06:48:22,150] {scheduler_job.py:633} INFO - Processing file /home/airflow/sandbox/lib/python3.8/site-packages/airflow/example_dags/example_branch_datetime_operator.py for tasks to queue
[2021-11-28 06:48:22,153] {logging_mixin.py:104} INFO - [2021-11-28 06:48:22,152] {dagbag.py:487} INFO - Filling up the DagBag from /home/airflow/sandbox/lib/python3.8/site-packages/airflow/example_dags/example_branch_datetime_operator.py
[2021-11-28 06:48:22,655] {scheduler_job.py:643} INFO - DAG(s) dict_keys(['example_branch_datetime_operator_2']) retrieved from /home/airflow/sandbox/lib/python3.8/site-packages/airflow/example_dags/example_branch_datetime_operator.py
[2021-11-28 06:48:23,223] {logging_mixin.py:104} INFO - [2021-11-28 06:48:23,222] {dag.py:1832} INFO - Sync 1 DAGs
[2021-11-28 06:48:23,568] {logging_mixin.py:104} INFO - [2021-11-28 06:48:23,567] {dag.py:2305} INFO - Setting next_dagrun for example_branch_datetime_operator_2 to 2021-11-26 00:00:00+00:00
[2021-11-28 06:48:23,733] {scheduler_job.py:190} INFO - Processing /home/airflow/sandbox/lib/python3.8/site-packages/airflow/example_dags/example_branch_datetime_operator.py took 1.677 seconds
[2021-11-28 06:48:54,524] {scheduler_job.py:182} INFO - Started process (PID=44384) to work on /home/airflow/sandbox/lib/python3.8/site-packages/airflow/example_dags/example_branch_datetime_operator.py
[2021-11-28 06:48:54,536] {scheduler_job.py:633} INFO - Processing file /home/airflow/sandbox/lib/python3.8/site-packages/airflow/example_dags/example_branch_datetime_operator.py for tasks to queue
[2021-11-28 06:48:54,538] {logging_mixin.py:104} INFO - [2021-11-28 06:48:54,538] {dagbag.py:487} INFO - Filling up the DagBag from /home/airflow/sandbox/lib/python3.8/site-packages/airflow/example_dags/example_branch_datetime_operator.py
[2021-11-28 06:48:54,642] {scheduler_job.py:643} INFO - DAG(s) dict_keys(['example_branch_datetime_operator_2']) retrieved from /home/airflow/sandbox/lib/python3.8/site-packages/airflow/example_dags/example_branch_datetime_operator.py
[2021-11-28 06:48:54,802] {logging_mixin.py:104} INFO - [2021-11-28 06:48:54,801] {dag.py:1832} INFO - Sync 1 DAGs
[2021-11-28 06:48:54,891] {logging_mixin.py:104} INFO - [2021-11-28 06:48:54,891] {dag.py:2305} INFO - Setting next_dagrun for example_branch_datetime_operator_2 to 2021-11-26 00:00:00+00:00
[2021-11-28 06:48:54,918] {scheduler_job.py:190} INFO - Processing /home/airflow/sandbox/lib/python3.8/site-packages/airflow/example_dags/example_branch_datetime_operator.py took 0.413 seconds
[2021-11-28 06:49:25,403] {scheduler_job.py:182} INFO - Started process (PID=44584) to work on /home/airflow/sandbox/lib/python3.8/site-packages/airflow/example_dags/example_branch_datetime_operator.py
[2021-11-28 06:49:25,415] {scheduler_job.py:633} INFO - Processing file /home/airflow/sandbox/lib/python3.8/site-packages/airflow/example_dags/example_branch_datetime_operator.py for tasks to queue
[2021-11-28 06:49:25,424] {logging_mixin.py:104} INFO - [2021-11-28 06:49:25,424] {dagbag.py:487} INFO - Filling up the DagBag from /home/airflow/sandbox/lib/python3.8/site-packages/airflow/example_dags/example_branch_datetime_operator.py
[2021-11-28 06:49:25,491] {scheduler_job.py:643} INFO - DAG(s) dict_keys(['example_branch_datetime_operator_2']) retrieved from /home/airflow/sandbox/lib/python3.8/site-packages/airflow/example_dags/example_branch_datetime_operator.py
[2021-11-28 06:49:25,554] {logging_mixin.py:104} INFO - [2021-11-28 06:49:25,554] {dag.py:1832} INFO - Sync 1 DAGs
[2021-11-28 06:49:25,591] {logging_mixin.py:104} INFO - [2021-11-28 06:49:25,590] {dag.py:2305} INFO - Setting next_dagrun for example_branch_datetime_operator_2 to 2021-11-26 00:00:00+00:00
[2021-11-28 06:49:25,627] {scheduler_job.py:190} INFO - Processing /home/airflow/sandbox/lib/python3.8/site-packages/airflow/example_dags/example_branch_datetime_operator.py took 0.265 seconds
[2021-11-28 06:49:56,071] {scheduler_job.py:182} INFO - Started process (PID=44783) to work on /home/airflow/sandbox/lib/python3.8/site-packages/airflow/example_dags/example_branch_datetime_operator.py
[2021-11-28 06:49:56,080] {scheduler_job.py:633} INFO - Processing file /home/airflow/sandbox/lib/python3.8/site-packages/airflow/example_dags/example_branch_datetime_operator.py for tasks to queue
[2021-11-28 06:49:56,084] {logging_mixin.py:104} INFO - [2021-11-28 06:49:56,083] {dagbag.py:487} INFO - Filling up the DagBag from /home/airflow/sandbox/lib/python3.8/site-packages/airflow/example_dags/example_branch_datetime_operator.py
[2021-11-28 06:49:56,119] {scheduler_job.py:643} INFO - DAG(s) dict_keys(['example_branch_datetime_operator_2']) retrieved from /home/airflow/sandbox/lib/python3.8/site-packages/airflow/example_dags/example_branch_datetime_operator.py
[2021-11-28 06:49:56,218] {logging_mixin.py:104} INFO - [2021-11-28 06:49:56,217] {dag.py:1832} INFO - Sync 1 DAGs
[2021-11-28 06:49:56,309] {logging_mixin.py:104} INFO - [2021-11-28 06:49:56,309] {dag.py:2305} INFO - Setting next_dagrun for example_branch_datetime_operator_2 to 2021-11-26 00:00:00+00:00
[2021-11-28 06:49:56,354] {scheduler_job.py:190} INFO - Processing /home/airflow/sandbox/lib/python3.8/site-packages/airflow/example_dags/example_branch_datetime_operator.py took 0.293 seconds
[2021-11-28 06:50:26,668] {scheduler_job.py:182} INFO - Started process (PID=44983) to work on /home/airflow/sandbox/lib/python3.8/site-packages/airflow/example_dags/example_branch_datetime_operator.py
[2021-11-28 06:50:26,685] {scheduler_job.py:633} INFO - Processing file /home/airflow/sandbox/lib/python3.8/site-packages/airflow/example_dags/example_branch_datetime_operator.py for tasks to queue
[2021-11-28 06:50:26,687] {logging_mixin.py:104} INFO - [2021-11-28 06:50:26,686] {dagbag.py:487} INFO - Filling up the DagBag from /home/airflow/sandbox/lib/python3.8/site-packages/airflow/example_dags/example_branch_datetime_operator.py
[2021-11-28 06:50:26,781] {scheduler_job.py:643} INFO - DAG(s) dict_keys(['example_branch_datetime_operator_2']) retrieved from /home/airflow/sandbox/lib/python3.8/site-packages/airflow/example_dags/example_branch_datetime_operator.py
[2021-11-28 06:50:26,984] {logging_mixin.py:104} INFO - [2021-11-28 06:50:26,975] {dag.py:1832} INFO - Sync 1 DAGs
[2021-11-28 06:50:27,123] {logging_mixin.py:104} INFO - [2021-11-28 06:50:27,122] {dag.py:2305} INFO - Setting next_dagrun for example_branch_datetime_operator_2 to 2021-11-26 00:00:00+00:00
[2021-11-28 06:50:27,152] {scheduler_job.py:190} INFO - Processing /home/airflow/sandbox/lib/python3.8/site-packages/airflow/example_dags/example_branch_datetime_operator.py took 0.501 seconds
[2021-11-28 06:50:57,325] {scheduler_job.py:182} INFO - Started process (PID=45180) to work on /home/airflow/sandbox/lib/python3.8/site-packages/airflow/example_dags/example_branch_datetime_operator.py
[2021-11-28 06:50:57,343] {scheduler_job.py:633} INFO - Processing file /home/airflow/sandbox/lib/python3.8/site-packages/airflow/example_dags/example_branch_datetime_operator.py for tasks to queue
[2021-11-28 06:50:57,366] {logging_mixin.py:104} INFO - [2021-11-28 06:50:57,355] {dagbag.py:487} INFO - Filling up the DagBag from /home/airflow/sandbox/lib/python3.8/site-packages/airflow/example_dags/example_branch_datetime_operator.py
[2021-11-28 06:50:57,440] {scheduler_job.py:643} INFO - DAG(s) dict_keys(['example_branch_datetime_operator_2']) retrieved from /home/airflow/sandbox/lib/python3.8/site-packages/airflow/example_dags/example_branch_datetime_operator.py
[2021-11-28 06:50:57,591] {logging_mixin.py:104} INFO - [2021-11-28 06:50:57,591] {dag.py:1832} INFO - Sync 1 DAGs
[2021-11-28 06:50:57,637] {logging_mixin.py:104} INFO - [2021-11-28 06:50:57,637] {dag.py:2305} INFO - Setting next_dagrun for example_branch_datetime_operator_2 to 2021-11-26 00:00:00+00:00
[2021-11-28 06:50:57,687] {scheduler_job.py:190} INFO - Processing /home/airflow/sandbox/lib/python3.8/site-packages/airflow/example_dags/example_branch_datetime_operator.py took 0.384 seconds
[2021-11-28 06:51:28,635] {scheduler_job.py:182} INFO - Started process (PID=45380) to work on /home/airflow/sandbox/lib/python3.8/site-packages/airflow/example_dags/example_branch_datetime_operator.py
[2021-11-28 06:51:28,640] {scheduler_job.py:633} INFO - Processing file /home/airflow/sandbox/lib/python3.8/site-packages/airflow/example_dags/example_branch_datetime_operator.py for tasks to queue
[2021-11-28 06:51:28,641] {logging_mixin.py:104} INFO - [2021-11-28 06:51:28,641] {dagbag.py:487} INFO - Filling up the DagBag from /home/airflow/sandbox/lib/python3.8/site-packages/airflow/example_dags/example_branch_datetime_operator.py
[2021-11-28 06:51:28,679] {scheduler_job.py:643} INFO - DAG(s) dict_keys(['example_branch_datetime_operator_2']) retrieved from /home/airflow/sandbox/lib/python3.8/site-packages/airflow/example_dags/example_branch_datetime_operator.py
[2021-11-28 06:51:28,740] {logging_mixin.py:104} INFO - [2021-11-28 06:51:28,740] {dag.py:1832} INFO - Sync 1 DAGs
[2021-11-28 06:51:28,779] {logging_mixin.py:104} INFO - [2021-11-28 06:51:28,779] {dag.py:2305} INFO - Setting next_dagrun for example_branch_datetime_operator_2 to 2021-11-26 00:00:00+00:00
[2021-11-28 06:51:28,830] {scheduler_job.py:190} INFO - Processing /home/airflow/sandbox/lib/python3.8/site-packages/airflow/example_dags/example_branch_datetime_operator.py took 0.224 seconds
[2021-11-28 06:52:00,340] {scheduler_job.py:182} INFO - Started process (PID=45549) to work on /home/airflow/sandbox/lib/python3.8/site-packages/airflow/example_dags/example_branch_datetime_operator.py
[2021-11-28 06:52:00,358] {scheduler_job.py:633} INFO - Processing file /home/airflow/sandbox/lib/python3.8/site-packages/airflow/example_dags/example_branch_datetime_operator.py for tasks to queue
[2021-11-28 06:52:00,365] {logging_mixin.py:104} INFO - [2021-11-28 06:52:00,365] {dagbag.py:487} INFO - Filling up the DagBag from /home/airflow/sandbox/lib/python3.8/site-packages/airflow/example_dags/example_branch_datetime_operator.py
[2021-11-28 06:52:00,452] {scheduler_job.py:643} INFO - DAG(s) dict_keys(['example_branch_datetime_operator_2']) retrieved from /home/airflow/sandbox/lib/python3.8/site-packages/airflow/example_dags/example_branch_datetime_operator.py
[2021-11-28 06:52:00,652] {logging_mixin.py:104} INFO - [2021-11-28 06:52:00,652] {dag.py:1832} INFO - Sync 1 DAGs
[2021-11-28 06:52:00,723] {logging_mixin.py:104} INFO - [2021-11-28 06:52:00,723] {dag.py:2305} INFO - Setting next_dagrun for example_branch_datetime_operator_2 to 2021-11-26 00:00:00+00:00
[2021-11-28 06:52:00,794] {scheduler_job.py:190} INFO - Processing /home/airflow/sandbox/lib/python3.8/site-packages/airflow/example_dags/example_branch_datetime_operator.py took 0.460 seconds
[2021-11-28 06:52:36,564] {scheduler_job.py:182} INFO - Started process (PID=45749) to work on /home/airflow/sandbox/lib/python3.8/site-packages/airflow/example_dags/example_branch_datetime_operator.py
[2021-11-28 06:52:36,579] {scheduler_job.py:633} INFO - Processing file /home/airflow/sandbox/lib/python3.8/site-packages/airflow/example_dags/example_branch_datetime_operator.py for tasks to queue
[2021-11-28 06:52:36,581] {logging_mixin.py:104} INFO - [2021-11-28 06:52:36,580] {dagbag.py:487} INFO - Filling up the DagBag from /home/airflow/sandbox/lib/python3.8/site-packages/airflow/example_dags/example_branch_datetime_operator.py
[2021-11-28 06:52:36,754] {scheduler_job.py:643} INFO - DAG(s) dict_keys(['example_branch_datetime_operator_2']) retrieved from /home/airflow/sandbox/lib/python3.8/site-packages/airflow/example_dags/example_branch_datetime_operator.py
[2021-11-28 06:52:37,152] {logging_mixin.py:104} INFO - [2021-11-28 06:52:37,151] {dag.py:1832} INFO - Sync 1 DAGs
[2021-11-28 06:52:37,299] {logging_mixin.py:104} INFO - [2021-11-28 06:52:37,298] {dag.py:2305} INFO - Setting next_dagrun for example_branch_datetime_operator_2 to 2021-11-26 00:00:00+00:00
[2021-11-28 06:52:37,412] {scheduler_job.py:190} INFO - Processing /home/airflow/sandbox/lib/python3.8/site-packages/airflow/example_dags/example_branch_datetime_operator.py took 0.854 seconds
[2021-11-28 06:53:07,957] {scheduler_job.py:182} INFO - Started process (PID=46189) to work on /home/airflow/sandbox/lib/python3.8/site-packages/airflow/example_dags/example_branch_datetime_operator.py
[2021-11-28 06:53:07,971] {scheduler_job.py:633} INFO - Processing file /home/airflow/sandbox/lib/python3.8/site-packages/airflow/example_dags/example_branch_datetime_operator.py for tasks to queue
[2021-11-28 06:53:07,991] {logging_mixin.py:104} INFO - [2021-11-28 06:53:07,984] {dagbag.py:487} INFO - Filling up the DagBag from /home/airflow/sandbox/lib/python3.8/site-packages/airflow/example_dags/example_branch_datetime_operator.py
[2021-11-28 06:53:08,100] {scheduler_job.py:643} INFO - DAG(s) dict_keys(['example_branch_datetime_operator_2']) retrieved from /home/airflow/sandbox/lib/python3.8/site-packages/airflow/example_dags/example_branch_datetime_operator.py
[2021-11-28 06:53:08,482] {logging_mixin.py:104} INFO - [2021-11-28 06:53:08,482] {dag.py:1832} INFO - Sync 1 DAGs
[2021-11-28 06:53:08,860] {logging_mixin.py:104} INFO - [2021-11-28 06:53:08,859] {dag.py:2305} INFO - Setting next_dagrun for example_branch_datetime_operator_2 to 2021-11-26 00:00:00+00:00
[2021-11-28 06:53:08,974] {scheduler_job.py:190} INFO - Processing /home/airflow/sandbox/lib/python3.8/site-packages/airflow/example_dags/example_branch_datetime_operator.py took 1.038 seconds
[2021-11-28 06:53:39,378] {scheduler_job.py:182} INFO - Started process (PID=46388) to work on /home/airflow/sandbox/lib/python3.8/site-packages/airflow/example_dags/example_branch_datetime_operator.py
[2021-11-28 06:53:39,389] {scheduler_job.py:633} INFO - Processing file /home/airflow/sandbox/lib/python3.8/site-packages/airflow/example_dags/example_branch_datetime_operator.py for tasks to queue
[2021-11-28 06:53:39,391] {logging_mixin.py:104} INFO - [2021-11-28 06:53:39,390] {dagbag.py:487} INFO - Filling up the DagBag from /home/airflow/sandbox/lib/python3.8/site-packages/airflow/example_dags/example_branch_datetime_operator.py
[2021-11-28 06:53:39,484] {scheduler_job.py:643} INFO - DAG(s) dict_keys(['example_branch_datetime_operator_2']) retrieved from /home/airflow/sandbox/lib/python3.8/site-packages/airflow/example_dags/example_branch_datetime_operator.py
[2021-11-28 06:53:39,590] {logging_mixin.py:104} INFO - [2021-11-28 06:53:39,589] {dag.py:1832} INFO - Sync 1 DAGs
[2021-11-28 06:53:39,695] {logging_mixin.py:104} INFO - [2021-11-28 06:53:39,695] {dag.py:2305} INFO - Setting next_dagrun for example_branch_datetime_operator_2 to 2021-11-26 00:00:00+00:00
[2021-11-28 06:53:39,740] {scheduler_job.py:190} INFO - Processing /home/airflow/sandbox/lib/python3.8/site-packages/airflow/example_dags/example_branch_datetime_operator.py took 0.381 seconds
[2021-11-28 06:54:10,521] {scheduler_job.py:182} INFO - Started process (PID=46585) to work on /home/airflow/sandbox/lib/python3.8/site-packages/airflow/example_dags/example_branch_datetime_operator.py
[2021-11-28 06:54:10,531] {scheduler_job.py:633} INFO - Processing file /home/airflow/sandbox/lib/python3.8/site-packages/airflow/example_dags/example_branch_datetime_operator.py for tasks to queue
[2021-11-28 06:54:10,534] {logging_mixin.py:104} INFO - [2021-11-28 06:54:10,533] {dagbag.py:487} INFO - Filling up the DagBag from /home/airflow/sandbox/lib/python3.8/site-packages/airflow/example_dags/example_branch_datetime_operator.py
[2021-11-28 06:54:10,710] {scheduler_job.py:643} INFO - DAG(s) dict_keys(['example_branch_datetime_operator_2']) retrieved from /home/airflow/sandbox/lib/python3.8/site-packages/airflow/example_dags/example_branch_datetime_operator.py
[2021-11-28 06:54:11,043] {logging_mixin.py:104} INFO - [2021-11-28 06:54:11,043] {dag.py:1832} INFO - Sync 1 DAGs
[2021-11-28 06:54:11,524] {logging_mixin.py:104} INFO - [2021-11-28 06:54:11,523] {dag.py:2305} INFO - Setting next_dagrun for example_branch_datetime_operator_2 to 2021-11-26 00:00:00+00:00
[2021-11-28 06:54:11,715] {scheduler_job.py:190} INFO - Processing /home/airflow/sandbox/lib/python3.8/site-packages/airflow/example_dags/example_branch_datetime_operator.py took 1.236 seconds
[2021-11-28 06:54:42,023] {scheduler_job.py:182} INFO - Started process (PID=46780) to work on /home/airflow/sandbox/lib/python3.8/site-packages/airflow/example_dags/example_branch_datetime_operator.py
[2021-11-28 06:54:42,066] {scheduler_job.py:633} INFO - Processing file /home/airflow/sandbox/lib/python3.8/site-packages/airflow/example_dags/example_branch_datetime_operator.py for tasks to queue
[2021-11-28 06:54:42,096] {logging_mixin.py:104} INFO - [2021-11-28 06:54:42,096] {dagbag.py:487} INFO - Filling up the DagBag from /home/airflow/sandbox/lib/python3.8/site-packages/airflow/example_dags/example_branch_datetime_operator.py
[2021-11-28 06:54:42,341] {scheduler_job.py:643} INFO - DAG(s) dict_keys(['example_branch_datetime_operator_2']) retrieved from /home/airflow/sandbox/lib/python3.8/site-packages/airflow/example_dags/example_branch_datetime_operator.py
[2021-11-28 06:54:42,712] {logging_mixin.py:104} INFO - [2021-11-28 06:54:42,712] {dag.py:1832} INFO - Sync 1 DAGs
[2021-11-28 06:54:43,002] {logging_mixin.py:104} INFO - [2021-11-28 06:54:43,001] {dag.py:2305} INFO - Setting next_dagrun for example_branch_datetime_operator_2 to 2021-11-26 00:00:00+00:00
[2021-11-28 06:54:43,128] {scheduler_job.py:190} INFO - Processing /home/airflow/sandbox/lib/python3.8/site-packages/airflow/example_dags/example_branch_datetime_operator.py took 1.172 seconds
[2021-11-28 06:55:13,376] {scheduler_job.py:182} INFO - Started process (PID=46984) to work on /home/airflow/sandbox/lib/python3.8/site-packages/airflow/example_dags/example_branch_datetime_operator.py
[2021-11-28 06:55:13,403] {scheduler_job.py:633} INFO - Processing file /home/airflow/sandbox/lib/python3.8/site-packages/airflow/example_dags/example_branch_datetime_operator.py for tasks to queue
[2021-11-28 06:55:13,412] {logging_mixin.py:104} INFO - [2021-11-28 06:55:13,412] {dagbag.py:487} INFO - Filling up the DagBag from /home/airflow/sandbox/lib/python3.8/site-packages/airflow/example_dags/example_branch_datetime_operator.py
[2021-11-28 06:55:13,579] {scheduler_job.py:643} INFO - DAG(s) dict_keys(['example_branch_datetime_operator_2']) retrieved from /home/airflow/sandbox/lib/python3.8/site-packages/airflow/example_dags/example_branch_datetime_operator.py
[2021-11-28 06:55:13,726] {logging_mixin.py:104} INFO - [2021-11-28 06:55:13,726] {dag.py:1832} INFO - Sync 1 DAGs
[2021-11-28 06:55:13,785] {logging_mixin.py:104} INFO - [2021-11-28 06:55:13,784] {dag.py:2305} INFO - Setting next_dagrun for example_branch_datetime_operator_2 to 2021-11-26 00:00:00+00:00
[2021-11-28 06:55:13,836] {scheduler_job.py:190} INFO - Processing /home/airflow/sandbox/lib/python3.8/site-packages/airflow/example_dags/example_branch_datetime_operator.py took 0.488 seconds
[2021-11-28 06:55:44,520] {scheduler_job.py:182} INFO - Started process (PID=47183) to work on /home/airflow/sandbox/lib/python3.8/site-packages/airflow/example_dags/example_branch_datetime_operator.py
[2021-11-28 06:55:44,543] {scheduler_job.py:633} INFO - Processing file /home/airflow/sandbox/lib/python3.8/site-packages/airflow/example_dags/example_branch_datetime_operator.py for tasks to queue
[2021-11-28 06:55:44,571] {logging_mixin.py:104} INFO - [2021-11-28 06:55:44,570] {dagbag.py:487} INFO - Filling up the DagBag from /home/airflow/sandbox/lib/python3.8/site-packages/airflow/example_dags/example_branch_datetime_operator.py
[2021-11-28 06:55:44,636] {scheduler_job.py:643} INFO - DAG(s) dict_keys(['example_branch_datetime_operator_2']) retrieved from /home/airflow/sandbox/lib/python3.8/site-packages/airflow/example_dags/example_branch_datetime_operator.py
[2021-11-28 06:55:44,804] {logging_mixin.py:104} INFO - [2021-11-28 06:55:44,804] {dag.py:1832} INFO - Sync 1 DAGs
[2021-11-28 06:55:44,882] {logging_mixin.py:104} INFO - [2021-11-28 06:55:44,882] {dag.py:2305} INFO - Setting next_dagrun for example_branch_datetime_operator_2 to 2021-11-26 00:00:00+00:00
[2021-11-28 06:55:44,938] {scheduler_job.py:190} INFO - Processing /home/airflow/sandbox/lib/python3.8/site-packages/airflow/example_dags/example_branch_datetime_operator.py took 0.461 seconds
[2021-11-28 06:56:15,072] {scheduler_job.py:182} INFO - Started process (PID=47383) to work on /home/airflow/sandbox/lib/python3.8/site-packages/airflow/example_dags/example_branch_datetime_operator.py
[2021-11-28 06:56:15,081] {scheduler_job.py:633} INFO - Processing file /home/airflow/sandbox/lib/python3.8/site-packages/airflow/example_dags/example_branch_datetime_operator.py for tasks to queue
[2021-11-28 06:56:15,082] {logging_mixin.py:104} INFO - [2021-11-28 06:56:15,082] {dagbag.py:487} INFO - Filling up the DagBag from /home/airflow/sandbox/lib/python3.8/site-packages/airflow/example_dags/example_branch_datetime_operator.py
[2021-11-28 06:56:15,183] {scheduler_job.py:643} INFO - DAG(s) dict_keys(['example_branch_datetime_operator_2']) retrieved from /home/airflow/sandbox/lib/python3.8/site-packages/airflow/example_dags/example_branch_datetime_operator.py
[2021-11-28 06:56:15,339] {logging_mixin.py:104} INFO - [2021-11-28 06:56:15,339] {dag.py:1832} INFO - Sync 1 DAGs
[2021-11-28 06:56:15,383] {logging_mixin.py:104} INFO - [2021-11-28 06:56:15,383] {dag.py:2305} INFO - Setting next_dagrun for example_branch_datetime_operator_2 to 2021-11-26 00:00:00+00:00
[2021-11-28 06:56:15,423] {scheduler_job.py:190} INFO - Processing /home/airflow/sandbox/lib/python3.8/site-packages/airflow/example_dags/example_branch_datetime_operator.py took 0.370 seconds
[2021-11-28 06:56:45,766] {scheduler_job.py:182} INFO - Started process (PID=47582) to work on /home/airflow/sandbox/lib/python3.8/site-packages/airflow/example_dags/example_branch_datetime_operator.py
[2021-11-28 06:56:45,770] {scheduler_job.py:633} INFO - Processing file /home/airflow/sandbox/lib/python3.8/site-packages/airflow/example_dags/example_branch_datetime_operator.py for tasks to queue
[2021-11-28 06:56:45,773] {logging_mixin.py:104} INFO - [2021-11-28 06:56:45,773] {dagbag.py:487} INFO - Filling up the DagBag from /home/airflow/sandbox/lib/python3.8/site-packages/airflow/example_dags/example_branch_datetime_operator.py
[2021-11-28 06:56:45,796] {scheduler_job.py:643} INFO - DAG(s) dict_keys(['example_branch_datetime_operator_2']) retrieved from /home/airflow/sandbox/lib/python3.8/site-packages/airflow/example_dags/example_branch_datetime_operator.py
[2021-11-28 06:56:45,975] {logging_mixin.py:104} INFO - [2021-11-28 06:56:45,975] {dag.py:1832} INFO - Sync 1 DAGs
[2021-11-28 06:56:46,181] {logging_mixin.py:104} INFO - [2021-11-28 06:56:46,181] {dag.py:2305} INFO - Setting next_dagrun for example_branch_datetime_operator_2 to 2021-11-26 00:00:00+00:00
[2021-11-28 06:56:46,231] {scheduler_job.py:190} INFO - Processing /home/airflow/sandbox/lib/python3.8/site-packages/airflow/example_dags/example_branch_datetime_operator.py took 0.478 seconds
[2021-11-28 06:57:16,759] {scheduler_job.py:182} INFO - Started process (PID=47781) to work on /home/airflow/sandbox/lib/python3.8/site-packages/airflow/example_dags/example_branch_datetime_operator.py
[2021-11-28 06:57:16,762] {scheduler_job.py:633} INFO - Processing file /home/airflow/sandbox/lib/python3.8/site-packages/airflow/example_dags/example_branch_datetime_operator.py for tasks to queue
[2021-11-28 06:57:16,764] {logging_mixin.py:104} INFO - [2021-11-28 06:57:16,763] {dagbag.py:487} INFO - Filling up the DagBag from /home/airflow/sandbox/lib/python3.8/site-packages/airflow/example_dags/example_branch_datetime_operator.py
[2021-11-28 06:57:16,932] {scheduler_job.py:643} INFO - DAG(s) dict_keys(['example_branch_datetime_operator_2']) retrieved from /home/airflow/sandbox/lib/python3.8/site-packages/airflow/example_dags/example_branch_datetime_operator.py
[2021-11-28 06:57:17,096] {logging_mixin.py:104} INFO - [2021-11-28 06:57:17,096] {dag.py:1832} INFO - Sync 1 DAGs
[2021-11-28 06:57:17,239] {logging_mixin.py:104} INFO - [2021-11-28 06:57:17,239] {dag.py:2305} INFO - Setting next_dagrun for example_branch_datetime_operator_2 to 2021-11-26 00:00:00+00:00
[2021-11-28 06:57:17,391] {scheduler_job.py:190} INFO - Processing /home/airflow/sandbox/lib/python3.8/site-packages/airflow/example_dags/example_branch_datetime_operator.py took 0.687 seconds
[2021-11-28 06:57:50,417] {scheduler_job.py:182} INFO - Started process (PID=48145) to work on /home/airflow/sandbox/lib/python3.8/site-packages/airflow/example_dags/example_branch_datetime_operator.py
[2021-11-28 06:57:50,426] {scheduler_job.py:633} INFO - Processing file /home/airflow/sandbox/lib/python3.8/site-packages/airflow/example_dags/example_branch_datetime_operator.py for tasks to queue
[2021-11-28 06:57:50,435] {logging_mixin.py:104} INFO - [2021-11-28 06:57:50,434] {dagbag.py:487} INFO - Filling up the DagBag from /home/airflow/sandbox/lib/python3.8/site-packages/airflow/example_dags/example_branch_datetime_operator.py
[2021-11-28 06:57:50,502] {scheduler_job.py:643} INFO - DAG(s) dict_keys(['example_branch_datetime_operator_2']) retrieved from /home/airflow/sandbox/lib/python3.8/site-packages/airflow/example_dags/example_branch_datetime_operator.py
[2021-11-28 06:57:50,656] {logging_mixin.py:104} INFO - [2021-11-28 06:57:50,656] {dag.py:1832} INFO - Sync 1 DAGs
[2021-11-28 06:57:50,731] {logging_mixin.py:104} INFO - [2021-11-28 06:57:50,730] {dag.py:2305} INFO - Setting next_dagrun for example_branch_datetime_operator_2 to 2021-11-26 00:00:00+00:00
[2021-11-28 06:57:50,830] {scheduler_job.py:190} INFO - Processing /home/airflow/sandbox/lib/python3.8/site-packages/airflow/example_dags/example_branch_datetime_operator.py took 0.432 seconds
[2021-11-28 06:58:21,177] {scheduler_job.py:182} INFO - Started process (PID=48418) to work on /home/airflow/sandbox/lib/python3.8/site-packages/airflow/example_dags/example_branch_datetime_operator.py
[2021-11-28 06:58:21,184] {scheduler_job.py:633} INFO - Processing file /home/airflow/sandbox/lib/python3.8/site-packages/airflow/example_dags/example_branch_datetime_operator.py for tasks to queue
[2021-11-28 06:58:21,187] {logging_mixin.py:104} INFO - [2021-11-28 06:58:21,187] {dagbag.py:487} INFO - Filling up the DagBag from /home/airflow/sandbox/lib/python3.8/site-packages/airflow/example_dags/example_branch_datetime_operator.py
[2021-11-28 06:58:21,224] {scheduler_job.py:643} INFO - DAG(s) dict_keys(['example_branch_datetime_operator_2']) retrieved from /home/airflow/sandbox/lib/python3.8/site-packages/airflow/example_dags/example_branch_datetime_operator.py
[2021-11-28 06:58:21,293] {logging_mixin.py:104} INFO - [2021-11-28 06:58:21,293] {dag.py:1832} INFO - Sync 1 DAGs
[2021-11-28 06:58:21,333] {logging_mixin.py:104} INFO - [2021-11-28 06:58:21,333] {dag.py:2305} INFO - Setting next_dagrun for example_branch_datetime_operator_2 to 2021-11-26 00:00:00+00:00
[2021-11-28 06:58:21,388] {scheduler_job.py:190} INFO - Processing /home/airflow/sandbox/lib/python3.8/site-packages/airflow/example_dags/example_branch_datetime_operator.py took 0.218 seconds
[2021-11-28 06:58:52,240] {scheduler_job.py:182} INFO - Started process (PID=48610) to work on /home/airflow/sandbox/lib/python3.8/site-packages/airflow/example_dags/example_branch_datetime_operator.py
[2021-11-28 06:58:52,258] {scheduler_job.py:633} INFO - Processing file /home/airflow/sandbox/lib/python3.8/site-packages/airflow/example_dags/example_branch_datetime_operator.py for tasks to queue
[2021-11-28 06:58:52,259] {logging_mixin.py:104} INFO - [2021-11-28 06:58:52,259] {dagbag.py:487} INFO - Filling up the DagBag from /home/airflow/sandbox/lib/python3.8/site-packages/airflow/example_dags/example_branch_datetime_operator.py
[2021-11-28 06:58:52,349] {scheduler_job.py:643} INFO - DAG(s) dict_keys(['example_branch_datetime_operator_2']) retrieved from /home/airflow/sandbox/lib/python3.8/site-packages/airflow/example_dags/example_branch_datetime_operator.py
[2021-11-28 06:58:52,472] {logging_mixin.py:104} INFO - [2021-11-28 06:58:52,471] {dag.py:1832} INFO - Sync 1 DAGs
[2021-11-28 06:58:52,555] {logging_mixin.py:104} INFO - [2021-11-28 06:58:52,555] {dag.py:2305} INFO - Setting next_dagrun for example_branch_datetime_operator_2 to 2021-11-26 00:00:00+00:00
[2021-11-28 06:58:52,636] {scheduler_job.py:190} INFO - Processing /home/airflow/sandbox/lib/python3.8/site-packages/airflow/example_dags/example_branch_datetime_operator.py took 0.404 seconds
[2021-11-28 06:59:25,355] {scheduler_job.py:182} INFO - Started process (PID=48809) to work on /home/airflow/sandbox/lib/python3.8/site-packages/airflow/example_dags/example_branch_datetime_operator.py
[2021-11-28 06:59:25,360] {scheduler_job.py:633} INFO - Processing file /home/airflow/sandbox/lib/python3.8/site-packages/airflow/example_dags/example_branch_datetime_operator.py for tasks to queue
[2021-11-28 06:59:25,365] {logging_mixin.py:104} INFO - [2021-11-28 06:59:25,365] {dagbag.py:487} INFO - Filling up the DagBag from /home/airflow/sandbox/lib/python3.8/site-packages/airflow/example_dags/example_branch_datetime_operator.py
[2021-11-28 06:59:25,459] {scheduler_job.py:643} INFO - DAG(s) dict_keys(['example_branch_datetime_operator_2']) retrieved from /home/airflow/sandbox/lib/python3.8/site-packages/airflow/example_dags/example_branch_datetime_operator.py
[2021-11-28 06:59:25,587] {logging_mixin.py:104} INFO - [2021-11-28 06:59:25,587] {dag.py:1832} INFO - Sync 1 DAGs
[2021-11-28 06:59:25,686] {logging_mixin.py:104} INFO - [2021-11-28 06:59:25,685] {dag.py:2305} INFO - Setting next_dagrun for example_branch_datetime_operator_2 to 2021-11-26 00:00:00+00:00
[2021-11-28 06:59:25,775] {scheduler_job.py:190} INFO - Processing /home/airflow/sandbox/lib/python3.8/site-packages/airflow/example_dags/example_branch_datetime_operator.py took 0.461 seconds
[2021-11-28 06:59:56,885] {scheduler_job.py:182} INFO - Started process (PID=49008) to work on /home/airflow/sandbox/lib/python3.8/site-packages/airflow/example_dags/example_branch_datetime_operator.py
[2021-11-28 06:59:56,906] {scheduler_job.py:633} INFO - Processing file /home/airflow/sandbox/lib/python3.8/site-packages/airflow/example_dags/example_branch_datetime_operator.py for tasks to queue
[2021-11-28 06:59:56,914] {logging_mixin.py:104} INFO - [2021-11-28 06:59:56,914] {dagbag.py:487} INFO - Filling up the DagBag from /home/airflow/sandbox/lib/python3.8/site-packages/airflow/example_dags/example_branch_datetime_operator.py
[2021-11-28 06:59:56,979] {scheduler_job.py:643} INFO - DAG(s) dict_keys(['example_branch_datetime_operator_2']) retrieved from /home/airflow/sandbox/lib/python3.8/site-packages/airflow/example_dags/example_branch_datetime_operator.py
[2021-11-28 06:59:57,116] {logging_mixin.py:104} INFO - [2021-11-28 06:59:57,116] {dag.py:1832} INFO - Sync 1 DAGs
[2021-11-28 06:59:57,197] {logging_mixin.py:104} INFO - [2021-11-28 06:59:57,196] {dag.py:2305} INFO - Setting next_dagrun for example_branch_datetime_operator_2 to 2021-11-26 00:00:00+00:00
[2021-11-28 06:59:57,275] {scheduler_job.py:190} INFO - Processing /home/airflow/sandbox/lib/python3.8/site-packages/airflow/example_dags/example_branch_datetime_operator.py took 0.397 seconds
[2021-11-28 07:00:28,672] {scheduler_job.py:182} INFO - Started process (PID=49195) to work on /home/airflow/sandbox/lib/python3.8/site-packages/airflow/example_dags/example_branch_datetime_operator.py
[2021-11-28 07:00:28,696] {scheduler_job.py:633} INFO - Processing file /home/airflow/sandbox/lib/python3.8/site-packages/airflow/example_dags/example_branch_datetime_operator.py for tasks to queue
[2021-11-28 07:00:28,704] {logging_mixin.py:104} INFO - [2021-11-28 07:00:28,703] {dagbag.py:487} INFO - Filling up the DagBag from /home/airflow/sandbox/lib/python3.8/site-packages/airflow/example_dags/example_branch_datetime_operator.py
[2021-11-28 07:00:28,888] {scheduler_job.py:643} INFO - DAG(s) dict_keys(['example_branch_datetime_operator_2']) retrieved from /home/airflow/sandbox/lib/python3.8/site-packages/airflow/example_dags/example_branch_datetime_operator.py
[2021-11-28 07:00:29,289] {logging_mixin.py:104} INFO - [2021-11-28 07:00:29,289] {dag.py:1832} INFO - Sync 1 DAGs
[2021-11-28 07:00:29,797] {logging_mixin.py:104} INFO - [2021-11-28 07:00:29,796] {dag.py:2305} INFO - Setting next_dagrun for example_branch_datetime_operator_2 to 2021-11-26 00:00:00+00:00
[2021-11-28 07:00:30,019] {scheduler_job.py:190} INFO - Processing /home/airflow/sandbox/lib/python3.8/site-packages/airflow/example_dags/example_branch_datetime_operator.py took 1.387 seconds
[2021-11-28 07:01:00,931] {scheduler_job.py:182} INFO - Started process (PID=49418) to work on /home/airflow/sandbox/lib/python3.8/site-packages/airflow/example_dags/example_branch_datetime_operator.py
[2021-11-28 07:01:00,946] {scheduler_job.py:633} INFO - Processing file /home/airflow/sandbox/lib/python3.8/site-packages/airflow/example_dags/example_branch_datetime_operator.py for tasks to queue
[2021-11-28 07:01:00,968] {logging_mixin.py:104} INFO - [2021-11-28 07:01:00,967] {dagbag.py:487} INFO - Filling up the DagBag from /home/airflow/sandbox/lib/python3.8/site-packages/airflow/example_dags/example_branch_datetime_operator.py
[2021-11-28 07:01:01,057] {scheduler_job.py:643} INFO - DAG(s) dict_keys(['example_branch_datetime_operator_2']) retrieved from /home/airflow/sandbox/lib/python3.8/site-packages/airflow/example_dags/example_branch_datetime_operator.py
[2021-11-28 07:01:01,193] {logging_mixin.py:104} INFO - [2021-11-28 07:01:01,193] {dag.py:1832} INFO - Sync 1 DAGs
[2021-11-28 07:01:01,313] {logging_mixin.py:104} INFO - [2021-11-28 07:01:01,313] {dag.py:2305} INFO - Setting next_dagrun for example_branch_datetime_operator_2 to 2021-11-26 00:00:00+00:00
[2021-11-28 07:01:01,383] {scheduler_job.py:190} INFO - Processing /home/airflow/sandbox/lib/python3.8/site-packages/airflow/example_dags/example_branch_datetime_operator.py took 0.460 seconds
