[2021-11-28 06:22:58,753] {scheduler_job.py:182} INFO - Started process (PID=31080) to work on /home/airflow/sandbox/lib/python3.8/site-packages/airflow/example_dags/example_nested_branch_dag.py
[2021-11-28 06:22:58,759] {scheduler_job.py:633} INFO - Processing file /home/airflow/sandbox/lib/python3.8/site-packages/airflow/example_dags/example_nested_branch_dag.py for tasks to queue
[2021-11-28 06:22:58,762] {logging_mixin.py:104} INFO - [2021-11-28 06:22:58,762] {dagbag.py:487} INFO - Filling up the DagBag from /home/airflow/sandbox/lib/python3.8/site-packages/airflow/example_dags/example_nested_branch_dag.py
[2021-11-28 06:22:58,887] {scheduler_job.py:643} INFO - DAG(s) dict_keys(['example_nested_branch_dag']) retrieved from /home/airflow/sandbox/lib/python3.8/site-packages/airflow/example_dags/example_nested_branch_dag.py
[2021-11-28 06:22:59,058] {logging_mixin.py:104} INFO - [2021-11-28 06:22:59,058] {dag.py:1832} INFO - Sync 1 DAGs
[2021-11-28 06:22:59,191] {logging_mixin.py:104} INFO - [2021-11-28 06:22:59,191] {dag.py:2305} INFO - Setting next_dagrun for example_nested_branch_dag to 2021-11-26 00:00:00+00:00
[2021-11-28 06:22:59,303] {scheduler_job.py:190} INFO - Processing /home/airflow/sandbox/lib/python3.8/site-packages/airflow/example_dags/example_nested_branch_dag.py took 0.616 seconds
[2021-11-28 06:23:45,929] {scheduler_job.py:182} INFO - Started process (PID=31397) to work on /home/airflow/sandbox/lib/python3.8/site-packages/airflow/example_dags/example_nested_branch_dag.py
[2021-11-28 06:23:45,967] {scheduler_job.py:633} INFO - Processing file /home/airflow/sandbox/lib/python3.8/site-packages/airflow/example_dags/example_nested_branch_dag.py for tasks to queue
[2021-11-28 06:23:46,019] {logging_mixin.py:104} INFO - [2021-11-28 06:23:46,019] {dagbag.py:487} INFO - Filling up the DagBag from /home/airflow/sandbox/lib/python3.8/site-packages/airflow/example_dags/example_nested_branch_dag.py
[2021-11-28 06:23:46,237] {scheduler_job.py:643} INFO - DAG(s) dict_keys(['example_nested_branch_dag']) retrieved from /home/airflow/sandbox/lib/python3.8/site-packages/airflow/example_dags/example_nested_branch_dag.py
[2021-11-28 06:23:46,662] {logging_mixin.py:104} INFO - [2021-11-28 06:23:46,661] {dag.py:1832} INFO - Sync 1 DAGs
[2021-11-28 06:23:46,940] {logging_mixin.py:104} INFO - [2021-11-28 06:23:46,940] {dag.py:2305} INFO - Setting next_dagrun for example_nested_branch_dag to 2021-11-26 00:00:00+00:00
[2021-11-28 06:23:47,098] {scheduler_job.py:190} INFO - Processing /home/airflow/sandbox/lib/python3.8/site-packages/airflow/example_dags/example_nested_branch_dag.py took 1.175 seconds
[2021-11-28 06:24:36,508] {scheduler_job.py:182} INFO - Started process (PID=31644) to work on /home/airflow/sandbox/lib/python3.8/site-packages/airflow/example_dags/example_nested_branch_dag.py
[2021-11-28 06:24:36,527] {scheduler_job.py:633} INFO - Processing file /home/airflow/sandbox/lib/python3.8/site-packages/airflow/example_dags/example_nested_branch_dag.py for tasks to queue
[2021-11-28 06:24:36,577] {logging_mixin.py:104} INFO - [2021-11-28 06:24:36,576] {dagbag.py:487} INFO - Filling up the DagBag from /home/airflow/sandbox/lib/python3.8/site-packages/airflow/example_dags/example_nested_branch_dag.py
[2021-11-28 06:24:36,949] {scheduler_job.py:643} INFO - DAG(s) dict_keys(['example_nested_branch_dag']) retrieved from /home/airflow/sandbox/lib/python3.8/site-packages/airflow/example_dags/example_nested_branch_dag.py
[2021-11-28 06:24:37,298] {logging_mixin.py:104} INFO - [2021-11-28 06:24:37,298] {dag.py:1832} INFO - Sync 1 DAGs
[2021-11-28 06:24:37,429] {logging_mixin.py:104} INFO - [2021-11-28 06:24:37,429] {dag.py:2305} INFO - Setting next_dagrun for example_nested_branch_dag to 2021-11-26 00:00:00+00:00
[2021-11-28 06:24:37,518] {scheduler_job.py:190} INFO - Processing /home/airflow/sandbox/lib/python3.8/site-packages/airflow/example_dags/example_nested_branch_dag.py took 1.098 seconds
[2021-11-28 06:25:07,927] {scheduler_job.py:182} INFO - Started process (PID=31963) to work on /home/airflow/sandbox/lib/python3.8/site-packages/airflow/example_dags/example_nested_branch_dag.py
[2021-11-28 06:25:07,946] {scheduler_job.py:633} INFO - Processing file /home/airflow/sandbox/lib/python3.8/site-packages/airflow/example_dags/example_nested_branch_dag.py for tasks to queue
[2021-11-28 06:25:07,947] {logging_mixin.py:104} INFO - [2021-11-28 06:25:07,947] {dagbag.py:487} INFO - Filling up the DagBag from /home/airflow/sandbox/lib/python3.8/site-packages/airflow/example_dags/example_nested_branch_dag.py
[2021-11-28 06:25:08,021] {scheduler_job.py:643} INFO - DAG(s) dict_keys(['example_nested_branch_dag']) retrieved from /home/airflow/sandbox/lib/python3.8/site-packages/airflow/example_dags/example_nested_branch_dag.py
[2021-11-28 06:25:08,069] {logging_mixin.py:104} INFO - [2021-11-28 06:25:08,069] {dag.py:1832} INFO - Sync 1 DAGs
[2021-11-28 06:25:08,134] {logging_mixin.py:104} INFO - [2021-11-28 06:25:08,134] {dag.py:2305} INFO - Setting next_dagrun for example_nested_branch_dag to 2021-11-26 00:00:00+00:00
[2021-11-28 06:25:08,212] {scheduler_job.py:190} INFO - Processing /home/airflow/sandbox/lib/python3.8/site-packages/airflow/example_dags/example_nested_branch_dag.py took 0.298 seconds
[2021-11-28 06:25:38,727] {scheduler_job.py:182} INFO - Started process (PID=32302) to work on /home/airflow/sandbox/lib/python3.8/site-packages/airflow/example_dags/example_nested_branch_dag.py
[2021-11-28 06:25:38,745] {scheduler_job.py:633} INFO - Processing file /home/airflow/sandbox/lib/python3.8/site-packages/airflow/example_dags/example_nested_branch_dag.py for tasks to queue
[2021-11-28 06:25:38,746] {logging_mixin.py:104} INFO - [2021-11-28 06:25:38,745] {dagbag.py:487} INFO - Filling up the DagBag from /home/airflow/sandbox/lib/python3.8/site-packages/airflow/example_dags/example_nested_branch_dag.py
[2021-11-28 06:25:38,811] {scheduler_job.py:643} INFO - DAG(s) dict_keys(['example_nested_branch_dag']) retrieved from /home/airflow/sandbox/lib/python3.8/site-packages/airflow/example_dags/example_nested_branch_dag.py
[2021-11-28 06:25:39,023] {logging_mixin.py:104} INFO - [2021-11-28 06:25:39,022] {dag.py:1832} INFO - Sync 1 DAGs
[2021-11-28 06:25:39,090] {logging_mixin.py:104} INFO - [2021-11-28 06:25:39,090] {dag.py:2305} INFO - Setting next_dagrun for example_nested_branch_dag to 2021-11-26 00:00:00+00:00
[2021-11-28 06:25:39,127] {scheduler_job.py:190} INFO - Processing /home/airflow/sandbox/lib/python3.8/site-packages/airflow/example_dags/example_nested_branch_dag.py took 0.406 seconds
[2021-11-28 06:26:09,411] {scheduler_job.py:182} INFO - Started process (PID=32527) to work on /home/airflow/sandbox/lib/python3.8/site-packages/airflow/example_dags/example_nested_branch_dag.py
[2021-11-28 06:26:09,428] {scheduler_job.py:633} INFO - Processing file /home/airflow/sandbox/lib/python3.8/site-packages/airflow/example_dags/example_nested_branch_dag.py for tasks to queue
[2021-11-28 06:26:09,440] {logging_mixin.py:104} INFO - [2021-11-28 06:26:09,440] {dagbag.py:487} INFO - Filling up the DagBag from /home/airflow/sandbox/lib/python3.8/site-packages/airflow/example_dags/example_nested_branch_dag.py
[2021-11-28 06:26:09,632] {scheduler_job.py:643} INFO - DAG(s) dict_keys(['example_nested_branch_dag']) retrieved from /home/airflow/sandbox/lib/python3.8/site-packages/airflow/example_dags/example_nested_branch_dag.py
[2021-11-28 06:26:09,828] {logging_mixin.py:104} INFO - [2021-11-28 06:26:09,827] {dag.py:1832} INFO - Sync 1 DAGs
[2021-11-28 06:26:10,098] {logging_mixin.py:104} INFO - [2021-11-28 06:26:10,098] {dag.py:2305} INFO - Setting next_dagrun for example_nested_branch_dag to 2021-11-26 00:00:00+00:00
[2021-11-28 06:26:10,240] {scheduler_job.py:190} INFO - Processing /home/airflow/sandbox/lib/python3.8/site-packages/airflow/example_dags/example_nested_branch_dag.py took 0.867 seconds
[2021-11-28 06:26:42,129] {scheduler_job.py:182} INFO - Started process (PID=32770) to work on /home/airflow/sandbox/lib/python3.8/site-packages/airflow/example_dags/example_nested_branch_dag.py
[2021-11-28 06:26:42,141] {scheduler_job.py:633} INFO - Processing file /home/airflow/sandbox/lib/python3.8/site-packages/airflow/example_dags/example_nested_branch_dag.py for tasks to queue
[2021-11-28 06:26:42,159] {logging_mixin.py:104} INFO - [2021-11-28 06:26:42,159] {dagbag.py:487} INFO - Filling up the DagBag from /home/airflow/sandbox/lib/python3.8/site-packages/airflow/example_dags/example_nested_branch_dag.py
[2021-11-28 06:26:42,259] {scheduler_job.py:643} INFO - DAG(s) dict_keys(['example_nested_branch_dag']) retrieved from /home/airflow/sandbox/lib/python3.8/site-packages/airflow/example_dags/example_nested_branch_dag.py
[2021-11-28 06:26:42,505] {logging_mixin.py:104} INFO - [2021-11-28 06:26:42,504] {dag.py:1832} INFO - Sync 1 DAGs
[2021-11-28 06:26:42,667] {logging_mixin.py:104} INFO - [2021-11-28 06:26:42,667] {dag.py:2305} INFO - Setting next_dagrun for example_nested_branch_dag to 2021-11-26 00:00:00+00:00
[2021-11-28 06:26:42,791] {scheduler_job.py:190} INFO - Processing /home/airflow/sandbox/lib/python3.8/site-packages/airflow/example_dags/example_nested_branch_dag.py took 0.694 seconds
[2021-11-28 06:27:41,578] {scheduler_job.py:182} INFO - Started process (PID=33963) to work on /home/airflow/sandbox/lib/python3.8/site-packages/airflow/example_dags/example_nested_branch_dag.py
[2021-11-28 06:27:41,762] {scheduler_job.py:633} INFO - Processing file /home/airflow/sandbox/lib/python3.8/site-packages/airflow/example_dags/example_nested_branch_dag.py for tasks to queue
[2021-11-28 06:27:41,856] {logging_mixin.py:104} INFO - [2021-11-28 06:27:41,856] {dagbag.py:487} INFO - Filling up the DagBag from /home/airflow/sandbox/lib/python3.8/site-packages/airflow/example_dags/example_nested_branch_dag.py
[2021-11-28 06:27:42,565] {scheduler_job.py:643} INFO - DAG(s) dict_keys(['example_nested_branch_dag']) retrieved from /home/airflow/sandbox/lib/python3.8/site-packages/airflow/example_dags/example_nested_branch_dag.py
[2021-11-28 06:27:43,598] {logging_mixin.py:104} INFO - [2021-11-28 06:27:43,597] {dag.py:1832} INFO - Sync 1 DAGs
[2021-11-28 06:27:46,583] {logging_mixin.py:104} INFO - [2021-11-28 06:27:46,583] {dag.py:2305} INFO - Setting next_dagrun for example_nested_branch_dag to 2021-11-26 00:00:00+00:00
[2021-11-28 06:27:47,068] {scheduler_job.py:190} INFO - Processing /home/airflow/sandbox/lib/python3.8/site-packages/airflow/example_dags/example_nested_branch_dag.py took 6.258 seconds
[2021-11-28 06:28:31,587] {scheduler_job.py:182} INFO - Started process (PID=36010) to work on /home/airflow/sandbox/lib/python3.8/site-packages/airflow/example_dags/example_nested_branch_dag.py
[2021-11-28 06:28:31,607] {scheduler_job.py:633} INFO - Processing file /home/airflow/sandbox/lib/python3.8/site-packages/airflow/example_dags/example_nested_branch_dag.py for tasks to queue
[2021-11-28 06:28:31,609] {logging_mixin.py:104} INFO - [2021-11-28 06:28:31,609] {dagbag.py:487} INFO - Filling up the DagBag from /home/airflow/sandbox/lib/python3.8/site-packages/airflow/example_dags/example_nested_branch_dag.py
[2021-11-28 06:28:31,755] {scheduler_job.py:643} INFO - DAG(s) dict_keys(['example_nested_branch_dag']) retrieved from /home/airflow/sandbox/lib/python3.8/site-packages/airflow/example_dags/example_nested_branch_dag.py
[2021-11-28 06:28:31,876] {logging_mixin.py:104} INFO - [2021-11-28 06:28:31,876] {dag.py:1832} INFO - Sync 1 DAGs
[2021-11-28 06:28:32,001] {logging_mixin.py:104} INFO - [2021-11-28 06:28:32,001] {dag.py:2305} INFO - Setting next_dagrun for example_nested_branch_dag to 2021-11-26 00:00:00+00:00
[2021-11-28 06:28:32,084] {scheduler_job.py:190} INFO - Processing /home/airflow/sandbox/lib/python3.8/site-packages/airflow/example_dags/example_nested_branch_dag.py took 0.519 seconds
[2021-11-28 06:29:03,174] {scheduler_job.py:182} INFO - Started process (PID=36210) to work on /home/airflow/sandbox/lib/python3.8/site-packages/airflow/example_dags/example_nested_branch_dag.py
[2021-11-28 06:29:03,184] {scheduler_job.py:633} INFO - Processing file /home/airflow/sandbox/lib/python3.8/site-packages/airflow/example_dags/example_nested_branch_dag.py for tasks to queue
[2021-11-28 06:29:03,192] {logging_mixin.py:104} INFO - [2021-11-28 06:29:03,192] {dagbag.py:487} INFO - Filling up the DagBag from /home/airflow/sandbox/lib/python3.8/site-packages/airflow/example_dags/example_nested_branch_dag.py
[2021-11-28 06:29:03,393] {scheduler_job.py:643} INFO - DAG(s) dict_keys(['example_nested_branch_dag']) retrieved from /home/airflow/sandbox/lib/python3.8/site-packages/airflow/example_dags/example_nested_branch_dag.py
[2021-11-28 06:29:03,591] {logging_mixin.py:104} INFO - [2021-11-28 06:29:03,590] {dag.py:1832} INFO - Sync 1 DAGs
[2021-11-28 06:29:03,684] {logging_mixin.py:104} INFO - [2021-11-28 06:29:03,684] {dag.py:2305} INFO - Setting next_dagrun for example_nested_branch_dag to 2021-11-26 00:00:00+00:00
[2021-11-28 06:29:03,775] {scheduler_job.py:190} INFO - Processing /home/airflow/sandbox/lib/python3.8/site-packages/airflow/example_dags/example_nested_branch_dag.py took 0.641 seconds
[2021-11-28 06:29:39,562] {scheduler_job.py:182} INFO - Started process (PID=36604) to work on /home/airflow/sandbox/lib/python3.8/site-packages/airflow/example_dags/example_nested_branch_dag.py
[2021-11-28 06:29:39,574] {scheduler_job.py:633} INFO - Processing file /home/airflow/sandbox/lib/python3.8/site-packages/airflow/example_dags/example_nested_branch_dag.py for tasks to queue
[2021-11-28 06:29:39,590] {logging_mixin.py:104} INFO - [2021-11-28 06:29:39,590] {dagbag.py:487} INFO - Filling up the DagBag from /home/airflow/sandbox/lib/python3.8/site-packages/airflow/example_dags/example_nested_branch_dag.py
[2021-11-28 06:29:39,723] {scheduler_job.py:643} INFO - DAG(s) dict_keys(['example_nested_branch_dag']) retrieved from /home/airflow/sandbox/lib/python3.8/site-packages/airflow/example_dags/example_nested_branch_dag.py
[2021-11-28 06:29:39,876] {logging_mixin.py:104} INFO - [2021-11-28 06:29:39,876] {dag.py:1832} INFO - Sync 1 DAGs
[2021-11-28 06:29:39,940] {logging_mixin.py:104} INFO - [2021-11-28 06:29:39,939] {dag.py:2305} INFO - Setting next_dagrun for example_nested_branch_dag to 2021-11-26 00:00:00+00:00
[2021-11-28 06:29:40,011] {scheduler_job.py:190} INFO - Processing /home/airflow/sandbox/lib/python3.8/site-packages/airflow/example_dags/example_nested_branch_dag.py took 0.509 seconds
[2021-11-28 06:30:18,683] {scheduler_job.py:182} INFO - Started process (PID=36820) to work on /home/airflow/sandbox/lib/python3.8/site-packages/airflow/example_dags/example_nested_branch_dag.py
[2021-11-28 06:30:18,707] {scheduler_job.py:633} INFO - Processing file /home/airflow/sandbox/lib/python3.8/site-packages/airflow/example_dags/example_nested_branch_dag.py for tasks to queue
[2021-11-28 06:30:18,710] {logging_mixin.py:104} INFO - [2021-11-28 06:30:18,710] {dagbag.py:487} INFO - Filling up the DagBag from /home/airflow/sandbox/lib/python3.8/site-packages/airflow/example_dags/example_nested_branch_dag.py
[2021-11-28 06:30:18,767] {scheduler_job.py:643} INFO - DAG(s) dict_keys(['example_nested_branch_dag']) retrieved from /home/airflow/sandbox/lib/python3.8/site-packages/airflow/example_dags/example_nested_branch_dag.py
[2021-11-28 06:30:19,002] {logging_mixin.py:104} INFO - [2021-11-28 06:30:19,001] {dag.py:1832} INFO - Sync 1 DAGs
[2021-11-28 06:30:19,651] {logging_mixin.py:104} INFO - [2021-11-28 06:30:19,624] {dag.py:2305} INFO - Setting next_dagrun for example_nested_branch_dag to 2021-11-26 00:00:00+00:00
[2021-11-28 06:30:20,201] {scheduler_job.py:190} INFO - Processing /home/airflow/sandbox/lib/python3.8/site-packages/airflow/example_dags/example_nested_branch_dag.py took 1.522 seconds
[2021-11-28 06:30:52,609] {scheduler_job.py:182} INFO - Started process (PID=37018) to work on /home/airflow/sandbox/lib/python3.8/site-packages/airflow/example_dags/example_nested_branch_dag.py
[2021-11-28 06:30:52,614] {scheduler_job.py:633} INFO - Processing file /home/airflow/sandbox/lib/python3.8/site-packages/airflow/example_dags/example_nested_branch_dag.py for tasks to queue
[2021-11-28 06:30:52,618] {logging_mixin.py:104} INFO - [2021-11-28 06:30:52,618] {dagbag.py:487} INFO - Filling up the DagBag from /home/airflow/sandbox/lib/python3.8/site-packages/airflow/example_dags/example_nested_branch_dag.py
[2021-11-28 06:30:52,727] {scheduler_job.py:643} INFO - DAG(s) dict_keys(['example_nested_branch_dag']) retrieved from /home/airflow/sandbox/lib/python3.8/site-packages/airflow/example_dags/example_nested_branch_dag.py
[2021-11-28 06:30:52,856] {logging_mixin.py:104} INFO - [2021-11-28 06:30:52,856] {dag.py:1832} INFO - Sync 1 DAGs
[2021-11-28 06:30:52,988] {logging_mixin.py:104} INFO - [2021-11-28 06:30:52,988] {dag.py:2305} INFO - Setting next_dagrun for example_nested_branch_dag to 2021-11-26 00:00:00+00:00
[2021-11-28 06:30:53,426] {scheduler_job.py:190} INFO - Processing /home/airflow/sandbox/lib/python3.8/site-packages/airflow/example_dags/example_nested_branch_dag.py took 0.845 seconds
[2021-11-28 06:31:24,116] {scheduler_job.py:182} INFO - Started process (PID=37218) to work on /home/airflow/sandbox/lib/python3.8/site-packages/airflow/example_dags/example_nested_branch_dag.py
[2021-11-28 06:31:24,124] {scheduler_job.py:633} INFO - Processing file /home/airflow/sandbox/lib/python3.8/site-packages/airflow/example_dags/example_nested_branch_dag.py for tasks to queue
[2021-11-28 06:31:24,127] {logging_mixin.py:104} INFO - [2021-11-28 06:31:24,127] {dagbag.py:487} INFO - Filling up the DagBag from /home/airflow/sandbox/lib/python3.8/site-packages/airflow/example_dags/example_nested_branch_dag.py
[2021-11-28 06:31:24,220] {scheduler_job.py:643} INFO - DAG(s) dict_keys(['example_nested_branch_dag']) retrieved from /home/airflow/sandbox/lib/python3.8/site-packages/airflow/example_dags/example_nested_branch_dag.py
[2021-11-28 06:31:24,331] {logging_mixin.py:104} INFO - [2021-11-28 06:31:24,330] {dag.py:1832} INFO - Sync 1 DAGs
[2021-11-28 06:31:24,433] {logging_mixin.py:104} INFO - [2021-11-28 06:31:24,433] {dag.py:2305} INFO - Setting next_dagrun for example_nested_branch_dag to 2021-11-26 00:00:00+00:00
[2021-11-28 06:31:24,738] {scheduler_job.py:190} INFO - Processing /home/airflow/sandbox/lib/python3.8/site-packages/airflow/example_dags/example_nested_branch_dag.py took 0.649 seconds
[2021-11-28 06:31:57,342] {scheduler_job.py:182} INFO - Started process (PID=37412) to work on /home/airflow/sandbox/lib/python3.8/site-packages/airflow/example_dags/example_nested_branch_dag.py
[2021-11-28 06:31:57,364] {scheduler_job.py:633} INFO - Processing file /home/airflow/sandbox/lib/python3.8/site-packages/airflow/example_dags/example_nested_branch_dag.py for tasks to queue
[2021-11-28 06:31:57,367] {logging_mixin.py:104} INFO - [2021-11-28 06:31:57,366] {dagbag.py:487} INFO - Filling up the DagBag from /home/airflow/sandbox/lib/python3.8/site-packages/airflow/example_dags/example_nested_branch_dag.py
[2021-11-28 06:31:57,554] {scheduler_job.py:643} INFO - DAG(s) dict_keys(['example_nested_branch_dag']) retrieved from /home/airflow/sandbox/lib/python3.8/site-packages/airflow/example_dags/example_nested_branch_dag.py
[2021-11-28 06:31:58,251] {logging_mixin.py:104} INFO - [2021-11-28 06:31:58,251] {dag.py:1832} INFO - Sync 1 DAGs
[2021-11-28 06:31:59,227] {logging_mixin.py:104} INFO - [2021-11-28 06:31:59,226] {dag.py:2305} INFO - Setting next_dagrun for example_nested_branch_dag to 2021-11-26 00:00:00+00:00
[2021-11-28 06:31:59,563] {scheduler_job.py:190} INFO - Processing /home/airflow/sandbox/lib/python3.8/site-packages/airflow/example_dags/example_nested_branch_dag.py took 2.262 seconds
[2021-11-28 06:32:31,093] {scheduler_job.py:182} INFO - Started process (PID=37611) to work on /home/airflow/sandbox/lib/python3.8/site-packages/airflow/example_dags/example_nested_branch_dag.py
[2021-11-28 06:32:31,098] {scheduler_job.py:633} INFO - Processing file /home/airflow/sandbox/lib/python3.8/site-packages/airflow/example_dags/example_nested_branch_dag.py for tasks to queue
[2021-11-28 06:32:31,099] {logging_mixin.py:104} INFO - [2021-11-28 06:32:31,098] {dagbag.py:487} INFO - Filling up the DagBag from /home/airflow/sandbox/lib/python3.8/site-packages/airflow/example_dags/example_nested_branch_dag.py
[2021-11-28 06:32:31,172] {scheduler_job.py:643} INFO - DAG(s) dict_keys(['example_nested_branch_dag']) retrieved from /home/airflow/sandbox/lib/python3.8/site-packages/airflow/example_dags/example_nested_branch_dag.py
[2021-11-28 06:32:31,399] {logging_mixin.py:104} INFO - [2021-11-28 06:32:31,399] {dag.py:1832} INFO - Sync 1 DAGs
[2021-11-28 06:32:31,817] {logging_mixin.py:104} INFO - [2021-11-28 06:32:31,817] {dag.py:2305} INFO - Setting next_dagrun for example_nested_branch_dag to 2021-11-26 00:00:00+00:00
[2021-11-28 06:32:31,885] {scheduler_job.py:190} INFO - Processing /home/airflow/sandbox/lib/python3.8/site-packages/airflow/example_dags/example_nested_branch_dag.py took 0.811 seconds
[2021-11-28 06:33:02,675] {scheduler_job.py:182} INFO - Started process (PID=38054) to work on /home/airflow/sandbox/lib/python3.8/site-packages/airflow/example_dags/example_nested_branch_dag.py
[2021-11-28 06:33:02,681] {scheduler_job.py:633} INFO - Processing file /home/airflow/sandbox/lib/python3.8/site-packages/airflow/example_dags/example_nested_branch_dag.py for tasks to queue
[2021-11-28 06:33:02,683] {logging_mixin.py:104} INFO - [2021-11-28 06:33:02,683] {dagbag.py:487} INFO - Filling up the DagBag from /home/airflow/sandbox/lib/python3.8/site-packages/airflow/example_dags/example_nested_branch_dag.py
[2021-11-28 06:33:02,773] {scheduler_job.py:643} INFO - DAG(s) dict_keys(['example_nested_branch_dag']) retrieved from /home/airflow/sandbox/lib/python3.8/site-packages/airflow/example_dags/example_nested_branch_dag.py
[2021-11-28 06:33:02,939] {logging_mixin.py:104} INFO - [2021-11-28 06:33:02,938] {dag.py:1832} INFO - Sync 1 DAGs
[2021-11-28 06:33:03,279] {logging_mixin.py:104} INFO - [2021-11-28 06:33:03,278] {dag.py:2305} INFO - Setting next_dagrun for example_nested_branch_dag to 2021-11-26 00:00:00+00:00
[2021-11-28 06:33:03,359] {scheduler_job.py:190} INFO - Processing /home/airflow/sandbox/lib/python3.8/site-packages/airflow/example_dags/example_nested_branch_dag.py took 0.704 seconds
[2021-11-28 06:33:33,743] {scheduler_job.py:182} INFO - Started process (PID=38250) to work on /home/airflow/sandbox/lib/python3.8/site-packages/airflow/example_dags/example_nested_branch_dag.py
[2021-11-28 06:33:33,747] {scheduler_job.py:633} INFO - Processing file /home/airflow/sandbox/lib/python3.8/site-packages/airflow/example_dags/example_nested_branch_dag.py for tasks to queue
[2021-11-28 06:33:33,754] {logging_mixin.py:104} INFO - [2021-11-28 06:33:33,753] {dagbag.py:487} INFO - Filling up the DagBag from /home/airflow/sandbox/lib/python3.8/site-packages/airflow/example_dags/example_nested_branch_dag.py
[2021-11-28 06:33:33,788] {scheduler_job.py:643} INFO - DAG(s) dict_keys(['example_nested_branch_dag']) retrieved from /home/airflow/sandbox/lib/python3.8/site-packages/airflow/example_dags/example_nested_branch_dag.py
[2021-11-28 06:33:33,859] {logging_mixin.py:104} INFO - [2021-11-28 06:33:33,858] {dag.py:1832} INFO - Sync 1 DAGs
[2021-11-28 06:33:34,020] {logging_mixin.py:104} INFO - [2021-11-28 06:33:34,019] {dag.py:2305} INFO - Setting next_dagrun for example_nested_branch_dag to 2021-11-26 00:00:00+00:00
[2021-11-28 06:33:34,064] {scheduler_job.py:190} INFO - Processing /home/airflow/sandbox/lib/python3.8/site-packages/airflow/example_dags/example_nested_branch_dag.py took 0.330 seconds
[2021-11-28 06:34:05,465] {scheduler_job.py:182} INFO - Started process (PID=38447) to work on /home/airflow/sandbox/lib/python3.8/site-packages/airflow/example_dags/example_nested_branch_dag.py
[2021-11-28 06:34:05,477] {scheduler_job.py:633} INFO - Processing file /home/airflow/sandbox/lib/python3.8/site-packages/airflow/example_dags/example_nested_branch_dag.py for tasks to queue
[2021-11-28 06:34:05,478] {logging_mixin.py:104} INFO - [2021-11-28 06:34:05,478] {dagbag.py:487} INFO - Filling up the DagBag from /home/airflow/sandbox/lib/python3.8/site-packages/airflow/example_dags/example_nested_branch_dag.py
[2021-11-28 06:34:05,556] {scheduler_job.py:643} INFO - DAG(s) dict_keys(['example_nested_branch_dag']) retrieved from /home/airflow/sandbox/lib/python3.8/site-packages/airflow/example_dags/example_nested_branch_dag.py
[2021-11-28 06:34:05,702] {logging_mixin.py:104} INFO - [2021-11-28 06:34:05,702] {dag.py:1832} INFO - Sync 1 DAGs
[2021-11-28 06:34:06,120] {logging_mixin.py:104} INFO - [2021-11-28 06:34:06,120] {dag.py:2305} INFO - Setting next_dagrun for example_nested_branch_dag to 2021-11-26 00:00:00+00:00
[2021-11-28 06:34:06,179] {scheduler_job.py:190} INFO - Processing /home/airflow/sandbox/lib/python3.8/site-packages/airflow/example_dags/example_nested_branch_dag.py took 0.743 seconds
[2021-11-28 06:34:37,831] {scheduler_job.py:182} INFO - Started process (PID=38647) to work on /home/airflow/sandbox/lib/python3.8/site-packages/airflow/example_dags/example_nested_branch_dag.py
[2021-11-28 06:34:37,855] {scheduler_job.py:633} INFO - Processing file /home/airflow/sandbox/lib/python3.8/site-packages/airflow/example_dags/example_nested_branch_dag.py for tasks to queue
[2021-11-28 06:34:37,861] {logging_mixin.py:104} INFO - [2021-11-28 06:34:37,861] {dagbag.py:487} INFO - Filling up the DagBag from /home/airflow/sandbox/lib/python3.8/site-packages/airflow/example_dags/example_nested_branch_dag.py
[2021-11-28 06:34:37,967] {scheduler_job.py:643} INFO - DAG(s) dict_keys(['example_nested_branch_dag']) retrieved from /home/airflow/sandbox/lib/python3.8/site-packages/airflow/example_dags/example_nested_branch_dag.py
[2021-11-28 06:34:38,407] {logging_mixin.py:104} INFO - [2021-11-28 06:34:38,406] {dag.py:1832} INFO - Sync 1 DAGs
[2021-11-28 06:34:38,530] {logging_mixin.py:104} INFO - [2021-11-28 06:34:38,530] {dag.py:2305} INFO - Setting next_dagrun for example_nested_branch_dag to 2021-11-26 00:00:00+00:00
[2021-11-28 06:34:38,605] {scheduler_job.py:190} INFO - Processing /home/airflow/sandbox/lib/python3.8/site-packages/airflow/example_dags/example_nested_branch_dag.py took 0.825 seconds
[2021-11-28 06:35:14,019] {scheduler_job.py:182} INFO - Started process (PID=38862) to work on /home/airflow/sandbox/lib/python3.8/site-packages/airflow/example_dags/example_nested_branch_dag.py
[2021-11-28 06:35:14,040] {scheduler_job.py:633} INFO - Processing file /home/airflow/sandbox/lib/python3.8/site-packages/airflow/example_dags/example_nested_branch_dag.py for tasks to queue
[2021-11-28 06:35:14,042] {logging_mixin.py:104} INFO - [2021-11-28 06:35:14,042] {dagbag.py:487} INFO - Filling up the DagBag from /home/airflow/sandbox/lib/python3.8/site-packages/airflow/example_dags/example_nested_branch_dag.py
[2021-11-28 06:35:14,243] {scheduler_job.py:643} INFO - DAG(s) dict_keys(['example_nested_branch_dag']) retrieved from /home/airflow/sandbox/lib/python3.8/site-packages/airflow/example_dags/example_nested_branch_dag.py
[2021-11-28 06:35:15,137] {logging_mixin.py:104} INFO - [2021-11-28 06:35:15,136] {dag.py:1832} INFO - Sync 1 DAGs
[2021-11-28 06:35:15,502] {logging_mixin.py:104} INFO - [2021-11-28 06:35:15,502] {dag.py:2305} INFO - Setting next_dagrun for example_nested_branch_dag to 2021-11-26 00:00:00+00:00
[2021-11-28 06:35:15,652] {scheduler_job.py:190} INFO - Processing /home/airflow/sandbox/lib/python3.8/site-packages/airflow/example_dags/example_nested_branch_dag.py took 1.789 seconds
[2021-11-28 06:35:59,212] {scheduler_job.py:182} INFO - Started process (PID=39072) to work on /home/airflow/sandbox/lib/python3.8/site-packages/airflow/example_dags/example_nested_branch_dag.py
[2021-11-28 06:35:59,232] {scheduler_job.py:633} INFO - Processing file /home/airflow/sandbox/lib/python3.8/site-packages/airflow/example_dags/example_nested_branch_dag.py for tasks to queue
[2021-11-28 06:35:59,235] {logging_mixin.py:104} INFO - [2021-11-28 06:35:59,235] {dagbag.py:487} INFO - Filling up the DagBag from /home/airflow/sandbox/lib/python3.8/site-packages/airflow/example_dags/example_nested_branch_dag.py
[2021-11-28 06:35:59,298] {scheduler_job.py:643} INFO - DAG(s) dict_keys(['example_nested_branch_dag']) retrieved from /home/airflow/sandbox/lib/python3.8/site-packages/airflow/example_dags/example_nested_branch_dag.py
[2021-11-28 06:35:59,801] {logging_mixin.py:104} INFO - [2021-11-28 06:35:59,800] {dag.py:1832} INFO - Sync 1 DAGs
[2021-11-28 06:35:59,960] {logging_mixin.py:104} INFO - [2021-11-28 06:35:59,959] {dag.py:2305} INFO - Setting next_dagrun for example_nested_branch_dag to 2021-11-26 00:00:00+00:00
[2021-11-28 06:36:00,063] {scheduler_job.py:190} INFO - Processing /home/airflow/sandbox/lib/python3.8/site-packages/airflow/example_dags/example_nested_branch_dag.py took 0.859 seconds
[2021-11-28 06:36:31,507] {scheduler_job.py:182} INFO - Started process (PID=39284) to work on /home/airflow/sandbox/lib/python3.8/site-packages/airflow/example_dags/example_nested_branch_dag.py
[2021-11-28 06:36:31,524] {scheduler_job.py:633} INFO - Processing file /home/airflow/sandbox/lib/python3.8/site-packages/airflow/example_dags/example_nested_branch_dag.py for tasks to queue
[2021-11-28 06:36:31,527] {logging_mixin.py:104} INFO - [2021-11-28 06:36:31,527] {dagbag.py:487} INFO - Filling up the DagBag from /home/airflow/sandbox/lib/python3.8/site-packages/airflow/example_dags/example_nested_branch_dag.py
[2021-11-28 06:36:31,616] {scheduler_job.py:643} INFO - DAG(s) dict_keys(['example_nested_branch_dag']) retrieved from /home/airflow/sandbox/lib/python3.8/site-packages/airflow/example_dags/example_nested_branch_dag.py
[2021-11-28 06:36:32,169] {logging_mixin.py:104} INFO - [2021-11-28 06:36:32,169] {dag.py:1832} INFO - Sync 1 DAGs
[2021-11-28 06:36:32,260] {logging_mixin.py:104} INFO - [2021-11-28 06:36:32,259] {dag.py:2305} INFO - Setting next_dagrun for example_nested_branch_dag to 2021-11-26 00:00:00+00:00
[2021-11-28 06:36:32,378] {scheduler_job.py:190} INFO - Processing /home/airflow/sandbox/lib/python3.8/site-packages/airflow/example_dags/example_nested_branch_dag.py took 0.893 seconds
[2021-11-28 06:37:03,255] {scheduler_job.py:182} INFO - Started process (PID=39484) to work on /home/airflow/sandbox/lib/python3.8/site-packages/airflow/example_dags/example_nested_branch_dag.py
[2021-11-28 06:37:03,276] {scheduler_job.py:633} INFO - Processing file /home/airflow/sandbox/lib/python3.8/site-packages/airflow/example_dags/example_nested_branch_dag.py for tasks to queue
[2021-11-28 06:37:03,280] {logging_mixin.py:104} INFO - [2021-11-28 06:37:03,280] {dagbag.py:487} INFO - Filling up the DagBag from /home/airflow/sandbox/lib/python3.8/site-packages/airflow/example_dags/example_nested_branch_dag.py
[2021-11-28 06:37:04,026] {scheduler_job.py:643} INFO - DAG(s) dict_keys(['example_nested_branch_dag']) retrieved from /home/airflow/sandbox/lib/python3.8/site-packages/airflow/example_dags/example_nested_branch_dag.py
[2021-11-28 06:37:04,172] {logging_mixin.py:104} INFO - [2021-11-28 06:37:04,172] {dag.py:1832} INFO - Sync 1 DAGs
[2021-11-28 06:37:04,273] {logging_mixin.py:104} INFO - [2021-11-28 06:37:04,273] {dag.py:2305} INFO - Setting next_dagrun for example_nested_branch_dag to 2021-11-26 00:00:00+00:00
[2021-11-28 06:37:04,377] {scheduler_job.py:190} INFO - Processing /home/airflow/sandbox/lib/python3.8/site-packages/airflow/example_dags/example_nested_branch_dag.py took 1.144 seconds
[2021-11-28 06:37:34,924] {scheduler_job.py:182} INFO - Started process (PID=39684) to work on /home/airflow/sandbox/lib/python3.8/site-packages/airflow/example_dags/example_nested_branch_dag.py
[2021-11-28 06:37:34,950] {scheduler_job.py:633} INFO - Processing file /home/airflow/sandbox/lib/python3.8/site-packages/airflow/example_dags/example_nested_branch_dag.py for tasks to queue
[2021-11-28 06:37:34,978] {logging_mixin.py:104} INFO - [2021-11-28 06:37:34,978] {dagbag.py:487} INFO - Filling up the DagBag from /home/airflow/sandbox/lib/python3.8/site-packages/airflow/example_dags/example_nested_branch_dag.py
[2021-11-28 06:37:35,470] {scheduler_job.py:643} INFO - DAG(s) dict_keys(['example_nested_branch_dag']) retrieved from /home/airflow/sandbox/lib/python3.8/site-packages/airflow/example_dags/example_nested_branch_dag.py
[2021-11-28 06:37:35,596] {logging_mixin.py:104} INFO - [2021-11-28 06:37:35,596] {dag.py:1832} INFO - Sync 1 DAGs
[2021-11-28 06:37:35,679] {logging_mixin.py:104} INFO - [2021-11-28 06:37:35,646] {dag.py:2305} INFO - Setting next_dagrun for example_nested_branch_dag to 2021-11-26 00:00:00+00:00
[2021-11-28 06:37:35,718] {scheduler_job.py:190} INFO - Processing /home/airflow/sandbox/lib/python3.8/site-packages/airflow/example_dags/example_nested_branch_dag.py took 0.816 seconds
[2021-11-28 06:38:06,307] {scheduler_job.py:182} INFO - Started process (PID=40121) to work on /home/airflow/sandbox/lib/python3.8/site-packages/airflow/example_dags/example_nested_branch_dag.py
[2021-11-28 06:38:06,312] {scheduler_job.py:633} INFO - Processing file /home/airflow/sandbox/lib/python3.8/site-packages/airflow/example_dags/example_nested_branch_dag.py for tasks to queue
[2021-11-28 06:38:06,314] {logging_mixin.py:104} INFO - [2021-11-28 06:38:06,314] {dagbag.py:487} INFO - Filling up the DagBag from /home/airflow/sandbox/lib/python3.8/site-packages/airflow/example_dags/example_nested_branch_dag.py
[2021-11-28 06:38:06,642] {scheduler_job.py:643} INFO - DAG(s) dict_keys(['example_nested_branch_dag']) retrieved from /home/airflow/sandbox/lib/python3.8/site-packages/airflow/example_dags/example_nested_branch_dag.py
[2021-11-28 06:38:06,813] {logging_mixin.py:104} INFO - [2021-11-28 06:38:06,813] {dag.py:1832} INFO - Sync 1 DAGs
[2021-11-28 06:38:06,915] {logging_mixin.py:104} INFO - [2021-11-28 06:38:06,915] {dag.py:2305} INFO - Setting next_dagrun for example_nested_branch_dag to 2021-11-26 00:00:00+00:00
[2021-11-28 06:38:06,987] {scheduler_job.py:190} INFO - Processing /home/airflow/sandbox/lib/python3.8/site-packages/airflow/example_dags/example_nested_branch_dag.py took 0.702 seconds
[2021-11-28 06:38:44,012] {scheduler_job.py:182} INFO - Started process (PID=40328) to work on /home/airflow/sandbox/lib/python3.8/site-packages/airflow/example_dags/example_nested_branch_dag.py
[2021-11-28 06:38:44,033] {scheduler_job.py:633} INFO - Processing file /home/airflow/sandbox/lib/python3.8/site-packages/airflow/example_dags/example_nested_branch_dag.py for tasks to queue
[2021-11-28 06:38:44,047] {logging_mixin.py:104} INFO - [2021-11-28 06:38:44,047] {dagbag.py:487} INFO - Filling up the DagBag from /home/airflow/sandbox/lib/python3.8/site-packages/airflow/example_dags/example_nested_branch_dag.py
[2021-11-28 06:38:44,387] {scheduler_job.py:643} INFO - DAG(s) dict_keys(['example_nested_branch_dag']) retrieved from /home/airflow/sandbox/lib/python3.8/site-packages/airflow/example_dags/example_nested_branch_dag.py
[2021-11-28 06:38:44,503] {logging_mixin.py:104} INFO - [2021-11-28 06:38:44,503] {dag.py:1832} INFO - Sync 1 DAGs
[2021-11-28 06:38:44,570] {logging_mixin.py:104} INFO - [2021-11-28 06:38:44,570] {dag.py:2305} INFO - Setting next_dagrun for example_nested_branch_dag to 2021-11-26 00:00:00+00:00
[2021-11-28 06:38:44,607] {scheduler_job.py:190} INFO - Processing /home/airflow/sandbox/lib/python3.8/site-packages/airflow/example_dags/example_nested_branch_dag.py took 0.626 seconds
[2021-11-28 06:39:20,354] {scheduler_job.py:182} INFO - Started process (PID=40532) to work on /home/airflow/sandbox/lib/python3.8/site-packages/airflow/example_dags/example_nested_branch_dag.py
[2021-11-28 06:39:20,382] {scheduler_job.py:633} INFO - Processing file /home/airflow/sandbox/lib/python3.8/site-packages/airflow/example_dags/example_nested_branch_dag.py for tasks to queue
[2021-11-28 06:39:20,415] {logging_mixin.py:104} INFO - [2021-11-28 06:39:20,415] {dagbag.py:487} INFO - Filling up the DagBag from /home/airflow/sandbox/lib/python3.8/site-packages/airflow/example_dags/example_nested_branch_dag.py
[2021-11-28 06:39:21,790] {scheduler_job.py:643} INFO - DAG(s) dict_keys(['example_nested_branch_dag']) retrieved from /home/airflow/sandbox/lib/python3.8/site-packages/airflow/example_dags/example_nested_branch_dag.py
[2021-11-28 06:39:22,172] {logging_mixin.py:104} INFO - [2021-11-28 06:39:22,172] {dag.py:1832} INFO - Sync 1 DAGs
[2021-11-28 06:39:22,334] {logging_mixin.py:104} INFO - [2021-11-28 06:39:22,334] {dag.py:2305} INFO - Setting next_dagrun for example_nested_branch_dag to 2021-11-26 00:00:00+00:00
[2021-11-28 06:39:22,442] {scheduler_job.py:190} INFO - Processing /home/airflow/sandbox/lib/python3.8/site-packages/airflow/example_dags/example_nested_branch_dag.py took 2.233 seconds
[2021-11-28 06:39:54,985] {scheduler_job.py:182} INFO - Started process (PID=40725) to work on /home/airflow/sandbox/lib/python3.8/site-packages/airflow/example_dags/example_nested_branch_dag.py
[2021-11-28 06:39:55,458] {scheduler_job.py:633} INFO - Processing file /home/airflow/sandbox/lib/python3.8/site-packages/airflow/example_dags/example_nested_branch_dag.py for tasks to queue
[2021-11-28 06:39:55,474] {logging_mixin.py:104} INFO - [2021-11-28 06:39:55,473] {dagbag.py:487} INFO - Filling up the DagBag from /home/airflow/sandbox/lib/python3.8/site-packages/airflow/example_dags/example_nested_branch_dag.py
[2021-11-28 06:39:55,542] {scheduler_job.py:643} INFO - DAG(s) dict_keys(['example_nested_branch_dag']) retrieved from /home/airflow/sandbox/lib/python3.8/site-packages/airflow/example_dags/example_nested_branch_dag.py
[2021-11-28 06:39:55,774] {logging_mixin.py:104} INFO - [2021-11-28 06:39:55,774] {dag.py:1832} INFO - Sync 1 DAGs
[2021-11-28 06:39:55,841] {logging_mixin.py:104} INFO - [2021-11-28 06:39:55,840] {dag.py:2305} INFO - Setting next_dagrun for example_nested_branch_dag to 2021-11-26 00:00:00+00:00
[2021-11-28 06:39:55,872] {scheduler_job.py:190} INFO - Processing /home/airflow/sandbox/lib/python3.8/site-packages/airflow/example_dags/example_nested_branch_dag.py took 0.893 seconds
[2021-11-28 06:40:27,655] {scheduler_job.py:182} INFO - Started process (PID=40916) to work on /home/airflow/sandbox/lib/python3.8/site-packages/airflow/example_dags/example_nested_branch_dag.py
[2021-11-28 06:40:27,664] {scheduler_job.py:633} INFO - Processing file /home/airflow/sandbox/lib/python3.8/site-packages/airflow/example_dags/example_nested_branch_dag.py for tasks to queue
[2021-11-28 06:40:27,675] {logging_mixin.py:104} INFO - [2021-11-28 06:40:27,675] {dagbag.py:487} INFO - Filling up the DagBag from /home/airflow/sandbox/lib/python3.8/site-packages/airflow/example_dags/example_nested_branch_dag.py
[2021-11-28 06:40:27,762] {scheduler_job.py:643} INFO - DAG(s) dict_keys(['example_nested_branch_dag']) retrieved from /home/airflow/sandbox/lib/python3.8/site-packages/airflow/example_dags/example_nested_branch_dag.py
[2021-11-28 06:40:27,891] {logging_mixin.py:104} INFO - [2021-11-28 06:40:27,891] {dag.py:1832} INFO - Sync 1 DAGs
[2021-11-28 06:40:27,969] {logging_mixin.py:104} INFO - [2021-11-28 06:40:27,969] {dag.py:2305} INFO - Setting next_dagrun for example_nested_branch_dag to 2021-11-26 00:00:00+00:00
[2021-11-28 06:40:28,019] {scheduler_job.py:190} INFO - Processing /home/airflow/sandbox/lib/python3.8/site-packages/airflow/example_dags/example_nested_branch_dag.py took 0.371 seconds
[2021-11-28 06:40:59,338] {scheduler_job.py:182} INFO - Started process (PID=41114) to work on /home/airflow/sandbox/lib/python3.8/site-packages/airflow/example_dags/example_nested_branch_dag.py
[2021-11-28 06:40:59,368] {scheduler_job.py:633} INFO - Processing file /home/airflow/sandbox/lib/python3.8/site-packages/airflow/example_dags/example_nested_branch_dag.py for tasks to queue
[2021-11-28 06:40:59,371] {logging_mixin.py:104} INFO - [2021-11-28 06:40:59,371] {dagbag.py:487} INFO - Filling up the DagBag from /home/airflow/sandbox/lib/python3.8/site-packages/airflow/example_dags/example_nested_branch_dag.py
[2021-11-28 06:40:59,648] {scheduler_job.py:643} INFO - DAG(s) dict_keys(['example_nested_branch_dag']) retrieved from /home/airflow/sandbox/lib/python3.8/site-packages/airflow/example_dags/example_nested_branch_dag.py
[2021-11-28 06:40:59,791] {logging_mixin.py:104} INFO - [2021-11-28 06:40:59,791] {dag.py:1832} INFO - Sync 1 DAGs
[2021-11-28 06:40:59,952] {logging_mixin.py:104} INFO - [2021-11-28 06:40:59,951] {dag.py:2305} INFO - Setting next_dagrun for example_nested_branch_dag to 2021-11-26 00:00:00+00:00
[2021-11-28 06:41:00,191] {scheduler_job.py:190} INFO - Processing /home/airflow/sandbox/lib/python3.8/site-packages/airflow/example_dags/example_nested_branch_dag.py took 0.931 seconds
[2021-11-28 06:41:33,269] {scheduler_job.py:182} INFO - Started process (PID=41314) to work on /home/airflow/sandbox/lib/python3.8/site-packages/airflow/example_dags/example_nested_branch_dag.py
[2021-11-28 06:41:33,284] {scheduler_job.py:633} INFO - Processing file /home/airflow/sandbox/lib/python3.8/site-packages/airflow/example_dags/example_nested_branch_dag.py for tasks to queue
[2021-11-28 06:41:33,285] {logging_mixin.py:104} INFO - [2021-11-28 06:41:33,285] {dagbag.py:487} INFO - Filling up the DagBag from /home/airflow/sandbox/lib/python3.8/site-packages/airflow/example_dags/example_nested_branch_dag.py
[2021-11-28 06:41:33,416] {scheduler_job.py:643} INFO - DAG(s) dict_keys(['example_nested_branch_dag']) retrieved from /home/airflow/sandbox/lib/python3.8/site-packages/airflow/example_dags/example_nested_branch_dag.py
[2021-11-28 06:41:33,587] {logging_mixin.py:104} INFO - [2021-11-28 06:41:33,587] {dag.py:1832} INFO - Sync 1 DAGs
[2021-11-28 06:41:33,656] {logging_mixin.py:104} INFO - [2021-11-28 06:41:33,656] {dag.py:2305} INFO - Setting next_dagrun for example_nested_branch_dag to 2021-11-26 00:00:00+00:00
[2021-11-28 06:41:33,683] {scheduler_job.py:190} INFO - Processing /home/airflow/sandbox/lib/python3.8/site-packages/airflow/example_dags/example_nested_branch_dag.py took 0.467 seconds
[2021-11-28 06:42:04,509] {scheduler_job.py:182} INFO - Started process (PID=41507) to work on /home/airflow/sandbox/lib/python3.8/site-packages/airflow/example_dags/example_nested_branch_dag.py
[2021-11-28 06:42:04,516] {scheduler_job.py:633} INFO - Processing file /home/airflow/sandbox/lib/python3.8/site-packages/airflow/example_dags/example_nested_branch_dag.py for tasks to queue
[2021-11-28 06:42:04,517] {logging_mixin.py:104} INFO - [2021-11-28 06:42:04,517] {dagbag.py:487} INFO - Filling up the DagBag from /home/airflow/sandbox/lib/python3.8/site-packages/airflow/example_dags/example_nested_branch_dag.py
[2021-11-28 06:42:04,632] {scheduler_job.py:643} INFO - DAG(s) dict_keys(['example_nested_branch_dag']) retrieved from /home/airflow/sandbox/lib/python3.8/site-packages/airflow/example_dags/example_nested_branch_dag.py
[2021-11-28 06:42:04,775] {logging_mixin.py:104} INFO - [2021-11-28 06:42:04,775] {dag.py:1832} INFO - Sync 1 DAGs
[2021-11-28 06:42:04,862] {logging_mixin.py:104} INFO - [2021-11-28 06:42:04,862] {dag.py:2305} INFO - Setting next_dagrun for example_nested_branch_dag to 2021-11-26 00:00:00+00:00
[2021-11-28 06:42:04,959] {scheduler_job.py:190} INFO - Processing /home/airflow/sandbox/lib/python3.8/site-packages/airflow/example_dags/example_nested_branch_dag.py took 0.473 seconds
[2021-11-28 06:42:57,049] {scheduler_job.py:182} INFO - Started process (PID=41995) to work on /home/airflow/sandbox/lib/python3.8/site-packages/airflow/example_dags/example_nested_branch_dag.py
[2021-11-28 06:42:57,068] {scheduler_job.py:633} INFO - Processing file /home/airflow/sandbox/lib/python3.8/site-packages/airflow/example_dags/example_nested_branch_dag.py for tasks to queue
[2021-11-28 06:42:57,069] {logging_mixin.py:104} INFO - [2021-11-28 06:42:57,069] {dagbag.py:487} INFO - Filling up the DagBag from /home/airflow/sandbox/lib/python3.8/site-packages/airflow/example_dags/example_nested_branch_dag.py
[2021-11-28 06:42:57,132] {scheduler_job.py:643} INFO - DAG(s) dict_keys(['example_nested_branch_dag']) retrieved from /home/airflow/sandbox/lib/python3.8/site-packages/airflow/example_dags/example_nested_branch_dag.py
[2021-11-28 06:42:57,349] {logging_mixin.py:104} INFO - [2021-11-28 06:42:57,349] {dag.py:1832} INFO - Sync 1 DAGs
[2021-11-28 06:42:57,521] {logging_mixin.py:104} INFO - [2021-11-28 06:42:57,521] {dag.py:2305} INFO - Setting next_dagrun for example_nested_branch_dag to 2021-11-26 00:00:00+00:00
[2021-11-28 06:42:57,605] {scheduler_job.py:190} INFO - Processing /home/airflow/sandbox/lib/python3.8/site-packages/airflow/example_dags/example_nested_branch_dag.py took 0.582 seconds
[2021-11-28 06:43:29,981] {scheduler_job.py:182} INFO - Started process (PID=42195) to work on /home/airflow/sandbox/lib/python3.8/site-packages/airflow/example_dags/example_nested_branch_dag.py
[2021-11-28 06:43:29,992] {scheduler_job.py:633} INFO - Processing file /home/airflow/sandbox/lib/python3.8/site-packages/airflow/example_dags/example_nested_branch_dag.py for tasks to queue
[2021-11-28 06:43:29,999] {logging_mixin.py:104} INFO - [2021-11-28 06:43:29,999] {dagbag.py:487} INFO - Filling up the DagBag from /home/airflow/sandbox/lib/python3.8/site-packages/airflow/example_dags/example_nested_branch_dag.py
[2021-11-28 06:43:30,114] {scheduler_job.py:643} INFO - DAG(s) dict_keys(['example_nested_branch_dag']) retrieved from /home/airflow/sandbox/lib/python3.8/site-packages/airflow/example_dags/example_nested_branch_dag.py
[2021-11-28 06:43:30,226] {logging_mixin.py:104} INFO - [2021-11-28 06:43:30,226] {dag.py:1832} INFO - Sync 1 DAGs
[2021-11-28 06:43:30,308] {logging_mixin.py:104} INFO - [2021-11-28 06:43:30,308] {dag.py:2305} INFO - Setting next_dagrun for example_nested_branch_dag to 2021-11-26 00:00:00+00:00
[2021-11-28 06:43:30,393] {scheduler_job.py:190} INFO - Processing /home/airflow/sandbox/lib/python3.8/site-packages/airflow/example_dags/example_nested_branch_dag.py took 0.433 seconds
[2021-11-28 06:44:07,651] {scheduler_job.py:182} INFO - Started process (PID=42400) to work on /home/airflow/sandbox/lib/python3.8/site-packages/airflow/example_dags/example_nested_branch_dag.py
[2021-11-28 06:44:07,666] {scheduler_job.py:633} INFO - Processing file /home/airflow/sandbox/lib/python3.8/site-packages/airflow/example_dags/example_nested_branch_dag.py for tasks to queue
[2021-11-28 06:44:07,668] {logging_mixin.py:104} INFO - [2021-11-28 06:44:07,668] {dagbag.py:487} INFO - Filling up the DagBag from /home/airflow/sandbox/lib/python3.8/site-packages/airflow/example_dags/example_nested_branch_dag.py
[2021-11-28 06:44:07,945] {scheduler_job.py:643} INFO - DAG(s) dict_keys(['example_nested_branch_dag']) retrieved from /home/airflow/sandbox/lib/python3.8/site-packages/airflow/example_dags/example_nested_branch_dag.py
[2021-11-28 06:44:08,313] {logging_mixin.py:104} INFO - [2021-11-28 06:44:08,313] {dag.py:1832} INFO - Sync 1 DAGs
[2021-11-28 06:44:08,467] {logging_mixin.py:104} INFO - [2021-11-28 06:44:08,467] {dag.py:2305} INFO - Setting next_dagrun for example_nested_branch_dag to 2021-11-26 00:00:00+00:00
[2021-11-28 06:44:08,555] {scheduler_job.py:190} INFO - Processing /home/airflow/sandbox/lib/python3.8/site-packages/airflow/example_dags/example_nested_branch_dag.py took 0.947 seconds
[2021-11-28 06:44:39,696] {scheduler_job.py:182} INFO - Started process (PID=42605) to work on /home/airflow/sandbox/lib/python3.8/site-packages/airflow/example_dags/example_nested_branch_dag.py
[2021-11-28 06:44:39,709] {scheduler_job.py:633} INFO - Processing file /home/airflow/sandbox/lib/python3.8/site-packages/airflow/example_dags/example_nested_branch_dag.py for tasks to queue
[2021-11-28 06:44:39,713] {logging_mixin.py:104} INFO - [2021-11-28 06:44:39,713] {dagbag.py:487} INFO - Filling up the DagBag from /home/airflow/sandbox/lib/python3.8/site-packages/airflow/example_dags/example_nested_branch_dag.py
[2021-11-28 06:44:39,780] {scheduler_job.py:643} INFO - DAG(s) dict_keys(['example_nested_branch_dag']) retrieved from /home/airflow/sandbox/lib/python3.8/site-packages/airflow/example_dags/example_nested_branch_dag.py
[2021-11-28 06:44:39,895] {logging_mixin.py:104} INFO - [2021-11-28 06:44:39,895] {dag.py:1832} INFO - Sync 1 DAGs
[2021-11-28 06:44:40,002] {logging_mixin.py:104} INFO - [2021-11-28 06:44:40,002] {dag.py:2305} INFO - Setting next_dagrun for example_nested_branch_dag to 2021-11-26 00:00:00+00:00
[2021-11-28 06:44:40,060] {scheduler_job.py:190} INFO - Processing /home/airflow/sandbox/lib/python3.8/site-packages/airflow/example_dags/example_nested_branch_dag.py took 0.384 seconds
[2021-11-28 06:45:17,442] {scheduler_job.py:182} INFO - Started process (PID=42815) to work on /home/airflow/sandbox/lib/python3.8/site-packages/airflow/example_dags/example_nested_branch_dag.py
[2021-11-28 06:45:17,462] {scheduler_job.py:633} INFO - Processing file /home/airflow/sandbox/lib/python3.8/site-packages/airflow/example_dags/example_nested_branch_dag.py for tasks to queue
[2021-11-28 06:45:17,469] {logging_mixin.py:104} INFO - [2021-11-28 06:45:17,468] {dagbag.py:487} INFO - Filling up the DagBag from /home/airflow/sandbox/lib/python3.8/site-packages/airflow/example_dags/example_nested_branch_dag.py
[2021-11-28 06:45:17,587] {scheduler_job.py:643} INFO - DAG(s) dict_keys(['example_nested_branch_dag']) retrieved from /home/airflow/sandbox/lib/python3.8/site-packages/airflow/example_dags/example_nested_branch_dag.py
[2021-11-28 06:45:18,013] {logging_mixin.py:104} INFO - [2021-11-28 06:45:18,012] {dag.py:1832} INFO - Sync 1 DAGs
[2021-11-28 06:45:18,165] {logging_mixin.py:104} INFO - [2021-11-28 06:45:18,164] {dag.py:2305} INFO - Setting next_dagrun for example_nested_branch_dag to 2021-11-26 00:00:00+00:00
[2021-11-28 06:45:18,275] {scheduler_job.py:190} INFO - Processing /home/airflow/sandbox/lib/python3.8/site-packages/airflow/example_dags/example_nested_branch_dag.py took 0.878 seconds
[2021-11-28 06:45:48,566] {scheduler_job.py:182} INFO - Started process (PID=43013) to work on /home/airflow/sandbox/lib/python3.8/site-packages/airflow/example_dags/example_nested_branch_dag.py
[2021-11-28 06:45:48,572] {scheduler_job.py:633} INFO - Processing file /home/airflow/sandbox/lib/python3.8/site-packages/airflow/example_dags/example_nested_branch_dag.py for tasks to queue
[2021-11-28 06:45:48,589] {logging_mixin.py:104} INFO - [2021-11-28 06:45:48,589] {dagbag.py:487} INFO - Filling up the DagBag from /home/airflow/sandbox/lib/python3.8/site-packages/airflow/example_dags/example_nested_branch_dag.py
[2021-11-28 06:45:48,672] {scheduler_job.py:643} INFO - DAG(s) dict_keys(['example_nested_branch_dag']) retrieved from /home/airflow/sandbox/lib/python3.8/site-packages/airflow/example_dags/example_nested_branch_dag.py
[2021-11-28 06:45:48,808] {logging_mixin.py:104} INFO - [2021-11-28 06:45:48,808] {dag.py:1832} INFO - Sync 1 DAGs
[2021-11-28 06:45:48,912] {logging_mixin.py:104} INFO - [2021-11-28 06:45:48,911] {dag.py:2305} INFO - Setting next_dagrun for example_nested_branch_dag to 2021-11-26 00:00:00+00:00
[2021-11-28 06:45:48,975] {scheduler_job.py:190} INFO - Processing /home/airflow/sandbox/lib/python3.8/site-packages/airflow/example_dags/example_nested_branch_dag.py took 0.427 seconds
[2021-11-28 06:46:26,526] {scheduler_job.py:182} INFO - Started process (PID=43232) to work on /home/airflow/sandbox/lib/python3.8/site-packages/airflow/example_dags/example_nested_branch_dag.py
[2021-11-28 06:46:26,562] {scheduler_job.py:633} INFO - Processing file /home/airflow/sandbox/lib/python3.8/site-packages/airflow/example_dags/example_nested_branch_dag.py for tasks to queue
[2021-11-28 06:46:26,596] {logging_mixin.py:104} INFO - [2021-11-28 06:46:26,596] {dagbag.py:487} INFO - Filling up the DagBag from /home/airflow/sandbox/lib/python3.8/site-packages/airflow/example_dags/example_nested_branch_dag.py
[2021-11-28 06:46:26,790] {scheduler_job.py:643} INFO - DAG(s) dict_keys(['example_nested_branch_dag']) retrieved from /home/airflow/sandbox/lib/python3.8/site-packages/airflow/example_dags/example_nested_branch_dag.py
[2021-11-28 06:46:26,926] {logging_mixin.py:104} INFO - [2021-11-28 06:46:26,926] {dag.py:1832} INFO - Sync 1 DAGs
[2021-11-28 06:46:27,000] {logging_mixin.py:104} INFO - [2021-11-28 06:46:27,000] {dag.py:2305} INFO - Setting next_dagrun for example_nested_branch_dag to 2021-11-26 00:00:00+00:00
[2021-11-28 06:46:27,050] {scheduler_job.py:190} INFO - Processing /home/airflow/sandbox/lib/python3.8/site-packages/airflow/example_dags/example_nested_branch_dag.py took 0.567 seconds
[2021-11-28 06:46:58,004] {scheduler_job.py:182} INFO - Started process (PID=43425) to work on /home/airflow/sandbox/lib/python3.8/site-packages/airflow/example_dags/example_nested_branch_dag.py
[2021-11-28 06:46:58,012] {scheduler_job.py:633} INFO - Processing file /home/airflow/sandbox/lib/python3.8/site-packages/airflow/example_dags/example_nested_branch_dag.py for tasks to queue
[2021-11-28 06:46:58,014] {logging_mixin.py:104} INFO - [2021-11-28 06:46:58,014] {dagbag.py:487} INFO - Filling up the DagBag from /home/airflow/sandbox/lib/python3.8/site-packages/airflow/example_dags/example_nested_branch_dag.py
[2021-11-28 06:46:58,165] {scheduler_job.py:643} INFO - DAG(s) dict_keys(['example_nested_branch_dag']) retrieved from /home/airflow/sandbox/lib/python3.8/site-packages/airflow/example_dags/example_nested_branch_dag.py
[2021-11-28 06:46:58,287] {logging_mixin.py:104} INFO - [2021-11-28 06:46:58,287] {dag.py:1832} INFO - Sync 1 DAGs
[2021-11-28 06:46:58,378] {logging_mixin.py:104} INFO - [2021-11-28 06:46:58,377] {dag.py:2305} INFO - Setting next_dagrun for example_nested_branch_dag to 2021-11-26 00:00:00+00:00
[2021-11-28 06:46:58,469] {scheduler_job.py:190} INFO - Processing /home/airflow/sandbox/lib/python3.8/site-packages/airflow/example_dags/example_nested_branch_dag.py took 0.487 seconds
[2021-11-28 06:47:31,975] {scheduler_job.py:182} INFO - Started process (PID=43650) to work on /home/airflow/sandbox/lib/python3.8/site-packages/airflow/example_dags/example_nested_branch_dag.py
[2021-11-28 06:47:31,980] {scheduler_job.py:633} INFO - Processing file /home/airflow/sandbox/lib/python3.8/site-packages/airflow/example_dags/example_nested_branch_dag.py for tasks to queue
[2021-11-28 06:47:31,981] {logging_mixin.py:104} INFO - [2021-11-28 06:47:31,981] {dagbag.py:487} INFO - Filling up the DagBag from /home/airflow/sandbox/lib/python3.8/site-packages/airflow/example_dags/example_nested_branch_dag.py
[2021-11-28 06:47:32,162] {scheduler_job.py:643} INFO - DAG(s) dict_keys(['example_nested_branch_dag']) retrieved from /home/airflow/sandbox/lib/python3.8/site-packages/airflow/example_dags/example_nested_branch_dag.py
[2021-11-28 06:47:32,380] {logging_mixin.py:104} INFO - [2021-11-28 06:47:32,379] {dag.py:1832} INFO - Sync 1 DAGs
[2021-11-28 06:47:32,487] {logging_mixin.py:104} INFO - [2021-11-28 06:47:32,487] {dag.py:2305} INFO - Setting next_dagrun for example_nested_branch_dag to 2021-11-26 00:00:00+00:00
[2021-11-28 06:47:32,564] {scheduler_job.py:190} INFO - Processing /home/airflow/sandbox/lib/python3.8/site-packages/airflow/example_dags/example_nested_branch_dag.py took 0.623 seconds
[2021-11-28 06:48:14,171] {scheduler_job.py:182} INFO - Started process (PID=44123) to work on /home/airflow/sandbox/lib/python3.8/site-packages/airflow/example_dags/example_nested_branch_dag.py
[2021-11-28 06:48:14,180] {scheduler_job.py:633} INFO - Processing file /home/airflow/sandbox/lib/python3.8/site-packages/airflow/example_dags/example_nested_branch_dag.py for tasks to queue
[2021-11-28 06:48:14,181] {logging_mixin.py:104} INFO - [2021-11-28 06:48:14,180] {dagbag.py:487} INFO - Filling up the DagBag from /home/airflow/sandbox/lib/python3.8/site-packages/airflow/example_dags/example_nested_branch_dag.py
[2021-11-28 06:48:14,264] {scheduler_job.py:643} INFO - DAG(s) dict_keys(['example_nested_branch_dag']) retrieved from /home/airflow/sandbox/lib/python3.8/site-packages/airflow/example_dags/example_nested_branch_dag.py
[2021-11-28 06:48:14,438] {logging_mixin.py:104} INFO - [2021-11-28 06:48:14,438] {dag.py:1832} INFO - Sync 1 DAGs
[2021-11-28 06:48:14,525] {logging_mixin.py:104} INFO - [2021-11-28 06:48:14,524] {dag.py:2305} INFO - Setting next_dagrun for example_nested_branch_dag to 2021-11-26 00:00:00+00:00
[2021-11-28 06:48:14,575] {scheduler_job.py:190} INFO - Processing /home/airflow/sandbox/lib/python3.8/site-packages/airflow/example_dags/example_nested_branch_dag.py took 0.423 seconds
[2021-11-28 06:48:46,194] {scheduler_job.py:182} INFO - Started process (PID=44322) to work on /home/airflow/sandbox/lib/python3.8/site-packages/airflow/example_dags/example_nested_branch_dag.py
[2021-11-28 06:48:46,197] {scheduler_job.py:633} INFO - Processing file /home/airflow/sandbox/lib/python3.8/site-packages/airflow/example_dags/example_nested_branch_dag.py for tasks to queue
[2021-11-28 06:48:46,202] {logging_mixin.py:104} INFO - [2021-11-28 06:48:46,202] {dagbag.py:487} INFO - Filling up the DagBag from /home/airflow/sandbox/lib/python3.8/site-packages/airflow/example_dags/example_nested_branch_dag.py
[2021-11-28 06:48:46,289] {scheduler_job.py:643} INFO - DAG(s) dict_keys(['example_nested_branch_dag']) retrieved from /home/airflow/sandbox/lib/python3.8/site-packages/airflow/example_dags/example_nested_branch_dag.py
[2021-11-28 06:48:46,436] {logging_mixin.py:104} INFO - [2021-11-28 06:48:46,436] {dag.py:1832} INFO - Sync 1 DAGs
[2021-11-28 06:48:46,506] {logging_mixin.py:104} INFO - [2021-11-28 06:48:46,506] {dag.py:2305} INFO - Setting next_dagrun for example_nested_branch_dag to 2021-11-26 00:00:00+00:00
[2021-11-28 06:48:46,535] {scheduler_job.py:190} INFO - Processing /home/airflow/sandbox/lib/python3.8/site-packages/airflow/example_dags/example_nested_branch_dag.py took 0.372 seconds
[2021-11-28 06:49:17,000] {scheduler_job.py:182} INFO - Started process (PID=44520) to work on /home/airflow/sandbox/lib/python3.8/site-packages/airflow/example_dags/example_nested_branch_dag.py
[2021-11-28 06:49:17,008] {scheduler_job.py:633} INFO - Processing file /home/airflow/sandbox/lib/python3.8/site-packages/airflow/example_dags/example_nested_branch_dag.py for tasks to queue
[2021-11-28 06:49:17,011] {logging_mixin.py:104} INFO - [2021-11-28 06:49:17,011] {dagbag.py:487} INFO - Filling up the DagBag from /home/airflow/sandbox/lib/python3.8/site-packages/airflow/example_dags/example_nested_branch_dag.py
[2021-11-28 06:49:17,086] {scheduler_job.py:643} INFO - DAG(s) dict_keys(['example_nested_branch_dag']) retrieved from /home/airflow/sandbox/lib/python3.8/site-packages/airflow/example_dags/example_nested_branch_dag.py
[2021-11-28 06:49:17,250] {logging_mixin.py:104} INFO - [2021-11-28 06:49:17,249] {dag.py:1832} INFO - Sync 1 DAGs
[2021-11-28 06:49:17,480] {logging_mixin.py:104} INFO - [2021-11-28 06:49:17,480] {dag.py:2305} INFO - Setting next_dagrun for example_nested_branch_dag to 2021-11-26 00:00:00+00:00
[2021-11-28 06:49:17,575] {scheduler_job.py:190} INFO - Processing /home/airflow/sandbox/lib/python3.8/site-packages/airflow/example_dags/example_nested_branch_dag.py took 0.582 seconds
[2021-11-28 06:49:47,741] {scheduler_job.py:182} INFO - Started process (PID=44714) to work on /home/airflow/sandbox/lib/python3.8/site-packages/airflow/example_dags/example_nested_branch_dag.py
[2021-11-28 06:49:47,781] {scheduler_job.py:633} INFO - Processing file /home/airflow/sandbox/lib/python3.8/site-packages/airflow/example_dags/example_nested_branch_dag.py for tasks to queue
[2021-11-28 06:49:47,782] {logging_mixin.py:104} INFO - [2021-11-28 06:49:47,782] {dagbag.py:487} INFO - Filling up the DagBag from /home/airflow/sandbox/lib/python3.8/site-packages/airflow/example_dags/example_nested_branch_dag.py
[2021-11-28 06:49:47,944] {scheduler_job.py:643} INFO - DAG(s) dict_keys(['example_nested_branch_dag']) retrieved from /home/airflow/sandbox/lib/python3.8/site-packages/airflow/example_dags/example_nested_branch_dag.py
[2021-11-28 06:49:48,067] {logging_mixin.py:104} INFO - [2021-11-28 06:49:48,066] {dag.py:1832} INFO - Sync 1 DAGs
[2021-11-28 06:49:48,190] {logging_mixin.py:104} INFO - [2021-11-28 06:49:48,190] {dag.py:2305} INFO - Setting next_dagrun for example_nested_branch_dag to 2021-11-26 00:00:00+00:00
[2021-11-28 06:49:48,260] {scheduler_job.py:190} INFO - Processing /home/airflow/sandbox/lib/python3.8/site-packages/airflow/example_dags/example_nested_branch_dag.py took 0.540 seconds
[2021-11-28 06:50:19,628] {scheduler_job.py:182} INFO - Started process (PID=44908) to work on /home/airflow/sandbox/lib/python3.8/site-packages/airflow/example_dags/example_nested_branch_dag.py
[2021-11-28 06:50:19,657] {scheduler_job.py:633} INFO - Processing file /home/airflow/sandbox/lib/python3.8/site-packages/airflow/example_dags/example_nested_branch_dag.py for tasks to queue
[2021-11-28 06:50:19,661] {logging_mixin.py:104} INFO - [2021-11-28 06:50:19,661] {dagbag.py:487} INFO - Filling up the DagBag from /home/airflow/sandbox/lib/python3.8/site-packages/airflow/example_dags/example_nested_branch_dag.py
[2021-11-28 06:50:19,750] {scheduler_job.py:643} INFO - DAG(s) dict_keys(['example_nested_branch_dag']) retrieved from /home/airflow/sandbox/lib/python3.8/site-packages/airflow/example_dags/example_nested_branch_dag.py
[2021-11-28 06:50:19,891] {logging_mixin.py:104} INFO - [2021-11-28 06:50:19,890] {dag.py:1832} INFO - Sync 1 DAGs
[2021-11-28 06:50:19,966] {logging_mixin.py:104} INFO - [2021-11-28 06:50:19,965] {dag.py:2305} INFO - Setting next_dagrun for example_nested_branch_dag to 2021-11-26 00:00:00+00:00
[2021-11-28 06:50:20,020] {scheduler_job.py:190} INFO - Processing /home/airflow/sandbox/lib/python3.8/site-packages/airflow/example_dags/example_nested_branch_dag.py took 0.423 seconds
[2021-11-28 06:50:50,512] {scheduler_job.py:182} INFO - Started process (PID=45103) to work on /home/airflow/sandbox/lib/python3.8/site-packages/airflow/example_dags/example_nested_branch_dag.py
[2021-11-28 06:50:50,532] {scheduler_job.py:633} INFO - Processing file /home/airflow/sandbox/lib/python3.8/site-packages/airflow/example_dags/example_nested_branch_dag.py for tasks to queue
[2021-11-28 06:50:50,535] {logging_mixin.py:104} INFO - [2021-11-28 06:50:50,535] {dagbag.py:487} INFO - Filling up the DagBag from /home/airflow/sandbox/lib/python3.8/site-packages/airflow/example_dags/example_nested_branch_dag.py
[2021-11-28 06:50:50,597] {scheduler_job.py:643} INFO - DAG(s) dict_keys(['example_nested_branch_dag']) retrieved from /home/airflow/sandbox/lib/python3.8/site-packages/airflow/example_dags/example_nested_branch_dag.py
[2021-11-28 06:50:50,807] {logging_mixin.py:104} INFO - [2021-11-28 06:50:50,806] {dag.py:1832} INFO - Sync 1 DAGs
[2021-11-28 06:50:51,028] {logging_mixin.py:104} INFO - [2021-11-28 06:50:51,027] {dag.py:2305} INFO - Setting next_dagrun for example_nested_branch_dag to 2021-11-26 00:00:00+00:00
[2021-11-28 06:50:51,167] {scheduler_job.py:190} INFO - Processing /home/airflow/sandbox/lib/python3.8/site-packages/airflow/example_dags/example_nested_branch_dag.py took 0.663 seconds
[2021-11-28 06:51:21,969] {scheduler_job.py:182} INFO - Started process (PID=45298) to work on /home/airflow/sandbox/lib/python3.8/site-packages/airflow/example_dags/example_nested_branch_dag.py
[2021-11-28 06:51:21,982] {scheduler_job.py:633} INFO - Processing file /home/airflow/sandbox/lib/python3.8/site-packages/airflow/example_dags/example_nested_branch_dag.py for tasks to queue
[2021-11-28 06:51:21,987] {logging_mixin.py:104} INFO - [2021-11-28 06:51:21,987] {dagbag.py:487} INFO - Filling up the DagBag from /home/airflow/sandbox/lib/python3.8/site-packages/airflow/example_dags/example_nested_branch_dag.py
[2021-11-28 06:51:22,088] {scheduler_job.py:643} INFO - DAG(s) dict_keys(['example_nested_branch_dag']) retrieved from /home/airflow/sandbox/lib/python3.8/site-packages/airflow/example_dags/example_nested_branch_dag.py
[2021-11-28 06:51:22,203] {logging_mixin.py:104} INFO - [2021-11-28 06:51:22,203] {dag.py:1832} INFO - Sync 1 DAGs
[2021-11-28 06:51:22,238] {logging_mixin.py:104} INFO - [2021-11-28 06:51:22,237] {dag.py:2305} INFO - Setting next_dagrun for example_nested_branch_dag to 2021-11-26 00:00:00+00:00
[2021-11-28 06:51:22,287] {scheduler_job.py:190} INFO - Processing /home/airflow/sandbox/lib/python3.8/site-packages/airflow/example_dags/example_nested_branch_dag.py took 0.348 seconds
[2021-11-28 06:51:52,475] {scheduler_job.py:182} INFO - Started process (PID=45497) to work on /home/airflow/sandbox/lib/python3.8/site-packages/airflow/example_dags/example_nested_branch_dag.py
[2021-11-28 06:51:52,483] {scheduler_job.py:633} INFO - Processing file /home/airflow/sandbox/lib/python3.8/site-packages/airflow/example_dags/example_nested_branch_dag.py for tasks to queue
[2021-11-28 06:51:52,494] {logging_mixin.py:104} INFO - [2021-11-28 06:51:52,494] {dagbag.py:487} INFO - Filling up the DagBag from /home/airflow/sandbox/lib/python3.8/site-packages/airflow/example_dags/example_nested_branch_dag.py
[2021-11-28 06:51:52,539] {scheduler_job.py:643} INFO - DAG(s) dict_keys(['example_nested_branch_dag']) retrieved from /home/airflow/sandbox/lib/python3.8/site-packages/airflow/example_dags/example_nested_branch_dag.py
[2021-11-28 06:51:52,710] {logging_mixin.py:104} INFO - [2021-11-28 06:51:52,710] {dag.py:1832} INFO - Sync 1 DAGs
[2021-11-28 06:51:52,808] {logging_mixin.py:104} INFO - [2021-11-28 06:51:52,808] {dag.py:2305} INFO - Setting next_dagrun for example_nested_branch_dag to 2021-11-26 00:00:00+00:00
[2021-11-28 06:51:52,855] {scheduler_job.py:190} INFO - Processing /home/airflow/sandbox/lib/python3.8/site-packages/airflow/example_dags/example_nested_branch_dag.py took 0.386 seconds
[2021-11-28 06:52:24,088] {scheduler_job.py:182} INFO - Started process (PID=45695) to work on /home/airflow/sandbox/lib/python3.8/site-packages/airflow/example_dags/example_nested_branch_dag.py
[2021-11-28 06:52:24,111] {scheduler_job.py:633} INFO - Processing file /home/airflow/sandbox/lib/python3.8/site-packages/airflow/example_dags/example_nested_branch_dag.py for tasks to queue
[2021-11-28 06:52:24,171] {logging_mixin.py:104} INFO - [2021-11-28 06:52:24,114] {dagbag.py:487} INFO - Filling up the DagBag from /home/airflow/sandbox/lib/python3.8/site-packages/airflow/example_dags/example_nested_branch_dag.py
[2021-11-28 06:52:24,358] {scheduler_job.py:643} INFO - DAG(s) dict_keys(['example_nested_branch_dag']) retrieved from /home/airflow/sandbox/lib/python3.8/site-packages/airflow/example_dags/example_nested_branch_dag.py
[2021-11-28 06:52:24,816] {logging_mixin.py:104} INFO - [2021-11-28 06:52:24,816] {dag.py:1832} INFO - Sync 1 DAGs
[2021-11-28 06:52:25,248] {logging_mixin.py:104} INFO - [2021-11-28 06:52:25,248] {dag.py:2305} INFO - Setting next_dagrun for example_nested_branch_dag to 2021-11-26 00:00:00+00:00
[2021-11-28 06:52:25,414] {scheduler_job.py:190} INFO - Processing /home/airflow/sandbox/lib/python3.8/site-packages/airflow/example_dags/example_nested_branch_dag.py took 1.371 seconds
[2021-11-28 06:52:56,016] {scheduler_job.py:182} INFO - Started process (PID=46138) to work on /home/airflow/sandbox/lib/python3.8/site-packages/airflow/example_dags/example_nested_branch_dag.py
[2021-11-28 06:52:56,020] {scheduler_job.py:633} INFO - Processing file /home/airflow/sandbox/lib/python3.8/site-packages/airflow/example_dags/example_nested_branch_dag.py for tasks to queue
[2021-11-28 06:52:56,025] {logging_mixin.py:104} INFO - [2021-11-28 06:52:56,025] {dagbag.py:487} INFO - Filling up the DagBag from /home/airflow/sandbox/lib/python3.8/site-packages/airflow/example_dags/example_nested_branch_dag.py
[2021-11-28 06:52:56,105] {scheduler_job.py:643} INFO - DAG(s) dict_keys(['example_nested_branch_dag']) retrieved from /home/airflow/sandbox/lib/python3.8/site-packages/airflow/example_dags/example_nested_branch_dag.py
[2021-11-28 06:52:56,258] {logging_mixin.py:104} INFO - [2021-11-28 06:52:56,258] {dag.py:1832} INFO - Sync 1 DAGs
[2021-11-28 06:52:56,327] {logging_mixin.py:104} INFO - [2021-11-28 06:52:56,327] {dag.py:2305} INFO - Setting next_dagrun for example_nested_branch_dag to 2021-11-26 00:00:00+00:00
[2021-11-28 06:52:56,375] {scheduler_job.py:190} INFO - Processing /home/airflow/sandbox/lib/python3.8/site-packages/airflow/example_dags/example_nested_branch_dag.py took 0.409 seconds
[2021-11-28 06:53:26,530] {scheduler_job.py:182} INFO - Started process (PID=46334) to work on /home/airflow/sandbox/lib/python3.8/site-packages/airflow/example_dags/example_nested_branch_dag.py
[2021-11-28 06:53:26,539] {scheduler_job.py:633} INFO - Processing file /home/airflow/sandbox/lib/python3.8/site-packages/airflow/example_dags/example_nested_branch_dag.py for tasks to queue
[2021-11-28 06:53:26,541] {logging_mixin.py:104} INFO - [2021-11-28 06:53:26,541] {dagbag.py:487} INFO - Filling up the DagBag from /home/airflow/sandbox/lib/python3.8/site-packages/airflow/example_dags/example_nested_branch_dag.py
[2021-11-28 06:53:26,637] {scheduler_job.py:643} INFO - DAG(s) dict_keys(['example_nested_branch_dag']) retrieved from /home/airflow/sandbox/lib/python3.8/site-packages/airflow/example_dags/example_nested_branch_dag.py
[2021-11-28 06:53:26,907] {logging_mixin.py:104} INFO - [2021-11-28 06:53:26,907] {dag.py:1832} INFO - Sync 1 DAGs
[2021-11-28 06:53:27,138] {logging_mixin.py:104} INFO - [2021-11-28 06:53:27,137] {dag.py:2305} INFO - Setting next_dagrun for example_nested_branch_dag to 2021-11-26 00:00:00+00:00
[2021-11-28 06:53:27,251] {scheduler_job.py:190} INFO - Processing /home/airflow/sandbox/lib/python3.8/site-packages/airflow/example_dags/example_nested_branch_dag.py took 0.742 seconds
[2021-11-28 06:53:57,818] {scheduler_job.py:182} INFO - Started process (PID=46533) to work on /home/airflow/sandbox/lib/python3.8/site-packages/airflow/example_dags/example_nested_branch_dag.py
[2021-11-28 06:53:57,824] {scheduler_job.py:633} INFO - Processing file /home/airflow/sandbox/lib/python3.8/site-packages/airflow/example_dags/example_nested_branch_dag.py for tasks to queue
[2021-11-28 06:53:57,838] {logging_mixin.py:104} INFO - [2021-11-28 06:53:57,838] {dagbag.py:487} INFO - Filling up the DagBag from /home/airflow/sandbox/lib/python3.8/site-packages/airflow/example_dags/example_nested_branch_dag.py
[2021-11-28 06:53:58,229] {scheduler_job.py:643} INFO - DAG(s) dict_keys(['example_nested_branch_dag']) retrieved from /home/airflow/sandbox/lib/python3.8/site-packages/airflow/example_dags/example_nested_branch_dag.py
[2021-11-28 06:53:58,647] {logging_mixin.py:104} INFO - [2021-11-28 06:53:58,647] {dag.py:1832} INFO - Sync 1 DAGs
[2021-11-28 06:53:58,684] {logging_mixin.py:104} INFO - [2021-11-28 06:53:58,684] {dag.py:2305} INFO - Setting next_dagrun for example_nested_branch_dag to 2021-11-26 00:00:00+00:00
[2021-11-28 06:53:58,713] {scheduler_job.py:190} INFO - Processing /home/airflow/sandbox/lib/python3.8/site-packages/airflow/example_dags/example_nested_branch_dag.py took 0.928 seconds
[2021-11-28 06:54:28,885] {scheduler_job.py:182} INFO - Started process (PID=46738) to work on /home/airflow/sandbox/lib/python3.8/site-packages/airflow/example_dags/example_nested_branch_dag.py
[2021-11-28 06:54:28,892] {scheduler_job.py:633} INFO - Processing file /home/airflow/sandbox/lib/python3.8/site-packages/airflow/example_dags/example_nested_branch_dag.py for tasks to queue
[2021-11-28 06:54:28,895] {logging_mixin.py:104} INFO - [2021-11-28 06:54:28,895] {dagbag.py:487} INFO - Filling up the DagBag from /home/airflow/sandbox/lib/python3.8/site-packages/airflow/example_dags/example_nested_branch_dag.py
[2021-11-28 06:54:28,929] {scheduler_job.py:643} INFO - DAG(s) dict_keys(['example_nested_branch_dag']) retrieved from /home/airflow/sandbox/lib/python3.8/site-packages/airflow/example_dags/example_nested_branch_dag.py
[2021-11-28 06:54:29,076] {logging_mixin.py:104} INFO - [2021-11-28 06:54:29,075] {dag.py:1832} INFO - Sync 1 DAGs
[2021-11-28 06:54:29,156] {logging_mixin.py:104} INFO - [2021-11-28 06:54:29,156] {dag.py:2305} INFO - Setting next_dagrun for example_nested_branch_dag to 2021-11-26 00:00:00+00:00
[2021-11-28 06:54:29,181] {scheduler_job.py:190} INFO - Processing /home/airflow/sandbox/lib/python3.8/site-packages/airflow/example_dags/example_nested_branch_dag.py took 0.302 seconds
[2021-11-28 06:55:02,957] {scheduler_job.py:182} INFO - Started process (PID=46931) to work on /home/airflow/sandbox/lib/python3.8/site-packages/airflow/example_dags/example_nested_branch_dag.py
[2021-11-28 06:55:02,961] {scheduler_job.py:633} INFO - Processing file /home/airflow/sandbox/lib/python3.8/site-packages/airflow/example_dags/example_nested_branch_dag.py for tasks to queue
[2021-11-28 06:55:02,963] {logging_mixin.py:104} INFO - [2021-11-28 06:55:02,963] {dagbag.py:487} INFO - Filling up the DagBag from /home/airflow/sandbox/lib/python3.8/site-packages/airflow/example_dags/example_nested_branch_dag.py
[2021-11-28 06:55:03,125] {scheduler_job.py:643} INFO - DAG(s) dict_keys(['example_nested_branch_dag']) retrieved from /home/airflow/sandbox/lib/python3.8/site-packages/airflow/example_dags/example_nested_branch_dag.py
[2021-11-28 06:55:03,335] {logging_mixin.py:104} INFO - [2021-11-28 06:55:03,335] {dag.py:1832} INFO - Sync 1 DAGs
[2021-11-28 06:55:03,430] {logging_mixin.py:104} INFO - [2021-11-28 06:55:03,430] {dag.py:2305} INFO - Setting next_dagrun for example_nested_branch_dag to 2021-11-26 00:00:00+00:00
[2021-11-28 06:55:03,464] {scheduler_job.py:190} INFO - Processing /home/airflow/sandbox/lib/python3.8/site-packages/airflow/example_dags/example_nested_branch_dag.py took 0.557 seconds
[2021-11-28 06:55:34,399] {scheduler_job.py:182} INFO - Started process (PID=47125) to work on /home/airflow/sandbox/lib/python3.8/site-packages/airflow/example_dags/example_nested_branch_dag.py
[2021-11-28 06:55:34,416] {scheduler_job.py:633} INFO - Processing file /home/airflow/sandbox/lib/python3.8/site-packages/airflow/example_dags/example_nested_branch_dag.py for tasks to queue
[2021-11-28 06:55:34,427] {logging_mixin.py:104} INFO - [2021-11-28 06:55:34,427] {dagbag.py:487} INFO - Filling up the DagBag from /home/airflow/sandbox/lib/python3.8/site-packages/airflow/example_dags/example_nested_branch_dag.py
[2021-11-28 06:55:34,504] {scheduler_job.py:643} INFO - DAG(s) dict_keys(['example_nested_branch_dag']) retrieved from /home/airflow/sandbox/lib/python3.8/site-packages/airflow/example_dags/example_nested_branch_dag.py
[2021-11-28 06:55:34,657] {logging_mixin.py:104} INFO - [2021-11-28 06:55:34,656] {dag.py:1832} INFO - Sync 1 DAGs
[2021-11-28 06:55:34,734] {logging_mixin.py:104} INFO - [2021-11-28 06:55:34,734] {dag.py:2305} INFO - Setting next_dagrun for example_nested_branch_dag to 2021-11-26 00:00:00+00:00
[2021-11-28 06:55:34,787] {scheduler_job.py:190} INFO - Processing /home/airflow/sandbox/lib/python3.8/site-packages/airflow/example_dags/example_nested_branch_dag.py took 0.430 seconds
[2021-11-28 06:56:06,244] {scheduler_job.py:182} INFO - Started process (PID=47326) to work on /home/airflow/sandbox/lib/python3.8/site-packages/airflow/example_dags/example_nested_branch_dag.py
[2021-11-28 06:56:06,253] {scheduler_job.py:633} INFO - Processing file /home/airflow/sandbox/lib/python3.8/site-packages/airflow/example_dags/example_nested_branch_dag.py for tasks to queue
[2021-11-28 06:56:06,256] {logging_mixin.py:104} INFO - [2021-11-28 06:56:06,255] {dagbag.py:487} INFO - Filling up the DagBag from /home/airflow/sandbox/lib/python3.8/site-packages/airflow/example_dags/example_nested_branch_dag.py
[2021-11-28 06:56:06,575] {scheduler_job.py:643} INFO - DAG(s) dict_keys(['example_nested_branch_dag']) retrieved from /home/airflow/sandbox/lib/python3.8/site-packages/airflow/example_dags/example_nested_branch_dag.py
[2021-11-28 06:56:06,887] {logging_mixin.py:104} INFO - [2021-11-28 06:56:06,886] {dag.py:1832} INFO - Sync 1 DAGs
[2021-11-28 06:56:07,101] {logging_mixin.py:104} INFO - [2021-11-28 06:56:07,101] {dag.py:2305} INFO - Setting next_dagrun for example_nested_branch_dag to 2021-11-26 00:00:00+00:00
[2021-11-28 06:56:07,203] {scheduler_job.py:190} INFO - Processing /home/airflow/sandbox/lib/python3.8/site-packages/airflow/example_dags/example_nested_branch_dag.py took 1.052 seconds
[2021-11-28 06:56:37,803] {scheduler_job.py:182} INFO - Started process (PID=47525) to work on /home/airflow/sandbox/lib/python3.8/site-packages/airflow/example_dags/example_nested_branch_dag.py
[2021-11-28 06:56:37,807] {scheduler_job.py:633} INFO - Processing file /home/airflow/sandbox/lib/python3.8/site-packages/airflow/example_dags/example_nested_branch_dag.py for tasks to queue
[2021-11-28 06:56:37,819] {logging_mixin.py:104} INFO - [2021-11-28 06:56:37,819] {dagbag.py:487} INFO - Filling up the DagBag from /home/airflow/sandbox/lib/python3.8/site-packages/airflow/example_dags/example_nested_branch_dag.py
[2021-11-28 06:56:37,934] {scheduler_job.py:643} INFO - DAG(s) dict_keys(['example_nested_branch_dag']) retrieved from /home/airflow/sandbox/lib/python3.8/site-packages/airflow/example_dags/example_nested_branch_dag.py
[2021-11-28 06:56:38,127] {logging_mixin.py:104} INFO - [2021-11-28 06:56:38,127] {dag.py:1832} INFO - Sync 1 DAGs
[2021-11-28 06:56:38,262] {logging_mixin.py:104} INFO - [2021-11-28 06:56:38,249] {dag.py:2305} INFO - Setting next_dagrun for example_nested_branch_dag to 2021-11-26 00:00:00+00:00
[2021-11-28 06:56:38,302] {scheduler_job.py:190} INFO - Processing /home/airflow/sandbox/lib/python3.8/site-packages/airflow/example_dags/example_nested_branch_dag.py took 0.531 seconds
[2021-11-28 06:57:10,743] {scheduler_job.py:182} INFO - Started process (PID=47742) to work on /home/airflow/sandbox/lib/python3.8/site-packages/airflow/example_dags/example_nested_branch_dag.py
[2021-11-28 06:57:10,777] {scheduler_job.py:633} INFO - Processing file /home/airflow/sandbox/lib/python3.8/site-packages/airflow/example_dags/example_nested_branch_dag.py for tasks to queue
[2021-11-28 06:57:10,792] {logging_mixin.py:104} INFO - [2021-11-28 06:57:10,791] {dagbag.py:487} INFO - Filling up the DagBag from /home/airflow/sandbox/lib/python3.8/site-packages/airflow/example_dags/example_nested_branch_dag.py
[2021-11-28 06:57:10,962] {scheduler_job.py:643} INFO - DAG(s) dict_keys(['example_nested_branch_dag']) retrieved from /home/airflow/sandbox/lib/python3.8/site-packages/airflow/example_dags/example_nested_branch_dag.py
[2021-11-28 06:57:11,223] {logging_mixin.py:104} INFO - [2021-11-28 06:57:11,223] {dag.py:1832} INFO - Sync 1 DAGs
[2021-11-28 06:57:11,391] {logging_mixin.py:104} INFO - [2021-11-28 06:57:11,391] {dag.py:2305} INFO - Setting next_dagrun for example_nested_branch_dag to 2021-11-26 00:00:00+00:00
[2021-11-28 06:57:11,536] {scheduler_job.py:190} INFO - Processing /home/airflow/sandbox/lib/python3.8/site-packages/airflow/example_dags/example_nested_branch_dag.py took 0.869 seconds
[2021-11-28 06:57:42,089] {scheduler_job.py:182} INFO - Started process (PID=47937) to work on /home/airflow/sandbox/lib/python3.8/site-packages/airflow/example_dags/example_nested_branch_dag.py
[2021-11-28 06:57:42,102] {scheduler_job.py:633} INFO - Processing file /home/airflow/sandbox/lib/python3.8/site-packages/airflow/example_dags/example_nested_branch_dag.py for tasks to queue
[2021-11-28 06:57:42,112] {logging_mixin.py:104} INFO - [2021-11-28 06:57:42,111] {dagbag.py:487} INFO - Filling up the DagBag from /home/airflow/sandbox/lib/python3.8/site-packages/airflow/example_dags/example_nested_branch_dag.py
[2021-11-28 06:57:42,283] {scheduler_job.py:643} INFO - DAG(s) dict_keys(['example_nested_branch_dag']) retrieved from /home/airflow/sandbox/lib/python3.8/site-packages/airflow/example_dags/example_nested_branch_dag.py
[2021-11-28 06:57:42,473] {logging_mixin.py:104} INFO - [2021-11-28 06:57:42,473] {dag.py:1832} INFO - Sync 1 DAGs
[2021-11-28 06:57:42,584] {logging_mixin.py:104} INFO - [2021-11-28 06:57:42,584] {dag.py:2305} INFO - Setting next_dagrun for example_nested_branch_dag to 2021-11-26 00:00:00+00:00
[2021-11-28 06:57:42,687] {scheduler_job.py:190} INFO - Processing /home/airflow/sandbox/lib/python3.8/site-packages/airflow/example_dags/example_nested_branch_dag.py took 0.625 seconds
[2021-11-28 06:58:12,993] {scheduler_job.py:182} INFO - Started process (PID=48382) to work on /home/airflow/sandbox/lib/python3.8/site-packages/airflow/example_dags/example_nested_branch_dag.py
[2021-11-28 06:58:13,004] {scheduler_job.py:633} INFO - Processing file /home/airflow/sandbox/lib/python3.8/site-packages/airflow/example_dags/example_nested_branch_dag.py for tasks to queue
[2021-11-28 06:58:13,012] {logging_mixin.py:104} INFO - [2021-11-28 06:58:13,012] {dagbag.py:487} INFO - Filling up the DagBag from /home/airflow/sandbox/lib/python3.8/site-packages/airflow/example_dags/example_nested_branch_dag.py
[2021-11-28 06:58:13,137] {scheduler_job.py:643} INFO - DAG(s) dict_keys(['example_nested_branch_dag']) retrieved from /home/airflow/sandbox/lib/python3.8/site-packages/airflow/example_dags/example_nested_branch_dag.py
[2021-11-28 06:58:13,360] {logging_mixin.py:104} INFO - [2021-11-28 06:58:13,359] {dag.py:1832} INFO - Sync 1 DAGs
[2021-11-28 06:58:13,631] {logging_mixin.py:104} INFO - [2021-11-28 06:58:13,631] {dag.py:2305} INFO - Setting next_dagrun for example_nested_branch_dag to 2021-11-26 00:00:00+00:00
[2021-11-28 06:58:13,707] {scheduler_job.py:190} INFO - Processing /home/airflow/sandbox/lib/python3.8/site-packages/airflow/example_dags/example_nested_branch_dag.py took 0.740 seconds
[2021-11-28 06:58:44,061] {scheduler_job.py:182} INFO - Started process (PID=48579) to work on /home/airflow/sandbox/lib/python3.8/site-packages/airflow/example_dags/example_nested_branch_dag.py
[2021-11-28 06:58:44,092] {scheduler_job.py:633} INFO - Processing file /home/airflow/sandbox/lib/python3.8/site-packages/airflow/example_dags/example_nested_branch_dag.py for tasks to queue
[2021-11-28 06:58:44,102] {logging_mixin.py:104} INFO - [2021-11-28 06:58:44,102] {dagbag.py:487} INFO - Filling up the DagBag from /home/airflow/sandbox/lib/python3.8/site-packages/airflow/example_dags/example_nested_branch_dag.py
[2021-11-28 06:58:44,225] {scheduler_job.py:643} INFO - DAG(s) dict_keys(['example_nested_branch_dag']) retrieved from /home/airflow/sandbox/lib/python3.8/site-packages/airflow/example_dags/example_nested_branch_dag.py
[2021-11-28 06:58:44,373] {logging_mixin.py:104} INFO - [2021-11-28 06:58:44,372] {dag.py:1832} INFO - Sync 1 DAGs
[2021-11-28 06:58:44,455] {logging_mixin.py:104} INFO - [2021-11-28 06:58:44,454] {dag.py:2305} INFO - Setting next_dagrun for example_nested_branch_dag to 2021-11-26 00:00:00+00:00
[2021-11-28 06:58:44,495] {scheduler_job.py:190} INFO - Processing /home/airflow/sandbox/lib/python3.8/site-packages/airflow/example_dags/example_nested_branch_dag.py took 0.439 seconds
[2021-11-28 06:59:16,636] {scheduler_job.py:182} INFO - Started process (PID=48772) to work on /home/airflow/sandbox/lib/python3.8/site-packages/airflow/example_dags/example_nested_branch_dag.py
[2021-11-28 06:59:16,654] {scheduler_job.py:633} INFO - Processing file /home/airflow/sandbox/lib/python3.8/site-packages/airflow/example_dags/example_nested_branch_dag.py for tasks to queue
[2021-11-28 06:59:16,655] {logging_mixin.py:104} INFO - [2021-11-28 06:59:16,655] {dagbag.py:487} INFO - Filling up the DagBag from /home/airflow/sandbox/lib/python3.8/site-packages/airflow/example_dags/example_nested_branch_dag.py
[2021-11-28 06:59:16,730] {scheduler_job.py:643} INFO - DAG(s) dict_keys(['example_nested_branch_dag']) retrieved from /home/airflow/sandbox/lib/python3.8/site-packages/airflow/example_dags/example_nested_branch_dag.py
[2021-11-28 06:59:16,863] {logging_mixin.py:104} INFO - [2021-11-28 06:59:16,863] {dag.py:1832} INFO - Sync 1 DAGs
[2021-11-28 06:59:16,942] {logging_mixin.py:104} INFO - [2021-11-28 06:59:16,942] {dag.py:2305} INFO - Setting next_dagrun for example_nested_branch_dag to 2021-11-26 00:00:00+00:00
[2021-11-28 06:59:16,986] {scheduler_job.py:190} INFO - Processing /home/airflow/sandbox/lib/python3.8/site-packages/airflow/example_dags/example_nested_branch_dag.py took 0.357 seconds
[2021-11-28 06:59:47,503] {scheduler_job.py:182} INFO - Started process (PID=48965) to work on /home/airflow/sandbox/lib/python3.8/site-packages/airflow/example_dags/example_nested_branch_dag.py
[2021-11-28 06:59:47,507] {scheduler_job.py:633} INFO - Processing file /home/airflow/sandbox/lib/python3.8/site-packages/airflow/example_dags/example_nested_branch_dag.py for tasks to queue
[2021-11-28 06:59:47,512] {logging_mixin.py:104} INFO - [2021-11-28 06:59:47,511] {dagbag.py:487} INFO - Filling up the DagBag from /home/airflow/sandbox/lib/python3.8/site-packages/airflow/example_dags/example_nested_branch_dag.py
[2021-11-28 06:59:47,726] {scheduler_job.py:643} INFO - DAG(s) dict_keys(['example_nested_branch_dag']) retrieved from /home/airflow/sandbox/lib/python3.8/site-packages/airflow/example_dags/example_nested_branch_dag.py
[2021-11-28 06:59:47,912] {logging_mixin.py:104} INFO - [2021-11-28 06:59:47,911] {dag.py:1832} INFO - Sync 1 DAGs
[2021-11-28 06:59:48,015] {logging_mixin.py:104} INFO - [2021-11-28 06:59:48,015] {dag.py:2305} INFO - Setting next_dagrun for example_nested_branch_dag to 2021-11-26 00:00:00+00:00
[2021-11-28 06:59:48,103] {scheduler_job.py:190} INFO - Processing /home/airflow/sandbox/lib/python3.8/site-packages/airflow/example_dags/example_nested_branch_dag.py took 0.723 seconds
[2021-11-28 07:00:21,463] {scheduler_job.py:182} INFO - Started process (PID=49166) to work on /home/airflow/sandbox/lib/python3.8/site-packages/airflow/example_dags/example_nested_branch_dag.py
[2021-11-28 07:00:21,495] {scheduler_job.py:633} INFO - Processing file /home/airflow/sandbox/lib/python3.8/site-packages/airflow/example_dags/example_nested_branch_dag.py for tasks to queue
[2021-11-28 07:00:21,506] {logging_mixin.py:104} INFO - [2021-11-28 07:00:21,505] {dagbag.py:487} INFO - Filling up the DagBag from /home/airflow/sandbox/lib/python3.8/site-packages/airflow/example_dags/example_nested_branch_dag.py
[2021-11-28 07:00:21,822] {scheduler_job.py:643} INFO - DAG(s) dict_keys(['example_nested_branch_dag']) retrieved from /home/airflow/sandbox/lib/python3.8/site-packages/airflow/example_dags/example_nested_branch_dag.py
[2021-11-28 07:00:22,267] {logging_mixin.py:104} INFO - [2021-11-28 07:00:22,267] {dag.py:1832} INFO - Sync 1 DAGs
[2021-11-28 07:00:22,771] {logging_mixin.py:104} INFO - [2021-11-28 07:00:22,771] {dag.py:2305} INFO - Setting next_dagrun for example_nested_branch_dag to 2021-11-26 00:00:00+00:00
[2021-11-28 07:00:22,850] {scheduler_job.py:190} INFO - Processing /home/airflow/sandbox/lib/python3.8/site-packages/airflow/example_dags/example_nested_branch_dag.py took 1.441 seconds
[2021-11-28 07:00:54,894] {scheduler_job.py:182} INFO - Started process (PID=49389) to work on /home/airflow/sandbox/lib/python3.8/site-packages/airflow/example_dags/example_nested_branch_dag.py
[2021-11-28 07:00:54,924] {scheduler_job.py:633} INFO - Processing file /home/airflow/sandbox/lib/python3.8/site-packages/airflow/example_dags/example_nested_branch_dag.py for tasks to queue
[2021-11-28 07:00:54,931] {logging_mixin.py:104} INFO - [2021-11-28 07:00:54,930] {dagbag.py:487} INFO - Filling up the DagBag from /home/airflow/sandbox/lib/python3.8/site-packages/airflow/example_dags/example_nested_branch_dag.py
[2021-11-28 07:00:55,023] {scheduler_job.py:643} INFO - DAG(s) dict_keys(['example_nested_branch_dag']) retrieved from /home/airflow/sandbox/lib/python3.8/site-packages/airflow/example_dags/example_nested_branch_dag.py
[2021-11-28 07:00:55,610] {logging_mixin.py:104} INFO - [2021-11-28 07:00:55,610] {dag.py:1832} INFO - Sync 1 DAGs
[2021-11-28 07:00:55,731] {logging_mixin.py:104} INFO - [2021-11-28 07:00:55,730] {dag.py:2305} INFO - Setting next_dagrun for example_nested_branch_dag to 2021-11-26 00:00:00+00:00
[2021-11-28 07:00:55,825] {scheduler_job.py:190} INFO - Processing /home/airflow/sandbox/lib/python3.8/site-packages/airflow/example_dags/example_nested_branch_dag.py took 0.983 seconds
