[2021-11-28 06:22:48,640] {scheduler_job.py:182} INFO - Started process (PID=30995) to work on /home/airflow/sandbox/lib/python3.8/site-packages/airflow/example_dags/tutorial_taskflow_api_etl_virtualenv.py
[2021-11-28 06:22:48,648] {scheduler_job.py:633} INFO - Processing file /home/airflow/sandbox/lib/python3.8/site-packages/airflow/example_dags/tutorial_taskflow_api_etl_virtualenv.py for tasks to queue
[2021-11-28 06:22:48,659] {logging_mixin.py:104} INFO - [2021-11-28 06:22:48,659] {dagbag.py:487} INFO - Filling up the DagBag from /home/airflow/sandbox/lib/python3.8/site-packages/airflow/example_dags/tutorial_taskflow_api_etl_virtualenv.py
[2021-11-28 06:22:48,760] {scheduler_job.py:643} INFO - DAG(s) dict_keys(['tutorial_taskflow_api_etl_virtualenv']) retrieved from /home/airflow/sandbox/lib/python3.8/site-packages/airflow/example_dags/tutorial_taskflow_api_etl_virtualenv.py
[2021-11-28 06:22:51,808] {logging_mixin.py:104} INFO - [2021-11-28 06:22:51,808] {dag.py:1832} INFO - Sync 1 DAGs
[2021-11-28 06:22:51,947] {logging_mixin.py:104} INFO - [2021-11-28 06:22:51,947] {dag.py:2305} INFO - Setting next_dagrun for tutorial_taskflow_api_etl_virtualenv to None
[2021-11-28 06:22:52,035] {scheduler_job.py:190} INFO - Processing /home/airflow/sandbox/lib/python3.8/site-packages/airflow/example_dags/tutorial_taskflow_api_etl_virtualenv.py took 3.414 seconds
[2021-11-28 06:23:31,965] {scheduler_job.py:182} INFO - Started process (PID=31308) to work on /home/airflow/sandbox/lib/python3.8/site-packages/airflow/example_dags/tutorial_taskflow_api_etl_virtualenv.py
[2021-11-28 06:23:32,027] {scheduler_job.py:633} INFO - Processing file /home/airflow/sandbox/lib/python3.8/site-packages/airflow/example_dags/tutorial_taskflow_api_etl_virtualenv.py for tasks to queue
[2021-11-28 06:23:32,059] {logging_mixin.py:104} INFO - [2021-11-28 06:23:32,059] {dagbag.py:487} INFO - Filling up the DagBag from /home/airflow/sandbox/lib/python3.8/site-packages/airflow/example_dags/tutorial_taskflow_api_etl_virtualenv.py
[2021-11-28 06:23:32,182] {scheduler_job.py:643} INFO - DAG(s) dict_keys(['tutorial_taskflow_api_etl_virtualenv']) retrieved from /home/airflow/sandbox/lib/python3.8/site-packages/airflow/example_dags/tutorial_taskflow_api_etl_virtualenv.py
[2021-11-28 06:23:36,987] {logging_mixin.py:104} INFO - [2021-11-28 06:23:36,986] {dag.py:1832} INFO - Sync 1 DAGs
[2021-11-28 06:23:37,143] {logging_mixin.py:104} INFO - [2021-11-28 06:23:37,143] {dag.py:2305} INFO - Setting next_dagrun for tutorial_taskflow_api_etl_virtualenv to None
[2021-11-28 06:23:37,307] {scheduler_job.py:190} INFO - Processing /home/airflow/sandbox/lib/python3.8/site-packages/airflow/example_dags/tutorial_taskflow_api_etl_virtualenv.py took 5.349 seconds
[2021-11-28 06:24:15,618] {scheduler_job.py:182} INFO - Started process (PID=31540) to work on /home/airflow/sandbox/lib/python3.8/site-packages/airflow/example_dags/tutorial_taskflow_api_etl_virtualenv.py
[2021-11-28 06:24:15,632] {scheduler_job.py:633} INFO - Processing file /home/airflow/sandbox/lib/python3.8/site-packages/airflow/example_dags/tutorial_taskflow_api_etl_virtualenv.py for tasks to queue
[2021-11-28 06:24:15,633] {logging_mixin.py:104} INFO - [2021-11-28 06:24:15,633] {dagbag.py:487} INFO - Filling up the DagBag from /home/airflow/sandbox/lib/python3.8/site-packages/airflow/example_dags/tutorial_taskflow_api_etl_virtualenv.py
[2021-11-28 06:24:16,104] {scheduler_job.py:643} INFO - DAG(s) dict_keys(['tutorial_taskflow_api_etl_virtualenv']) retrieved from /home/airflow/sandbox/lib/python3.8/site-packages/airflow/example_dags/tutorial_taskflow_api_etl_virtualenv.py
[2021-11-28 06:24:21,548] {logging_mixin.py:104} INFO - [2021-11-28 06:24:21,548] {dag.py:1832} INFO - Sync 1 DAGs
[2021-11-28 06:24:21,788] {logging_mixin.py:104} INFO - [2021-11-28 06:24:21,787] {dag.py:2305} INFO - Setting next_dagrun for tutorial_taskflow_api_etl_virtualenv to None
[2021-11-28 06:24:22,008] {scheduler_job.py:190} INFO - Processing /home/airflow/sandbox/lib/python3.8/site-packages/airflow/example_dags/tutorial_taskflow_api_etl_virtualenv.py took 6.505 seconds
[2021-11-28 06:24:52,945] {scheduler_job.py:182} INFO - Started process (PID=31803) to work on /home/airflow/sandbox/lib/python3.8/site-packages/airflow/example_dags/tutorial_taskflow_api_etl_virtualenv.py
[2021-11-28 06:24:52,960] {scheduler_job.py:633} INFO - Processing file /home/airflow/sandbox/lib/python3.8/site-packages/airflow/example_dags/tutorial_taskflow_api_etl_virtualenv.py for tasks to queue
[2021-11-28 06:24:52,961] {logging_mixin.py:104} INFO - [2021-11-28 06:24:52,961] {dagbag.py:487} INFO - Filling up the DagBag from /home/airflow/sandbox/lib/python3.8/site-packages/airflow/example_dags/tutorial_taskflow_api_etl_virtualenv.py
[2021-11-28 06:24:53,138] {scheduler_job.py:643} INFO - DAG(s) dict_keys(['tutorial_taskflow_api_etl_virtualenv']) retrieved from /home/airflow/sandbox/lib/python3.8/site-packages/airflow/example_dags/tutorial_taskflow_api_etl_virtualenv.py
[2021-11-28 06:24:56,900] {logging_mixin.py:104} INFO - [2021-11-28 06:24:56,899] {dag.py:1832} INFO - Sync 1 DAGs
[2021-11-28 06:24:57,273] {logging_mixin.py:104} INFO - [2021-11-28 06:24:57,273] {dag.py:2305} INFO - Setting next_dagrun for tutorial_taskflow_api_etl_virtualenv to None
[2021-11-28 06:24:57,386] {scheduler_job.py:190} INFO - Processing /home/airflow/sandbox/lib/python3.8/site-packages/airflow/example_dags/tutorial_taskflow_api_etl_virtualenv.py took 4.528 seconds
[2021-11-28 06:25:27,596] {scheduler_job.py:182} INFO - Started process (PID=32226) to work on /home/airflow/sandbox/lib/python3.8/site-packages/airflow/example_dags/tutorial_taskflow_api_etl_virtualenv.py
[2021-11-28 06:25:27,601] {scheduler_job.py:633} INFO - Processing file /home/airflow/sandbox/lib/python3.8/site-packages/airflow/example_dags/tutorial_taskflow_api_etl_virtualenv.py for tasks to queue
[2021-11-28 06:25:27,605] {logging_mixin.py:104} INFO - [2021-11-28 06:25:27,604] {dagbag.py:487} INFO - Filling up the DagBag from /home/airflow/sandbox/lib/python3.8/site-packages/airflow/example_dags/tutorial_taskflow_api_etl_virtualenv.py
[2021-11-28 06:25:27,670] {scheduler_job.py:643} INFO - DAG(s) dict_keys(['tutorial_taskflow_api_etl_virtualenv']) retrieved from /home/airflow/sandbox/lib/python3.8/site-packages/airflow/example_dags/tutorial_taskflow_api_etl_virtualenv.py
[2021-11-28 06:25:28,519] {logging_mixin.py:104} INFO - [2021-11-28 06:25:28,519] {dag.py:1832} INFO - Sync 1 DAGs
[2021-11-28 06:25:28,556] {logging_mixin.py:104} INFO - [2021-11-28 06:25:28,556] {dag.py:2305} INFO - Setting next_dagrun for tutorial_taskflow_api_etl_virtualenv to None
[2021-11-28 06:25:28,615] {scheduler_job.py:190} INFO - Processing /home/airflow/sandbox/lib/python3.8/site-packages/airflow/example_dags/tutorial_taskflow_api_etl_virtualenv.py took 1.029 seconds
[2021-11-28 06:25:58,966] {scheduler_job.py:182} INFO - Started process (PID=32459) to work on /home/airflow/sandbox/lib/python3.8/site-packages/airflow/example_dags/tutorial_taskflow_api_etl_virtualenv.py
[2021-11-28 06:25:58,970] {scheduler_job.py:633} INFO - Processing file /home/airflow/sandbox/lib/python3.8/site-packages/airflow/example_dags/tutorial_taskflow_api_etl_virtualenv.py for tasks to queue
[2021-11-28 06:25:58,971] {logging_mixin.py:104} INFO - [2021-11-28 06:25:58,971] {dagbag.py:487} INFO - Filling up the DagBag from /home/airflow/sandbox/lib/python3.8/site-packages/airflow/example_dags/tutorial_taskflow_api_etl_virtualenv.py
[2021-11-28 06:25:59,043] {scheduler_job.py:643} INFO - DAG(s) dict_keys(['tutorial_taskflow_api_etl_virtualenv']) retrieved from /home/airflow/sandbox/lib/python3.8/site-packages/airflow/example_dags/tutorial_taskflow_api_etl_virtualenv.py
[2021-11-28 06:26:01,315] {logging_mixin.py:104} INFO - [2021-11-28 06:26:01,315] {dag.py:1832} INFO - Sync 1 DAGs
[2021-11-28 06:26:01,447] {logging_mixin.py:104} INFO - [2021-11-28 06:26:01,447] {dag.py:2305} INFO - Setting next_dagrun for tutorial_taskflow_api_etl_virtualenv to None
[2021-11-28 06:26:01,554] {scheduler_job.py:190} INFO - Processing /home/airflow/sandbox/lib/python3.8/site-packages/airflow/example_dags/tutorial_taskflow_api_etl_virtualenv.py took 2.608 seconds
[2021-11-28 06:26:36,501] {scheduler_job.py:182} INFO - Started process (PID=32657) to work on /home/airflow/sandbox/lib/python3.8/site-packages/airflow/example_dags/tutorial_taskflow_api_etl_virtualenv.py
[2021-11-28 06:26:36,528] {scheduler_job.py:633} INFO - Processing file /home/airflow/sandbox/lib/python3.8/site-packages/airflow/example_dags/tutorial_taskflow_api_etl_virtualenv.py for tasks to queue
[2021-11-28 06:26:36,536] {logging_mixin.py:104} INFO - [2021-11-28 06:26:36,536] {dagbag.py:487} INFO - Filling up the DagBag from /home/airflow/sandbox/lib/python3.8/site-packages/airflow/example_dags/tutorial_taskflow_api_etl_virtualenv.py
[2021-11-28 06:26:36,637] {scheduler_job.py:643} INFO - DAG(s) dict_keys(['tutorial_taskflow_api_etl_virtualenv']) retrieved from /home/airflow/sandbox/lib/python3.8/site-packages/airflow/example_dags/tutorial_taskflow_api_etl_virtualenv.py
[2021-11-28 06:26:39,707] {logging_mixin.py:104} INFO - [2021-11-28 06:26:39,706] {dag.py:1832} INFO - Sync 1 DAGs
[2021-11-28 06:26:39,850] {logging_mixin.py:104} INFO - [2021-11-28 06:26:39,850] {dag.py:2305} INFO - Setting next_dagrun for tutorial_taskflow_api_etl_virtualenv to None
[2021-11-28 06:26:40,006] {scheduler_job.py:190} INFO - Processing /home/airflow/sandbox/lib/python3.8/site-packages/airflow/example_dags/tutorial_taskflow_api_etl_virtualenv.py took 3.514 seconds
[2021-11-28 06:27:18,021] {scheduler_job.py:182} INFO - Started process (PID=33259) to work on /home/airflow/sandbox/lib/python3.8/site-packages/airflow/example_dags/tutorial_taskflow_api_etl_virtualenv.py
[2021-11-28 06:27:18,088] {scheduler_job.py:633} INFO - Processing file /home/airflow/sandbox/lib/python3.8/site-packages/airflow/example_dags/tutorial_taskflow_api_etl_virtualenv.py for tasks to queue
[2021-11-28 06:27:18,099] {logging_mixin.py:104} INFO - [2021-11-28 06:27:18,098] {dagbag.py:487} INFO - Filling up the DagBag from /home/airflow/sandbox/lib/python3.8/site-packages/airflow/example_dags/tutorial_taskflow_api_etl_virtualenv.py
[2021-11-28 06:27:18,337] {scheduler_job.py:643} INFO - DAG(s) dict_keys(['tutorial_taskflow_api_etl_virtualenv']) retrieved from /home/airflow/sandbox/lib/python3.8/site-packages/airflow/example_dags/tutorial_taskflow_api_etl_virtualenv.py
[2021-11-28 06:27:26,946] {logging_mixin.py:104} INFO - [2021-11-28 06:27:26,945] {dag.py:1832} INFO - Sync 1 DAGs
[2021-11-28 06:27:27,353] {logging_mixin.py:104} INFO - [2021-11-28 06:27:27,352] {dag.py:2305} INFO - Setting next_dagrun for tutorial_taskflow_api_etl_virtualenv to None
[2021-11-28 06:27:27,650] {scheduler_job.py:190} INFO - Processing /home/airflow/sandbox/lib/python3.8/site-packages/airflow/example_dags/tutorial_taskflow_api_etl_virtualenv.py took 9.726 seconds
[2021-11-28 06:28:24,517] {scheduler_job.py:182} INFO - Started process (PID=35752) to work on /home/airflow/sandbox/lib/python3.8/site-packages/airflow/example_dags/tutorial_taskflow_api_etl_virtualenv.py
[2021-11-28 06:28:24,552] {scheduler_job.py:633} INFO - Processing file /home/airflow/sandbox/lib/python3.8/site-packages/airflow/example_dags/tutorial_taskflow_api_etl_virtualenv.py for tasks to queue
[2021-11-28 06:28:24,555] {logging_mixin.py:104} INFO - [2021-11-28 06:28:24,555] {dagbag.py:487} INFO - Filling up the DagBag from /home/airflow/sandbox/lib/python3.8/site-packages/airflow/example_dags/tutorial_taskflow_api_etl_virtualenv.py
[2021-11-28 06:28:24,696] {scheduler_job.py:643} INFO - DAG(s) dict_keys(['tutorial_taskflow_api_etl_virtualenv']) retrieved from /home/airflow/sandbox/lib/python3.8/site-packages/airflow/example_dags/tutorial_taskflow_api_etl_virtualenv.py
[2021-11-28 06:28:26,944] {logging_mixin.py:104} INFO - [2021-11-28 06:28:26,943] {dag.py:1832} INFO - Sync 1 DAGs
[2021-11-28 06:28:26,982] {logging_mixin.py:104} INFO - [2021-11-28 06:28:26,978] {dag.py:2305} INFO - Setting next_dagrun for tutorial_taskflow_api_etl_virtualenv to None
[2021-11-28 06:28:27,042] {scheduler_job.py:190} INFO - Processing /home/airflow/sandbox/lib/python3.8/site-packages/airflow/example_dags/tutorial_taskflow_api_etl_virtualenv.py took 2.545 seconds
[2021-11-28 06:28:57,177] {scheduler_job.py:182} INFO - Started process (PID=36134) to work on /home/airflow/sandbox/lib/python3.8/site-packages/airflow/example_dags/tutorial_taskflow_api_etl_virtualenv.py
[2021-11-28 06:28:57,184] {scheduler_job.py:633} INFO - Processing file /home/airflow/sandbox/lib/python3.8/site-packages/airflow/example_dags/tutorial_taskflow_api_etl_virtualenv.py for tasks to queue
[2021-11-28 06:28:57,186] {logging_mixin.py:104} INFO - [2021-11-28 06:28:57,186] {dagbag.py:487} INFO - Filling up the DagBag from /home/airflow/sandbox/lib/python3.8/site-packages/airflow/example_dags/tutorial_taskflow_api_etl_virtualenv.py
[2021-11-28 06:28:57,295] {scheduler_job.py:643} INFO - DAG(s) dict_keys(['tutorial_taskflow_api_etl_virtualenv']) retrieved from /home/airflow/sandbox/lib/python3.8/site-packages/airflow/example_dags/tutorial_taskflow_api_etl_virtualenv.py
[2021-11-28 06:28:58,074] {logging_mixin.py:104} INFO - [2021-11-28 06:28:58,073] {dag.py:1832} INFO - Sync 1 DAGs
[2021-11-28 06:28:58,097] {logging_mixin.py:104} INFO - [2021-11-28 06:28:58,097] {dag.py:2305} INFO - Setting next_dagrun for tutorial_taskflow_api_etl_virtualenv to None
[2021-11-28 06:28:58,154] {scheduler_job.py:190} INFO - Processing /home/airflow/sandbox/lib/python3.8/site-packages/airflow/example_dags/tutorial_taskflow_api_etl_virtualenv.py took 1.012 seconds
[2021-11-28 06:29:28,856] {scheduler_job.py:182} INFO - Started process (PID=36455) to work on /home/airflow/sandbox/lib/python3.8/site-packages/airflow/example_dags/tutorial_taskflow_api_etl_virtualenv.py
[2021-11-28 06:29:28,862] {scheduler_job.py:633} INFO - Processing file /home/airflow/sandbox/lib/python3.8/site-packages/airflow/example_dags/tutorial_taskflow_api_etl_virtualenv.py for tasks to queue
[2021-11-28 06:29:28,864] {logging_mixin.py:104} INFO - [2021-11-28 06:29:28,864] {dagbag.py:487} INFO - Filling up the DagBag from /home/airflow/sandbox/lib/python3.8/site-packages/airflow/example_dags/tutorial_taskflow_api_etl_virtualenv.py
[2021-11-28 06:29:29,035] {scheduler_job.py:643} INFO - DAG(s) dict_keys(['tutorial_taskflow_api_etl_virtualenv']) retrieved from /home/airflow/sandbox/lib/python3.8/site-packages/airflow/example_dags/tutorial_taskflow_api_etl_virtualenv.py
[2021-11-28 06:29:30,910] {logging_mixin.py:104} INFO - [2021-11-28 06:29:30,909] {dag.py:1832} INFO - Sync 1 DAGs
[2021-11-28 06:29:31,024] {logging_mixin.py:104} INFO - [2021-11-28 06:29:31,024] {dag.py:2305} INFO - Setting next_dagrun for tutorial_taskflow_api_etl_virtualenv to None
[2021-11-28 06:29:31,095] {scheduler_job.py:190} INFO - Processing /home/airflow/sandbox/lib/python3.8/site-packages/airflow/example_dags/tutorial_taskflow_api_etl_virtualenv.py took 2.291 seconds
[2021-11-28 06:30:03,597] {scheduler_job.py:182} INFO - Started process (PID=36746) to work on /home/airflow/sandbox/lib/python3.8/site-packages/airflow/example_dags/tutorial_taskflow_api_etl_virtualenv.py
[2021-11-28 06:30:03,683] {scheduler_job.py:633} INFO - Processing file /home/airflow/sandbox/lib/python3.8/site-packages/airflow/example_dags/tutorial_taskflow_api_etl_virtualenv.py for tasks to queue
[2021-11-28 06:30:03,686] {logging_mixin.py:104} INFO - [2021-11-28 06:30:03,685] {dagbag.py:487} INFO - Filling up the DagBag from /home/airflow/sandbox/lib/python3.8/site-packages/airflow/example_dags/tutorial_taskflow_api_etl_virtualenv.py
[2021-11-28 06:30:04,206] {scheduler_job.py:643} INFO - DAG(s) dict_keys(['tutorial_taskflow_api_etl_virtualenv']) retrieved from /home/airflow/sandbox/lib/python3.8/site-packages/airflow/example_dags/tutorial_taskflow_api_etl_virtualenv.py
[2021-11-28 06:30:09,788] {logging_mixin.py:104} INFO - [2021-11-28 06:30:09,788] {dag.py:1832} INFO - Sync 1 DAGs
[2021-11-28 06:30:10,083] {logging_mixin.py:104} INFO - [2021-11-28 06:30:10,083] {dag.py:2305} INFO - Setting next_dagrun for tutorial_taskflow_api_etl_virtualenv to None
[2021-11-28 06:30:10,199] {scheduler_job.py:190} INFO - Processing /home/airflow/sandbox/lib/python3.8/site-packages/airflow/example_dags/tutorial_taskflow_api_etl_virtualenv.py took 6.639 seconds
[2021-11-28 06:30:41,390] {scheduler_job.py:182} INFO - Started process (PID=36946) to work on /home/airflow/sandbox/lib/python3.8/site-packages/airflow/example_dags/tutorial_taskflow_api_etl_virtualenv.py
[2021-11-28 06:30:41,434] {scheduler_job.py:633} INFO - Processing file /home/airflow/sandbox/lib/python3.8/site-packages/airflow/example_dags/tutorial_taskflow_api_etl_virtualenv.py for tasks to queue
[2021-11-28 06:30:41,462] {logging_mixin.py:104} INFO - [2021-11-28 06:30:41,462] {dagbag.py:487} INFO - Filling up the DagBag from /home/airflow/sandbox/lib/python3.8/site-packages/airflow/example_dags/tutorial_taskflow_api_etl_virtualenv.py
[2021-11-28 06:30:41,706] {scheduler_job.py:643} INFO - DAG(s) dict_keys(['tutorial_taskflow_api_etl_virtualenv']) retrieved from /home/airflow/sandbox/lib/python3.8/site-packages/airflow/example_dags/tutorial_taskflow_api_etl_virtualenv.py
[2021-11-28 06:30:43,858] {logging_mixin.py:104} INFO - [2021-11-28 06:30:43,858] {dag.py:1832} INFO - Sync 1 DAGs
[2021-11-28 06:30:43,894] {logging_mixin.py:104} INFO - [2021-11-28 06:30:43,894] {dag.py:2305} INFO - Setting next_dagrun for tutorial_taskflow_api_etl_virtualenv to None
[2021-11-28 06:30:43,936] {scheduler_job.py:190} INFO - Processing /home/airflow/sandbox/lib/python3.8/site-packages/airflow/example_dags/tutorial_taskflow_api_etl_virtualenv.py took 2.568 seconds
[2021-11-28 06:31:16,256] {scheduler_job.py:182} INFO - Started process (PID=37159) to work on /home/airflow/sandbox/lib/python3.8/site-packages/airflow/example_dags/tutorial_taskflow_api_etl_virtualenv.py
[2021-11-28 06:31:16,297] {scheduler_job.py:633} INFO - Processing file /home/airflow/sandbox/lib/python3.8/site-packages/airflow/example_dags/tutorial_taskflow_api_etl_virtualenv.py for tasks to queue
[2021-11-28 06:31:16,307] {logging_mixin.py:104} INFO - [2021-11-28 06:31:16,307] {dagbag.py:487} INFO - Filling up the DagBag from /home/airflow/sandbox/lib/python3.8/site-packages/airflow/example_dags/tutorial_taskflow_api_etl_virtualenv.py
[2021-11-28 06:31:16,509] {scheduler_job.py:643} INFO - DAG(s) dict_keys(['tutorial_taskflow_api_etl_virtualenv']) retrieved from /home/airflow/sandbox/lib/python3.8/site-packages/airflow/example_dags/tutorial_taskflow_api_etl_virtualenv.py
[2021-11-28 06:31:19,584] {logging_mixin.py:104} INFO - [2021-11-28 06:31:19,584] {dag.py:1832} INFO - Sync 1 DAGs
[2021-11-28 06:31:19,687] {logging_mixin.py:104} INFO - [2021-11-28 06:31:19,686] {dag.py:2305} INFO - Setting next_dagrun for tutorial_taskflow_api_etl_virtualenv to None
[2021-11-28 06:31:19,784] {scheduler_job.py:190} INFO - Processing /home/airflow/sandbox/lib/python3.8/site-packages/airflow/example_dags/tutorial_taskflow_api_etl_virtualenv.py took 3.570 seconds
[2021-11-28 06:31:49,988] {scheduler_job.py:182} INFO - Started process (PID=37366) to work on /home/airflow/sandbox/lib/python3.8/site-packages/airflow/example_dags/tutorial_taskflow_api_etl_virtualenv.py
[2021-11-28 06:31:50,009] {scheduler_job.py:633} INFO - Processing file /home/airflow/sandbox/lib/python3.8/site-packages/airflow/example_dags/tutorial_taskflow_api_etl_virtualenv.py for tasks to queue
[2021-11-28 06:31:50,011] {logging_mixin.py:104} INFO - [2021-11-28 06:31:50,011] {dagbag.py:487} INFO - Filling up the DagBag from /home/airflow/sandbox/lib/python3.8/site-packages/airflow/example_dags/tutorial_taskflow_api_etl_virtualenv.py
[2021-11-28 06:31:50,195] {scheduler_job.py:643} INFO - DAG(s) dict_keys(['tutorial_taskflow_api_etl_virtualenv']) retrieved from /home/airflow/sandbox/lib/python3.8/site-packages/airflow/example_dags/tutorial_taskflow_api_etl_virtualenv.py
[2021-11-28 06:31:52,631] {logging_mixin.py:104} INFO - [2021-11-28 06:31:52,631] {dag.py:1832} INFO - Sync 1 DAGs
[2021-11-28 06:31:52,854] {logging_mixin.py:104} INFO - [2021-11-28 06:31:52,854] {dag.py:2305} INFO - Setting next_dagrun for tutorial_taskflow_api_etl_virtualenv to None
[2021-11-28 06:31:53,062] {scheduler_job.py:190} INFO - Processing /home/airflow/sandbox/lib/python3.8/site-packages/airflow/example_dags/tutorial_taskflow_api_etl_virtualenv.py took 3.118 seconds
[2021-11-28 06:32:25,058] {scheduler_job.py:182} INFO - Started process (PID=37541) to work on /home/airflow/sandbox/lib/python3.8/site-packages/airflow/example_dags/tutorial_taskflow_api_etl_virtualenv.py
[2021-11-28 06:32:25,083] {scheduler_job.py:633} INFO - Processing file /home/airflow/sandbox/lib/python3.8/site-packages/airflow/example_dags/tutorial_taskflow_api_etl_virtualenv.py for tasks to queue
[2021-11-28 06:32:25,088] {logging_mixin.py:104} INFO - [2021-11-28 06:32:25,088] {dagbag.py:487} INFO - Filling up the DagBag from /home/airflow/sandbox/lib/python3.8/site-packages/airflow/example_dags/tutorial_taskflow_api_etl_virtualenv.py
[2021-11-28 06:32:25,235] {scheduler_job.py:643} INFO - DAG(s) dict_keys(['tutorial_taskflow_api_etl_virtualenv']) retrieved from /home/airflow/sandbox/lib/python3.8/site-packages/airflow/example_dags/tutorial_taskflow_api_etl_virtualenv.py
[2021-11-28 06:32:27,344] {logging_mixin.py:104} INFO - [2021-11-28 06:32:27,344] {dag.py:1832} INFO - Sync 1 DAGs
[2021-11-28 06:32:27,398] {logging_mixin.py:104} INFO - [2021-11-28 06:32:27,398] {dag.py:2305} INFO - Setting next_dagrun for tutorial_taskflow_api_etl_virtualenv to None
[2021-11-28 06:32:27,448] {scheduler_job.py:190} INFO - Processing /home/airflow/sandbox/lib/python3.8/site-packages/airflow/example_dags/tutorial_taskflow_api_etl_virtualenv.py took 2.478 seconds
[2021-11-28 06:32:57,801] {scheduler_job.py:182} INFO - Started process (PID=38002) to work on /home/airflow/sandbox/lib/python3.8/site-packages/airflow/example_dags/tutorial_taskflow_api_etl_virtualenv.py
[2021-11-28 06:32:57,808] {scheduler_job.py:633} INFO - Processing file /home/airflow/sandbox/lib/python3.8/site-packages/airflow/example_dags/tutorial_taskflow_api_etl_virtualenv.py for tasks to queue
[2021-11-28 06:32:57,810] {logging_mixin.py:104} INFO - [2021-11-28 06:32:57,809] {dagbag.py:487} INFO - Filling up the DagBag from /home/airflow/sandbox/lib/python3.8/site-packages/airflow/example_dags/tutorial_taskflow_api_etl_virtualenv.py
[2021-11-28 06:32:57,896] {scheduler_job.py:643} INFO - DAG(s) dict_keys(['tutorial_taskflow_api_etl_virtualenv']) retrieved from /home/airflow/sandbox/lib/python3.8/site-packages/airflow/example_dags/tutorial_taskflow_api_etl_virtualenv.py
[2021-11-28 06:32:59,281] {logging_mixin.py:104} INFO - [2021-11-28 06:32:59,281] {dag.py:1832} INFO - Sync 1 DAGs
[2021-11-28 06:32:59,410] {logging_mixin.py:104} INFO - [2021-11-28 06:32:59,409] {dag.py:2305} INFO - Setting next_dagrun for tutorial_taskflow_api_etl_virtualenv to None
[2021-11-28 06:32:59,526] {scheduler_job.py:190} INFO - Processing /home/airflow/sandbox/lib/python3.8/site-packages/airflow/example_dags/tutorial_taskflow_api_etl_virtualenv.py took 1.737 seconds
[2021-11-28 06:33:29,774] {scheduler_job.py:182} INFO - Started process (PID=38205) to work on /home/airflow/sandbox/lib/python3.8/site-packages/airflow/example_dags/tutorial_taskflow_api_etl_virtualenv.py
[2021-11-28 06:33:29,793] {scheduler_job.py:633} INFO - Processing file /home/airflow/sandbox/lib/python3.8/site-packages/airflow/example_dags/tutorial_taskflow_api_etl_virtualenv.py for tasks to queue
[2021-11-28 06:33:29,795] {logging_mixin.py:104} INFO - [2021-11-28 06:33:29,794] {dagbag.py:487} INFO - Filling up the DagBag from /home/airflow/sandbox/lib/python3.8/site-packages/airflow/example_dags/tutorial_taskflow_api_etl_virtualenv.py
[2021-11-28 06:33:29,952] {scheduler_job.py:643} INFO - DAG(s) dict_keys(['tutorial_taskflow_api_etl_virtualenv']) retrieved from /home/airflow/sandbox/lib/python3.8/site-packages/airflow/example_dags/tutorial_taskflow_api_etl_virtualenv.py
[2021-11-28 06:33:30,760] {logging_mixin.py:104} INFO - [2021-11-28 06:33:30,759] {dag.py:1832} INFO - Sync 1 DAGs
[2021-11-28 06:33:30,813] {logging_mixin.py:104} INFO - [2021-11-28 06:33:30,813] {dag.py:2305} INFO - Setting next_dagrun for tutorial_taskflow_api_etl_virtualenv to None
[2021-11-28 06:33:30,868] {scheduler_job.py:190} INFO - Processing /home/airflow/sandbox/lib/python3.8/site-packages/airflow/example_dags/tutorial_taskflow_api_etl_virtualenv.py took 1.113 seconds
[2021-11-28 06:34:01,761] {scheduler_job.py:182} INFO - Started process (PID=38405) to work on /home/airflow/sandbox/lib/python3.8/site-packages/airflow/example_dags/tutorial_taskflow_api_etl_virtualenv.py
[2021-11-28 06:34:01,792] {scheduler_job.py:633} INFO - Processing file /home/airflow/sandbox/lib/python3.8/site-packages/airflow/example_dags/tutorial_taskflow_api_etl_virtualenv.py for tasks to queue
[2021-11-28 06:34:01,803] {logging_mixin.py:104} INFO - [2021-11-28 06:34:01,802] {dagbag.py:487} INFO - Filling up the DagBag from /home/airflow/sandbox/lib/python3.8/site-packages/airflow/example_dags/tutorial_taskflow_api_etl_virtualenv.py
[2021-11-28 06:34:02,038] {scheduler_job.py:643} INFO - DAG(s) dict_keys(['tutorial_taskflow_api_etl_virtualenv']) retrieved from /home/airflow/sandbox/lib/python3.8/site-packages/airflow/example_dags/tutorial_taskflow_api_etl_virtualenv.py
[2021-11-28 06:34:03,771] {logging_mixin.py:104} INFO - [2021-11-28 06:34:03,771] {dag.py:1832} INFO - Sync 1 DAGs
[2021-11-28 06:34:03,930] {logging_mixin.py:104} INFO - [2021-11-28 06:34:03,929] {dag.py:2305} INFO - Setting next_dagrun for tutorial_taskflow_api_etl_virtualenv to None
[2021-11-28 06:34:04,000] {scheduler_job.py:190} INFO - Processing /home/airflow/sandbox/lib/python3.8/site-packages/airflow/example_dags/tutorial_taskflow_api_etl_virtualenv.py took 2.280 seconds
[2021-11-28 06:34:34,680] {scheduler_job.py:182} INFO - Started process (PID=38617) to work on /home/airflow/sandbox/lib/python3.8/site-packages/airflow/example_dags/tutorial_taskflow_api_etl_virtualenv.py
[2021-11-28 06:34:34,697] {scheduler_job.py:633} INFO - Processing file /home/airflow/sandbox/lib/python3.8/site-packages/airflow/example_dags/tutorial_taskflow_api_etl_virtualenv.py for tasks to queue
[2021-11-28 06:34:34,713] {logging_mixin.py:104} INFO - [2021-11-28 06:34:34,712] {dagbag.py:487} INFO - Filling up the DagBag from /home/airflow/sandbox/lib/python3.8/site-packages/airflow/example_dags/tutorial_taskflow_api_etl_virtualenv.py
[2021-11-28 06:34:34,933] {scheduler_job.py:643} INFO - DAG(s) dict_keys(['tutorial_taskflow_api_etl_virtualenv']) retrieved from /home/airflow/sandbox/lib/python3.8/site-packages/airflow/example_dags/tutorial_taskflow_api_etl_virtualenv.py
[2021-11-28 06:34:36,133] {logging_mixin.py:104} INFO - [2021-11-28 06:34:36,133] {dag.py:1832} INFO - Sync 1 DAGs
[2021-11-28 06:34:36,203] {logging_mixin.py:104} INFO - [2021-11-28 06:34:36,203] {dag.py:2305} INFO - Setting next_dagrun for tutorial_taskflow_api_etl_virtualenv to None
[2021-11-28 06:34:36,274] {scheduler_job.py:190} INFO - Processing /home/airflow/sandbox/lib/python3.8/site-packages/airflow/example_dags/tutorial_taskflow_api_etl_virtualenv.py took 1.617 seconds
[2021-11-28 06:35:06,497] {scheduler_job.py:182} INFO - Started process (PID=38819) to work on /home/airflow/sandbox/lib/python3.8/site-packages/airflow/example_dags/tutorial_taskflow_api_etl_virtualenv.py
[2021-11-28 06:35:06,515] {scheduler_job.py:633} INFO - Processing file /home/airflow/sandbox/lib/python3.8/site-packages/airflow/example_dags/tutorial_taskflow_api_etl_virtualenv.py for tasks to queue
[2021-11-28 06:35:06,528] {logging_mixin.py:104} INFO - [2021-11-28 06:35:06,528] {dagbag.py:487} INFO - Filling up the DagBag from /home/airflow/sandbox/lib/python3.8/site-packages/airflow/example_dags/tutorial_taskflow_api_etl_virtualenv.py
[2021-11-28 06:35:06,625] {scheduler_job.py:643} INFO - DAG(s) dict_keys(['tutorial_taskflow_api_etl_virtualenv']) retrieved from /home/airflow/sandbox/lib/python3.8/site-packages/airflow/example_dags/tutorial_taskflow_api_etl_virtualenv.py
[2021-11-28 06:35:09,048] {logging_mixin.py:104} INFO - [2021-11-28 06:35:09,047] {dag.py:1832} INFO - Sync 1 DAGs
[2021-11-28 06:35:09,283] {logging_mixin.py:104} INFO - [2021-11-28 06:35:09,282] {dag.py:2305} INFO - Setting next_dagrun for tutorial_taskflow_api_etl_virtualenv to None
[2021-11-28 06:35:09,446] {scheduler_job.py:190} INFO - Processing /home/airflow/sandbox/lib/python3.8/site-packages/airflow/example_dags/tutorial_taskflow_api_etl_virtualenv.py took 2.956 seconds
[2021-11-28 06:35:55,871] {scheduler_job.py:182} INFO - Started process (PID=39037) to work on /home/airflow/sandbox/lib/python3.8/site-packages/airflow/example_dags/tutorial_taskflow_api_etl_virtualenv.py
[2021-11-28 06:35:55,875] {scheduler_job.py:633} INFO - Processing file /home/airflow/sandbox/lib/python3.8/site-packages/airflow/example_dags/tutorial_taskflow_api_etl_virtualenv.py for tasks to queue
[2021-11-28 06:35:55,881] {logging_mixin.py:104} INFO - [2021-11-28 06:35:55,881] {dagbag.py:487} INFO - Filling up the DagBag from /home/airflow/sandbox/lib/python3.8/site-packages/airflow/example_dags/tutorial_taskflow_api_etl_virtualenv.py
[2021-11-28 06:35:56,277] {scheduler_job.py:643} INFO - DAG(s) dict_keys(['tutorial_taskflow_api_etl_virtualenv']) retrieved from /home/airflow/sandbox/lib/python3.8/site-packages/airflow/example_dags/tutorial_taskflow_api_etl_virtualenv.py
[2021-11-28 06:35:57,963] {logging_mixin.py:104} INFO - [2021-11-28 06:35:57,962] {dag.py:1832} INFO - Sync 1 DAGs
[2021-11-28 06:35:58,035] {logging_mixin.py:104} INFO - [2021-11-28 06:35:58,035] {dag.py:2305} INFO - Setting next_dagrun for tutorial_taskflow_api_etl_virtualenv to None
[2021-11-28 06:35:58,109] {scheduler_job.py:190} INFO - Processing /home/airflow/sandbox/lib/python3.8/site-packages/airflow/example_dags/tutorial_taskflow_api_etl_virtualenv.py took 2.270 seconds
[2021-11-28 06:36:28,332] {scheduler_job.py:182} INFO - Started process (PID=39260) to work on /home/airflow/sandbox/lib/python3.8/site-packages/airflow/example_dags/tutorial_taskflow_api_etl_virtualenv.py
[2021-11-28 06:36:28,341] {scheduler_job.py:633} INFO - Processing file /home/airflow/sandbox/lib/python3.8/site-packages/airflow/example_dags/tutorial_taskflow_api_etl_virtualenv.py for tasks to queue
[2021-11-28 06:36:28,342] {logging_mixin.py:104} INFO - [2021-11-28 06:36:28,342] {dagbag.py:487} INFO - Filling up the DagBag from /home/airflow/sandbox/lib/python3.8/site-packages/airflow/example_dags/tutorial_taskflow_api_etl_virtualenv.py
[2021-11-28 06:36:28,922] {scheduler_job.py:643} INFO - DAG(s) dict_keys(['tutorial_taskflow_api_etl_virtualenv']) retrieved from /home/airflow/sandbox/lib/python3.8/site-packages/airflow/example_dags/tutorial_taskflow_api_etl_virtualenv.py
[2021-11-28 06:36:31,250] {logging_mixin.py:104} INFO - [2021-11-28 06:36:31,250] {dag.py:1832} INFO - Sync 1 DAGs
[2021-11-28 06:36:31,316] {logging_mixin.py:104} INFO - [2021-11-28 06:36:31,316] {dag.py:2305} INFO - Setting next_dagrun for tutorial_taskflow_api_etl_virtualenv to None
[2021-11-28 06:36:31,401] {scheduler_job.py:190} INFO - Processing /home/airflow/sandbox/lib/python3.8/site-packages/airflow/example_dags/tutorial_taskflow_api_etl_virtualenv.py took 3.113 seconds
[2021-11-28 06:37:01,917] {scheduler_job.py:182} INFO - Started process (PID=39474) to work on /home/airflow/sandbox/lib/python3.8/site-packages/airflow/example_dags/tutorial_taskflow_api_etl_virtualenv.py
[2021-11-28 06:37:01,923] {scheduler_job.py:633} INFO - Processing file /home/airflow/sandbox/lib/python3.8/site-packages/airflow/example_dags/tutorial_taskflow_api_etl_virtualenv.py for tasks to queue
[2021-11-28 06:37:01,929] {logging_mixin.py:104} INFO - [2021-11-28 06:37:01,928] {dagbag.py:487} INFO - Filling up the DagBag from /home/airflow/sandbox/lib/python3.8/site-packages/airflow/example_dags/tutorial_taskflow_api_etl_virtualenv.py
[2021-11-28 06:37:02,142] {scheduler_job.py:643} INFO - DAG(s) dict_keys(['tutorial_taskflow_api_etl_virtualenv']) retrieved from /home/airflow/sandbox/lib/python3.8/site-packages/airflow/example_dags/tutorial_taskflow_api_etl_virtualenv.py
[2021-11-28 06:37:03,212] {logging_mixin.py:104} INFO - [2021-11-28 06:37:03,211] {dag.py:1832} INFO - Sync 1 DAGs
[2021-11-28 06:37:03,261] {logging_mixin.py:104} INFO - [2021-11-28 06:37:03,261] {dag.py:2305} INFO - Setting next_dagrun for tutorial_taskflow_api_etl_virtualenv to None
[2021-11-28 06:37:03,380] {scheduler_job.py:190} INFO - Processing /home/airflow/sandbox/lib/python3.8/site-packages/airflow/example_dags/tutorial_taskflow_api_etl_virtualenv.py took 1.487 seconds
[2021-11-28 06:37:33,943] {scheduler_job.py:182} INFO - Started process (PID=39672) to work on /home/airflow/sandbox/lib/python3.8/site-packages/airflow/example_dags/tutorial_taskflow_api_etl_virtualenv.py
[2021-11-28 06:37:33,964] {scheduler_job.py:633} INFO - Processing file /home/airflow/sandbox/lib/python3.8/site-packages/airflow/example_dags/tutorial_taskflow_api_etl_virtualenv.py for tasks to queue
[2021-11-28 06:37:33,976] {logging_mixin.py:104} INFO - [2021-11-28 06:37:33,976] {dagbag.py:487} INFO - Filling up the DagBag from /home/airflow/sandbox/lib/python3.8/site-packages/airflow/example_dags/tutorial_taskflow_api_etl_virtualenv.py
[2021-11-28 06:37:34,390] {scheduler_job.py:643} INFO - DAG(s) dict_keys(['tutorial_taskflow_api_etl_virtualenv']) retrieved from /home/airflow/sandbox/lib/python3.8/site-packages/airflow/example_dags/tutorial_taskflow_api_etl_virtualenv.py
[2021-11-28 06:37:36,296] {logging_mixin.py:104} INFO - [2021-11-28 06:37:36,295] {dag.py:1832} INFO - Sync 1 DAGs
[2021-11-28 06:37:36,347] {logging_mixin.py:104} INFO - [2021-11-28 06:37:36,346] {dag.py:2305} INFO - Setting next_dagrun for tutorial_taskflow_api_etl_virtualenv to None
[2021-11-28 06:37:36,397] {scheduler_job.py:190} INFO - Processing /home/airflow/sandbox/lib/python3.8/site-packages/airflow/example_dags/tutorial_taskflow_api_etl_virtualenv.py took 2.487 seconds
[2021-11-28 06:38:07,190] {scheduler_job.py:182} INFO - Started process (PID=40127) to work on /home/airflow/sandbox/lib/python3.8/site-packages/airflow/example_dags/tutorial_taskflow_api_etl_virtualenv.py
[2021-11-28 06:38:07,215] {scheduler_job.py:633} INFO - Processing file /home/airflow/sandbox/lib/python3.8/site-packages/airflow/example_dags/tutorial_taskflow_api_etl_virtualenv.py for tasks to queue
[2021-11-28 06:38:07,241] {logging_mixin.py:104} INFO - [2021-11-28 06:38:07,241] {dagbag.py:487} INFO - Filling up the DagBag from /home/airflow/sandbox/lib/python3.8/site-packages/airflow/example_dags/tutorial_taskflow_api_etl_virtualenv.py
[2021-11-28 06:38:07,660] {scheduler_job.py:643} INFO - DAG(s) dict_keys(['tutorial_taskflow_api_etl_virtualenv']) retrieved from /home/airflow/sandbox/lib/python3.8/site-packages/airflow/example_dags/tutorial_taskflow_api_etl_virtualenv.py
[2021-11-28 06:38:11,465] {logging_mixin.py:104} INFO - [2021-11-28 06:38:11,464] {dag.py:1832} INFO - Sync 1 DAGs
[2021-11-28 06:38:11,586] {logging_mixin.py:104} INFO - [2021-11-28 06:38:11,586] {dag.py:2305} INFO - Setting next_dagrun for tutorial_taskflow_api_etl_virtualenv to None
[2021-11-28 06:38:11,633] {scheduler_job.py:190} INFO - Processing /home/airflow/sandbox/lib/python3.8/site-packages/airflow/example_dags/tutorial_taskflow_api_etl_virtualenv.py took 4.505 seconds
[2021-11-28 06:38:47,056] {scheduler_job.py:182} INFO - Started process (PID=40363) to work on /home/airflow/sandbox/lib/python3.8/site-packages/airflow/example_dags/tutorial_taskflow_api_etl_virtualenv.py
[2021-11-28 06:38:47,067] {scheduler_job.py:633} INFO - Processing file /home/airflow/sandbox/lib/python3.8/site-packages/airflow/example_dags/tutorial_taskflow_api_etl_virtualenv.py for tasks to queue
[2021-11-28 06:38:47,075] {logging_mixin.py:104} INFO - [2021-11-28 06:38:47,075] {dagbag.py:487} INFO - Filling up the DagBag from /home/airflow/sandbox/lib/python3.8/site-packages/airflow/example_dags/tutorial_taskflow_api_etl_virtualenv.py
[2021-11-28 06:38:47,575] {scheduler_job.py:643} INFO - DAG(s) dict_keys(['tutorial_taskflow_api_etl_virtualenv']) retrieved from /home/airflow/sandbox/lib/python3.8/site-packages/airflow/example_dags/tutorial_taskflow_api_etl_virtualenv.py
[2021-11-28 06:38:50,024] {logging_mixin.py:104} INFO - [2021-11-28 06:38:50,023] {dag.py:1832} INFO - Sync 1 DAGs
[2021-11-28 06:38:50,109] {logging_mixin.py:104} INFO - [2021-11-28 06:38:50,109] {dag.py:2305} INFO - Setting next_dagrun for tutorial_taskflow_api_etl_virtualenv to None
[2021-11-28 06:38:50,186] {scheduler_job.py:190} INFO - Processing /home/airflow/sandbox/lib/python3.8/site-packages/airflow/example_dags/tutorial_taskflow_api_etl_virtualenv.py took 3.150 seconds
[2021-11-28 06:39:34,242] {scheduler_job.py:182} INFO - Started process (PID=40580) to work on /home/airflow/sandbox/lib/python3.8/site-packages/airflow/example_dags/tutorial_taskflow_api_etl_virtualenv.py
[2021-11-28 06:39:34,288] {scheduler_job.py:633} INFO - Processing file /home/airflow/sandbox/lib/python3.8/site-packages/airflow/example_dags/tutorial_taskflow_api_etl_virtualenv.py for tasks to queue
[2021-11-28 06:39:34,339] {logging_mixin.py:104} INFO - [2021-11-28 06:39:34,300] {dagbag.py:487} INFO - Filling up the DagBag from /home/airflow/sandbox/lib/python3.8/site-packages/airflow/example_dags/tutorial_taskflow_api_etl_virtualenv.py
[2021-11-28 06:39:35,619] {scheduler_job.py:643} INFO - DAG(s) dict_keys(['tutorial_taskflow_api_etl_virtualenv']) retrieved from /home/airflow/sandbox/lib/python3.8/site-packages/airflow/example_dags/tutorial_taskflow_api_etl_virtualenv.py
[2021-11-28 06:39:40,683] {logging_mixin.py:104} INFO - [2021-11-28 06:39:40,683] {dag.py:1832} INFO - Sync 1 DAGs
[2021-11-28 06:39:40,841] {logging_mixin.py:104} INFO - [2021-11-28 06:39:40,840] {dag.py:2305} INFO - Setting next_dagrun for tutorial_taskflow_api_etl_virtualenv to None
[2021-11-28 06:39:41,083] {scheduler_job.py:190} INFO - Processing /home/airflow/sandbox/lib/python3.8/site-packages/airflow/example_dags/tutorial_taskflow_api_etl_virtualenv.py took 6.924 seconds
[2021-11-28 06:40:11,641] {scheduler_job.py:182} INFO - Started process (PID=40797) to work on /home/airflow/sandbox/lib/python3.8/site-packages/airflow/example_dags/tutorial_taskflow_api_etl_virtualenv.py
[2021-11-28 06:40:11,652] {scheduler_job.py:633} INFO - Processing file /home/airflow/sandbox/lib/python3.8/site-packages/airflow/example_dags/tutorial_taskflow_api_etl_virtualenv.py for tasks to queue
[2021-11-28 06:40:11,669] {logging_mixin.py:104} INFO - [2021-11-28 06:40:11,668] {dagbag.py:487} INFO - Filling up the DagBag from /home/airflow/sandbox/lib/python3.8/site-packages/airflow/example_dags/tutorial_taskflow_api_etl_virtualenv.py
[2021-11-28 06:40:11,819] {scheduler_job.py:643} INFO - DAG(s) dict_keys(['tutorial_taskflow_api_etl_virtualenv']) retrieved from /home/airflow/sandbox/lib/python3.8/site-packages/airflow/example_dags/tutorial_taskflow_api_etl_virtualenv.py
[2021-11-28 06:40:14,972] {logging_mixin.py:104} INFO - [2021-11-28 06:40:14,972] {dag.py:1832} INFO - Sync 1 DAGs
[2021-11-28 06:40:15,243] {logging_mixin.py:104} INFO - [2021-11-28 06:40:15,243] {dag.py:2305} INFO - Setting next_dagrun for tutorial_taskflow_api_etl_virtualenv to None
[2021-11-28 06:40:15,458] {scheduler_job.py:190} INFO - Processing /home/airflow/sandbox/lib/python3.8/site-packages/airflow/example_dags/tutorial_taskflow_api_etl_virtualenv.py took 3.855 seconds
[2021-11-28 06:40:45,863] {scheduler_job.py:182} INFO - Started process (PID=41006) to work on /home/airflow/sandbox/lib/python3.8/site-packages/airflow/example_dags/tutorial_taskflow_api_etl_virtualenv.py
[2021-11-28 06:40:45,896] {scheduler_job.py:633} INFO - Processing file /home/airflow/sandbox/lib/python3.8/site-packages/airflow/example_dags/tutorial_taskflow_api_etl_virtualenv.py for tasks to queue
[2021-11-28 06:40:45,905] {logging_mixin.py:104} INFO - [2021-11-28 06:40:45,904] {dagbag.py:487} INFO - Filling up the DagBag from /home/airflow/sandbox/lib/python3.8/site-packages/airflow/example_dags/tutorial_taskflow_api_etl_virtualenv.py
[2021-11-28 06:40:45,993] {scheduler_job.py:643} INFO - DAG(s) dict_keys(['tutorial_taskflow_api_etl_virtualenv']) retrieved from /home/airflow/sandbox/lib/python3.8/site-packages/airflow/example_dags/tutorial_taskflow_api_etl_virtualenv.py
[2021-11-28 06:40:46,778] {logging_mixin.py:104} INFO - [2021-11-28 06:40:46,778] {dag.py:1832} INFO - Sync 1 DAGs
[2021-11-28 06:40:46,841] {logging_mixin.py:104} INFO - [2021-11-28 06:40:46,841] {dag.py:2305} INFO - Setting next_dagrun for tutorial_taskflow_api_etl_virtualenv to None
[2021-11-28 06:40:46,883] {scheduler_job.py:190} INFO - Processing /home/airflow/sandbox/lib/python3.8/site-packages/airflow/example_dags/tutorial_taskflow_api_etl_virtualenv.py took 1.063 seconds
[2021-11-28 06:41:17,298] {scheduler_job.py:182} INFO - Started process (PID=41205) to work on /home/airflow/sandbox/lib/python3.8/site-packages/airflow/example_dags/tutorial_taskflow_api_etl_virtualenv.py
[2021-11-28 06:41:17,308] {scheduler_job.py:633} INFO - Processing file /home/airflow/sandbox/lib/python3.8/site-packages/airflow/example_dags/tutorial_taskflow_api_etl_virtualenv.py for tasks to queue
[2021-11-28 06:41:17,309] {logging_mixin.py:104} INFO - [2021-11-28 06:41:17,309] {dagbag.py:487} INFO - Filling up the DagBag from /home/airflow/sandbox/lib/python3.8/site-packages/airflow/example_dags/tutorial_taskflow_api_etl_virtualenv.py
[2021-11-28 06:41:17,466] {scheduler_job.py:643} INFO - DAG(s) dict_keys(['tutorial_taskflow_api_etl_virtualenv']) retrieved from /home/airflow/sandbox/lib/python3.8/site-packages/airflow/example_dags/tutorial_taskflow_api_etl_virtualenv.py
[2021-11-28 06:41:21,686] {logging_mixin.py:104} INFO - [2021-11-28 06:41:21,685] {dag.py:1832} INFO - Sync 1 DAGs
[2021-11-28 06:41:21,977] {logging_mixin.py:104} INFO - [2021-11-28 06:41:21,976] {dag.py:2305} INFO - Setting next_dagrun for tutorial_taskflow_api_etl_virtualenv to None
[2021-11-28 06:41:22,232] {scheduler_job.py:190} INFO - Processing /home/airflow/sandbox/lib/python3.8/site-packages/airflow/example_dags/tutorial_taskflow_api_etl_virtualenv.py took 5.010 seconds
[2021-11-28 06:41:53,102] {scheduler_job.py:182} INFO - Started process (PID=41402) to work on /home/airflow/sandbox/lib/python3.8/site-packages/airflow/example_dags/tutorial_taskflow_api_etl_virtualenv.py
[2021-11-28 06:41:53,108] {scheduler_job.py:633} INFO - Processing file /home/airflow/sandbox/lib/python3.8/site-packages/airflow/example_dags/tutorial_taskflow_api_etl_virtualenv.py for tasks to queue
[2021-11-28 06:41:53,123] {logging_mixin.py:104} INFO - [2021-11-28 06:41:53,123] {dagbag.py:487} INFO - Filling up the DagBag from /home/airflow/sandbox/lib/python3.8/site-packages/airflow/example_dags/tutorial_taskflow_api_etl_virtualenv.py
[2021-11-28 06:41:53,232] {scheduler_job.py:643} INFO - DAG(s) dict_keys(['tutorial_taskflow_api_etl_virtualenv']) retrieved from /home/airflow/sandbox/lib/python3.8/site-packages/airflow/example_dags/tutorial_taskflow_api_etl_virtualenv.py
[2021-11-28 06:41:54,552] {logging_mixin.py:104} INFO - [2021-11-28 06:41:54,552] {dag.py:1832} INFO - Sync 1 DAGs
[2021-11-28 06:41:54,662] {logging_mixin.py:104} INFO - [2021-11-28 06:41:54,662] {dag.py:2305} INFO - Setting next_dagrun for tutorial_taskflow_api_etl_virtualenv to None
[2021-11-28 06:41:54,698] {scheduler_job.py:190} INFO - Processing /home/airflow/sandbox/lib/python3.8/site-packages/airflow/example_dags/tutorial_taskflow_api_etl_virtualenv.py took 1.605 seconds
[2021-11-28 06:42:26,934] {scheduler_job.py:182} INFO - Started process (PID=41615) to work on /home/airflow/sandbox/lib/python3.8/site-packages/airflow/example_dags/tutorial_taskflow_api_etl_virtualenv.py
[2021-11-28 06:42:26,940] {scheduler_job.py:633} INFO - Processing file /home/airflow/sandbox/lib/python3.8/site-packages/airflow/example_dags/tutorial_taskflow_api_etl_virtualenv.py for tasks to queue
[2021-11-28 06:42:26,941] {logging_mixin.py:104} INFO - [2021-11-28 06:42:26,941] {dagbag.py:487} INFO - Filling up the DagBag from /home/airflow/sandbox/lib/python3.8/site-packages/airflow/example_dags/tutorial_taskflow_api_etl_virtualenv.py
[2021-11-28 06:42:27,090] {scheduler_job.py:643} INFO - DAG(s) dict_keys(['tutorial_taskflow_api_etl_virtualenv']) retrieved from /home/airflow/sandbox/lib/python3.8/site-packages/airflow/example_dags/tutorial_taskflow_api_etl_virtualenv.py
[2021-11-28 06:42:27,232] {logging_mixin.py:104} INFO - [2021-11-28 06:42:27,231] {dag.py:1832} INFO - Sync 1 DAGs
[2021-11-28 06:42:27,312] {logging_mixin.py:104} INFO - [2021-11-28 06:42:27,312] {dag.py:2305} INFO - Setting next_dagrun for tutorial_taskflow_api_etl_virtualenv to None
[2021-11-28 06:42:27,357] {scheduler_job.py:190} INFO - Processing /home/airflow/sandbox/lib/python3.8/site-packages/airflow/example_dags/tutorial_taskflow_api_etl_virtualenv.py took 0.453 seconds
[2021-11-28 06:42:59,382] {scheduler_job.py:182} INFO - Started process (PID=42043) to work on /home/airflow/sandbox/lib/python3.8/site-packages/airflow/example_dags/tutorial_taskflow_api_etl_virtualenv.py
[2021-11-28 06:42:59,398] {scheduler_job.py:633} INFO - Processing file /home/airflow/sandbox/lib/python3.8/site-packages/airflow/example_dags/tutorial_taskflow_api_etl_virtualenv.py for tasks to queue
[2021-11-28 06:42:59,402] {logging_mixin.py:104} INFO - [2021-11-28 06:42:59,401] {dagbag.py:487} INFO - Filling up the DagBag from /home/airflow/sandbox/lib/python3.8/site-packages/airflow/example_dags/tutorial_taskflow_api_etl_virtualenv.py
[2021-11-28 06:42:59,518] {scheduler_job.py:643} INFO - DAG(s) dict_keys(['tutorial_taskflow_api_etl_virtualenv']) retrieved from /home/airflow/sandbox/lib/python3.8/site-packages/airflow/example_dags/tutorial_taskflow_api_etl_virtualenv.py
[2021-11-28 06:43:01,130] {logging_mixin.py:104} INFO - [2021-11-28 06:43:01,130] {dag.py:1832} INFO - Sync 1 DAGs
[2021-11-28 06:43:01,213] {logging_mixin.py:104} INFO - [2021-11-28 06:43:01,212] {dag.py:2305} INFO - Setting next_dagrun for tutorial_taskflow_api_etl_virtualenv to None
[2021-11-28 06:43:01,285] {scheduler_job.py:190} INFO - Processing /home/airflow/sandbox/lib/python3.8/site-packages/airflow/example_dags/tutorial_taskflow_api_etl_virtualenv.py took 1.934 seconds
[2021-11-28 06:43:32,799] {scheduler_job.py:182} INFO - Started process (PID=42243) to work on /home/airflow/sandbox/lib/python3.8/site-packages/airflow/example_dags/tutorial_taskflow_api_etl_virtualenv.py
[2021-11-28 06:43:32,804] {scheduler_job.py:633} INFO - Processing file /home/airflow/sandbox/lib/python3.8/site-packages/airflow/example_dags/tutorial_taskflow_api_etl_virtualenv.py for tasks to queue
[2021-11-28 06:43:32,815] {logging_mixin.py:104} INFO - [2021-11-28 06:43:32,814] {dagbag.py:487} INFO - Filling up the DagBag from /home/airflow/sandbox/lib/python3.8/site-packages/airflow/example_dags/tutorial_taskflow_api_etl_virtualenv.py
[2021-11-28 06:43:32,994] {scheduler_job.py:643} INFO - DAG(s) dict_keys(['tutorial_taskflow_api_etl_virtualenv']) retrieved from /home/airflow/sandbox/lib/python3.8/site-packages/airflow/example_dags/tutorial_taskflow_api_etl_virtualenv.py
[2021-11-28 06:43:34,973] {logging_mixin.py:104} INFO - [2021-11-28 06:43:34,973] {dag.py:1832} INFO - Sync 1 DAGs
[2021-11-28 06:43:35,075] {logging_mixin.py:104} INFO - [2021-11-28 06:43:35,075] {dag.py:2305} INFO - Setting next_dagrun for tutorial_taskflow_api_etl_virtualenv to None
[2021-11-28 06:43:35,147] {scheduler_job.py:190} INFO - Processing /home/airflow/sandbox/lib/python3.8/site-packages/airflow/example_dags/tutorial_taskflow_api_etl_virtualenv.py took 2.407 seconds
[2021-11-28 06:44:10,425] {scheduler_job.py:182} INFO - Started process (PID=42430) to work on /home/airflow/sandbox/lib/python3.8/site-packages/airflow/example_dags/tutorial_taskflow_api_etl_virtualenv.py
[2021-11-28 06:44:10,445] {scheduler_job.py:633} INFO - Processing file /home/airflow/sandbox/lib/python3.8/site-packages/airflow/example_dags/tutorial_taskflow_api_etl_virtualenv.py for tasks to queue
[2021-11-28 06:44:10,450] {logging_mixin.py:104} INFO - [2021-11-28 06:44:10,450] {dagbag.py:487} INFO - Filling up the DagBag from /home/airflow/sandbox/lib/python3.8/site-packages/airflow/example_dags/tutorial_taskflow_api_etl_virtualenv.py
[2021-11-28 06:44:10,542] {scheduler_job.py:643} INFO - DAG(s) dict_keys(['tutorial_taskflow_api_etl_virtualenv']) retrieved from /home/airflow/sandbox/lib/python3.8/site-packages/airflow/example_dags/tutorial_taskflow_api_etl_virtualenv.py
[2021-11-28 06:44:12,812] {logging_mixin.py:104} INFO - [2021-11-28 06:44:12,812] {dag.py:1832} INFO - Sync 1 DAGs
[2021-11-28 06:44:12,935] {logging_mixin.py:104} INFO - [2021-11-28 06:44:12,934] {dag.py:2305} INFO - Setting next_dagrun for tutorial_taskflow_api_etl_virtualenv to None
[2021-11-28 06:44:13,057] {scheduler_job.py:190} INFO - Processing /home/airflow/sandbox/lib/python3.8/site-packages/airflow/example_dags/tutorial_taskflow_api_etl_virtualenv.py took 2.639 seconds
[2021-11-28 06:44:43,770] {scheduler_job.py:182} INFO - Started process (PID=42636) to work on /home/airflow/sandbox/lib/python3.8/site-packages/airflow/example_dags/tutorial_taskflow_api_etl_virtualenv.py
[2021-11-28 06:44:43,814] {scheduler_job.py:633} INFO - Processing file /home/airflow/sandbox/lib/python3.8/site-packages/airflow/example_dags/tutorial_taskflow_api_etl_virtualenv.py for tasks to queue
[2021-11-28 06:44:43,875] {logging_mixin.py:104} INFO - [2021-11-28 06:44:43,875] {dagbag.py:487} INFO - Filling up the DagBag from /home/airflow/sandbox/lib/python3.8/site-packages/airflow/example_dags/tutorial_taskflow_api_etl_virtualenv.py
[2021-11-28 06:44:44,215] {scheduler_job.py:643} INFO - DAG(s) dict_keys(['tutorial_taskflow_api_etl_virtualenv']) retrieved from /home/airflow/sandbox/lib/python3.8/site-packages/airflow/example_dags/tutorial_taskflow_api_etl_virtualenv.py
[2021-11-28 06:44:47,194] {logging_mixin.py:104} INFO - [2021-11-28 06:44:47,194] {dag.py:1832} INFO - Sync 1 DAGs
[2021-11-28 06:44:47,281] {logging_mixin.py:104} INFO - [2021-11-28 06:44:47,281] {dag.py:2305} INFO - Setting next_dagrun for tutorial_taskflow_api_etl_virtualenv to None
[2021-11-28 06:44:47,369] {scheduler_job.py:190} INFO - Processing /home/airflow/sandbox/lib/python3.8/site-packages/airflow/example_dags/tutorial_taskflow_api_etl_virtualenv.py took 3.800 seconds
[2021-11-28 06:45:19,107] {scheduler_job.py:182} INFO - Started process (PID=42833) to work on /home/airflow/sandbox/lib/python3.8/site-packages/airflow/example_dags/tutorial_taskflow_api_etl_virtualenv.py
[2021-11-28 06:45:19,144] {scheduler_job.py:633} INFO - Processing file /home/airflow/sandbox/lib/python3.8/site-packages/airflow/example_dags/tutorial_taskflow_api_etl_virtualenv.py for tasks to queue
[2021-11-28 06:45:19,149] {logging_mixin.py:104} INFO - [2021-11-28 06:45:19,149] {dagbag.py:487} INFO - Filling up the DagBag from /home/airflow/sandbox/lib/python3.8/site-packages/airflow/example_dags/tutorial_taskflow_api_etl_virtualenv.py
[2021-11-28 06:45:19,385] {scheduler_job.py:643} INFO - DAG(s) dict_keys(['tutorial_taskflow_api_etl_virtualenv']) retrieved from /home/airflow/sandbox/lib/python3.8/site-packages/airflow/example_dags/tutorial_taskflow_api_etl_virtualenv.py
[2021-11-28 06:45:22,319] {logging_mixin.py:104} INFO - [2021-11-28 06:45:22,319] {dag.py:1832} INFO - Sync 1 DAGs
[2021-11-28 06:45:22,571] {logging_mixin.py:104} INFO - [2021-11-28 06:45:22,568] {dag.py:2305} INFO - Setting next_dagrun for tutorial_taskflow_api_etl_virtualenv to None
[2021-11-28 06:45:22,703] {scheduler_job.py:190} INFO - Processing /home/airflow/sandbox/lib/python3.8/site-packages/airflow/example_dags/tutorial_taskflow_api_etl_virtualenv.py took 3.658 seconds
[2021-11-28 06:45:53,570] {scheduler_job.py:182} INFO - Started process (PID=43052) to work on /home/airflow/sandbox/lib/python3.8/site-packages/airflow/example_dags/tutorial_taskflow_api_etl_virtualenv.py
[2021-11-28 06:45:53,608] {scheduler_job.py:633} INFO - Processing file /home/airflow/sandbox/lib/python3.8/site-packages/airflow/example_dags/tutorial_taskflow_api_etl_virtualenv.py for tasks to queue
[2021-11-28 06:45:53,612] {logging_mixin.py:104} INFO - [2021-11-28 06:45:53,611] {dagbag.py:487} INFO - Filling up the DagBag from /home/airflow/sandbox/lib/python3.8/site-packages/airflow/example_dags/tutorial_taskflow_api_etl_virtualenv.py
[2021-11-28 06:45:53,892] {scheduler_job.py:643} INFO - DAG(s) dict_keys(['tutorial_taskflow_api_etl_virtualenv']) retrieved from /home/airflow/sandbox/lib/python3.8/site-packages/airflow/example_dags/tutorial_taskflow_api_etl_virtualenv.py
[2021-11-28 06:45:58,999] {logging_mixin.py:104} INFO - [2021-11-28 06:45:58,998] {dag.py:1832} INFO - Sync 1 DAGs
[2021-11-28 06:45:59,210] {logging_mixin.py:104} INFO - [2021-11-28 06:45:59,209] {dag.py:2305} INFO - Setting next_dagrun for tutorial_taskflow_api_etl_virtualenv to None
[2021-11-28 06:45:59,461] {scheduler_job.py:190} INFO - Processing /home/airflow/sandbox/lib/python3.8/site-packages/airflow/example_dags/tutorial_taskflow_api_etl_virtualenv.py took 6.020 seconds
[2021-11-28 06:46:29,941] {scheduler_job.py:182} INFO - Started process (PID=43270) to work on /home/airflow/sandbox/lib/python3.8/site-packages/airflow/example_dags/tutorial_taskflow_api_etl_virtualenv.py
[2021-11-28 06:46:29,970] {scheduler_job.py:633} INFO - Processing file /home/airflow/sandbox/lib/python3.8/site-packages/airflow/example_dags/tutorial_taskflow_api_etl_virtualenv.py for tasks to queue
[2021-11-28 06:46:29,972] {logging_mixin.py:104} INFO - [2021-11-28 06:46:29,971] {dagbag.py:487} INFO - Filling up the DagBag from /home/airflow/sandbox/lib/python3.8/site-packages/airflow/example_dags/tutorial_taskflow_api_etl_virtualenv.py
[2021-11-28 06:46:30,250] {scheduler_job.py:643} INFO - DAG(s) dict_keys(['tutorial_taskflow_api_etl_virtualenv']) retrieved from /home/airflow/sandbox/lib/python3.8/site-packages/airflow/example_dags/tutorial_taskflow_api_etl_virtualenv.py
[2021-11-28 06:46:31,220] {logging_mixin.py:104} INFO - [2021-11-28 06:46:31,220] {dag.py:1832} INFO - Sync 1 DAGs
[2021-11-28 06:46:31,250] {logging_mixin.py:104} INFO - [2021-11-28 06:46:31,250] {dag.py:2305} INFO - Setting next_dagrun for tutorial_taskflow_api_etl_virtualenv to None
[2021-11-28 06:46:31,304] {scheduler_job.py:190} INFO - Processing /home/airflow/sandbox/lib/python3.8/site-packages/airflow/example_dags/tutorial_taskflow_api_etl_virtualenv.py took 1.425 seconds
[2021-11-28 06:47:01,410] {scheduler_job.py:182} INFO - Started process (PID=43478) to work on /home/airflow/sandbox/lib/python3.8/site-packages/airflow/example_dags/tutorial_taskflow_api_etl_virtualenv.py
[2021-11-28 06:47:01,415] {scheduler_job.py:633} INFO - Processing file /home/airflow/sandbox/lib/python3.8/site-packages/airflow/example_dags/tutorial_taskflow_api_etl_virtualenv.py for tasks to queue
[2021-11-28 06:47:01,416] {logging_mixin.py:104} INFO - [2021-11-28 06:47:01,416] {dagbag.py:487} INFO - Filling up the DagBag from /home/airflow/sandbox/lib/python3.8/site-packages/airflow/example_dags/tutorial_taskflow_api_etl_virtualenv.py
[2021-11-28 06:47:01,484] {scheduler_job.py:643} INFO - DAG(s) dict_keys(['tutorial_taskflow_api_etl_virtualenv']) retrieved from /home/airflow/sandbox/lib/python3.8/site-packages/airflow/example_dags/tutorial_taskflow_api_etl_virtualenv.py
[2021-11-28 06:47:02,578] {logging_mixin.py:104} INFO - [2021-11-28 06:47:02,577] {dag.py:1832} INFO - Sync 1 DAGs
[2021-11-28 06:47:02,636] {logging_mixin.py:104} INFO - [2021-11-28 06:47:02,636] {dag.py:2305} INFO - Setting next_dagrun for tutorial_taskflow_api_etl_virtualenv to None
[2021-11-28 06:47:02,723] {scheduler_job.py:190} INFO - Processing /home/airflow/sandbox/lib/python3.8/site-packages/airflow/example_dags/tutorial_taskflow_api_etl_virtualenv.py took 1.328 seconds
[2021-11-28 06:47:33,574] {scheduler_job.py:182} INFO - Started process (PID=43680) to work on /home/airflow/sandbox/lib/python3.8/site-packages/airflow/example_dags/tutorial_taskflow_api_etl_virtualenv.py
[2021-11-28 06:47:33,580] {scheduler_job.py:633} INFO - Processing file /home/airflow/sandbox/lib/python3.8/site-packages/airflow/example_dags/tutorial_taskflow_api_etl_virtualenv.py for tasks to queue
[2021-11-28 06:47:33,581] {logging_mixin.py:104} INFO - [2021-11-28 06:47:33,581] {dagbag.py:487} INFO - Filling up the DagBag from /home/airflow/sandbox/lib/python3.8/site-packages/airflow/example_dags/tutorial_taskflow_api_etl_virtualenv.py
[2021-11-28 06:47:33,678] {scheduler_job.py:643} INFO - DAG(s) dict_keys(['tutorial_taskflow_api_etl_virtualenv']) retrieved from /home/airflow/sandbox/lib/python3.8/site-packages/airflow/example_dags/tutorial_taskflow_api_etl_virtualenv.py
[2021-11-28 06:47:34,878] {logging_mixin.py:104} INFO - [2021-11-28 06:47:34,878] {dag.py:1832} INFO - Sync 1 DAGs
[2021-11-28 06:47:34,924] {logging_mixin.py:104} INFO - [2021-11-28 06:47:34,923] {dag.py:2305} INFO - Setting next_dagrun for tutorial_taskflow_api_etl_virtualenv to None
[2021-11-28 06:47:35,036] {scheduler_job.py:190} INFO - Processing /home/airflow/sandbox/lib/python3.8/site-packages/airflow/example_dags/tutorial_taskflow_api_etl_virtualenv.py took 1.487 seconds
[2021-11-28 06:48:07,205] {scheduler_job.py:182} INFO - Started process (PID=44079) to work on /home/airflow/sandbox/lib/python3.8/site-packages/airflow/example_dags/tutorial_taskflow_api_etl_virtualenv.py
[2021-11-28 06:48:07,219] {scheduler_job.py:633} INFO - Processing file /home/airflow/sandbox/lib/python3.8/site-packages/airflow/example_dags/tutorial_taskflow_api_etl_virtualenv.py for tasks to queue
[2021-11-28 06:48:07,252] {logging_mixin.py:104} INFO - [2021-11-28 06:48:07,251] {dagbag.py:487} INFO - Filling up the DagBag from /home/airflow/sandbox/lib/python3.8/site-packages/airflow/example_dags/tutorial_taskflow_api_etl_virtualenv.py
[2021-11-28 06:48:07,365] {scheduler_job.py:643} INFO - DAG(s) dict_keys(['tutorial_taskflow_api_etl_virtualenv']) retrieved from /home/airflow/sandbox/lib/python3.8/site-packages/airflow/example_dags/tutorial_taskflow_api_etl_virtualenv.py
[2021-11-28 06:48:09,496] {logging_mixin.py:104} INFO - [2021-11-28 06:48:09,496] {dag.py:1832} INFO - Sync 1 DAGs
[2021-11-28 06:48:09,902] {logging_mixin.py:104} INFO - [2021-11-28 06:48:09,902] {dag.py:2305} INFO - Setting next_dagrun for tutorial_taskflow_api_etl_virtualenv to None
[2021-11-28 06:48:10,378] {scheduler_job.py:190} INFO - Processing /home/airflow/sandbox/lib/python3.8/site-packages/airflow/example_dags/tutorial_taskflow_api_etl_virtualenv.py took 3.227 seconds
[2021-11-28 06:48:41,292] {scheduler_job.py:182} INFO - Started process (PID=44296) to work on /home/airflow/sandbox/lib/python3.8/site-packages/airflow/example_dags/tutorial_taskflow_api_etl_virtualenv.py
[2021-11-28 06:48:41,300] {scheduler_job.py:633} INFO - Processing file /home/airflow/sandbox/lib/python3.8/site-packages/airflow/example_dags/tutorial_taskflow_api_etl_virtualenv.py for tasks to queue
[2021-11-28 06:48:41,308] {logging_mixin.py:104} INFO - [2021-11-28 06:48:41,307] {dagbag.py:487} INFO - Filling up the DagBag from /home/airflow/sandbox/lib/python3.8/site-packages/airflow/example_dags/tutorial_taskflow_api_etl_virtualenv.py
[2021-11-28 06:48:41,420] {scheduler_job.py:643} INFO - DAG(s) dict_keys(['tutorial_taskflow_api_etl_virtualenv']) retrieved from /home/airflow/sandbox/lib/python3.8/site-packages/airflow/example_dags/tutorial_taskflow_api_etl_virtualenv.py
[2021-11-28 06:48:42,333] {logging_mixin.py:104} INFO - [2021-11-28 06:48:42,333] {dag.py:1832} INFO - Sync 1 DAGs
[2021-11-28 06:48:42,370] {logging_mixin.py:104} INFO - [2021-11-28 06:48:42,370] {dag.py:2305} INFO - Setting next_dagrun for tutorial_taskflow_api_etl_virtualenv to None
[2021-11-28 06:48:42,453] {scheduler_job.py:190} INFO - Processing /home/airflow/sandbox/lib/python3.8/site-packages/airflow/example_dags/tutorial_taskflow_api_etl_virtualenv.py took 1.192 seconds
[2021-11-28 06:49:13,249] {scheduler_job.py:182} INFO - Started process (PID=44497) to work on /home/airflow/sandbox/lib/python3.8/site-packages/airflow/example_dags/tutorial_taskflow_api_etl_virtualenv.py
[2021-11-28 06:49:13,266] {scheduler_job.py:633} INFO - Processing file /home/airflow/sandbox/lib/python3.8/site-packages/airflow/example_dags/tutorial_taskflow_api_etl_virtualenv.py for tasks to queue
[2021-11-28 06:49:13,270] {logging_mixin.py:104} INFO - [2021-11-28 06:49:13,270] {dagbag.py:487} INFO - Filling up the DagBag from /home/airflow/sandbox/lib/python3.8/site-packages/airflow/example_dags/tutorial_taskflow_api_etl_virtualenv.py
[2021-11-28 06:49:13,338] {scheduler_job.py:643} INFO - DAG(s) dict_keys(['tutorial_taskflow_api_etl_virtualenv']) retrieved from /home/airflow/sandbox/lib/python3.8/site-packages/airflow/example_dags/tutorial_taskflow_api_etl_virtualenv.py
[2021-11-28 06:49:14,574] {logging_mixin.py:104} INFO - [2021-11-28 06:49:14,574] {dag.py:1832} INFO - Sync 1 DAGs
[2021-11-28 06:49:14,624] {logging_mixin.py:104} INFO - [2021-11-28 06:49:14,624] {dag.py:2305} INFO - Setting next_dagrun for tutorial_taskflow_api_etl_virtualenv to None
[2021-11-28 06:49:14,684] {scheduler_job.py:190} INFO - Processing /home/airflow/sandbox/lib/python3.8/site-packages/airflow/example_dags/tutorial_taskflow_api_etl_virtualenv.py took 1.455 seconds
[2021-11-28 06:49:44,831] {scheduler_job.py:182} INFO - Started process (PID=44693) to work on /home/airflow/sandbox/lib/python3.8/site-packages/airflow/example_dags/tutorial_taskflow_api_etl_virtualenv.py
[2021-11-28 06:49:44,841] {scheduler_job.py:633} INFO - Processing file /home/airflow/sandbox/lib/python3.8/site-packages/airflow/example_dags/tutorial_taskflow_api_etl_virtualenv.py for tasks to queue
[2021-11-28 06:49:44,849] {logging_mixin.py:104} INFO - [2021-11-28 06:49:44,849] {dagbag.py:487} INFO - Filling up the DagBag from /home/airflow/sandbox/lib/python3.8/site-packages/airflow/example_dags/tutorial_taskflow_api_etl_virtualenv.py
[2021-11-28 06:49:44,879] {scheduler_job.py:643} INFO - DAG(s) dict_keys(['tutorial_taskflow_api_etl_virtualenv']) retrieved from /home/airflow/sandbox/lib/python3.8/site-packages/airflow/example_dags/tutorial_taskflow_api_etl_virtualenv.py
[2021-11-28 06:49:46,336] {logging_mixin.py:104} INFO - [2021-11-28 06:49:46,336] {dag.py:1832} INFO - Sync 1 DAGs
[2021-11-28 06:49:46,399] {logging_mixin.py:104} INFO - [2021-11-28 06:49:46,399] {dag.py:2305} INFO - Setting next_dagrun for tutorial_taskflow_api_etl_virtualenv to None
[2021-11-28 06:49:46,450] {scheduler_job.py:190} INFO - Processing /home/airflow/sandbox/lib/python3.8/site-packages/airflow/example_dags/tutorial_taskflow_api_etl_virtualenv.py took 1.630 seconds
[2021-11-28 06:50:16,840] {scheduler_job.py:182} INFO - Started process (PID=44893) to work on /home/airflow/sandbox/lib/python3.8/site-packages/airflow/example_dags/tutorial_taskflow_api_etl_virtualenv.py
[2021-11-28 06:50:16,851] {scheduler_job.py:633} INFO - Processing file /home/airflow/sandbox/lib/python3.8/site-packages/airflow/example_dags/tutorial_taskflow_api_etl_virtualenv.py for tasks to queue
[2021-11-28 06:50:16,854] {logging_mixin.py:104} INFO - [2021-11-28 06:50:16,853] {dagbag.py:487} INFO - Filling up the DagBag from /home/airflow/sandbox/lib/python3.8/site-packages/airflow/example_dags/tutorial_taskflow_api_etl_virtualenv.py
[2021-11-28 06:50:17,110] {scheduler_job.py:643} INFO - DAG(s) dict_keys(['tutorial_taskflow_api_etl_virtualenv']) retrieved from /home/airflow/sandbox/lib/python3.8/site-packages/airflow/example_dags/tutorial_taskflow_api_etl_virtualenv.py
[2021-11-28 06:50:18,718] {logging_mixin.py:104} INFO - [2021-11-28 06:50:18,718] {dag.py:1832} INFO - Sync 1 DAGs
[2021-11-28 06:50:18,867] {logging_mixin.py:104} INFO - [2021-11-28 06:50:18,867] {dag.py:2305} INFO - Setting next_dagrun for tutorial_taskflow_api_etl_virtualenv to None
[2021-11-28 06:50:18,928] {scheduler_job.py:190} INFO - Processing /home/airflow/sandbox/lib/python3.8/site-packages/airflow/example_dags/tutorial_taskflow_api_etl_virtualenv.py took 2.104 seconds
[2021-11-28 06:50:49,797] {scheduler_job.py:182} INFO - Started process (PID=45093) to work on /home/airflow/sandbox/lib/python3.8/site-packages/airflow/example_dags/tutorial_taskflow_api_etl_virtualenv.py
[2021-11-28 06:50:49,824] {scheduler_job.py:633} INFO - Processing file /home/airflow/sandbox/lib/python3.8/site-packages/airflow/example_dags/tutorial_taskflow_api_etl_virtualenv.py for tasks to queue
[2021-11-28 06:50:49,849] {logging_mixin.py:104} INFO - [2021-11-28 06:50:49,848] {dagbag.py:487} INFO - Filling up the DagBag from /home/airflow/sandbox/lib/python3.8/site-packages/airflow/example_dags/tutorial_taskflow_api_etl_virtualenv.py
[2021-11-28 06:50:50,147] {scheduler_job.py:643} INFO - DAG(s) dict_keys(['tutorial_taskflow_api_etl_virtualenv']) retrieved from /home/airflow/sandbox/lib/python3.8/site-packages/airflow/example_dags/tutorial_taskflow_api_etl_virtualenv.py
[2021-11-28 06:50:52,114] {logging_mixin.py:104} INFO - [2021-11-28 06:50:52,114] {dag.py:1832} INFO - Sync 1 DAGs
[2021-11-28 06:50:52,171] {logging_mixin.py:104} INFO - [2021-11-28 06:50:52,171] {dag.py:2305} INFO - Setting next_dagrun for tutorial_taskflow_api_etl_virtualenv to None
[2021-11-28 06:50:52,239] {scheduler_job.py:190} INFO - Processing /home/airflow/sandbox/lib/python3.8/site-packages/airflow/example_dags/tutorial_taskflow_api_etl_virtualenv.py took 2.506 seconds
[2021-11-28 06:51:22,343] {scheduler_job.py:182} INFO - Started process (PID=45310) to work on /home/airflow/sandbox/lib/python3.8/site-packages/airflow/example_dags/tutorial_taskflow_api_etl_virtualenv.py
[2021-11-28 06:51:22,361] {scheduler_job.py:633} INFO - Processing file /home/airflow/sandbox/lib/python3.8/site-packages/airflow/example_dags/tutorial_taskflow_api_etl_virtualenv.py for tasks to queue
[2021-11-28 06:51:22,363] {logging_mixin.py:104} INFO - [2021-11-28 06:51:22,362] {dagbag.py:487} INFO - Filling up the DagBag from /home/airflow/sandbox/lib/python3.8/site-packages/airflow/example_dags/tutorial_taskflow_api_etl_virtualenv.py
[2021-11-28 06:51:22,442] {scheduler_job.py:643} INFO - DAG(s) dict_keys(['tutorial_taskflow_api_etl_virtualenv']) retrieved from /home/airflow/sandbox/lib/python3.8/site-packages/airflow/example_dags/tutorial_taskflow_api_etl_virtualenv.py
[2021-11-28 06:51:23,318] {logging_mixin.py:104} INFO - [2021-11-28 06:51:23,318] {dag.py:1832} INFO - Sync 1 DAGs
[2021-11-28 06:51:23,389] {logging_mixin.py:104} INFO - [2021-11-28 06:51:23,388] {dag.py:2305} INFO - Setting next_dagrun for tutorial_taskflow_api_etl_virtualenv to None
[2021-11-28 06:51:23,452] {scheduler_job.py:190} INFO - Processing /home/airflow/sandbox/lib/python3.8/site-packages/airflow/example_dags/tutorial_taskflow_api_etl_virtualenv.py took 1.123 seconds
[2021-11-28 06:51:53,872] {scheduler_job.py:182} INFO - Started process (PID=45511) to work on /home/airflow/sandbox/lib/python3.8/site-packages/airflow/example_dags/tutorial_taskflow_api_etl_virtualenv.py
[2021-11-28 06:51:53,883] {scheduler_job.py:633} INFO - Processing file /home/airflow/sandbox/lib/python3.8/site-packages/airflow/example_dags/tutorial_taskflow_api_etl_virtualenv.py for tasks to queue
[2021-11-28 06:51:53,888] {logging_mixin.py:104} INFO - [2021-11-28 06:51:53,888] {dagbag.py:487} INFO - Filling up the DagBag from /home/airflow/sandbox/lib/python3.8/site-packages/airflow/example_dags/tutorial_taskflow_api_etl_virtualenv.py
[2021-11-28 06:51:54,030] {scheduler_job.py:643} INFO - DAG(s) dict_keys(['tutorial_taskflow_api_etl_virtualenv']) retrieved from /home/airflow/sandbox/lib/python3.8/site-packages/airflow/example_dags/tutorial_taskflow_api_etl_virtualenv.py
[2021-11-28 06:51:55,219] {logging_mixin.py:104} INFO - [2021-11-28 06:51:55,219] {dag.py:1832} INFO - Sync 1 DAGs
[2021-11-28 06:51:55,250] {logging_mixin.py:104} INFO - [2021-11-28 06:51:55,250] {dag.py:2305} INFO - Setting next_dagrun for tutorial_taskflow_api_etl_virtualenv to None
[2021-11-28 06:51:55,299] {scheduler_job.py:190} INFO - Processing /home/airflow/sandbox/lib/python3.8/site-packages/airflow/example_dags/tutorial_taskflow_api_etl_virtualenv.py took 1.475 seconds
[2021-11-28 06:52:25,922] {scheduler_job.py:182} INFO - Started process (PID=45710) to work on /home/airflow/sandbox/lib/python3.8/site-packages/airflow/example_dags/tutorial_taskflow_api_etl_virtualenv.py
[2021-11-28 06:52:26,001] {scheduler_job.py:633} INFO - Processing file /home/airflow/sandbox/lib/python3.8/site-packages/airflow/example_dags/tutorial_taskflow_api_etl_virtualenv.py for tasks to queue
[2021-11-28 06:52:26,091] {logging_mixin.py:104} INFO - [2021-11-28 06:52:26,005] {dagbag.py:487} INFO - Filling up the DagBag from /home/airflow/sandbox/lib/python3.8/site-packages/airflow/example_dags/tutorial_taskflow_api_etl_virtualenv.py
[2021-11-28 06:52:26,305] {scheduler_job.py:643} INFO - DAG(s) dict_keys(['tutorial_taskflow_api_etl_virtualenv']) retrieved from /home/airflow/sandbox/lib/python3.8/site-packages/airflow/example_dags/tutorial_taskflow_api_etl_virtualenv.py
[2021-11-28 06:52:30,606] {logging_mixin.py:104} INFO - [2021-11-28 06:52:30,605] {dag.py:1832} INFO - Sync 1 DAGs
[2021-11-28 06:52:30,812] {logging_mixin.py:104} INFO - [2021-11-28 06:52:30,811] {dag.py:2305} INFO - Setting next_dagrun for tutorial_taskflow_api_etl_virtualenv to None
[2021-11-28 06:52:31,015] {scheduler_job.py:190} INFO - Processing /home/airflow/sandbox/lib/python3.8/site-packages/airflow/example_dags/tutorial_taskflow_api_etl_virtualenv.py took 5.171 seconds
[2021-11-28 06:53:01,201] {scheduler_job.py:182} INFO - Started process (PID=46165) to work on /home/airflow/sandbox/lib/python3.8/site-packages/airflow/example_dags/tutorial_taskflow_api_etl_virtualenv.py
[2021-11-28 06:53:01,226] {scheduler_job.py:633} INFO - Processing file /home/airflow/sandbox/lib/python3.8/site-packages/airflow/example_dags/tutorial_taskflow_api_etl_virtualenv.py for tasks to queue
[2021-11-28 06:53:01,237] {logging_mixin.py:104} INFO - [2021-11-28 06:53:01,236] {dagbag.py:487} INFO - Filling up the DagBag from /home/airflow/sandbox/lib/python3.8/site-packages/airflow/example_dags/tutorial_taskflow_api_etl_virtualenv.py
[2021-11-28 06:53:01,370] {scheduler_job.py:643} INFO - DAG(s) dict_keys(['tutorial_taskflow_api_etl_virtualenv']) retrieved from /home/airflow/sandbox/lib/python3.8/site-packages/airflow/example_dags/tutorial_taskflow_api_etl_virtualenv.py
[2021-11-28 06:53:02,057] {logging_mixin.py:104} INFO - [2021-11-28 06:53:02,056] {dag.py:1832} INFO - Sync 1 DAGs
[2021-11-28 06:53:02,089] {logging_mixin.py:104} INFO - [2021-11-28 06:53:02,089] {dag.py:2305} INFO - Setting next_dagrun for tutorial_taskflow_api_etl_virtualenv to None
[2021-11-28 06:53:02,139] {scheduler_job.py:190} INFO - Processing /home/airflow/sandbox/lib/python3.8/site-packages/airflow/example_dags/tutorial_taskflow_api_etl_virtualenv.py took 0.959 seconds
[2021-11-28 06:53:32,715] {scheduler_job.py:182} INFO - Started process (PID=46364) to work on /home/airflow/sandbox/lib/python3.8/site-packages/airflow/example_dags/tutorial_taskflow_api_etl_virtualenv.py
[2021-11-28 06:53:32,745] {scheduler_job.py:633} INFO - Processing file /home/airflow/sandbox/lib/python3.8/site-packages/airflow/example_dags/tutorial_taskflow_api_etl_virtualenv.py for tasks to queue
[2021-11-28 06:53:32,747] {logging_mixin.py:104} INFO - [2021-11-28 06:53:32,747] {dagbag.py:487} INFO - Filling up the DagBag from /home/airflow/sandbox/lib/python3.8/site-packages/airflow/example_dags/tutorial_taskflow_api_etl_virtualenv.py
[2021-11-28 06:53:32,871] {scheduler_job.py:643} INFO - DAG(s) dict_keys(['tutorial_taskflow_api_etl_virtualenv']) retrieved from /home/airflow/sandbox/lib/python3.8/site-packages/airflow/example_dags/tutorial_taskflow_api_etl_virtualenv.py
[2021-11-28 06:53:33,502] {logging_mixin.py:104} INFO - [2021-11-28 06:53:33,502] {dag.py:1832} INFO - Sync 1 DAGs
[2021-11-28 06:53:33,532] {logging_mixin.py:104} INFO - [2021-11-28 06:53:33,532] {dag.py:2305} INFO - Setting next_dagrun for tutorial_taskflow_api_etl_virtualenv to None
[2021-11-28 06:53:33,572] {scheduler_job.py:190} INFO - Processing /home/airflow/sandbox/lib/python3.8/site-packages/airflow/example_dags/tutorial_taskflow_api_etl_virtualenv.py took 0.881 seconds
[2021-11-28 06:54:03,674] {scheduler_job.py:182} INFO - Started process (PID=46563) to work on /home/airflow/sandbox/lib/python3.8/site-packages/airflow/example_dags/tutorial_taskflow_api_etl_virtualenv.py
[2021-11-28 06:54:03,683] {scheduler_job.py:633} INFO - Processing file /home/airflow/sandbox/lib/python3.8/site-packages/airflow/example_dags/tutorial_taskflow_api_etl_virtualenv.py for tasks to queue
[2021-11-28 06:54:03,685] {logging_mixin.py:104} INFO - [2021-11-28 06:54:03,685] {dagbag.py:487} INFO - Filling up the DagBag from /home/airflow/sandbox/lib/python3.8/site-packages/airflow/example_dags/tutorial_taskflow_api_etl_virtualenv.py
[2021-11-28 06:54:03,768] {scheduler_job.py:643} INFO - DAG(s) dict_keys(['tutorial_taskflow_api_etl_virtualenv']) retrieved from /home/airflow/sandbox/lib/python3.8/site-packages/airflow/example_dags/tutorial_taskflow_api_etl_virtualenv.py
[2021-11-28 06:54:05,069] {logging_mixin.py:104} INFO - [2021-11-28 06:54:05,069] {dag.py:1832} INFO - Sync 1 DAGs
[2021-11-28 06:54:05,098] {logging_mixin.py:104} INFO - [2021-11-28 06:54:05,096] {dag.py:2305} INFO - Setting next_dagrun for tutorial_taskflow_api_etl_virtualenv to None
[2021-11-28 06:54:05,139] {scheduler_job.py:190} INFO - Processing /home/airflow/sandbox/lib/python3.8/site-packages/airflow/example_dags/tutorial_taskflow_api_etl_virtualenv.py took 1.486 seconds
[2021-11-28 06:54:35,452] {scheduler_job.py:182} INFO - Started process (PID=46762) to work on /home/airflow/sandbox/lib/python3.8/site-packages/airflow/example_dags/tutorial_taskflow_api_etl_virtualenv.py
[2021-11-28 06:54:35,487] {scheduler_job.py:633} INFO - Processing file /home/airflow/sandbox/lib/python3.8/site-packages/airflow/example_dags/tutorial_taskflow_api_etl_virtualenv.py for tasks to queue
[2021-11-28 06:54:35,505] {logging_mixin.py:104} INFO - [2021-11-28 06:54:35,505] {dagbag.py:487} INFO - Filling up the DagBag from /home/airflow/sandbox/lib/python3.8/site-packages/airflow/example_dags/tutorial_taskflow_api_etl_virtualenv.py
[2021-11-28 06:54:35,668] {scheduler_job.py:643} INFO - DAG(s) dict_keys(['tutorial_taskflow_api_etl_virtualenv']) retrieved from /home/airflow/sandbox/lib/python3.8/site-packages/airflow/example_dags/tutorial_taskflow_api_etl_virtualenv.py
[2021-11-28 06:54:36,403] {logging_mixin.py:104} INFO - [2021-11-28 06:54:36,403] {dag.py:1832} INFO - Sync 1 DAGs
[2021-11-28 06:54:36,434] {logging_mixin.py:104} INFO - [2021-11-28 06:54:36,434] {dag.py:2305} INFO - Setting next_dagrun for tutorial_taskflow_api_etl_virtualenv to None
[2021-11-28 06:54:36,480] {scheduler_job.py:190} INFO - Processing /home/airflow/sandbox/lib/python3.8/site-packages/airflow/example_dags/tutorial_taskflow_api_etl_virtualenv.py took 1.143 seconds
[2021-11-28 06:55:07,122] {scheduler_job.py:182} INFO - Started process (PID=46970) to work on /home/airflow/sandbox/lib/python3.8/site-packages/airflow/example_dags/tutorial_taskflow_api_etl_virtualenv.py
[2021-11-28 06:55:07,149] {scheduler_job.py:633} INFO - Processing file /home/airflow/sandbox/lib/python3.8/site-packages/airflow/example_dags/tutorial_taskflow_api_etl_virtualenv.py for tasks to queue
[2021-11-28 06:55:07,155] {logging_mixin.py:104} INFO - [2021-11-28 06:55:07,155] {dagbag.py:487} INFO - Filling up the DagBag from /home/airflow/sandbox/lib/python3.8/site-packages/airflow/example_dags/tutorial_taskflow_api_etl_virtualenv.py
[2021-11-28 06:55:07,364] {scheduler_job.py:643} INFO - DAG(s) dict_keys(['tutorial_taskflow_api_etl_virtualenv']) retrieved from /home/airflow/sandbox/lib/python3.8/site-packages/airflow/example_dags/tutorial_taskflow_api_etl_virtualenv.py
[2021-11-28 06:55:07,915] {logging_mixin.py:104} INFO - [2021-11-28 06:55:07,914] {dag.py:1832} INFO - Sync 1 DAGs
[2021-11-28 06:55:07,953] {logging_mixin.py:104} INFO - [2021-11-28 06:55:07,953] {dag.py:2305} INFO - Setting next_dagrun for tutorial_taskflow_api_etl_virtualenv to None
[2021-11-28 06:55:08,076] {scheduler_job.py:190} INFO - Processing /home/airflow/sandbox/lib/python3.8/site-packages/airflow/example_dags/tutorial_taskflow_api_etl_virtualenv.py took 0.975 seconds
[2021-11-28 06:55:38,504] {scheduler_job.py:182} INFO - Started process (PID=47170) to work on /home/airflow/sandbox/lib/python3.8/site-packages/airflow/example_dags/tutorial_taskflow_api_etl_virtualenv.py
[2021-11-28 06:55:38,514] {scheduler_job.py:633} INFO - Processing file /home/airflow/sandbox/lib/python3.8/site-packages/airflow/example_dags/tutorial_taskflow_api_etl_virtualenv.py for tasks to queue
[2021-11-28 06:55:38,526] {logging_mixin.py:104} INFO - [2021-11-28 06:55:38,526] {dagbag.py:487} INFO - Filling up the DagBag from /home/airflow/sandbox/lib/python3.8/site-packages/airflow/example_dags/tutorial_taskflow_api_etl_virtualenv.py
[2021-11-28 06:55:38,630] {scheduler_job.py:643} INFO - DAG(s) dict_keys(['tutorial_taskflow_api_etl_virtualenv']) retrieved from /home/airflow/sandbox/lib/python3.8/site-packages/airflow/example_dags/tutorial_taskflow_api_etl_virtualenv.py
[2021-11-28 06:55:39,286] {logging_mixin.py:104} INFO - [2021-11-28 06:55:39,285] {dag.py:1832} INFO - Sync 1 DAGs
[2021-11-28 06:55:39,317] {logging_mixin.py:104} INFO - [2021-11-28 06:55:39,316] {dag.py:2305} INFO - Setting next_dagrun for tutorial_taskflow_api_etl_virtualenv to None
[2021-11-28 06:55:39,363] {scheduler_job.py:190} INFO - Processing /home/airflow/sandbox/lib/python3.8/site-packages/airflow/example_dags/tutorial_taskflow_api_etl_virtualenv.py took 0.875 seconds
[2021-11-28 06:56:09,783] {scheduler_job.py:182} INFO - Started process (PID=47367) to work on /home/airflow/sandbox/lib/python3.8/site-packages/airflow/example_dags/tutorial_taskflow_api_etl_virtualenv.py
[2021-11-28 06:56:09,787] {scheduler_job.py:633} INFO - Processing file /home/airflow/sandbox/lib/python3.8/site-packages/airflow/example_dags/tutorial_taskflow_api_etl_virtualenv.py for tasks to queue
[2021-11-28 06:56:09,790] {logging_mixin.py:104} INFO - [2021-11-28 06:56:09,790] {dagbag.py:487} INFO - Filling up the DagBag from /home/airflow/sandbox/lib/python3.8/site-packages/airflow/example_dags/tutorial_taskflow_api_etl_virtualenv.py
[2021-11-28 06:56:09,851] {scheduler_job.py:643} INFO - DAG(s) dict_keys(['tutorial_taskflow_api_etl_virtualenv']) retrieved from /home/airflow/sandbox/lib/python3.8/site-packages/airflow/example_dags/tutorial_taskflow_api_etl_virtualenv.py
[2021-11-28 06:56:10,656] {logging_mixin.py:104} INFO - [2021-11-28 06:56:10,656] {dag.py:1832} INFO - Sync 1 DAGs
[2021-11-28 06:56:10,683] {logging_mixin.py:104} INFO - [2021-11-28 06:56:10,683] {dag.py:2305} INFO - Setting next_dagrun for tutorial_taskflow_api_etl_virtualenv to None
[2021-11-28 06:56:10,725] {scheduler_job.py:190} INFO - Processing /home/airflow/sandbox/lib/python3.8/site-packages/airflow/example_dags/tutorial_taskflow_api_etl_virtualenv.py took 0.969 seconds
[2021-11-28 06:56:40,879] {scheduler_job.py:182} INFO - Started process (PID=47567) to work on /home/airflow/sandbox/lib/python3.8/site-packages/airflow/example_dags/tutorial_taskflow_api_etl_virtualenv.py
[2021-11-28 06:56:40,894] {scheduler_job.py:633} INFO - Processing file /home/airflow/sandbox/lib/python3.8/site-packages/airflow/example_dags/tutorial_taskflow_api_etl_virtualenv.py for tasks to queue
[2021-11-28 06:56:40,897] {logging_mixin.py:104} INFO - [2021-11-28 06:56:40,896] {dagbag.py:487} INFO - Filling up the DagBag from /home/airflow/sandbox/lib/python3.8/site-packages/airflow/example_dags/tutorial_taskflow_api_etl_virtualenv.py
[2021-11-28 06:56:40,996] {scheduler_job.py:643} INFO - DAG(s) dict_keys(['tutorial_taskflow_api_etl_virtualenv']) retrieved from /home/airflow/sandbox/lib/python3.8/site-packages/airflow/example_dags/tutorial_taskflow_api_etl_virtualenv.py
[2021-11-28 06:56:41,109] {logging_mixin.py:104} INFO - [2021-11-28 06:56:41,109] {dag.py:1832} INFO - Sync 1 DAGs
[2021-11-28 06:56:41,182] {logging_mixin.py:104} INFO - [2021-11-28 06:56:41,182] {dag.py:2305} INFO - Setting next_dagrun for tutorial_taskflow_api_etl_virtualenv to None
[2021-11-28 06:56:41,227] {scheduler_job.py:190} INFO - Processing /home/airflow/sandbox/lib/python3.8/site-packages/airflow/example_dags/tutorial_taskflow_api_etl_virtualenv.py took 0.357 seconds
[2021-11-28 06:57:11,852] {scheduler_job.py:182} INFO - Started process (PID=47748) to work on /home/airflow/sandbox/lib/python3.8/site-packages/airflow/example_dags/tutorial_taskflow_api_etl_virtualenv.py
[2021-11-28 06:57:11,888] {scheduler_job.py:633} INFO - Processing file /home/airflow/sandbox/lib/python3.8/site-packages/airflow/example_dags/tutorial_taskflow_api_etl_virtualenv.py for tasks to queue
[2021-11-28 06:57:11,891] {logging_mixin.py:104} INFO - [2021-11-28 06:57:11,890] {dagbag.py:487} INFO - Filling up the DagBag from /home/airflow/sandbox/lib/python3.8/site-packages/airflow/example_dags/tutorial_taskflow_api_etl_virtualenv.py
[2021-11-28 06:57:12,184] {scheduler_job.py:643} INFO - DAG(s) dict_keys(['tutorial_taskflow_api_etl_virtualenv']) retrieved from /home/airflow/sandbox/lib/python3.8/site-packages/airflow/example_dags/tutorial_taskflow_api_etl_virtualenv.py
[2021-11-28 06:57:13,782] {logging_mixin.py:104} INFO - [2021-11-28 06:57:13,782] {dag.py:1832} INFO - Sync 1 DAGs
[2021-11-28 06:57:13,839] {logging_mixin.py:104} INFO - [2021-11-28 06:57:13,839] {dag.py:2305} INFO - Setting next_dagrun for tutorial_taskflow_api_etl_virtualenv to None
[2021-11-28 06:57:13,920] {scheduler_job.py:190} INFO - Processing /home/airflow/sandbox/lib/python3.8/site-packages/airflow/example_dags/tutorial_taskflow_api_etl_virtualenv.py took 2.131 seconds
[2021-11-28 06:57:44,698] {scheduler_job.py:182} INFO - Started process (PID=47994) to work on /home/airflow/sandbox/lib/python3.8/site-packages/airflow/example_dags/tutorial_taskflow_api_etl_virtualenv.py
[2021-11-28 06:57:44,731] {scheduler_job.py:633} INFO - Processing file /home/airflow/sandbox/lib/python3.8/site-packages/airflow/example_dags/tutorial_taskflow_api_etl_virtualenv.py for tasks to queue
[2021-11-28 06:57:44,745] {logging_mixin.py:104} INFO - [2021-11-28 06:57:44,744] {dagbag.py:487} INFO - Filling up the DagBag from /home/airflow/sandbox/lib/python3.8/site-packages/airflow/example_dags/tutorial_taskflow_api_etl_virtualenv.py
[2021-11-28 06:57:45,158] {scheduler_job.py:643} INFO - DAG(s) dict_keys(['tutorial_taskflow_api_etl_virtualenv']) retrieved from /home/airflow/sandbox/lib/python3.8/site-packages/airflow/example_dags/tutorial_taskflow_api_etl_virtualenv.py
[2021-11-28 06:57:48,192] {logging_mixin.py:104} INFO - [2021-11-28 06:57:48,191] {dag.py:1832} INFO - Sync 1 DAGs
[2021-11-28 06:57:48,289] {logging_mixin.py:104} INFO - [2021-11-28 06:57:48,289] {dag.py:2305} INFO - Setting next_dagrun for tutorial_taskflow_api_etl_virtualenv to None
[2021-11-28 06:57:48,359] {scheduler_job.py:190} INFO - Processing /home/airflow/sandbox/lib/python3.8/site-packages/airflow/example_dags/tutorial_taskflow_api_etl_virtualenv.py took 3.773 seconds
[2021-11-28 06:58:18,744] {scheduler_job.py:182} INFO - Started process (PID=48394) to work on /home/airflow/sandbox/lib/python3.8/site-packages/airflow/example_dags/tutorial_taskflow_api_etl_virtualenv.py
[2021-11-28 06:58:18,753] {scheduler_job.py:633} INFO - Processing file /home/airflow/sandbox/lib/python3.8/site-packages/airflow/example_dags/tutorial_taskflow_api_etl_virtualenv.py for tasks to queue
[2021-11-28 06:58:18,755] {logging_mixin.py:104} INFO - [2021-11-28 06:58:18,755] {dagbag.py:487} INFO - Filling up the DagBag from /home/airflow/sandbox/lib/python3.8/site-packages/airflow/example_dags/tutorial_taskflow_api_etl_virtualenv.py
[2021-11-28 06:58:18,811] {scheduler_job.py:643} INFO - DAG(s) dict_keys(['tutorial_taskflow_api_etl_virtualenv']) retrieved from /home/airflow/sandbox/lib/python3.8/site-packages/airflow/example_dags/tutorial_taskflow_api_etl_virtualenv.py
[2021-11-28 06:58:19,582] {logging_mixin.py:104} INFO - [2021-11-28 06:58:19,582] {dag.py:1832} INFO - Sync 1 DAGs
[2021-11-28 06:58:19,615] {logging_mixin.py:104} INFO - [2021-11-28 06:58:19,614] {dag.py:2305} INFO - Setting next_dagrun for tutorial_taskflow_api_etl_virtualenv to None
[2021-11-28 06:58:19,656] {scheduler_job.py:190} INFO - Processing /home/airflow/sandbox/lib/python3.8/site-packages/airflow/example_dags/tutorial_taskflow_api_etl_virtualenv.py took 0.931 seconds
[2021-11-28 06:58:50,426] {scheduler_job.py:182} INFO - Started process (PID=48596) to work on /home/airflow/sandbox/lib/python3.8/site-packages/airflow/example_dags/tutorial_taskflow_api_etl_virtualenv.py
[2021-11-28 06:58:50,460] {scheduler_job.py:633} INFO - Processing file /home/airflow/sandbox/lib/python3.8/site-packages/airflow/example_dags/tutorial_taskflow_api_etl_virtualenv.py for tasks to queue
[2021-11-28 06:58:50,467] {logging_mixin.py:104} INFO - [2021-11-28 06:58:50,466] {dagbag.py:487} INFO - Filling up the DagBag from /home/airflow/sandbox/lib/python3.8/site-packages/airflow/example_dags/tutorial_taskflow_api_etl_virtualenv.py
[2021-11-28 06:58:50,598] {scheduler_job.py:643} INFO - DAG(s) dict_keys(['tutorial_taskflow_api_etl_virtualenv']) retrieved from /home/airflow/sandbox/lib/python3.8/site-packages/airflow/example_dags/tutorial_taskflow_api_etl_virtualenv.py
[2021-11-28 06:58:51,969] {logging_mixin.py:104} INFO - [2021-11-28 06:58:51,969] {dag.py:1832} INFO - Sync 1 DAGs
[2021-11-28 06:58:52,053] {logging_mixin.py:104} INFO - [2021-11-28 06:58:52,053] {dag.py:2305} INFO - Setting next_dagrun for tutorial_taskflow_api_etl_virtualenv to None
[2021-11-28 06:58:52,137] {scheduler_job.py:190} INFO - Processing /home/airflow/sandbox/lib/python3.8/site-packages/airflow/example_dags/tutorial_taskflow_api_etl_virtualenv.py took 1.743 seconds
[2021-11-28 06:59:22,756] {scheduler_job.py:182} INFO - Started process (PID=48799) to work on /home/airflow/sandbox/lib/python3.8/site-packages/airflow/example_dags/tutorial_taskflow_api_etl_virtualenv.py
[2021-11-28 06:59:22,767] {scheduler_job.py:633} INFO - Processing file /home/airflow/sandbox/lib/python3.8/site-packages/airflow/example_dags/tutorial_taskflow_api_etl_virtualenv.py for tasks to queue
[2021-11-28 06:59:22,787] {logging_mixin.py:104} INFO - [2021-11-28 06:59:22,786] {dagbag.py:487} INFO - Filling up the DagBag from /home/airflow/sandbox/lib/python3.8/site-packages/airflow/example_dags/tutorial_taskflow_api_etl_virtualenv.py
[2021-11-28 06:59:23,182] {scheduler_job.py:643} INFO - DAG(s) dict_keys(['tutorial_taskflow_api_etl_virtualenv']) retrieved from /home/airflow/sandbox/lib/python3.8/site-packages/airflow/example_dags/tutorial_taskflow_api_etl_virtualenv.py
[2021-11-28 06:59:25,018] {logging_mixin.py:104} INFO - [2021-11-28 06:59:25,018] {dag.py:1832} INFO - Sync 1 DAGs
[2021-11-28 06:59:25,123] {logging_mixin.py:104} INFO - [2021-11-28 06:59:25,123] {dag.py:2305} INFO - Setting next_dagrun for tutorial_taskflow_api_etl_virtualenv to None
[2021-11-28 06:59:25,177] {scheduler_job.py:190} INFO - Processing /home/airflow/sandbox/lib/python3.8/site-packages/airflow/example_dags/tutorial_taskflow_api_etl_virtualenv.py took 2.486 seconds
[2021-11-28 06:59:55,363] {scheduler_job.py:182} INFO - Started process (PID=48998) to work on /home/airflow/sandbox/lib/python3.8/site-packages/airflow/example_dags/tutorial_taskflow_api_etl_virtualenv.py
[2021-11-28 06:59:55,390] {scheduler_job.py:633} INFO - Processing file /home/airflow/sandbox/lib/python3.8/site-packages/airflow/example_dags/tutorial_taskflow_api_etl_virtualenv.py for tasks to queue
[2021-11-28 06:59:55,391] {logging_mixin.py:104} INFO - [2021-11-28 06:59:55,391] {dagbag.py:487} INFO - Filling up the DagBag from /home/airflow/sandbox/lib/python3.8/site-packages/airflow/example_dags/tutorial_taskflow_api_etl_virtualenv.py
[2021-11-28 06:59:55,461] {scheduler_job.py:643} INFO - DAG(s) dict_keys(['tutorial_taskflow_api_etl_virtualenv']) retrieved from /home/airflow/sandbox/lib/python3.8/site-packages/airflow/example_dags/tutorial_taskflow_api_etl_virtualenv.py
[2021-11-28 06:59:56,647] {logging_mixin.py:104} INFO - [2021-11-28 06:59:56,647] {dag.py:1832} INFO - Sync 1 DAGs
[2021-11-28 06:59:56,694] {logging_mixin.py:104} INFO - [2021-11-28 06:59:56,694] {dag.py:2305} INFO - Setting next_dagrun for tutorial_taskflow_api_etl_virtualenv to None
[2021-11-28 06:59:56,770] {scheduler_job.py:190} INFO - Processing /home/airflow/sandbox/lib/python3.8/site-packages/airflow/example_dags/tutorial_taskflow_api_etl_virtualenv.py took 1.462 seconds
[2021-11-28 07:00:30,207] {scheduler_job.py:182} INFO - Started process (PID=49204) to work on /home/airflow/sandbox/lib/python3.8/site-packages/airflow/example_dags/tutorial_taskflow_api_etl_virtualenv.py
[2021-11-28 07:00:30,219] {scheduler_job.py:633} INFO - Processing file /home/airflow/sandbox/lib/python3.8/site-packages/airflow/example_dags/tutorial_taskflow_api_etl_virtualenv.py for tasks to queue
[2021-11-28 07:00:30,221] {logging_mixin.py:104} INFO - [2021-11-28 07:00:30,221] {dagbag.py:487} INFO - Filling up the DagBag from /home/airflow/sandbox/lib/python3.8/site-packages/airflow/example_dags/tutorial_taskflow_api_etl_virtualenv.py
[2021-11-28 07:00:30,412] {scheduler_job.py:643} INFO - DAG(s) dict_keys(['tutorial_taskflow_api_etl_virtualenv']) retrieved from /home/airflow/sandbox/lib/python3.8/site-packages/airflow/example_dags/tutorial_taskflow_api_etl_virtualenv.py
[2021-11-28 07:00:34,270] {logging_mixin.py:104} INFO - [2021-11-28 07:00:34,270] {dag.py:1832} INFO - Sync 1 DAGs
[2021-11-28 07:00:34,457] {logging_mixin.py:104} INFO - [2021-11-28 07:00:34,456] {dag.py:2305} INFO - Setting next_dagrun for tutorial_taskflow_api_etl_virtualenv to None
[2021-11-28 07:00:34,692] {scheduler_job.py:190} INFO - Processing /home/airflow/sandbox/lib/python3.8/site-packages/airflow/example_dags/tutorial_taskflow_api_etl_virtualenv.py took 4.504 seconds
[2021-11-28 07:01:05,202] {scheduler_job.py:182} INFO - Started process (PID=49437) to work on /home/airflow/sandbox/lib/python3.8/site-packages/airflow/example_dags/tutorial_taskflow_api_etl_virtualenv.py
[2021-11-28 07:01:05,236] {scheduler_job.py:633} INFO - Processing file /home/airflow/sandbox/lib/python3.8/site-packages/airflow/example_dags/tutorial_taskflow_api_etl_virtualenv.py for tasks to queue
[2021-11-28 07:01:05,237] {logging_mixin.py:104} INFO - [2021-11-28 07:01:05,237] {dagbag.py:487} INFO - Filling up the DagBag from /home/airflow/sandbox/lib/python3.8/site-packages/airflow/example_dags/tutorial_taskflow_api_etl_virtualenv.py
[2021-11-28 07:01:05,526] {scheduler_job.py:643} INFO - DAG(s) dict_keys(['tutorial_taskflow_api_etl_virtualenv']) retrieved from /home/airflow/sandbox/lib/python3.8/site-packages/airflow/example_dags/tutorial_taskflow_api_etl_virtualenv.py
