[2021-12-06 13:47:40,043] {taskinstance.py:876} INFO - Dependencies all met for <TaskInstance: trigger_rule.task_2 2021-12-06T13:47:24.507117+00:00 [queued]>
[2021-12-06 13:47:40,410] {taskinstance.py:876} INFO - Dependencies all met for <TaskInstance: trigger_rule.task_2 2021-12-06T13:47:24.507117+00:00 [queued]>
[2021-12-06 13:47:40,411] {taskinstance.py:1067} INFO - 
--------------------------------------------------------------------------------
[2021-12-06 13:47:40,412] {taskinstance.py:1068} INFO - Starting attempt 1 of 1
[2021-12-06 13:47:40,441] {taskinstance.py:1069} INFO - 
--------------------------------------------------------------------------------
[2021-12-06 13:47:40,762] {taskinstance.py:1087} INFO - Executing <Task(BashOperator): task_2> on 2021-12-06T13:47:24.507117+00:00
[2021-12-06 13:47:40,987] {standard_task_runner.py:52} INFO - Started process 55351 to run task
[2021-12-06 13:47:41,488] {standard_task_runner.py:76} INFO - Running: ['airflow', 'tasks', 'run', 'trigger_rule', 'task_2', '2021-12-06T13:47:24.507117+00:00', '--job-id', '751', '--pool', 'default_pool', '--raw', '--subdir', 'DAGS_FOLDER/trigger_rule.py', '--cfg-path', '/tmp/tmp7acziqe8', '--error-file', '/tmp/tmp0mwedqxq']
[2021-12-06 13:47:41,667] {standard_task_runner.py:77} INFO - Job 751: Subtask task_2
[2021-12-06 13:47:43,810] {logging_mixin.py:104} INFO - Running <TaskInstance: trigger_rule.task_2 2021-12-06T13:47:24.507117+00:00 [running]> on host airflowvm
[2021-12-06 13:47:46,919] {taskinstance.py:1280} INFO - Exporting the following env vars:
AIRFLOW_CTX_DAG_OWNER=airflow
AIRFLOW_CTX_DAG_ID=trigger_rule
AIRFLOW_CTX_TASK_ID=task_2
AIRFLOW_CTX_EXECUTION_DATE=2021-12-06T13:47:24.507117+00:00
AIRFLOW_CTX_DAG_RUN_ID=manual__2021-12-06T13:47:24.507117+00:00
[2021-12-06 13:47:46,923] {subprocess.py:52} INFO - Tmp dir root location: 
 /tmp
[2021-12-06 13:47:46,990] {subprocess.py:63} INFO - Running command: ['bash', '-c', 'exit 0']
[2021-12-06 13:47:47,332] {subprocess.py:75} INFO - Output:
[2021-12-06 13:47:47,834] {subprocess.py:83} INFO - Command exited with return code 0
[2021-12-06 13:47:49,083] {taskinstance.py:1184} INFO - Marking task as SUCCESS. dag_id=trigger_rule, task_id=task_2, execution_date=20211206T134724, start_date=20211206T134740, end_date=20211206T134749
[2021-12-06 13:47:50,543] {taskinstance.py:1245} INFO - 1 downstream tasks scheduled from follow-on schedule check
[2021-12-06 13:47:50,591] {local_task_job.py:151} INFO - Task exited with return code 0
