[2021-11-27 12:13:36,141] {taskinstance.py:876} INFO - Dependencies all met for <TaskInstance: example_bash_operator.runme_0 2021-11-25T00:00:00+00:00 [queued]>
[2021-11-27 12:13:36,147] {taskinstance.py:876} INFO - Dependencies all met for <TaskInstance: example_bash_operator.runme_0 2021-11-25T00:00:00+00:00 [queued]>
[2021-11-27 12:13:36,147] {taskinstance.py:1067} INFO - 
--------------------------------------------------------------------------------
[2021-11-27 12:13:36,148] {taskinstance.py:1068} INFO - Starting attempt 1 of 1
[2021-11-27 12:13:36,148] {taskinstance.py:1069} INFO - 
--------------------------------------------------------------------------------
[2021-11-27 12:13:36,175] {taskinstance.py:1087} INFO - Executing <Task(BashOperator): runme_0> on 2021-11-25T00:00:00+00:00
[2021-11-27 12:13:36,176] {standard_task_runner.py:52} INFO - Started process 4011 to run task
[2021-11-27 12:13:36,186] {standard_task_runner.py:76} INFO - Running: ['airflow', 'tasks', 'run', 'example_bash_operator', 'runme_0', '2021-11-25T00:00:00+00:00', '--job-id', '85', '--pool', 'default_pool', '--raw', '--subdir', '/home/airflow/sandbox/lib/python3.8/site-packages/airflow/example_dags/example_bash_operator.py', '--cfg-path', '/tmp/tmp58hylp_3', '--error-file', '/tmp/tmp125eatvn']
[2021-11-27 12:13:36,187] {standard_task_runner.py:77} INFO - Job 85: Subtask runme_0
[2021-11-27 12:13:36,262] {logging_mixin.py:104} INFO - Running <TaskInstance: example_bash_operator.runme_0 2021-11-25T00:00:00+00:00 [running]> on host airflowvm
[2021-11-27 12:13:36,519] {taskinstance.py:1280} INFO - Exporting the following env vars:
AIRFLOW_CTX_DAG_OWNER=airflow
AIRFLOW_CTX_DAG_ID=example_bash_operator
AIRFLOW_CTX_TASK_ID=runme_0
AIRFLOW_CTX_EXECUTION_DATE=2021-11-25T00:00:00+00:00
AIRFLOW_CTX_DAG_RUN_ID=scheduled__2021-11-25T00:00:00+00:00
[2021-11-27 12:13:36,521] {subprocess.py:52} INFO - Tmp dir root location: 
 /tmp
[2021-11-27 12:13:36,522] {subprocess.py:63} INFO - Running command: ['bash', '-c', 'echo "example_bash_operator__runme_0__20211125" && sleep 1']
[2021-11-27 12:13:36,545] {subprocess.py:75} INFO - Output:
[2021-11-27 12:13:36,548] {subprocess.py:79} INFO - example_bash_operator__runme_0__20211125
[2021-11-27 12:13:37,552] {subprocess.py:83} INFO - Command exited with return code 0
[2021-11-27 12:13:37,580] {taskinstance.py:1184} INFO - Marking task as SUCCESS. dag_id=example_bash_operator, task_id=runme_0, execution_date=20211125T000000, start_date=20211127T121336, end_date=20211127T121337
[2021-11-27 12:13:37,613] {taskinstance.py:1245} INFO - 0 downstream tasks scheduled from follow-on schedule check
[2021-11-27 12:13:37,648] {local_task_job.py:151} INFO - Task exited with return code 0
