[2021-11-29 12:39:14,123] {taskinstance.py:876} INFO - Dependencies all met for <TaskInstance: parallel_dag.task_2 2020-04-06T00:00:00+00:00 [queued]>
[2021-11-29 12:39:14,501] {taskinstance.py:876} INFO - Dependencies all met for <TaskInstance: parallel_dag.task_2 2020-04-06T00:00:00+00:00 [queued]>
[2021-11-29 12:39:14,501] {taskinstance.py:1067} INFO - 
--------------------------------------------------------------------------------
[2021-11-29 12:39:14,502] {taskinstance.py:1068} INFO - Starting attempt 1 of 1
[2021-11-29 12:39:14,502] {taskinstance.py:1069} INFO - 
--------------------------------------------------------------------------------
[2021-11-29 12:39:14,721] {taskinstance.py:1087} INFO - Executing <Task(BashOperator): task_2> on 2020-04-06T00:00:00+00:00
[2021-11-29 12:39:14,811] {standard_task_runner.py:52} INFO - Started process 169215 to run task
[2021-11-29 12:39:14,855] {standard_task_runner.py:76} INFO - Running: ['airflow', 'tasks', 'run', 'parallel_dag', 'task_2', '2020-04-06T00:00:00+00:00', '--job-id', '571', '--pool', 'default_pool', '--raw', '--subdir', 'DAGS_FOLDER/parallel_dag.py', '--cfg-path', '/tmp/tmpvgy29fvh', '--error-file', '/tmp/tmpgtmiilp6']
[2021-11-29 12:39:14,943] {standard_task_runner.py:77} INFO - Job 571: Subtask task_2
[2021-11-29 12:39:16,056] {logging_mixin.py:104} INFO - Running <TaskInstance: parallel_dag.task_2 2020-04-06T00:00:00+00:00 [running]> on host airflowvm
[2021-11-29 12:39:17,178] {taskinstance.py:1280} INFO - Exporting the following env vars:
AIRFLOW_CTX_DAG_OWNER=airflow
AIRFLOW_CTX_DAG_ID=parallel_dag
AIRFLOW_CTX_TASK_ID=task_2
AIRFLOW_CTX_EXECUTION_DATE=2020-04-06T00:00:00+00:00
AIRFLOW_CTX_DAG_RUN_ID=scheduled__2020-04-06T00:00:00+00:00
[2021-11-29 12:39:17,181] {subprocess.py:52} INFO - Tmp dir root location: 
 /tmp
[2021-11-29 12:39:17,190] {subprocess.py:63} INFO - Running command: ['bash', '-c', 'sleep 3']
[2021-11-29 12:39:17,379] {subprocess.py:75} INFO - Output:
[2021-11-29 12:39:20,534] {subprocess.py:83} INFO - Command exited with return code 0
[2021-11-29 12:39:21,210] {taskinstance.py:1184} INFO - Marking task as SUCCESS. dag_id=parallel_dag, task_id=task_2, execution_date=20200406T000000, start_date=20211129T123914, end_date=20211129T123921
[2021-11-29 12:39:22,965] {taskinstance.py:1245} INFO - 0 downstream tasks scheduled from follow-on schedule check
[2021-11-29 12:39:23,003] {local_task_job.py:151} INFO - Task exited with return code 0
