[2021-12-06 12:22:09,999] {taskinstance.py:876} INFO - Dependencies all met for <TaskInstance: xcom_dag.processing_tasks.training_model_c 2021-12-06T12:21:49.694572+00:00 [queued]>
[2021-12-06 12:22:10,615] {taskinstance.py:876} INFO - Dependencies all met for <TaskInstance: xcom_dag.processing_tasks.training_model_c 2021-12-06T12:21:49.694572+00:00 [queued]>
[2021-12-06 12:22:10,617] {taskinstance.py:1067} INFO - 
--------------------------------------------------------------------------------
[2021-12-06 12:22:10,648] {taskinstance.py:1068} INFO - Starting attempt 1 of 1
[2021-12-06 12:22:10,685] {taskinstance.py:1069} INFO - 
--------------------------------------------------------------------------------
[2021-12-06 12:22:11,020] {taskinstance.py:1087} INFO - Executing <Task(PythonOperator): processing_tasks.training_model_c> on 2021-12-06T12:21:49.694572+00:00
[2021-12-06 12:22:11,121] {standard_task_runner.py:52} INFO - Started process 34134 to run task
[2021-12-06 12:22:11,290] {standard_task_runner.py:76} INFO - Running: ['airflow', 'tasks', 'run', 'xcom_dag', 'processing_tasks.training_model_c', '2021-12-06T12:21:49.694572+00:00', '--job-id', '740', '--pool', 'default_pool', '--raw', '--subdir', 'DAGS_FOLDER/xcom_dag.py', '--cfg-path', '/tmp/tmpw7tzcwhq', '--error-file', '/tmp/tmph8p7mw5g']
[2021-12-06 12:22:11,472] {standard_task_runner.py:77} INFO - Job 740: Subtask processing_tasks.training_model_c
[2021-12-06 12:22:13,439] {logging_mixin.py:104} INFO - Running <TaskInstance: xcom_dag.processing_tasks.training_model_c 2021-12-06T12:21:49.694572+00:00 [running]> on host airflowvm
[2021-12-06 12:22:15,342] {taskinstance.py:1280} INFO - Exporting the following env vars:
AIRFLOW_CTX_DAG_OWNER=airflow
AIRFLOW_CTX_DAG_ID=xcom_dag
AIRFLOW_CTX_TASK_ID=processing_tasks.training_model_c
AIRFLOW_CTX_EXECUTION_DATE=2021-12-06T12:21:49.694572+00:00
AIRFLOW_CTX_DAG_RUN_ID=manual__2021-12-06T12:21:49.694572+00:00
[2021-12-06 12:22:15,380] {logging_mixin.py:104} INFO - model's accuracy: 5.152899905421728
[2021-12-06 12:22:15,910] {python.py:151} INFO - Done. Returned value was: None
[2021-12-06 12:22:16,473] {taskinstance.py:1184} INFO - Marking task as SUCCESS. dag_id=xcom_dag, task_id=processing_tasks.training_model_c, execution_date=20211206T122149, start_date=20211206T122210, end_date=20211206T122216
[2021-12-06 12:22:17,870] {local_task_job.py:196} WARNING - State of this instance has been externally set to success. Terminating instance.
[2021-12-06 12:22:18,314] {taskinstance.py:1245} INFO - 1 downstream tasks scheduled from follow-on schedule check
[2021-12-06 12:22:18,236] {process_utils.py:100} INFO - Sending Signals.SIGTERM to GPID 34134
[2021-12-06 12:22:20,206] {process_utils.py:66} INFO - Process psutil.Process(pid=34134, status='terminated', exitcode=1, started='12:22:10') (34134) terminated with exit code 1
