[2021-11-27 12:13:17,165] {taskinstance.py:876} INFO - Dependencies all met for <TaskInstance: example_bash_operator.runme_0 2021-11-24T00:00:00+00:00 [queued]>
[2021-11-27 12:13:17,189] {taskinstance.py:876} INFO - Dependencies all met for <TaskInstance: example_bash_operator.runme_0 2021-11-24T00:00:00+00:00 [queued]>
[2021-11-27 12:13:17,190] {taskinstance.py:1067} INFO - 
--------------------------------------------------------------------------------
[2021-11-27 12:13:17,190] {taskinstance.py:1068} INFO - Starting attempt 1 of 1
[2021-11-27 12:13:17,191] {taskinstance.py:1069} INFO - 
--------------------------------------------------------------------------------
[2021-11-27 12:13:17,232] {taskinstance.py:1087} INFO - Executing <Task(BashOperator): runme_0> on 2021-11-24T00:00:00+00:00
[2021-11-27 12:13:17,235] {standard_task_runner.py:52} INFO - Started process 3873 to run task
[2021-11-27 12:13:17,341] {standard_task_runner.py:76} INFO - Running: ['airflow', 'tasks', 'run', 'example_bash_operator', 'runme_0', '2021-11-24T00:00:00+00:00', '--job-id', '80', '--pool', 'default_pool', '--raw', '--subdir', '/home/airflow/sandbox/lib/python3.8/site-packages/airflow/example_dags/example_bash_operator.py', '--cfg-path', '/tmp/tmpyurmmaon', '--error-file', '/tmp/tmp4jc8bupo']
[2021-11-27 12:13:17,351] {standard_task_runner.py:77} INFO - Job 80: Subtask runme_0
[2021-11-27 12:13:18,096] {logging_mixin.py:104} INFO - Running <TaskInstance: example_bash_operator.runme_0 2021-11-24T00:00:00+00:00 [running]> on host airflowvm
[2021-11-27 12:13:19,487] {taskinstance.py:1280} INFO - Exporting the following env vars:
AIRFLOW_CTX_DAG_OWNER=airflow
AIRFLOW_CTX_DAG_ID=example_bash_operator
AIRFLOW_CTX_TASK_ID=runme_0
AIRFLOW_CTX_EXECUTION_DATE=2021-11-24T00:00:00+00:00
AIRFLOW_CTX_DAG_RUN_ID=scheduled__2021-11-24T00:00:00+00:00
[2021-11-27 12:13:19,489] {subprocess.py:52} INFO - Tmp dir root location: 
 /tmp
[2021-11-27 12:13:19,490] {subprocess.py:63} INFO - Running command: ['bash', '-c', 'echo "example_bash_operator__runme_0__20211124" && sleep 1']
[2021-11-27 12:13:19,529] {subprocess.py:75} INFO - Output:
[2021-11-27 12:13:19,532] {subprocess.py:79} INFO - example_bash_operator__runme_0__20211124
[2021-11-27 12:13:20,551] {subprocess.py:83} INFO - Command exited with return code 0
[2021-11-27 12:13:20,598] {taskinstance.py:1184} INFO - Marking task as SUCCESS. dag_id=example_bash_operator, task_id=runme_0, execution_date=20211124T000000, start_date=20211127T121317, end_date=20211127T121320
[2021-11-27 12:13:20,676] {taskinstance.py:1245} INFO - 0 downstream tasks scheduled from follow-on schedule check
[2021-11-27 12:13:20,709] {local_task_job.py:151} INFO - Task exited with return code 0
