[2021-11-29 12:52:38,145] {taskinstance.py:876} INFO - Dependencies all met for <TaskInstance: parallel_dag.task_2 2020-01-29T00:00:00+00:00 [queued]>
[2021-11-29 12:52:38,774] {taskinstance.py:876} INFO - Dependencies all met for <TaskInstance: parallel_dag.task_2 2020-01-29T00:00:00+00:00 [queued]>
[2021-11-29 12:52:38,774] {taskinstance.py:1067} INFO - 
--------------------------------------------------------------------------------
[2021-11-29 12:52:38,774] {taskinstance.py:1068} INFO - Starting attempt 2 of 2
[2021-11-29 12:52:38,775] {taskinstance.py:1069} INFO - 
--------------------------------------------------------------------------------
[2021-11-29 12:52:39,326] {taskinstance.py:1087} INFO - Executing <Task(BashOperator): task_2> on 2020-01-29T00:00:00+00:00
[2021-11-29 12:52:39,443] {standard_task_runner.py:52} INFO - Started process 184660 to run task
[2021-11-29 12:52:39,506] {standard_task_runner.py:76} INFO - Running: ['airflow', 'tasks', 'run', 'parallel_dag', 'task_2', '2020-01-29T00:00:00+00:00', '--job-id', '639', '--pool', 'default_pool', '--raw', '--subdir', 'DAGS_FOLDER/parallel_dag.py', '--cfg-path', '/tmp/tmp9do95kp0', '--error-file', '/tmp/tmppxxg4fvn']
[2021-11-29 12:52:39,647] {standard_task_runner.py:77} INFO - Job 639: Subtask task_2
[2021-11-29 12:52:41,359] {logging_mixin.py:104} INFO - Running <TaskInstance: parallel_dag.task_2 2020-01-29T00:00:00+00:00 [running]> on host airflowvm
[2021-11-29 12:52:43,254] {taskinstance.py:1280} INFO - Exporting the following env vars:
AIRFLOW_CTX_DAG_OWNER=airflow
AIRFLOW_CTX_DAG_ID=parallel_dag
AIRFLOW_CTX_TASK_ID=task_2
AIRFLOW_CTX_EXECUTION_DATE=2020-01-29T00:00:00+00:00
AIRFLOW_CTX_DAG_RUN_ID=scheduled__2020-01-29T00:00:00+00:00
[2021-11-29 12:52:43,276] {subprocess.py:52} INFO - Tmp dir root location: 
 /tmp
[2021-11-29 12:52:43,277] {subprocess.py:63} INFO - Running command: ['bash', '-c', 'sleep 3']
[2021-11-29 12:52:43,409] {subprocess.py:75} INFO - Output:
[2021-11-29 12:52:46,678] {subprocess.py:83} INFO - Command exited with return code 0
[2021-11-29 12:52:46,822] {taskinstance.py:1184} INFO - Marking task as SUCCESS. dag_id=parallel_dag, task_id=task_2, execution_date=20200129T000000, start_date=20211129T125238, end_date=20211129T125246
[2021-11-29 12:52:49,269] {taskinstance.py:1245} INFO - 1 downstream tasks scheduled from follow-on schedule check
[2021-11-29 12:52:49,277] {local_task_job.py:151} INFO - Task exited with return code 0
