[2021-11-30 13:55:14,216] {taskinstance.py:876} INFO - Dependencies all met for <TaskInstance: parallel_dag.processing_tasks.task_2 2021-11-30T13:54:45.747606+00:00 [queued]>
[2021-11-30 13:55:14,702] {taskinstance.py:876} INFO - Dependencies all met for <TaskInstance: parallel_dag.processing_tasks.task_2 2021-11-30T13:54:45.747606+00:00 [queued]>
[2021-11-30 13:55:14,703] {taskinstance.py:1067} INFO - 
--------------------------------------------------------------------------------
[2021-11-30 13:55:14,721] {taskinstance.py:1068} INFO - Starting attempt 1 of 1
[2021-11-30 13:55:14,722] {taskinstance.py:1069} INFO - 
--------------------------------------------------------------------------------
[2021-11-30 13:55:14,970] {taskinstance.py:1087} INFO - Executing <Task(BashOperator): task_2> on 2021-11-30T13:54:45.747606+00:00
[2021-11-30 13:55:15,074] {standard_task_runner.py:52} INFO - Started process 228656 to run task
[2021-11-30 13:55:15,309] {standard_task_runner.py:76} INFO - Running: ['airflow', 'tasks', 'run', 'parallel_dag.processing_tasks', 'task_2', '2021-11-30T13:54:45.747606+00:00', '--job-id', '685', '--pool', 'default_pool', '--raw', '--subdir', 'DAGS_FOLDER/parallel_dag.py', '--cfg-path', '/tmp/tmpupa7k4hx', '--error-file', '/tmp/tmpza65el3w']
[2021-11-30 13:55:15,771] {standard_task_runner.py:77} INFO - Job 685: Subtask task_2
[2021-11-30 13:55:23,103] {logging_mixin.py:104} INFO - Running <TaskInstance: parallel_dag.processing_tasks.task_2 2021-11-30T13:54:45.747606+00:00 [running]> on host airflowvm
[2021-11-30 13:55:25,207] {taskinstance.py:1280} INFO - Exporting the following env vars:
AIRFLOW_CTX_DAG_OWNER=airflow
AIRFLOW_CTX_DAG_ID=parallel_dag.processing_tasks
AIRFLOW_CTX_TASK_ID=task_2
AIRFLOW_CTX_EXECUTION_DATE=2021-11-30T13:54:45.747606+00:00
AIRFLOW_CTX_DAG_RUN_ID=scheduled__2021-11-30T13:54:45.747606+00:00
[2021-11-30 13:55:25,215] {subprocess.py:52} INFO - Tmp dir root location: 
 /tmp
[2021-11-30 13:55:25,216] {subprocess.py:63} INFO - Running command: ['bash', '-c', 'sleep 3']
[2021-11-30 13:55:25,824] {subprocess.py:75} INFO - Output:
[2021-11-30 13:55:29,086] {subprocess.py:83} INFO - Command exited with return code 0
[2021-11-30 13:55:30,114] {taskinstance.py:1184} INFO - Marking task as SUCCESS. dag_id=parallel_dag.processing_tasks, task_id=task_2, execution_date=20211130T135445, start_date=20211130T135514, end_date=20211130T135530
[2021-11-30 13:55:31,712] {taskinstance.py:1245} INFO - 0 downstream tasks scheduled from follow-on schedule check
[2021-11-30 13:55:32,059] {local_task_job.py:151} INFO - Task exited with return code 0
