[2021-12-06 13:46:59,681] {taskinstance.py:876} INFO - Dependencies all met for <TaskInstance: trigger_rule.task_2 2021-12-05T00:00:00+00:00 [queued]>
[2021-12-06 13:47:00,060] {taskinstance.py:876} INFO - Dependencies all met for <TaskInstance: trigger_rule.task_2 2021-12-05T00:00:00+00:00 [queued]>
[2021-12-06 13:47:00,061] {taskinstance.py:1067} INFO - 
--------------------------------------------------------------------------------
[2021-12-06 13:47:00,075] {taskinstance.py:1068} INFO - Starting attempt 1 of 1
[2021-12-06 13:47:00,085] {taskinstance.py:1069} INFO - 
--------------------------------------------------------------------------------
[2021-12-06 13:47:00,255] {taskinstance.py:1087} INFO - Executing <Task(BashOperator): task_2> on 2021-12-05T00:00:00+00:00
[2021-12-06 13:47:00,323] {standard_task_runner.py:52} INFO - Started process 54055 to run task
[2021-12-06 13:47:00,419] {standard_task_runner.py:76} INFO - Running: ['airflow', 'tasks', 'run', 'trigger_rule', 'task_2', '2021-12-05T00:00:00+00:00', '--job-id', '744', '--pool', 'default_pool', '--raw', '--subdir', 'DAGS_FOLDER/trigger_rule.py', '--cfg-path', '/tmp/tmp3ndhydt0', '--error-file', '/tmp/tmpgjn18jqk']
[2021-12-06 13:47:00,454] {standard_task_runner.py:77} INFO - Job 744: Subtask task_2
[2021-12-06 13:47:06,156] {logging_mixin.py:104} INFO - Running <TaskInstance: trigger_rule.task_2 2021-12-05T00:00:00+00:00 [running]> on host airflowvm
[2021-12-06 13:47:07,343] {taskinstance.py:1280} INFO - Exporting the following env vars:
AIRFLOW_CTX_DAG_OWNER=airflow
AIRFLOW_CTX_DAG_ID=trigger_rule
AIRFLOW_CTX_TASK_ID=task_2
AIRFLOW_CTX_EXECUTION_DATE=2021-12-05T00:00:00+00:00
AIRFLOW_CTX_DAG_RUN_ID=scheduled__2021-12-05T00:00:00+00:00
[2021-12-06 13:47:07,345] {subprocess.py:52} INFO - Tmp dir root location: 
 /tmp
[2021-12-06 13:47:07,388] {subprocess.py:63} INFO - Running command: ['bash', '-c', 'exit 0']
[2021-12-06 13:47:07,494] {subprocess.py:75} INFO - Output:
[2021-12-06 13:47:07,562] {subprocess.py:83} INFO - Command exited with return code 0
[2021-12-06 13:47:07,791] {taskinstance.py:1184} INFO - Marking task as SUCCESS. dag_id=trigger_rule, task_id=task_2, execution_date=20211205T000000, start_date=20211206T134659, end_date=20211206T134707
[2021-12-06 13:47:08,161] {taskinstance.py:1245} INFO - 0 downstream tasks scheduled from follow-on schedule check
[2021-12-06 13:47:08,212] {local_task_job.py:151} INFO - Task exited with return code 0
