[2021-11-20 12:20:03,109] {taskinstance.py:896} INFO - Dependencies all met for <TaskInstance: example_bash_operator.run_after_loop 2021-11-18T00:00:00+00:00 [queued]>
[2021-11-20 12:20:03,116] {taskinstance.py:896} INFO - Dependencies all met for <TaskInstance: example_bash_operator.run_after_loop 2021-11-18T00:00:00+00:00 [queued]>
[2021-11-20 12:20:03,116] {taskinstance.py:1087} INFO - 
--------------------------------------------------------------------------------
[2021-11-20 12:20:03,116] {taskinstance.py:1088} INFO - Starting attempt 1 of 1
[2021-11-20 12:20:03,117] {taskinstance.py:1089} INFO - 
--------------------------------------------------------------------------------
[2021-11-20 12:20:03,132] {taskinstance.py:1107} INFO - Executing <Task(BashOperator): run_after_loop> on 2021-11-18T00:00:00+00:00
[2021-11-20 12:20:03,134] {standard_task_runner.py:52} INFO - Started process 6765 to run task
[2021-11-20 12:20:03,140] {standard_task_runner.py:76} INFO - Running: ['airflow', 'tasks', 'run', 'example_bash_operator', 'run_after_loop', '2021-11-18T00:00:00+00:00', '--job-id', '10', '--pool', 'default_pool', '--raw', '--subdir', '/home/airflow/sandbox/lib/python3.8/site-packages/airflow/example_dags/example_bash_operator.py', '--cfg-path', '/tmp/tmpzqw40s7h', '--error-file', '/tmp/tmpvp06bazp']
[2021-11-20 12:20:03,142] {standard_task_runner.py:77} INFO - Job 10: Subtask run_after_loop
[2021-11-20 12:20:03,197] {logging_mixin.py:104} INFO - Running <TaskInstance: example_bash_operator.run_after_loop 2021-11-18T00:00:00+00:00 [running]> on host airflowvm
[2021-11-20 12:20:03,308] {taskinstance.py:1300} INFO - Exporting the following env vars:
AIRFLOW_CTX_DAG_OWNER=airflow
AIRFLOW_CTX_DAG_ID=example_bash_operator
AIRFLOW_CTX_TASK_ID=run_after_loop
AIRFLOW_CTX_EXECUTION_DATE=2021-11-18T00:00:00+00:00
AIRFLOW_CTX_DAG_RUN_ID=scheduled__2021-11-18T00:00:00+00:00
[2021-11-20 12:20:03,309] {subprocess.py:52} INFO - Tmp dir root location: 
 /tmp
[2021-11-20 12:20:03,309] {subprocess.py:63} INFO - Running command: ['bash', '-c', 'echo 1']
[2021-11-20 12:20:03,315] {subprocess.py:75} INFO - Output:
[2021-11-20 12:20:03,322] {subprocess.py:79} INFO - 1
[2021-11-20 12:20:03,323] {subprocess.py:83} INFO - Command exited with return code 0
[2021-11-20 12:20:03,353] {taskinstance.py:1204} INFO - Marking task as SUCCESS. dag_id=example_bash_operator, task_id=run_after_loop, execution_date=20211118T000000, start_date=20211120T122003, end_date=20211120T122003
[2021-11-20 12:20:03,383] {taskinstance.py:1265} INFO - 0 downstream tasks scheduled from follow-on schedule check
[2021-11-20 12:20:03,414] {local_task_job.py:151} INFO - Task exited with return code 0
