[2021-11-29 12:37:14,120] {taskinstance.py:876} INFO - Dependencies all met for <TaskInstance: parallel_dag.task_3 2020-03-17T00:00:00+00:00 [queued]>
[2021-11-29 12:37:14,511] {taskinstance.py:876} INFO - Dependencies all met for <TaskInstance: parallel_dag.task_3 2020-03-17T00:00:00+00:00 [queued]>
[2021-11-29 12:37:14,512] {taskinstance.py:1067} INFO - 
--------------------------------------------------------------------------------
[2021-11-29 12:37:14,513] {taskinstance.py:1068} INFO - Starting attempt 1 of 1
[2021-11-29 12:37:14,574] {taskinstance.py:1069} INFO - 
--------------------------------------------------------------------------------
[2021-11-29 12:37:14,776] {taskinstance.py:1087} INFO - Executing <Task(BashOperator): task_3> on 2020-03-17T00:00:00+00:00
[2021-11-29 12:37:14,859] {standard_task_runner.py:52} INFO - Started process 162029 to run task
[2021-11-29 12:37:14,904] {standard_task_runner.py:76} INFO - Running: ['airflow', 'tasks', 'run', 'parallel_dag', 'task_3', '2020-03-17T00:00:00+00:00', '--job-id', '482', '--pool', 'default_pool', '--raw', '--subdir', 'DAGS_FOLDER/parallel_dag.py', '--cfg-path', '/tmp/tmpy8f4wsei', '--error-file', '/tmp/tmpj_gh46np']
[2021-11-29 12:37:14,960] {standard_task_runner.py:77} INFO - Job 482: Subtask task_3
[2021-11-29 12:37:16,215] {logging_mixin.py:104} INFO - Running <TaskInstance: parallel_dag.task_3 2020-03-17T00:00:00+00:00 [running]> on host airflowvm
[2021-11-29 12:37:17,567] {taskinstance.py:1280} INFO - Exporting the following env vars:
AIRFLOW_CTX_DAG_OWNER=airflow
AIRFLOW_CTX_DAG_ID=parallel_dag
AIRFLOW_CTX_TASK_ID=task_3
AIRFLOW_CTX_EXECUTION_DATE=2020-03-17T00:00:00+00:00
AIRFLOW_CTX_DAG_RUN_ID=scheduled__2020-03-17T00:00:00+00:00
[2021-11-29 12:37:17,577] {subprocess.py:52} INFO - Tmp dir root location: 
 /tmp
[2021-11-29 12:37:17,578] {subprocess.py:63} INFO - Running command: ['bash', '-c', 'sleep 3']
[2021-11-29 12:37:17,671] {subprocess.py:75} INFO - Output:
[2021-11-29 12:37:20,740] {subprocess.py:83} INFO - Command exited with return code 0
[2021-11-29 12:37:21,430] {taskinstance.py:1184} INFO - Marking task as SUCCESS. dag_id=parallel_dag, task_id=task_3, execution_date=20200317T000000, start_date=20211129T123714, end_date=20211129T123721
[2021-11-29 12:37:22,771] {taskinstance.py:1245} INFO - 0 downstream tasks scheduled from follow-on schedule check
[2021-11-29 12:37:22,843] {local_task_job.py:151} INFO - Task exited with return code 0
