[2021-11-29 12:38:29,696] {taskinstance.py:876} INFO - Dependencies all met for <TaskInstance: parallel_dag.task_2 2020-04-01T00:00:00+00:00 [queued]>
[2021-11-29 12:38:30,159] {taskinstance.py:876} INFO - Dependencies all met for <TaskInstance: parallel_dag.task_2 2020-04-01T00:00:00+00:00 [queued]>
[2021-11-29 12:38:30,160] {taskinstance.py:1067} INFO - 
--------------------------------------------------------------------------------
[2021-11-29 12:38:30,160] {taskinstance.py:1068} INFO - Starting attempt 1 of 1
[2021-11-29 12:38:30,161] {taskinstance.py:1069} INFO - 
--------------------------------------------------------------------------------
[2021-11-29 12:38:30,421] {taskinstance.py:1087} INFO - Executing <Task(BashOperator): task_2> on 2020-04-01T00:00:00+00:00
[2021-11-29 12:38:30,550] {standard_task_runner.py:52} INFO - Started process 166597 to run task
[2021-11-29 12:38:30,728] {standard_task_runner.py:76} INFO - Running: ['airflow', 'tasks', 'run', 'parallel_dag', 'task_2', '2020-04-01T00:00:00+00:00', '--job-id', '536', '--pool', 'default_pool', '--raw', '--subdir', 'DAGS_FOLDER/parallel_dag.py', '--cfg-path', '/tmp/tmp3i5c5so1', '--error-file', '/tmp/tmpm3cuvb00']
[2021-11-29 12:38:30,798] {standard_task_runner.py:77} INFO - Job 536: Subtask task_2
[2021-11-29 12:38:32,505] {logging_mixin.py:104} INFO - Running <TaskInstance: parallel_dag.task_2 2020-04-01T00:00:00+00:00 [running]> on host airflowvm
[2021-11-29 12:38:33,740] {taskinstance.py:1280} INFO - Exporting the following env vars:
AIRFLOW_CTX_DAG_OWNER=airflow
AIRFLOW_CTX_DAG_ID=parallel_dag
AIRFLOW_CTX_TASK_ID=task_2
AIRFLOW_CTX_EXECUTION_DATE=2020-04-01T00:00:00+00:00
AIRFLOW_CTX_DAG_RUN_ID=scheduled__2020-04-01T00:00:00+00:00
[2021-11-29 12:38:33,760] {subprocess.py:52} INFO - Tmp dir root location: 
 /tmp
[2021-11-29 12:38:33,799] {subprocess.py:63} INFO - Running command: ['bash', '-c', 'sleep 3']
[2021-11-29 12:38:33,975] {subprocess.py:75} INFO - Output:
[2021-11-29 12:38:37,217] {subprocess.py:83} INFO - Command exited with return code 0
[2021-11-29 12:38:38,075] {taskinstance.py:1184} INFO - Marking task as SUCCESS. dag_id=parallel_dag, task_id=task_2, execution_date=20200401T000000, start_date=20211129T123829, end_date=20211129T123838
[2021-11-29 12:38:38,953] {taskinstance.py:1245} INFO - 0 downstream tasks scheduled from follow-on schedule check
[2021-11-29 12:38:38,961] {local_task_job.py:151} INFO - Task exited with return code 0
