[2021-11-29 12:39:26,815] {taskinstance.py:876} INFO - Dependencies all met for <TaskInstance: parallel_dag.task_1 2020-04-17T00:00:00+00:00 [queued]>
[2021-11-29 12:39:26,997] {taskinstance.py:876} INFO - Dependencies all met for <TaskInstance: parallel_dag.task_1 2020-04-17T00:00:00+00:00 [queued]>
[2021-11-29 12:39:26,997] {taskinstance.py:1067} INFO - 
--------------------------------------------------------------------------------
[2021-11-29 12:39:26,998] {taskinstance.py:1068} INFO - Starting attempt 1 of 1
[2021-11-29 12:39:26,998] {taskinstance.py:1069} INFO - 
--------------------------------------------------------------------------------
[2021-11-29 12:39:27,260] {taskinstance.py:1087} INFO - Executing <Task(BashOperator): task_1> on 2020-04-17T00:00:00+00:00
[2021-11-29 12:39:27,291] {standard_task_runner.py:52} INFO - Started process 169968 to run task
[2021-11-29 12:39:27,527] {standard_task_runner.py:76} INFO - Running: ['airflow', 'tasks', 'run', 'parallel_dag', 'task_1', '2020-04-17T00:00:00+00:00', '--job-id', '584', '--pool', 'default_pool', '--raw', '--subdir', 'DAGS_FOLDER/parallel_dag.py', '--cfg-path', '/tmp/tmpybgd9juv', '--error-file', '/tmp/tmps72mf2w7']
[2021-11-29 12:39:27,641] {standard_task_runner.py:77} INFO - Job 584: Subtask task_1
[2021-11-29 12:39:28,839] {logging_mixin.py:104} INFO - Running <TaskInstance: parallel_dag.task_1 2020-04-17T00:00:00+00:00 [running]> on host airflowvm
[2021-11-29 12:39:30,084] {taskinstance.py:1280} INFO - Exporting the following env vars:
AIRFLOW_CTX_DAG_OWNER=airflow
AIRFLOW_CTX_DAG_ID=parallel_dag
AIRFLOW_CTX_TASK_ID=task_1
AIRFLOW_CTX_EXECUTION_DATE=2020-04-17T00:00:00+00:00
AIRFLOW_CTX_DAG_RUN_ID=scheduled__2020-04-17T00:00:00+00:00
[2021-11-29 12:39:30,085] {subprocess.py:52} INFO - Tmp dir root location: 
 /tmp
[2021-11-29 12:39:30,086] {subprocess.py:63} INFO - Running command: ['bash', '-c', 'sleep 3']
[2021-11-29 12:39:30,150] {subprocess.py:75} INFO - Output:
[2021-11-29 12:39:33,257] {subprocess.py:83} INFO - Command exited with return code 0
[2021-11-29 12:39:33,850] {taskinstance.py:1184} INFO - Marking task as SUCCESS. dag_id=parallel_dag, task_id=task_1, execution_date=20200417T000000, start_date=20211129T123926, end_date=20211129T123933
[2021-11-29 12:39:37,178] {taskinstance.py:1245} INFO - 0 downstream tasks scheduled from follow-on schedule check
[2021-11-29 12:39:37,223] {local_task_job.py:151} INFO - Task exited with return code 0
