[2021-11-29 12:30:43,412] {taskinstance.py:876} INFO - Dependencies all met for <TaskInstance: parallel_dag.task_1 2020-02-03T00:00:00+00:00 [queued]>
[2021-11-29 12:30:43,632] {taskinstance.py:876} INFO - Dependencies all met for <TaskInstance: parallel_dag.task_1 2020-02-03T00:00:00+00:00 [queued]>
[2021-11-29 12:30:43,632] {taskinstance.py:1067} INFO - 
--------------------------------------------------------------------------------
[2021-11-29 12:30:43,632] {taskinstance.py:1068} INFO - Starting attempt 1 of 1
[2021-11-29 12:30:43,633] {taskinstance.py:1069} INFO - 
--------------------------------------------------------------------------------
[2021-11-29 12:30:43,791] {taskinstance.py:1087} INFO - Executing <Task(BashOperator): task_1> on 2020-02-03T00:00:00+00:00
[2021-11-29 12:30:43,846] {standard_task_runner.py:52} INFO - Started process 139134 to run task
[2021-11-29 12:30:43,798] {standard_task_runner.py:76} INFO - Running: ['airflow', 'tasks', 'run', 'parallel_dag', 'task_1', '2020-02-03T00:00:00+00:00', '--job-id', '216', '--pool', 'default_pool', '--raw', '--subdir', 'DAGS_FOLDER/parallel_dag.py', '--cfg-path', '/tmp/tmpbsijj6c7', '--error-file', '/tmp/tmpn7k7n4rr']
[2021-11-29 12:30:43,940] {standard_task_runner.py:77} INFO - Job 216: Subtask task_1
[2021-11-29 12:30:44,646] {logging_mixin.py:104} INFO - Running <TaskInstance: parallel_dag.task_1 2020-02-03T00:00:00+00:00 [running]> on host airflowvm
[2021-11-29 12:30:45,677] {taskinstance.py:1280} INFO - Exporting the following env vars:
AIRFLOW_CTX_DAG_OWNER=airflow
AIRFLOW_CTX_DAG_ID=parallel_dag
AIRFLOW_CTX_TASK_ID=task_1
AIRFLOW_CTX_EXECUTION_DATE=2020-02-03T00:00:00+00:00
AIRFLOW_CTX_DAG_RUN_ID=scheduled__2020-02-03T00:00:00+00:00
[2021-11-29 12:30:45,679] {subprocess.py:52} INFO - Tmp dir root location: 
 /tmp
[2021-11-29 12:30:45,680] {subprocess.py:63} INFO - Running command: ['bash', '-c', 'sleep 3']
[2021-11-29 12:30:45,772] {subprocess.py:75} INFO - Output:
[2021-11-29 12:30:48,993] {subprocess.py:83} INFO - Command exited with return code 0
[2021-11-29 12:30:49,429] {taskinstance.py:1184} INFO - Marking task as SUCCESS. dag_id=parallel_dag, task_id=task_1, execution_date=20200203T000000, start_date=20211129T123043, end_date=20211129T123049
[2021-11-29 12:30:51,237] {taskinstance.py:1245} INFO - 0 downstream tasks scheduled from follow-on schedule check
[2021-11-29 12:30:51,277] {local_task_job.py:151} INFO - Task exited with return code 0
