[2021-12-06 13:58:34,459] {taskinstance.py:876} INFO - Dependencies all met for <TaskInstance: xcom_dag.downloading_data 2021-12-06T13:58:27.214034+00:00 [queued]>
[2021-12-06 13:58:34,716] {taskinstance.py:876} INFO - Dependencies all met for <TaskInstance: xcom_dag.downloading_data 2021-12-06T13:58:27.214034+00:00 [queued]>
[2021-12-06 13:58:34,718] {taskinstance.py:1067} INFO - 
--------------------------------------------------------------------------------
[2021-12-06 13:58:34,718] {taskinstance.py:1068} INFO - Starting attempt 1 of 1
[2021-12-06 13:58:34,758] {taskinstance.py:1069} INFO - 
--------------------------------------------------------------------------------
[2021-12-06 13:58:35,198] {taskinstance.py:1087} INFO - Executing <Task(BashOperator): downloading_data> on 2021-12-06T13:58:27.214034+00:00
[2021-12-06 13:58:35,360] {standard_task_runner.py:52} INFO - Started process 65880 to run task
[2021-12-06 13:58:35,514] {standard_task_runner.py:76} INFO - Running: ['airflow', 'tasks', 'run', 'xcom_dag', 'downloading_data', '2021-12-06T13:58:27.214034+00:00', '--job-id', '773', '--pool', 'default_pool', '--raw', '--subdir', 'DAGS_FOLDER/xcom_dag.py', '--cfg-path', '/tmp/tmpdc1dgsad', '--error-file', '/tmp/tmp020o_t8t']
[2021-12-06 13:58:35,582] {standard_task_runner.py:77} INFO - Job 773: Subtask downloading_data
[2021-12-06 13:58:36,526] {logging_mixin.py:104} INFO - Running <TaskInstance: xcom_dag.downloading_data 2021-12-06T13:58:27.214034+00:00 [running]> on host airflowvm
[2021-12-06 13:58:37,952] {taskinstance.py:1280} INFO - Exporting the following env vars:
AIRFLOW_CTX_DAG_OWNER=airflow
AIRFLOW_CTX_DAG_ID=xcom_dag
AIRFLOW_CTX_TASK_ID=downloading_data
AIRFLOW_CTX_EXECUTION_DATE=2021-12-06T13:58:27.214034+00:00
AIRFLOW_CTX_DAG_RUN_ID=manual__2021-12-06T13:58:27.214034+00:00
[2021-12-06 13:58:37,956] {subprocess.py:52} INFO - Tmp dir root location: 
 /tmp
[2021-12-06 13:58:37,971] {subprocess.py:63} INFO - Running command: ['bash', '-c', 'sleep 3']
[2021-12-06 13:58:38,035] {subprocess.py:75} INFO - Output:
[2021-12-06 13:58:41,131] {subprocess.py:83} INFO - Command exited with return code 0
[2021-12-06 13:58:41,951] {taskinstance.py:1184} INFO - Marking task as SUCCESS. dag_id=xcom_dag, task_id=downloading_data, execution_date=20211206T135827, start_date=20211206T135834, end_date=20211206T135841
[2021-12-06 13:58:42,579] {taskinstance.py:1245} INFO - 3 downstream tasks scheduled from follow-on schedule check
[2021-12-06 13:58:42,778] {local_task_job.py:151} INFO - Task exited with return code 0
