[2021-11-29 12:37:48,516] {taskinstance.py:876} INFO - Dependencies all met for <TaskInstance: parallel_dag.task_1 2020-03-26T00:00:00+00:00 [queued]>
[2021-11-29 12:37:48,654] {taskinstance.py:876} INFO - Dependencies all met for <TaskInstance: parallel_dag.task_1 2020-03-26T00:00:00+00:00 [queued]>
[2021-11-29 12:37:48,655] {taskinstance.py:1067} INFO - 
--------------------------------------------------------------------------------
[2021-11-29 12:37:48,655] {taskinstance.py:1068} INFO - Starting attempt 1 of 1
[2021-11-29 12:37:48,655] {taskinstance.py:1069} INFO - 
--------------------------------------------------------------------------------
[2021-11-29 12:37:48,793] {taskinstance.py:1087} INFO - Executing <Task(BashOperator): task_1> on 2020-03-26T00:00:00+00:00
[2021-11-29 12:37:48,805] {standard_task_runner.py:76} INFO - Running: ['airflow', 'tasks', 'run', 'parallel_dag', 'task_1', '2020-03-26T00:00:00+00:00', '--job-id', '502', '--pool', 'default_pool', '--raw', '--subdir', 'DAGS_FOLDER/parallel_dag.py', '--cfg-path', '/tmp/tmpjkxtism4', '--error-file', '/tmp/tmpqkugr0qb']
[2021-11-29 12:37:48,865] {standard_task_runner.py:52} INFO - Started process 164134 to run task
[2021-11-29 12:37:48,928] {standard_task_runner.py:77} INFO - Job 502: Subtask task_1
[2021-11-29 12:37:50,047] {logging_mixin.py:104} INFO - Running <TaskInstance: parallel_dag.task_1 2020-03-26T00:00:00+00:00 [running]> on host airflowvm
[2021-11-29 12:37:50,929] {taskinstance.py:1280} INFO - Exporting the following env vars:
AIRFLOW_CTX_DAG_OWNER=airflow
AIRFLOW_CTX_DAG_ID=parallel_dag
AIRFLOW_CTX_TASK_ID=task_1
AIRFLOW_CTX_EXECUTION_DATE=2020-03-26T00:00:00+00:00
AIRFLOW_CTX_DAG_RUN_ID=scheduled__2020-03-26T00:00:00+00:00
[2021-11-29 12:37:50,931] {subprocess.py:52} INFO - Tmp dir root location: 
 /tmp
[2021-11-29 12:37:50,942] {subprocess.py:63} INFO - Running command: ['bash', '-c', 'sleep 3']
[2021-11-29 12:37:51,018] {subprocess.py:75} INFO - Output:
[2021-11-29 12:37:54,137] {subprocess.py:83} INFO - Command exited with return code 0
[2021-11-29 12:37:54,732] {taskinstance.py:1184} INFO - Marking task as SUCCESS. dag_id=parallel_dag, task_id=task_1, execution_date=20200326T000000, start_date=20211129T123748, end_date=20211129T123754
[2021-11-29 12:37:58,252] {taskinstance.py:1245} INFO - 0 downstream tasks scheduled from follow-on schedule check
[2021-11-29 12:37:58,483] {local_task_job.py:151} INFO - Task exited with return code 0
