[2021-12-06 10:32:17,810] {taskinstance.py:876} INFO - Dependencies all met for <TaskInstance: xcom_dag.processing_tasks.training_model_c 2021-12-05T00:00:00+00:00 [queued]>
[2021-12-06 10:32:17,964] {taskinstance.py:876} INFO - Dependencies all met for <TaskInstance: xcom_dag.processing_tasks.training_model_c 2021-12-05T00:00:00+00:00 [queued]>
[2021-12-06 10:32:17,971] {taskinstance.py:1067} INFO - 
--------------------------------------------------------------------------------
[2021-12-06 10:32:17,973] {taskinstance.py:1068} INFO - Starting attempt 1 of 1
[2021-12-06 10:32:17,973] {taskinstance.py:1069} INFO - 
--------------------------------------------------------------------------------
[2021-12-06 10:32:18,067] {taskinstance.py:1087} INFO - Executing <Task(PythonOperator): processing_tasks.training_model_c> on 2021-12-05T00:00:00+00:00
[2021-12-06 10:32:18,076] {standard_task_runner.py:76} INFO - Running: ['airflow', 'tasks', 'run', 'xcom_dag', 'processing_tasks.training_model_c', '2021-12-05T00:00:00+00:00', '--job-id', '710', '--pool', 'default_pool', '--raw', '--subdir', 'DAGS_FOLDER/xcom_dag.py', '--cfg-path', '/tmp/tmpqsicl8rv', '--error-file', '/tmp/tmp723hkdps']
[2021-12-06 10:32:18,106] {standard_task_runner.py:52} INFO - Started process 9345 to run task
[2021-12-06 10:32:18,139] {standard_task_runner.py:77} INFO - Job 710: Subtask processing_tasks.training_model_c
[2021-12-06 10:32:18,506] {logging_mixin.py:104} INFO - Running <TaskInstance: xcom_dag.processing_tasks.training_model_c 2021-12-05T00:00:00+00:00 [running]> on host airflowvm
[2021-12-06 10:32:18,902] {taskinstance.py:1280} INFO - Exporting the following env vars:
AIRFLOW_CTX_DAG_OWNER=airflow
AIRFLOW_CTX_DAG_ID=xcom_dag
AIRFLOW_CTX_TASK_ID=processing_tasks.training_model_c
AIRFLOW_CTX_EXECUTION_DATE=2021-12-05T00:00:00+00:00
AIRFLOW_CTX_DAG_RUN_ID=scheduled__2021-12-05T00:00:00+00:00
[2021-12-06 10:32:18,908] {logging_mixin.py:104} INFO - model's accuracy: 6.573808670349158
[2021-12-06 10:32:18,913] {python.py:151} INFO - Done. Returned value was: 6.573808670349158
[2021-12-06 10:32:19,088] {taskinstance.py:1184} INFO - Marking task as SUCCESS. dag_id=xcom_dag, task_id=processing_tasks.training_model_c, execution_date=20211205T000000, start_date=20211206T103217, end_date=20211206T103219
[2021-12-06 10:32:19,270] {taskinstance.py:1245} INFO - 1 downstream tasks scheduled from follow-on schedule check
[2021-12-06 10:32:19,329] {local_task_job.py:151} INFO - Task exited with return code 0
