[2021-11-29 12:34:43,894] {taskinstance.py:876} INFO - Dependencies all met for <TaskInstance: parallel_dag.task_2 2020-02-17T00:00:00+00:00 [queued]>
[2021-11-29 12:34:44,088] {taskinstance.py:876} INFO - Dependencies all met for <TaskInstance: parallel_dag.task_2 2020-02-17T00:00:00+00:00 [queued]>
[2021-11-29 12:34:44,089] {taskinstance.py:1067} INFO - 
--------------------------------------------------------------------------------
[2021-11-29 12:34:44,089] {taskinstance.py:1068} INFO - Starting attempt 1 of 1
[2021-11-29 12:34:44,090] {taskinstance.py:1069} INFO - 
--------------------------------------------------------------------------------
[2021-11-29 12:34:44,396] {taskinstance.py:1087} INFO - Executing <Task(BashOperator): task_2> on 2020-02-17T00:00:00+00:00
[2021-11-29 12:34:44,537] {standard_task_runner.py:52} INFO - Started process 152753 to run task
[2021-11-29 12:34:44,778] {standard_task_runner.py:76} INFO - Running: ['airflow', 'tasks', 'run', 'parallel_dag', 'task_2', '2020-02-17T00:00:00+00:00', '--job-id', '373', '--pool', 'default_pool', '--raw', '--subdir', 'DAGS_FOLDER/parallel_dag.py', '--cfg-path', '/tmp/tmpsf98ek4b', '--error-file', '/tmp/tmpzkv4654b']
[2021-11-29 12:34:44,848] {standard_task_runner.py:77} INFO - Job 373: Subtask task_2
[2021-11-29 12:34:46,207] {logging_mixin.py:104} INFO - Running <TaskInstance: parallel_dag.task_2 2020-02-17T00:00:00+00:00 [running]> on host airflowvm
[2021-11-29 12:34:47,665] {taskinstance.py:1280} INFO - Exporting the following env vars:
AIRFLOW_CTX_DAG_OWNER=airflow
AIRFLOW_CTX_DAG_ID=parallel_dag
AIRFLOW_CTX_TASK_ID=task_2
AIRFLOW_CTX_EXECUTION_DATE=2020-02-17T00:00:00+00:00
AIRFLOW_CTX_DAG_RUN_ID=scheduled__2020-02-17T00:00:00+00:00
[2021-11-29 12:34:47,694] {subprocess.py:52} INFO - Tmp dir root location: 
 /tmp
[2021-11-29 12:34:47,694] {subprocess.py:63} INFO - Running command: ['bash', '-c', 'sleep 3']
[2021-11-29 12:34:47,835] {subprocess.py:75} INFO - Output:
[2021-11-29 12:34:50,929] {subprocess.py:83} INFO - Command exited with return code 0
[2021-11-29 12:34:51,965] {taskinstance.py:1184} INFO - Marking task as SUCCESS. dag_id=parallel_dag, task_id=task_2, execution_date=20200217T000000, start_date=20211129T123443, end_date=20211129T123451
[2021-11-29 12:34:54,416] {taskinstance.py:1245} INFO - 0 downstream tasks scheduled from follow-on schedule check
[2021-11-29 12:34:54,482] {local_task_job.py:151} INFO - Task exited with return code 0
