[2021-11-20 12:19:58,231] {taskinstance.py:896} INFO - Dependencies all met for <TaskInstance: example_bash_operator.runme_1 2021-11-19T00:00:00+00:00 [queued]>
[2021-11-20 12:19:58,236] {taskinstance.py:896} INFO - Dependencies all met for <TaskInstance: example_bash_operator.runme_1 2021-11-19T00:00:00+00:00 [queued]>
[2021-11-20 12:19:58,236] {taskinstance.py:1087} INFO - 
--------------------------------------------------------------------------------
[2021-11-20 12:19:58,236] {taskinstance.py:1088} INFO - Starting attempt 1 of 1
[2021-11-20 12:19:58,236] {taskinstance.py:1089} INFO - 
--------------------------------------------------------------------------------
[2021-11-20 12:19:58,249] {taskinstance.py:1107} INFO - Executing <Task(BashOperator): runme_1> on 2021-11-19T00:00:00+00:00
[2021-11-20 12:19:58,250] {standard_task_runner.py:52} INFO - Started process 6729 to run task
[2021-11-20 12:19:58,256] {standard_task_runner.py:76} INFO - Running: ['airflow', 'tasks', 'run', 'example_bash_operator', 'runme_1', '2021-11-19T00:00:00+00:00', '--job-id', '8', '--pool', 'default_pool', '--raw', '--subdir', '/home/airflow/sandbox/lib/python3.8/site-packages/airflow/example_dags/example_bash_operator.py', '--cfg-path', '/tmp/tmpd8gdeyf5', '--error-file', '/tmp/tmp5p4x54dd']
[2021-11-20 12:19:58,256] {standard_task_runner.py:77} INFO - Job 8: Subtask runme_1
[2021-11-20 12:19:58,304] {logging_mixin.py:104} INFO - Running <TaskInstance: example_bash_operator.runme_1 2021-11-19T00:00:00+00:00 [running]> on host airflowvm
[2021-11-20 12:19:58,402] {taskinstance.py:1300} INFO - Exporting the following env vars:
AIRFLOW_CTX_DAG_OWNER=airflow
AIRFLOW_CTX_DAG_ID=example_bash_operator
AIRFLOW_CTX_TASK_ID=runme_1
AIRFLOW_CTX_EXECUTION_DATE=2021-11-19T00:00:00+00:00
AIRFLOW_CTX_DAG_RUN_ID=scheduled__2021-11-19T00:00:00+00:00
[2021-11-20 12:19:58,402] {subprocess.py:52} INFO - Tmp dir root location: 
 /tmp
[2021-11-20 12:19:58,402] {subprocess.py:63} INFO - Running command: ['bash', '-c', 'echo "example_bash_operator__runme_1__20211119" && sleep 1']
[2021-11-20 12:19:58,406] {subprocess.py:75} INFO - Output:
[2021-11-20 12:19:58,408] {subprocess.py:79} INFO - example_bash_operator__runme_1__20211119
[2021-11-20 12:19:59,410] {subprocess.py:83} INFO - Command exited with return code 0
[2021-11-20 12:19:59,433] {taskinstance.py:1204} INFO - Marking task as SUCCESS. dag_id=example_bash_operator, task_id=runme_1, execution_date=20211119T000000, start_date=20211120T121958, end_date=20211120T121959
[2021-11-20 12:19:59,452] {taskinstance.py:1265} INFO - 0 downstream tasks scheduled from follow-on schedule check
[2021-11-20 12:19:59,470] {local_task_job.py:151} INFO - Task exited with return code 0
