[2021-12-06 12:13:30,855] {taskinstance.py:876} INFO - Dependencies all met for <TaskInstance: xcom_dag.task_4 2021-12-06T12:13:08.289177+00:00 [queued]>
[2021-12-06 12:13:31,284] {taskinstance.py:876} INFO - Dependencies all met for <TaskInstance: xcom_dag.task_4 2021-12-06T12:13:08.289177+00:00 [queued]>
[2021-12-06 12:13:31,286] {taskinstance.py:1067} INFO - 
--------------------------------------------------------------------------------
[2021-12-06 12:13:31,302] {taskinstance.py:1068} INFO - Starting attempt 1 of 1
[2021-12-06 12:13:31,303] {taskinstance.py:1069} INFO - 
--------------------------------------------------------------------------------
[2021-12-06 12:13:31,486] {taskinstance.py:1087} INFO - Executing <Task(PythonOperator): task_4> on 2021-12-06T12:13:08.289177+00:00
[2021-12-06 12:13:31,595] {standard_task_runner.py:52} INFO - Started process 29872 to run task
[2021-12-06 12:13:31,720] {standard_task_runner.py:76} INFO - Running: ['airflow', 'tasks', 'run', 'xcom_dag', 'task_4', '2021-12-06T12:13:08.289177+00:00', '--job-id', '731', '--pool', 'default_pool', '--raw', '--subdir', 'DAGS_FOLDER/xcom_dag.py', '--cfg-path', '/tmp/tmpofh7w7_s', '--error-file', '/tmp/tmpm9py8_i2']
[2021-12-06 12:13:31,806] {standard_task_runner.py:77} INFO - Job 731: Subtask task_4
[2021-12-06 12:13:33,119] {logging_mixin.py:104} INFO - Running <TaskInstance: xcom_dag.task_4 2021-12-06T12:13:08.289177+00:00 [running]> on host airflowvm
[2021-12-06 12:13:34,305] {taskinstance.py:1280} INFO - Exporting the following env vars:
AIRFLOW_CTX_DAG_OWNER=airflow
AIRFLOW_CTX_DAG_ID=xcom_dag
AIRFLOW_CTX_TASK_ID=task_4
AIRFLOW_CTX_EXECUTION_DATE=2021-12-06T12:13:08.289177+00:00
AIRFLOW_CTX_DAG_RUN_ID=manual__2021-12-06T12:13:08.289177+00:00
[2021-12-06 12:13:34,317] {logging_mixin.py:104} INFO - choose best model
[2021-12-06 12:13:34,542] {logging_mixin.py:104} INFO - [7.580732455067642, 7.318314230091234, 0.27228311324011095]
[2021-12-06 12:13:34,572] {python.py:151} INFO - Done. Returned value was: None
[2021-12-06 12:13:34,676] {taskinstance.py:1184} INFO - Marking task as SUCCESS. dag_id=xcom_dag, task_id=task_4, execution_date=20211206T121308, start_date=20211206T121330, end_date=20211206T121334
[2021-12-06 12:13:35,211] {taskinstance.py:1245} INFO - 1 downstream tasks scheduled from follow-on schedule check
[2021-12-06 12:13:35,251] {local_task_job.py:151} INFO - Task exited with return code 0
