[2021-11-29 12:37:42,240] {taskinstance.py:876} INFO - Dependencies all met for <TaskInstance: parallel_dag.task_1 2020-03-22T00:00:00+00:00 [queued]>
[2021-11-29 12:37:42,423] {taskinstance.py:876} INFO - Dependencies all met for <TaskInstance: parallel_dag.task_1 2020-03-22T00:00:00+00:00 [queued]>
[2021-11-29 12:37:42,428] {taskinstance.py:1067} INFO - 
--------------------------------------------------------------------------------
[2021-11-29 12:37:42,440] {taskinstance.py:1068} INFO - Starting attempt 1 of 1
[2021-11-29 12:37:42,444] {taskinstance.py:1069} INFO - 
--------------------------------------------------------------------------------
[2021-11-29 12:37:42,539] {taskinstance.py:1087} INFO - Executing <Task(BashOperator): task_1> on 2020-03-22T00:00:00+00:00
[2021-11-29 12:37:42,565] {standard_task_runner.py:76} INFO - Running: ['airflow', 'tasks', 'run', 'parallel_dag', 'task_1', '2020-03-22T00:00:00+00:00', '--job-id', '498', '--pool', 'default_pool', '--raw', '--subdir', 'DAGS_FOLDER/parallel_dag.py', '--cfg-path', '/tmp/tmprixwj3uu', '--error-file', '/tmp/tmpou_zk4s7']
[2021-11-29 12:37:42,585] {standard_task_runner.py:52} INFO - Started process 163818 to run task
[2021-11-29 12:37:42,627] {standard_task_runner.py:77} INFO - Job 498: Subtask task_1
[2021-11-29 12:37:43,230] {logging_mixin.py:104} INFO - Running <TaskInstance: parallel_dag.task_1 2020-03-22T00:00:00+00:00 [running]> on host airflowvm
[2021-11-29 12:37:43,849] {taskinstance.py:1280} INFO - Exporting the following env vars:
AIRFLOW_CTX_DAG_OWNER=airflow
AIRFLOW_CTX_DAG_ID=parallel_dag
AIRFLOW_CTX_TASK_ID=task_1
AIRFLOW_CTX_EXECUTION_DATE=2020-03-22T00:00:00+00:00
AIRFLOW_CTX_DAG_RUN_ID=scheduled__2020-03-22T00:00:00+00:00
[2021-11-29 12:37:43,850] {subprocess.py:52} INFO - Tmp dir root location: 
 /tmp
[2021-11-29 12:37:43,851] {subprocess.py:63} INFO - Running command: ['bash', '-c', 'sleep 3']
[2021-11-29 12:37:43,904] {subprocess.py:75} INFO - Output:
[2021-11-29 12:37:47,019] {subprocess.py:83} INFO - Command exited with return code 0
[2021-11-29 12:37:47,338] {taskinstance.py:1184} INFO - Marking task as SUCCESS. dag_id=parallel_dag, task_id=task_1, execution_date=20200322T000000, start_date=20211129T123742, end_date=20211129T123747
[2021-11-29 12:37:47,879] {local_task_job.py:196} WARNING - State of this instance has been externally set to success. Terminating instance.
[2021-11-29 12:37:47,884] {process_utils.py:100} INFO - Sending Signals.SIGTERM to GPID 163818
[2021-11-29 12:37:48,959] {taskinstance.py:1264} ERROR - Received SIGTERM. Terminating subprocesses.
[2021-11-29 12:37:48,959] {subprocess.py:89} INFO - Sending SIGTERM signal to process group
[2021-11-29 12:37:48,998] {process_utils.py:66} INFO - Process psutil.Process(pid=163818, status='terminated', exitcode=1, started='12:37:42') (163818) terminated with exit code 1
