[2021-11-29 12:25:12,920] {taskinstance.py:876} INFO - Dependencies all met for <TaskInstance: parallel_dag.task_2 2020-01-16T00:00:00+00:00 [queued]>
[2021-11-29 12:25:12,941] {taskinstance.py:876} INFO - Dependencies all met for <TaskInstance: parallel_dag.task_2 2020-01-16T00:00:00+00:00 [queued]>
[2021-11-29 12:25:12,942] {taskinstance.py:1067} INFO - 
--------------------------------------------------------------------------------
[2021-11-29 12:25:12,942] {taskinstance.py:1068} INFO - Starting attempt 2 of 2
[2021-11-29 12:25:12,943] {taskinstance.py:1069} INFO - 
--------------------------------------------------------------------------------
[2021-11-29 12:25:12,957] {taskinstance.py:1087} INFO - Executing <Task(BashOperator): task_2> on 2020-01-16T00:00:00+00:00
[2021-11-29 12:25:12,960] {standard_task_runner.py:52} INFO - Started process 125200 to run task
[2021-11-29 12:25:12,988] {standard_task_runner.py:76} INFO - Running: ['airflow', 'tasks', 'run', 'parallel_dag', 'task_2', '2020-01-16T00:00:00+00:00', '--job-id', '141', '--pool', 'default_pool', '--raw', '--subdir', 'DAGS_FOLDER/parallel_dag.py', '--cfg-path', '/tmp/tmpl01x86m1', '--error-file', '/tmp/tmp7h2c_o0u']
[2021-11-29 12:25:12,995] {standard_task_runner.py:77} INFO - Job 141: Subtask task_2
[2021-11-29 12:25:13,140] {logging_mixin.py:104} INFO - Running <TaskInstance: parallel_dag.task_2 2020-01-16T00:00:00+00:00 [running]> on host airflowvm
[2021-11-29 12:25:13,279] {taskinstance.py:1280} INFO - Exporting the following env vars:
AIRFLOW_CTX_DAG_OWNER=airflow
AIRFLOW_CTX_DAG_ID=parallel_dag
AIRFLOW_CTX_TASK_ID=task_2
AIRFLOW_CTX_EXECUTION_DATE=2020-01-16T00:00:00+00:00
AIRFLOW_CTX_DAG_RUN_ID=scheduled__2020-01-16T00:00:00+00:00
[2021-11-29 12:25:13,280] {subprocess.py:52} INFO - Tmp dir root location: 
 /tmp
[2021-11-29 12:25:13,280] {subprocess.py:63} INFO - Running command: ['bash', '-c', 'sleep 3']
[2021-11-29 12:25:13,303] {subprocess.py:75} INFO - Output:
[2021-11-29 12:25:16,322] {subprocess.py:83} INFO - Command exited with return code 0
[2021-11-29 12:25:16,378] {taskinstance.py:1184} INFO - Marking task as SUCCESS. dag_id=parallel_dag, task_id=task_2, execution_date=20200116T000000, start_date=20211129T122512, end_date=20211129T122516
[2021-11-29 12:25:16,417] {taskinstance.py:1245} INFO - 0 downstream tasks scheduled from follow-on schedule check
[2021-11-29 12:25:16,462] {local_task_job.py:151} INFO - Task exited with return code 0
