[2021-11-29 12:31:17,082] {taskinstance.py:876} INFO - Dependencies all met for <TaskInstance: parallel_dag.task_3 2020-02-07T00:00:00+00:00 [queued]>
[2021-11-29 12:31:17,351] {taskinstance.py:876} INFO - Dependencies all met for <TaskInstance: parallel_dag.task_3 2020-02-07T00:00:00+00:00 [queued]>
[2021-11-29 12:31:17,352] {taskinstance.py:1067} INFO - 
--------------------------------------------------------------------------------
[2021-11-29 12:31:17,353] {taskinstance.py:1068} INFO - Starting attempt 1 of 1
[2021-11-29 12:31:17,385] {taskinstance.py:1069} INFO - 
--------------------------------------------------------------------------------
[2021-11-29 12:31:17,578] {taskinstance.py:1087} INFO - Executing <Task(BashOperator): task_3> on 2020-02-07T00:00:00+00:00
[2021-11-29 12:31:17,618] {standard_task_runner.py:76} INFO - Running: ['airflow', 'tasks', 'run', 'parallel_dag', 'task_3', '2020-02-07T00:00:00+00:00', '--job-id', '240', '--pool', 'default_pool', '--raw', '--subdir', 'DAGS_FOLDER/parallel_dag.py', '--cfg-path', '/tmp/tmpem7jd5o_', '--error-file', '/tmp/tmpanxrhbzg']
[2021-11-29 12:31:17,697] {standard_task_runner.py:52} INFO - Started process 141004 to run task
[2021-11-29 12:31:17,838] {standard_task_runner.py:77} INFO - Job 240: Subtask task_3
[2021-11-29 12:31:19,151] {logging_mixin.py:104} INFO - Running <TaskInstance: parallel_dag.task_3 2020-02-07T00:00:00+00:00 [running]> on host airflowvm
[2021-11-29 12:31:20,669] {taskinstance.py:1280} INFO - Exporting the following env vars:
AIRFLOW_CTX_DAG_OWNER=airflow
AIRFLOW_CTX_DAG_ID=parallel_dag
AIRFLOW_CTX_TASK_ID=task_3
AIRFLOW_CTX_EXECUTION_DATE=2020-02-07T00:00:00+00:00
AIRFLOW_CTX_DAG_RUN_ID=scheduled__2020-02-07T00:00:00+00:00
[2021-11-29 12:31:20,671] {subprocess.py:52} INFO - Tmp dir root location: 
 /tmp
[2021-11-29 12:31:20,720] {subprocess.py:63} INFO - Running command: ['bash', '-c', 'sleep 3']
[2021-11-29 12:31:20,855] {subprocess.py:75} INFO - Output:
[2021-11-29 12:31:24,113] {subprocess.py:83} INFO - Command exited with return code 0
[2021-11-29 12:31:25,250] {taskinstance.py:1184} INFO - Marking task as SUCCESS. dag_id=parallel_dag, task_id=task_3, execution_date=20200207T000000, start_date=20211129T123117, end_date=20211129T123125
[2021-11-29 12:31:26,225] {taskinstance.py:1245} INFO - 1 downstream tasks scheduled from follow-on schedule check
[2021-11-29 12:31:26,247] {local_task_job.py:151} INFO - Task exited with return code 0
