[2021-11-29 12:33:32,594] {taskinstance.py:876} INFO - Dependencies all met for <TaskInstance: parallel_dag.task_1 2020-01-25T00:00:00+00:00 [queued]>
[2021-11-29 12:33:32,773] {taskinstance.py:876} INFO - Dependencies all met for <TaskInstance: parallel_dag.task_1 2020-01-25T00:00:00+00:00 [queued]>
[2021-11-29 12:33:32,773] {taskinstance.py:1067} INFO - 
--------------------------------------------------------------------------------
[2021-11-29 12:33:32,774] {taskinstance.py:1068} INFO - Starting attempt 2 of 2
[2021-11-29 12:33:32,813] {taskinstance.py:1069} INFO - 
--------------------------------------------------------------------------------
[2021-11-29 12:33:32,950] {taskinstance.py:1087} INFO - Executing <Task(BashOperator): task_1> on 2020-01-25T00:00:00+00:00
[2021-11-29 12:33:32,975] {standard_task_runner.py:76} INFO - Running: ['airflow', 'tasks', 'run', 'parallel_dag', 'task_1', '2020-01-25T00:00:00+00:00', '--job-id', '321', '--pool', 'default_pool', '--raw', '--subdir', 'DAGS_FOLDER/parallel_dag.py', '--cfg-path', '/tmp/tmpnpmvmft2', '--error-file', '/tmp/tmpdo05qfto']
[2021-11-29 12:33:33,029] {standard_task_runner.py:52} INFO - Started process 148577 to run task
[2021-11-29 12:33:33,137] {standard_task_runner.py:77} INFO - Job 321: Subtask task_1
[2021-11-29 12:33:33,847] {logging_mixin.py:104} INFO - Running <TaskInstance: parallel_dag.task_1 2020-01-25T00:00:00+00:00 [running]> on host airflowvm
[2021-11-29 12:33:34,793] {taskinstance.py:1280} INFO - Exporting the following env vars:
AIRFLOW_CTX_DAG_OWNER=airflow
AIRFLOW_CTX_DAG_ID=parallel_dag
AIRFLOW_CTX_TASK_ID=task_1
AIRFLOW_CTX_EXECUTION_DATE=2020-01-25T00:00:00+00:00
AIRFLOW_CTX_DAG_RUN_ID=scheduled__2020-01-25T00:00:00+00:00
[2021-11-29 12:33:34,794] {subprocess.py:52} INFO - Tmp dir root location: 
 /tmp
[2021-11-29 12:33:34,794] {subprocess.py:63} INFO - Running command: ['bash', '-c', 'sleep 3']
[2021-11-29 12:33:34,982] {subprocess.py:75} INFO - Output:
[2021-11-29 12:33:38,063] {subprocess.py:83} INFO - Command exited with return code 0
[2021-11-29 12:33:38,918] {taskinstance.py:1184} INFO - Marking task as SUCCESS. dag_id=parallel_dag, task_id=task_1, execution_date=20200125T000000, start_date=20211129T123332, end_date=20211129T123338
[2021-11-29 12:33:40,361] {taskinstance.py:1245} INFO - 1 downstream tasks scheduled from follow-on schedule check
[2021-11-29 12:33:40,389] {local_task_job.py:151} INFO - Task exited with return code 0
