[2021-11-29 10:19:41,332] {taskinstance.py:876} INFO - Dependencies all met for <TaskInstance: parallel_dag.task_1 2021-11-29T10:19:38.148875+00:00 [queued]>
[2021-11-29 10:19:41,393] {taskinstance.py:876} INFO - Dependencies all met for <TaskInstance: parallel_dag.task_1 2021-11-29T10:19:38.148875+00:00 [queued]>
[2021-11-29 10:19:41,398] {taskinstance.py:1067} INFO - 
--------------------------------------------------------------------------------
[2021-11-29 10:19:41,399] {taskinstance.py:1068} INFO - Starting attempt 1 of 1
[2021-11-29 10:19:41,399] {taskinstance.py:1069} INFO - 
--------------------------------------------------------------------------------
[2021-11-29 10:19:41,462] {taskinstance.py:1087} INFO - Executing <Task(BashOperator): task_1> on 2021-11-29T10:19:38.148875+00:00
[2021-11-29 10:19:41,481] {standard_task_runner.py:52} INFO - Started process 78052 to run task
[2021-11-29 10:19:41,507] {standard_task_runner.py:76} INFO - Running: ['airflow', 'tasks', 'run', 'parallel_dag', 'task_1', '2021-11-29T10:19:38.148875+00:00', '--job-id', '17', '--pool', 'default_pool', '--raw', '--subdir', 'DAGS_FOLDER/parallel_dag.py', '--cfg-path', '/tmp/tmpbg5bu7kc', '--error-file', '/tmp/tmpjqyw765q']
[2021-11-29 10:19:41,548] {standard_task_runner.py:77} INFO - Job 17: Subtask task_1
[2021-11-29 10:19:41,884] {logging_mixin.py:104} INFO - Running <TaskInstance: parallel_dag.task_1 2021-11-29T10:19:38.148875+00:00 [running]> on host airflowvm
[2021-11-29 10:19:42,151] {taskinstance.py:1280} INFO - Exporting the following env vars:
AIRFLOW_CTX_DAG_OWNER=airflow
AIRFLOW_CTX_DAG_ID=parallel_dag
AIRFLOW_CTX_TASK_ID=task_1
AIRFLOW_CTX_EXECUTION_DATE=2021-11-29T10:19:38.148875+00:00
AIRFLOW_CTX_DAG_RUN_ID=manual__2021-11-29T10:19:38.148875+00:00
[2021-11-29 10:19:42,153] {subprocess.py:52} INFO - Tmp dir root location: 
 /tmp
[2021-11-29 10:19:42,156] {subprocess.py:63} INFO - Running command: ['bash', '-c', 'sleep 3']
[2021-11-29 10:19:42,178] {subprocess.py:75} INFO - Output:
[2021-11-29 10:19:45,198] {subprocess.py:83} INFO - Command exited with return code 0
[2021-11-29 10:19:45,244] {taskinstance.py:1184} INFO - Marking task as SUCCESS. dag_id=parallel_dag, task_id=task_1, execution_date=20211129T101938, start_date=20211129T101941, end_date=20211129T101945
[2021-11-29 10:19:45,295] {taskinstance.py:1245} INFO - 2 downstream tasks scheduled from follow-on schedule check
[2021-11-29 10:19:45,335] {local_task_job.py:151} INFO - Task exited with return code 0
