[2021-11-29 12:38:30,370] {taskinstance.py:876} INFO - Dependencies all met for <TaskInstance: parallel_dag.task_3 2020-04-01T00:00:00+00:00 [queued]>
[2021-11-29 12:38:30,792] {taskinstance.py:876} INFO - Dependencies all met for <TaskInstance: parallel_dag.task_3 2020-04-01T00:00:00+00:00 [queued]>
[2021-11-29 12:38:30,819] {taskinstance.py:1067} INFO - 
--------------------------------------------------------------------------------
[2021-11-29 12:38:30,820] {taskinstance.py:1068} INFO - Starting attempt 1 of 1
[2021-11-29 12:38:30,820] {taskinstance.py:1069} INFO - 
--------------------------------------------------------------------------------
[2021-11-29 12:38:31,036] {taskinstance.py:1087} INFO - Executing <Task(BashOperator): task_3> on 2020-04-01T00:00:00+00:00
[2021-11-29 12:38:31,174] {standard_task_runner.py:52} INFO - Started process 166628 to run task
[2021-11-29 12:38:31,105] {standard_task_runner.py:76} INFO - Running: ['airflow', 'tasks', 'run', 'parallel_dag', 'task_3', '2020-04-01T00:00:00+00:00', '--job-id', '538', '--pool', 'default_pool', '--raw', '--subdir', 'DAGS_FOLDER/parallel_dag.py', '--cfg-path', '/tmp/tmppzvdi9vu', '--error-file', '/tmp/tmp_dezq0dy']
[2021-11-29 12:38:31,374] {standard_task_runner.py:77} INFO - Job 538: Subtask task_3
[2021-11-29 12:38:33,027] {logging_mixin.py:104} INFO - Running <TaskInstance: parallel_dag.task_3 2020-04-01T00:00:00+00:00 [running]> on host airflowvm
[2021-11-29 12:38:34,250] {taskinstance.py:1280} INFO - Exporting the following env vars:
AIRFLOW_CTX_DAG_OWNER=airflow
AIRFLOW_CTX_DAG_ID=parallel_dag
AIRFLOW_CTX_TASK_ID=task_3
AIRFLOW_CTX_EXECUTION_DATE=2020-04-01T00:00:00+00:00
AIRFLOW_CTX_DAG_RUN_ID=scheduled__2020-04-01T00:00:00+00:00
[2021-11-29 12:38:34,277] {subprocess.py:52} INFO - Tmp dir root location: 
 /tmp
[2021-11-29 12:38:34,298] {subprocess.py:63} INFO - Running command: ['bash', '-c', 'sleep 3']
[2021-11-29 12:38:34,456] {subprocess.py:75} INFO - Output:
[2021-11-29 12:38:37,668] {subprocess.py:83} INFO - Command exited with return code 0
[2021-11-29 12:38:38,474] {taskinstance.py:1184} INFO - Marking task as SUCCESS. dag_id=parallel_dag, task_id=task_3, execution_date=20200401T000000, start_date=20211129T123830, end_date=20211129T123838
[2021-11-29 12:38:39,382] {taskinstance.py:1245} INFO - 1 downstream tasks scheduled from follow-on schedule check
[2021-11-29 12:38:39,388] {local_task_job.py:151} INFO - Task exited with return code 0
