[2021-11-29 12:22:35,774] {taskinstance.py:876} INFO - Dependencies all met for <TaskInstance: parallel_dag.task_1 2020-01-15T00:00:00+00:00 [queued]>
[2021-11-29 12:22:35,817] {taskinstance.py:876} INFO - Dependencies all met for <TaskInstance: parallel_dag.task_1 2020-01-15T00:00:00+00:00 [queued]>
[2021-11-29 12:22:35,827] {taskinstance.py:1067} INFO - 
--------------------------------------------------------------------------------
[2021-11-29 12:22:35,828] {taskinstance.py:1068} INFO - Starting attempt 2 of 2
[2021-11-29 12:22:35,829] {taskinstance.py:1069} INFO - 
--------------------------------------------------------------------------------
[2021-11-29 12:22:35,847] {taskinstance.py:1087} INFO - Executing <Task(BashOperator): task_1> on 2020-01-15T00:00:00+00:00
[2021-11-29 12:22:35,864] {standard_task_runner.py:52} INFO - Started process 118366 to run task
[2021-11-29 12:22:35,899] {standard_task_runner.py:76} INFO - Running: ['airflow', 'tasks', 'run', 'parallel_dag', 'task_1', '2020-01-15T00:00:00+00:00', '--job-id', '109', '--pool', 'default_pool', '--raw', '--subdir', 'DAGS_FOLDER/parallel_dag.py', '--cfg-path', '/tmp/tmp4efxfob3', '--error-file', '/tmp/tmpqtscrs3d']
[2021-11-29 12:22:35,911] {standard_task_runner.py:77} INFO - Job 109: Subtask task_1
[2021-11-29 12:22:36,109] {logging_mixin.py:104} INFO - Running <TaskInstance: parallel_dag.task_1 2020-01-15T00:00:00+00:00 [running]> on host airflowvm
[2021-11-29 12:22:36,324] {taskinstance.py:1280} INFO - Exporting the following env vars:
AIRFLOW_CTX_DAG_OWNER=airflow
AIRFLOW_CTX_DAG_ID=parallel_dag
AIRFLOW_CTX_TASK_ID=task_1
AIRFLOW_CTX_EXECUTION_DATE=2020-01-15T00:00:00+00:00
AIRFLOW_CTX_DAG_RUN_ID=scheduled__2020-01-15T00:00:00+00:00
[2021-11-29 12:22:36,342] {subprocess.py:52} INFO - Tmp dir root location: 
 /tmp
[2021-11-29 12:22:36,349] {subprocess.py:63} INFO - Running command: ['bash', '-c', 'sleep 3']
[2021-11-29 12:22:36,368] {subprocess.py:75} INFO - Output:
[2021-11-29 12:22:39,427] {subprocess.py:83} INFO - Command exited with return code 0
[2021-11-29 12:22:39,466] {taskinstance.py:1184} INFO - Marking task as SUCCESS. dag_id=parallel_dag, task_id=task_1, execution_date=20200115T000000, start_date=20211129T122235, end_date=20211129T122239
[2021-11-29 12:22:39,507] {taskinstance.py:1245} INFO - 2 downstream tasks scheduled from follow-on schedule check
[2021-11-29 12:22:39,546] {local_task_job.py:151} INFO - Task exited with return code 0
