[2021-11-29 12:32:43,815] {taskinstance.py:876} INFO - Dependencies all met for <TaskInstance: parallel_dag.task_1 2020-01-15T00:00:00+00:00 [queued]>
[2021-11-29 12:32:44,178] {taskinstance.py:876} INFO - Dependencies all met for <TaskInstance: parallel_dag.task_1 2020-01-15T00:00:00+00:00 [queued]>
[2021-11-29 12:32:44,186] {taskinstance.py:1067} INFO - 
--------------------------------------------------------------------------------
[2021-11-29 12:32:44,189] {taskinstance.py:1068} INFO - Starting attempt 3 of 3
[2021-11-29 12:32:44,189] {taskinstance.py:1069} INFO - 
--------------------------------------------------------------------------------
[2021-11-29 12:32:44,353] {taskinstance.py:1087} INFO - Executing <Task(BashOperator): task_1> on 2020-01-15T00:00:00+00:00
[2021-11-29 12:32:44,446] {standard_task_runner.py:52} INFO - Started process 145393 to run task
[2021-11-29 12:32:44,362] {standard_task_runner.py:76} INFO - Running: ['airflow', 'tasks', 'run', 'parallel_dag', 'task_1', '2020-01-15T00:00:00+00:00', '--job-id', '285', '--pool', 'default_pool', '--raw', '--subdir', 'DAGS_FOLDER/parallel_dag.py', '--cfg-path', '/tmp/tmptm9kek1d', '--error-file', '/tmp/tmp0mkkm3x_']
[2021-11-29 12:32:44,661] {standard_task_runner.py:77} INFO - Job 285: Subtask task_1
[2021-11-29 12:32:45,947] {logging_mixin.py:104} INFO - Running <TaskInstance: parallel_dag.task_1 2020-01-15T00:00:00+00:00 [running]> on host airflowvm
[2021-11-29 12:32:47,464] {taskinstance.py:1280} INFO - Exporting the following env vars:
AIRFLOW_CTX_DAG_OWNER=airflow
AIRFLOW_CTX_DAG_ID=parallel_dag
AIRFLOW_CTX_TASK_ID=task_1
AIRFLOW_CTX_EXECUTION_DATE=2020-01-15T00:00:00+00:00
AIRFLOW_CTX_DAG_RUN_ID=scheduled__2020-01-15T00:00:00+00:00
[2021-11-29 12:32:47,465] {subprocess.py:52} INFO - Tmp dir root location: 
 /tmp
[2021-11-29 12:32:47,468] {subprocess.py:63} INFO - Running command: ['bash', '-c', 'sleep 3']
[2021-11-29 12:32:47,608] {subprocess.py:75} INFO - Output:
[2021-11-29 12:32:50,722] {subprocess.py:83} INFO - Command exited with return code 0
[2021-11-29 12:32:51,556] {taskinstance.py:1184} INFO - Marking task as SUCCESS. dag_id=parallel_dag, task_id=task_1, execution_date=20200115T000000, start_date=20211129T123243, end_date=20211129T123251
[2021-11-29 12:32:54,157] {taskinstance.py:1245} INFO - 2 downstream tasks scheduled from follow-on schedule check
[2021-11-29 12:32:54,182] {local_task_job.py:151} INFO - Task exited with return code 0
