[2021-11-29 12:31:01,815] {taskinstance.py:876} INFO - Dependencies all met for <TaskInstance: parallel_dag.task_2 2020-02-02T00:00:00+00:00 [queued]>
[2021-11-29 12:31:02,311] {taskinstance.py:876} INFO - Dependencies all met for <TaskInstance: parallel_dag.task_2 2020-02-02T00:00:00+00:00 [queued]>
[2021-11-29 12:31:02,311] {taskinstance.py:1067} INFO - 
--------------------------------------------------------------------------------
[2021-11-29 12:31:02,311] {taskinstance.py:1068} INFO - Starting attempt 1 of 1
[2021-11-29 12:31:02,311] {taskinstance.py:1069} INFO - 
--------------------------------------------------------------------------------
[2021-11-29 12:31:02,635] {taskinstance.py:1087} INFO - Executing <Task(BashOperator): task_2> on 2020-02-02T00:00:00+00:00
[2021-11-29 12:31:02,757] {standard_task_runner.py:52} INFO - Started process 140029 to run task
[2021-11-29 12:31:02,642] {standard_task_runner.py:76} INFO - Running: ['airflow', 'tasks', 'run', 'parallel_dag', 'task_2', '2020-02-02T00:00:00+00:00', '--job-id', '230', '--pool', 'default_pool', '--raw', '--subdir', 'DAGS_FOLDER/parallel_dag.py', '--cfg-path', '/tmp/tmpvmq2wo6e', '--error-file', '/tmp/tmp4i774_bk']
[2021-11-29 12:31:03,074] {standard_task_runner.py:77} INFO - Job 230: Subtask task_2
[2021-11-29 12:31:04,470] {logging_mixin.py:104} INFO - Running <TaskInstance: parallel_dag.task_2 2020-02-02T00:00:00+00:00 [running]> on host airflowvm
[2021-11-29 12:31:06,670] {taskinstance.py:1280} INFO - Exporting the following env vars:
AIRFLOW_CTX_DAG_OWNER=airflow
AIRFLOW_CTX_DAG_ID=parallel_dag
AIRFLOW_CTX_TASK_ID=task_2
AIRFLOW_CTX_EXECUTION_DATE=2020-02-02T00:00:00+00:00
AIRFLOW_CTX_DAG_RUN_ID=scheduled__2020-02-02T00:00:00+00:00
[2021-11-29 12:31:06,677] {subprocess.py:52} INFO - Tmp dir root location: 
 /tmp
[2021-11-29 12:31:06,701] {subprocess.py:63} INFO - Running command: ['bash', '-c', 'sleep 3']
[2021-11-29 12:31:06,824] {subprocess.py:75} INFO - Output:
[2021-11-29 12:31:09,905] {subprocess.py:83} INFO - Command exited with return code 0
[2021-11-29 12:31:10,428] {taskinstance.py:1184} INFO - Marking task as SUCCESS. dag_id=parallel_dag, task_id=task_2, execution_date=20200202T000000, start_date=20211129T123101, end_date=20211129T123110
[2021-11-29 12:31:13,286] {taskinstance.py:1245} INFO - 0 downstream tasks scheduled from follow-on schedule check
[2021-11-29 12:31:13,466] {local_task_job.py:151} INFO - Task exited with return code 0
