[2021-11-21 15:37:27,881] {taskinstance.py:876} INFO - Dependencies all met for <TaskInstance: example_bash_operator.runme_0 2021-11-20T00:00:00+00:00 [queued]>
[2021-11-21 15:37:27,971] {taskinstance.py:876} INFO - Dependencies all met for <TaskInstance: example_bash_operator.runme_0 2021-11-20T00:00:00+00:00 [queued]>
[2021-11-21 15:37:28,001] {taskinstance.py:1067} INFO - 
--------------------------------------------------------------------------------
[2021-11-21 15:37:28,013] {taskinstance.py:1068} INFO - Starting attempt 1 of 1
[2021-11-21 15:37:28,014] {taskinstance.py:1069} INFO - 
--------------------------------------------------------------------------------
[2021-11-21 15:37:28,182] {taskinstance.py:1087} INFO - Executing <Task(BashOperator): runme_0> on 2021-11-20T00:00:00+00:00
[2021-11-21 15:37:28,289] {standard_task_runner.py:52} INFO - Started process 2264 to run task
[2021-11-21 15:37:28,928] {standard_task_runner.py:76} INFO - Running: ['airflow', 'tasks', 'run', 'example_bash_operator', 'runme_0', '2021-11-20T00:00:00+00:00', '--job-id', '16', '--pool', 'default_pool', '--raw', '--subdir', '/home/airflow/sandbox/lib/python3.8/site-packages/airflow/example_dags/example_bash_operator.py', '--cfg-path', '/tmp/tmpzjv99u59', '--error-file', '/tmp/tmp4mdec85y']
[2021-11-21 15:37:28,934] {standard_task_runner.py:77} INFO - Job 16: Subtask runme_0
[2021-11-21 15:37:31,915] {logging_mixin.py:104} INFO - Running <TaskInstance: example_bash_operator.runme_0 2021-11-20T00:00:00+00:00 [running]> on host airflowvm
[2021-11-21 15:37:34,494] {taskinstance.py:1280} INFO - Exporting the following env vars:
AIRFLOW_CTX_DAG_OWNER=airflow
AIRFLOW_CTX_DAG_ID=example_bash_operator
AIRFLOW_CTX_TASK_ID=runme_0
AIRFLOW_CTX_EXECUTION_DATE=2021-11-20T00:00:00+00:00
AIRFLOW_CTX_DAG_RUN_ID=scheduled__2021-11-20T00:00:00+00:00
[2021-11-21 15:37:34,513] {subprocess.py:52} INFO - Tmp dir root location: 
 /tmp
[2021-11-21 15:37:34,517] {subprocess.py:63} INFO - Running command: ['bash', '-c', 'echo "example_bash_operator__runme_0__20211120" && sleep 1']
[2021-11-21 15:37:34,612] {subprocess.py:75} INFO - Output:
[2021-11-21 15:37:34,637] {subprocess.py:79} INFO - example_bash_operator__runme_0__20211120
[2021-11-21 15:37:35,645] {subprocess.py:83} INFO - Command exited with return code 0
[2021-11-21 15:37:35,977] {taskinstance.py:1184} INFO - Marking task as SUCCESS. dag_id=example_bash_operator, task_id=runme_0, execution_date=20211120T000000, start_date=20211121T153727, end_date=20211121T153735
[2021-11-21 15:37:36,627] {taskinstance.py:1245} INFO - 0 downstream tasks scheduled from follow-on schedule check
[2021-11-21 15:37:36,683] {local_task_job.py:151} INFO - Task exited with return code 0
