[2021-11-29 12:21:57,558] {taskinstance.py:876} INFO - Dependencies all met for <TaskInstance: parallel_dag.task_1 2020-01-08T00:00:00+00:00 [queued]>
[2021-11-29 12:21:57,597] {taskinstance.py:876} INFO - Dependencies all met for <TaskInstance: parallel_dag.task_1 2020-01-08T00:00:00+00:00 [queued]>
[2021-11-29 12:21:57,598] {taskinstance.py:1067} INFO - 
--------------------------------------------------------------------------------
[2021-11-29 12:21:57,598] {taskinstance.py:1068} INFO - Starting attempt 2 of 2
[2021-11-29 12:21:57,599] {taskinstance.py:1069} INFO - 
--------------------------------------------------------------------------------
[2021-11-29 12:21:57,625] {taskinstance.py:1087} INFO - Executing <Task(BashOperator): task_1> on 2020-01-08T00:00:00+00:00
[2021-11-29 12:21:57,628] {standard_task_runner.py:52} INFO - Started process 116690 to run task
[2021-11-29 12:21:57,646] {standard_task_runner.py:76} INFO - Running: ['airflow', 'tasks', 'run', 'parallel_dag', 'task_1', '2020-01-08T00:00:00+00:00', '--job-id', '102', '--pool', 'default_pool', '--raw', '--subdir', 'DAGS_FOLDER/parallel_dag.py', '--cfg-path', '/tmp/tmpvaurplh4', '--error-file', '/tmp/tmpp34ifm20']
[2021-11-29 12:21:57,649] {standard_task_runner.py:77} INFO - Job 102: Subtask task_1
[2021-11-29 12:21:57,789] {logging_mixin.py:104} INFO - Running <TaskInstance: parallel_dag.task_1 2020-01-08T00:00:00+00:00 [running]> on host airflowvm
[2021-11-29 12:21:57,968] {taskinstance.py:1280} INFO - Exporting the following env vars:
AIRFLOW_CTX_DAG_OWNER=airflow
AIRFLOW_CTX_DAG_ID=parallel_dag
AIRFLOW_CTX_TASK_ID=task_1
AIRFLOW_CTX_EXECUTION_DATE=2020-01-08T00:00:00+00:00
AIRFLOW_CTX_DAG_RUN_ID=scheduled__2020-01-08T00:00:00+00:00
[2021-11-29 12:21:57,969] {subprocess.py:52} INFO - Tmp dir root location: 
 /tmp
[2021-11-29 12:21:57,970] {subprocess.py:63} INFO - Running command: ['bash', '-c', 'sleep 3']
[2021-11-29 12:21:57,995] {subprocess.py:75} INFO - Output:
[2021-11-29 12:22:01,011] {subprocess.py:83} INFO - Command exited with return code 0
[2021-11-29 12:22:01,055] {taskinstance.py:1184} INFO - Marking task as SUCCESS. dag_id=parallel_dag, task_id=task_1, execution_date=20200108T000000, start_date=20211129T122157, end_date=20211129T122201
[2021-11-29 12:22:01,102] {taskinstance.py:1245} INFO - 2 downstream tasks scheduled from follow-on schedule check
[2021-11-29 12:22:01,118] {local_task_job.py:151} INFO - Task exited with return code 0
