[2021-11-29 12:50:24,645] {taskinstance.py:876} INFO - Dependencies all met for <TaskInstance: parallel_dag.task_1 2020-01-08T00:00:00+00:00 [queued]>
[2021-11-29 12:50:24,713] {taskinstance.py:876} INFO - Dependencies all met for <TaskInstance: parallel_dag.task_1 2020-01-08T00:00:00+00:00 [queued]>
[2021-11-29 12:50:24,714] {taskinstance.py:1067} INFO - 
--------------------------------------------------------------------------------
[2021-11-29 12:50:24,715] {taskinstance.py:1068} INFO - Starting attempt 4 of 4
[2021-11-29 12:50:24,716] {taskinstance.py:1069} INFO - 
--------------------------------------------------------------------------------
[2021-11-29 12:50:24,745] {taskinstance.py:1087} INFO - Executing <Task(BashOperator): task_1> on 2020-01-08T00:00:00+00:00
[2021-11-29 12:50:24,748] {standard_task_runner.py:52} INFO - Started process 180694 to run task
[2021-11-29 12:50:24,768] {standard_task_runner.py:76} INFO - Running: ['airflow', 'tasks', 'run', 'parallel_dag', 'task_1', '2020-01-08T00:00:00+00:00', '--job-id', '621', '--pool', 'default_pool', '--raw', '--subdir', 'DAGS_FOLDER/parallel_dag.py', '--cfg-path', '/tmp/tmpxj94vh0a', '--error-file', '/tmp/tmpxg14dj98']
[2021-11-29 12:50:24,779] {standard_task_runner.py:77} INFO - Job 621: Subtask task_1
[2021-11-29 12:50:24,943] {logging_mixin.py:104} INFO - Running <TaskInstance: parallel_dag.task_1 2020-01-08T00:00:00+00:00 [running]> on host airflowvm
[2021-11-29 12:50:25,128] {taskinstance.py:1280} INFO - Exporting the following env vars:
AIRFLOW_CTX_DAG_OWNER=airflow
AIRFLOW_CTX_DAG_ID=parallel_dag
AIRFLOW_CTX_TASK_ID=task_1
AIRFLOW_CTX_EXECUTION_DATE=2020-01-08T00:00:00+00:00
AIRFLOW_CTX_DAG_RUN_ID=scheduled__2020-01-08T00:00:00+00:00
[2021-11-29 12:50:25,129] {subprocess.py:52} INFO - Tmp dir root location: 
 /tmp
[2021-11-29 12:50:25,130] {subprocess.py:63} INFO - Running command: ['bash', '-c', 'sleep 3']
[2021-11-29 12:50:25,158] {subprocess.py:75} INFO - Output:
[2021-11-29 12:50:28,165] {subprocess.py:83} INFO - Command exited with return code 0
[2021-11-29 12:50:28,234] {taskinstance.py:1184} INFO - Marking task as SUCCESS. dag_id=parallel_dag, task_id=task_1, execution_date=20200108T000000, start_date=20211129T125024, end_date=20211129T125028
[2021-11-29 12:50:28,305] {taskinstance.py:1245} INFO - 0 downstream tasks scheduled from follow-on schedule check
[2021-11-29 12:50:28,332] {local_task_job.py:151} INFO - Task exited with return code 0
