[2021-11-29 12:36:00,714] {taskinstance.py:876} INFO - Dependencies all met for <TaskInstance: parallel_dag.task_1 2020-03-04T00:00:00+00:00 [queued]>
[2021-11-29 12:36:00,894] {taskinstance.py:876} INFO - Dependencies all met for <TaskInstance: parallel_dag.task_1 2020-03-04T00:00:00+00:00 [queued]>
[2021-11-29 12:36:00,913] {taskinstance.py:1067} INFO - 
--------------------------------------------------------------------------------
[2021-11-29 12:36:00,914] {taskinstance.py:1068} INFO - Starting attempt 1 of 1
[2021-11-29 12:36:00,915] {taskinstance.py:1069} INFO - 
--------------------------------------------------------------------------------
[2021-11-29 12:36:01,045] {taskinstance.py:1087} INFO - Executing <Task(BashOperator): task_1> on 2020-03-04T00:00:00+00:00
[2021-11-29 12:36:01,116] {standard_task_runner.py:52} INFO - Started process 157609 to run task
[2021-11-29 12:36:01,145] {standard_task_runner.py:76} INFO - Running: ['airflow', 'tasks', 'run', 'parallel_dag', 'task_1', '2020-03-04T00:00:00+00:00', '--job-id', '426', '--pool', 'default_pool', '--raw', '--subdir', 'DAGS_FOLDER/parallel_dag.py', '--cfg-path', '/tmp/tmpd__2748z', '--error-file', '/tmp/tmp9t3p3xq6']
[2021-11-29 12:36:01,214] {standard_task_runner.py:77} INFO - Job 426: Subtask task_1
[2021-11-29 12:36:01,919] {logging_mixin.py:104} INFO - Running <TaskInstance: parallel_dag.task_1 2020-03-04T00:00:00+00:00 [running]> on host airflowvm
[2021-11-29 12:36:02,657] {taskinstance.py:1280} INFO - Exporting the following env vars:
AIRFLOW_CTX_DAG_OWNER=airflow
AIRFLOW_CTX_DAG_ID=parallel_dag
AIRFLOW_CTX_TASK_ID=task_1
AIRFLOW_CTX_EXECUTION_DATE=2020-03-04T00:00:00+00:00
AIRFLOW_CTX_DAG_RUN_ID=scheduled__2020-03-04T00:00:00+00:00
[2021-11-29 12:36:02,658] {subprocess.py:52} INFO - Tmp dir root location: 
 /tmp
[2021-11-29 12:36:02,658] {subprocess.py:63} INFO - Running command: ['bash', '-c', 'sleep 3']
[2021-11-29 12:36:02,735] {subprocess.py:75} INFO - Output:
[2021-11-29 12:36:05,877] {subprocess.py:83} INFO - Command exited with return code 0
[2021-11-29 12:36:06,189] {taskinstance.py:1184} INFO - Marking task as SUCCESS. dag_id=parallel_dag, task_id=task_1, execution_date=20200304T000000, start_date=20211129T123600, end_date=20211129T123606
[2021-11-29 12:36:06,480] {local_task_job.py:196} WARNING - State of this instance has been externally set to success. Terminating instance.
[2021-11-29 12:36:06,580] {process_utils.py:100} INFO - Sending Signals.SIGTERM to GPID 157609
[2021-11-29 12:36:06,593] {taskinstance.py:1245} INFO - 2 downstream tasks scheduled from follow-on schedule check
[2021-11-29 12:36:06,614] {process_utils.py:66} INFO - Process psutil.Process(pid=157609, status='terminated', exitcode=0, started='12:36:00') (157609) terminated with exit code 0
