[2021-11-30 14:07:36,199] {taskinstance.py:876} INFO - Dependencies all met for <TaskInstance: parallel_dag.task_1 2021-11-30T14:07:31.341531+00:00 [queued]>
[2021-11-30 14:07:36,358] {taskinstance.py:876} INFO - Dependencies all met for <TaskInstance: parallel_dag.task_1 2021-11-30T14:07:31.341531+00:00 [queued]>
[2021-11-30 14:07:36,369] {taskinstance.py:1067} INFO - 
--------------------------------------------------------------------------------
[2021-11-30 14:07:36,370] {taskinstance.py:1068} INFO - Starting attempt 1 of 1
[2021-11-30 14:07:36,378] {taskinstance.py:1069} INFO - 
--------------------------------------------------------------------------------
[2021-11-30 14:07:36,458] {taskinstance.py:1087} INFO - Executing <Task(BashOperator): task_1> on 2021-11-30T14:07:31.341531+00:00
[2021-11-30 14:07:36,478] {standard_task_runner.py:52} INFO - Started process 235022 to run task
[2021-11-30 14:07:36,530] {standard_task_runner.py:76} INFO - Running: ['airflow', 'tasks', 'run', 'parallel_dag', 'task_1', '2021-11-30T14:07:31.341531+00:00', '--job-id', '687', '--pool', 'default_pool', '--raw', '--subdir', 'DAGS_FOLDER/parallel_dag.py', '--cfg-path', '/tmp/tmplmntra5q', '--error-file', '/tmp/tmppju0ph1c']
[2021-11-30 14:07:36,541] {standard_task_runner.py:77} INFO - Job 687: Subtask task_1
[2021-11-30 14:07:37,003] {logging_mixin.py:104} INFO - Running <TaskInstance: parallel_dag.task_1 2021-11-30T14:07:31.341531+00:00 [running]> on host airflowvm
[2021-11-30 14:07:37,794] {taskinstance.py:1280} INFO - Exporting the following env vars:
AIRFLOW_CTX_DAG_OWNER=airflow
AIRFLOW_CTX_DAG_ID=parallel_dag
AIRFLOW_CTX_TASK_ID=task_1
AIRFLOW_CTX_EXECUTION_DATE=2021-11-30T14:07:31.341531+00:00
AIRFLOW_CTX_DAG_RUN_ID=manual__2021-11-30T14:07:31.341531+00:00
[2021-11-30 14:07:37,796] {subprocess.py:52} INFO - Tmp dir root location: 
 /tmp
[2021-11-30 14:07:37,797] {subprocess.py:63} INFO - Running command: ['bash', '-c', 'sleep 3']
[2021-11-30 14:07:37,914] {subprocess.py:75} INFO - Output:
[2021-11-30 14:07:40,953] {subprocess.py:83} INFO - Command exited with return code 0
[2021-11-30 14:07:42,072] {taskinstance.py:1184} INFO - Marking task as SUCCESS. dag_id=parallel_dag, task_id=task_1, execution_date=20211130T140731, start_date=20211130T140736, end_date=20211130T140742
[2021-11-30 14:07:42,657] {taskinstance.py:1245} INFO - 2 downstream tasks scheduled from follow-on schedule check
[2021-11-30 14:07:42,697] {local_task_job.py:151} INFO - Task exited with return code 0
