[2021-11-29 12:18:01,775] {taskinstance.py:876} INFO - Dependencies all met for <TaskInstance: parallel_dag.task_2 2020-01-06T00:00:00+00:00 [queued]>
[2021-11-29 12:18:02,095] {taskinstance.py:876} INFO - Dependencies all met for <TaskInstance: parallel_dag.task_2 2020-01-06T00:00:00+00:00 [queued]>
[2021-11-29 12:18:02,101] {taskinstance.py:1067} INFO - 
--------------------------------------------------------------------------------
[2021-11-29 12:18:02,106] {taskinstance.py:1068} INFO - Starting attempt 1 of 1
[2021-11-29 12:18:02,111] {taskinstance.py:1069} INFO - 
--------------------------------------------------------------------------------
[2021-11-29 12:18:02,256] {taskinstance.py:1087} INFO - Executing <Task(BashOperator): task_2> on 2020-01-06T00:00:00+00:00
[2021-11-29 12:18:02,330] {standard_task_runner.py:52} INFO - Started process 107319 to run task
[2021-11-29 12:18:02,366] {standard_task_runner.py:76} INFO - Running: ['airflow', 'tasks', 'run', 'parallel_dag', 'task_2', '2020-01-06T00:00:00+00:00', '--job-id', '42', '--pool', 'default_pool', '--raw', '--subdir', 'DAGS_FOLDER/parallel_dag.py', '--cfg-path', '/tmp/tmp6mibgfhb', '--error-file', '/tmp/tmpxy43lq3q']
[2021-11-29 12:18:02,521] {standard_task_runner.py:77} INFO - Job 42: Subtask task_2
[2021-11-29 12:18:03,608] {logging_mixin.py:104} INFO - Running <TaskInstance: parallel_dag.task_2 2020-01-06T00:00:00+00:00 [running]> on host airflowvm
[2021-11-29 12:18:04,951] {taskinstance.py:1280} INFO - Exporting the following env vars:
AIRFLOW_CTX_DAG_OWNER=airflow
AIRFLOW_CTX_DAG_ID=parallel_dag
AIRFLOW_CTX_TASK_ID=task_2
AIRFLOW_CTX_EXECUTION_DATE=2020-01-06T00:00:00+00:00
AIRFLOW_CTX_DAG_RUN_ID=scheduled__2020-01-06T00:00:00+00:00
[2021-11-29 12:18:04,951] {subprocess.py:52} INFO - Tmp dir root location: 
 /tmp
[2021-11-29 12:18:04,952] {subprocess.py:63} INFO - Running command: ['bash', '-c', 'sleep 3']
[2021-11-29 12:18:05,198] {subprocess.py:75} INFO - Output:
[2021-11-29 12:18:08,528] {subprocess.py:83} INFO - Command exited with return code 0
[2021-11-29 12:18:09,189] {taskinstance.py:1184} INFO - Marking task as SUCCESS. dag_id=parallel_dag, task_id=task_2, execution_date=20200106T000000, start_date=20211129T121801, end_date=20211129T121809
[2021-11-29 12:18:12,130] {taskinstance.py:1245} INFO - 0 downstream tasks scheduled from follow-on schedule check
[2021-11-29 12:18:12,261] {local_task_job.py:151} INFO - Task exited with return code 0
