[2021-11-29 12:17:56,494] {taskinstance.py:876} INFO - Dependencies all met for <TaskInstance: parallel_dag.task_1 2020-01-10T00:00:00+00:00 [queued]>
[2021-11-29 12:17:57,006] {taskinstance.py:876} INFO - Dependencies all met for <TaskInstance: parallel_dag.task_1 2020-01-10T00:00:00+00:00 [queued]>
[2021-11-29 12:17:57,007] {taskinstance.py:1067} INFO - 
--------------------------------------------------------------------------------
[2021-11-29 12:17:57,007] {taskinstance.py:1068} INFO - Starting attempt 1 of 1
[2021-11-29 12:17:57,007] {taskinstance.py:1069} INFO - 
--------------------------------------------------------------------------------
[2021-11-29 12:17:57,298] {taskinstance.py:1087} INFO - Executing <Task(BashOperator): task_1> on 2020-01-10T00:00:00+00:00
[2021-11-29 12:17:57,305] {standard_task_runner.py:76} INFO - Running: ['airflow', 'tasks', 'run', 'parallel_dag', 'task_1', '2020-01-10T00:00:00+00:00', '--job-id', '33', '--pool', 'default_pool', '--raw', '--subdir', 'DAGS_FOLDER/parallel_dag.py', '--cfg-path', '/tmp/tmp5nlx3m97', '--error-file', '/tmp/tmp82_n2_58']
[2021-11-29 12:17:57,306] {standard_task_runner.py:77} INFO - Job 33: Subtask task_1
[2021-11-29 12:17:57,445] {standard_task_runner.py:52} INFO - Started process 107019 to run task
[2021-11-29 12:17:59,161] {logging_mixin.py:104} INFO - Running <TaskInstance: parallel_dag.task_1 2020-01-10T00:00:00+00:00 [running]> on host airflowvm
[2021-11-29 12:18:00,773] {taskinstance.py:1280} INFO - Exporting the following env vars:
AIRFLOW_CTX_DAG_OWNER=airflow
AIRFLOW_CTX_DAG_ID=parallel_dag
AIRFLOW_CTX_TASK_ID=task_1
AIRFLOW_CTX_EXECUTION_DATE=2020-01-10T00:00:00+00:00
AIRFLOW_CTX_DAG_RUN_ID=scheduled__2020-01-10T00:00:00+00:00
[2021-11-29 12:18:00,774] {subprocess.py:52} INFO - Tmp dir root location: 
 /tmp
[2021-11-29 12:18:00,774] {subprocess.py:63} INFO - Running command: ['bash', '-c', 'sleep 3']
[2021-11-29 12:18:00,893] {subprocess.py:75} INFO - Output:
[2021-11-29 12:18:03,978] {subprocess.py:83} INFO - Command exited with return code 0
[2021-11-29 12:18:04,563] {taskinstance.py:1184} INFO - Marking task as SUCCESS. dag_id=parallel_dag, task_id=task_1, execution_date=20200110T000000, start_date=20211129T121756, end_date=20211129T121804
[2021-11-29 12:18:06,915] {taskinstance.py:1245} INFO - 0 downstream tasks scheduled from follow-on schedule check
[2021-11-29 12:18:06,934] {local_task_job.py:151} INFO - Task exited with return code 0
