[2021-11-29 12:18:17,441] {taskinstance.py:876} INFO - Dependencies all met for <TaskInstance: parallel_dag.task_3 2020-01-07T00:00:00+00:00 [queued]>
[2021-11-29 12:18:17,886] {taskinstance.py:876} INFO - Dependencies all met for <TaskInstance: parallel_dag.task_3 2020-01-07T00:00:00+00:00 [queued]>
[2021-11-29 12:18:17,887] {taskinstance.py:1067} INFO - 
--------------------------------------------------------------------------------
[2021-11-29 12:18:17,887] {taskinstance.py:1068} INFO - Starting attempt 1 of 1
[2021-11-29 12:18:17,887] {taskinstance.py:1069} INFO - 
--------------------------------------------------------------------------------
[2021-11-29 12:18:18,361] {taskinstance.py:1087} INFO - Executing <Task(BashOperator): task_3> on 2020-01-07T00:00:00+00:00
[2021-11-29 12:18:18,443] {standard_task_runner.py:52} INFO - Started process 108295 to run task
[2021-11-29 12:18:18,725] {standard_task_runner.py:76} INFO - Running: ['airflow', 'tasks', 'run', 'parallel_dag', 'task_3', '2020-01-07T00:00:00+00:00', '--job-id', '53', '--pool', 'default_pool', '--raw', '--subdir', 'DAGS_FOLDER/parallel_dag.py', '--cfg-path', '/tmp/tmpv405zli9', '--error-file', '/tmp/tmpq5l16q5i']
[2021-11-29 12:18:18,726] {standard_task_runner.py:77} INFO - Job 53: Subtask task_3
[2021-11-29 12:18:20,593] {logging_mixin.py:104} INFO - Running <TaskInstance: parallel_dag.task_3 2020-01-07T00:00:00+00:00 [running]> on host airflowvm
[2021-11-29 12:18:22,941] {taskinstance.py:1280} INFO - Exporting the following env vars:
AIRFLOW_CTX_DAG_OWNER=airflow
AIRFLOW_CTX_DAG_ID=parallel_dag
AIRFLOW_CTX_TASK_ID=task_3
AIRFLOW_CTX_EXECUTION_DATE=2020-01-07T00:00:00+00:00
AIRFLOW_CTX_DAG_RUN_ID=scheduled__2020-01-07T00:00:00+00:00
[2021-11-29 12:18:22,941] {subprocess.py:52} INFO - Tmp dir root location: 
 /tmp
[2021-11-29 12:18:22,942] {subprocess.py:63} INFO - Running command: ['bash', '-c', 'sleep 3']
[2021-11-29 12:18:23,090] {subprocess.py:75} INFO - Output:
[2021-11-29 12:18:26,397] {subprocess.py:83} INFO - Command exited with return code 0
[2021-11-29 12:18:27,156] {taskinstance.py:1184} INFO - Marking task as SUCCESS. dag_id=parallel_dag, task_id=task_3, execution_date=20200107T000000, start_date=20211129T121817, end_date=20211129T121827
[2021-11-29 12:18:28,112] {taskinstance.py:1245} INFO - 1 downstream tasks scheduled from follow-on schedule check
[2021-11-29 12:18:28,181] {local_task_job.py:151} INFO - Task exited with return code 0
