[2021-11-29 12:31:29,557] {taskinstance.py:876} INFO - Dependencies all met for <TaskInstance: parallel_dag.task_3 2020-02-10T00:00:00+00:00 [queued]>
[2021-11-29 12:31:29,813] {taskinstance.py:876} INFO - Dependencies all met for <TaskInstance: parallel_dag.task_3 2020-02-10T00:00:00+00:00 [queued]>
[2021-11-29 12:31:29,814] {taskinstance.py:1067} INFO - 
--------------------------------------------------------------------------------
[2021-11-29 12:31:29,814] {taskinstance.py:1068} INFO - Starting attempt 1 of 1
[2021-11-29 12:31:29,814] {taskinstance.py:1069} INFO - 
--------------------------------------------------------------------------------
[2021-11-29 12:31:29,958] {taskinstance.py:1087} INFO - Executing <Task(BashOperator): task_3> on 2020-02-10T00:00:00+00:00
[2021-11-29 12:31:29,966] {standard_task_runner.py:76} INFO - Running: ['airflow', 'tasks', 'run', 'parallel_dag', 'task_3', '2020-02-10T00:00:00+00:00', '--job-id', '250', '--pool', 'default_pool', '--raw', '--subdir', 'DAGS_FOLDER/parallel_dag.py', '--cfg-path', '/tmp/tmp2w495_4o', '--error-file', '/tmp/tmpar2ecxcw']
[2021-11-29 12:31:30,002] {standard_task_runner.py:52} INFO - Started process 141755 to run task
[2021-11-29 12:31:30,106] {standard_task_runner.py:77} INFO - Job 250: Subtask task_3
[2021-11-29 12:31:30,825] {logging_mixin.py:104} INFO - Running <TaskInstance: parallel_dag.task_3 2020-02-10T00:00:00+00:00 [running]> on host airflowvm
[2021-11-29 12:31:31,453] {taskinstance.py:1280} INFO - Exporting the following env vars:
AIRFLOW_CTX_DAG_OWNER=airflow
AIRFLOW_CTX_DAG_ID=parallel_dag
AIRFLOW_CTX_TASK_ID=task_3
AIRFLOW_CTX_EXECUTION_DATE=2020-02-10T00:00:00+00:00
AIRFLOW_CTX_DAG_RUN_ID=scheduled__2020-02-10T00:00:00+00:00
[2021-11-29 12:31:31,454] {subprocess.py:52} INFO - Tmp dir root location: 
 /tmp
[2021-11-29 12:31:31,454] {subprocess.py:63} INFO - Running command: ['bash', '-c', 'sleep 3']
[2021-11-29 12:31:31,522] {subprocess.py:75} INFO - Output:
[2021-11-29 12:31:34,894] {subprocess.py:83} INFO - Command exited with return code 0
[2021-11-29 12:31:35,132] {taskinstance.py:1184} INFO - Marking task as SUCCESS. dag_id=parallel_dag, task_id=task_3, execution_date=20200210T000000, start_date=20211129T123129, end_date=20211129T123135
[2021-11-29 12:31:35,414] {taskinstance.py:1245} INFO - 0 downstream tasks scheduled from follow-on schedule check
[2021-11-29 12:31:35,439] {local_task_job.py:196} WARNING - State of this instance has been externally set to success. Terminating instance.
[2021-11-29 12:31:35,445] {process_utils.py:100} INFO - Sending Signals.SIGTERM to GPID 141755
[2021-11-29 12:31:35,518] {process_utils.py:66} INFO - Process psutil.Process(pid=141755, status='terminated', exitcode=0, started='12:31:29') (141755) terminated with exit code 0
